[2025-11-07T08:45:38-03:00] Inicio experimento Fig3-ER | carpeta=run-e2r\N1000_251107-084538
[2025-11-07T08:45:38-03:00] Parámetros: N=1000, <k>=[5.2, 2.5], px1=[0.05, 0.1, 0.2], r_kk=[-0.5, 0.0, 0.5], ρ_kx=[np.float64(0.0), np.float64(0.1), np.float64(0.2), np.float64(0.3), np.float64(0.4), np.float64(0.5), np.float64(0.6)], seed=12021974
[2025-11-07T08:45:38-03:00] Generada red ER: N=1000, <k>_obj=5.20, p=0.005205, L=2603, tiempo=0.034s
[2025-11-07T08:45:49-03:00] Rewire r_kk: objetivo=-0.50, alcanzado=-0.220, |Δ|=0.280, iters=1000, tiempo=11.568s
[2025-11-07T08:45:49-03:00]  <k>=5.20, p=0.005205, px1=0.05, r_kk_obj=-0.50, r_kk_fin=-0.220, ρ_kx_obj=0.00, ρ_kx_fin=+0.008 -> frac=0.003 | t(attrs)=0.001s, t(frac)=0.002s
[2025-11-07T08:45:49-03:00]  <k>=5.20, p=0.005205, px1=0.05, r_kk_obj=-0.50, r_kk_fin=-0.220, ρ_kx_obj=0.10, ρ_kx_fin=+0.091 -> frac=0.005 | t(attrs)=0.017s, t(frac)=0.003s
[2025-11-07T08:45:49-03:00]  <k>=5.20, p=0.005205, px1=0.05, r_kk_obj=-0.50, r_kk_fin=-0.220, ρ_kx_obj=0.20, ρ_kx_fin=+0.193 -> frac=0.008 | t(attrs)=0.042s, t(frac)=0.004s
[2025-11-07T08:45:50-03:00]  <k>=5.20, p=0.005205, px1=0.05, r_kk_obj=-0.50, r_kk_fin=-0.220, ρ_kx_obj=0.30, ρ_kx_fin=+0.293 -> frac=0.013 | t(attrs)=0.139s, t(frac)=0.004s
[2025-11-07T08:45:50-03:00]  <k>=5.20, p=0.005205, px1=0.05, r_kk_obj=-0.50, r_kk_fin=-0.220, ρ_kx_obj=0.40, ρ_kx_fin=+0.393 -> frac=0.019 | t(attrs)=0.226s, t(frac)=0.004s
[2025-11-07T08:45:50-03:00]  <k>=5.20, p=0.005205, px1=0.05, r_kk_obj=-0.50, r_kk_fin=-0.220, ρ_kx_obj=0.50, ρ_kx_fin=+0.454 -> frac=0.016 | t(attrs)=0.256s, t(frac)=0.003s
[2025-11-07T08:45:50-03:00]  <k>=5.20, p=0.005205, px1=0.05, r_kk_obj=-0.50, r_kk_fin=-0.220, ρ_kx_obj=0.60, ρ_kx_fin=+0.456 -> frac=0.023 | t(attrs)=0.242s, t(frac)=0.002s
[2025-11-07T08:45:50-03:00] Rewire r_kk: objetivo=+0.00, alcanzado=-0.001, |Δ|=0.001, iters=0, tiempo=0.007s
[2025-11-07T08:45:50-03:00]  <k>=5.20, p=0.005205, px1=0.05, r_kk_obj=+0.00, r_kk_fin=-0.001, ρ_kx_obj=0.00, ρ_kx_fin=+0.008 -> frac=0.002 | t(attrs)=0.000s, t(frac)=0.002s
[2025-11-07T08:45:50-03:00]  <k>=5.20, p=0.005205, px1=0.05, r_kk_obj=+0.00, r_kk_fin=-0.001, ρ_kx_obj=0.10, ρ_kx_fin=+0.091 -> frac=0.005 | t(attrs)=0.013s, t(frac)=0.004s
[2025-11-07T08:45:50-03:00]  <k>=5.20, p=0.005205, px1=0.05, r_kk_obj=+0.00, r_kk_fin=-0.001, ρ_kx_obj=0.20, ρ_kx_fin=+0.193 -> frac=0.005 | t(attrs)=0.035s, t(frac)=0.003s
[2025-11-07T08:45:50-03:00]  <k>=5.20, p=0.005205, px1=0.05, r_kk_obj=+0.00, r_kk_fin=-0.001, ρ_kx_obj=0.30, ρ_kx_fin=+0.293 -> frac=0.010 | t(attrs)=0.103s, t(frac)=0.002s
[2025-11-07T08:45:51-03:00]  <k>=5.20, p=0.005205, px1=0.05, r_kk_obj=+0.00, r_kk_fin=-0.001, ρ_kx_obj=0.40, ρ_kx_fin=+0.393 -> frac=0.009 | t(attrs)=0.150s, t(frac)=0.005s
[2025-11-07T08:45:51-03:00]  <k>=5.20, p=0.005205, px1=0.05, r_kk_obj=+0.00, r_kk_fin=-0.001, ρ_kx_obj=0.50, ρ_kx_fin=+0.454 -> frac=0.007 | t(attrs)=0.330s, t(frac)=0.002s
[2025-11-07T08:45:51-03:00]  <k>=5.20, p=0.005205, px1=0.05, r_kk_obj=+0.00, r_kk_fin=-0.001, ρ_kx_obj=0.60, ρ_kx_fin=+0.456 -> frac=0.007 | t(attrs)=0.238s, t(frac)=0.003s
[2025-11-07T08:46:08-03:00] Rewire r_kk: objetivo=+0.50, alcanzado=+0.260, |Δ|=0.240, iters=1000, tiempo=16.446s
[2025-11-07T08:46:08-03:00]  <k>=5.20, p=0.005205, px1=0.05, r_kk_obj=+0.50, r_kk_fin=+0.260, ρ_kx_obj=0.00, ρ_kx_fin=+0.008 -> frac=0.003 | t(attrs)=0.001s, t(frac)=0.003s
[2025-11-07T08:46:08-03:00]  <k>=5.20, p=0.005205, px1=0.05, r_kk_obj=+0.50, r_kk_fin=+0.260, ρ_kx_obj=0.10, ρ_kx_fin=+0.091 -> frac=0.003 | t(attrs)=0.016s, t(frac)=0.002s
[2025-11-07T08:46:08-03:00]  <k>=5.20, p=0.005205, px1=0.05, r_kk_obj=+0.50, r_kk_fin=+0.260, ρ_kx_obj=0.20, ρ_kx_fin=+0.193 -> frac=0.002 | t(attrs)=0.033s, t(frac)=0.004s
[2025-11-07T08:46:08-03:00]  <k>=5.20, p=0.005205, px1=0.05, r_kk_obj=+0.50, r_kk_fin=+0.260, ρ_kx_obj=0.30, ρ_kx_fin=+0.293 -> frac=0.008 | t(attrs)=0.083s, t(frac)=0.002s
[2025-11-07T08:46:08-03:00]  <k>=5.20, p=0.005205, px1=0.05, r_kk_obj=+0.50, r_kk_fin=+0.260, ρ_kx_obj=0.40, ρ_kx_fin=+0.393 -> frac=0.007 | t(attrs)=0.196s, t(frac)=0.004s
[2025-11-07T08:46:08-03:00]  <k>=5.20, p=0.005205, px1=0.05, r_kk_obj=+0.50, r_kk_fin=+0.260, ρ_kx_obj=0.50, ρ_kx_fin=+0.454 -> frac=0.005 | t(attrs)=0.324s, t(frac)=0.003s
[2025-11-07T08:46:09-03:00]  <k>=5.20, p=0.005205, px1=0.05, r_kk_obj=+0.50, r_kk_fin=+0.260, ρ_kx_obj=0.60, ρ_kx_fin=+0.456 -> frac=0.006 | t(attrs)=0.260s, t(frac)=0.004s
[2025-11-07T08:46:18-03:00] Rewire r_kk: objetivo=-0.50, alcanzado=-0.220, |Δ|=0.280, iters=1000, tiempo=9.906s
[2025-11-07T08:46:18-03:00]  <k>=5.20, p=0.005205, px1=0.10, r_kk_obj=-0.50, r_kk_fin=-0.220, ρ_kx_obj=0.00, ρ_kx_fin=+0.009 -> frac=0.012 | t(attrs)=0.001s, t(frac)=0.003s
[2025-11-07T08:46:18-03:00]  <k>=5.20, p=0.005205, px1=0.10, r_kk_obj=-0.50, r_kk_fin=-0.220, ρ_kx_obj=0.10, ρ_kx_fin=+0.092 -> frac=0.019 | t(attrs)=0.013s, t(frac)=0.003s
[2025-11-07T08:46:19-03:00]  <k>=5.20, p=0.005205, px1=0.10, r_kk_obj=-0.50, r_kk_fin=-0.220, ρ_kx_obj=0.20, ρ_kx_fin=+0.192 -> frac=0.021 | t(attrs)=0.031s, t(frac)=0.003s
[2025-11-07T08:46:19-03:00]  <k>=5.20, p=0.005205, px1=0.10, r_kk_obj=-0.50, r_kk_fin=-0.220, ρ_kx_obj=0.30, ρ_kx_fin=+0.291 -> frac=0.028 | t(attrs)=0.050s, t(frac)=0.002s
[2025-11-07T08:46:19-03:00]  <k>=5.20, p=0.005205, px1=0.10, r_kk_obj=-0.50, r_kk_fin=-0.220, ρ_kx_obj=0.40, ρ_kx_fin=+0.391 -> frac=0.038 | t(attrs)=0.090s, t(frac)=0.002s
[2025-11-07T08:46:19-03:00]  <k>=5.20, p=0.005205, px1=0.10, r_kk_obj=-0.50, r_kk_fin=-0.220, ρ_kx_obj=0.50, ρ_kx_fin=+0.492 -> frac=0.048 | t(attrs)=0.166s, t(frac)=0.003s
[2025-11-07T08:46:19-03:00]  <k>=5.20, p=0.005205, px1=0.10, r_kk_obj=-0.50, r_kk_fin=-0.220, ρ_kx_obj=0.60, ρ_kx_fin=+0.480 -> frac=0.049 | t(attrs)=0.195s, t(frac)=0.003s
[2025-11-07T08:46:19-03:00] Rewire r_kk: objetivo=+0.00, alcanzado=-0.001, |Δ|=0.001, iters=0, tiempo=0.007s
[2025-11-07T08:46:19-03:00]  <k>=5.20, p=0.005205, px1=0.10, r_kk_obj=+0.00, r_kk_fin=-0.001, ρ_kx_obj=0.00, ρ_kx_fin=+0.009 -> frac=0.013 | t(attrs)=0.001s, t(frac)=0.002s
[2025-11-07T08:46:19-03:00]  <k>=5.20, p=0.005205, px1=0.10, r_kk_obj=+0.00, r_kk_fin=-0.001, ρ_kx_obj=0.10, ρ_kx_fin=+0.092 -> frac=0.019 | t(attrs)=0.013s, t(frac)=0.002s
[2025-11-07T08:46:19-03:00]  <k>=5.20, p=0.005205, px1=0.10, r_kk_obj=+0.00, r_kk_fin=-0.001, ρ_kx_obj=0.20, ρ_kx_fin=+0.192 -> frac=0.017 | t(attrs)=0.030s, t(frac)=0.002s
[2025-11-07T08:46:19-03:00]  <k>=5.20, p=0.005205, px1=0.10, r_kk_obj=+0.00, r_kk_fin=-0.001, ρ_kx_obj=0.30, ρ_kx_fin=+0.291 -> frac=0.026 | t(attrs)=0.044s, t(frac)=0.002s
[2025-11-07T08:46:19-03:00]  <k>=5.20, p=0.005205, px1=0.10, r_kk_obj=+0.00, r_kk_fin=-0.001, ρ_kx_obj=0.40, ρ_kx_fin=+0.391 -> frac=0.027 | t(attrs)=0.087s, t(frac)=0.002s
[2025-11-07T08:46:19-03:00]  <k>=5.20, p=0.005205, px1=0.10, r_kk_obj=+0.00, r_kk_fin=-0.001, ρ_kx_obj=0.50, ρ_kx_fin=+0.492 -> frac=0.032 | t(attrs)=0.164s, t(frac)=0.002s
[2025-11-07T08:46:20-03:00]  <k>=5.20, p=0.005205, px1=0.10, r_kk_obj=+0.00, r_kk_fin=-0.001, ρ_kx_obj=0.60, ρ_kx_fin=+0.480 -> frac=0.032 | t(attrs)=0.156s, t(frac)=0.002s
[2025-11-07T08:46:29-03:00] Rewire r_kk: objetivo=+0.50, alcanzado=+0.260, |Δ|=0.240, iters=1000, tiempo=9.741s
[2025-11-07T08:46:29-03:00]  <k>=5.20, p=0.005205, px1=0.10, r_kk_obj=+0.50, r_kk_fin=+0.260, ρ_kx_obj=0.00, ρ_kx_fin=+0.009 -> frac=0.010 | t(attrs)=0.001s, t(frac)=0.002s
[2025-11-07T08:46:29-03:00]  <k>=5.20, p=0.005205, px1=0.10, r_kk_obj=+0.50, r_kk_fin=+0.260, ρ_kx_obj=0.10, ρ_kx_fin=+0.092 -> frac=0.013 | t(attrs)=0.012s, t(frac)=0.002s
[2025-11-07T08:46:29-03:00]  <k>=5.20, p=0.005205, px1=0.10, r_kk_obj=+0.50, r_kk_fin=+0.260, ρ_kx_obj=0.20, ρ_kx_fin=+0.192 -> frac=0.015 | t(attrs)=0.030s, t(frac)=0.002s
[2025-11-07T08:46:29-03:00]  <k>=5.20, p=0.005205, px1=0.10, r_kk_obj=+0.50, r_kk_fin=+0.260, ρ_kx_obj=0.30, ρ_kx_fin=+0.291 -> frac=0.017 | t(attrs)=0.041s, t(frac)=0.002s
[2025-11-07T08:46:29-03:00]  <k>=5.20, p=0.005205, px1=0.10, r_kk_obj=+0.50, r_kk_fin=+0.260, ρ_kx_obj=0.40, ρ_kx_fin=+0.391 -> frac=0.015 | t(attrs)=0.075s, t(frac)=0.002s
[2025-11-07T08:46:30-03:00]  <k>=5.20, p=0.005205, px1=0.10, r_kk_obj=+0.50, r_kk_fin=+0.260, ρ_kx_obj=0.50, ρ_kx_fin=+0.492 -> frac=0.019 | t(attrs)=0.143s, t(frac)=0.002s
[2025-11-07T08:46:30-03:00]  <k>=5.20, p=0.005205, px1=0.10, r_kk_obj=+0.50, r_kk_fin=+0.260, ρ_kx_obj=0.60, ρ_kx_fin=+0.480 -> frac=0.024 | t(attrs)=0.150s, t(frac)=0.002s
[2025-11-07T08:46:41-03:00] Rewire r_kk: objetivo=-0.50, alcanzado=-0.220, |Δ|=0.280, iters=1000, tiempo=11.332s
[2025-11-07T08:46:41-03:00]  <k>=5.20, p=0.005205, px1=0.20, r_kk_obj=-0.50, r_kk_fin=-0.220, ρ_kx_obj=0.00, ρ_kx_fin=+0.010 -> frac=0.049 | t(attrs)=0.004s, t(frac)=0.003s
[2025-11-07T08:46:41-03:00]  <k>=5.20, p=0.005205, px1=0.20, r_kk_obj=-0.50, r_kk_fin=-0.220, ρ_kx_obj=0.10, ρ_kx_fin=+0.091 -> frac=0.058 | t(attrs)=0.014s, t(frac)=0.004s
[2025-11-07T08:46:41-03:00]  <k>=5.20, p=0.005205, px1=0.20, r_kk_obj=-0.50, r_kk_fin=-0.220, ρ_kx_obj=0.20, ρ_kx_fin=+0.191 -> frac=0.081 | t(attrs)=0.045s, t(frac)=0.002s
[2025-11-07T08:46:41-03:00]  <k>=5.20, p=0.005205, px1=0.20, r_kk_obj=-0.50, r_kk_fin=-0.220, ρ_kx_obj=0.30, ρ_kx_fin=+0.291 -> frac=0.088 | t(attrs)=0.102s, t(frac)=0.003s
[2025-11-07T08:46:41-03:00]  <k>=5.20, p=0.005205, px1=0.20, r_kk_obj=-0.50, r_kk_fin=-0.220, ρ_kx_obj=0.40, ρ_kx_fin=+0.391 -> frac=0.103 | t(attrs)=0.147s, t(frac)=0.003s
[2025-11-07T08:46:42-03:00]  <k>=5.20, p=0.005205, px1=0.20, r_kk_obj=-0.50, r_kk_fin=-0.220, ρ_kx_obj=0.50, ρ_kx_fin=+0.491 -> frac=0.126 | t(attrs)=0.231s, t(frac)=0.004s
[2025-11-07T08:46:42-03:00]  <k>=5.20, p=0.005205, px1=0.20, r_kk_obj=-0.50, r_kk_fin=-0.220, ρ_kx_obj=0.60, ρ_kx_fin=+0.545 -> frac=0.139 | t(attrs)=0.291s, t(frac)=0.004s
[2025-11-07T08:46:42-03:00] Rewire r_kk: objetivo=+0.00, alcanzado=-0.001, |Δ|=0.001, iters=0, tiempo=0.017s
[2025-11-07T08:46:42-03:00]  <k>=5.20, p=0.005205, px1=0.20, r_kk_obj=+0.00, r_kk_fin=-0.001, ρ_kx_obj=0.00, ρ_kx_fin=+0.010 -> frac=0.050 | t(attrs)=0.002s, t(frac)=0.002s
[2025-11-07T08:46:42-03:00]  <k>=5.20, p=0.005205, px1=0.20, r_kk_obj=+0.00, r_kk_fin=-0.001, ρ_kx_obj=0.10, ρ_kx_fin=+0.091 -> frac=0.058 | t(attrs)=0.022s, t(frac)=0.004s
[2025-11-07T08:46:42-03:00]  <k>=5.20, p=0.005205, px1=0.20, r_kk_obj=+0.00, r_kk_fin=-0.001, ρ_kx_obj=0.20, ρ_kx_fin=+0.191 -> frac=0.068 | t(attrs)=0.056s, t(frac)=0.002s
[2025-11-07T08:46:42-03:00]  <k>=5.20, p=0.005205, px1=0.20, r_kk_obj=+0.00, r_kk_fin=-0.001, ρ_kx_obj=0.30, ρ_kx_fin=+0.291 -> frac=0.072 | t(attrs)=0.115s, t(frac)=0.004s
[2025-11-07T08:46:42-03:00]  <k>=5.20, p=0.005205, px1=0.20, r_kk_obj=+0.00, r_kk_fin=-0.001, ρ_kx_obj=0.40, ρ_kx_fin=+0.391 -> frac=0.090 | t(attrs)=0.175s, t(frac)=0.004s
[2025-11-07T08:46:43-03:00]  <k>=5.20, p=0.005205, px1=0.20, r_kk_obj=+0.00, r_kk_fin=-0.001, ρ_kx_obj=0.50, ρ_kx_fin=+0.491 -> frac=0.107 | t(attrs)=0.253s, t(frac)=0.003s
[2025-11-07T08:46:43-03:00]  <k>=5.20, p=0.005205, px1=0.20, r_kk_obj=+0.00, r_kk_fin=-0.001, ρ_kx_obj=0.60, ρ_kx_fin=+0.545 -> frac=0.113 | t(attrs)=0.254s, t(frac)=0.003s
