[2025-11-07T09:35:52-03:00] Inicio experimento Fig3-ER (paralelo por hilos) | carpeta=run-e2r\N1000_251107-093552
[2025-11-07T09:35:52-03:00] Hilos: de usados=18, cpu_count=22
[2025-11-07T09:35:52-03:00] Parámetros: N=1000, <k>=[5.2, 2.5], px1=[0.05, 0.1, 0.2], r_kk=[-0.5, 0.0, 0.5], ρ_kx=[np.float64(0.0), np.float64(0.07), np.float64(0.13), np.float64(0.2), np.float64(0.27), np.float64(0.33), np.float64(0.4), np.float64(0.47), np.float64(0.53), np.float64(0.6)], seed=12021974
[2025-11-07T09:35:52-03:00] Generada red ER: N=1000, <k>_obj=5.20, p=0.005205, L=2603, tiempo=0.029s
[2025-11-07T09:36:20-03:00] Rewire r_kk: objetivo=-0.50, alcanzado=-0.491, |Δ|=0.009, iters=2737, factor=10, tiempo=28.303s
[2025-11-07T09:36:20-03:00] <k>=5.20, p=0.005205, px1=0.05, r_kk_obj=-0.50, r_kk_fin=-0.491, ρ_kx_obj=0.00, ρ_kx_fin=+0.010 -> frac=0.002 | t(attrs)=0.003s, t(frac)=0.002s
[2025-11-07T09:36:20-03:00] <k>=5.20, p=0.005205, px1=0.05, r_kk_obj=-0.50, r_kk_fin=-0.491, ρ_kx_obj=0.07, ρ_kx_fin=+0.065 -> frac=0.005 | t(attrs)=0.104s, t(frac)=0.002s
[2025-11-07T09:36:20-03:00] <k>=5.20, p=0.005205, px1=0.05, r_kk_obj=-0.50, r_kk_fin=-0.491, ρ_kx_obj=0.13, ρ_kx_fin=+0.124 -> frac=0.006 | t(attrs)=0.158s, t(frac)=0.002s
[2025-11-07T09:36:20-03:00] <k>=5.20, p=0.005205, px1=0.05, r_kk_obj=-0.50, r_kk_fin=-0.491, ρ_kx_obj=0.20, ρ_kx_fin=+0.197 -> frac=0.009 | t(attrs)=0.252s, t(frac)=0.002s
[2025-11-07T09:36:21-03:00] <k>=5.20, p=0.005205, px1=0.05, r_kk_obj=-0.50, r_kk_fin=-0.491, ρ_kx_obj=0.27, ρ_kx_fin=+0.260 -> frac=0.011 | t(attrs)=0.632s, t(frac)=0.001s
[2025-11-07T09:36:21-03:00] <k>=5.20, p=0.005205, px1=0.05, r_kk_obj=-0.50, r_kk_fin=-0.491, ρ_kx_obj=0.33, ρ_kx_fin=+0.323 -> frac=0.022 | t(attrs)=0.797s, t(frac)=0.002s
[2025-11-07T09:36:21-03:00] <k>=5.20, p=0.005205, px1=0.05, r_kk_obj=-0.50, r_kk_fin=-0.491, ρ_kx_obj=0.40, ρ_kx_fin=+0.391 -> frac=0.032 | t(attrs)=1.308s, t(frac)=0.002s
[2025-11-07T09:36:22-03:00] <k>=5.20, p=0.005205, px1=0.05, r_kk_obj=-0.50, r_kk_fin=-0.491, ρ_kx_obj=0.47, ρ_kx_fin=+0.438 -> frac=0.027 | t(attrs)=1.540s, t(frac)=0.002s
[2025-11-07T09:36:22-03:00] <k>=5.20, p=0.005205, px1=0.05, r_kk_obj=-0.50, r_kk_fin=-0.491, ρ_kx_obj=0.60, ρ_kx_fin=+0.421 -> frac=0.035 | t(attrs)=1.548s, t(frac)=0.002s
[2025-11-07T09:36:22-03:00] <k>=5.20, p=0.005205, px1=0.05, r_kk_obj=-0.50, r_kk_fin=-0.491, ρ_kx_obj=0.53, ρ_kx_fin=+0.421 -> frac=0.034 | t(attrs)=1.554s, t(frac)=0.002s
[2025-11-07T09:36:22-03:00] Rewire r_kk: objetivo=+0.00, alcanzado=-0.001, |Δ|=0.001, iters=0, factor=10, tiempo=0.006s
[2025-11-07T09:36:22-03:00] <k>=5.20, p=0.005205, px1=0.05, r_kk_obj=+0.00, r_kk_fin=-0.001, ρ_kx_obj=0.00, ρ_kx_fin=-0.005 -> frac=0.001 | t(attrs)=0.082s, t(frac)=0.003s
[2025-11-07T09:36:22-03:00] <k>=5.20, p=0.005205, px1=0.05, r_kk_obj=+0.00, r_kk_fin=-0.001, ρ_kx_obj=0.07, ρ_kx_fin=+0.058 -> frac=0.004 | t(attrs)=0.133s, t(frac)=0.002s
[2025-11-07T09:36:22-03:00] <k>=5.20, p=0.005205, px1=0.05, r_kk_obj=+0.00, r_kk_fin=-0.001, ρ_kx_obj=0.13, ρ_kx_fin=+0.124 -> frac=0.004 | t(attrs)=0.215s, t(frac)=0.002s
[2025-11-07T09:36:22-03:00] <k>=5.20, p=0.005205, px1=0.05, r_kk_obj=+0.00, r_kk_fin=-0.001, ρ_kx_obj=0.20, ρ_kx_fin=+0.191 -> frac=0.009 | t(attrs)=0.335s, t(frac)=0.002s
[2025-11-07T09:36:22-03:00] <k>=5.20, p=0.005205, px1=0.05, r_kk_obj=+0.00, r_kk_fin=-0.001, ρ_kx_obj=0.33, ρ_kx_fin=+0.323 -> frac=0.009 | t(attrs)=0.461s, t(frac)=0.002s
[2025-11-07T09:36:22-03:00] <k>=5.20, p=0.005205, px1=0.05, r_kk_obj=+0.00, r_kk_fin=-0.001, ρ_kx_obj=0.27, ρ_kx_fin=+0.258 -> frac=0.006 | t(attrs)=0.483s, t(frac)=0.002s
[2025-11-07T09:36:23-03:00] <k>=5.20, p=0.005205, px1=0.05, r_kk_obj=+0.00, r_kk_fin=-0.001, ρ_kx_obj=0.40, ρ_kx_fin=+0.393 -> frac=0.008 | t(attrs)=1.196s, t(frac)=0.002s
[2025-11-07T09:36:23-03:00] <k>=5.20, p=0.005205, px1=0.05, r_kk_obj=+0.00, r_kk_fin=-0.001, ρ_kx_obj=0.53, ρ_kx_fin=+0.411 -> frac=0.008 | t(attrs)=1.305s, t(frac)=0.002s
[2025-11-07T09:36:23-03:00] <k>=5.20, p=0.005205, px1=0.05, r_kk_obj=+0.00, r_kk_fin=-0.001, ρ_kx_obj=0.60, ρ_kx_fin=+0.429 -> frac=0.008 | t(attrs)=1.339s, t(frac)=0.002s
[2025-11-07T09:36:23-03:00] <k>=5.20, p=0.005205, px1=0.05, r_kk_obj=+0.00, r_kk_fin=-0.001, ρ_kx_obj=0.47, ρ_kx_fin=+0.435 -> frac=0.009 | t(attrs)=1.351s, t(frac)=0.002s
[2025-11-07T09:36:54-03:00] Rewire r_kk: objetivo=+0.50, alcanzado=+0.490, |Δ|=0.010, iters=2476, factor=10, tiempo=30.687s
[2025-11-07T09:36:54-03:00] <k>=5.20, p=0.005205, px1=0.05, r_kk_obj=+0.50, r_kk_fin=+0.490, ρ_kx_obj=0.00, ρ_kx_fin=+0.006 -> frac=0.003 | t(attrs)=0.005s, t(frac)=0.001s
[2025-11-07T09:36:54-03:00] <k>=5.20, p=0.005205, px1=0.05, r_kk_obj=+0.50, r_kk_fin=+0.490, ρ_kx_obj=0.07, ρ_kx_fin=+0.065 -> frac=0.004 | t(attrs)=0.125s, t(frac)=0.002s
[2025-11-07T09:36:54-03:00] <k>=5.20, p=0.005205, px1=0.05, r_kk_obj=+0.50, r_kk_fin=+0.490, ρ_kx_obj=0.20, ρ_kx_fin=+0.193 -> frac=0.003 | t(attrs)=0.195s, t(frac)=0.004s
[2025-11-07T09:36:54-03:00] <k>=5.20, p=0.005205, px1=0.05, r_kk_obj=+0.50, r_kk_fin=+0.490, ρ_kx_obj=0.13, ρ_kx_fin=+0.128 -> frac=0.002 | t(attrs)=0.270s, t(frac)=0.002s
[2025-11-07T09:36:54-03:00] <k>=5.20, p=0.005205, px1=0.05, r_kk_obj=+0.50, r_kk_fin=+0.490, ρ_kx_obj=0.27, ρ_kx_fin=+0.260 -> frac=0.002 | t(attrs)=0.747s, t(frac)=0.002s
[2025-11-07T09:36:55-03:00] <k>=5.20, p=0.005205, px1=0.05, r_kk_obj=+0.50, r_kk_fin=+0.490, ρ_kx_obj=0.33, ρ_kx_fin=+0.327 -> frac=0.003 | t(attrs)=0.822s, t(frac)=0.002s
[2025-11-07T09:36:55-03:00] <k>=5.20, p=0.005205, px1=0.05, r_kk_obj=+0.50, r_kk_fin=+0.490, ρ_kx_obj=0.40, ρ_kx_fin=+0.391 -> frac=0.000 | t(attrs)=1.076s, t(frac)=0.005s
[2025-11-07T09:36:55-03:00] <k>=5.20, p=0.005205, px1=0.05, r_kk_obj=+0.50, r_kk_fin=+0.490, ρ_kx_obj=0.53, ρ_kx_fin=+0.446 -> frac=0.001 | t(attrs)=1.622s, t(frac)=0.002s
[2025-11-07T09:36:55-03:00] <k>=5.20, p=0.005205, px1=0.05, r_kk_obj=+0.50, r_kk_fin=+0.490, ρ_kx_obj=0.47, ρ_kx_fin=+0.440 -> frac=0.002 | t(attrs)=1.637s, t(frac)=0.002s
[2025-11-07T09:36:55-03:00] <k>=5.20, p=0.005205, px1=0.05, r_kk_obj=+0.50, r_kk_fin=+0.490, ρ_kx_obj=0.60, ρ_kx_fin=+0.440 -> frac=0.004 | t(attrs)=1.638s, t(frac)=0.002s
[2025-11-07T09:37:26-03:00] Rewire r_kk: objetivo=-0.50, alcanzado=-0.491, |Δ|=0.009, iters=2737, factor=10, tiempo=30.717s
[2025-11-07T09:37:26-03:00] <k>=5.20, p=0.005205, px1=0.10, r_kk_obj=-0.50, r_kk_fin=-0.491, ρ_kx_obj=0.00, ρ_kx_fin=+0.007 -> frac=0.010 | t(attrs)=0.002s, t(frac)=0.002s
[2025-11-07T09:37:26-03:00] <k>=5.20, p=0.005205, px1=0.10, r_kk_obj=-0.50, r_kk_fin=-0.491, ρ_kx_obj=0.07, ρ_kx_fin=+0.057 -> frac=0.015 | t(attrs)=0.077s, t(frac)=0.003s
[2025-11-07T09:37:26-03:00] <k>=5.20, p=0.005205, px1=0.10, r_kk_obj=-0.50, r_kk_fin=-0.491, ρ_kx_obj=0.13, ρ_kx_fin=+0.126 -> frac=0.026 | t(attrs)=0.144s, t(frac)=0.002s
[2025-11-07T09:37:27-03:00] <k>=5.20, p=0.005205, px1=0.10, r_kk_obj=-0.50, r_kk_fin=-0.491, ρ_kx_obj=0.20, ρ_kx_fin=+0.193 -> frac=0.020 | t(attrs)=0.463s, t(frac)=0.002s
[2025-11-07T09:37:27-03:00] <k>=5.20, p=0.005205, px1=0.10, r_kk_obj=-0.50, r_kk_fin=-0.491, ρ_kx_obj=0.27, ρ_kx_fin=+0.257 -> frac=0.028 | t(attrs)=0.584s, t(frac)=0.003s
[2025-11-07T09:37:27-03:00] <k>=5.20, p=0.005205, px1=0.10, r_kk_obj=-0.50, r_kk_fin=-0.491, ρ_kx_obj=0.33, ρ_kx_fin=+0.331 -> frac=0.047 | t(attrs)=0.715s, t(frac)=0.002s
[2025-11-07T09:37:27-03:00] <k>=5.20, p=0.005205, px1=0.10, r_kk_obj=-0.50, r_kk_fin=-0.491, ρ_kx_obj=0.40, ρ_kx_fin=+0.393 -> frac=0.053 | t(attrs)=0.985s, t(frac)=0.003s
[2025-11-07T09:37:27-03:00] <k>=5.20, p=0.005205, px1=0.10, r_kk_obj=-0.50, r_kk_fin=-0.491, ρ_kx_obj=0.47, ρ_kx_fin=+0.458 -> frac=0.073 | t(attrs)=1.356s, t(frac)=0.002s
[2025-11-07T09:37:28-03:00] <k>=5.20, p=0.005205, px1=0.10, r_kk_obj=-0.50, r_kk_fin=-0.491, ρ_kx_obj=0.60, ρ_kx_fin=+0.492 -> frac=0.071 | t(attrs)=1.450s, t(frac)=0.002s
[2025-11-07T09:37:28-03:00] <k>=5.20, p=0.005205, px1=0.10, r_kk_obj=-0.50, r_kk_fin=-0.491, ρ_kx_obj=0.53, ρ_kx_fin=+0.514 -> frac=0.090 | t(attrs)=1.464s, t(frac)=0.002s
[2025-11-07T09:37:28-03:00] Rewire r_kk: objetivo=+0.00, alcanzado=-0.001, |Δ|=0.001, iters=0, factor=10, tiempo=0.007s
[2025-11-07T09:37:28-03:00] <k>=5.20, p=0.005205, px1=0.10, r_kk_obj=+0.00, r_kk_fin=-0.001, ρ_kx_obj=0.00, ρ_kx_fin=-0.010 -> frac=0.007 | t(attrs)=0.049s, t(frac)=0.002s
[2025-11-07T09:37:28-03:00] <k>=5.20, p=0.005205, px1=0.10, r_kk_obj=+0.00, r_kk_fin=-0.001, ρ_kx_obj=0.07, ρ_kx_fin=+0.061 -> frac=0.016 | t(attrs)=0.108s, t(frac)=0.002s
[2025-11-07T09:37:28-03:00] <k>=5.20, p=0.005205, px1=0.10, r_kk_obj=+0.00, r_kk_fin=-0.001, ρ_kx_obj=0.13, ρ_kx_fin=+0.129 -> frac=0.008 | t(attrs)=0.345s, t(frac)=0.002s
[2025-11-07T09:37:28-03:00] <k>=5.20, p=0.005205, px1=0.10, r_kk_obj=+0.00, r_kk_fin=-0.001, ρ_kx_obj=0.20, ρ_kx_fin=+0.190 -> frac=0.015 | t(attrs)=0.376s, t(frac)=0.002s
[2025-11-07T09:37:28-03:00] <k>=5.20, p=0.005205, px1=0.10, r_kk_obj=+0.00, r_kk_fin=-0.001, ρ_kx_obj=0.27, ρ_kx_fin=+0.257 -> frac=0.024 | t(attrs)=0.511s, t(frac)=0.002s
[2025-11-07T09:37:28-03:00] <k>=5.20, p=0.005205, px1=0.10, r_kk_obj=+0.00, r_kk_fin=-0.001, ρ_kx_obj=0.33, ρ_kx_fin=+0.325 -> frac=0.018 | t(attrs)=0.825s, t(frac)=0.002s
[2025-11-07T09:37:29-03:00] <k>=5.20, p=0.005205, px1=0.10, r_kk_obj=+0.00, r_kk_fin=-0.001, ρ_kx_obj=0.40, ρ_kx_fin=+0.394 -> frac=0.027 | t(attrs)=0.918s, t(frac)=0.003s
[2025-11-07T09:37:29-03:00] <k>=5.20, p=0.005205, px1=0.10, r_kk_obj=+0.00, r_kk_fin=-0.001, ρ_kx_obj=0.47, ρ_kx_fin=+0.458 -> frac=0.024 | t(attrs)=1.355s, t(frac)=0.002s
[2025-11-07T09:37:29-03:00] <k>=5.20, p=0.005205, px1=0.10, r_kk_obj=+0.00, r_kk_fin=-0.001, ρ_kx_obj=0.53, ρ_kx_fin=+0.514 -> frac=0.031 | t(attrs)=1.447s, t(frac)=0.003s
[2025-11-07T09:37:29-03:00] <k>=5.20, p=0.005205, px1=0.10, r_kk_obj=+0.00, r_kk_fin=-0.001, ρ_kx_obj=0.60, ρ_kx_fin=+0.525 -> frac=0.033 | t(attrs)=1.451s, t(frac)=0.002s
[2025-11-07T09:37:57-03:00] Rewire r_kk: objetivo=+0.50, alcanzado=+0.490, |Δ|=0.010, iters=2476, factor=10, tiempo=27.939s
[2025-11-07T09:37:57-03:00] <k>=5.20, p=0.005205, px1=0.10, r_kk_obj=+0.50, r_kk_fin=+0.490, ρ_kx_obj=0.00, ρ_kx_fin=-0.007 -> frac=0.007 | t(attrs)=0.001s, t(frac)=0.001s
[2025-11-07T09:37:57-03:00] <k>=5.20, p=0.005205, px1=0.10, r_kk_obj=+0.50, r_kk_fin=+0.490, ρ_kx_obj=0.07, ρ_kx_fin=+0.058 -> frac=0.007 | t(attrs)=0.132s, t(frac)=0.002s
[2025-11-07T09:37:57-03:00] <k>=5.20, p=0.005205, px1=0.10, r_kk_obj=+0.50, r_kk_fin=+0.490, ρ_kx_obj=0.13, ρ_kx_fin=+0.131 -> frac=0.010 | t(attrs)=0.304s, t(frac)=0.002s
[2025-11-07T09:37:57-03:00] <k>=5.20, p=0.005205, px1=0.10, r_kk_obj=+0.50, r_kk_fin=+0.490, ρ_kx_obj=0.20, ρ_kx_fin=+0.190 -> frac=0.015 | t(attrs)=0.435s, t(frac)=0.002s
[2025-11-07T09:37:58-03:00] <k>=5.20, p=0.005205, px1=0.10, r_kk_obj=+0.50, r_kk_fin=+0.490, ρ_kx_obj=0.27, ρ_kx_fin=+0.257 -> frac=0.008 | t(attrs)=0.503s, t(frac)=0.002s
[2025-11-07T09:37:58-03:00] <k>=5.20, p=0.005205, px1=0.10, r_kk_obj=+0.50, r_kk_fin=+0.490, ρ_kx_obj=0.33, ρ_kx_fin=+0.325 -> frac=0.009 | t(attrs)=0.628s, t(frac)=0.002s
[2025-11-07T09:37:58-03:00] <k>=5.20, p=0.005205, px1=0.10, r_kk_obj=+0.50, r_kk_fin=+0.490, ρ_kx_obj=0.40, ρ_kx_fin=+0.391 -> frac=0.017 | t(attrs)=0.981s, t(frac)=0.002s
[2025-11-07T09:37:58-03:00] <k>=5.20, p=0.005205, px1=0.10, r_kk_obj=+0.50, r_kk_fin=+0.490, ρ_kx_obj=0.47, ρ_kx_fin=+0.460 -> frac=0.019 | t(attrs)=1.082s, t(frac)=0.003s
[2025-11-07T09:37:58-03:00] <k>=5.20, p=0.005205, px1=0.10, r_kk_obj=+0.50, r_kk_fin=+0.490, ρ_kx_obj=0.53, ρ_kx_fin=+0.514 -> frac=0.019 | t(attrs)=1.340s, t(frac)=0.002s
[2025-11-07T09:37:58-03:00] <k>=5.20, p=0.005205, px1=0.10, r_kk_obj=+0.50, r_kk_fin=+0.490, ρ_kx_obj=0.60, ρ_kx_fin=+0.498 -> frac=0.020 | t(attrs)=1.344s, t(frac)=0.002s
[2025-11-07T09:38:29-03:00] Rewire r_kk: objetivo=-0.50, alcanzado=-0.491, |Δ|=0.009, iters=2737, factor=10, tiempo=30.903s
[2025-11-07T09:38:29-03:00] <k>=5.20, p=0.005205, px1=0.20, r_kk_obj=-0.50, r_kk_fin=-0.491, ρ_kx_obj=0.00, ρ_kx_fin=-0.009 -> frac=0.041 | t(attrs)=0.004s, t(frac)=0.002s
[2025-11-07T09:38:29-03:00] <k>=5.20, p=0.005205, px1=0.20, r_kk_obj=-0.50, r_kk_fin=-0.491, ρ_kx_obj=0.07, ρ_kx_fin=+0.059 -> frac=0.066 | t(attrs)=0.080s, t(frac)=0.002s
[2025-11-07T09:38:30-03:00] <k>=5.20, p=0.005205, px1=0.20, r_kk_obj=-0.50, r_kk_fin=-0.491, ρ_kx_obj=0.20, ρ_kx_fin=+0.191 -> frac=0.087 | t(attrs)=0.341s, t(frac)=0.002s
[2025-11-07T09:38:30-03:00] <k>=5.20, p=0.005205, px1=0.20, r_kk_obj=-0.50, r_kk_fin=-0.491, ρ_kx_obj=0.13, ρ_kx_fin=+0.124 -> frac=0.072 | t(attrs)=0.384s, t(frac)=0.002s
[2025-11-07T09:38:30-03:00] <k>=5.20, p=0.005205, px1=0.20, r_kk_obj=-0.50, r_kk_fin=-0.491, ρ_kx_obj=0.27, ρ_kx_fin=+0.258 -> frac=0.108 | t(attrs)=0.602s, t(frac)=0.002s
[2025-11-07T09:38:30-03:00] <k>=5.20, p=0.005205, px1=0.20, r_kk_obj=-0.50, r_kk_fin=-0.491, ρ_kx_obj=0.33, ρ_kx_fin=+0.325 -> frac=0.122 | t(attrs)=0.916s, t(frac)=0.002s
[2025-11-07T09:38:30-03:00] <k>=5.20, p=0.005205, px1=0.20, r_kk_obj=-0.50, r_kk_fin=-0.491, ρ_kx_obj=0.40, ρ_kx_fin=+0.392 -> frac=0.137 | t(attrs)=1.041s, t(frac)=0.002s
[2025-11-07T09:38:31-03:00] <k>=5.20, p=0.005205, px1=0.20, r_kk_obj=-0.50, r_kk_fin=-0.491, ρ_kx_obj=0.47, ρ_kx_fin=+0.458 -> frac=0.166 | t(attrs)=1.243s, t(frac)=0.002s
[2025-11-07T09:38:31-03:00] <k>=5.20, p=0.005205, px1=0.20, r_kk_obj=-0.50, r_kk_fin=-0.491, ρ_kx_obj=0.53, ρ_kx_fin=+0.525 -> frac=0.183 | t(attrs)=1.411s, t(frac)=0.002s
[2025-11-07T09:38:31-03:00] <k>=5.20, p=0.005205, px1=0.20, r_kk_obj=-0.50, r_kk_fin=-0.491, ρ_kx_obj=0.60, ρ_kx_fin=+0.553 -> frac=0.200 | t(attrs)=1.429s, t(frac)=0.003s
[2025-11-07T09:38:31-03:00] Rewire r_kk: objetivo=+0.00, alcanzado=-0.001, |Δ|=0.001, iters=0, factor=10, tiempo=0.010s
[2025-11-07T09:38:31-03:00] <k>=5.20, p=0.005205, px1=0.20, r_kk_obj=+0.00, r_kk_fin=-0.001, ρ_kx_obj=0.00, ρ_kx_fin=-0.007 -> frac=0.038 | t(attrs)=0.089s, t(frac)=0.003s
[2025-11-07T09:38:31-03:00] <k>=5.20, p=0.005205, px1=0.20, r_kk_obj=+0.00, r_kk_fin=-0.001, ρ_kx_obj=0.07, ρ_kx_fin=+0.058 -> frac=0.053 | t(attrs)=0.136s, t(frac)=0.003s
[2025-11-07T09:38:31-03:00] <k>=5.20, p=0.005205, px1=0.20, r_kk_obj=+0.00, r_kk_fin=-0.001, ρ_kx_obj=0.13, ρ_kx_fin=+0.127 -> frac=0.061 | t(attrs)=0.261s, t(frac)=0.002s
[2025-11-07T09:38:31-03:00] <k>=5.20, p=0.005205, px1=0.20, r_kk_obj=+0.00, r_kk_fin=-0.001, ρ_kx_obj=0.20, ρ_kx_fin=+0.192 -> frac=0.063 | t(attrs)=0.674s, t(frac)=0.002s
[2025-11-07T09:38:31-03:00] <k>=5.20, p=0.005205, px1=0.20, r_kk_obj=+0.00, r_kk_fin=-0.001, ρ_kx_obj=0.27, ρ_kx_fin=+0.257 -> frac=0.084 | t(attrs)=0.688s, t(frac)=0.002s
[2025-11-07T09:38:32-03:00] <k>=5.20, p=0.005205, px1=0.20, r_kk_obj=+0.00, r_kk_fin=-0.001, ρ_kx_obj=0.33, ρ_kx_fin=+0.327 -> frac=0.083 | t(attrs)=1.053s, t(frac)=0.002s
[2025-11-07T09:38:32-03:00] <k>=5.20, p=0.005205, px1=0.20, r_kk_obj=+0.00, r_kk_fin=-0.001, ρ_kx_obj=0.40, ρ_kx_fin=+0.392 -> frac=0.095 | t(attrs)=1.148s, t(frac)=0.002s
[2025-11-07T09:38:32-03:00] <k>=5.20, p=0.005205, px1=0.20, r_kk_obj=+0.00, r_kk_fin=-0.001, ρ_kx_obj=0.47, ρ_kx_fin=+0.457 -> frac=0.092 | t(attrs)=1.460s, t(frac)=0.002s
[2025-11-07T09:38:32-03:00] <k>=5.20, p=0.005205, px1=0.20, r_kk_obj=+0.00, r_kk_fin=-0.001, ρ_kx_obj=0.53, ρ_kx_fin=+0.525 -> frac=0.113 | t(attrs)=1.603s, t(frac)=0.002s
[2025-11-07T09:38:32-03:00] <k>=5.20, p=0.005205, px1=0.20, r_kk_obj=+0.00, r_kk_fin=-0.001, ρ_kx_obj=0.60, ρ_kx_fin=+0.511 -> frac=0.103 | t(attrs)=1.607s, t(frac)=0.002s
[2025-11-07T09:39:02-03:00] Rewire r_kk: objetivo=+0.50, alcanzado=+0.490, |Δ|=0.010, iters=2476, factor=10, tiempo=29.438s
[2025-11-07T09:39:02-03:00] <k>=5.20, p=0.005205, px1=0.20, r_kk_obj=+0.50, r_kk_fin=+0.490, ρ_kx_obj=0.00, ρ_kx_fin=+0.003 -> frac=0.042 | t(attrs)=0.099s, t(frac)=0.003s
[2025-11-07T09:39:02-03:00] <k>=5.20, p=0.005205, px1=0.20, r_kk_obj=+0.50, r_kk_fin=+0.490, ρ_kx_obj=0.13, ρ_kx_fin=+0.125 -> frac=0.055 | t(attrs)=0.220s, t(frac)=0.002s
[2025-11-07T09:39:02-03:00] <k>=5.20, p=0.005205, px1=0.20, r_kk_obj=+0.50, r_kk_fin=+0.490, ρ_kx_obj=0.07, ρ_kx_fin=+0.059 -> frac=0.055 | t(attrs)=0.239s, t(frac)=0.004s
[2025-11-07T09:39:02-03:00] <k>=5.20, p=0.005205, px1=0.20, r_kk_obj=+0.50, r_kk_fin=+0.490, ρ_kx_obj=0.20, ρ_kx_fin=+0.191 -> frac=0.045 | t(attrs)=0.583s, t(frac)=0.002s
[2025-11-07T09:39:03-03:00] <k>=5.20, p=0.005205, px1=0.20, r_kk_obj=+0.50, r_kk_fin=+0.490, ρ_kx_obj=0.27, ρ_kx_fin=+0.257 -> frac=0.058 | t(attrs)=0.952s, t(frac)=0.005s
[2025-11-07T09:39:03-03:00] <k>=5.20, p=0.005205, px1=0.20, r_kk_obj=+0.50, r_kk_fin=+0.490, ρ_kx_obj=0.33, ρ_kx_fin=+0.324 -> frac=0.068 | t(attrs)=1.541s, t(frac)=0.002s
[2025-11-07T09:39:03-03:00] <k>=5.20, p=0.005205, px1=0.20, r_kk_obj=+0.50, r_kk_fin=+0.490, ρ_kx_obj=0.40, ρ_kx_fin=+0.394 -> frac=0.076 | t(attrs)=1.546s, t(frac)=0.002s
[2025-11-07T09:39:04-03:00] <k>=5.20, p=0.005205, px1=0.20, r_kk_obj=+0.50, r_kk_fin=+0.490, ρ_kx_obj=0.47, ρ_kx_fin=+0.459 -> frac=0.091 | t(attrs)=2.065s, t(frac)=0.003s
[2025-11-07T09:39:04-03:00] <k>=5.20, p=0.005205, px1=0.20, r_kk_obj=+0.50, r_kk_fin=+0.490, ρ_kx_obj=0.53, ρ_kx_fin=+0.526 -> frac=0.108 | t(attrs)=2.251s, t(frac)=0.002s
[2025-11-07T09:39:04-03:00] <k>=5.20, p=0.005205, px1=0.20, r_kk_obj=+0.50, r_kk_fin=+0.490, ρ_kx_obj=0.60, ρ_kx_fin=+0.539 -> frac=0.111 | t(attrs)=2.263s, t(frac)=0.002s
[2025-11-07T09:39:04-03:00] Generada red ER: N=1000, <k>_obj=2.50, p=0.002503, L=1286, tiempo=0.031s
[2025-11-07T09:39:19-03:00] Rewire r_kk: objetivo=-0.50, alcanzado=-0.490, |Δ|=0.010, iters=1455, factor=10, tiempo=14.452s
[2025-11-07T09:39:19-03:00] <k>=2.50, p=0.002503, px1=0.05, r_kk_obj=-0.50, r_kk_fin=-0.490, ρ_kx_obj=0.00, ρ_kx_fin=-0.002 -> frac=0.010 | t(attrs)=0.001s, t(frac)=0.001s
[2025-11-07T09:39:19-03:00] <k>=2.50, p=0.002503, px1=0.05, r_kk_obj=-0.50, r_kk_fin=-0.490, ρ_kx_obj=0.07, ρ_kx_fin=+0.077 -> frac=0.025 | t(attrs)=0.142s, t(frac)=0.002s
[2025-11-07T09:39:19-03:00] <k>=2.50, p=0.002503, px1=0.05, r_kk_obj=-0.50, r_kk_fin=-0.490, ρ_kx_obj=0.13, ρ_kx_fin=+0.126 -> frac=0.020 | t(attrs)=0.237s, t(frac)=0.001s
[2025-11-07T09:39:19-03:00] <k>=2.50, p=0.002503, px1=0.05, r_kk_obj=-0.50, r_kk_fin=-0.490, ρ_kx_obj=0.20, ρ_kx_fin=+0.196 -> frac=0.026 | t(attrs)=0.319s, t(frac)=0.001s
[2025-11-07T09:39:19-03:00] <k>=2.50, p=0.002503, px1=0.05, r_kk_obj=-0.50, r_kk_fin=-0.490, ρ_kx_obj=0.27, ρ_kx_fin=+0.262 -> frac=0.032 | t(attrs)=0.468s, t(frac)=0.002s
[2025-11-07T09:39:19-03:00] <k>=2.50, p=0.002503, px1=0.05, r_kk_obj=-0.50, r_kk_fin=-0.490, ρ_kx_obj=0.33, ρ_kx_fin=+0.326 -> frac=0.058 | t(attrs)=0.762s, t(frac)=0.001s
[2025-11-07T09:39:20-03:00] <k>=2.50, p=0.002503, px1=0.05, r_kk_obj=-0.50, r_kk_fin=-0.490, ρ_kx_obj=0.40, ρ_kx_fin=+0.390 -> frac=0.064 | t(attrs)=1.479s, t(frac)=0.001s
[2025-11-07T09:39:20-03:00] <k>=2.50, p=0.002503, px1=0.05, r_kk_obj=-0.50, r_kk_fin=-0.490, ρ_kx_obj=0.60, ρ_kx_fin=+0.448 -> frac=0.085 | t(attrs)=1.734s, t(frac)=0.001s
[2025-11-07T09:39:20-03:00] <k>=2.50, p=0.002503, px1=0.05, r_kk_obj=-0.50, r_kk_fin=-0.490, ρ_kx_obj=0.47, ρ_kx_fin=+0.448 -> frac=0.072 | t(attrs)=1.738s, t(frac)=0.002s
[2025-11-07T09:39:20-03:00] <k>=2.50, p=0.002503, px1=0.05, r_kk_obj=-0.50, r_kk_fin=-0.490, ρ_kx_obj=0.53, ρ_kx_fin=+0.445 -> frac=0.081 | t(attrs)=1.746s, t(frac)=0.001s
[2025-11-07T09:39:21-03:00] Rewire r_kk: objetivo=+0.00, alcanzado=+0.009, |Δ|=0.009, iters=42, factor=10, tiempo=0.382s
[2025-11-07T09:39:21-03:00] <k>=2.50, p=0.002503, px1=0.05, r_kk_obj=+0.00, r_kk_fin=+0.009, ρ_kx_obj=0.00, ρ_kx_fin=-0.002 -> frac=0.016 | t(attrs)=0.001s, t(frac)=0.001s
[2025-11-07T09:39:21-03:00] <k>=2.50, p=0.002503, px1=0.05, r_kk_obj=+0.00, r_kk_fin=+0.009, ρ_kx_obj=0.07, ρ_kx_fin=+0.065 -> frac=0.020 | t(attrs)=0.009s, t(frac)=0.002s
[2025-11-07T09:39:21-03:00] <k>=2.50, p=0.002503, px1=0.05, r_kk_obj=+0.00, r_kk_fin=+0.009, ρ_kx_obj=0.13, ρ_kx_fin=+0.129 -> frac=0.018 | t(attrs)=0.253s, t(frac)=0.001s
[2025-11-07T09:39:21-03:00] <k>=2.50, p=0.002503, px1=0.05, r_kk_obj=+0.00, r_kk_fin=+0.009, ρ_kx_obj=0.20, ρ_kx_fin=+0.199 -> frac=0.026 | t(attrs)=0.552s, t(frac)=0.002s
[2025-11-07T09:39:21-03:00] <k>=2.50, p=0.002503, px1=0.05, r_kk_obj=+0.00, r_kk_fin=+0.009, ρ_kx_obj=0.27, ρ_kx_fin=+0.271 -> frac=0.030 | t(attrs)=0.700s, t(frac)=0.001s
[2025-11-07T09:39:23-03:00] <k>=2.50, p=0.002503, px1=0.05, r_kk_obj=+0.00, r_kk_fin=+0.009, ρ_kx_obj=0.33, ρ_kx_fin=+0.323 -> frac=0.022 | t(attrs)=1.912s, t(frac)=0.003s
[2025-11-07T09:39:23-03:00] <k>=2.50, p=0.002503, px1=0.05, r_kk_obj=+0.00, r_kk_fin=+0.009, ρ_kx_obj=0.53, ρ_kx_fin=+0.431 -> frac=0.029 | t(attrs)=2.590s, t(frac)=0.003s
[2025-11-07T09:39:23-03:00] <k>=2.50, p=0.002503, px1=0.05, r_kk_obj=+0.00, r_kk_fin=+0.009, ρ_kx_obj=0.40, ρ_kx_fin=+0.390 -> frac=0.030 | t(attrs)=2.647s, t(frac)=0.003s
[2025-11-07T09:39:23-03:00] <k>=2.50, p=0.002503, px1=0.05, r_kk_obj=+0.00, r_kk_fin=+0.009, ρ_kx_obj=0.60, ρ_kx_fin=+0.451 -> frac=0.028 | t(attrs)=2.755s, t(frac)=0.003s
[2025-11-07T09:39:24-03:00] <k>=2.50, p=0.002503, px1=0.05, r_kk_obj=+0.00, r_kk_fin=+0.009, ρ_kx_obj=0.47, ρ_kx_fin=+0.437 -> frac=0.031 | t(attrs)=2.796s, t(frac)=0.001s
[2025-11-07T09:39:34-03:00] Rewire r_kk: objetivo=+0.50, alcanzado=+0.491, |Δ|=0.009, iters=1098, factor=10, tiempo=10.803s
[2025-11-07T09:39:34-03:00] <k>=2.50, p=0.002503, px1=0.05, r_kk_obj=+0.50, r_kk_fin=+0.491, ρ_kx_obj=0.00, ρ_kx_fin=+0.007 -> frac=0.010 | t(attrs)=0.020s, t(frac)=0.001s
[2025-11-07T09:39:34-03:00] <k>=2.50, p=0.002503, px1=0.05, r_kk_obj=+0.50, r_kk_fin=+0.491, ρ_kx_obj=0.07, ρ_kx_fin=+0.074 -> frac=0.014 | t(attrs)=0.089s, t(frac)=0.001s
[2025-11-07T09:39:35-03:00] <k>=2.50, p=0.002503, px1=0.05, r_kk_obj=+0.50, r_kk_fin=+0.491, ρ_kx_obj=0.13, ρ_kx_fin=+0.135 -> frac=0.018 | t(attrs)=0.504s, t(frac)=0.002s
[2025-11-07T09:39:35-03:00] <k>=2.50, p=0.002503, px1=0.05, r_kk_obj=+0.50, r_kk_fin=+0.491, ρ_kx_obj=0.20, ρ_kx_fin=+0.193 -> frac=0.009 | t(attrs)=0.588s, t(frac)=0.001s
[2025-11-07T09:39:35-03:00] <k>=2.50, p=0.002503, px1=0.05, r_kk_obj=+0.50, r_kk_fin=+0.491, ρ_kx_obj=0.27, ρ_kx_fin=+0.259 -> frac=0.009 | t(attrs)=0.877s, t(frac)=0.001s
[2025-11-07T09:39:35-03:00] <k>=2.50, p=0.002503, px1=0.05, r_kk_obj=+0.50, r_kk_fin=+0.491, ρ_kx_obj=0.33, ρ_kx_fin=+0.323 -> frac=0.014 | t(attrs)=0.986s, t(frac)=0.001s
[2025-11-07T09:39:36-03:00] <k>=2.50, p=0.002503, px1=0.05, r_kk_obj=+0.50, r_kk_fin=+0.491, ρ_kx_obj=0.40, ρ_kx_fin=+0.393 -> frac=0.011 | t(attrs)=1.418s, t(frac)=0.001s
[2025-11-07T09:39:36-03:00] <k>=2.50, p=0.002503, px1=0.05, r_kk_obj=+0.50, r_kk_fin=+0.491, ρ_kx_obj=0.60, ρ_kx_fin=+0.454 -> frac=0.013 | t(attrs)=1.899s, t(frac)=0.002s
[2025-11-07T09:39:36-03:00] <k>=2.50, p=0.002503, px1=0.05, r_kk_obj=+0.50, r_kk_fin=+0.491, ρ_kx_obj=0.53, ρ_kx_fin=+0.416 -> frac=0.014 | t(attrs)=1.903s, t(frac)=0.003s
[2025-11-07T09:39:36-03:00] <k>=2.50, p=0.002503, px1=0.05, r_kk_obj=+0.50, r_kk_fin=+0.491, ρ_kx_obj=0.47, ρ_kx_fin=+0.413 -> frac=0.015 | t(attrs)=1.922s, t(frac)=0.002s
[2025-11-07T09:39:50-03:00] Rewire r_kk: objetivo=-0.50, alcanzado=-0.490, |Δ|=0.010, iters=1455, factor=10, tiempo=14.145s
[2025-11-07T09:39:50-03:00] <k>=2.50, p=0.002503, px1=0.10, r_kk_obj=-0.50, r_kk_fin=-0.490, ρ_kx_obj=0.00, ρ_kx_fin=+0.008 -> frac=0.038 | t(attrs)=0.005s, t(frac)=0.001s
[2025-11-07T09:39:50-03:00] <k>=2.50, p=0.002503, px1=0.10, r_kk_obj=-0.50, r_kk_fin=-0.490, ρ_kx_obj=0.07, ρ_kx_fin=+0.061 -> frac=0.037 | t(attrs)=0.038s, t(frac)=0.001s
[2025-11-07T09:39:50-03:00] <k>=2.50, p=0.002503, px1=0.10, r_kk_obj=-0.50, r_kk_fin=-0.490, ρ_kx_obj=0.13, ρ_kx_fin=+0.126 -> frac=0.052 | t(attrs)=0.068s, t(frac)=0.002s
[2025-11-07T09:39:51-03:00] <k>=2.50, p=0.002503, px1=0.10, r_kk_obj=-0.50, r_kk_fin=-0.490, ρ_kx_obj=0.20, ρ_kx_fin=+0.198 -> frac=0.048 | t(attrs)=0.446s, t(frac)=0.001s
[2025-11-07T09:39:51-03:00] <k>=2.50, p=0.002503, px1=0.10, r_kk_obj=-0.50, r_kk_fin=-0.490, ρ_kx_obj=0.33, ρ_kx_fin=+0.324 -> frac=0.089 | t(attrs)=0.622s, t(frac)=0.002s
[2025-11-07T09:39:51-03:00] <k>=2.50, p=0.002503, px1=0.10, r_kk_obj=-0.50, r_kk_fin=-0.490, ρ_kx_obj=0.27, ρ_kx_fin=+0.259 -> frac=0.077 | t(attrs)=0.630s, t(frac)=0.001s
[2025-11-07T09:39:52-03:00] <k>=2.50, p=0.002503, px1=0.10, r_kk_obj=-0.50, r_kk_fin=-0.490, ρ_kx_obj=0.40, ρ_kx_fin=+0.394 -> frac=0.108 | t(attrs)=1.577s, t(frac)=0.003s
[2025-11-07T09:39:53-03:00] <k>=2.50, p=0.002503, px1=0.10, r_kk_obj=-0.50, r_kk_fin=-0.490, ρ_kx_obj=0.60, ρ_kx_fin=+0.480 -> frac=0.127 | t(attrs)=2.287s, t(frac)=0.002s
[2025-11-07T09:39:53-03:00] <k>=2.50, p=0.002503, px1=0.10, r_kk_obj=-0.50, r_kk_fin=-0.490, ρ_kx_obj=0.47, ρ_kx_fin=+0.457 -> frac=0.107 | t(attrs)=2.389s, t(frac)=0.001s
[2025-11-07T09:39:53-03:00] <k>=2.50, p=0.002503, px1=0.10, r_kk_obj=-0.50, r_kk_fin=-0.490, ρ_kx_obj=0.53, ρ_kx_fin=+0.501 -> frac=0.122 | t(attrs)=2.418s, t(frac)=0.002s
[2025-11-07T09:39:53-03:00] Rewire r_kk: objetivo=+0.00, alcanzado=+0.009, |Δ|=0.009, iters=42, factor=10, tiempo=0.468s
[2025-11-07T09:39:53-03:00] <k>=2.50, p=0.002503, px1=0.10, r_kk_obj=+0.00, r_kk_fin=+0.009, ρ_kx_obj=0.00, ρ_kx_fin=+0.008 -> frac=0.030 | t(attrs)=0.027s, t(frac)=0.003s
[2025-11-07T09:39:54-03:00] <k>=2.50, p=0.002503, px1=0.10, r_kk_obj=+0.00, r_kk_fin=+0.009, ρ_kx_obj=0.13, ρ_kx_fin=+0.124 -> frac=0.041 | t(attrs)=0.292s, t(frac)=0.001s
[2025-11-07T09:39:54-03:00] <k>=2.50, p=0.002503, px1=0.10, r_kk_obj=+0.00, r_kk_fin=+0.009, ρ_kx_obj=0.07, ρ_kx_fin=+0.061 -> frac=0.029 | t(attrs)=0.297s, t(frac)=0.002s
[2025-11-07T09:39:54-03:00] <k>=2.50, p=0.002503, px1=0.10, r_kk_obj=+0.00, r_kk_fin=+0.009, ρ_kx_obj=0.20, ρ_kx_fin=+0.198 -> frac=0.056 | t(attrs)=0.572s, t(frac)=0.001s
[2025-11-07T09:39:54-03:00] <k>=2.50, p=0.002503, px1=0.10, r_kk_obj=+0.00, r_kk_fin=+0.009, ρ_kx_obj=0.27, ρ_kx_fin=+0.257 -> frac=0.050 | t(attrs)=0.647s, t(frac)=0.001s
[2025-11-07T09:39:54-03:00] <k>=2.50, p=0.002503, px1=0.10, r_kk_obj=+0.00, r_kk_fin=+0.009, ρ_kx_obj=0.33, ρ_kx_fin=+0.324 -> frac=0.063 | t(attrs)=1.004s, t(frac)=0.001s
[2025-11-07T09:39:55-03:00] <k>=2.50, p=0.002503, px1=0.10, r_kk_obj=+0.00, r_kk_fin=+0.009, ρ_kx_obj=0.40, ρ_kx_fin=+0.392 -> frac=0.075 | t(attrs)=1.272s, t(frac)=0.001s
[2025-11-07T09:39:55-03:00] <k>=2.50, p=0.002503, px1=0.10, r_kk_obj=+0.00, r_kk_fin=+0.009, ρ_kx_obj=0.47, ρ_kx_fin=+0.457 -> frac=0.082 | t(attrs)=1.500s, t(frac)=0.001s
[2025-11-07T09:39:55-03:00] <k>=2.50, p=0.002503, px1=0.10, r_kk_obj=+0.00, r_kk_fin=+0.009, ρ_kx_obj=0.53, ρ_kx_fin=+0.525 -> frac=0.080 | t(attrs)=1.621s, t(frac)=0.002s
[2025-11-07T09:39:55-03:00] <k>=2.50, p=0.002503, px1=0.10, r_kk_obj=+0.00, r_kk_fin=+0.009, ρ_kx_obj=0.60, ρ_kx_fin=+0.506 -> frac=0.083 | t(attrs)=1.629s, t(frac)=0.001s
[2025-11-07T09:40:05-03:00] Rewire r_kk: objetivo=+0.50, alcanzado=+0.491, |Δ|=0.009, iters=1098, factor=10, tiempo=9.659s
[2025-11-07T09:40:05-03:00] <k>=2.50, p=0.002503, px1=0.10, r_kk_obj=+0.50, r_kk_fin=+0.491, ρ_kx_obj=0.00, ρ_kx_fin=+0.008 -> frac=0.024 | t(attrs)=0.010s, t(frac)=0.001s
[2025-11-07T09:40:05-03:00] <k>=2.50, p=0.002503, px1=0.10, r_kk_obj=+0.50, r_kk_fin=+0.491, ρ_kx_obj=0.07, ρ_kx_fin=+0.059 -> frac=0.027 | t(attrs)=0.139s, t(frac)=0.002s
[2025-11-07T09:40:05-03:00] <k>=2.50, p=0.002503, px1=0.10, r_kk_obj=+0.50, r_kk_fin=+0.491, ρ_kx_obj=0.13, ρ_kx_fin=+0.124 -> frac=0.042 | t(attrs)=0.325s, t(frac)=0.001s
[2025-11-07T09:40:05-03:00] <k>=2.50, p=0.002503, px1=0.10, r_kk_obj=+0.50, r_kk_fin=+0.491, ρ_kx_obj=0.20, ρ_kx_fin=+0.194 -> frac=0.035 | t(attrs)=0.372s, t(frac)=0.001s
[2025-11-07T09:40:05-03:00] <k>=2.50, p=0.002503, px1=0.10, r_kk_obj=+0.50, r_kk_fin=+0.491, ρ_kx_obj=0.27, ρ_kx_fin=+0.259 -> frac=0.033 | t(attrs)=0.427s, t(frac)=0.001s
[2025-11-07T09:40:05-03:00] <k>=2.50, p=0.002503, px1=0.10, r_kk_obj=+0.50, r_kk_fin=+0.491, ρ_kx_obj=0.33, ρ_kx_fin=+0.331 -> frac=0.044 | t(attrs)=0.587s, t(frac)=0.001s
[2025-11-07T09:40:06-03:00] <k>=2.50, p=0.002503, px1=0.10, r_kk_obj=+0.50, r_kk_fin=+0.491, ρ_kx_obj=0.40, ρ_kx_fin=+0.392 -> frac=0.051 | t(attrs)=0.997s, t(frac)=0.003s
[2025-11-07T09:40:06-03:00] <k>=2.50, p=0.002503, px1=0.10, r_kk_obj=+0.50, r_kk_fin=+0.491, ρ_kx_obj=0.47, ρ_kx_fin=+0.457 -> frac=0.048 | t(attrs)=1.200s, t(frac)=0.002s
[2025-11-07T09:40:06-03:00] <k>=2.50, p=0.002503, px1=0.10, r_kk_obj=+0.50, r_kk_fin=+0.491, ρ_kx_obj=0.60, ρ_kx_fin=+0.542 -> frac=0.056 | t(attrs)=1.356s, t(frac)=0.001s
[2025-11-07T09:40:06-03:00] <k>=2.50, p=0.002503, px1=0.10, r_kk_obj=+0.50, r_kk_fin=+0.491, ρ_kx_obj=0.53, ρ_kx_fin=+0.482 -> frac=0.047 | t(attrs)=1.362s, t(frac)=0.002s
[2025-11-07T09:40:20-03:00] Rewire r_kk: objetivo=-0.50, alcanzado=-0.490, |Δ|=0.010, iters=1455, factor=10, tiempo=13.597s
[2025-11-07T09:40:20-03:00] <k>=2.50, p=0.002503, px1=0.20, r_kk_obj=-0.50, r_kk_fin=-0.490, ρ_kx_obj=0.00, ρ_kx_fin=-0.009 -> frac=0.078 | t(attrs)=0.107s, t(frac)=0.001s
[2025-11-07T09:40:20-03:00] <k>=2.50, p=0.002503, px1=0.20, r_kk_obj=-0.50, r_kk_fin=-0.490, ρ_kx_obj=0.07, ρ_kx_fin=+0.058 -> frac=0.099 | t(attrs)=0.191s, t(frac)=0.002s
[2025-11-07T09:40:20-03:00] <k>=2.50, p=0.002503, px1=0.20, r_kk_obj=-0.50, r_kk_fin=-0.490, ρ_kx_obj=0.13, ρ_kx_fin=+0.126 -> frac=0.122 | t(attrs)=0.361s, t(frac)=0.003s
[2025-11-07T09:40:20-03:00] <k>=2.50, p=0.002503, px1=0.20, r_kk_obj=-0.50, r_kk_fin=-0.490, ρ_kx_obj=0.20, ρ_kx_fin=+0.195 -> frac=0.134 | t(attrs)=0.590s, t(frac)=0.001s
[2025-11-07T09:40:21-03:00] <k>=2.50, p=0.002503, px1=0.20, r_kk_obj=-0.50, r_kk_fin=-0.490, ρ_kx_obj=0.27, ρ_kx_fin=+0.260 -> frac=0.144 | t(attrs)=0.874s, t(frac)=0.001s
[2025-11-07T09:40:21-03:00] <k>=2.50, p=0.002503, px1=0.20, r_kk_obj=-0.50, r_kk_fin=-0.490, ρ_kx_obj=0.33, ρ_kx_fin=+0.324 -> frac=0.173 | t(attrs)=0.882s, t(frac)=0.001s
[2025-11-07T09:40:21-03:00] <k>=2.50, p=0.002503, px1=0.20, r_kk_obj=-0.50, r_kk_fin=-0.490, ρ_kx_obj=0.40, ρ_kx_fin=+0.390 -> frac=0.206 | t(attrs)=1.127s, t(frac)=0.001s
[2025-11-07T09:40:21-03:00] <k>=2.50, p=0.002503, px1=0.20, r_kk_obj=-0.50, r_kk_fin=-0.490, ρ_kx_obj=0.47, ρ_kx_fin=+0.463 -> frac=0.217 | t(attrs)=1.273s, t(frac)=0.001s
[2025-11-07T09:40:21-03:00] <k>=2.50, p=0.002503, px1=0.20, r_kk_obj=-0.50, r_kk_fin=-0.490, ρ_kx_obj=0.53, ρ_kx_fin=+0.529 -> frac=0.253 | t(attrs)=1.405s, t(frac)=0.001s
[2025-11-07T09:40:21-03:00] <k>=2.50, p=0.002503, px1=0.20, r_kk_obj=-0.50, r_kk_fin=-0.490, ρ_kx_obj=0.60, ρ_kx_fin=+0.569 -> frac=0.267 | t(attrs)=1.418s, t(frac)=0.001s
[2025-11-07T09:40:21-03:00] Rewire r_kk: objetivo=+0.00, alcanzado=+0.009, |Δ|=0.009, iters=42, factor=10, tiempo=0.402s
[2025-11-07T09:40:21-03:00] <k>=2.50, p=0.002503, px1=0.20, r_kk_obj=+0.00, r_kk_fin=+0.009, ρ_kx_obj=0.00, ρ_kx_fin=+0.004 -> frac=0.077 | t(attrs)=0.002s, t(frac)=0.002s
[2025-11-07T09:40:22-03:00] <k>=2.50, p=0.002503, px1=0.20, r_kk_obj=+0.00, r_kk_fin=+0.009, ρ_kx_obj=0.07, ρ_kx_fin=+0.059 -> frac=0.091 | t(attrs)=0.990s, t(frac)=0.003s
[2025-11-07T09:40:23-03:00] <k>=2.50, p=0.002503, px1=0.20, r_kk_obj=+0.00, r_kk_fin=+0.009, ρ_kx_obj=0.13, ρ_kx_fin=+0.124 -> frac=0.106 | t(attrs)=1.398s, t(frac)=0.001s
[2025-11-07T09:40:23-03:00] <k>=2.50, p=0.002503, px1=0.20, r_kk_obj=+0.00, r_kk_fin=+0.009, ρ_kx_obj=0.20, ρ_kx_fin=+0.194 -> frac=0.116 | t(attrs)=1.414s, t(frac)=0.002s
[2025-11-07T09:40:23-03:00] <k>=2.50, p=0.002503, px1=0.20, r_kk_obj=+0.00, r_kk_fin=+0.009, ρ_kx_obj=0.27, ρ_kx_fin=+0.262 -> frac=0.138 | t(attrs)=1.798s, t(frac)=0.002s
[2025-11-07T09:40:23-03:00] <k>=2.50, p=0.002503, px1=0.20, r_kk_obj=+0.00, r_kk_fin=+0.009, ρ_kx_obj=0.33, ρ_kx_fin=+0.325 -> frac=0.149 | t(attrs)=1.838s, t(frac)=0.001s
[2025-11-07T09:40:23-03:00] <k>=2.50, p=0.002503, px1=0.20, r_kk_obj=+0.00, r_kk_fin=+0.009, ρ_kx_obj=0.40, ρ_kx_fin=+0.390 -> frac=0.156 | t(attrs)=1.975s, t(frac)=0.002s
[2025-11-07T09:40:24-03:00] <k>=2.50, p=0.002503, px1=0.20, r_kk_obj=+0.00, r_kk_fin=+0.009, ρ_kx_obj=0.47, ρ_kx_fin=+0.460 -> frac=0.183 | t(attrs)=2.398s, t(frac)=0.002s
[2025-11-07T09:40:24-03:00] <k>=2.50, p=0.002503, px1=0.20, r_kk_obj=+0.00, r_kk_fin=+0.009, ρ_kx_obj=0.53, ρ_kx_fin=+0.524 -> frac=0.180 | t(attrs)=2.429s, t(frac)=0.002s
[2025-11-07T09:40:24-03:00] <k>=2.50, p=0.002503, px1=0.20, r_kk_obj=+0.00, r_kk_fin=+0.009, ρ_kx_obj=0.60, ρ_kx_fin=+0.528 -> frac=0.195 | t(attrs)=2.468s, t(frac)=0.001s
[2025-11-07T09:40:34-03:00] Rewire r_kk: objetivo=+0.50, alcanzado=+0.491, |Δ|=0.009, iters=1098, factor=10, tiempo=9.690s
[2025-11-07T09:40:34-03:00] <k>=2.50, p=0.002503, px1=0.20, r_kk_obj=+0.50, r_kk_fin=+0.491, ρ_kx_obj=0.00, ρ_kx_fin=+0.004 -> frac=0.073 | t(attrs)=0.082s, t(frac)=0.001s
[2025-11-07T09:40:34-03:00] <k>=2.50, p=0.002503, px1=0.20, r_kk_obj=+0.50, r_kk_fin=+0.491, ρ_kx_obj=0.07, ρ_kx_fin=+0.059 -> frac=0.076 | t(attrs)=0.095s, t(frac)=0.001s
[2025-11-07T09:40:34-03:00] <k>=2.50, p=0.002503, px1=0.20, r_kk_obj=+0.50, r_kk_fin=+0.491, ρ_kx_obj=0.13, ρ_kx_fin=+0.126 -> frac=0.097 | t(attrs)=0.328s, t(frac)=0.001s
[2025-11-07T09:40:34-03:00] <k>=2.50, p=0.002503, px1=0.20, r_kk_obj=+0.50, r_kk_fin=+0.491, ρ_kx_obj=0.20, ρ_kx_fin=+0.192 -> frac=0.102 | t(attrs)=0.582s, t(frac)=0.001s
[2025-11-07T09:40:34-03:00] <k>=2.50, p=0.002503, px1=0.20, r_kk_obj=+0.50, r_kk_fin=+0.491, ρ_kx_obj=0.27, ρ_kx_fin=+0.259 -> frac=0.121 | t(attrs)=0.778s, t(frac)=0.001s
[2025-11-07T09:40:35-03:00] <k>=2.50, p=0.002503, px1=0.20, r_kk_obj=+0.50, r_kk_fin=+0.491, ρ_kx_obj=0.33, ρ_kx_fin=+0.327 -> frac=0.115 | t(attrs)=0.912s, t(frac)=0.001s
[2025-11-07T09:40:35-03:00] <k>=2.50, p=0.002503, px1=0.20, r_kk_obj=+0.50, r_kk_fin=+0.491, ρ_kx_obj=0.40, ρ_kx_fin=+0.392 -> frac=0.134 | t(attrs)=1.205s, t(frac)=0.002s
[2025-11-07T09:40:35-03:00] <k>=2.50, p=0.002503, px1=0.20, r_kk_obj=+0.50, r_kk_fin=+0.491, ρ_kx_obj=0.47, ρ_kx_fin=+0.458 -> frac=0.146 | t(attrs)=1.353s, t(frac)=0.001s
[2025-11-07T09:40:35-03:00] <k>=2.50, p=0.002503, px1=0.20, r_kk_obj=+0.50, r_kk_fin=+0.491, ρ_kx_obj=0.53, ρ_kx_fin=+0.524 -> frac=0.144 | t(attrs)=1.446s, t(frac)=0.001s
[2025-11-07T09:40:35-03:00] <k>=2.50, p=0.002503, px1=0.20, r_kk_obj=+0.50, r_kk_fin=+0.491, ρ_kx_obj=0.60, ρ_kx_fin=+0.548 -> frac=0.163 | t(attrs)=1.465s, t(frac)=0.001s
[2025-11-07T09:40:35-03:00] Generando figura...
[2025-11-07T09:40:37-03:00] Figuras guardadas en: run-e2r\N1000_251107-093552\fig3_ER.png y run-e2r\N1000_251107-093552\fig3_ER.pdf
[2025-11-07T09:40:37-03:00] Fin experimento Fig3-ER | carpeta=run-e2r\N1000_251107-093552
[2025-11-07T09:40:37-03:00] Tiempo total de ejecución: 284.74s (~4.75 min)
