[2025-11-07T13:27:37-03:00] Ejecutando script: Erdos-Renyi-v2.py | ruta=C:\Users\dcaceres\Documents\Magister\Trimestre 2\CS Redes\Tarea 2\python\Erdos-Renyi-v2.py
[2025-11-07T13:27:37-03:00] Inicio experimento Fig3-ER (paralelo por procesos) | carpeta=run-e2r\251107132737_N100
[2025-11-07T13:27:37-03:00] Procesos: usados=18, cpu_count=22
[2025-11-07T13:27:37-03:00] Parámetros: N=100, <k>=[5.2, 2.5], px1=[0.05, 0.1, 0.2], r_kk=[-0.5, 0.0, 0.5], ρ_kx=[np.float64(0.0), np.float64(0.11), np.float64(0.23), np.float64(0.34), np.float64(0.46), np.float64(0.57), np.float64(0.69), np.float64(0.8)], seed=12021974
[2025-11-07T13:27:46-03:00] Generada red ER: N=100, <k>_obj=2.50, p=0.025253, L=123, tiempo=0.001s
[2025-11-07T13:27:46-03:00] Rewire r_kk: objetivo=+0.00, alcanzado=+0.005, |Δ|=0.005, iters=0, tiempo=0.002s
[2025-11-07T13:27:46-03:00] <k>=2.50, p=0.025253, px1=0.20, r_kk_obj=+0.00, r_kk_fin=+0.005, ρ_kx_obj=0.00, ρ_kx_fin=-0.003 -> frac=0.040 | t(attrs)=0.002s, t(frac)=0.000s
[2025-11-07T13:27:46-03:00] <k>=2.50, p=0.025253, px1=0.20, r_kk_obj=+0.00, r_kk_fin=+0.005, ρ_kx_obj=0.11, ρ_kx_fin=+0.116 -> frac=0.130 | t(attrs)=0.008s, t(frac)=0.000s
[2025-11-07T13:27:46-03:00] <k>=2.50, p=0.025253, px1=0.20, r_kk_obj=+0.00, r_kk_fin=+0.005, ρ_kx_obj=0.23, ρ_kx_fin=+0.221 -> frac=0.140 | t(attrs)=0.006s, t(frac)=0.000s
[2025-11-07T13:27:46-03:00] <k>=2.50, p=0.025253, px1=0.20, r_kk_obj=+0.00, r_kk_fin=+0.005, ρ_kx_obj=0.34, ρ_kx_fin=+0.340 -> frac=0.140 | t(attrs)=0.019s, t(frac)=0.000s
[2025-11-07T13:27:46-03:00] <k>=2.50, p=0.025253, px1=0.20, r_kk_obj=+0.00, r_kk_fin=+0.005, ρ_kx_obj=0.46, ρ_kx_fin=+0.459 -> frac=0.210 | t(attrs)=0.020s, t(frac)=0.000s
[2025-11-07T13:27:46-03:00] <k>=2.50, p=0.025253, px1=0.20, r_kk_obj=+0.00, r_kk_fin=+0.005, ρ_kx_obj=0.57, ρ_kx_fin=+0.564 -> frac=0.200 | t(attrs)=0.031s, t(frac)=0.000s
[2025-11-07T13:27:46-03:00] <k>=2.50, p=0.025253, px1=0.20, r_kk_obj=+0.00, r_kk_fin=+0.005, ρ_kx_obj=0.69, ρ_kx_fin=+0.683 -> frac=0.210 | t(attrs)=0.096s, t(frac)=0.000s
[2025-11-07T13:27:46-03:00] <k>=2.50, p=0.025253, px1=0.20, r_kk_obj=+0.00, r_kk_fin=+0.005, ρ_kx_obj=0.80, ρ_kx_fin=+0.728 -> frac=0.220 | t(attrs)=3.639s, t(frac)=0.000s
[2025-11-07T13:27:46-03:00] Curva lista: <k>=2.50, px1=0.20, r_kk_obj=+0.00, r_kk_fin=+0.005, p=0.025253, t_curva=3.83s (t_gen=0.00s, t_rew=0.00s, t_rho_total=3.82s; t_attrs=3.82s, t_frac=0.00s)
[2025-11-07T13:27:46-03:00] Generada red ER: N=100, <k>_obj=5.20, p=0.052525, L=269, tiempo=0.002s
[2025-11-07T13:27:46-03:00] Rewire r_kk: objetivo=+0.00, alcanzado=-0.001, |Δ|=0.001, iters=16, tiempo=0.032s
[2025-11-07T13:27:46-03:00] <k>=5.20, p=0.052525, px1=0.20, r_kk_obj=+0.00, r_kk_fin=-0.001, ρ_kx_obj=0.00, ρ_kx_fin=-0.006 -> frac=0.070 | t(attrs)=0.023s, t(frac)=0.000s
[2025-11-07T13:27:46-03:00] <k>=5.20, p=0.052525, px1=0.20, r_kk_obj=+0.00, r_kk_fin=-0.001, ρ_kx_obj=0.11, ρ_kx_fin=+0.121 -> frac=0.010 | t(attrs)=0.002s, t(frac)=0.000s
[2025-11-07T13:27:46-03:00] <k>=5.20, p=0.052525, px1=0.20, r_kk_obj=+0.00, r_kk_fin=-0.001, ρ_kx_obj=0.23, ρ_kx_fin=+0.228 -> frac=0.060 | t(attrs)=0.016s, t(frac)=0.000s
[2025-11-07T13:27:46-03:00] <k>=5.20, p=0.052525, px1=0.20, r_kk_obj=+0.00, r_kk_fin=-0.001, ρ_kx_obj=0.34, ρ_kx_fin=+0.334 -> frac=0.070 | t(attrs)=0.008s, t(frac)=0.000s
[2025-11-07T13:27:46-03:00] <k>=5.20, p=0.052525, px1=0.20, r_kk_obj=+0.00, r_kk_fin=-0.001, ρ_kx_obj=0.46, ρ_kx_fin=+0.462 -> frac=0.090 | t(attrs)=0.058s, t(frac)=0.000s
[2025-11-07T13:27:46-03:00] <k>=5.20, p=0.052525, px1=0.20, r_kk_obj=+0.00, r_kk_fin=-0.001, ρ_kx_obj=0.57, ρ_kx_fin=+0.579 -> frac=0.120 | t(attrs)=0.071s, t(frac)=0.000s
[2025-11-07T13:27:46-03:00] <k>=5.20, p=0.052525, px1=0.20, r_kk_obj=+0.00, r_kk_fin=-0.001, ρ_kx_obj=0.69, ρ_kx_fin=+0.686 -> frac=0.140 | t(attrs)=0.375s, t(frac)=0.001s
[2025-11-07T13:27:46-03:00] <k>=5.20, p=0.052525, px1=0.20, r_kk_obj=+0.00, r_kk_fin=-0.001, ρ_kx_obj=0.80, ρ_kx_fin=+0.696 -> frac=0.120 | t(attrs)=3.546s, t(frac)=0.000s
[2025-11-07T13:27:46-03:00] Curva lista: <k>=5.20, px1=0.20, r_kk_obj=+0.00, r_kk_fin=-0.001, p=0.052525, t_curva=4.14s (t_gen=0.00s, t_rew=0.03s, t_rho_total=4.10s; t_attrs=4.10s, t_frac=0.00s)
[2025-11-07T13:27:46-03:00] Generada red ER: N=100, <k>_obj=2.50, p=0.025253, L=123, tiempo=0.002s
[2025-11-07T13:27:46-03:00] Rewire r_kk: objetivo=+0.50, alcanzado=+0.511, |Δ|=0.011, iters=93, tiempo=0.150s
[2025-11-07T13:27:46-03:00] <k>=2.50, p=0.025253, px1=0.20, r_kk_obj=+0.50, r_kk_fin=+0.511, ρ_kx_obj=0.00, ρ_kx_fin=-0.003 -> frac=0.080 | t(attrs)=0.002s, t(frac)=0.000s
[2025-11-07T13:27:46-03:00] <k>=2.50, p=0.025253, px1=0.20, r_kk_obj=+0.50, r_kk_fin=+0.511, ρ_kx_obj=0.11, ρ_kx_fin=+0.116 -> frac=0.080 | t(attrs)=0.005s, t(frac)=0.000s
[2025-11-07T13:27:46-03:00] <k>=2.50, p=0.025253, px1=0.20, r_kk_obj=+0.50, r_kk_fin=+0.511, ρ_kx_obj=0.23, ρ_kx_fin=+0.236 -> frac=0.110 | t(attrs)=0.005s, t(frac)=0.000s
[2025-11-07T13:27:46-03:00] <k>=2.50, p=0.025253, px1=0.20, r_kk_obj=+0.50, r_kk_fin=+0.511, ρ_kx_obj=0.34, ρ_kx_fin=+0.340 -> frac=0.120 | t(attrs)=0.012s, t(frac)=0.000s
[2025-11-07T13:27:46-03:00] <k>=2.50, p=0.025253, px1=0.20, r_kk_obj=+0.50, r_kk_fin=+0.511, ρ_kx_obj=0.46, ρ_kx_fin=+0.459 -> frac=0.140 | t(attrs)=0.023s, t(frac)=0.000s
[2025-11-07T13:27:46-03:00] <k>=2.50, p=0.025253, px1=0.20, r_kk_obj=+0.50, r_kk_fin=+0.511, ρ_kx_obj=0.57, ρ_kx_fin=+0.564 -> frac=0.160 | t(attrs)=0.052s, t(frac)=0.000s
[2025-11-07T13:27:46-03:00] <k>=2.50, p=0.025253, px1=0.20, r_kk_obj=+0.50, r_kk_fin=+0.511, ρ_kx_obj=0.69, ρ_kx_fin=+0.683 -> frac=0.160 | t(attrs)=0.102s, t(frac)=0.000s
[2025-11-07T13:27:46-03:00] <k>=2.50, p=0.025253, px1=0.20, r_kk_obj=+0.50, r_kk_fin=+0.511, ρ_kx_obj=0.80, ρ_kx_fin=+0.728 -> frac=0.210 | t(attrs)=3.790s, t(frac)=0.000s
[2025-11-07T13:27:46-03:00] Curva lista: <k>=2.50, px1=0.20, r_kk_obj=+0.50, r_kk_fin=+0.511, p=0.025253, t_curva=4.15s (t_gen=0.00s, t_rew=0.15s, t_rho_total=3.99s; t_attrs=3.99s, t_frac=0.00s)
[2025-11-07T13:27:46-03:00] Generada red ER: N=100, <k>_obj=2.50, p=0.025253, L=123, tiempo=0.002s
[2025-11-07T13:27:46-03:00] Rewire r_kk: objetivo=-0.50, alcanzado=-0.490, |Δ|=0.010, iters=151, tiempo=0.272s
[2025-11-07T13:27:46-03:00] <k>=2.50, p=0.025253, px1=0.20, r_kk_obj=-0.50, r_kk_fin=-0.490, ρ_kx_obj=0.00, ρ_kx_fin=-0.003 -> frac=0.070 | t(attrs)=0.011s, t(frac)=0.000s
[2025-11-07T13:27:46-03:00] <k>=2.50, p=0.025253, px1=0.20, r_kk_obj=-0.50, r_kk_fin=-0.490, ρ_kx_obj=0.11, ρ_kx_fin=+0.116 -> frac=0.090 | t(attrs)=0.001s, t(frac)=0.000s
[2025-11-07T13:27:46-03:00] <k>=2.50, p=0.025253, px1=0.20, r_kk_obj=-0.50, r_kk_fin=-0.490, ρ_kx_obj=0.23, ρ_kx_fin=+0.221 -> frac=0.160 | t(attrs)=0.002s, t(frac)=0.000s
[2025-11-07T13:27:46-03:00] <k>=2.50, p=0.025253, px1=0.20, r_kk_obj=-0.50, r_kk_fin=-0.490, ρ_kx_obj=0.34, ρ_kx_fin=+0.340 -> frac=0.160 | t(attrs)=0.019s, t(frac)=0.001s
[2025-11-07T13:27:46-03:00] <k>=2.50, p=0.025253, px1=0.20, r_kk_obj=-0.50, r_kk_fin=-0.490, ρ_kx_obj=0.46, ρ_kx_fin=+0.459 -> frac=0.260 | t(attrs)=0.034s, t(frac)=0.000s
[2025-11-07T13:27:46-03:00] <k>=2.50, p=0.025253, px1=0.20, r_kk_obj=-0.50, r_kk_fin=-0.490, ρ_kx_obj=0.57, ρ_kx_fin=+0.564 -> frac=0.280 | t(attrs)=0.028s, t(frac)=0.000s
[2025-11-07T13:27:46-03:00] <k>=2.50, p=0.025253, px1=0.20, r_kk_obj=-0.50, r_kk_fin=-0.490, ρ_kx_obj=0.69, ρ_kx_fin=+0.683 -> frac=0.280 | t(attrs)=0.081s, t(frac)=0.000s
[2025-11-07T13:27:46-03:00] <k>=2.50, p=0.025253, px1=0.20, r_kk_obj=-0.50, r_kk_fin=-0.490, ρ_kx_obj=0.80, ρ_kx_fin=+0.728 -> frac=0.340 | t(attrs)=3.769s, t(frac)=0.000s
[2025-11-07T13:27:46-03:00] Curva lista: <k>=2.50, px1=0.20, r_kk_obj=-0.50, r_kk_fin=-0.490, p=0.025253, t_curva=4.22s (t_gen=0.00s, t_rew=0.27s, t_rho_total=3.95s; t_attrs=3.95s, t_frac=0.00s)
[2025-11-07T13:27:46-03:00] Generada red ER: N=100, <k>_obj=5.20, p=0.052525, L=269, tiempo=0.001s
[2025-11-07T13:27:46-03:00] Rewire r_kk: objetivo=-0.50, alcanzado=-0.485, |Δ|=0.015, iters=236, tiempo=0.518s
[2025-11-07T13:27:46-03:00] <k>=5.20, p=0.052525, px1=0.20, r_kk_obj=-0.50, r_kk_fin=-0.485, ρ_kx_obj=0.00, ρ_kx_fin=-0.006 -> frac=0.030 | t(attrs)=0.003s, t(frac)=0.000s
[2025-11-07T13:27:46-03:00] <k>=5.20, p=0.052525, px1=0.20, r_kk_obj=-0.50, r_kk_fin=-0.485, ρ_kx_obj=0.11, ρ_kx_fin=+0.111 -> frac=0.110 | t(attrs)=0.008s, t(frac)=0.000s
[2025-11-07T13:27:46-03:00] <k>=5.20, p=0.052525, px1=0.20, r_kk_obj=-0.50, r_kk_fin=-0.485, ρ_kx_obj=0.23, ρ_kx_fin=+0.238 -> frac=0.120 | t(attrs)=0.016s, t(frac)=0.000s
[2025-11-07T13:27:46-03:00] <k>=5.20, p=0.052525, px1=0.20, r_kk_obj=-0.50, r_kk_fin=-0.485, ρ_kx_obj=0.34, ρ_kx_fin=+0.345 -> frac=0.080 | t(attrs)=0.030s, t(frac)=0.000s
[2025-11-07T13:27:46-03:00] <k>=5.20, p=0.052525, px1=0.20, r_kk_obj=-0.50, r_kk_fin=-0.485, ρ_kx_obj=0.46, ρ_kx_fin=+0.462 -> frac=0.150 | t(attrs)=0.048s, t(frac)=0.000s
[2025-11-07T13:27:46-03:00] <k>=5.20, p=0.052525, px1=0.20, r_kk_obj=-0.50, r_kk_fin=-0.485, ρ_kx_obj=0.57, ρ_kx_fin=+0.568 -> frac=0.220 | t(attrs)=0.050s, t(frac)=0.000s
[2025-11-07T13:27:46-03:00] <k>=5.20, p=0.052525, px1=0.20, r_kk_obj=-0.50, r_kk_fin=-0.485, ρ_kx_obj=0.69, ρ_kx_fin=+0.686 -> frac=0.270 | t(attrs)=0.294s, t(frac)=0.000s
[2025-11-07T13:27:46-03:00] <k>=5.20, p=0.052525, px1=0.20, r_kk_obj=-0.50, r_kk_fin=-0.485, ρ_kx_obj=0.80, ρ_kx_fin=+0.696 -> frac=0.300 | t(attrs)=3.541s, t(frac)=0.000s
[2025-11-07T13:27:46-03:00] Curva lista: <k>=5.20, px1=0.20, r_kk_obj=-0.50, r_kk_fin=-0.485, p=0.052525, t_curva=4.51s (t_gen=0.00s, t_rew=0.52s, t_rho_total=3.99s; t_attrs=3.99s, t_frac=0.00s)
[2025-11-07T13:27:46-03:00] Generada red ER: N=100, <k>_obj=5.20, p=0.052525, L=269, tiempo=0.002s
[2025-11-07T13:27:46-03:00] Rewire r_kk: objetivo=+0.50, alcanzado=+0.486, |Δ|=0.014, iters=232, tiempo=0.609s
[2025-11-07T13:27:46-03:00] <k>=5.20, p=0.052525, px1=0.20, r_kk_obj=+0.50, r_kk_fin=+0.486, ρ_kx_obj=0.00, ρ_kx_fin=-0.006 -> frac=0.020 | t(attrs)=0.002s, t(frac)=0.001s
[2025-11-07T13:27:46-03:00] <k>=5.20, p=0.052525, px1=0.20, r_kk_obj=+0.50, r_kk_fin=+0.486, ρ_kx_obj=0.11, ρ_kx_fin=+0.121 -> frac=0.060 | t(attrs)=0.012s, t(frac)=0.001s
[2025-11-07T13:27:46-03:00] <k>=5.20, p=0.052525, px1=0.20, r_kk_obj=+0.50, r_kk_fin=+0.486, ρ_kx_obj=0.23, ρ_kx_fin=+0.238 -> frac=0.080 | t(attrs)=0.005s, t(frac)=0.001s
[2025-11-07T13:27:46-03:00] <k>=5.20, p=0.052525, px1=0.20, r_kk_obj=+0.50, r_kk_fin=+0.486, ρ_kx_obj=0.34, ρ_kx_fin=+0.334 -> frac=0.060 | t(attrs)=0.044s, t(frac)=0.001s
[2025-11-07T13:27:46-03:00] <k>=5.20, p=0.052525, px1=0.20, r_kk_obj=+0.50, r_kk_fin=+0.486, ρ_kx_obj=0.46, ρ_kx_fin=+0.451 -> frac=0.090 | t(attrs)=0.029s, t(frac)=0.000s
[2025-11-07T13:27:46-03:00] <k>=5.20, p=0.052525, px1=0.20, r_kk_obj=+0.50, r_kk_fin=+0.486, ρ_kx_obj=0.57, ρ_kx_fin=+0.568 -> frac=0.080 | t(attrs)=0.063s, t(frac)=0.000s
[2025-11-07T13:27:46-03:00] <k>=5.20, p=0.052525, px1=0.20, r_kk_obj=+0.50, r_kk_fin=+0.486, ρ_kx_obj=0.69, ρ_kx_fin=+0.686 -> frac=0.140 | t(attrs)=0.180s, t(frac)=0.000s
[2025-11-07T13:27:46-03:00] <k>=5.20, p=0.052525, px1=0.20, r_kk_obj=+0.50, r_kk_fin=+0.486, ρ_kx_obj=0.80, ρ_kx_fin=+0.696 -> frac=0.180 | t(attrs)=3.781s, t(frac)=0.000s
[2025-11-07T13:27:46-03:00] Curva lista: <k>=5.20, px1=0.20, r_kk_obj=+0.50, r_kk_fin=+0.486, p=0.052525, t_curva=4.73s (t_gen=0.00s, t_rew=0.61s, t_rho_total=4.12s; t_attrs=4.12s, t_frac=0.01s)
[2025-11-07T13:27:48-03:00] Generada red ER: N=100, <k>_obj=5.20, p=0.052525, L=269, tiempo=0.003s
[2025-11-07T13:27:48-03:00] Rewire r_kk: objetivo=+0.00, alcanzado=-0.001, |Δ|=0.001, iters=16, tiempo=0.044s
[2025-11-07T13:27:48-03:00] <k>=5.20, p=0.052525, px1=0.10, r_kk_obj=+0.00, r_kk_fin=-0.001, ρ_kx_obj=0.00, ρ_kx_fin=+0.003 -> frac=0.010 | t(attrs)=0.006s, t(frac)=0.000s
[2025-11-07T13:27:48-03:00] <k>=5.20, p=0.052525, px1=0.10, r_kk_obj=+0.00, r_kk_fin=-0.001, ρ_kx_obj=0.11, ρ_kx_fin=+0.116 -> frac=0.030 | t(attrs)=0.007s, t(frac)=0.000s
[2025-11-07T13:27:48-03:00] <k>=5.20, p=0.052525, px1=0.10, r_kk_obj=+0.00, r_kk_fin=-0.001, ρ_kx_obj=0.23, ρ_kx_fin=+0.230 -> frac=0.020 | t(attrs)=0.004s, t(frac)=0.000s
[2025-11-07T13:27:48-03:00] <k>=5.20, p=0.052525, px1=0.10, r_kk_obj=+0.00, r_kk_fin=-0.001, ρ_kx_obj=0.34, ρ_kx_fin=+0.343 -> frac=0.020 | t(attrs)=0.016s, t(frac)=0.000s
[2025-11-07T13:27:48-03:00] <k>=5.20, p=0.052525, px1=0.10, r_kk_obj=+0.00, r_kk_fin=-0.001, ρ_kx_obj=0.46, ρ_kx_fin=+0.457 -> frac=0.040 | t(attrs)=0.042s, t(frac)=0.000s
[2025-11-07T13:27:48-03:00] <k>=5.20, p=0.052525, px1=0.10, r_kk_obj=+0.00, r_kk_fin=-0.001, ρ_kx_obj=0.57, ρ_kx_fin=+0.571 -> frac=0.030 | t(attrs)=0.240s, t(frac)=0.000s
[2025-11-07T13:27:48-03:00] <k>=5.20, p=0.052525, px1=0.10, r_kk_obj=+0.00, r_kk_fin=-0.001, ρ_kx_obj=0.69, ρ_kx_fin=+0.571 -> frac=0.020 | t(attrs)=3.588s, t(frac)=0.000s
[2025-11-07T13:27:48-03:00] <k>=5.20, p=0.052525, px1=0.10, r_kk_obj=+0.00, r_kk_fin=-0.001, ρ_kx_obj=0.80, ρ_kx_fin=+0.571 -> frac=0.030 | t(attrs)=2.912s, t(frac)=0.000s
[2025-11-07T13:27:48-03:00] Curva lista: <k>=5.20, px1=0.10, r_kk_obj=+0.00, r_kk_fin=-0.001, p=0.052525, t_curva=6.86s (t_gen=0.00s, t_rew=0.04s, t_rho_total=6.82s; t_attrs=6.81s, t_frac=0.00s)
[2025-11-07T13:27:48-03:00] Generada red ER: N=100, <k>_obj=5.20, p=0.052525, L=269, tiempo=0.001s
[2025-11-07T13:27:48-03:00] Rewire r_kk: objetivo=-0.50, alcanzado=-0.485, |Δ|=0.015, iters=236, tiempo=0.450s
[2025-11-07T13:27:48-03:00] <k>=5.20, p=0.052525, px1=0.10, r_kk_obj=-0.50, r_kk_fin=-0.485, ρ_kx_obj=0.00, ρ_kx_fin=+0.003 -> frac=0.020 | t(attrs)=0.005s, t(frac)=0.000s
[2025-11-07T13:27:48-03:00] <k>=5.20, p=0.052525, px1=0.10, r_kk_obj=-0.50, r_kk_fin=-0.485, ρ_kx_obj=0.11, ρ_kx_fin=+0.116 -> frac=0.020 | t(attrs)=0.003s, t(frac)=0.000s
[2025-11-07T13:27:48-03:00] <k>=5.20, p=0.052525, px1=0.10, r_kk_obj=-0.50, r_kk_fin=-0.485, ρ_kx_obj=0.23, ρ_kx_fin=+0.230 -> frac=0.010 | t(attrs)=0.017s, t(frac)=0.000s
[2025-11-07T13:27:48-03:00] <k>=5.20, p=0.052525, px1=0.10, r_kk_obj=-0.50, r_kk_fin=-0.485, ρ_kx_obj=0.34, ρ_kx_fin=+0.343 -> frac=0.060 | t(attrs)=0.021s, t(frac)=0.000s
[2025-11-07T13:27:48-03:00] <k>=5.20, p=0.052525, px1=0.10, r_kk_obj=-0.50, r_kk_fin=-0.485, ρ_kx_obj=0.46, ρ_kx_fin=+0.457 -> frac=0.080 | t(attrs)=0.041s, t(frac)=0.000s
[2025-11-07T13:27:48-03:00] <k>=5.20, p=0.052525, px1=0.10, r_kk_obj=-0.50, r_kk_fin=-0.485, ρ_kx_obj=0.57, ρ_kx_fin=+0.571 -> frac=0.140 | t(attrs)=0.102s, t(frac)=0.000s
[2025-11-07T13:27:48-03:00] <k>=5.20, p=0.052525, px1=0.10, r_kk_obj=-0.50, r_kk_fin=-0.485, ρ_kx_obj=0.69, ρ_kx_fin=+0.571 -> frac=0.120 | t(attrs)=3.763s, t(frac)=0.000s
[2025-11-07T13:27:48-03:00] <k>=5.20, p=0.052525, px1=0.10, r_kk_obj=-0.50, r_kk_fin=-0.485, ρ_kx_obj=0.80, ρ_kx_fin=+0.571 -> frac=0.120 | t(attrs)=3.047s, t(frac)=0.000s
[2025-11-07T13:27:48-03:00] Curva lista: <k>=5.20, px1=0.10, r_kk_obj=-0.50, r_kk_fin=-0.485, p=0.052525, t_curva=7.45s (t_gen=0.00s, t_rew=0.45s, t_rho_total=7.00s; t_attrs=7.00s, t_frac=0.00s)
[2025-11-07T13:27:48-03:00] Generada red ER: N=100, <k>_obj=5.20, p=0.052525, L=269, tiempo=0.003s
[2025-11-07T13:27:48-03:00] Rewire r_kk: objetivo=+0.50, alcanzado=+0.486, |Δ|=0.014, iters=232, tiempo=0.532s
[2025-11-07T13:27:48-03:00] <k>=5.20, p=0.052525, px1=0.10, r_kk_obj=+0.50, r_kk_fin=+0.486, ρ_kx_obj=0.00, ρ_kx_fin=+0.003 -> frac=0.000 | t(attrs)=0.003s, t(frac)=0.000s
[2025-11-07T13:27:48-03:00] <k>=5.20, p=0.052525, px1=0.10, r_kk_obj=+0.50, r_kk_fin=+0.486, ρ_kx_obj=0.11, ρ_kx_fin=+0.116 -> frac=0.020 | t(attrs)=0.002s, t(frac)=0.000s
[2025-11-07T13:27:48-03:00] <k>=5.20, p=0.052525, px1=0.10, r_kk_obj=+0.50, r_kk_fin=+0.486, ρ_kx_obj=0.23, ρ_kx_fin=+0.230 -> frac=0.020 | t(attrs)=0.016s, t(frac)=0.000s
[2025-11-07T13:27:48-03:00] <k>=5.20, p=0.052525, px1=0.10, r_kk_obj=+0.50, r_kk_fin=+0.486, ρ_kx_obj=0.34, ρ_kx_fin=+0.343 -> frac=0.000 | t(attrs)=0.015s, t(frac)=0.000s
[2025-11-07T13:27:48-03:00] <k>=5.20, p=0.052525, px1=0.10, r_kk_obj=+0.50, r_kk_fin=+0.486, ρ_kx_obj=0.46, ρ_kx_fin=+0.457 -> frac=0.000 | t(attrs)=0.035s, t(frac)=0.000s
[2025-11-07T13:27:48-03:00] <k>=5.20, p=0.052525, px1=0.10, r_kk_obj=+0.50, r_kk_fin=+0.486, ρ_kx_obj=0.57, ρ_kx_fin=+0.571 -> frac=0.010 | t(attrs)=0.118s, t(frac)=0.000s
[2025-11-07T13:27:48-03:00] <k>=5.20, p=0.052525, px1=0.10, r_kk_obj=+0.50, r_kk_fin=+0.486, ρ_kx_obj=0.69, ρ_kx_fin=+0.571 -> frac=0.010 | t(attrs)=3.442s, t(frac)=0.000s
[2025-11-07T13:27:48-03:00] <k>=5.20, p=0.052525, px1=0.10, r_kk_obj=+0.50, r_kk_fin=+0.486, ρ_kx_obj=0.80, ρ_kx_fin=+0.571 -> frac=0.010 | t(attrs)=2.884s, t(frac)=0.000s
[2025-11-07T13:27:48-03:00] Curva lista: <k>=5.20, px1=0.10, r_kk_obj=+0.50, r_kk_fin=+0.486, p=0.052525, t_curva=7.06s (t_gen=0.00s, t_rew=0.53s, t_rho_total=6.52s; t_attrs=6.52s, t_frac=0.00s)
[2025-11-07T13:27:49-03:00] Generada red ER: N=100, <k>_obj=2.50, p=0.025253, L=123, tiempo=0.002s
[2025-11-07T13:27:49-03:00] Rewire r_kk: objetivo=+0.00, alcanzado=+0.005, |Δ|=0.005, iters=0, tiempo=0.003s
[2025-11-07T13:27:49-03:00] <k>=2.50, p=0.025253, px1=0.10, r_kk_obj=+0.00, r_kk_fin=+0.005, ρ_kx_obj=0.00, ρ_kx_fin=+0.008 -> frac=0.070 | t(attrs)=0.004s, t(frac)=0.000s
[2025-11-07T13:27:49-03:00] <k>=2.50, p=0.025253, px1=0.10, r_kk_obj=+0.00, r_kk_fin=+0.005, ρ_kx_obj=0.11, ρ_kx_fin=+0.107 -> frac=0.060 | t(attrs)=0.003s, t(frac)=0.000s
[2025-11-07T13:27:49-03:00] <k>=2.50, p=0.025253, px1=0.10, r_kk_obj=+0.00, r_kk_fin=+0.005, ρ_kx_obj=0.23, ρ_kx_fin=+0.227 -> frac=0.050 | t(attrs)=0.005s, t(frac)=0.000s
[2025-11-07T13:27:49-03:00] <k>=2.50, p=0.025253, px1=0.10, r_kk_obj=+0.00, r_kk_fin=+0.005, ρ_kx_obj=0.34, ρ_kx_fin=+0.346 -> frac=0.040 | t(attrs)=0.020s, t(frac)=0.000s
[2025-11-07T13:27:49-03:00] <k>=2.50, p=0.025253, px1=0.10, r_kk_obj=+0.00, r_kk_fin=+0.005, ρ_kx_obj=0.46, ρ_kx_fin=+0.465 -> frac=0.090 | t(attrs)=0.052s, t(frac)=0.000s
[2025-11-07T13:27:49-03:00] <k>=2.50, p=0.025253, px1=0.10, r_kk_obj=+0.00, r_kk_fin=+0.005, ρ_kx_obj=0.57, ρ_kx_fin=+0.565 -> frac=0.060 | t(attrs)=0.075s, t(frac)=0.000s
[2025-11-07T13:27:49-03:00] <k>=2.50, p=0.025253, px1=0.10, r_kk_obj=+0.00, r_kk_fin=+0.005, ρ_kx_obj=0.69, ρ_kx_fin=+0.605 -> frac=0.110 | t(attrs)=3.765s, t(frac)=0.000s
[2025-11-07T13:27:49-03:00] <k>=2.50, p=0.025253, px1=0.10, r_kk_obj=+0.00, r_kk_fin=+0.005, ρ_kx_obj=0.80, ρ_kx_fin=+0.605 -> frac=0.090 | t(attrs)=2.814s, t(frac)=0.000s
[2025-11-07T13:27:49-03:00] Curva lista: <k>=2.50, px1=0.10, r_kk_obj=+0.00, r_kk_fin=+0.005, p=0.025253, t_curva=6.75s (t_gen=0.00s, t_rew=0.00s, t_rho_total=6.74s; t_attrs=6.74s, t_frac=0.00s)
[2025-11-07T13:27:49-03:00] Generada red ER: N=100, <k>_obj=2.50, p=0.025253, L=123, tiempo=0.002s
[2025-11-07T13:27:49-03:00] Rewire r_kk: objetivo=+0.50, alcanzado=+0.511, |Δ|=0.011, iters=93, tiempo=0.208s
[2025-11-07T13:27:49-03:00] <k>=2.50, p=0.025253, px1=0.10, r_kk_obj=+0.50, r_kk_fin=+0.511, ρ_kx_obj=0.00, ρ_kx_fin=+0.008 -> frac=0.020 | t(attrs)=0.012s, t(frac)=0.000s
[2025-11-07T13:27:49-03:00] <k>=2.50, p=0.025253, px1=0.10, r_kk_obj=+0.50, r_kk_fin=+0.511, ρ_kx_obj=0.11, ρ_kx_fin=+0.107 -> frac=0.030 | t(attrs)=0.004s, t(frac)=0.000s
[2025-11-07T13:27:49-03:00] <k>=2.50, p=0.025253, px1=0.10, r_kk_obj=+0.50, r_kk_fin=+0.511, ρ_kx_obj=0.23, ρ_kx_fin=+0.227 -> frac=0.070 | t(attrs)=0.010s, t(frac)=0.000s
[2025-11-07T13:27:49-03:00] <k>=2.50, p=0.025253, px1=0.10, r_kk_obj=+0.50, r_kk_fin=+0.511, ρ_kx_obj=0.34, ρ_kx_fin=+0.346 -> frac=0.040 | t(attrs)=0.019s, t(frac)=0.000s
[2025-11-07T13:27:49-03:00] <k>=2.50, p=0.025253, px1=0.10, r_kk_obj=+0.50, r_kk_fin=+0.511, ρ_kx_obj=0.46, ρ_kx_fin=+0.465 -> frac=0.040 | t(attrs)=0.054s, t(frac)=0.000s
[2025-11-07T13:27:49-03:00] <k>=2.50, p=0.025253, px1=0.10, r_kk_obj=+0.50, r_kk_fin=+0.511, ρ_kx_obj=0.57, ρ_kx_fin=+0.565 -> frac=0.040 | t(attrs)=0.039s, t(frac)=0.000s
[2025-11-07T13:27:49-03:00] <k>=2.50, p=0.025253, px1=0.10, r_kk_obj=+0.50, r_kk_fin=+0.511, ρ_kx_obj=0.69, ρ_kx_fin=+0.605 -> frac=0.040 | t(attrs)=3.494s, t(frac)=0.000s
[2025-11-07T13:27:49-03:00] <k>=2.50, p=0.025253, px1=0.10, r_kk_obj=+0.50, r_kk_fin=+0.511, ρ_kx_obj=0.80, ρ_kx_fin=+0.605 -> frac=0.030 | t(attrs)=2.956s, t(frac)=0.000s
[2025-11-07T13:27:49-03:00] Curva lista: <k>=2.50, px1=0.10, r_kk_obj=+0.50, r_kk_fin=+0.511, p=0.025253, t_curva=6.80s (t_gen=0.00s, t_rew=0.21s, t_rho_total=6.59s; t_attrs=6.59s, t_frac=0.00s)
[2025-11-07T13:27:49-03:00] Generada red ER: N=100, <k>_obj=2.50, p=0.025253, L=123, tiempo=0.001s
[2025-11-07T13:27:49-03:00] Rewire r_kk: objetivo=-0.50, alcanzado=-0.490, |Δ|=0.010, iters=151, tiempo=0.268s
[2025-11-07T13:27:49-03:00] <k>=2.50, p=0.025253, px1=0.10, r_kk_obj=-0.50, r_kk_fin=-0.490, ρ_kx_obj=0.00, ρ_kx_fin=+0.008 -> frac=0.030 | t(attrs)=0.003s, t(frac)=0.000s
[2025-11-07T13:27:49-03:00] <k>=2.50, p=0.025253, px1=0.10, r_kk_obj=-0.50, r_kk_fin=-0.490, ρ_kx_obj=0.11, ρ_kx_fin=+0.107 -> frac=0.030 | t(attrs)=0.006s, t(frac)=0.000s
[2025-11-07T13:27:49-03:00] <k>=2.50, p=0.025253, px1=0.10, r_kk_obj=-0.50, r_kk_fin=-0.490, ρ_kx_obj=0.23, ρ_kx_fin=+0.227 -> frac=0.070 | t(attrs)=0.005s, t(frac)=0.000s
[2025-11-07T13:27:49-03:00] <k>=2.50, p=0.025253, px1=0.10, r_kk_obj=-0.50, r_kk_fin=-0.490, ρ_kx_obj=0.34, ρ_kx_fin=+0.346 -> frac=0.080 | t(attrs)=0.026s, t(frac)=0.000s
[2025-11-07T13:27:49-03:00] <k>=2.50, p=0.025253, px1=0.10, r_kk_obj=-0.50, r_kk_fin=-0.490, ρ_kx_obj=0.46, ρ_kx_fin=+0.465 -> frac=0.140 | t(attrs)=0.046s, t(frac)=0.000s
[2025-11-07T13:27:49-03:00] <k>=2.50, p=0.025253, px1=0.10, r_kk_obj=-0.50, r_kk_fin=-0.490, ρ_kx_obj=0.57, ρ_kx_fin=+0.565 -> frac=0.160 | t(attrs)=0.067s, t(frac)=0.000s
[2025-11-07T13:27:49-03:00] <k>=2.50, p=0.025253, px1=0.10, r_kk_obj=-0.50, r_kk_fin=-0.490, ρ_kx_obj=0.69, ρ_kx_fin=+0.605 -> frac=0.210 | t(attrs)=3.690s, t(frac)=0.000s
[2025-11-07T13:27:49-03:00] <k>=2.50, p=0.025253, px1=0.10, r_kk_obj=-0.50, r_kk_fin=-0.490, ρ_kx_obj=0.80, ρ_kx_fin=+0.605 -> frac=0.210 | t(attrs)=2.800s, t(frac)=0.000s
[2025-11-07T13:27:49-03:00] Curva lista: <k>=2.50, px1=0.10, r_kk_obj=-0.50, r_kk_fin=-0.490, p=0.025253, t_curva=6.92s (t_gen=0.00s, t_rew=0.27s, t_rho_total=6.64s; t_attrs=6.64s, t_frac=0.00s)
[2025-11-07T13:27:50-03:00] Generada red ER: N=100, <k>_obj=5.20, p=0.052525, L=269, tiempo=0.002s
[2025-11-07T13:27:50-03:00] Rewire r_kk: objetivo=+0.00, alcanzado=-0.001, |Δ|=0.001, iters=16, tiempo=0.030s
[2025-11-07T13:27:50-03:00] <k>=5.20, p=0.052525, px1=0.05, r_kk_obj=+0.00, r_kk_fin=-0.001, ρ_kx_obj=0.00, ρ_kx_fin=+0.002 -> frac=0.000 | t(attrs)=0.003s, t(frac)=0.000s
[2025-11-07T13:27:50-03:00] <k>=5.20, p=0.052525, px1=0.05, r_kk_obj=+0.00, r_kk_fin=-0.001, ρ_kx_obj=0.11, ρ_kx_fin=+0.119 -> frac=0.000 | t(attrs)=0.000s, t(frac)=0.000s
[2025-11-07T13:27:50-03:00] <k>=5.20, p=0.052525, px1=0.05, r_kk_obj=+0.00, r_kk_fin=-0.001, ρ_kx_obj=0.23, ρ_kx_fin=+0.236 -> frac=0.000 | t(attrs)=0.003s, t(frac)=0.000s
[2025-11-07T13:27:50-03:00] <k>=5.20, p=0.052525, px1=0.05, r_kk_obj=+0.00, r_kk_fin=-0.001, ρ_kx_obj=0.34, ρ_kx_fin=+0.334 -> frac=0.000 | t(attrs)=0.028s, t(frac)=0.000s
[2025-11-07T13:27:50-03:00] <k>=5.20, p=0.052525, px1=0.05, r_kk_obj=+0.00, r_kk_fin=-0.001, ρ_kx_obj=0.46, ρ_kx_fin=+0.451 -> frac=0.010 | t(attrs)=0.158s, t(frac)=0.000s
[2025-11-07T13:27:50-03:00] <k>=5.20, p=0.052525, px1=0.05, r_kk_obj=+0.00, r_kk_fin=-0.001, ρ_kx_obj=0.57, ρ_kx_fin=+0.510 -> frac=0.010 | t(attrs)=3.509s, t(frac)=0.000s
[2025-11-07T13:27:50-03:00] <k>=5.20, p=0.052525, px1=0.05, r_kk_obj=+0.00, r_kk_fin=-0.001, ρ_kx_obj=0.69, ρ_kx_fin=+0.510 -> frac=0.010 | t(attrs)=3.181s, t(frac)=0.000s
[2025-11-07T13:27:50-03:00] <k>=5.20, p=0.052525, px1=0.05, r_kk_obj=+0.00, r_kk_fin=-0.001, ρ_kx_obj=0.80, ρ_kx_fin=+0.510 -> frac=0.010 | t(attrs)=2.360s, t(frac)=0.000s
[2025-11-07T13:27:50-03:00] Curva lista: <k>=5.20, px1=0.05, r_kk_obj=+0.00, r_kk_fin=-0.001, p=0.052525, t_curva=9.28s (t_gen=0.00s, t_rew=0.03s, t_rho_total=9.25s; t_attrs=9.24s, t_frac=0.00s)
[2025-11-07T13:27:50-03:00] Generada red ER: N=100, <k>_obj=5.20, p=0.052525, L=269, tiempo=0.002s
[2025-11-07T13:27:50-03:00] Rewire r_kk: objetivo=-0.50, alcanzado=-0.485, |Δ|=0.015, iters=236, tiempo=0.391s
[2025-11-07T13:27:50-03:00] <k>=5.20, p=0.052525, px1=0.05, r_kk_obj=-0.50, r_kk_fin=-0.485, ρ_kx_obj=0.00, ρ_kx_fin=+0.002 -> frac=0.010 | t(attrs)=0.001s, t(frac)=0.000s
[2025-11-07T13:27:50-03:00] <k>=5.20, p=0.052525, px1=0.05, r_kk_obj=-0.50, r_kk_fin=-0.485, ρ_kx_obj=0.11, ρ_kx_fin=+0.119 -> frac=0.020 | t(attrs)=0.005s, t(frac)=0.000s
[2025-11-07T13:27:50-03:00] <k>=5.20, p=0.052525, px1=0.05, r_kk_obj=-0.50, r_kk_fin=-0.485, ρ_kx_obj=0.23, ρ_kx_fin=+0.236 -> frac=0.000 | t(attrs)=0.012s, t(frac)=0.000s
[2025-11-07T13:27:50-03:00] <k>=5.20, p=0.052525, px1=0.05, r_kk_obj=-0.50, r_kk_fin=-0.485, ρ_kx_obj=0.34, ρ_kx_fin=+0.334 -> frac=0.020 | t(attrs)=0.033s, t(frac)=0.000s
[2025-11-07T13:27:50-03:00] <k>=5.20, p=0.052525, px1=0.05, r_kk_obj=-0.50, r_kk_fin=-0.485, ρ_kx_obj=0.46, ρ_kx_fin=+0.451 -> frac=0.030 | t(attrs)=0.037s, t(frac)=0.000s
[2025-11-07T13:27:50-03:00] <k>=5.20, p=0.052525, px1=0.05, r_kk_obj=-0.50, r_kk_fin=-0.485, ρ_kx_obj=0.57, ρ_kx_fin=+0.510 -> frac=0.080 | t(attrs)=3.522s, t(frac)=0.000s
[2025-11-07T13:27:50-03:00] <k>=5.20, p=0.052525, px1=0.05, r_kk_obj=-0.50, r_kk_fin=-0.485, ρ_kx_obj=0.69, ρ_kx_fin=+0.510 -> frac=0.080 | t(attrs)=3.248s, t(frac)=0.000s
[2025-11-07T13:27:50-03:00] <k>=5.20, p=0.052525, px1=0.05, r_kk_obj=-0.50, r_kk_fin=-0.485, ρ_kx_obj=0.80, ρ_kx_fin=+0.510 -> frac=0.080 | t(attrs)=2.116s, t(frac)=0.000s
[2025-11-07T13:27:50-03:00] Curva lista: <k>=5.20, px1=0.05, r_kk_obj=-0.50, r_kk_fin=-0.485, p=0.052525, t_curva=9.37s (t_gen=0.00s, t_rew=0.39s, t_rho_total=8.98s; t_attrs=8.97s, t_frac=0.00s)
[2025-11-07T13:27:50-03:00] Generada red ER: N=100, <k>_obj=5.20, p=0.052525, L=269, tiempo=0.002s
[2025-11-07T13:27:50-03:00] Rewire r_kk: objetivo=+0.50, alcanzado=+0.486, |Δ|=0.014, iters=232, tiempo=0.440s
[2025-11-07T13:27:50-03:00] <k>=5.20, p=0.052525, px1=0.05, r_kk_obj=+0.50, r_kk_fin=+0.486, ρ_kx_obj=0.00, ρ_kx_fin=+0.002 -> frac=0.000 | t(attrs)=0.005s, t(frac)=0.000s
[2025-11-07T13:27:50-03:00] <k>=5.20, p=0.052525, px1=0.05, r_kk_obj=+0.50, r_kk_fin=+0.486, ρ_kx_obj=0.11, ρ_kx_fin=+0.119 -> frac=0.000 | t(attrs)=0.006s, t(frac)=0.000s
[2025-11-07T13:27:50-03:00] <k>=5.20, p=0.052525, px1=0.05, r_kk_obj=+0.50, r_kk_fin=+0.486, ρ_kx_obj=0.23, ρ_kx_fin=+0.236 -> frac=0.000 | t(attrs)=0.005s, t(frac)=0.000s
[2025-11-07T13:27:50-03:00] <k>=5.20, p=0.052525, px1=0.05, r_kk_obj=+0.50, r_kk_fin=+0.486, ρ_kx_obj=0.34, ρ_kx_fin=+0.334 -> frac=0.000 | t(attrs)=0.025s, t(frac)=0.000s
[2025-11-07T13:27:50-03:00] <k>=5.20, p=0.052525, px1=0.05, r_kk_obj=+0.50, r_kk_fin=+0.486, ρ_kx_obj=0.46, ρ_kx_fin=+0.451 -> frac=0.000 | t(attrs)=0.057s, t(frac)=0.000s
[2025-11-07T13:27:50-03:00] <k>=5.20, p=0.052525, px1=0.05, r_kk_obj=+0.50, r_kk_fin=+0.486, ρ_kx_obj=0.57, ρ_kx_fin=+0.510 -> frac=0.000 | t(attrs)=3.828s, t(frac)=0.000s
[2025-11-07T13:27:50-03:00] <k>=5.20, p=0.052525, px1=0.05, r_kk_obj=+0.50, r_kk_fin=+0.486, ρ_kx_obj=0.69, ρ_kx_fin=+0.510 -> frac=0.000 | t(attrs)=2.999s, t(frac)=0.000s
[2025-11-07T13:27:50-03:00] <k>=5.20, p=0.052525, px1=0.05, r_kk_obj=+0.50, r_kk_fin=+0.486, ρ_kx_obj=0.80, ρ_kx_fin=+0.510 -> frac=0.000 | t(attrs)=2.023s, t(frac)=0.000s
[2025-11-07T13:27:50-03:00] Curva lista: <k>=5.20, px1=0.05, r_kk_obj=+0.50, r_kk_fin=+0.486, p=0.052525, t_curva=9.39s (t_gen=0.00s, t_rew=0.44s, t_rho_total=8.95s; t_attrs=8.95s, t_frac=0.00s)
[2025-11-07T13:27:52-03:00] Generada red ER: N=100, <k>_obj=2.50, p=0.025253, L=123, tiempo=0.001s
[2025-11-07T13:27:52-03:00] Rewire r_kk: objetivo=-0.50, alcanzado=-0.490, |Δ|=0.010, iters=151, tiempo=0.251s
[2025-11-07T13:27:52-03:00] <k>=2.50, p=0.025253, px1=0.05, r_kk_obj=-0.50, r_kk_fin=-0.490, ρ_kx_obj=0.00, ρ_kx_fin=-0.008 -> frac=0.000 | t(attrs)=0.005s, t(frac)=0.000s
[2025-11-07T13:27:52-03:00] <k>=2.50, p=0.025253, px1=0.05, r_kk_obj=-0.50, r_kk_fin=-0.490, ρ_kx_obj=0.11, ρ_kx_fin=+0.101 -> frac=0.000 | t(attrs)=3.619s, t(frac)=0.000s
[2025-11-07T13:27:52-03:00] <k>=2.50, p=0.025253, px1=0.05, r_kk_obj=-0.50, r_kk_fin=-0.490, ρ_kx_obj=0.23, ρ_kx_fin=+0.238 -> frac=0.050 | t(attrs)=0.003s, t(frac)=0.000s
[2025-11-07T13:27:52-03:00] <k>=2.50, p=0.025253, px1=0.05, r_kk_obj=-0.50, r_kk_fin=-0.490, ρ_kx_obj=0.34, ρ_kx_fin=+0.348 -> frac=0.070 | t(attrs)=0.016s, t(frac)=0.000s
[2025-11-07T13:27:52-03:00] <k>=2.50, p=0.025253, px1=0.05, r_kk_obj=-0.50, r_kk_fin=-0.490, ρ_kx_obj=0.46, ρ_kx_fin=+0.457 -> frac=0.120 | t(attrs)=0.023s, t(frac)=0.000s
[2025-11-07T13:27:52-03:00] <k>=2.50, p=0.025253, px1=0.05, r_kk_obj=-0.50, r_kk_fin=-0.490, ρ_kx_obj=0.57, ρ_kx_fin=+0.485 -> frac=0.150 | t(attrs)=2.799s, t(frac)=0.000s
[2025-11-07T13:27:52-03:00] <k>=2.50, p=0.025253, px1=0.05, r_kk_obj=-0.50, r_kk_fin=-0.490, ρ_kx_obj=0.69, ρ_kx_fin=+0.485 -> frac=0.150 | t(attrs)=2.094s, t(frac)=0.000s
[2025-11-07T13:27:52-03:00] <k>=2.50, p=0.025253, px1=0.05, r_kk_obj=-0.50, r_kk_fin=-0.490, ρ_kx_obj=0.80, ρ_kx_fin=+0.485 -> frac=0.150 | t(attrs)=1.922s, t(frac)=0.000s
[2025-11-07T13:27:52-03:00] Curva lista: <k>=2.50, px1=0.05, r_kk_obj=-0.50, r_kk_fin=-0.490, p=0.025253, t_curva=10.74s (t_gen=0.00s, t_rew=0.25s, t_rho_total=10.48s; t_attrs=10.48s, t_frac=0.00s)
[2025-11-07T13:27:53-03:00] Generada red ER: N=100, <k>_obj=2.50, p=0.025253, L=123, tiempo=0.002s
[2025-11-07T13:27:53-03:00] Rewire r_kk: objetivo=+0.00, alcanzado=+0.005, |Δ|=0.005, iters=0, tiempo=0.002s
[2025-11-07T13:27:53-03:00] <k>=2.50, p=0.025253, px1=0.05, r_kk_obj=+0.00, r_kk_fin=+0.005, ρ_kx_obj=0.00, ρ_kx_fin=-0.008 -> frac=0.010 | t(attrs)=0.011s, t(frac)=0.000s
[2025-11-07T13:27:53-03:00] <k>=2.50, p=0.025253, px1=0.05, r_kk_obj=+0.00, r_kk_fin=+0.005, ρ_kx_obj=0.11, ρ_kx_fin=+0.101 -> frac=0.020 | t(attrs)=3.677s, t(frac)=0.000s
[2025-11-07T13:27:53-03:00] <k>=2.50, p=0.025253, px1=0.05, r_kk_obj=+0.00, r_kk_fin=+0.005, ρ_kx_obj=0.23, ρ_kx_fin=+0.238 -> frac=0.030 | t(attrs)=0.014s, t(frac)=0.000s
[2025-11-07T13:27:53-03:00] <k>=2.50, p=0.025253, px1=0.05, r_kk_obj=+0.00, r_kk_fin=+0.005, ρ_kx_obj=0.34, ρ_kx_fin=+0.348 -> frac=0.010 | t(attrs)=0.015s, t(frac)=0.000s
[2025-11-07T13:27:53-03:00] <k>=2.50, p=0.025253, px1=0.05, r_kk_obj=+0.00, r_kk_fin=+0.005, ρ_kx_obj=0.46, ρ_kx_fin=+0.457 -> frac=0.070 | t(attrs)=0.025s, t(frac)=0.000s
[2025-11-07T13:27:53-03:00] <k>=2.50, p=0.025253, px1=0.05, r_kk_obj=+0.00, r_kk_fin=+0.005, ρ_kx_obj=0.57, ρ_kx_fin=+0.485 -> frac=0.050 | t(attrs)=2.848s, t(frac)=0.000s
[2025-11-07T13:27:53-03:00] <k>=2.50, p=0.025253, px1=0.05, r_kk_obj=+0.00, r_kk_fin=+0.005, ρ_kx_obj=0.69, ρ_kx_fin=+0.485 -> frac=0.050 | t(attrs)=2.262s, t(frac)=0.000s
[2025-11-07T13:27:53-03:00] <k>=2.50, p=0.025253, px1=0.05, r_kk_obj=+0.00, r_kk_fin=+0.005, ρ_kx_obj=0.80, ρ_kx_fin=+0.485 -> frac=0.050 | t(attrs)=1.889s, t(frac)=0.000s
[2025-11-07T13:27:53-03:00] Curva lista: <k>=2.50, px1=0.05, r_kk_obj=+0.00, r_kk_fin=+0.005, p=0.025253, t_curva=10.75s (t_gen=0.00s, t_rew=0.00s, t_rho_total=10.74s; t_attrs=10.74s, t_frac=0.00s)
[2025-11-07T13:27:53-03:00] Generada red ER: N=100, <k>_obj=2.50, p=0.025253, L=123, tiempo=0.002s
[2025-11-07T13:27:53-03:00] Rewire r_kk: objetivo=+0.50, alcanzado=+0.511, |Δ|=0.011, iters=93, tiempo=0.150s
[2025-11-07T13:27:53-03:00] <k>=2.50, p=0.025253, px1=0.05, r_kk_obj=+0.50, r_kk_fin=+0.511, ρ_kx_obj=0.00, ρ_kx_fin=-0.008 -> frac=0.020 | t(attrs)=0.007s, t(frac)=0.000s
[2025-11-07T13:27:53-03:00] <k>=2.50, p=0.025253, px1=0.05, r_kk_obj=+0.50, r_kk_fin=+0.511, ρ_kx_obj=0.11, ρ_kx_fin=+0.101 -> frac=0.000 | t(attrs)=3.734s, t(frac)=0.000s
[2025-11-07T13:27:53-03:00] <k>=2.50, p=0.025253, px1=0.05, r_kk_obj=+0.50, r_kk_fin=+0.511, ρ_kx_obj=0.23, ρ_kx_fin=+0.238 -> frac=0.020 | t(attrs)=0.004s, t(frac)=0.000s
[2025-11-07T13:27:53-03:00] <k>=2.50, p=0.025253, px1=0.05, r_kk_obj=+0.50, r_kk_fin=+0.511, ρ_kx_obj=0.34, ρ_kx_fin=+0.348 -> frac=0.000 | t(attrs)=0.010s, t(frac)=0.000s
[2025-11-07T13:27:53-03:00] <k>=2.50, p=0.025253, px1=0.05, r_kk_obj=+0.50, r_kk_fin=+0.511, ρ_kx_obj=0.46, ρ_kx_fin=+0.457 -> frac=0.000 | t(attrs)=0.065s, t(frac)=0.000s
[2025-11-07T13:27:53-03:00] <k>=2.50, p=0.025253, px1=0.05, r_kk_obj=+0.50, r_kk_fin=+0.511, ρ_kx_obj=0.57, ρ_kx_fin=+0.485 -> frac=0.000 | t(attrs)=2.827s, t(frac)=0.000s
[2025-11-07T13:27:53-03:00] <k>=2.50, p=0.025253, px1=0.05, r_kk_obj=+0.50, r_kk_fin=+0.511, ρ_kx_obj=0.69, ρ_kx_fin=+0.485 -> frac=0.000 | t(attrs)=2.130s, t(frac)=0.000s
[2025-11-07T13:27:53-03:00] <k>=2.50, p=0.025253, px1=0.05, r_kk_obj=+0.50, r_kk_fin=+0.511, ρ_kx_obj=0.80, ρ_kx_fin=+0.485 -> frac=0.000 | t(attrs)=1.886s, t(frac)=0.000s
[2025-11-07T13:27:53-03:00] Curva lista: <k>=2.50, px1=0.05, r_kk_obj=+0.50, r_kk_fin=+0.511, p=0.025253, t_curva=10.82s (t_gen=0.00s, t_rew=0.15s, t_rho_total=10.66s; t_attrs=10.66s, t_frac=0.00s)
[2025-11-07T13:27:53-03:00] Generando figura...
[2025-11-07T13:27:54-03:00] Figuras guardadas en: run-e2r\251107132737_N100\fig3_ER.png y run-e2r\251107132737_N100\fig3_ER.pdf
[2025-11-07T13:27:54-03:00] Fin experimento Fig3-ER | tiempo total=16.91s (~0.28 min) | carpeta=run-e2r\251107132737_N100
