[2025-11-07T13:14:17-03:00] Ejecutando script: Erdos-Renyi-v2.py | ruta=C:\Users\dcaceres\Documents\Magister\Trimestre 2\CS Redes\Tarea 2\python\Erdos-Renyi-v2.py
[2025-11-07T13:14:17-03:00] Inicio experimento Fig3-ER (paralelo por procesos) | carpeta=run-e2r\251107131417_N1000
[2025-11-07T13:14:17-03:00] Procesos: usados=18, cpu_count=22
[2025-11-07T13:14:17-03:00] Parámetros: N=1000, <k>=[5.2, 2.5], px1=[0.05, 0.1, 0.2], r_kk=[-0.5, 0.0, 0.5], ρ_kx=[np.float64(0.0), np.float64(0.11), np.float64(0.23), np.float64(0.34), np.float64(0.46), np.float64(0.57), np.float64(0.69), np.float64(0.8)], seed=12021974
[2025-11-07T13:14:28-03:00] Generada red ER: N=1000, <k>_obj=5.20, p=0.005205, L=2603, tiempo=0.088s
[2025-11-07T13:14:28-03:00] Rewire r_kk: objetivo=+0.00, alcanzado=-0.001, |Δ|=0.001, iters=0, tiempo=0.014s
[2025-11-07T13:14:28-03:00] <k>=5.20, p=0.005205, px1=0.20, r_kk_obj=+0.00, r_kk_fin=-0.001, ρ_kx_obj=0.00, ρ_kx_fin=-0.008 -> frac=0.044 | t(attrs)=0.004s, t(frac)=0.003s
[2025-11-07T13:14:28-03:00] <k>=5.20, p=0.005205, px1=0.20, r_kk_obj=+0.00, r_kk_fin=-0.001, ρ_kx_obj=0.11, ρ_kx_fin=+0.105 -> frac=0.061 | t(attrs)=0.024s, t(frac)=0.003s
[2025-11-07T13:14:28-03:00] <k>=5.20, p=0.005205, px1=0.20, r_kk_obj=+0.00, r_kk_fin=-0.001, ρ_kx_obj=0.23, ρ_kx_fin=+0.220 -> frac=0.066 | t(attrs)=0.077s, t(frac)=0.004s
[2025-11-07T13:14:28-03:00] <k>=5.20, p=0.005205, px1=0.20, r_kk_obj=+0.00, r_kk_fin=-0.001, ρ_kx_obj=0.34, ρ_kx_fin=+0.333 -> frac=0.085 | t(attrs)=0.146s, t(frac)=0.006s
[2025-11-07T13:14:28-03:00] <k>=5.20, p=0.005205, px1=0.20, r_kk_obj=+0.00, r_kk_fin=-0.001, ρ_kx_obj=0.46, ρ_kx_fin=+0.448 -> frac=0.108 | t(attrs)=0.279s, t(frac)=0.004s
[2025-11-07T13:14:28-03:00] <k>=5.20, p=0.005205, px1=0.20, r_kk_obj=+0.00, r_kk_fin=-0.001, ρ_kx_obj=0.57, ρ_kx_fin=+0.562 -> frac=0.116 | t(attrs)=0.421s, t(frac)=0.004s
[2025-11-07T13:14:28-03:00] <k>=5.20, p=0.005205, px1=0.20, r_kk_obj=+0.00, r_kk_fin=-0.001, ρ_kx_obj=0.69, ρ_kx_fin=+0.677 -> frac=0.138 | t(attrs)=1.199s, t(frac)=0.003s
[2025-11-07T13:14:28-03:00] <k>=5.20, p=0.005205, px1=0.20, r_kk_obj=+0.00, r_kk_fin=-0.001, ρ_kx_obj=0.80, ρ_kx_fin=+0.731 -> frac=0.147 | t(attrs)=3.884s, t(frac)=0.003s
[2025-11-07T13:14:28-03:00] Curva lista: <k>=5.20, px1=0.20, r_kk_obj=+0.00, r_kk_fin=-0.001, p=0.005205, t_curva=6.17s (t_gen=0.09s, t_rew=0.01s, t_rho_total=6.07s; t_attrs=6.04s, t_frac=0.03s)
[2025-11-07T13:14:28-03:00] Generada red ER: N=1000, <k>_obj=2.50, p=0.002503, L=1286, tiempo=0.073s
[2025-11-07T13:14:28-03:00] Rewire r_kk: objetivo=+0.00, alcanzado=+0.014, |Δ|=0.014, iters=34, tiempo=0.531s
[2025-11-07T13:14:28-03:00] <k>=2.50, p=0.002503, px1=0.20, r_kk_obj=+0.00, r_kk_fin=+0.014, ρ_kx_obj=0.00, ρ_kx_fin=+0.004 -> frac=0.075 | t(attrs)=0.001s, t(frac)=0.003s
[2025-11-07T13:14:28-03:00] <k>=2.50, p=0.002503, px1=0.20, r_kk_obj=+0.00, r_kk_fin=+0.014, ρ_kx_obj=0.11, ρ_kx_fin=+0.105 -> frac=0.088 | t(attrs)=0.033s, t(frac)=0.003s
[2025-11-07T13:14:28-03:00] <k>=2.50, p=0.002503, px1=0.20, r_kk_obj=+0.00, r_kk_fin=+0.014, ρ_kx_obj=0.23, ρ_kx_fin=+0.219 -> frac=0.118 | t(attrs)=0.076s, t(frac)=0.003s
[2025-11-07T13:14:28-03:00] <k>=2.50, p=0.002503, px1=0.20, r_kk_obj=+0.00, r_kk_fin=+0.014, ρ_kx_obj=0.34, ρ_kx_fin=+0.338 -> frac=0.137 | t(attrs)=0.154s, t(frac)=0.003s
[2025-11-07T13:14:28-03:00] <k>=2.50, p=0.002503, px1=0.20, r_kk_obj=+0.00, r_kk_fin=+0.014, ρ_kx_obj=0.46, ρ_kx_fin=+0.449 -> frac=0.177 | t(attrs)=0.558s, t(frac)=0.007s
[2025-11-07T13:14:28-03:00] <k>=2.50, p=0.002503, px1=0.20, r_kk_obj=+0.00, r_kk_fin=+0.014, ρ_kx_obj=0.57, ρ_kx_fin=+0.562 -> frac=0.197 | t(attrs)=0.429s, t(frac)=0.006s
[2025-11-07T13:14:28-03:00] <k>=2.50, p=0.002503, px1=0.20, r_kk_obj=+0.00, r_kk_fin=+0.014, ρ_kx_obj=0.69, ρ_kx_fin=+0.676 -> frac=0.210 | t(attrs)=1.059s, t(frac)=0.003s
[2025-11-07T13:14:28-03:00] <k>=2.50, p=0.002503, px1=0.20, r_kk_obj=+0.00, r_kk_fin=+0.014, ρ_kx_obj=0.80, ρ_kx_fin=+0.722 -> frac=0.242 | t(attrs)=3.581s, t(frac)=0.003s
[2025-11-07T13:14:28-03:00] Curva lista: <k>=2.50, px1=0.20, r_kk_obj=+0.00, r_kk_fin=+0.014, p=0.002503, t_curva=6.53s (t_gen=0.07s, t_rew=0.53s, t_rho_total=5.92s; t_attrs=5.89s, t_frac=0.03s)
[2025-11-07T13:14:30-03:00] Generada red ER: N=1000, <k>_obj=5.20, p=0.005205, L=2603, tiempo=0.073s
[2025-11-07T13:14:30-03:00] Rewire r_kk: objetivo=+0.00, alcanzado=-0.001, |Δ|=0.001, iters=0, tiempo=0.016s
[2025-11-07T13:14:30-03:00] <k>=5.20, p=0.005205, px1=0.10, r_kk_obj=+0.00, r_kk_fin=-0.001, ρ_kx_obj=0.00, ρ_kx_fin=-0.007 -> frac=0.008 | t(attrs)=0.004s, t(frac)=0.004s
[2025-11-07T13:14:30-03:00] <k>=5.20, p=0.005205, px1=0.10, r_kk_obj=+0.00, r_kk_fin=-0.001, ρ_kx_obj=0.11, ρ_kx_fin=+0.107 -> frac=0.013 | t(attrs)=0.025s, t(frac)=0.004s
[2025-11-07T13:14:30-03:00] <k>=5.20, p=0.005205, px1=0.10, r_kk_obj=+0.00, r_kk_fin=-0.001, ρ_kx_obj=0.23, ρ_kx_fin=+0.220 -> frac=0.016 | t(attrs)=0.068s, t(frac)=0.003s
[2025-11-07T13:14:30-03:00] <k>=5.20, p=0.005205, px1=0.10, r_kk_obj=+0.00, r_kk_fin=-0.001, ρ_kx_obj=0.34, ρ_kx_fin=+0.335 -> frac=0.023 | t(attrs)=0.115s, t(frac)=0.003s
[2025-11-07T13:14:30-03:00] <k>=5.20, p=0.005205, px1=0.10, r_kk_obj=+0.00, r_kk_fin=-0.001, ρ_kx_obj=0.46, ρ_kx_fin=+0.454 -> frac=0.031 | t(attrs)=0.208s, t(frac)=0.004s
[2025-11-07T13:14:30-03:00] <k>=5.20, p=0.005205, px1=0.10, r_kk_obj=+0.00, r_kk_fin=-0.001, ρ_kx_obj=0.57, ρ_kx_fin=+0.562 -> frac=0.029 | t(attrs)=0.590s, t(frac)=0.004s
[2025-11-07T13:14:30-03:00] <k>=5.20, p=0.005205, px1=0.10, r_kk_obj=+0.00, r_kk_fin=-0.001, ρ_kx_obj=0.69, ρ_kx_fin=+0.628 -> frac=0.040 | t(attrs)=3.966s, t(frac)=0.004s
[2025-11-07T13:14:30-03:00] <k>=5.20, p=0.005205, px1=0.10, r_kk_obj=+0.00, r_kk_fin=-0.001, ρ_kx_obj=0.80, ρ_kx_fin=+0.628 -> frac=0.030 | t(attrs)=3.658s, t(frac)=0.004s
[2025-11-07T13:14:30-03:00] Curva lista: <k>=5.20, px1=0.10, r_kk_obj=+0.00, r_kk_fin=-0.001, p=0.005205, t_curva=8.76s (t_gen=0.07s, t_rew=0.02s, t_rho_total=8.66s; t_attrs=8.64s, t_frac=0.03s)
[2025-11-07T13:14:31-03:00] Generada red ER: N=1000, <k>_obj=2.50, p=0.002503, L=1286, tiempo=0.067s
[2025-11-07T13:14:31-03:00] Rewire r_kk: objetivo=+0.00, alcanzado=+0.014, |Δ|=0.014, iters=34, tiempo=0.538s
[2025-11-07T13:14:31-03:00] <k>=2.50, p=0.002503, px1=0.10, r_kk_obj=+0.00, r_kk_fin=+0.014, ρ_kx_obj=0.00, ρ_kx_fin=+0.008 -> frac=0.033 | t(attrs)=0.005s, t(frac)=0.003s
[2025-11-07T13:14:31-03:00] <k>=2.50, p=0.002503, px1=0.10, r_kk_obj=+0.00, r_kk_fin=+0.014, ρ_kx_obj=0.11, ρ_kx_fin=+0.105 -> frac=0.031 | t(attrs)=0.024s, t(frac)=0.004s
[2025-11-07T13:14:31-03:00] <k>=2.50, p=0.002503, px1=0.10, r_kk_obj=+0.00, r_kk_fin=+0.014, ρ_kx_obj=0.23, ρ_kx_fin=+0.219 -> frac=0.048 | t(attrs)=0.053s, t(frac)=0.003s
[2025-11-07T13:14:31-03:00] <k>=2.50, p=0.002503, px1=0.10, r_kk_obj=+0.00, r_kk_fin=+0.014, ρ_kx_obj=0.34, ρ_kx_fin=+0.339 -> frac=0.067 | t(attrs)=0.117s, t(frac)=0.003s
[2025-11-07T13:14:31-03:00] <k>=2.50, p=0.002503, px1=0.10, r_kk_obj=+0.00, r_kk_fin=+0.014, ρ_kx_obj=0.46, ρ_kx_fin=+0.449 -> frac=0.079 | t(attrs)=0.538s, t(frac)=0.003s
[2025-11-07T13:14:31-03:00] <k>=2.50, p=0.002503, px1=0.10, r_kk_obj=+0.00, r_kk_fin=+0.014, ρ_kx_obj=0.57, ρ_kx_fin=+0.563 -> frac=0.097 | t(attrs)=0.588s, t(frac)=0.003s
[2025-11-07T13:14:31-03:00] <k>=2.50, p=0.002503, px1=0.10, r_kk_obj=+0.00, r_kk_fin=+0.014, ρ_kx_obj=0.69, ρ_kx_fin=+0.639 -> frac=0.096 | t(attrs)=3.827s, t(frac)=0.004s
[2025-11-07T13:14:31-03:00] <k>=2.50, p=0.002503, px1=0.10, r_kk_obj=+0.00, r_kk_fin=+0.014, ρ_kx_obj=0.80, ρ_kx_fin=+0.643 -> frac=0.093 | t(attrs)=3.554s, t(frac)=0.003s
[2025-11-07T13:14:31-03:00] Curva lista: <k>=2.50, px1=0.10, r_kk_obj=+0.00, r_kk_fin=+0.014, p=0.002503, t_curva=9.34s (t_gen=0.07s, t_rew=0.54s, t_rho_total=8.73s; t_attrs=8.71s, t_frac=0.03s)
[2025-11-07T13:14:33-03:00] Generada red ER: N=1000, <k>_obj=5.20, p=0.005205, L=2603, tiempo=0.079s
[2025-11-07T13:14:33-03:00] Rewire r_kk: objetivo=+0.00, alcanzado=-0.001, |Δ|=0.001, iters=0, tiempo=0.013s
[2025-11-07T13:14:33-03:00] <k>=5.20, p=0.005205, px1=0.05, r_kk_obj=+0.00, r_kk_fin=-0.001, ρ_kx_obj=0.00, ρ_kx_fin=-0.009 -> frac=0.000 | t(attrs)=0.009s, t(frac)=0.003s
[2025-11-07T13:14:33-03:00] <k>=5.20, p=0.005205, px1=0.05, r_kk_obj=+0.00, r_kk_fin=-0.001, ρ_kx_obj=0.11, ρ_kx_fin=+0.105 -> frac=0.001 | t(attrs)=0.018s, t(frac)=0.002s
[2025-11-07T13:14:33-03:00] <k>=5.20, p=0.005205, px1=0.05, r_kk_obj=+0.00, r_kk_fin=-0.001, ρ_kx_obj=0.23, ρ_kx_fin=+0.222 -> frac=0.010 | t(attrs)=0.052s, t(frac)=0.002s
[2025-11-07T13:14:33-03:00] <k>=5.20, p=0.005205, px1=0.05, r_kk_obj=+0.00, r_kk_fin=-0.001, ρ_kx_obj=0.34, ρ_kx_fin=+0.334 -> frac=0.006 | t(attrs)=0.120s, t(frac)=0.003s
[2025-11-07T13:14:33-03:00] <k>=5.20, p=0.005205, px1=0.05, r_kk_obj=+0.00, r_kk_fin=-0.001, ρ_kx_obj=0.46, ρ_kx_fin=+0.448 -> frac=0.011 | t(attrs)=0.422s, t(frac)=0.003s
[2025-11-07T13:14:33-03:00] <k>=5.20, p=0.005205, px1=0.05, r_kk_obj=+0.00, r_kk_fin=-0.001, ρ_kx_obj=0.57, ρ_kx_fin=+0.515 -> frac=0.009 | t(attrs)=3.912s, t(frac)=0.004s
[2025-11-07T13:14:33-03:00] <k>=5.20, p=0.005205, px1=0.05, r_kk_obj=+0.00, r_kk_fin=-0.001, ρ_kx_obj=0.69, ρ_kx_fin=+0.517 -> frac=0.009 | t(attrs)=3.759s, t(frac)=0.003s
[2025-11-07T13:14:33-03:00] <k>=5.20, p=0.005205, px1=0.05, r_kk_obj=+0.00, r_kk_fin=-0.001, ρ_kx_obj=0.80, ρ_kx_fin=+0.515 -> frac=0.010 | t(attrs)=3.796s, t(frac)=0.005s
[2025-11-07T13:14:33-03:00] Curva lista: <k>=5.20, px1=0.05, r_kk_obj=+0.00, r_kk_fin=-0.001, p=0.005205, t_curva=12.21s (t_gen=0.08s, t_rew=0.01s, t_rho_total=12.12s; t_attrs=12.09s, t_frac=0.03s)
[2025-11-07T13:14:36-03:00] Generada red ER: N=1000, <k>_obj=2.50, p=0.002503, L=1286, tiempo=0.072s
[2025-11-07T13:14:36-03:00] Rewire r_kk: objetivo=+0.00, alcanzado=+0.014, |Δ|=0.014, iters=34, tiempo=0.582s
[2025-11-07T13:14:36-03:00] <k>=2.50, p=0.002503, px1=0.05, r_kk_obj=+0.00, r_kk_fin=+0.014, ρ_kx_obj=0.00, ρ_kx_fin=-0.002 -> frac=0.016 | t(attrs)=0.001s, t(frac)=0.004s
[2025-11-07T13:14:36-03:00] <k>=2.50, p=0.002503, px1=0.05, r_kk_obj=+0.00, r_kk_fin=+0.014, ρ_kx_obj=0.11, ρ_kx_fin=+0.106 -> frac=0.016 | t(attrs)=0.018s, t(frac)=0.004s
[2025-11-07T13:14:36-03:00] <k>=2.50, p=0.002503, px1=0.05, r_kk_obj=+0.00, r_kk_fin=+0.014, ρ_kx_obj=0.23, ρ_kx_fin=+0.219 -> frac=0.020 | t(attrs)=0.073s, t(frac)=0.004s
[2025-11-07T13:14:36-03:00] <k>=2.50, p=0.002503, px1=0.05, r_kk_obj=+0.00, r_kk_fin=+0.014, ρ_kx_obj=0.34, ρ_kx_fin=+0.335 -> frac=0.031 | t(attrs)=0.171s, t(frac)=0.003s
[2025-11-07T13:14:36-03:00] <k>=2.50, p=0.002503, px1=0.05, r_kk_obj=+0.00, r_kk_fin=+0.014, ρ_kx_obj=0.46, ρ_kx_fin=+0.451 -> frac=0.040 | t(attrs)=0.645s, t(frac)=0.003s
[2025-11-07T13:14:36-03:00] <k>=2.50, p=0.002503, px1=0.05, r_kk_obj=+0.00, r_kk_fin=+0.014, ρ_kx_obj=0.57, ρ_kx_fin=+0.532 -> frac=0.034 | t(attrs)=3.353s, t(frac)=0.003s
[2025-11-07T13:14:36-03:00] <k>=2.50, p=0.002503, px1=0.05, r_kk_obj=+0.00, r_kk_fin=+0.014, ρ_kx_obj=0.69, ρ_kx_fin=+0.527 -> frac=0.035 | t(attrs)=3.635s, t(frac)=0.003s
[2025-11-07T13:14:36-03:00] <k>=2.50, p=0.002503, px1=0.05, r_kk_obj=+0.00, r_kk_fin=+0.014, ρ_kx_obj=0.80, ρ_kx_fin=+0.532 -> frac=0.037 | t(attrs)=5.360s, t(frac)=0.004s
[2025-11-07T13:14:36-03:00] Curva lista: <k>=2.50, px1=0.05, r_kk_obj=+0.00, r_kk_fin=+0.014, p=0.002503, t_curva=13.94s (t_gen=0.07s, t_rew=0.58s, t_rho_total=13.29s; t_attrs=13.26s, t_frac=0.03s)
[2025-11-07T13:14:48-03:00] Generada red ER: N=1000, <k>_obj=2.50, p=0.002503, L=1286, tiempo=0.063s
[2025-11-07T13:14:48-03:00] Rewire r_kk: objetivo=+0.50, alcanzado=+0.485, |Δ|=0.015, iters=1090, tiempo=20.983s
[2025-11-07T13:14:48-03:00] <k>=2.50, p=0.002503, px1=0.20, r_kk_obj=+0.50, r_kk_fin=+0.485, ρ_kx_obj=0.00, ρ_kx_fin=+0.009 -> frac=0.073 | t(attrs)=0.006s, t(frac)=0.007s
[2025-11-07T13:14:48-03:00] <k>=2.50, p=0.002503, px1=0.20, r_kk_obj=+0.50, r_kk_fin=+0.485, ρ_kx_obj=0.11, ρ_kx_fin=+0.105 -> frac=0.091 | t(attrs)=0.060s, t(frac)=0.003s
[2025-11-07T13:14:48-03:00] <k>=2.50, p=0.002503, px1=0.20, r_kk_obj=+0.50, r_kk_fin=+0.485, ρ_kx_obj=0.23, ρ_kx_fin=+0.219 -> frac=0.099 | t(attrs)=0.094s, t(frac)=0.003s
[2025-11-07T13:14:48-03:00] <k>=2.50, p=0.002503, px1=0.20, r_kk_obj=+0.50, r_kk_fin=+0.485, ρ_kx_obj=0.34, ρ_kx_fin=+0.336 -> frac=0.107 | t(attrs)=0.136s, t(frac)=0.004s
[2025-11-07T13:14:48-03:00] <k>=2.50, p=0.002503, px1=0.20, r_kk_obj=+0.50, r_kk_fin=+0.485, ρ_kx_obj=0.46, ρ_kx_fin=+0.449 -> frac=0.133 | t(attrs)=0.300s, t(frac)=0.003s
[2025-11-07T13:14:48-03:00] <k>=2.50, p=0.002503, px1=0.20, r_kk_obj=+0.50, r_kk_fin=+0.485, ρ_kx_obj=0.57, ρ_kx_fin=+0.564 -> frac=0.152 | t(attrs)=0.505s, t(frac)=0.003s
[2025-11-07T13:14:48-03:00] <k>=2.50, p=0.002503, px1=0.20, r_kk_obj=+0.50, r_kk_fin=+0.485, ρ_kx_obj=0.69, ρ_kx_fin=+0.678 -> frac=0.185 | t(attrs)=1.148s, t(frac)=0.004s
[2025-11-07T13:14:48-03:00] <k>=2.50, p=0.002503, px1=0.20, r_kk_obj=+0.50, r_kk_fin=+0.485, ρ_kx_obj=0.80, ρ_kx_fin=+0.733 -> frac=0.189 | t(attrs)=3.251s, t(frac)=0.002s
[2025-11-07T13:14:48-03:00] Curva lista: <k>=2.50, px1=0.20, r_kk_obj=+0.50, r_kk_fin=+0.485, p=0.002503, t_curva=26.58s (t_gen=0.06s, t_rew=20.98s, t_rho_total=5.53s; t_attrs=5.50s, t_frac=0.03s)
[2025-11-07T13:14:50-03:00] Generada red ER: N=1000, <k>_obj=2.50, p=0.002503, L=1286, tiempo=0.075s
[2025-11-07T13:14:50-03:00] Rewire r_kk: objetivo=+0.50, alcanzado=+0.485, |Δ|=0.015, iters=1090, tiempo=20.448s
[2025-11-07T13:14:50-03:00] <k>=2.50, p=0.002503, px1=0.10, r_kk_obj=+0.50, r_kk_fin=+0.485, ρ_kx_obj=0.00, ρ_kx_fin=+0.008 -> frac=0.025 | t(attrs)=0.002s, t(frac)=0.003s
[2025-11-07T13:14:50-03:00] <k>=2.50, p=0.002503, px1=0.10, r_kk_obj=+0.50, r_kk_fin=+0.485, ρ_kx_obj=0.11, ρ_kx_fin=+0.107 -> frac=0.032 | t(attrs)=0.035s, t(frac)=0.003s
[2025-11-07T13:14:50-03:00] <k>=2.50, p=0.002503, px1=0.10, r_kk_obj=+0.50, r_kk_fin=+0.485, ρ_kx_obj=0.23, ρ_kx_fin=+0.221 -> frac=0.047 | t(attrs)=0.103s, t(frac)=0.004s
[2025-11-07T13:14:50-03:00] <k>=2.50, p=0.002503, px1=0.10, r_kk_obj=+0.50, r_kk_fin=+0.485, ρ_kx_obj=0.34, ρ_kx_fin=+0.335 -> frac=0.028 | t(attrs)=0.148s, t(frac)=0.004s
[2025-11-07T13:14:50-03:00] <k>=2.50, p=0.002503, px1=0.10, r_kk_obj=+0.50, r_kk_fin=+0.485, ρ_kx_obj=0.46, ρ_kx_fin=+0.449 -> frac=0.050 | t(attrs)=0.358s, t(frac)=0.003s
[2025-11-07T13:14:50-03:00] <k>=2.50, p=0.002503, px1=0.10, r_kk_obj=+0.50, r_kk_fin=+0.485, ρ_kx_obj=0.57, ρ_kx_fin=+0.563 -> frac=0.060 | t(attrs)=0.886s, t(frac)=0.004s
[2025-11-07T13:14:50-03:00] <k>=2.50, p=0.002503, px1=0.10, r_kk_obj=+0.50, r_kk_fin=+0.485, ρ_kx_obj=0.69, ρ_kx_fin=+0.643 -> frac=0.064 | t(attrs)=3.705s, t(frac)=0.003s
[2025-11-07T13:14:50-03:00] <k>=2.50, p=0.002503, px1=0.10, r_kk_obj=+0.50, r_kk_fin=+0.485, ρ_kx_obj=0.80, ρ_kx_fin=+0.639 -> frac=0.059 | t(attrs)=2.887s, t(frac)=0.003s
[2025-11-07T13:14:50-03:00] Curva lista: <k>=2.50, px1=0.10, r_kk_obj=+0.50, r_kk_fin=+0.485, p=0.002503, t_curva=28.68s (t_gen=0.07s, t_rew=20.45s, t_rho_total=8.15s; t_attrs=8.12s, t_frac=0.03s)
[2025-11-07T13:14:53-03:00] Generada red ER: N=1000, <k>_obj=2.50, p=0.002503, L=1286, tiempo=0.067s
[2025-11-07T13:14:53-03:00] Rewire r_kk: objetivo=-0.50, alcanzado=-0.485, |Δ|=0.015, iters=1432, tiempo=26.158s
[2025-11-07T13:14:53-03:00] <k>=2.50, p=0.002503, px1=0.20, r_kk_obj=-0.50, r_kk_fin=-0.485, ρ_kx_obj=0.00, ρ_kx_fin=-0.009 -> frac=0.078 | t(attrs)=0.014s, t(frac)=0.002s
[2025-11-07T13:14:53-03:00] <k>=2.50, p=0.002503, px1=0.20, r_kk_obj=-0.50, r_kk_fin=-0.485, ρ_kx_obj=0.11, ρ_kx_fin=+0.105 -> frac=0.096 | t(attrs)=0.032s, t(frac)=0.002s
[2025-11-07T13:14:53-03:00] <k>=2.50, p=0.002503, px1=0.20, r_kk_obj=-0.50, r_kk_fin=-0.485, ρ_kx_obj=0.23, ρ_kx_fin=+0.222 -> frac=0.161 | t(attrs)=0.082s, t(frac)=0.002s
[2025-11-07T13:14:53-03:00] <k>=2.50, p=0.002503, px1=0.20, r_kk_obj=-0.50, r_kk_fin=-0.485, ρ_kx_obj=0.34, ρ_kx_fin=+0.335 -> frac=0.177 | t(attrs)=0.077s, t(frac)=0.002s
[2025-11-07T13:14:53-03:00] <k>=2.50, p=0.002503, px1=0.20, r_kk_obj=-0.50, r_kk_fin=-0.485, ρ_kx_obj=0.46, ρ_kx_fin=+0.450 -> frac=0.206 | t(attrs)=0.233s, t(frac)=0.003s
[2025-11-07T13:14:53-03:00] <k>=2.50, p=0.002503, px1=0.20, r_kk_obj=-0.50, r_kk_fin=-0.485, ρ_kx_obj=0.57, ρ_kx_fin=+0.564 -> frac=0.258 | t(attrs)=0.408s, t(frac)=0.002s
[2025-11-07T13:14:53-03:00] <k>=2.50, p=0.002503, px1=0.20, r_kk_obj=-0.50, r_kk_fin=-0.485, ρ_kx_obj=0.69, ρ_kx_fin=+0.679 -> frac=0.314 | t(attrs)=0.730s, t(frac)=0.002s
[2025-11-07T13:14:53-03:00] <k>=2.50, p=0.002503, px1=0.20, r_kk_obj=-0.50, r_kk_fin=-0.485, ρ_kx_obj=0.80, ρ_kx_fin=+0.732 -> frac=0.336 | t(attrs)=3.661s, t(frac)=0.003s
[2025-11-07T13:14:53-03:00] Curva lista: <k>=2.50, px1=0.20, r_kk_obj=-0.50, r_kk_fin=-0.485, p=0.002503, t_curva=31.48s (t_gen=0.07s, t_rew=26.16s, t_rho_total=5.26s; t_attrs=5.24s, t_frac=0.02s)
[2025-11-07T13:14:54-03:00] Generada red ER: N=1000, <k>_obj=2.50, p=0.002503, L=1286, tiempo=0.068s
[2025-11-07T13:14:54-03:00] Rewire r_kk: objetivo=+0.50, alcanzado=+0.485, |Δ|=0.015, iters=1090, tiempo=20.421s
[2025-11-07T13:14:54-03:00] <k>=2.50, p=0.002503, px1=0.05, r_kk_obj=+0.50, r_kk_fin=+0.485, ρ_kx_obj=0.00, ρ_kx_fin=+0.010 -> frac=0.009 | t(attrs)=0.006s, t(frac)=0.004s
[2025-11-07T13:14:54-03:00] <k>=2.50, p=0.002503, px1=0.05, r_kk_obj=+0.50, r_kk_fin=+0.485, ρ_kx_obj=0.11, ρ_kx_fin=+0.109 -> frac=0.012 | t(attrs)=0.049s, t(frac)=0.003s
[2025-11-07T13:14:54-03:00] <k>=2.50, p=0.002503, px1=0.05, r_kk_obj=+0.50, r_kk_fin=+0.485, ρ_kx_obj=0.23, ρ_kx_fin=+0.219 -> frac=0.013 | t(attrs)=0.072s, t(frac)=0.005s
[2025-11-07T13:14:54-03:00] <k>=2.50, p=0.002503, px1=0.05, r_kk_obj=+0.50, r_kk_fin=+0.485, ρ_kx_obj=0.34, ρ_kx_fin=+0.335 -> frac=0.016 | t(attrs)=0.172s, t(frac)=0.003s
[2025-11-07T13:14:54-03:00] <k>=2.50, p=0.002503, px1=0.05, r_kk_obj=+0.50, r_kk_fin=+0.485, ρ_kx_obj=0.46, ρ_kx_fin=+0.451 -> frac=0.012 | t(attrs)=0.605s, t(frac)=0.006s
[2025-11-07T13:14:54-03:00] <k>=2.50, p=0.002503, px1=0.05, r_kk_obj=+0.50, r_kk_fin=+0.485, ρ_kx_obj=0.57, ρ_kx_fin=+0.529 -> frac=0.022 | t(attrs)=4.114s, t(frac)=0.003s
[2025-11-07T13:14:54-03:00] <k>=2.50, p=0.002503, px1=0.05, r_kk_obj=+0.50, r_kk_fin=+0.485, ρ_kx_obj=0.69, ρ_kx_fin=+0.532 -> frac=0.018 | t(attrs)=3.201s, t(frac)=0.002s
[2025-11-07T13:14:54-03:00] <k>=2.50, p=0.002503, px1=0.05, r_kk_obj=+0.50, r_kk_fin=+0.485, ρ_kx_obj=0.80, ρ_kx_fin=+0.529 -> frac=0.019 | t(attrs)=3.579s, t(frac)=0.003s
[2025-11-07T13:14:54-03:00] Curva lista: <k>=2.50, px1=0.05, r_kk_obj=+0.50, r_kk_fin=+0.485, p=0.002503, t_curva=32.32s (t_gen=0.07s, t_rew=20.42s, t_rho_total=11.82s; t_attrs=11.80s, t_frac=0.03s)
[2025-11-07T13:14:56-03:00] Generada red ER: N=1000, <k>_obj=2.50, p=0.002503, L=1286, tiempo=0.063s
[2025-11-07T13:14:56-03:00] Rewire r_kk: objetivo=-0.50, alcanzado=-0.485, |Δ|=0.015, iters=1432, tiempo=26.276s
[2025-11-07T13:14:56-03:00] <k>=2.50, p=0.002503, px1=0.10, r_kk_obj=-0.50, r_kk_fin=-0.485, ρ_kx_obj=0.00, ρ_kx_fin=+0.006 -> frac=0.034 | t(attrs)=0.004s, t(frac)=0.002s
[2025-11-07T13:14:56-03:00] <k>=2.50, p=0.002503, px1=0.10, r_kk_obj=-0.50, r_kk_fin=-0.485, ρ_kx_obj=0.11, ρ_kx_fin=+0.107 -> frac=0.048 | t(attrs)=0.014s, t(frac)=0.001s
[2025-11-07T13:14:56-03:00] <k>=2.50, p=0.002503, px1=0.10, r_kk_obj=-0.50, r_kk_fin=-0.485, ρ_kx_obj=0.23, ρ_kx_fin=+0.219 -> frac=0.068 | t(attrs)=0.044s, t(frac)=0.002s
[2025-11-07T13:14:56-03:00] <k>=2.50, p=0.002503, px1=0.10, r_kk_obj=-0.50, r_kk_fin=-0.485, ρ_kx_obj=0.34, ρ_kx_fin=+0.335 -> frac=0.100 | t(attrs)=0.115s, t(frac)=0.003s
[2025-11-07T13:14:56-03:00] <k>=2.50, p=0.002503, px1=0.10, r_kk_obj=-0.50, r_kk_fin=-0.485, ρ_kx_obj=0.46, ρ_kx_fin=+0.449 -> frac=0.113 | t(attrs)=0.179s, t(frac)=0.001s
[2025-11-07T13:14:56-03:00] <k>=2.50, p=0.002503, px1=0.10, r_kk_obj=-0.50, r_kk_fin=-0.485, ρ_kx_obj=0.57, ρ_kx_fin=+0.565 -> frac=0.157 | t(attrs)=0.465s, t(frac)=0.002s
[2025-11-07T13:14:56-03:00] <k>=2.50, p=0.002503, px1=0.10, r_kk_obj=-0.50, r_kk_fin=-0.485, ρ_kx_obj=0.69, ρ_kx_fin=+0.639 -> frac=0.178 | t(attrs)=3.090s, t(frac)=0.003s
[2025-11-07T13:14:56-03:00] <k>=2.50, p=0.002503, px1=0.10, r_kk_obj=-0.50, r_kk_fin=-0.485, ρ_kx_obj=0.80, ρ_kx_fin=+0.643 -> frac=0.180 | t(attrs)=3.488s, t(frac)=0.003s
[2025-11-07T13:14:56-03:00] Curva lista: <k>=2.50, px1=0.10, r_kk_obj=-0.50, r_kk_fin=-0.485, p=0.002503, t_curva=33.76s (t_gen=0.06s, t_rew=26.28s, t_rho_total=7.41s; t_attrs=7.40s, t_frac=0.02s)
[2025-11-07T13:14:59-03:00] Generada red ER: N=1000, <k>_obj=2.50, p=0.002503, L=1286, tiempo=0.099s
[2025-11-07T13:14:59-03:00] Rewire r_kk: objetivo=-0.50, alcanzado=-0.485, |Δ|=0.015, iters=1432, tiempo=26.267s
[2025-11-07T13:14:59-03:00] <k>=2.50, p=0.002503, px1=0.05, r_kk_obj=-0.50, r_kk_fin=-0.485, ρ_kx_obj=0.00, ρ_kx_fin=-0.002 -> frac=0.010 | t(attrs)=0.001s, t(frac)=0.002s
[2025-11-07T13:14:59-03:00] <k>=2.50, p=0.002503, px1=0.05, r_kk_obj=-0.50, r_kk_fin=-0.485, ρ_kx_obj=0.11, ρ_kx_fin=+0.106 -> frac=0.014 | t(attrs)=0.016s, t(frac)=0.002s
[2025-11-07T13:14:59-03:00] <k>=2.50, p=0.002503, px1=0.05, r_kk_obj=-0.50, r_kk_fin=-0.485, ρ_kx_obj=0.23, ρ_kx_fin=+0.219 -> frac=0.030 | t(attrs)=0.019s, t(frac)=0.001s
[2025-11-07T13:14:59-03:00] <k>=2.50, p=0.002503, px1=0.05, r_kk_obj=-0.50, r_kk_fin=-0.485, ρ_kx_obj=0.34, ρ_kx_fin=+0.338 -> frac=0.048 | t(attrs)=0.128s, t(frac)=0.003s
[2025-11-07T13:14:59-03:00] <k>=2.50, p=0.002503, px1=0.05, r_kk_obj=-0.50, r_kk_fin=-0.485, ρ_kx_obj=0.46, ρ_kx_fin=+0.448 -> frac=0.079 | t(attrs)=0.292s, t(frac)=0.002s
[2025-11-07T13:14:59-03:00] <k>=2.50, p=0.002503, px1=0.05, r_kk_obj=-0.50, r_kk_fin=-0.485, ρ_kx_obj=0.57, ρ_kx_fin=+0.532 -> frac=0.099 | t(attrs)=3.003s, t(frac)=0.002s
[2025-11-07T13:14:59-03:00] <k>=2.50, p=0.002503, px1=0.05, r_kk_obj=-0.50, r_kk_fin=-0.485, ρ_kx_obj=0.69, ρ_kx_fin=+0.529 -> frac=0.093 | t(attrs)=3.670s, t(frac)=0.004s
[2025-11-07T13:14:59-03:00] <k>=2.50, p=0.002503, px1=0.05, r_kk_obj=-0.50, r_kk_fin=-0.485, ρ_kx_obj=0.80, ρ_kx_fin=+0.527 -> frac=0.098 | t(attrs)=3.648s, t(frac)=0.002s
[2025-11-07T13:14:59-03:00] Curva lista: <k>=2.50, px1=0.05, r_kk_obj=-0.50, r_kk_fin=-0.485, p=0.002503, t_curva=37.16s (t_gen=0.10s, t_rew=26.27s, t_rho_total=10.79s; t_attrs=10.78s, t_frac=0.02s)
[2025-11-07T13:15:18-03:00] Generada red ER: N=1000, <k>_obj=5.20, p=0.005205, L=2603, tiempo=0.077s
[2025-11-07T13:15:18-03:00] Rewire r_kk: objetivo=+0.50, alcanzado=+0.486, |Δ|=0.014, iters=2433, tiempo=50.605s
[2025-11-07T13:15:18-03:00] <k>=5.20, p=0.005205, px1=0.20, r_kk_obj=+0.50, r_kk_fin=+0.486, ρ_kx_obj=0.00, ρ_kx_fin=+0.008 -> frac=0.050 | t(attrs)=0.010s, t(frac)=0.002s
[2025-11-07T13:15:18-03:00] <k>=5.20, p=0.005205, px1=0.20, r_kk_obj=+0.50, r_kk_fin=+0.486, ρ_kx_obj=0.11, ρ_kx_fin=+0.106 -> frac=0.042 | t(attrs)=0.033s, t(frac)=0.004s
[2025-11-07T13:15:18-03:00] <k>=5.20, p=0.005205, px1=0.20, r_kk_obj=+0.50, r_kk_fin=+0.486, ρ_kx_obj=0.23, ρ_kx_fin=+0.224 -> frac=0.064 | t(attrs)=0.072s, t(frac)=0.003s
[2025-11-07T13:15:18-03:00] <k>=5.20, p=0.005205, px1=0.20, r_kk_obj=+0.50, r_kk_fin=+0.486, ρ_kx_obj=0.34, ρ_kx_fin=+0.333 -> frac=0.066 | t(attrs)=0.101s, t(frac)=0.002s
[2025-11-07T13:15:18-03:00] <k>=5.20, p=0.005205, px1=0.20, r_kk_obj=+0.50, r_kk_fin=+0.486, ρ_kx_obj=0.46, ρ_kx_fin=+0.447 -> frac=0.090 | t(attrs)=0.135s, t(frac)=0.002s
[2025-11-07T13:15:18-03:00] <k>=5.20, p=0.005205, px1=0.20, r_kk_obj=+0.50, r_kk_fin=+0.486, ρ_kx_obj=0.57, ρ_kx_fin=+0.562 -> frac=0.115 | t(attrs)=0.295s, t(frac)=0.002s
[2025-11-07T13:15:18-03:00] <k>=5.20, p=0.005205, px1=0.20, r_kk_obj=+0.50, r_kk_fin=+0.486, ρ_kx_obj=0.69, ρ_kx_fin=+0.676 -> frac=0.149 | t(attrs)=0.895s, t(frac)=0.003s
[2025-11-07T13:15:18-03:00] <k>=5.20, p=0.005205, px1=0.20, r_kk_obj=+0.50, r_kk_fin=+0.486, ρ_kx_obj=0.80, ρ_kx_fin=+0.730 -> frac=0.164 | t(attrs)=4.444s, t(frac)=0.002s
[2025-11-07T13:15:18-03:00] Curva lista: <k>=5.20, px1=0.20, r_kk_obj=+0.50, r_kk_fin=+0.486, p=0.005205, t_curva=56.69s (t_gen=0.08s, t_rew=50.61s, t_rho_total=6.01s; t_attrs=5.99s, t_frac=0.02s)
[2025-11-07T13:15:21-03:00] Generada red ER: N=1000, <k>_obj=5.20, p=0.005205, L=2603, tiempo=0.076s
[2025-11-07T13:15:21-03:00] Rewire r_kk: objetivo=+0.50, alcanzado=+0.486, |Δ|=0.014, iters=2433, tiempo=51.681s
[2025-11-07T13:15:21-03:00] <k>=5.20, p=0.005205, px1=0.10, r_kk_obj=+0.50, r_kk_fin=+0.486, ρ_kx_obj=0.00, ρ_kx_fin=-0.007 -> frac=0.007 | t(attrs)=0.001s, t(frac)=0.003s
[2025-11-07T13:15:21-03:00] <k>=5.20, p=0.005205, px1=0.10, r_kk_obj=+0.50, r_kk_fin=+0.486, ρ_kx_obj=0.11, ρ_kx_fin=+0.107 -> frac=0.008 | t(attrs)=0.022s, t(frac)=0.003s
[2025-11-07T13:15:21-03:00] <k>=5.20, p=0.005205, px1=0.10, r_kk_obj=+0.50, r_kk_fin=+0.486, ρ_kx_obj=0.23, ρ_kx_fin=+0.220 -> frac=0.007 | t(attrs)=0.054s, t(frac)=0.003s
[2025-11-07T13:15:21-03:00] <k>=5.20, p=0.005205, px1=0.10, r_kk_obj=+0.50, r_kk_fin=+0.486, ρ_kx_obj=0.34, ρ_kx_fin=+0.334 -> frac=0.015 | t(attrs)=0.102s, t(frac)=0.002s
[2025-11-07T13:15:21-03:00] <k>=5.20, p=0.005205, px1=0.10, r_kk_obj=+0.50, r_kk_fin=+0.486, ρ_kx_obj=0.46, ρ_kx_fin=+0.448 -> frac=0.020 | t(attrs)=0.267s, t(frac)=0.003s
[2025-11-07T13:15:21-03:00] <k>=5.20, p=0.005205, px1=0.10, r_kk_obj=+0.50, r_kk_fin=+0.486, ρ_kx_obj=0.57, ρ_kx_fin=+0.562 -> frac=0.026 | t(attrs)=1.130s, t(frac)=0.005s
[2025-11-07T13:15:21-03:00] <k>=5.20, p=0.005205, px1=0.10, r_kk_obj=+0.50, r_kk_fin=+0.486, ρ_kx_obj=0.69, ρ_kx_fin=+0.631 -> frac=0.034 | t(attrs)=4.096s, t(frac)=0.002s
[2025-11-07T13:15:21-03:00] <k>=5.20, p=0.005205, px1=0.10, r_kk_obj=+0.50, r_kk_fin=+0.486, ρ_kx_obj=0.80, ρ_kx_fin=+0.627 -> frac=0.034 | t(attrs)=2.508s, t(frac)=0.002s
[2025-11-07T13:15:21-03:00] Curva lista: <k>=5.20, px1=0.10, r_kk_obj=+0.50, r_kk_fin=+0.486, p=0.005205, t_curva=59.96s (t_gen=0.08s, t_rew=51.68s, t_rho_total=8.20s; t_attrs=8.18s, t_frac=0.02s)
[2025-11-07T13:15:22-03:00] Generada red ER: N=1000, <k>_obj=5.20, p=0.005205, L=2603, tiempo=0.064s
[2025-11-07T13:15:22-03:00] Rewire r_kk: objetivo=+0.50, alcanzado=+0.486, |Δ|=0.014, iters=2433, tiempo=50.477s
[2025-11-07T13:15:22-03:00] <k>=5.20, p=0.005205, px1=0.05, r_kk_obj=+0.50, r_kk_fin=+0.486, ρ_kx_obj=0.00, ρ_kx_fin=+0.008 -> frac=0.002 | t(attrs)=0.002s, t(frac)=0.003s
[2025-11-07T13:15:22-03:00] <k>=5.20, p=0.005205, px1=0.05, r_kk_obj=+0.50, r_kk_fin=+0.486, ρ_kx_obj=0.11, ρ_kx_fin=+0.107 -> frac=0.001 | t(attrs)=0.012s, t(frac)=0.003s
[2025-11-07T13:15:22-03:00] <k>=5.20, p=0.005205, px1=0.05, r_kk_obj=+0.50, r_kk_fin=+0.486, ρ_kx_obj=0.23, ρ_kx_fin=+0.222 -> frac=0.003 | t(attrs)=0.038s, t(frac)=0.002s
[2025-11-07T13:15:22-03:00] <k>=5.20, p=0.005205, px1=0.05, r_kk_obj=+0.50, r_kk_fin=+0.486, ρ_kx_obj=0.34, ρ_kx_fin=+0.334 -> frac=0.002 | t(attrs)=0.240s, t(frac)=0.002s
[2025-11-07T13:15:22-03:00] <k>=5.20, p=0.005205, px1=0.05, r_kk_obj=+0.50, r_kk_fin=+0.486, ρ_kx_obj=0.46, ρ_kx_fin=+0.448 -> frac=0.003 | t(attrs)=0.237s, t(frac)=0.003s
[2025-11-07T13:15:22-03:00] <k>=5.20, p=0.005205, px1=0.05, r_kk_obj=+0.50, r_kk_fin=+0.486, ρ_kx_obj=0.57, ρ_kx_fin=+0.517 -> frac=0.006 | t(attrs)=4.122s, t(frac)=0.005s
[2025-11-07T13:15:22-03:00] <k>=5.20, p=0.005205, px1=0.05, r_kk_obj=+0.50, r_kk_fin=+0.486, ρ_kx_obj=0.69, ρ_kx_fin=+0.515 -> frac=0.008 | t(attrs)=3.584s, t(frac)=0.003s
[2025-11-07T13:15:22-03:00] <k>=5.20, p=0.005205, px1=0.05, r_kk_obj=+0.50, r_kk_fin=+0.486, ρ_kx_obj=0.80, ρ_kx_fin=+0.513 -> frac=0.009 | t(attrs)=2.472s, t(frac)=0.002s
[2025-11-07T13:15:22-03:00] Curva lista: <k>=5.20, px1=0.05, r_kk_obj=+0.50, r_kk_fin=+0.486, p=0.005205, t_curva=61.27s (t_gen=0.06s, t_rew=50.48s, t_rho_total=10.73s; t_attrs=10.71s, t_frac=0.02s)
[2025-11-07T13:15:22-03:00] Generada red ER: N=1000, <k>_obj=5.20, p=0.005205, L=2603, tiempo=0.065s
[2025-11-07T13:15:22-03:00] Rewire r_kk: objetivo=-0.50, alcanzado=-0.485, |Δ|=0.015, iters=2716, tiempo=57.010s
[2025-11-07T13:15:22-03:00] <k>=5.20, p=0.005205, px1=0.20, r_kk_obj=-0.50, r_kk_fin=-0.485, ρ_kx_obj=0.00, ρ_kx_fin=-0.009 -> frac=0.041 | t(attrs)=0.001s, t(frac)=0.003s
[2025-11-07T13:15:22-03:00] <k>=5.20, p=0.005205, px1=0.20, r_kk_obj=-0.50, r_kk_fin=-0.485, ρ_kx_obj=0.11, ρ_kx_fin=+0.109 -> frac=0.063 | t(attrs)=0.015s, t(frac)=0.003s
[2025-11-07T13:15:22-03:00] <k>=5.20, p=0.005205, px1=0.20, r_kk_obj=-0.50, r_kk_fin=-0.485, ρ_kx_obj=0.23, ρ_kx_fin=+0.221 -> frac=0.097 | t(attrs)=0.073s, t(frac)=0.004s
[2025-11-07T13:15:22-03:00] <k>=5.20, p=0.005205, px1=0.20, r_kk_obj=-0.50, r_kk_fin=-0.485, ρ_kx_obj=0.34, ρ_kx_fin=+0.342 -> frac=0.130 | t(attrs)=0.092s, t(frac)=0.003s
[2025-11-07T13:15:22-03:00] <k>=5.20, p=0.005205, px1=0.20, r_kk_obj=-0.50, r_kk_fin=-0.485, ρ_kx_obj=0.46, ρ_kx_fin=+0.448 -> frac=0.177 | t(attrs)=0.176s, t(frac)=0.003s
[2025-11-07T13:15:22-03:00] <k>=5.20, p=0.005205, px1=0.20, r_kk_obj=-0.50, r_kk_fin=-0.485, ρ_kx_obj=0.57, ρ_kx_fin=+0.564 -> frac=0.216 | t(attrs)=0.344s, t(frac)=0.002s
[2025-11-07T13:15:22-03:00] <k>=5.20, p=0.005205, px1=0.20, r_kk_obj=-0.50, r_kk_fin=-0.485, ρ_kx_obj=0.69, ρ_kx_fin=+0.676 -> frac=0.249 | t(attrs)=0.687s, t(frac)=0.002s
[2025-11-07T13:15:22-03:00] <k>=5.20, p=0.005205, px1=0.20, r_kk_obj=-0.50, r_kk_fin=-0.485, ρ_kx_obj=0.80, ρ_kx_fin=+0.730 -> frac=0.276 | t(attrs)=2.227s, t(frac)=0.002s
[2025-11-07T13:15:22-03:00] Curva lista: <k>=5.20, px1=0.20, r_kk_obj=-0.50, r_kk_fin=-0.485, p=0.005205, t_curva=60.71s (t_gen=0.06s, t_rew=57.01s, t_rho_total=3.64s; t_attrs=3.61s, t_frac=0.02s)
[2025-11-07T13:15:24-03:00] Generada red ER: N=1000, <k>_obj=5.20, p=0.005205, L=2603, tiempo=0.071s
[2025-11-07T13:15:24-03:00] Rewire r_kk: objetivo=-0.50, alcanzado=-0.485, |Δ|=0.015, iters=2716, tiempo=57.291s
[2025-11-07T13:15:24-03:00] <k>=5.20, p=0.005205, px1=0.10, r_kk_obj=-0.50, r_kk_fin=-0.485, ρ_kx_obj=0.00, ρ_kx_fin=+0.007 -> frac=0.010 | t(attrs)=0.001s, t(frac)=0.007s
[2025-11-07T13:15:24-03:00] <k>=5.20, p=0.005205, px1=0.10, r_kk_obj=-0.50, r_kk_fin=-0.485, ρ_kx_obj=0.11, ρ_kx_fin=+0.107 -> frac=0.019 | t(attrs)=0.048s, t(frac)=0.030s
[2025-11-07T13:15:24-03:00] <k>=5.20, p=0.005205, px1=0.10, r_kk_obj=-0.50, r_kk_fin=-0.485, ρ_kx_obj=0.23, ρ_kx_fin=+0.221 -> frac=0.026 | t(attrs)=0.146s, t(frac)=0.005s
[2025-11-07T13:15:24-03:00] <k>=5.20, p=0.005205, px1=0.10, r_kk_obj=-0.50, r_kk_fin=-0.485, ρ_kx_obj=0.34, ρ_kx_fin=+0.334 -> frac=0.044 | t(attrs)=0.134s, t(frac)=0.003s
[2025-11-07T13:15:24-03:00] <k>=5.20, p=0.005205, px1=0.10, r_kk_obj=-0.50, r_kk_fin=-0.485, ρ_kx_obj=0.46, ρ_kx_fin=+0.449 -> frac=0.064 | t(attrs)=0.233s, t(frac)=0.003s
[2025-11-07T13:15:24-03:00] <k>=5.20, p=0.005205, px1=0.10, r_kk_obj=-0.50, r_kk_fin=-0.485, ρ_kx_obj=0.57, ρ_kx_fin=+0.566 -> frac=0.103 | t(attrs)=0.363s, t(frac)=0.003s
[2025-11-07T13:15:24-03:00] <k>=5.20, p=0.005205, px1=0.10, r_kk_obj=-0.50, r_kk_fin=-0.485, ρ_kx_obj=0.69, ρ_kx_fin=+0.622 -> frac=0.118 | t(attrs)=2.485s, t(frac)=0.002s
[2025-11-07T13:15:24-03:00] <k>=5.20, p=0.005205, px1=0.10, r_kk_obj=-0.50, r_kk_fin=-0.485, ρ_kx_obj=0.80, ρ_kx_fin=+0.628 -> frac=0.119 | t(attrs)=2.026s, t(frac)=0.002s
[2025-11-07T13:15:24-03:00] Curva lista: <k>=5.20, px1=0.10, r_kk_obj=-0.50, r_kk_fin=-0.485, p=0.005205, t_curva=62.86s (t_gen=0.07s, t_rew=57.29s, t_rho_total=5.49s; t_attrs=5.44s, t_frac=0.06s)
[2025-11-07T13:15:25-03:00] Generada red ER: N=1000, <k>_obj=5.20, p=0.005205, L=2603, tiempo=0.056s
[2025-11-07T13:15:25-03:00] Rewire r_kk: objetivo=-0.50, alcanzado=-0.485, |Δ|=0.015, iters=2716, tiempo=57.461s
[2025-11-07T13:15:25-03:00] <k>=5.20, p=0.005205, px1=0.05, r_kk_obj=-0.50, r_kk_fin=-0.485, ρ_kx_obj=0.00, ρ_kx_fin=+0.010 -> frac=0.002 | t(attrs)=0.001s, t(frac)=0.003s
[2025-11-07T13:15:25-03:00] <k>=5.20, p=0.005205, px1=0.05, r_kk_obj=-0.50, r_kk_fin=-0.485, ρ_kx_obj=0.11, ρ_kx_fin=+0.105 -> frac=0.007 | t(attrs)=0.018s, t(frac)=0.003s
[2025-11-07T13:15:25-03:00] <k>=5.20, p=0.005205, px1=0.05, r_kk_obj=-0.50, r_kk_fin=-0.485, ρ_kx_obj=0.23, ρ_kx_fin=+0.224 -> frac=0.007 | t(attrs)=0.054s, t(frac)=0.003s
[2025-11-07T13:15:25-03:00] <k>=5.20, p=0.005205, px1=0.05, r_kk_obj=-0.50, r_kk_fin=-0.485, ρ_kx_obj=0.34, ρ_kx_fin=+0.336 -> frac=0.024 | t(attrs)=0.126s, t(frac)=0.003s
[2025-11-07T13:15:25-03:00] <k>=5.20, p=0.005205, px1=0.05, r_kk_obj=-0.50, r_kk_fin=-0.485, ρ_kx_obj=0.46, ρ_kx_fin=+0.448 -> frac=0.042 | t(attrs)=0.623s, t(frac)=0.003s
[2025-11-07T13:15:25-03:00] <k>=5.20, p=0.005205, px1=0.05, r_kk_obj=-0.50, r_kk_fin=-0.485, ρ_kx_obj=0.57, ρ_kx_fin=+0.515 -> frac=0.050 | t(attrs)=2.563s, t(frac)=0.003s
[2025-11-07T13:15:25-03:00] <k>=5.20, p=0.005205, px1=0.05, r_kk_obj=-0.50, r_kk_fin=-0.485, ρ_kx_obj=0.69, ρ_kx_fin=+0.513 -> frac=0.046 | t(attrs)=2.095s, t(frac)=0.002s
[2025-11-07T13:15:25-03:00] <k>=5.20, p=0.005205, px1=0.05, r_kk_obj=-0.50, r_kk_fin=-0.485, ρ_kx_obj=0.80, ρ_kx_fin=+0.513 -> frac=0.049 | t(attrs)=1.678s, t(frac)=0.002s
[2025-11-07T13:15:25-03:00] Curva lista: <k>=5.20, px1=0.05, r_kk_obj=-0.50, r_kk_fin=-0.485, p=0.005205, t_curva=64.70s (t_gen=0.06s, t_rew=57.46s, t_rho_total=7.18s; t_attrs=7.16s, t_frac=0.02s)
[2025-11-07T13:15:26-03:00] Generando figura...
[2025-11-07T13:15:28-03:00] Figuras guardadas en: run-e2r\251107131417_N1000\fig3_ER.png y run-e2r\251107131417_N1000\fig3_ER.pdf
[2025-11-07T13:15:28-03:00] Fin experimento Fig3-ER | tiempo total=70.32s (~1.17 min) | carpeta=run-e2r\251107131417_N1000
