[2025-11-08T00:13:19-03:00] Ejecutando script: Real-Networks-v16.py | ruta=C:\Users\dcaceres\Documents\Magister\Trimestre 2\CS Redes\Tarea 2\python\Real-Networks-v16.py
[2025-11-08T00:13:19-03:00] Inicio experimento Fig4-REAL (paralelo por procesos) | carpeta=run-real\251108-001319
[2025-11-08T00:13:19-03:00] Procesos: usados=18, cpu_count=22
[2025-11-08T00:13:19-03:00] Parámetros: PX1=[0.05, 0.1, 0.2, 0.3], ρ_kx_grid=[np.float64(0.0), np.float64(0.07), np.float64(0.13), np.float64(0.2), np.float64(0.27), np.float64(0.33), np.float64(0.4), np.float64(0.47), np.float64(0.53), np.float64(0.6)], seed=12021974
[2025-11-08T00:13:43-03:00] Generada red REAL: HepTh, N=8638, L=24806, r_kk=+0.239, tiempo_carga=0.584s, tiempo_pre=0.012s
[2025-11-08T00:13:43-03:00] red=HepTh, N=8638, L=24806, px1=0.05, r_kk=+0.239, ρ_kx_obj=0.00, ρ_kx_fin=+0.009 -> frac=0.008 | t(attrs)=0.052s, t(frac)=0.049s
[2025-11-08T00:13:43-03:00] red=HepTh, N=8638, L=24806, px1=0.05, r_kk=+0.239, ρ_kx_obj=0.07, ρ_kx_fin=+0.057 -> frac=0.013 | t(attrs)=0.204s, t(frac)=0.061s
[2025-11-08T00:13:43-03:00] red=HepTh, N=8638, L=24806, px1=0.05, r_kk=+0.239, ρ_kx_obj=0.13, ρ_kx_fin=+0.123 -> frac=0.019 | t(attrs)=0.639s, t(frac)=0.041s
[2025-11-08T00:13:43-03:00] red=HepTh, N=8638, L=24806, px1=0.05, r_kk=+0.239, ρ_kx_obj=0.20, ρ_kx_fin=+0.190 -> frac=0.018 | t(attrs)=0.798s, t(frac)=0.035s
[2025-11-08T00:13:43-03:00] red=HepTh, N=8638, L=24806, px1=0.05, r_kk=+0.239, ρ_kx_obj=0.27, ρ_kx_fin=+0.257 -> frac=0.026 | t(attrs)=0.928s, t(frac)=0.024s
[2025-11-08T00:13:43-03:00] red=HepTh, N=8638, L=24806, px1=0.05, r_kk=+0.239, ρ_kx_obj=0.33, ρ_kx_fin=+0.323 -> frac=0.031 | t(attrs)=1.488s, t(frac)=0.027s
[2025-11-08T00:13:43-03:00] red=HepTh, N=8638, L=24806, px1=0.05, r_kk=+0.239, ρ_kx_obj=0.40, ρ_kx_fin=+0.391 -> frac=0.033 | t(attrs)=1.832s, t(frac)=0.025s
[2025-11-08T00:13:43-03:00] red=HepTh, N=8638, L=24806, px1=0.05, r_kk=+0.239, ρ_kx_obj=0.47, ρ_kx_fin=+0.457 -> frac=0.038 | t(attrs)=2.592s, t(frac)=0.028s
[2025-11-08T00:13:43-03:00] red=HepTh, N=8638, L=24806, px1=0.05, r_kk=+0.239, ρ_kx_obj=0.53, ρ_kx_fin=+0.524 -> frac=0.047 | t(attrs)=3.476s, t(frac)=0.026s
[2025-11-08T00:13:43-03:00] red=HepTh, N=8638, L=24806, px1=0.05, r_kk=+0.239, ρ_kx_obj=0.60, ρ_kx_fin=+0.586 -> frac=0.054 | t(attrs)=5.132s, t(frac)=0.023s
[2025-11-08T00:13:45-03:00] Generada red REAL: HepTh, N=8638, L=24806, r_kk=+0.239, tiempo_carga=0.551s, tiempo_pre=0.012s
[2025-11-08T00:13:45-03:00] red=HepTh, N=8638, L=24806, px1=0.10, r_kk=+0.239, ρ_kx_obj=0.00, ρ_kx_fin=+0.010 -> frac=0.023 | t(attrs)=0.016s, t(frac)=0.045s
[2025-11-08T00:13:45-03:00] red=HepTh, N=8638, L=24806, px1=0.10, r_kk=+0.239, ρ_kx_obj=0.07, ρ_kx_fin=+0.057 -> frac=0.030 | t(attrs)=0.369s, t(frac)=0.058s
[2025-11-08T00:13:45-03:00] red=HepTh, N=8638, L=24806, px1=0.10, r_kk=+0.239, ρ_kx_obj=0.13, ρ_kx_fin=+0.123 -> frac=0.038 | t(attrs)=0.716s, t(frac)=0.031s
[2025-11-08T00:13:45-03:00] red=HepTh, N=8638, L=24806, px1=0.10, r_kk=+0.239, ρ_kx_obj=0.20, ρ_kx_fin=+0.192 -> frac=0.046 | t(attrs)=0.802s, t(frac)=0.027s
[2025-11-08T00:13:45-03:00] red=HepTh, N=8638, L=24806, px1=0.10, r_kk=+0.239, ρ_kx_obj=0.27, ρ_kx_fin=+0.257 -> frac=0.056 | t(attrs)=1.061s, t(frac)=0.028s
[2025-11-08T00:13:45-03:00] red=HepTh, N=8638, L=24806, px1=0.10, r_kk=+0.239, ρ_kx_obj=0.33, ρ_kx_fin=+0.324 -> frac=0.067 | t(attrs)=1.411s, t(frac)=0.027s
[2025-11-08T00:13:45-03:00] red=HepTh, N=8638, L=24806, px1=0.10, r_kk=+0.239, ρ_kx_obj=0.40, ρ_kx_fin=+0.391 -> frac=0.075 | t(attrs)=1.931s, t(frac)=0.023s
[2025-11-08T00:13:45-03:00] red=HepTh, N=8638, L=24806, px1=0.10, r_kk=+0.239, ρ_kx_obj=0.47, ρ_kx_fin=+0.457 -> frac=0.092 | t(attrs)=3.132s, t(frac)=0.032s
[2025-11-08T00:13:45-03:00] red=HepTh, N=8638, L=24806, px1=0.10, r_kk=+0.239, ρ_kx_obj=0.53, ρ_kx_fin=+0.523 -> frac=0.104 | t(attrs)=3.798s, t(frac)=0.024s
[2025-11-08T00:13:45-03:00] red=HepTh, N=8638, L=24806, px1=0.10, r_kk=+0.239, ρ_kx_obj=0.60, ρ_kx_fin=+0.579 -> frac=0.130 | t(attrs)=5.109s, t(frac)=0.021s
[2025-11-08T00:13:48-03:00] Generada red REAL: HepTh, N=8638, L=24806, r_kk=+0.239, tiempo_carga=0.568s, tiempo_pre=0.012s
[2025-11-08T00:13:48-03:00] red=HepTh, N=8638, L=24806, px1=0.20, r_kk=+0.239, ρ_kx_obj=0.00, ρ_kx_fin=+0.008 -> frac=0.069 | t(attrs)=0.002s, t(frac)=0.048s
[2025-11-08T00:13:48-03:00] red=HepTh, N=8638, L=24806, px1=0.20, r_kk=+0.239, ρ_kx_obj=0.07, ρ_kx_fin=+0.058 -> frac=0.076 | t(attrs)=0.338s, t(frac)=0.046s
[2025-11-08T00:13:48-03:00] red=HepTh, N=8638, L=24806, px1=0.20, r_kk=+0.239, ρ_kx_obj=0.13, ρ_kx_fin=+0.125 -> frac=0.097 | t(attrs)=0.964s, t(frac)=0.030s
[2025-11-08T00:13:48-03:00] red=HepTh, N=8638, L=24806, px1=0.20, r_kk=+0.239, ρ_kx_obj=0.20, ρ_kx_fin=+0.191 -> frac=0.121 | t(attrs)=0.885s, t(frac)=0.030s
[2025-11-08T00:13:48-03:00] red=HepTh, N=8638, L=24806, px1=0.20, r_kk=+0.239, ρ_kx_obj=0.27, ρ_kx_fin=+0.257 -> frac=0.153 | t(attrs)=1.379s, t(frac)=0.029s
[2025-11-08T00:13:48-03:00] red=HepTh, N=8638, L=24806, px1=0.20, r_kk=+0.239, ρ_kx_obj=0.33, ρ_kx_fin=+0.323 -> frac=0.174 | t(attrs)=1.784s, t(frac)=0.025s
[2025-11-08T00:13:48-03:00] red=HepTh, N=8638, L=24806, px1=0.20, r_kk=+0.239, ρ_kx_obj=0.40, ρ_kx_fin=+0.390 -> frac=0.210 | t(attrs)=2.791s, t(frac)=0.033s
[2025-11-08T00:13:48-03:00] red=HepTh, N=8638, L=24806, px1=0.20, r_kk=+0.239, ρ_kx_obj=0.47, ρ_kx_fin=+0.457 -> frac=0.246 | t(attrs)=3.435s, t(frac)=0.033s
[2025-11-08T00:13:48-03:00] red=HepTh, N=8638, L=24806, px1=0.20, r_kk=+0.239, ρ_kx_obj=0.53, ρ_kx_fin=+0.523 -> frac=0.279 | t(attrs)=4.663s, t(frac)=0.024s
[2025-11-08T00:13:48-03:00] red=HepTh, N=8638, L=24806, px1=0.20, r_kk=+0.239, ρ_kx_obj=0.60, ρ_kx_fin=+0.547 -> frac=0.299 | t(attrs)=4.466s, t(frac)=0.027s
[2025-11-08T00:13:49-03:00] Generada red REAL: HepTh, N=8638, L=24806, r_kk=+0.239, tiempo_carga=0.586s, tiempo_pre=0.011s
[2025-11-08T00:13:49-03:00] red=HepTh, N=8638, L=24806, px1=0.30, r_kk=+0.239, ρ_kx_obj=0.00, ρ_kx_fin=-0.010 -> frac=0.138 | t(attrs)=0.083s, t(frac)=0.038s
[2025-11-08T00:13:49-03:00] red=HepTh, N=8638, L=24806, px1=0.30, r_kk=+0.239, ρ_kx_obj=0.07, ρ_kx_fin=+0.057 -> frac=0.174 | t(attrs)=0.421s, t(frac)=0.038s
[2025-11-08T00:13:49-03:00] red=HepTh, N=8638, L=24806, px1=0.30, r_kk=+0.239, ρ_kx_obj=0.13, ρ_kx_fin=+0.124 -> frac=0.201 | t(attrs)=0.610s, t(frac)=0.026s
[2025-11-08T00:13:49-03:00] red=HepTh, N=8638, L=24806, px1=0.30, r_kk=+0.239, ρ_kx_obj=0.20, ρ_kx_fin=+0.191 -> frac=0.243 | t(attrs)=1.087s, t(frac)=0.026s
[2025-11-08T00:13:49-03:00] red=HepTh, N=8638, L=24806, px1=0.30, r_kk=+0.239, ρ_kx_obj=0.27, ρ_kx_fin=+0.257 -> frac=0.284 | t(attrs)=1.536s, t(frac)=0.026s
[2025-11-08T00:13:49-03:00] red=HepTh, N=8638, L=24806, px1=0.30, r_kk=+0.239, ρ_kx_obj=0.33, ρ_kx_fin=+0.323 -> frac=0.337 | t(attrs)=2.189s, t(frac)=0.028s
[2025-11-08T00:13:49-03:00] red=HepTh, N=8638, L=24806, px1=0.30, r_kk=+0.239, ρ_kx_obj=0.40, ρ_kx_fin=+0.390 -> frac=0.374 | t(attrs)=2.865s, t(frac)=0.026s
[2025-11-08T00:13:49-03:00] red=HepTh, N=8638, L=24806, px1=0.30, r_kk=+0.239, ρ_kx_obj=0.47, ρ_kx_fin=+0.457 -> frac=0.443 | t(attrs)=3.858s, t(frac)=0.027s
[2025-11-08T00:13:49-03:00] red=HepTh, N=8638, L=24806, px1=0.30, r_kk=+0.239, ρ_kx_obj=0.53, ρ_kx_fin=+0.492 -> frac=0.458 | t(attrs)=4.986s, t(frac)=0.022s
[2025-11-08T00:13:49-03:00] red=HepTh, N=8638, L=24806, px1=0.30, r_kk=+0.239, ρ_kx_obj=0.60, ρ_kx_fin=+0.517 -> frac=0.474 | t(attrs)=4.116s, t(frac)=0.018s
[2025-11-08T00:13:51-03:00] Figuras guardadas en: run-real\251108-001319\fig4_real.png y run-real\251108-001319\fig4_real.pdf
[2025-11-08T00:13:51-03:00] Fin experimento Fig4-REAL | tiempo total=31.48s (~0.52 min) | carpeta=run-real\251108-001319
