[2025-11-07T23:19:55-03:00] Ejecutando script: Real-Networks-v16.py | ruta=C:\Users\dcaceres\Documents\Magister\Trimestre 2\CS Redes\Tarea 2\python\Real-Networks-v16.py
[2025-11-07T23:19:55-03:00] Inicio experimento Fig4-REAL (paralelo por procesos) | carpeta=run-real\251107-231955
[2025-11-07T23:19:55-03:00] Procesos: usados=18, cpu_count=22
[2025-11-07T23:19:55-03:00] Parámetros: PX1=[0.05, 0.1, 0.2, 0.3], ρ_kx_grid=[np.float64(0.0), np.float64(0.07), np.float64(0.13), np.float64(0.2), np.float64(0.27), np.float64(0.33), np.float64(0.4), np.float64(0.47), np.float64(0.53), np.float64(0.6)], seed=12021974
[2025-11-07T23:20:00-03:00] Generada red REAL: Blogs, N=1222, L=16714, r_kk=-0.221, tiempo_carga=0.198s, tiempo_pre=0.001s
[2025-11-07T23:20:00-03:00] red=Blogs, N=1222, L=16714, px1=0.05, r_kk=-0.221, ρ_kx_obj=0.00, ρ_kx_fin=-0.003 -> frac=0.004 | t(attrs)=0.004s, t(frac)=0.009s
[2025-11-07T23:20:00-03:00] red=Blogs, N=1222, L=16714, px1=0.05, r_kk=-0.221, ρ_kx_obj=0.07, ρ_kx_fin=+0.057 -> frac=0.008 | t(attrs)=0.010s, t(frac)=0.005s
[2025-11-07T23:20:00-03:00] red=Blogs, N=1222, L=16714, px1=0.05, r_kk=-0.221, ρ_kx_obj=0.13, ρ_kx_fin=+0.125 -> frac=0.013 | t(attrs)=0.029s, t(frac)=0.006s
[2025-11-07T23:20:00-03:00] red=Blogs, N=1222, L=16714, px1=0.05, r_kk=-0.221, ρ_kx_obj=0.20, ρ_kx_fin=+0.193 -> frac=0.034 | t(attrs)=0.044s, t(frac)=0.008s
[2025-11-07T23:20:00-03:00] red=Blogs, N=1222, L=16714, px1=0.05, r_kk=-0.221, ρ_kx_obj=0.27, ρ_kx_fin=+0.266 -> frac=0.022 | t(attrs)=0.116s, t(frac)=0.009s
[2025-11-07T23:20:00-03:00] red=Blogs, N=1222, L=16714, px1=0.05, r_kk=-0.221, ρ_kx_obj=0.33, ρ_kx_fin=+0.340 -> frac=0.038 | t(attrs)=0.115s, t(frac)=0.008s
[2025-11-07T23:20:00-03:00] red=Blogs, N=1222, L=16714, px1=0.05, r_kk=-0.221, ρ_kx_obj=0.40, ρ_kx_fin=+0.390 -> frac=0.045 | t(attrs)=0.124s, t(frac)=0.004s
[2025-11-07T23:20:00-03:00] red=Blogs, N=1222, L=16714, px1=0.05, r_kk=-0.221, ρ_kx_obj=0.47, ρ_kx_fin=+0.457 -> frac=0.049 | t(attrs)=0.140s, t(frac)=0.005s
[2025-11-07T23:20:00-03:00] red=Blogs, N=1222, L=16714, px1=0.05, r_kk=-0.221, ρ_kx_obj=0.53, ρ_kx_fin=+0.525 -> frac=0.052 | t(attrs)=0.314s, t(frac)=0.004s
[2025-11-07T23:20:00-03:00] red=Blogs, N=1222, L=16714, px1=0.05, r_kk=-0.221, ρ_kx_obj=0.60, ρ_kx_fin=+0.592 -> frac=0.141 | t(attrs)=0.408s, t(frac)=0.004s
[2025-11-07T23:20:00-03:00] Generada red REAL: Blogs, N=1222, L=16714, r_kk=-0.221, tiempo_carga=0.192s, tiempo_pre=0.001s
[2025-11-07T23:20:00-03:00] red=Blogs, N=1222, L=16714, px1=0.10, r_kk=-0.221, ρ_kx_obj=0.00, ρ_kx_fin=-0.000 -> frac=0.011 | t(attrs)=0.009s, t(frac)=0.008s
[2025-11-07T23:20:00-03:00] red=Blogs, N=1222, L=16714, px1=0.10, r_kk=-0.221, ρ_kx_obj=0.07, ρ_kx_fin=+0.057 -> frac=0.016 | t(attrs)=0.033s, t(frac)=0.005s
[2025-11-07T23:20:00-03:00] red=Blogs, N=1222, L=16714, px1=0.10, r_kk=-0.221, ρ_kx_obj=0.13, ρ_kx_fin=+0.124 -> frac=0.021 | t(attrs)=0.047s, t(frac)=0.008s
[2025-11-07T23:20:00-03:00] red=Blogs, N=1222, L=16714, px1=0.10, r_kk=-0.221, ρ_kx_obj=0.20, ρ_kx_fin=+0.191 -> frac=0.052 | t(attrs)=0.126s, t(frac)=0.008s
[2025-11-07T23:20:00-03:00] red=Blogs, N=1222, L=16714, px1=0.10, r_kk=-0.221, ρ_kx_obj=0.27, ρ_kx_fin=+0.261 -> frac=0.053 | t(attrs)=0.096s, t(frac)=0.007s
[2025-11-07T23:20:00-03:00] red=Blogs, N=1222, L=16714, px1=0.10, r_kk=-0.221, ρ_kx_obj=0.33, ρ_kx_fin=+0.324 -> frac=0.053 | t(attrs)=0.087s, t(frac)=0.004s
[2025-11-07T23:20:00-03:00] red=Blogs, N=1222, L=16714, px1=0.10, r_kk=-0.221, ρ_kx_obj=0.40, ρ_kx_fin=+0.393 -> frac=0.087 | t(attrs)=0.125s, t(frac)=0.004s
[2025-11-07T23:20:00-03:00] red=Blogs, N=1222, L=16714, px1=0.10, r_kk=-0.221, ρ_kx_obj=0.47, ρ_kx_fin=+0.465 -> frac=0.154 | t(attrs)=0.140s, t(frac)=0.006s
[2025-11-07T23:20:00-03:00] red=Blogs, N=1222, L=16714, px1=0.10, r_kk=-0.221, ρ_kx_obj=0.53, ρ_kx_fin=+0.526 -> frac=0.149 | t(attrs)=0.283s, t(frac)=0.005s
[2025-11-07T23:20:00-03:00] red=Blogs, N=1222, L=16714, px1=0.10, r_kk=-0.221, ρ_kx_obj=0.60, ρ_kx_fin=+0.601 -> frac=0.237 | t(attrs)=0.501s, t(frac)=0.004s
[2025-11-07T23:20:01-03:00] Generada red REAL: Blogs, N=1222, L=16714, r_kk=-0.221, tiempo_carga=0.192s, tiempo_pre=0.002s
[2025-11-07T23:20:01-03:00] red=Blogs, N=1222, L=16714, px1=0.20, r_kk=-0.221, ρ_kx_obj=0.00, ρ_kx_fin=-0.009 -> frac=0.029 | t(attrs)=0.001s, t(frac)=0.007s
[2025-11-07T23:20:01-03:00] red=Blogs, N=1222, L=16714, px1=0.20, r_kk=-0.221, ρ_kx_obj=0.07, ρ_kx_fin=+0.057 -> frac=0.044 | t(attrs)=0.013s, t(frac)=0.008s
[2025-11-07T23:20:01-03:00] red=Blogs, N=1222, L=16714, px1=0.20, r_kk=-0.221, ρ_kx_obj=0.13, ρ_kx_fin=+0.125 -> frac=0.050 | t(attrs)=0.084s, t(frac)=0.006s
[2025-11-07T23:20:01-03:00] red=Blogs, N=1222, L=16714, px1=0.20, r_kk=-0.221, ρ_kx_obj=0.20, ρ_kx_fin=+0.192 -> frac=0.101 | t(attrs)=0.066s, t(frac)=0.008s
[2025-11-07T23:20:01-03:00] red=Blogs, N=1222, L=16714, px1=0.20, r_kk=-0.221, ρ_kx_obj=0.27, ρ_kx_fin=+0.259 -> frac=0.125 | t(attrs)=0.128s, t(frac)=0.004s
[2025-11-07T23:20:01-03:00] red=Blogs, N=1222, L=16714, px1=0.20, r_kk=-0.221, ρ_kx_obj=0.33, ρ_kx_fin=+0.325 -> frac=0.211 | t(attrs)=0.138s, t(frac)=0.005s
[2025-11-07T23:20:01-03:00] red=Blogs, N=1222, L=16714, px1=0.20, r_kk=-0.221, ρ_kx_obj=0.40, ρ_kx_fin=+0.391 -> frac=0.272 | t(attrs)=0.232s, t(frac)=0.005s
[2025-11-07T23:20:01-03:00] red=Blogs, N=1222, L=16714, px1=0.20, r_kk=-0.221, ρ_kx_obj=0.47, ρ_kx_fin=+0.458 -> frac=0.410 | t(attrs)=0.239s, t(frac)=0.004s
[2025-11-07T23:20:01-03:00] red=Blogs, N=1222, L=16714, px1=0.20, r_kk=-0.221, ρ_kx_obj=0.53, ρ_kx_fin=+0.527 -> frac=0.556 | t(attrs)=0.240s, t(frac)=0.006s
[2025-11-07T23:20:01-03:00] red=Blogs, N=1222, L=16714, px1=0.20, r_kk=-0.221, ρ_kx_obj=0.60, ρ_kx_fin=+0.591 -> frac=0.607 | t(attrs)=0.352s, t(frac)=0.004s
[2025-11-07T23:20:01-03:00] Generada red REAL: Blogs, N=1222, L=16714, r_kk=-0.221, tiempo_carga=0.171s, tiempo_pre=0.001s
[2025-11-07T23:20:01-03:00] red=Blogs, N=1222, L=16714, px1=0.30, r_kk=-0.221, ρ_kx_obj=0.00, ρ_kx_fin=+0.007 -> frac=0.097 | t(attrs)=0.008s, t(frac)=0.004s
[2025-11-07T23:20:01-03:00] red=Blogs, N=1222, L=16714, px1=0.30, r_kk=-0.221, ρ_kx_obj=0.07, ρ_kx_fin=+0.059 -> frac=0.108 | t(attrs)=0.025s, t(frac)=0.006s
[2025-11-07T23:20:01-03:00] red=Blogs, N=1222, L=16714, px1=0.30, r_kk=-0.221, ρ_kx_obj=0.13, ρ_kx_fin=+0.123 -> frac=0.131 | t(attrs)=0.084s, t(frac)=0.006s
[2025-11-07T23:20:01-03:00] red=Blogs, N=1222, L=16714, px1=0.30, r_kk=-0.221, ρ_kx_obj=0.20, ρ_kx_fin=+0.190 -> frac=0.293 | t(attrs)=0.066s, t(frac)=0.005s
[2025-11-07T23:20:01-03:00] red=Blogs, N=1222, L=16714, px1=0.30, r_kk=-0.221, ρ_kx_obj=0.27, ρ_kx_fin=+0.257 -> frac=0.363 | t(attrs)=0.116s, t(frac)=0.006s
[2025-11-07T23:20:01-03:00] red=Blogs, N=1222, L=16714, px1=0.30, r_kk=-0.221, ρ_kx_obj=0.33, ρ_kx_fin=+0.324 -> frac=0.504 | t(attrs)=0.140s, t(frac)=0.004s
[2025-11-07T23:20:01-03:00] red=Blogs, N=1222, L=16714, px1=0.30, r_kk=-0.221, ρ_kx_obj=0.40, ρ_kx_fin=+0.391 -> frac=0.615 | t(attrs)=0.211s, t(frac)=0.005s
[2025-11-07T23:20:01-03:00] red=Blogs, N=1222, L=16714, px1=0.30, r_kk=-0.221, ρ_kx_obj=0.47, ρ_kx_fin=+0.459 -> frac=0.760 | t(attrs)=0.266s, t(frac)=0.007s
[2025-11-07T23:20:01-03:00] red=Blogs, N=1222, L=16714, px1=0.30, r_kk=-0.221, ρ_kx_obj=0.53, ρ_kx_fin=+0.524 -> frac=0.815 | t(attrs)=0.304s, t(frac)=0.005s
[2025-11-07T23:20:01-03:00] red=Blogs, N=1222, L=16714, px1=0.30, r_kk=-0.221, ρ_kx_obj=0.60, ρ_kx_fin=+0.590 -> frac=0.835 | t(attrs)=0.461s, t(frac)=0.004s
[2025-11-07T23:20:02-03:00] Figuras guardadas en: run-real\251107-231955\fig4_real.png y run-real\251107-231955\fig4_real.pdf
[2025-11-07T23:20:02-03:00] Fin experimento Fig4-REAL | tiempo total=6.49s (~0.11 min) | carpeta=run-real\251107-231955
