[2025-11-07T12:04:35-03:00] Ejecutando script: Erdos-Renyi-v2.py | ruta=C:\Users\dcaceres\Documents\Magister\Trimestre 2\CS Redes\Tarea 2\python\Erdos-Renyi-v2.py
[2025-11-07T12:04:35-03:00] Inicio experimento Fig3-ER (paralelo por procesos) | carpeta=run-e2r\251107120435_N100
[2025-11-07T12:04:35-03:00] Procesos: usados=18, cpu_count=22
[2025-11-07T12:04:35-03:00] Parámetros: N=100, <k>=[5.2, 2.5], px1=[0.05, 0.1, 0.2], r_kk=[-0.5, 0.0, 0.5], ρ_kx=[np.float64(0.0), np.float64(0.09), np.float64(0.17), np.float64(0.26), np.float64(0.34), np.float64(0.43), np.float64(0.51), np.float64(0.6)], seed=12021974
[2025-11-07T12:04:39-03:00] Generada red ER: N=100, <k>_obj=5.20, p=0.052525, L=269, tiempo=0.001s
[2025-11-07T12:04:39-03:00] Rewire r_kk: objetivo=+0.00, alcanzado=-0.001, |Δ|=0.001, iters=16, tiempo=0.024s
[2025-11-07T12:04:39-03:00] <k>=5.20, p=0.052525, px1=0.20, r_kk_obj=+0.00, r_kk_fin=-0.001, ρ_kx_obj=0.00, ρ_kx_fin=-0.006 -> frac=0.070 | t(attrs)=0.020s, t(frac)=0.000s
[2025-11-07T12:04:39-03:00] <k>=5.20, p=0.052525, px1=0.20, r_kk_obj=+0.00, r_kk_fin=-0.001, ρ_kx_obj=0.09, ρ_kx_fin=+0.089 -> frac=0.020 | t(attrs)=0.005s, t(frac)=0.000s
[2025-11-07T12:04:39-03:00] <k>=5.20, p=0.052525, px1=0.20, r_kk_obj=+0.00, r_kk_fin=-0.001, ρ_kx_obj=0.17, ρ_kx_fin=+0.164 -> frac=0.050 | t(attrs)=0.004s, t(frac)=0.000s
[2025-11-07T12:04:39-03:00] <k>=5.20, p=0.052525, px1=0.20, r_kk_obj=+0.00, r_kk_fin=-0.001, ρ_kx_obj=0.26, ρ_kx_fin=+0.249 -> frac=0.070 | t(attrs)=0.028s, t(frac)=0.000s
[2025-11-07T12:04:39-03:00] <k>=5.20, p=0.052525, px1=0.20, r_kk_obj=+0.00, r_kk_fin=-0.001, ρ_kx_obj=0.34, ρ_kx_fin=+0.334 -> frac=0.070 | t(attrs)=0.004s, t(frac)=0.000s
[2025-11-07T12:04:39-03:00] <k>=5.20, p=0.052525, px1=0.20, r_kk_obj=+0.00, r_kk_fin=-0.001, ρ_kx_obj=0.43, ρ_kx_fin=+0.419 -> frac=0.090 | t(attrs)=0.013s, t(frac)=0.000s
[2025-11-07T12:04:39-03:00] <k>=5.20, p=0.052525, px1=0.20, r_kk_obj=+0.00, r_kk_fin=-0.001, ρ_kx_obj=0.51, ρ_kx_fin=+0.505 -> frac=0.070 | t(attrs)=0.039s, t(frac)=0.000s
[2025-11-07T12:04:39-03:00] <k>=5.20, p=0.052525, px1=0.20, r_kk_obj=+0.00, r_kk_fin=-0.001, ρ_kx_obj=0.60, ρ_kx_fin=+0.600 -> frac=0.150 | t(attrs)=0.037s, t(frac)=0.000s
[2025-11-07T12:04:39-03:00] Curva lista: <k>=5.20, px1=0.20, r_kk_obj=+0.00, r_kk_fin=-0.001, p=0.052525, t_curva=0.18s (t_gen=0.00s, t_rew=0.02s, t_rho_total=0.15s; t_attrs=0.15s, t_frac=0.00s)
[2025-11-07T12:04:39-03:00] Generada red ER: N=100, <k>_obj=2.50, p=0.025253, L=123, tiempo=0.002s
[2025-11-07T12:04:39-03:00] Rewire r_kk: objetivo=+0.00, alcanzado=+0.005, |Δ|=0.005, iters=0, tiempo=0.002s
[2025-11-07T12:04:39-03:00] <k>=2.50, p=0.025253, px1=0.20, r_kk_obj=+0.00, r_kk_fin=+0.005, ρ_kx_obj=0.00, ρ_kx_fin=-0.003 -> frac=0.040 | t(attrs)=0.003s, t(frac)=0.000s
[2025-11-07T12:04:39-03:00] <k>=2.50, p=0.025253, px1=0.20, r_kk_obj=+0.00, r_kk_fin=+0.005, ρ_kx_obj=0.09, ρ_kx_fin=+0.087 -> frac=0.100 | t(attrs)=0.010s, t(frac)=0.000s
[2025-11-07T12:04:39-03:00] <k>=2.50, p=0.025253, px1=0.20, r_kk_obj=+0.00, r_kk_fin=+0.005, ρ_kx_obj=0.17, ρ_kx_fin=+0.176 -> frac=0.120 | t(attrs)=0.015s, t(frac)=0.000s
[2025-11-07T12:04:39-03:00] <k>=2.50, p=0.025253, px1=0.20, r_kk_obj=+0.00, r_kk_fin=+0.005, ρ_kx_obj=0.26, ρ_kx_fin=+0.266 -> frac=0.090 | t(attrs)=0.010s, t(frac)=0.001s
[2025-11-07T12:04:39-03:00] <k>=2.50, p=0.025253, px1=0.20, r_kk_obj=+0.00, r_kk_fin=+0.005, ρ_kx_obj=0.34, ρ_kx_fin=+0.340 -> frac=0.140 | t(attrs)=0.040s, t(frac)=0.001s
[2025-11-07T12:04:39-03:00] <k>=2.50, p=0.025253, px1=0.20, r_kk_obj=+0.00, r_kk_fin=+0.005, ρ_kx_obj=0.43, ρ_kx_fin=+0.430 -> frac=0.180 | t(attrs)=0.022s, t(frac)=0.000s
[2025-11-07T12:04:39-03:00] <k>=2.50, p=0.025253, px1=0.20, r_kk_obj=+0.00, r_kk_fin=+0.005, ρ_kx_obj=0.51, ρ_kx_fin=+0.519 -> frac=0.190 | t(attrs)=0.032s, t(frac)=0.000s
[2025-11-07T12:04:39-03:00] <k>=2.50, p=0.025253, px1=0.20, r_kk_obj=+0.00, r_kk_fin=+0.005, ρ_kx_obj=0.60, ρ_kx_fin=+0.594 -> frac=0.210 | t(attrs)=0.043s, t(frac)=0.000s
[2025-11-07T12:04:39-03:00] Curva lista: <k>=2.50, px1=0.20, r_kk_obj=+0.00, r_kk_fin=+0.005, p=0.025253, t_curva=0.18s (t_gen=0.00s, t_rew=0.00s, t_rho_total=0.18s; t_attrs=0.18s, t_frac=0.00s)
[2025-11-07T12:04:39-03:00] Generada red ER: N=100, <k>_obj=2.50, p=0.025253, L=123, tiempo=0.002s
[2025-11-07T12:04:39-03:00] Rewire r_kk: objetivo=+0.00, alcanzado=+0.005, |Δ|=0.005, iters=0, tiempo=0.002s
[2025-11-07T12:04:39-03:00] <k>=2.50, p=0.025253, px1=0.10, r_kk_obj=+0.00, r_kk_fin=+0.005, ρ_kx_obj=0.00, ρ_kx_fin=+0.008 -> frac=0.070 | t(attrs)=0.003s, t(frac)=0.000s
[2025-11-07T12:04:39-03:00] <k>=2.50, p=0.025253, px1=0.10, r_kk_obj=+0.00, r_kk_fin=+0.005, ρ_kx_obj=0.09, ρ_kx_fin=+0.088 -> frac=0.020 | t(attrs)=0.008s, t(frac)=0.000s
[2025-11-07T12:04:39-03:00] <k>=2.50, p=0.025253, px1=0.10, r_kk_obj=+0.00, r_kk_fin=+0.005, ρ_kx_obj=0.17, ρ_kx_fin=+0.167 -> frac=0.030 | t(attrs)=0.009s, t(frac)=0.000s
[2025-11-07T12:04:39-03:00] <k>=2.50, p=0.025253, px1=0.10, r_kk_obj=+0.00, r_kk_fin=+0.005, ρ_kx_obj=0.26, ρ_kx_fin=+0.267 -> frac=0.060 | t(attrs)=0.021s, t(frac)=0.001s
[2025-11-07T12:04:39-03:00] <k>=2.50, p=0.025253, px1=0.10, r_kk_obj=+0.00, r_kk_fin=+0.005, ρ_kx_obj=0.34, ρ_kx_fin=+0.346 -> frac=0.040 | t(attrs)=0.032s, t(frac)=0.000s
[2025-11-07T12:04:39-03:00] <k>=2.50, p=0.025253, px1=0.10, r_kk_obj=+0.00, r_kk_fin=+0.005, ρ_kx_obj=0.43, ρ_kx_fin=+0.426 -> frac=0.060 | t(attrs)=0.011s, t(frac)=0.000s
[2025-11-07T12:04:39-03:00] <k>=2.50, p=0.025253, px1=0.10, r_kk_obj=+0.00, r_kk_fin=+0.005, ρ_kx_obj=0.51, ρ_kx_fin=+0.505 -> frac=0.060 | t(attrs)=0.036s, t(frac)=0.000s
[2025-11-07T12:04:39-03:00] <k>=2.50, p=0.025253, px1=0.10, r_kk_obj=+0.00, r_kk_fin=+0.005, ρ_kx_obj=0.60, ρ_kx_fin=+0.605 -> frac=0.100 | t(attrs)=0.145s, t(frac)=0.000s
[2025-11-07T12:04:39-03:00] Curva lista: <k>=2.50, px1=0.10, r_kk_obj=+0.00, r_kk_fin=+0.005, p=0.025253, t_curva=0.27s (t_gen=0.00s, t_rew=0.00s, t_rho_total=0.27s; t_attrs=0.27s, t_frac=0.00s)
[2025-11-07T12:04:39-03:00] Generada red ER: N=100, <k>_obj=5.20, p=0.052525, L=269, tiempo=0.002s
[2025-11-07T12:04:39-03:00] Rewire r_kk: objetivo=-0.50, alcanzado=-0.485, |Δ|=0.015, iters=236, tiempo=0.559s
[2025-11-07T12:04:39-03:00] <k>=5.20, p=0.052525, px1=0.20, r_kk_obj=-0.50, r_kk_fin=-0.485, ρ_kx_obj=0.00, ρ_kx_fin=-0.006 -> frac=0.030 | t(attrs)=0.002s, t(frac)=0.000s
[2025-11-07T12:04:39-03:00] <k>=5.20, p=0.052525, px1=0.20, r_kk_obj=-0.50, r_kk_fin=-0.485, ρ_kx_obj=0.09, ρ_kx_fin=+0.079 -> frac=0.070 | t(attrs)=0.001s, t(frac)=0.000s
[2025-11-07T12:04:39-03:00] <k>=5.20, p=0.052525, px1=0.20, r_kk_obj=-0.50, r_kk_fin=-0.485, ρ_kx_obj=0.17, ρ_kx_fin=+0.175 -> frac=0.040 | t(attrs)=0.008s, t(frac)=0.000s
[2025-11-07T12:04:39-03:00] <k>=5.20, p=0.052525, px1=0.20, r_kk_obj=-0.50, r_kk_fin=-0.485, ρ_kx_obj=0.26, ρ_kx_fin=+0.260 -> frac=0.140 | t(attrs)=0.007s, t(frac)=0.000s
[2025-11-07T12:04:39-03:00] <k>=5.20, p=0.052525, px1=0.20, r_kk_obj=-0.50, r_kk_fin=-0.485, ρ_kx_obj=0.34, ρ_kx_fin=+0.345 -> frac=0.080 | t(attrs)=0.025s, t(frac)=0.000s
[2025-11-07T12:04:39-03:00] <k>=5.20, p=0.052525, px1=0.20, r_kk_obj=-0.50, r_kk_fin=-0.485, ρ_kx_obj=0.43, ρ_kx_fin=+0.419 -> frac=0.210 | t(attrs)=0.024s, t(frac)=0.000s
[2025-11-07T12:04:39-03:00] <k>=5.20, p=0.052525, px1=0.20, r_kk_obj=-0.50, r_kk_fin=-0.485, ρ_kx_obj=0.51, ρ_kx_fin=+0.505 -> frac=0.150 | t(attrs)=0.025s, t(frac)=0.000s
[2025-11-07T12:04:39-03:00] <k>=5.20, p=0.052525, px1=0.20, r_kk_obj=-0.50, r_kk_fin=-0.485, ρ_kx_obj=0.60, ρ_kx_fin=+0.600 -> frac=0.220 | t(attrs)=0.055s, t(frac)=0.000s
[2025-11-07T12:04:39-03:00] Curva lista: <k>=5.20, px1=0.20, r_kk_obj=-0.50, r_kk_fin=-0.485, p=0.052525, t_curva=0.71s (t_gen=0.00s, t_rew=0.56s, t_rho_total=0.15s; t_attrs=0.15s, t_frac=0.00s)
[2025-11-07T12:04:40-03:00] Generada red ER: N=100, <k>_obj=2.50, p=0.025253, L=123, tiempo=0.002s
[2025-11-07T12:04:40-03:00] Rewire r_kk: objetivo=+0.50, alcanzado=+0.511, |Δ|=0.011, iters=93, tiempo=0.145s
[2025-11-07T12:04:40-03:00] <k>=2.50, p=0.025253, px1=0.20, r_kk_obj=+0.50, r_kk_fin=+0.511, ρ_kx_obj=0.00, ρ_kx_fin=-0.003 -> frac=0.080 | t(attrs)=0.002s, t(frac)=0.000s
[2025-11-07T12:04:40-03:00] <k>=2.50, p=0.025253, px1=0.20, r_kk_obj=+0.50, r_kk_fin=+0.511, ρ_kx_obj=0.09, ρ_kx_fin=+0.087 -> frac=0.110 | t(attrs)=0.004s, t(frac)=0.000s
[2025-11-07T12:04:40-03:00] <k>=2.50, p=0.025253, px1=0.20, r_kk_obj=+0.50, r_kk_fin=+0.511, ρ_kx_obj=0.17, ρ_kx_fin=+0.176 -> frac=0.080 | t(attrs)=0.004s, t(frac)=0.000s
[2025-11-07T12:04:40-03:00] <k>=2.50, p=0.025253, px1=0.20, r_kk_obj=+0.50, r_kk_fin=+0.511, ρ_kx_obj=0.26, ρ_kx_fin=+0.251 -> frac=0.070 | t(attrs)=0.009s, t(frac)=0.000s
[2025-11-07T12:04:40-03:00] <k>=2.50, p=0.025253, px1=0.20, r_kk_obj=+0.50, r_kk_fin=+0.511, ρ_kx_obj=0.34, ρ_kx_fin=+0.340 -> frac=0.120 | t(attrs)=0.010s, t(frac)=0.000s
[2025-11-07T12:04:40-03:00] <k>=2.50, p=0.025253, px1=0.20, r_kk_obj=+0.50, r_kk_fin=+0.511, ρ_kx_obj=0.43, ρ_kx_fin=+0.430 -> frac=0.180 | t(attrs)=0.019s, t(frac)=0.000s
[2025-11-07T12:04:40-03:00] <k>=2.50, p=0.025253, px1=0.20, r_kk_obj=+0.50, r_kk_fin=+0.511, ρ_kx_obj=0.51, ρ_kx_fin=+0.519 -> frac=0.170 | t(attrs)=0.049s, t(frac)=0.000s
[2025-11-07T12:04:40-03:00] <k>=2.50, p=0.025253, px1=0.20, r_kk_obj=+0.50, r_kk_fin=+0.511, ρ_kx_obj=0.60, ρ_kx_fin=+0.609 -> frac=0.180 | t(attrs)=0.024s, t(frac)=0.000s
[2025-11-07T12:04:40-03:00] Curva lista: <k>=2.50, px1=0.20, r_kk_obj=+0.50, r_kk_fin=+0.511, p=0.025253, t_curva=0.27s (t_gen=0.00s, t_rew=0.14s, t_rho_total=0.12s; t_attrs=0.12s, t_frac=0.00s)
[2025-11-07T12:04:40-03:00] Generada red ER: N=100, <k>_obj=2.50, p=0.025253, L=123, tiempo=0.002s
[2025-11-07T12:04:40-03:00] Rewire r_kk: objetivo=+0.50, alcanzado=+0.511, |Δ|=0.011, iters=93, tiempo=0.159s
[2025-11-07T12:04:40-03:00] <k>=2.50, p=0.025253, px1=0.10, r_kk_obj=+0.50, r_kk_fin=+0.511, ρ_kx_obj=0.00, ρ_kx_fin=+0.008 -> frac=0.020 | t(attrs)=0.009s, t(frac)=0.000s
[2025-11-07T12:04:40-03:00] <k>=2.50, p=0.025253, px1=0.10, r_kk_obj=+0.50, r_kk_fin=+0.511, ρ_kx_obj=0.09, ρ_kx_fin=+0.088 -> frac=0.040 | t(attrs)=0.000s, t(frac)=0.000s
[2025-11-07T12:04:40-03:00] <k>=2.50, p=0.025253, px1=0.10, r_kk_obj=+0.50, r_kk_fin=+0.511, ρ_kx_obj=0.17, ρ_kx_fin=+0.167 -> frac=0.060 | t(attrs)=0.003s, t(frac)=0.000s
[2025-11-07T12:04:40-03:00] <k>=2.50, p=0.025253, px1=0.10, r_kk_obj=+0.50, r_kk_fin=+0.511, ρ_kx_obj=0.26, ρ_kx_fin=+0.267 -> frac=0.040 | t(attrs)=0.014s, t(frac)=0.000s
[2025-11-07T12:04:40-03:00] <k>=2.50, p=0.025253, px1=0.10, r_kk_obj=+0.50, r_kk_fin=+0.511, ρ_kx_obj=0.34, ρ_kx_fin=+0.346 -> frac=0.040 | t(attrs)=0.021s, t(frac)=0.000s
[2025-11-07T12:04:40-03:00] <k>=2.50, p=0.025253, px1=0.10, r_kk_obj=+0.50, r_kk_fin=+0.511, ρ_kx_obj=0.43, ρ_kx_fin=+0.426 -> frac=0.060 | t(attrs)=0.023s, t(frac)=0.000s
[2025-11-07T12:04:40-03:00] <k>=2.50, p=0.025253, px1=0.10, r_kk_obj=+0.50, r_kk_fin=+0.511, ρ_kx_obj=0.51, ρ_kx_fin=+0.505 -> frac=0.050 | t(attrs)=0.028s, t(frac)=0.000s
[2025-11-07T12:04:40-03:00] <k>=2.50, p=0.025253, px1=0.10, r_kk_obj=+0.50, r_kk_fin=+0.511, ρ_kx_obj=0.60, ρ_kx_fin=+0.605 -> frac=0.020 | t(attrs)=0.125s, t(frac)=0.001s
[2025-11-07T12:04:40-03:00] Curva lista: <k>=2.50, px1=0.10, r_kk_obj=+0.50, r_kk_fin=+0.511, p=0.025253, t_curva=0.39s (t_gen=0.00s, t_rew=0.16s, t_rho_total=0.23s; t_attrs=0.22s, t_frac=0.00s)
[2025-11-07T12:04:40-03:00] Generada red ER: N=100, <k>_obj=2.50, p=0.025253, L=123, tiempo=0.002s
[2025-11-07T12:04:40-03:00] Rewire r_kk: objetivo=-0.50, alcanzado=-0.490, |Δ|=0.010, iters=151, tiempo=0.262s
[2025-11-07T12:04:40-03:00] <k>=2.50, p=0.025253, px1=0.20, r_kk_obj=-0.50, r_kk_fin=-0.490, ρ_kx_obj=0.00, ρ_kx_fin=-0.003 -> frac=0.070 | t(attrs)=0.014s, t(frac)=0.000s
[2025-11-07T12:04:40-03:00] <k>=2.50, p=0.025253, px1=0.20, r_kk_obj=-0.50, r_kk_fin=-0.490, ρ_kx_obj=0.09, ρ_kx_fin=+0.087 -> frac=0.060 | t(attrs)=0.014s, t(frac)=0.000s
[2025-11-07T12:04:40-03:00] <k>=2.50, p=0.025253, px1=0.20, r_kk_obj=-0.50, r_kk_fin=-0.490, ρ_kx_obj=0.17, ρ_kx_fin=+0.176 -> frac=0.170 | t(attrs)=0.003s, t(frac)=0.000s
[2025-11-07T12:04:40-03:00] <k>=2.50, p=0.025253, px1=0.20, r_kk_obj=-0.50, r_kk_fin=-0.490, ρ_kx_obj=0.26, ρ_kx_fin=+0.251 -> frac=0.150 | t(attrs)=0.014s, t(frac)=0.000s
[2025-11-07T12:04:40-03:00] <k>=2.50, p=0.025253, px1=0.20, r_kk_obj=-0.50, r_kk_fin=-0.490, ρ_kx_obj=0.34, ρ_kx_fin=+0.340 -> frac=0.160 | t(attrs)=0.018s, t(frac)=0.000s
[2025-11-07T12:04:40-03:00] <k>=2.50, p=0.025253, px1=0.20, r_kk_obj=-0.50, r_kk_fin=-0.490, ρ_kx_obj=0.43, ρ_kx_fin=+0.430 -> frac=0.210 | t(attrs)=0.022s, t(frac)=0.000s
[2025-11-07T12:04:40-03:00] <k>=2.50, p=0.025253, px1=0.20, r_kk_obj=-0.50, r_kk_fin=-0.490, ρ_kx_obj=0.51, ρ_kx_fin=+0.519 -> frac=0.250 | t(attrs)=0.028s, t(frac)=0.000s
[2025-11-07T12:04:40-03:00] <k>=2.50, p=0.025253, px1=0.20, r_kk_obj=-0.50, r_kk_fin=-0.490, ρ_kx_obj=0.60, ρ_kx_fin=+0.594 -> frac=0.270 | t(attrs)=0.029s, t(frac)=0.000s
[2025-11-07T12:04:40-03:00] Curva lista: <k>=2.50, px1=0.20, r_kk_obj=-0.50, r_kk_fin=-0.490, p=0.025253, t_curva=0.41s (t_gen=0.00s, t_rew=0.26s, t_rho_total=0.14s; t_attrs=0.14s, t_frac=0.00s)
[2025-11-07T12:04:40-03:00] Generada red ER: N=100, <k>_obj=2.50, p=0.025253, L=123, tiempo=0.002s
[2025-11-07T12:04:40-03:00] Rewire r_kk: objetivo=-0.50, alcanzado=-0.490, |Δ|=0.010, iters=151, tiempo=0.260s
[2025-11-07T12:04:40-03:00] <k>=2.50, p=0.025253, px1=0.10, r_kk_obj=-0.50, r_kk_fin=-0.490, ρ_kx_obj=0.00, ρ_kx_fin=+0.008 -> frac=0.030 | t(attrs)=0.003s, t(frac)=0.000s
[2025-11-07T12:04:40-03:00] <k>=2.50, p=0.025253, px1=0.10, r_kk_obj=-0.50, r_kk_fin=-0.490, ρ_kx_obj=0.09, ρ_kx_fin=+0.088 -> frac=0.020 | t(attrs)=0.004s, t(frac)=0.000s
[2025-11-07T12:04:40-03:00] <k>=2.50, p=0.025253, px1=0.10, r_kk_obj=-0.50, r_kk_fin=-0.490, ρ_kx_obj=0.17, ρ_kx_fin=+0.167 -> frac=0.070 | t(attrs)=0.007s, t(frac)=0.000s
[2025-11-07T12:04:40-03:00] <k>=2.50, p=0.025253, px1=0.10, r_kk_obj=-0.50, r_kk_fin=-0.490, ρ_kx_obj=0.26, ρ_kx_fin=+0.267 -> frac=0.070 | t(attrs)=0.014s, t(frac)=0.000s
[2025-11-07T12:04:40-03:00] <k>=2.50, p=0.025253, px1=0.10, r_kk_obj=-0.50, r_kk_fin=-0.490, ρ_kx_obj=0.34, ρ_kx_fin=+0.346 -> frac=0.080 | t(attrs)=0.016s, t(frac)=0.000s
[2025-11-07T12:04:40-03:00] <k>=2.50, p=0.025253, px1=0.10, r_kk_obj=-0.50, r_kk_fin=-0.490, ρ_kx_obj=0.43, ρ_kx_fin=+0.426 -> frac=0.140 | t(attrs)=0.016s, t(frac)=0.000s
[2025-11-07T12:04:40-03:00] <k>=2.50, p=0.025253, px1=0.10, r_kk_obj=-0.50, r_kk_fin=-0.490, ρ_kx_obj=0.51, ρ_kx_fin=+0.505 -> frac=0.120 | t(attrs)=0.024s, t(frac)=0.000s
[2025-11-07T12:04:40-03:00] <k>=2.50, p=0.025253, px1=0.10, r_kk_obj=-0.50, r_kk_fin=-0.490, ρ_kx_obj=0.60, ρ_kx_fin=+0.605 -> frac=0.190 | t(attrs)=0.111s, t(frac)=0.000s
[2025-11-07T12:04:40-03:00] Curva lista: <k>=2.50, px1=0.10, r_kk_obj=-0.50, r_kk_fin=-0.490, p=0.025253, t_curva=0.46s (t_gen=0.00s, t_rew=0.26s, t_rho_total=0.20s; t_attrs=0.19s, t_frac=0.00s)
[2025-11-07T12:04:40-03:00] Generada red ER: N=100, <k>_obj=5.20, p=0.052525, L=269, tiempo=0.002s
[2025-11-07T12:04:40-03:00] Rewire r_kk: objetivo=+0.50, alcanzado=+0.486, |Δ|=0.014, iters=232, tiempo=0.512s
[2025-11-07T12:04:40-03:00] <k>=5.20, p=0.052525, px1=0.20, r_kk_obj=+0.50, r_kk_fin=+0.486, ρ_kx_obj=0.00, ρ_kx_fin=-0.006 -> frac=0.020 | t(attrs)=0.001s, t(frac)=0.000s
[2025-11-07T12:04:40-03:00] <k>=5.20, p=0.052525, px1=0.20, r_kk_obj=+0.50, r_kk_fin=+0.486, ρ_kx_obj=0.09, ρ_kx_fin=+0.079 -> frac=0.040 | t(attrs)=0.001s, t(frac)=0.000s
[2025-11-07T12:04:40-03:00] <k>=5.20, p=0.052525, px1=0.20, r_kk_obj=+0.50, r_kk_fin=+0.486, ρ_kx_obj=0.17, ρ_kx_fin=+0.175 -> frac=0.040 | t(attrs)=0.007s, t(frac)=0.000s
[2025-11-07T12:04:40-03:00] <k>=5.20, p=0.052525, px1=0.20, r_kk_obj=+0.50, r_kk_fin=+0.486, ρ_kx_obj=0.26, ρ_kx_fin=+0.260 -> frac=0.040 | t(attrs)=0.017s, t(frac)=0.000s
[2025-11-07T12:04:40-03:00] <k>=5.20, p=0.052525, px1=0.20, r_kk_obj=+0.50, r_kk_fin=+0.486, ρ_kx_obj=0.34, ρ_kx_fin=+0.334 -> frac=0.060 | t(attrs)=0.026s, t(frac)=0.000s
[2025-11-07T12:04:40-03:00] <k>=5.20, p=0.052525, px1=0.20, r_kk_obj=+0.50, r_kk_fin=+0.486, ρ_kx_obj=0.43, ρ_kx_fin=+0.419 -> frac=0.110 | t(attrs)=0.018s, t(frac)=0.000s
[2025-11-07T12:04:40-03:00] <k>=5.20, p=0.052525, px1=0.20, r_kk_obj=+0.50, r_kk_fin=+0.486, ρ_kx_obj=0.51, ρ_kx_fin=+0.505 -> frac=0.060 | t(attrs)=0.012s, t(frac)=0.000s
[2025-11-07T12:04:40-03:00] <k>=5.20, p=0.052525, px1=0.20, r_kk_obj=+0.50, r_kk_fin=+0.486, ρ_kx_obj=0.60, ρ_kx_fin=+0.600 -> frac=0.110 | t(attrs)=0.032s, t(frac)=0.000s
[2025-11-07T12:04:40-03:00] Curva lista: <k>=5.20, px1=0.20, r_kk_obj=+0.50, r_kk_fin=+0.486, p=0.052525, t_curva=0.63s (t_gen=0.00s, t_rew=0.51s, t_rho_total=0.12s; t_attrs=0.11s, t_frac=0.00s)
[2025-11-07T12:04:41-03:00] Generada red ER: N=100, <k>_obj=5.20, p=0.052525, L=269, tiempo=0.002s
[2025-11-07T12:04:41-03:00] Rewire r_kk: objetivo=+0.00, alcanzado=-0.001, |Δ|=0.001, iters=16, tiempo=0.030s
[2025-11-07T12:04:41-03:00] <k>=5.20, p=0.052525, px1=0.10, r_kk_obj=+0.00, r_kk_fin=-0.001, ρ_kx_obj=0.00, ρ_kx_fin=+0.003 -> frac=0.010 | t(attrs)=0.006s, t(frac)=0.000s
[2025-11-07T12:04:41-03:00] <k>=5.20, p=0.052525, px1=0.10, r_kk_obj=+0.00, r_kk_fin=-0.001, ρ_kx_obj=0.09, ρ_kx_fin=+0.088 -> frac=0.010 | t(attrs)=0.012s, t(frac)=0.000s
[2025-11-07T12:04:41-03:00] <k>=5.20, p=0.052525, px1=0.10, r_kk_obj=+0.00, r_kk_fin=-0.001, ρ_kx_obj=0.17, ρ_kx_fin=+0.173 -> frac=0.010 | t(attrs)=0.004s, t(frac)=0.000s
[2025-11-07T12:04:41-03:00] <k>=5.20, p=0.052525, px1=0.10, r_kk_obj=+0.00, r_kk_fin=-0.001, ρ_kx_obj=0.26, ρ_kx_fin=+0.258 -> frac=0.000 | t(attrs)=0.017s, t(frac)=0.000s
[2025-11-07T12:04:41-03:00] <k>=5.20, p=0.052525, px1=0.10, r_kk_obj=+0.00, r_kk_fin=-0.001, ρ_kx_obj=0.34, ρ_kx_fin=+0.343 -> frac=0.020 | t(attrs)=0.025s, t(frac)=0.000s
[2025-11-07T12:04:41-03:00] <k>=5.20, p=0.052525, px1=0.10, r_kk_obj=+0.00, r_kk_fin=-0.001, ρ_kx_obj=0.43, ρ_kx_fin=+0.429 -> frac=0.030 | t(attrs)=0.017s, t(frac)=0.000s
[2025-11-07T12:04:41-03:00] <k>=5.20, p=0.052525, px1=0.10, r_kk_obj=+0.00, r_kk_fin=-0.001, ρ_kx_obj=0.51, ρ_kx_fin=+0.514 -> frac=0.000 | t(attrs)=0.036s, t(frac)=0.000s
[2025-11-07T12:04:41-03:00] <k>=5.20, p=0.052525, px1=0.10, r_kk_obj=+0.00, r_kk_fin=-0.001, ρ_kx_obj=0.60, ρ_kx_fin=+0.571 -> frac=0.030 | t(attrs)=2.854s, t(frac)=0.000s
[2025-11-07T12:04:41-03:00] Curva lista: <k>=5.20, px1=0.10, r_kk_obj=+0.00, r_kk_fin=-0.001, p=0.052525, t_curva=3.01s (t_gen=0.00s, t_rew=0.03s, t_rho_total=2.97s; t_attrs=2.97s, t_frac=0.00s)
[2025-11-07T12:04:41-03:00] Generada red ER: N=100, <k>_obj=5.20, p=0.052525, L=269, tiempo=0.002s
[2025-11-07T12:04:41-03:00] Rewire r_kk: objetivo=+0.00, alcanzado=-0.001, |Δ|=0.001, iters=16, tiempo=0.032s
[2025-11-07T12:04:41-03:00] <k>=5.20, p=0.052525, px1=0.05, r_kk_obj=+0.00, r_kk_fin=-0.001, ρ_kx_obj=0.00, ρ_kx_fin=+0.002 -> frac=0.000 | t(attrs)=0.006s, t(frac)=0.001s
[2025-11-07T12:04:41-03:00] <k>=5.20, p=0.052525, px1=0.05, r_kk_obj=+0.00, r_kk_fin=-0.001, ρ_kx_obj=0.09, ρ_kx_fin=+0.080 -> frac=0.010 | t(attrs)=0.003s, t(frac)=0.000s
[2025-11-07T12:04:41-03:00] <k>=5.20, p=0.052525, px1=0.05, r_kk_obj=+0.00, r_kk_fin=-0.001, ρ_kx_obj=0.17, ρ_kx_fin=+0.178 -> frac=0.010 | t(attrs)=0.011s, t(frac)=0.000s
[2025-11-07T12:04:41-03:00] <k>=5.20, p=0.052525, px1=0.05, r_kk_obj=+0.00, r_kk_fin=-0.001, ρ_kx_obj=0.26, ρ_kx_fin=+0.256 -> frac=0.020 | t(attrs)=0.009s, t(frac)=0.000s
[2025-11-07T12:04:41-03:00] <k>=5.20, p=0.052525, px1=0.05, r_kk_obj=+0.00, r_kk_fin=-0.001, ρ_kx_obj=0.34, ρ_kx_fin=+0.334 -> frac=0.000 | t(attrs)=0.039s, t(frac)=0.000s
[2025-11-07T12:04:41-03:00] <k>=5.20, p=0.052525, px1=0.05, r_kk_obj=+0.00, r_kk_fin=-0.001, ρ_kx_obj=0.43, ρ_kx_fin=+0.432 -> frac=0.010 | t(attrs)=0.043s, t(frac)=0.000s
[2025-11-07T12:04:41-03:00] <k>=5.20, p=0.052525, px1=0.05, r_kk_obj=+0.00, r_kk_fin=-0.001, ρ_kx_obj=0.51, ρ_kx_fin=+0.510 -> frac=0.010 | t(attrs)=0.383s, t(frac)=0.000s
[2025-11-07T12:04:41-03:00] <k>=5.20, p=0.052525, px1=0.05, r_kk_obj=+0.00, r_kk_fin=-0.001, ρ_kx_obj=0.60, ρ_kx_fin=+0.510 -> frac=0.010 | t(attrs)=2.705s, t(frac)=0.000s
[2025-11-07T12:04:41-03:00] Curva lista: <k>=5.20, px1=0.05, r_kk_obj=+0.00, r_kk_fin=-0.001, p=0.052525, t_curva=3.24s (t_gen=0.00s, t_rew=0.03s, t_rho_total=3.20s; t_attrs=3.20s, t_frac=0.00s)
[2025-11-07T12:04:41-03:00] Generada red ER: N=100, <k>_obj=5.20, p=0.052525, L=269, tiempo=0.002s
[2025-11-07T12:04:41-03:00] Rewire r_kk: objetivo=-0.50, alcanzado=-0.485, |Δ|=0.015, iters=236, tiempo=0.433s
[2025-11-07T12:04:41-03:00] <k>=5.20, p=0.052525, px1=0.10, r_kk_obj=-0.50, r_kk_fin=-0.485, ρ_kx_obj=0.00, ρ_kx_fin=+0.003 -> frac=0.020 | t(attrs)=0.006s, t(frac)=0.001s
[2025-11-07T12:04:41-03:00] <k>=5.20, p=0.052525, px1=0.10, r_kk_obj=-0.50, r_kk_fin=-0.485, ρ_kx_obj=0.09, ρ_kx_fin=+0.088 -> frac=0.000 | t(attrs)=0.012s, t(frac)=0.000s
[2025-11-07T12:04:41-03:00] <k>=5.20, p=0.052525, px1=0.10, r_kk_obj=-0.50, r_kk_fin=-0.485, ρ_kx_obj=0.17, ρ_kx_fin=+0.173 -> frac=0.020 | t(attrs)=0.004s, t(frac)=0.000s
[2025-11-07T12:04:41-03:00] <k>=5.20, p=0.052525, px1=0.10, r_kk_obj=-0.50, r_kk_fin=-0.485, ρ_kx_obj=0.26, ρ_kx_fin=+0.258 -> frac=0.040 | t(attrs)=0.045s, t(frac)=0.000s
[2025-11-07T12:04:41-03:00] <k>=5.20, p=0.052525, px1=0.10, r_kk_obj=-0.50, r_kk_fin=-0.485, ρ_kx_obj=0.34, ρ_kx_fin=+0.343 -> frac=0.060 | t(attrs)=0.016s, t(frac)=0.000s
[2025-11-07T12:04:41-03:00] <k>=5.20, p=0.052525, px1=0.10, r_kk_obj=-0.50, r_kk_fin=-0.485, ρ_kx_obj=0.43, ρ_kx_fin=+0.429 -> frac=0.080 | t(attrs)=0.043s, t(frac)=0.000s
[2025-11-07T12:04:41-03:00] <k>=5.20, p=0.052525, px1=0.10, r_kk_obj=-0.50, r_kk_fin=-0.485, ρ_kx_obj=0.51, ρ_kx_fin=+0.514 -> frac=0.100 | t(attrs)=0.114s, t(frac)=0.000s
[2025-11-07T12:04:41-03:00] <k>=5.20, p=0.052525, px1=0.10, r_kk_obj=-0.50, r_kk_fin=-0.485, ρ_kx_obj=0.60, ρ_kx_fin=+0.571 -> frac=0.110 | t(attrs)=2.474s, t(frac)=0.000s
[2025-11-07T12:04:41-03:00] Curva lista: <k>=5.20, px1=0.10, r_kk_obj=-0.50, r_kk_fin=-0.485, p=0.052525, t_curva=3.15s (t_gen=0.00s, t_rew=0.43s, t_rho_total=2.72s; t_attrs=2.71s, t_frac=0.00s)
[2025-11-07T12:04:41-03:00] Generada red ER: N=100, <k>_obj=5.20, p=0.052525, L=269, tiempo=0.001s
[2025-11-07T12:04:41-03:00] Rewire r_kk: objetivo=-0.50, alcanzado=-0.485, |Δ|=0.015, iters=236, tiempo=0.370s
[2025-11-07T12:04:41-03:00] <k>=5.20, p=0.052525, px1=0.05, r_kk_obj=-0.50, r_kk_fin=-0.485, ρ_kx_obj=0.00, ρ_kx_fin=+0.002 -> frac=0.010 | t(attrs)=0.001s, t(frac)=0.000s
[2025-11-07T12:04:41-03:00] <k>=5.20, p=0.052525, px1=0.05, r_kk_obj=-0.50, r_kk_fin=-0.485, ρ_kx_obj=0.09, ρ_kx_fin=+0.080 -> frac=0.000 | t(attrs)=0.002s, t(frac)=0.000s
[2025-11-07T12:04:41-03:00] <k>=5.20, p=0.052525, px1=0.05, r_kk_obj=-0.50, r_kk_fin=-0.485, ρ_kx_obj=0.17, ρ_kx_fin=+0.178 -> frac=0.010 | t(attrs)=0.006s, t(frac)=0.000s
[2025-11-07T12:04:41-03:00] <k>=5.20, p=0.052525, px1=0.05, r_kk_obj=-0.50, r_kk_fin=-0.485, ρ_kx_obj=0.26, ρ_kx_fin=+0.256 -> frac=0.040 | t(attrs)=0.007s, t(frac)=0.000s
[2025-11-07T12:04:41-03:00] <k>=5.20, p=0.052525, px1=0.05, r_kk_obj=-0.50, r_kk_fin=-0.485, ρ_kx_obj=0.34, ρ_kx_fin=+0.334 -> frac=0.020 | t(attrs)=0.032s, t(frac)=0.000s
[2025-11-07T12:04:41-03:00] <k>=5.20, p=0.052525, px1=0.05, r_kk_obj=-0.50, r_kk_fin=-0.485, ρ_kx_obj=0.43, ρ_kx_fin=+0.432 -> frac=0.040 | t(attrs)=0.038s, t(frac)=0.000s
[2025-11-07T12:04:41-03:00] <k>=5.20, p=0.052525, px1=0.05, r_kk_obj=-0.50, r_kk_fin=-0.485, ρ_kx_obj=0.51, ρ_kx_fin=+0.510 -> frac=0.080 | t(attrs)=0.368s, t(frac)=0.000s
[2025-11-07T12:04:41-03:00] <k>=5.20, p=0.052525, px1=0.05, r_kk_obj=-0.50, r_kk_fin=-0.485, ρ_kx_obj=0.60, ρ_kx_fin=+0.510 -> frac=0.080 | t(attrs)=2.761s, t(frac)=0.000s
[2025-11-07T12:04:41-03:00] Curva lista: <k>=5.20, px1=0.05, r_kk_obj=-0.50, r_kk_fin=-0.485, p=0.052525, t_curva=3.59s (t_gen=0.00s, t_rew=0.37s, t_rho_total=3.22s; t_attrs=3.22s, t_frac=0.00s)
[2025-11-07T12:04:42-03:00] Generada red ER: N=100, <k>_obj=5.20, p=0.052525, L=269, tiempo=0.002s
[2025-11-07T12:04:42-03:00] Rewire r_kk: objetivo=+0.50, alcanzado=+0.486, |Δ|=0.014, iters=232, tiempo=0.503s
[2025-11-07T12:04:42-03:00] <k>=5.20, p=0.052525, px1=0.10, r_kk_obj=+0.50, r_kk_fin=+0.486, ρ_kx_obj=0.00, ρ_kx_fin=+0.003 -> frac=0.000 | t(attrs)=0.005s, t(frac)=0.000s
[2025-11-07T12:04:42-03:00] <k>=5.20, p=0.052525, px1=0.10, r_kk_obj=+0.50, r_kk_fin=+0.486, ρ_kx_obj=0.09, ρ_kx_fin=+0.088 -> frac=0.000 | t(attrs)=0.002s, t(frac)=0.000s
[2025-11-07T12:04:42-03:00] <k>=5.20, p=0.052525, px1=0.10, r_kk_obj=+0.50, r_kk_fin=+0.486, ρ_kx_obj=0.17, ρ_kx_fin=+0.173 -> frac=0.000 | t(attrs)=0.011s, t(frac)=0.000s
[2025-11-07T12:04:42-03:00] <k>=5.20, p=0.052525, px1=0.10, r_kk_obj=+0.50, r_kk_fin=+0.486, ρ_kx_obj=0.26, ρ_kx_fin=+0.258 -> frac=0.000 | t(attrs)=0.010s, t(frac)=0.000s
[2025-11-07T12:04:42-03:00] <k>=5.20, p=0.052525, px1=0.10, r_kk_obj=+0.50, r_kk_fin=+0.486, ρ_kx_obj=0.34, ρ_kx_fin=+0.343 -> frac=0.000 | t(attrs)=0.014s, t(frac)=0.000s
[2025-11-07T12:04:42-03:00] <k>=5.20, p=0.052525, px1=0.10, r_kk_obj=+0.50, r_kk_fin=+0.486, ρ_kx_obj=0.43, ρ_kx_fin=+0.429 -> frac=0.000 | t(attrs)=0.022s, t(frac)=0.000s
[2025-11-07T12:04:42-03:00] <k>=5.20, p=0.052525, px1=0.10, r_kk_obj=+0.50, r_kk_fin=+0.486, ρ_kx_obj=0.51, ρ_kx_fin=+0.514 -> frac=0.000 | t(attrs)=0.021s, t(frac)=0.000s
[2025-11-07T12:04:42-03:00] <k>=5.20, p=0.052525, px1=0.10, r_kk_obj=+0.50, r_kk_fin=+0.486, ρ_kx_obj=0.60, ρ_kx_fin=+0.571 -> frac=0.000 | t(attrs)=2.443s, t(frac)=0.000s
[2025-11-07T12:04:42-03:00] Curva lista: <k>=5.20, px1=0.10, r_kk_obj=+0.50, r_kk_fin=+0.486, p=0.052525, t_curva=3.04s (t_gen=0.00s, t_rew=0.50s, t_rho_total=2.53s; t_attrs=2.53s, t_frac=0.00s)
[2025-11-07T12:04:42-03:00] Generada red ER: N=100, <k>_obj=5.20, p=0.052525, L=269, tiempo=0.002s
[2025-11-07T12:04:42-03:00] Rewire r_kk: objetivo=+0.50, alcanzado=+0.486, |Δ|=0.014, iters=232, tiempo=0.400s
[2025-11-07T12:04:42-03:00] <k>=5.20, p=0.052525, px1=0.05, r_kk_obj=+0.50, r_kk_fin=+0.486, ρ_kx_obj=0.00, ρ_kx_fin=+0.002 -> frac=0.000 | t(attrs)=0.003s, t(frac)=0.000s
[2025-11-07T12:04:42-03:00] <k>=5.20, p=0.052525, px1=0.05, r_kk_obj=+0.50, r_kk_fin=+0.486, ρ_kx_obj=0.09, ρ_kx_fin=+0.080 -> frac=0.000 | t(attrs)=0.004s, t(frac)=0.001s
[2025-11-07T12:04:42-03:00] <k>=5.20, p=0.052525, px1=0.05, r_kk_obj=+0.50, r_kk_fin=+0.486, ρ_kx_obj=0.17, ρ_kx_fin=+0.178 -> frac=0.000 | t(attrs)=0.010s, t(frac)=0.000s
[2025-11-07T12:04:42-03:00] <k>=5.20, p=0.052525, px1=0.05, r_kk_obj=+0.50, r_kk_fin=+0.486, ρ_kx_obj=0.26, ρ_kx_fin=+0.256 -> frac=0.000 | t(attrs)=0.006s, t(frac)=0.000s
[2025-11-07T12:04:42-03:00] <k>=5.20, p=0.052525, px1=0.05, r_kk_obj=+0.50, r_kk_fin=+0.486, ρ_kx_obj=0.34, ρ_kx_fin=+0.334 -> frac=0.000 | t(attrs)=0.021s, t(frac)=0.000s
[2025-11-07T12:04:42-03:00] <k>=5.20, p=0.052525, px1=0.05, r_kk_obj=+0.50, r_kk_fin=+0.486, ρ_kx_obj=0.43, ρ_kx_fin=+0.432 -> frac=0.000 | t(attrs)=0.028s, t(frac)=0.000s
[2025-11-07T12:04:42-03:00] <k>=5.20, p=0.052525, px1=0.05, r_kk_obj=+0.50, r_kk_fin=+0.486, ρ_kx_obj=0.51, ρ_kx_fin=+0.510 -> frac=0.000 | t(attrs)=0.354s, t(frac)=0.000s
[2025-11-07T12:04:42-03:00] <k>=5.20, p=0.052525, px1=0.05, r_kk_obj=+0.50, r_kk_fin=+0.486, ρ_kx_obj=0.60, ρ_kx_fin=+0.510 -> frac=0.000 | t(attrs)=2.626s, t(frac)=0.000s
[2025-11-07T12:04:42-03:00] Curva lista: <k>=5.20, px1=0.05, r_kk_obj=+0.50, r_kk_fin=+0.486, p=0.052525, t_curva=3.46s (t_gen=0.00s, t_rew=0.40s, t_rho_total=3.05s; t_attrs=3.05s, t_frac=0.00s)
[2025-11-07T12:04:47-03:00] Generada red ER: N=100, <k>_obj=2.50, p=0.025253, L=123, tiempo=0.002s
[2025-11-07T12:04:47-03:00] Rewire r_kk: objetivo=+0.50, alcanzado=+0.511, |Δ|=0.011, iters=93, tiempo=0.178s
[2025-11-07T12:04:47-03:00] <k>=2.50, p=0.025253, px1=0.05, r_kk_obj=+0.50, r_kk_fin=+0.511, ρ_kx_obj=0.00, ρ_kx_fin=-0.008 -> frac=0.020 | t(attrs)=0.011s, t(frac)=0.001s
[2025-11-07T12:04:47-03:00] <k>=2.50, p=0.025253, px1=0.05, r_kk_obj=+0.50, r_kk_fin=+0.511, ρ_kx_obj=0.09, ρ_kx_fin=+0.074 -> frac=0.010 | t(attrs)=2.528s, t(frac)=0.000s
[2025-11-07T12:04:47-03:00] <k>=2.50, p=0.025253, px1=0.05, r_kk_obj=+0.50, r_kk_fin=+0.511, ρ_kx_obj=0.17, ρ_kx_fin=+0.183 -> frac=0.040 | t(attrs)=1.941s, t(frac)=0.000s
[2025-11-07T12:04:47-03:00] <k>=2.50, p=0.025253, px1=0.05, r_kk_obj=+0.50, r_kk_fin=+0.511, ρ_kx_obj=0.26, ρ_kx_fin=+0.266 -> frac=0.000 | t(attrs)=0.002s, t(frac)=0.000s
[2025-11-07T12:04:47-03:00] <k>=2.50, p=0.025253, px1=0.05, r_kk_obj=+0.50, r_kk_fin=+0.511, ρ_kx_obj=0.34, ρ_kx_fin=+0.348 -> frac=0.000 | t(attrs)=0.006s, t(frac)=0.000s
[2025-11-07T12:04:47-03:00] <k>=2.50, p=0.025253, px1=0.05, r_kk_obj=+0.50, r_kk_fin=+0.511, ρ_kx_obj=0.43, ρ_kx_fin=+0.430 -> frac=0.000 | t(attrs)=0.014s, t(frac)=0.000s
[2025-11-07T12:04:47-03:00] <k>=2.50, p=0.025253, px1=0.05, r_kk_obj=+0.50, r_kk_fin=+0.511, ρ_kx_obj=0.51, ρ_kx_fin=+0.485 -> frac=0.000 | t(attrs)=1.792s, t(frac)=0.000s
[2025-11-07T12:04:47-03:00] <k>=2.50, p=0.025253, px1=0.05, r_kk_obj=+0.50, r_kk_fin=+0.511, ρ_kx_obj=0.60, ρ_kx_fin=+0.485 -> frac=0.000 | t(attrs)=1.878s, t(frac)=0.000s
[2025-11-07T12:04:47-03:00] Curva lista: <k>=2.50, px1=0.05, r_kk_obj=+0.50, r_kk_fin=+0.511, p=0.025253, t_curva=8.36s (t_gen=0.00s, t_rew=0.18s, t_rho_total=8.18s; t_attrs=8.17s, t_frac=0.00s)
[2025-11-07T12:04:47-03:00] Generada red ER: N=100, <k>_obj=2.50, p=0.025253, L=123, tiempo=0.002s
[2025-11-07T12:04:47-03:00] Rewire r_kk: objetivo=-0.50, alcanzado=-0.490, |Δ|=0.010, iters=151, tiempo=0.299s
[2025-11-07T12:04:47-03:00] <k>=2.50, p=0.025253, px1=0.05, r_kk_obj=-0.50, r_kk_fin=-0.490, ρ_kx_obj=0.00, ρ_kx_fin=-0.008 -> frac=0.000 | t(attrs)=0.006s, t(frac)=0.000s
[2025-11-07T12:04:47-03:00] <k>=2.50, p=0.025253, px1=0.05, r_kk_obj=-0.50, r_kk_fin=-0.490, ρ_kx_obj=0.09, ρ_kx_fin=+0.074 -> frac=0.010 | t(attrs)=2.441s, t(frac)=0.000s
[2025-11-07T12:04:47-03:00] <k>=2.50, p=0.025253, px1=0.05, r_kk_obj=-0.50, r_kk_fin=-0.490, ρ_kx_obj=0.17, ρ_kx_fin=+0.183 -> frac=0.050 | t(attrs)=1.846s, t(frac)=0.000s
[2025-11-07T12:04:47-03:00] <k>=2.50, p=0.025253, px1=0.05, r_kk_obj=-0.50, r_kk_fin=-0.490, ρ_kx_obj=0.26, ρ_kx_fin=+0.266 -> frac=0.040 | t(attrs)=0.002s, t(frac)=0.000s
[2025-11-07T12:04:47-03:00] <k>=2.50, p=0.025253, px1=0.05, r_kk_obj=-0.50, r_kk_fin=-0.490, ρ_kx_obj=0.34, ρ_kx_fin=+0.348 -> frac=0.070 | t(attrs)=0.009s, t(frac)=0.000s
[2025-11-07T12:04:47-03:00] <k>=2.50, p=0.025253, px1=0.05, r_kk_obj=-0.50, r_kk_fin=-0.490, ρ_kx_obj=0.43, ρ_kx_fin=+0.430 -> frac=0.100 | t(attrs)=0.022s, t(frac)=0.000s
[2025-11-07T12:04:47-03:00] <k>=2.50, p=0.025253, px1=0.05, r_kk_obj=-0.50, r_kk_fin=-0.490, ρ_kx_obj=0.51, ρ_kx_fin=+0.485 -> frac=0.150 | t(attrs)=1.940s, t(frac)=0.000s
[2025-11-07T12:04:47-03:00] <k>=2.50, p=0.025253, px1=0.05, r_kk_obj=-0.50, r_kk_fin=-0.490, ρ_kx_obj=0.60, ρ_kx_fin=+0.485 -> frac=0.150 | t(attrs)=1.834s, t(frac)=0.000s
[2025-11-07T12:04:47-03:00] Curva lista: <k>=2.50, px1=0.05, r_kk_obj=-0.50, r_kk_fin=-0.490, p=0.025253, t_curva=8.40s (t_gen=0.00s, t_rew=0.30s, t_rho_total=8.10s; t_attrs=8.10s, t_frac=0.00s)
[2025-11-07T12:04:48-03:00] Generada red ER: N=100, <k>_obj=2.50, p=0.025253, L=123, tiempo=0.002s
[2025-11-07T12:04:48-03:00] Rewire r_kk: objetivo=+0.00, alcanzado=+0.005, |Δ|=0.005, iters=0, tiempo=0.002s
[2025-11-07T12:04:48-03:00] <k>=2.50, p=0.025253, px1=0.05, r_kk_obj=+0.00, r_kk_fin=+0.005, ρ_kx_obj=0.00, ρ_kx_fin=-0.008 -> frac=0.010 | t(attrs)=0.007s, t(frac)=0.000s
[2025-11-07T12:04:48-03:00] <k>=2.50, p=0.025253, px1=0.05, r_kk_obj=+0.00, r_kk_fin=+0.005, ρ_kx_obj=0.09, ρ_kx_fin=+0.074 -> frac=0.010 | t(attrs)=2.430s, t(frac)=0.000s
[2025-11-07T12:04:48-03:00] <k>=2.50, p=0.025253, px1=0.05, r_kk_obj=+0.00, r_kk_fin=+0.005, ρ_kx_obj=0.17, ρ_kx_fin=+0.183 -> frac=0.020 | t(attrs)=2.053s, t(frac)=0.000s
[2025-11-07T12:04:48-03:00] <k>=2.50, p=0.025253, px1=0.05, r_kk_obj=+0.00, r_kk_fin=+0.005, ρ_kx_obj=0.26, ρ_kx_fin=+0.266 -> frac=0.040 | t(attrs)=0.008s, t(frac)=0.000s
[2025-11-07T12:04:48-03:00] <k>=2.50, p=0.025253, px1=0.05, r_kk_obj=+0.00, r_kk_fin=+0.005, ρ_kx_obj=0.34, ρ_kx_fin=+0.348 -> frac=0.010 | t(attrs)=0.012s, t(frac)=0.000s
[2025-11-07T12:04:48-03:00] <k>=2.50, p=0.025253, px1=0.05, r_kk_obj=+0.00, r_kk_fin=+0.005, ρ_kx_obj=0.43, ρ_kx_fin=+0.430 -> frac=0.060 | t(attrs)=0.023s, t(frac)=0.000s
[2025-11-07T12:04:48-03:00] <k>=2.50, p=0.025253, px1=0.05, r_kk_obj=+0.00, r_kk_fin=+0.005, ρ_kx_obj=0.51, ρ_kx_fin=+0.485 -> frac=0.050 | t(attrs)=1.960s, t(frac)=0.000s
[2025-11-07T12:04:48-03:00] <k>=2.50, p=0.025253, px1=0.05, r_kk_obj=+0.00, r_kk_fin=+0.005, ρ_kx_obj=0.60, ρ_kx_fin=+0.485 -> frac=0.050 | t(attrs)=1.921s, t(frac)=0.000s
[2025-11-07T12:04:48-03:00] Curva lista: <k>=2.50, px1=0.05, r_kk_obj=+0.00, r_kk_fin=+0.005, p=0.025253, t_curva=8.42s (t_gen=0.00s, t_rew=0.00s, t_rho_total=8.42s; t_attrs=8.41s, t_frac=0.00s)
[2025-11-07T12:04:48-03:00] Generando figura...
[2025-11-07T12:04:49-03:00] Figuras guardadas en: run-e2r\251107120435_N100\fig3_ER.png y run-e2r\251107120435_N100\fig3_ER.pdf
[2025-11-07T12:04:49-03:00] Fin experimento Fig3-ER | tiempo total=14.05s (~0.23 min) | carpeta=run-e2r\251107120435_N100
