[2025-11-07T13:16:49-03:00] Ejecutando script: Erdos-Renyi-v2.py | ruta=C:\Users\dcaceres\Documents\Magister\Trimestre 2\CS Redes\Tarea 2\python\Erdos-Renyi-v2.py
[2025-11-07T13:16:49-03:00] Inicio experimento Fig3-ER (paralelo por procesos) | carpeta=run-e2r\251107131649_N100
[2025-11-07T13:16:49-03:00] Procesos: usados=18, cpu_count=22
[2025-11-07T13:16:49-03:00] Parámetros: N=100, <k>=[5.2, 2.5], px1=[0.05, 0.1, 0.2], r_kk=[-0.5, 0.0, 0.5], ρ_kx=[np.float64(0.0), np.float64(0.11), np.float64(0.23), np.float64(0.34), np.float64(0.46), np.float64(0.57), np.float64(0.69), np.float64(0.8)], seed=12021974
[2025-11-07T13:16:57-03:00] Generada red ER: N=100, <k>_obj=2.50, p=0.025253, L=123, tiempo=0.002s
[2025-11-07T13:16:57-03:00] Rewire r_kk: objetivo=+0.00, alcanzado=+0.005, |Δ|=0.005, iters=0, tiempo=0.002s
[2025-11-07T13:16:57-03:00] <k>=2.50, p=0.025253, px1=0.20, r_kk_obj=+0.00, r_kk_fin=+0.005, ρ_kx_obj=0.00, ρ_kx_fin=-0.003 -> frac=0.040 | t(attrs)=0.003s, t(frac)=0.000s
[2025-11-07T13:16:57-03:00] <k>=2.50, p=0.025253, px1=0.20, r_kk_obj=+0.00, r_kk_fin=+0.005, ρ_kx_obj=0.11, ρ_kx_fin=+0.116 -> frac=0.130 | t(attrs)=0.007s, t(frac)=0.000s
[2025-11-07T13:16:57-03:00] <k>=2.50, p=0.025253, px1=0.20, r_kk_obj=+0.00, r_kk_fin=+0.005, ρ_kx_obj=0.23, ρ_kx_fin=+0.221 -> frac=0.140 | t(attrs)=0.006s, t(frac)=0.000s
[2025-11-07T13:16:57-03:00] <k>=2.50, p=0.025253, px1=0.20, r_kk_obj=+0.00, r_kk_fin=+0.005, ρ_kx_obj=0.34, ρ_kx_fin=+0.340 -> frac=0.140 | t(attrs)=0.019s, t(frac)=0.000s
[2025-11-07T13:16:57-03:00] <k>=2.50, p=0.025253, px1=0.20, r_kk_obj=+0.00, r_kk_fin=+0.005, ρ_kx_obj=0.46, ρ_kx_fin=+0.459 -> frac=0.210 | t(attrs)=0.019s, t(frac)=0.000s
[2025-11-07T13:16:57-03:00] <k>=2.50, p=0.025253, px1=0.20, r_kk_obj=+0.00, r_kk_fin=+0.005, ρ_kx_obj=0.57, ρ_kx_fin=+0.564 -> frac=0.200 | t(attrs)=0.030s, t(frac)=0.000s
[2025-11-07T13:16:57-03:00] <k>=2.50, p=0.025253, px1=0.20, r_kk_obj=+0.00, r_kk_fin=+0.005, ρ_kx_obj=0.69, ρ_kx_fin=+0.683 -> frac=0.210 | t(attrs)=0.097s, t(frac)=0.000s
[2025-11-07T13:16:57-03:00] <k>=2.50, p=0.025253, px1=0.20, r_kk_obj=+0.00, r_kk_fin=+0.005, ρ_kx_obj=0.80, ρ_kx_fin=+0.728 -> frac=0.220 | t(attrs)=3.303s, t(frac)=0.000s
[2025-11-07T13:16:57-03:00] Curva lista: <k>=2.50, px1=0.20, r_kk_obj=+0.00, r_kk_fin=+0.005, p=0.025253, t_curva=3.49s (t_gen=0.00s, t_rew=0.00s, t_rho_total=3.49s; t_attrs=3.48s, t_frac=0.00s)
[2025-11-07T13:16:57-03:00] Generada red ER: N=100, <k>_obj=5.20, p=0.052525, L=269, tiempo=0.002s
[2025-11-07T13:16:57-03:00] Rewire r_kk: objetivo=+0.00, alcanzado=-0.001, |Δ|=0.001, iters=16, tiempo=0.030s
[2025-11-07T13:16:57-03:00] <k>=5.20, p=0.052525, px1=0.20, r_kk_obj=+0.00, r_kk_fin=-0.001, ρ_kx_obj=0.00, ρ_kx_fin=-0.006 -> frac=0.070 | t(attrs)=0.022s, t(frac)=0.000s
[2025-11-07T13:16:57-03:00] <k>=5.20, p=0.052525, px1=0.20, r_kk_obj=+0.00, r_kk_fin=-0.001, ρ_kx_obj=0.11, ρ_kx_fin=+0.121 -> frac=0.010 | t(attrs)=0.003s, t(frac)=0.000s
[2025-11-07T13:16:57-03:00] <k>=5.20, p=0.052525, px1=0.20, r_kk_obj=+0.00, r_kk_fin=-0.001, ρ_kx_obj=0.23, ρ_kx_fin=+0.228 -> frac=0.060 | t(attrs)=0.022s, t(frac)=0.000s
[2025-11-07T13:16:57-03:00] <k>=5.20, p=0.052525, px1=0.20, r_kk_obj=+0.00, r_kk_fin=-0.001, ρ_kx_obj=0.34, ρ_kx_fin=+0.334 -> frac=0.070 | t(attrs)=0.007s, t(frac)=0.000s
[2025-11-07T13:16:57-03:00] <k>=5.20, p=0.052525, px1=0.20, r_kk_obj=+0.00, r_kk_fin=-0.001, ρ_kx_obj=0.46, ρ_kx_fin=+0.462 -> frac=0.090 | t(attrs)=0.038s, t(frac)=0.001s
[2025-11-07T13:16:57-03:00] <k>=5.20, p=0.052525, px1=0.20, r_kk_obj=+0.00, r_kk_fin=-0.001, ρ_kx_obj=0.57, ρ_kx_fin=+0.579 -> frac=0.120 | t(attrs)=0.064s, t(frac)=0.000s
[2025-11-07T13:16:57-03:00] <k>=5.20, p=0.052525, px1=0.20, r_kk_obj=+0.00, r_kk_fin=-0.001, ρ_kx_obj=0.69, ρ_kx_fin=+0.686 -> frac=0.140 | t(attrs)=0.418s, t(frac)=0.000s
[2025-11-07T13:16:57-03:00] <k>=5.20, p=0.052525, px1=0.20, r_kk_obj=+0.00, r_kk_fin=-0.001, ρ_kx_obj=0.80, ρ_kx_fin=+0.696 -> frac=0.120 | t(attrs)=3.300s, t(frac)=0.000s
[2025-11-07T13:16:57-03:00] Curva lista: <k>=5.20, px1=0.20, r_kk_obj=+0.00, r_kk_fin=-0.001, p=0.052525, t_curva=3.91s (t_gen=0.00s, t_rew=0.03s, t_rho_total=3.88s; t_attrs=3.87s, t_frac=0.00s)
[2025-11-07T13:16:57-03:00] Generada red ER: N=100, <k>_obj=2.50, p=0.025253, L=123, tiempo=0.002s
[2025-11-07T13:16:57-03:00] Rewire r_kk: objetivo=-0.50, alcanzado=-0.490, |Δ|=0.010, iters=151, tiempo=0.248s
[2025-11-07T13:16:57-03:00] <k>=2.50, p=0.025253, px1=0.20, r_kk_obj=-0.50, r_kk_fin=-0.490, ρ_kx_obj=0.00, ρ_kx_fin=-0.003 -> frac=0.070 | t(attrs)=0.009s, t(frac)=0.000s
[2025-11-07T13:16:57-03:00] <k>=2.50, p=0.025253, px1=0.20, r_kk_obj=-0.50, r_kk_fin=-0.490, ρ_kx_obj=0.11, ρ_kx_fin=+0.116 -> frac=0.090 | t(attrs)=0.000s, t(frac)=0.000s
[2025-11-07T13:16:57-03:00] <k>=2.50, p=0.025253, px1=0.20, r_kk_obj=-0.50, r_kk_fin=-0.490, ρ_kx_obj=0.23, ρ_kx_fin=+0.221 -> frac=0.160 | t(attrs)=0.002s, t(frac)=0.001s
[2025-11-07T13:16:57-03:00] <k>=2.50, p=0.025253, px1=0.20, r_kk_obj=-0.50, r_kk_fin=-0.490, ρ_kx_obj=0.34, ρ_kx_fin=+0.340 -> frac=0.160 | t(attrs)=0.018s, t(frac)=0.000s
[2025-11-07T13:16:57-03:00] <k>=2.50, p=0.025253, px1=0.20, r_kk_obj=-0.50, r_kk_fin=-0.490, ρ_kx_obj=0.46, ρ_kx_fin=+0.459 -> frac=0.260 | t(attrs)=0.032s, t(frac)=0.000s
[2025-11-07T13:16:57-03:00] <k>=2.50, p=0.025253, px1=0.20, r_kk_obj=-0.50, r_kk_fin=-0.490, ρ_kx_obj=0.57, ρ_kx_fin=+0.564 -> frac=0.280 | t(attrs)=0.029s, t(frac)=0.000s
[2025-11-07T13:16:57-03:00] <k>=2.50, p=0.025253, px1=0.20, r_kk_obj=-0.50, r_kk_fin=-0.490, ρ_kx_obj=0.69, ρ_kx_fin=+0.683 -> frac=0.280 | t(attrs)=0.076s, t(frac)=0.000s
[2025-11-07T13:16:57-03:00] <k>=2.50, p=0.025253, px1=0.20, r_kk_obj=-0.50, r_kk_fin=-0.490, ρ_kx_obj=0.80, ρ_kx_fin=+0.728 -> frac=0.340 | t(attrs)=3.280s, t(frac)=0.000s
[2025-11-07T13:16:57-03:00] Curva lista: <k>=2.50, px1=0.20, r_kk_obj=-0.50, r_kk_fin=-0.490, p=0.025253, t_curva=3.70s (t_gen=0.00s, t_rew=0.25s, t_rho_total=3.45s; t_attrs=3.45s, t_frac=0.00s)
[2025-11-07T13:16:57-03:00] Generada red ER: N=100, <k>_obj=5.20, p=0.052525, L=269, tiempo=0.002s
[2025-11-07T13:16:57-03:00] Rewire r_kk: objetivo=+0.50, alcanzado=+0.486, |Δ|=0.014, iters=232, tiempo=0.513s
[2025-11-07T13:16:57-03:00] <k>=5.20, p=0.052525, px1=0.20, r_kk_obj=+0.50, r_kk_fin=+0.486, ρ_kx_obj=0.00, ρ_kx_fin=-0.006 -> frac=0.020 | t(attrs)=0.001s, t(frac)=0.000s
[2025-11-07T13:16:57-03:00] <k>=5.20, p=0.052525, px1=0.20, r_kk_obj=+0.50, r_kk_fin=+0.486, ρ_kx_obj=0.11, ρ_kx_fin=+0.121 -> frac=0.060 | t(attrs)=0.004s, t(frac)=0.000s
[2025-11-07T13:16:57-03:00] <k>=5.20, p=0.052525, px1=0.20, r_kk_obj=+0.50, r_kk_fin=+0.486, ρ_kx_obj=0.23, ρ_kx_fin=+0.238 -> frac=0.080 | t(attrs)=0.001s, t(frac)=0.000s
[2025-11-07T13:16:57-03:00] <k>=5.20, p=0.052525, px1=0.20, r_kk_obj=+0.50, r_kk_fin=+0.486, ρ_kx_obj=0.34, ρ_kx_fin=+0.334 -> frac=0.060 | t(attrs)=0.020s, t(frac)=0.000s
[2025-11-07T13:16:57-03:00] <k>=5.20, p=0.052525, px1=0.20, r_kk_obj=+0.50, r_kk_fin=+0.486, ρ_kx_obj=0.46, ρ_kx_fin=+0.451 -> frac=0.090 | t(attrs)=0.021s, t(frac)=0.000s
[2025-11-07T13:16:57-03:00] <k>=5.20, p=0.052525, px1=0.20, r_kk_obj=+0.50, r_kk_fin=+0.486, ρ_kx_obj=0.57, ρ_kx_fin=+0.568 -> frac=0.080 | t(attrs)=0.060s, t(frac)=0.000s
[2025-11-07T13:16:57-03:00] <k>=5.20, p=0.052525, px1=0.20, r_kk_obj=+0.50, r_kk_fin=+0.486, ρ_kx_obj=0.69, ρ_kx_fin=+0.686 -> frac=0.140 | t(attrs)=0.160s, t(frac)=0.000s
[2025-11-07T13:16:57-03:00] <k>=5.20, p=0.052525, px1=0.20, r_kk_obj=+0.50, r_kk_fin=+0.486, ρ_kx_obj=0.80, ρ_kx_fin=+0.696 -> frac=0.180 | t(attrs)=3.201s, t(frac)=0.000s
[2025-11-07T13:16:57-03:00] Curva lista: <k>=5.20, px1=0.20, r_kk_obj=+0.50, r_kk_fin=+0.486, p=0.052525, t_curva=3.99s (t_gen=0.00s, t_rew=0.51s, t_rho_total=3.47s; t_attrs=3.47s, t_frac=0.00s)
[2025-11-07T13:16:57-03:00] Generada red ER: N=100, <k>_obj=2.50, p=0.025253, L=123, tiempo=0.002s
[2025-11-07T13:16:57-03:00] Rewire r_kk: objetivo=+0.50, alcanzado=+0.511, |Δ|=0.011, iters=93, tiempo=0.137s
[2025-11-07T13:16:57-03:00] <k>=2.50, p=0.025253, px1=0.20, r_kk_obj=+0.50, r_kk_fin=+0.511, ρ_kx_obj=0.00, ρ_kx_fin=-0.003 -> frac=0.080 | t(attrs)=0.002s, t(frac)=0.000s
[2025-11-07T13:16:57-03:00] <k>=2.50, p=0.025253, px1=0.20, r_kk_obj=+0.50, r_kk_fin=+0.511, ρ_kx_obj=0.11, ρ_kx_fin=+0.116 -> frac=0.080 | t(attrs)=0.004s, t(frac)=0.000s
[2025-11-07T13:16:57-03:00] <k>=2.50, p=0.025253, px1=0.20, r_kk_obj=+0.50, r_kk_fin=+0.511, ρ_kx_obj=0.23, ρ_kx_fin=+0.236 -> frac=0.110 | t(attrs)=0.004s, t(frac)=0.000s
[2025-11-07T13:16:57-03:00] <k>=2.50, p=0.025253, px1=0.20, r_kk_obj=+0.50, r_kk_fin=+0.511, ρ_kx_obj=0.34, ρ_kx_fin=+0.340 -> frac=0.120 | t(attrs)=0.012s, t(frac)=0.000s
[2025-11-07T13:16:57-03:00] <k>=2.50, p=0.025253, px1=0.20, r_kk_obj=+0.50, r_kk_fin=+0.511, ρ_kx_obj=0.46, ρ_kx_fin=+0.459 -> frac=0.140 | t(attrs)=0.019s, t(frac)=0.000s
[2025-11-07T13:16:57-03:00] <k>=2.50, p=0.025253, px1=0.20, r_kk_obj=+0.50, r_kk_fin=+0.511, ρ_kx_obj=0.57, ρ_kx_fin=+0.564 -> frac=0.160 | t(attrs)=0.044s, t(frac)=0.000s
[2025-11-07T13:16:57-03:00] <k>=2.50, p=0.025253, px1=0.20, r_kk_obj=+0.50, r_kk_fin=+0.511, ρ_kx_obj=0.69, ρ_kx_fin=+0.683 -> frac=0.160 | t(attrs)=0.103s, t(frac)=0.000s
[2025-11-07T13:16:57-03:00] <k>=2.50, p=0.025253, px1=0.20, r_kk_obj=+0.50, r_kk_fin=+0.511, ρ_kx_obj=0.80, ρ_kx_fin=+0.728 -> frac=0.210 | t(attrs)=3.531s, t(frac)=0.000s
[2025-11-07T13:16:57-03:00] Curva lista: <k>=2.50, px1=0.20, r_kk_obj=+0.50, r_kk_fin=+0.511, p=0.025253, t_curva=3.86s (t_gen=0.00s, t_rew=0.14s, t_rho_total=3.72s; t_attrs=3.72s, t_frac=0.00s)
[2025-11-07T13:16:57-03:00] Generada red ER: N=100, <k>_obj=5.20, p=0.052525, L=269, tiempo=0.001s
[2025-11-07T13:16:57-03:00] Rewire r_kk: objetivo=-0.50, alcanzado=-0.485, |Δ|=0.015, iters=236, tiempo=0.453s
[2025-11-07T13:16:57-03:00] <k>=5.20, p=0.052525, px1=0.20, r_kk_obj=-0.50, r_kk_fin=-0.485, ρ_kx_obj=0.00, ρ_kx_fin=-0.006 -> frac=0.030 | t(attrs)=0.002s, t(frac)=0.000s
[2025-11-07T13:16:57-03:00] <k>=5.20, p=0.052525, px1=0.20, r_kk_obj=-0.50, r_kk_fin=-0.485, ρ_kx_obj=0.11, ρ_kx_fin=+0.111 -> frac=0.110 | t(attrs)=0.006s, t(frac)=0.000s
[2025-11-07T13:16:57-03:00] <k>=5.20, p=0.052525, px1=0.20, r_kk_obj=-0.50, r_kk_fin=-0.485, ρ_kx_obj=0.23, ρ_kx_fin=+0.238 -> frac=0.120 | t(attrs)=0.010s, t(frac)=0.000s
[2025-11-07T13:16:57-03:00] <k>=5.20, p=0.052525, px1=0.20, r_kk_obj=-0.50, r_kk_fin=-0.485, ρ_kx_obj=0.34, ρ_kx_fin=+0.345 -> frac=0.080 | t(attrs)=0.026s, t(frac)=0.000s
[2025-11-07T13:16:57-03:00] <k>=5.20, p=0.052525, px1=0.20, r_kk_obj=-0.50, r_kk_fin=-0.485, ρ_kx_obj=0.46, ρ_kx_fin=+0.462 -> frac=0.150 | t(attrs)=0.045s, t(frac)=0.000s
[2025-11-07T13:16:57-03:00] <k>=5.20, p=0.052525, px1=0.20, r_kk_obj=-0.50, r_kk_fin=-0.485, ρ_kx_obj=0.57, ρ_kx_fin=+0.568 -> frac=0.220 | t(attrs)=0.058s, t(frac)=0.000s
[2025-11-07T13:16:57-03:00] <k>=5.20, p=0.052525, px1=0.20, r_kk_obj=-0.50, r_kk_fin=-0.485, ρ_kx_obj=0.69, ρ_kx_fin=+0.686 -> frac=0.270 | t(attrs)=0.261s, t(frac)=0.000s
[2025-11-07T13:16:57-03:00] <k>=5.20, p=0.052525, px1=0.20, r_kk_obj=-0.50, r_kk_fin=-0.485, ρ_kx_obj=0.80, ρ_kx_fin=+0.696 -> frac=0.300 | t(attrs)=3.496s, t(frac)=0.000s
[2025-11-07T13:16:57-03:00] Curva lista: <k>=5.20, px1=0.20, r_kk_obj=-0.50, r_kk_fin=-0.485, p=0.052525, t_curva=4.36s (t_gen=0.00s, t_rew=0.45s, t_rho_total=3.91s; t_attrs=3.90s, t_frac=0.00s)
[2025-11-07T13:16:59-03:00] Generada red ER: N=100, <k>_obj=5.20, p=0.052525, L=269, tiempo=0.001s
[2025-11-07T13:16:59-03:00] Rewire r_kk: objetivo=+0.00, alcanzado=-0.001, |Δ|=0.001, iters=16, tiempo=0.024s
[2025-11-07T13:16:59-03:00] <k>=5.20, p=0.052525, px1=0.10, r_kk_obj=+0.00, r_kk_fin=-0.001, ρ_kx_obj=0.00, ρ_kx_fin=+0.003 -> frac=0.010 | t(attrs)=0.006s, t(frac)=0.000s
[2025-11-07T13:16:59-03:00] <k>=5.20, p=0.052525, px1=0.10, r_kk_obj=+0.00, r_kk_fin=-0.001, ρ_kx_obj=0.11, ρ_kx_fin=+0.116 -> frac=0.030 | t(attrs)=0.006s, t(frac)=0.000s
[2025-11-07T13:16:59-03:00] <k>=5.20, p=0.052525, px1=0.10, r_kk_obj=+0.00, r_kk_fin=-0.001, ρ_kx_obj=0.23, ρ_kx_fin=+0.230 -> frac=0.020 | t(attrs)=0.006s, t(frac)=0.000s
[2025-11-07T13:16:59-03:00] <k>=5.20, p=0.052525, px1=0.10, r_kk_obj=+0.00, r_kk_fin=-0.001, ρ_kx_obj=0.34, ρ_kx_fin=+0.343 -> frac=0.020 | t(attrs)=0.025s, t(frac)=0.000s
[2025-11-07T13:16:59-03:00] <k>=5.20, p=0.052525, px1=0.10, r_kk_obj=+0.00, r_kk_fin=-0.001, ρ_kx_obj=0.46, ρ_kx_fin=+0.457 -> frac=0.040 | t(attrs)=0.034s, t(frac)=0.000s
[2025-11-07T13:16:59-03:00] <k>=5.20, p=0.052525, px1=0.10, r_kk_obj=+0.00, r_kk_fin=-0.001, ρ_kx_obj=0.57, ρ_kx_fin=+0.571 -> frac=0.030 | t(attrs)=0.208s, t(frac)=0.000s
[2025-11-07T13:16:59-03:00] <k>=5.20, p=0.052525, px1=0.10, r_kk_obj=+0.00, r_kk_fin=-0.001, ρ_kx_obj=0.69, ρ_kx_fin=+0.571 -> frac=0.020 | t(attrs)=3.329s, t(frac)=0.000s
[2025-11-07T13:16:59-03:00] <k>=5.20, p=0.052525, px1=0.10, r_kk_obj=+0.00, r_kk_fin=-0.001, ρ_kx_obj=0.80, ρ_kx_fin=+0.571 -> frac=0.030 | t(attrs)=2.676s, t(frac)=0.000s
[2025-11-07T13:16:59-03:00] Curva lista: <k>=5.20, px1=0.10, r_kk_obj=+0.00, r_kk_fin=-0.001, p=0.052525, t_curva=6.32s (t_gen=0.00s, t_rew=0.02s, t_rho_total=6.29s; t_attrs=6.29s, t_frac=0.00s)
[2025-11-07T13:16:59-03:00] Generada red ER: N=100, <k>_obj=5.20, p=0.052525, L=269, tiempo=0.002s
[2025-11-07T13:16:59-03:00] Rewire r_kk: objetivo=+0.50, alcanzado=+0.486, |Δ|=0.014, iters=232, tiempo=0.442s
[2025-11-07T13:16:59-03:00] <k>=5.20, p=0.052525, px1=0.10, r_kk_obj=+0.50, r_kk_fin=+0.486, ρ_kx_obj=0.00, ρ_kx_fin=+0.003 -> frac=0.000 | t(attrs)=0.004s, t(frac)=0.000s
[2025-11-07T13:16:59-03:00] <k>=5.20, p=0.052525, px1=0.10, r_kk_obj=+0.50, r_kk_fin=+0.486, ρ_kx_obj=0.11, ρ_kx_fin=+0.116 -> frac=0.020 | t(attrs)=0.002s, t(frac)=0.000s
[2025-11-07T13:16:59-03:00] <k>=5.20, p=0.052525, px1=0.10, r_kk_obj=+0.50, r_kk_fin=+0.486, ρ_kx_obj=0.23, ρ_kx_fin=+0.230 -> frac=0.020 | t(attrs)=0.019s, t(frac)=0.000s
[2025-11-07T13:16:59-03:00] <k>=5.20, p=0.052525, px1=0.10, r_kk_obj=+0.50, r_kk_fin=+0.486, ρ_kx_obj=0.34, ρ_kx_fin=+0.343 -> frac=0.000 | t(attrs)=0.017s, t(frac)=0.000s
[2025-11-07T13:16:59-03:00] <k>=5.20, p=0.052525, px1=0.10, r_kk_obj=+0.50, r_kk_fin=+0.486, ρ_kx_obj=0.46, ρ_kx_fin=+0.457 -> frac=0.000 | t(attrs)=0.033s, t(frac)=0.000s
[2025-11-07T13:16:59-03:00] <k>=5.20, p=0.052525, px1=0.10, r_kk_obj=+0.50, r_kk_fin=+0.486, ρ_kx_obj=0.57, ρ_kx_fin=+0.571 -> frac=0.010 | t(attrs)=0.133s, t(frac)=0.000s
[2025-11-07T13:16:59-03:00] <k>=5.20, p=0.052525, px1=0.10, r_kk_obj=+0.50, r_kk_fin=+0.486, ρ_kx_obj=0.69, ρ_kx_fin=+0.571 -> frac=0.010 | t(attrs)=3.336s, t(frac)=0.000s
[2025-11-07T13:16:59-03:00] <k>=5.20, p=0.052525, px1=0.10, r_kk_obj=+0.50, r_kk_fin=+0.486, ρ_kx_obj=0.80, ρ_kx_fin=+0.571 -> frac=0.010 | t(attrs)=2.462s, t(frac)=0.000s
[2025-11-07T13:16:59-03:00] Curva lista: <k>=5.20, px1=0.10, r_kk_obj=+0.50, r_kk_fin=+0.486, p=0.052525, t_curva=6.45s (t_gen=0.00s, t_rew=0.44s, t_rho_total=6.01s; t_attrs=6.01s, t_frac=0.00s)
[2025-11-07T13:16:59-03:00] Generada red ER: N=100, <k>_obj=5.20, p=0.052525, L=269, tiempo=0.002s
[2025-11-07T13:16:59-03:00] Rewire r_kk: objetivo=-0.50, alcanzado=-0.485, |Δ|=0.015, iters=236, tiempo=0.475s
[2025-11-07T13:16:59-03:00] <k>=5.20, p=0.052525, px1=0.10, r_kk_obj=-0.50, r_kk_fin=-0.485, ρ_kx_obj=0.00, ρ_kx_fin=+0.003 -> frac=0.020 | t(attrs)=0.005s, t(frac)=0.000s
[2025-11-07T13:16:59-03:00] <k>=5.20, p=0.052525, px1=0.10, r_kk_obj=-0.50, r_kk_fin=-0.485, ρ_kx_obj=0.11, ρ_kx_fin=+0.116 -> frac=0.020 | t(attrs)=0.003s, t(frac)=0.000s
[2025-11-07T13:16:59-03:00] <k>=5.20, p=0.052525, px1=0.10, r_kk_obj=-0.50, r_kk_fin=-0.485, ρ_kx_obj=0.23, ρ_kx_fin=+0.230 -> frac=0.010 | t(attrs)=0.011s, t(frac)=0.000s
[2025-11-07T13:16:59-03:00] <k>=5.20, p=0.052525, px1=0.10, r_kk_obj=-0.50, r_kk_fin=-0.485, ρ_kx_obj=0.34, ρ_kx_fin=+0.343 -> frac=0.060 | t(attrs)=0.022s, t(frac)=0.000s
[2025-11-07T13:16:59-03:00] <k>=5.20, p=0.052525, px1=0.10, r_kk_obj=-0.50, r_kk_fin=-0.485, ρ_kx_obj=0.46, ρ_kx_fin=+0.457 -> frac=0.080 | t(attrs)=0.041s, t(frac)=0.000s
[2025-11-07T13:16:59-03:00] <k>=5.20, p=0.052525, px1=0.10, r_kk_obj=-0.50, r_kk_fin=-0.485, ρ_kx_obj=0.57, ρ_kx_fin=+0.571 -> frac=0.140 | t(attrs)=0.092s, t(frac)=0.000s
[2025-11-07T13:16:59-03:00] <k>=5.20, p=0.052525, px1=0.10, r_kk_obj=-0.50, r_kk_fin=-0.485, ρ_kx_obj=0.69, ρ_kx_fin=+0.571 -> frac=0.120 | t(attrs)=3.421s, t(frac)=0.000s
[2025-11-07T13:16:59-03:00] <k>=5.20, p=0.052525, px1=0.10, r_kk_obj=-0.50, r_kk_fin=-0.485, ρ_kx_obj=0.80, ρ_kx_fin=+0.571 -> frac=0.120 | t(attrs)=2.817s, t(frac)=0.000s
[2025-11-07T13:16:59-03:00] Curva lista: <k>=5.20, px1=0.10, r_kk_obj=-0.50, r_kk_fin=-0.485, p=0.052525, t_curva=6.89s (t_gen=0.00s, t_rew=0.48s, t_rho_total=6.42s; t_attrs=6.41s, t_frac=0.00s)
[2025-11-07T13:17:00-03:00] Generada red ER: N=100, <k>_obj=2.50, p=0.025253, L=123, tiempo=0.002s
[2025-11-07T13:17:00-03:00] Rewire r_kk: objetivo=+0.50, alcanzado=+0.511, |Δ|=0.011, iters=93, tiempo=0.187s
[2025-11-07T13:17:00-03:00] <k>=2.50, p=0.025253, px1=0.10, r_kk_obj=+0.50, r_kk_fin=+0.511, ρ_kx_obj=0.00, ρ_kx_fin=+0.008 -> frac=0.020 | t(attrs)=0.010s, t(frac)=0.000s
[2025-11-07T13:17:00-03:00] <k>=2.50, p=0.025253, px1=0.10, r_kk_obj=+0.50, r_kk_fin=+0.511, ρ_kx_obj=0.11, ρ_kx_fin=+0.107 -> frac=0.030 | t(attrs)=0.005s, t(frac)=0.000s
[2025-11-07T13:17:00-03:00] <k>=2.50, p=0.025253, px1=0.10, r_kk_obj=+0.50, r_kk_fin=+0.511, ρ_kx_obj=0.23, ρ_kx_fin=+0.227 -> frac=0.070 | t(attrs)=0.010s, t(frac)=0.000s
[2025-11-07T13:17:00-03:00] <k>=2.50, p=0.025253, px1=0.10, r_kk_obj=+0.50, r_kk_fin=+0.511, ρ_kx_obj=0.34, ρ_kx_fin=+0.346 -> frac=0.040 | t(attrs)=0.027s, t(frac)=0.000s
[2025-11-07T13:17:00-03:00] <k>=2.50, p=0.025253, px1=0.10, r_kk_obj=+0.50, r_kk_fin=+0.511, ρ_kx_obj=0.46, ρ_kx_fin=+0.465 -> frac=0.040 | t(attrs)=0.042s, t(frac)=0.000s
[2025-11-07T13:17:00-03:00] <k>=2.50, p=0.025253, px1=0.10, r_kk_obj=+0.50, r_kk_fin=+0.511, ρ_kx_obj=0.57, ρ_kx_fin=+0.565 -> frac=0.040 | t(attrs)=0.036s, t(frac)=0.000s
[2025-11-07T13:17:00-03:00] <k>=2.50, p=0.025253, px1=0.10, r_kk_obj=+0.50, r_kk_fin=+0.511, ρ_kx_obj=0.69, ρ_kx_fin=+0.605 -> frac=0.040 | t(attrs)=3.406s, t(frac)=0.000s
[2025-11-07T13:17:00-03:00] <k>=2.50, p=0.025253, px1=0.10, r_kk_obj=+0.50, r_kk_fin=+0.511, ρ_kx_obj=0.80, ρ_kx_fin=+0.605 -> frac=0.030 | t(attrs)=2.496s, t(frac)=0.000s
[2025-11-07T13:17:00-03:00] Curva lista: <k>=2.50, px1=0.10, r_kk_obj=+0.50, r_kk_fin=+0.511, p=0.025253, t_curva=6.22s (t_gen=0.00s, t_rew=0.19s, t_rho_total=6.03s; t_attrs=6.03s, t_frac=0.00s)
[2025-11-07T13:17:00-03:00] Generada red ER: N=100, <k>_obj=2.50, p=0.025253, L=123, tiempo=0.002s
[2025-11-07T13:17:00-03:00] Rewire r_kk: objetivo=-0.50, alcanzado=-0.490, |Δ|=0.010, iters=151, tiempo=0.253s
[2025-11-07T13:17:00-03:00] <k>=2.50, p=0.025253, px1=0.10, r_kk_obj=-0.50, r_kk_fin=-0.490, ρ_kx_obj=0.00, ρ_kx_fin=+0.008 -> frac=0.030 | t(attrs)=0.002s, t(frac)=0.000s
[2025-11-07T13:17:00-03:00] <k>=2.50, p=0.025253, px1=0.10, r_kk_obj=-0.50, r_kk_fin=-0.490, ρ_kx_obj=0.11, ρ_kx_fin=+0.107 -> frac=0.030 | t(attrs)=0.004s, t(frac)=0.000s
[2025-11-07T13:17:00-03:00] <k>=2.50, p=0.025253, px1=0.10, r_kk_obj=-0.50, r_kk_fin=-0.490, ρ_kx_obj=0.23, ρ_kx_fin=+0.227 -> frac=0.070 | t(attrs)=0.003s, t(frac)=0.000s
[2025-11-07T13:17:00-03:00] <k>=2.50, p=0.025253, px1=0.10, r_kk_obj=-0.50, r_kk_fin=-0.490, ρ_kx_obj=0.34, ρ_kx_fin=+0.346 -> frac=0.080 | t(attrs)=0.016s, t(frac)=0.000s
[2025-11-07T13:17:00-03:00] <k>=2.50, p=0.025253, px1=0.10, r_kk_obj=-0.50, r_kk_fin=-0.490, ρ_kx_obj=0.46, ρ_kx_fin=+0.465 -> frac=0.140 | t(attrs)=0.032s, t(frac)=0.000s
[2025-11-07T13:17:00-03:00] <k>=2.50, p=0.025253, px1=0.10, r_kk_obj=-0.50, r_kk_fin=-0.490, ρ_kx_obj=0.57, ρ_kx_fin=+0.565 -> frac=0.160 | t(attrs)=0.048s, t(frac)=0.000s
[2025-11-07T13:17:00-03:00] <k>=2.50, p=0.025253, px1=0.10, r_kk_obj=-0.50, r_kk_fin=-0.490, ρ_kx_obj=0.69, ρ_kx_fin=+0.605 -> frac=0.210 | t(attrs)=3.182s, t(frac)=0.000s
[2025-11-07T13:17:00-03:00] <k>=2.50, p=0.025253, px1=0.10, r_kk_obj=-0.50, r_kk_fin=-0.490, ρ_kx_obj=0.80, ρ_kx_fin=+0.605 -> frac=0.210 | t(attrs)=2.809s, t(frac)=0.000s
[2025-11-07T13:17:00-03:00] Curva lista: <k>=2.50, px1=0.10, r_kk_obj=-0.50, r_kk_fin=-0.490, p=0.025253, t_curva=6.35s (t_gen=0.00s, t_rew=0.25s, t_rho_total=6.10s; t_attrs=6.10s, t_frac=0.00s)
[2025-11-07T13:17:00-03:00] Generada red ER: N=100, <k>_obj=2.50, p=0.025253, L=123, tiempo=0.002s
[2025-11-07T13:17:00-03:00] Rewire r_kk: objetivo=+0.00, alcanzado=+0.005, |Δ|=0.005, iters=0, tiempo=0.002s
[2025-11-07T13:17:00-03:00] <k>=2.50, p=0.025253, px1=0.10, r_kk_obj=+0.00, r_kk_fin=+0.005, ρ_kx_obj=0.00, ρ_kx_fin=+0.008 -> frac=0.070 | t(attrs)=0.003s, t(frac)=0.000s
[2025-11-07T13:17:00-03:00] <k>=2.50, p=0.025253, px1=0.10, r_kk_obj=+0.00, r_kk_fin=+0.005, ρ_kx_obj=0.11, ρ_kx_fin=+0.107 -> frac=0.060 | t(attrs)=0.002s, t(frac)=0.000s
[2025-11-07T13:17:00-03:00] <k>=2.50, p=0.025253, px1=0.10, r_kk_obj=+0.00, r_kk_fin=+0.005, ρ_kx_obj=0.23, ρ_kx_fin=+0.227 -> frac=0.050 | t(attrs)=0.004s, t(frac)=0.000s
[2025-11-07T13:17:00-03:00] <k>=2.50, p=0.025253, px1=0.10, r_kk_obj=+0.00, r_kk_fin=+0.005, ρ_kx_obj=0.34, ρ_kx_fin=+0.346 -> frac=0.040 | t(attrs)=0.015s, t(frac)=0.000s
[2025-11-07T13:17:00-03:00] <k>=2.50, p=0.025253, px1=0.10, r_kk_obj=+0.00, r_kk_fin=+0.005, ρ_kx_obj=0.46, ρ_kx_fin=+0.465 -> frac=0.090 | t(attrs)=0.046s, t(frac)=0.000s
[2025-11-07T13:17:00-03:00] <k>=2.50, p=0.025253, px1=0.10, r_kk_obj=+0.00, r_kk_fin=+0.005, ρ_kx_obj=0.57, ρ_kx_fin=+0.565 -> frac=0.060 | t(attrs)=0.086s, t(frac)=0.000s
[2025-11-07T13:17:00-03:00] <k>=2.50, p=0.025253, px1=0.10, r_kk_obj=+0.00, r_kk_fin=+0.005, ρ_kx_obj=0.69, ρ_kx_fin=+0.605 -> frac=0.110 | t(attrs)=3.377s, t(frac)=0.000s
[2025-11-07T13:17:00-03:00] <k>=2.50, p=0.025253, px1=0.10, r_kk_obj=+0.00, r_kk_fin=+0.005, ρ_kx_obj=0.80, ρ_kx_fin=+0.605 -> frac=0.090 | t(attrs)=2.799s, t(frac)=0.000s
[2025-11-07T13:17:00-03:00] Curva lista: <k>=2.50, px1=0.10, r_kk_obj=+0.00, r_kk_fin=+0.005, p=0.025253, t_curva=6.34s (t_gen=0.00s, t_rew=0.00s, t_rho_total=6.33s; t_attrs=6.33s, t_frac=0.00s)
[2025-11-07T13:17:01-03:00] Generada red ER: N=100, <k>_obj=5.20, p=0.052525, L=269, tiempo=0.001s
[2025-11-07T13:17:01-03:00] Rewire r_kk: objetivo=+0.00, alcanzado=-0.001, |Δ|=0.001, iters=16, tiempo=0.021s
[2025-11-07T13:17:01-03:00] <k>=5.20, p=0.052525, px1=0.05, r_kk_obj=+0.00, r_kk_fin=-0.001, ρ_kx_obj=0.00, ρ_kx_fin=+0.002 -> frac=0.000 | t(attrs)=0.003s, t(frac)=0.000s
[2025-11-07T13:17:01-03:00] <k>=5.20, p=0.052525, px1=0.05, r_kk_obj=+0.00, r_kk_fin=-0.001, ρ_kx_obj=0.11, ρ_kx_fin=+0.119 -> frac=0.000 | t(attrs)=0.000s, t(frac)=0.000s
[2025-11-07T13:17:01-03:00] <k>=5.20, p=0.052525, px1=0.05, r_kk_obj=+0.00, r_kk_fin=-0.001, ρ_kx_obj=0.23, ρ_kx_fin=+0.236 -> frac=0.000 | t(attrs)=0.003s, t(frac)=0.000s
[2025-11-07T13:17:01-03:00] <k>=5.20, p=0.052525, px1=0.05, r_kk_obj=+0.00, r_kk_fin=-0.001, ρ_kx_obj=0.34, ρ_kx_fin=+0.334 -> frac=0.000 | t(attrs)=0.044s, t(frac)=0.000s
[2025-11-07T13:17:01-03:00] <k>=5.20, p=0.052525, px1=0.05, r_kk_obj=+0.00, r_kk_fin=-0.001, ρ_kx_obj=0.46, ρ_kx_fin=+0.451 -> frac=0.010 | t(attrs)=0.100s, t(frac)=0.000s
[2025-11-07T13:17:01-03:00] <k>=5.20, p=0.052525, px1=0.05, r_kk_obj=+0.00, r_kk_fin=-0.001, ρ_kx_obj=0.57, ρ_kx_fin=+0.510 -> frac=0.010 | t(attrs)=3.339s, t(frac)=0.001s
[2025-11-07T13:17:01-03:00] <k>=5.20, p=0.052525, px1=0.05, r_kk_obj=+0.00, r_kk_fin=-0.001, ρ_kx_obj=0.69, ρ_kx_fin=+0.510 -> frac=0.010 | t(attrs)=2.858s, t(frac)=0.000s
[2025-11-07T13:17:01-03:00] <k>=5.20, p=0.052525, px1=0.05, r_kk_obj=+0.00, r_kk_fin=-0.001, ρ_kx_obj=0.80, ρ_kx_fin=+0.510 -> frac=0.010 | t(attrs)=2.235s, t(frac)=0.000s
[2025-11-07T13:17:01-03:00] Curva lista: <k>=5.20, px1=0.05, r_kk_obj=+0.00, r_kk_fin=-0.001, p=0.052525, t_curva=8.61s (t_gen=0.00s, t_rew=0.02s, t_rho_total=8.58s; t_attrs=8.58s, t_frac=0.00s)
[2025-11-07T13:17:01-03:00] Generada red ER: N=100, <k>_obj=5.20, p=0.052525, L=269, tiempo=0.002s
[2025-11-07T13:17:01-03:00] Rewire r_kk: objetivo=+0.50, alcanzado=+0.486, |Δ|=0.014, iters=232, tiempo=0.424s
[2025-11-07T13:17:01-03:00] <k>=5.20, p=0.052525, px1=0.05, r_kk_obj=+0.50, r_kk_fin=+0.486, ρ_kx_obj=0.00, ρ_kx_fin=+0.002 -> frac=0.000 | t(attrs)=0.004s, t(frac)=0.000s
[2025-11-07T13:17:01-03:00] <k>=5.20, p=0.052525, px1=0.05, r_kk_obj=+0.50, r_kk_fin=+0.486, ρ_kx_obj=0.11, ρ_kx_fin=+0.119 -> frac=0.000 | t(attrs)=0.005s, t(frac)=0.000s
[2025-11-07T13:17:01-03:00] <k>=5.20, p=0.052525, px1=0.05, r_kk_obj=+0.50, r_kk_fin=+0.486, ρ_kx_obj=0.23, ρ_kx_fin=+0.236 -> frac=0.000 | t(attrs)=0.004s, t(frac)=0.000s
[2025-11-07T13:17:01-03:00] <k>=5.20, p=0.052525, px1=0.05, r_kk_obj=+0.50, r_kk_fin=+0.486, ρ_kx_obj=0.34, ρ_kx_fin=+0.334 -> frac=0.000 | t(attrs)=0.021s, t(frac)=0.000s
[2025-11-07T13:17:01-03:00] <k>=5.20, p=0.052525, px1=0.05, r_kk_obj=+0.50, r_kk_fin=+0.486, ρ_kx_obj=0.46, ρ_kx_fin=+0.451 -> frac=0.000 | t(attrs)=0.064s, t(frac)=0.000s
[2025-11-07T13:17:01-03:00] <k>=5.20, p=0.052525, px1=0.05, r_kk_obj=+0.50, r_kk_fin=+0.486, ρ_kx_obj=0.57, ρ_kx_fin=+0.510 -> frac=0.000 | t(attrs)=3.350s, t(frac)=0.000s
[2025-11-07T13:17:01-03:00] <k>=5.20, p=0.052525, px1=0.05, r_kk_obj=+0.50, r_kk_fin=+0.486, ρ_kx_obj=0.69, ρ_kx_fin=+0.510 -> frac=0.000 | t(attrs)=2.795s, t(frac)=0.000s
[2025-11-07T13:17:01-03:00] <k>=5.20, p=0.052525, px1=0.05, r_kk_obj=+0.50, r_kk_fin=+0.486, ρ_kx_obj=0.80, ρ_kx_fin=+0.510 -> frac=0.000 | t(attrs)=2.098s, t(frac)=0.000s
[2025-11-07T13:17:01-03:00] Curva lista: <k>=5.20, px1=0.05, r_kk_obj=+0.50, r_kk_fin=+0.486, p=0.052525, t_curva=8.77s (t_gen=0.00s, t_rew=0.42s, t_rho_total=8.34s; t_attrs=8.34s, t_frac=0.00s)
[2025-11-07T13:17:01-03:00] Generada red ER: N=100, <k>_obj=5.20, p=0.052525, L=269, tiempo=0.002s
[2025-11-07T13:17:01-03:00] Rewire r_kk: objetivo=-0.50, alcanzado=-0.485, |Δ|=0.015, iters=236, tiempo=0.489s
[2025-11-07T13:17:01-03:00] <k>=5.20, p=0.052525, px1=0.05, r_kk_obj=-0.50, r_kk_fin=-0.485, ρ_kx_obj=0.00, ρ_kx_fin=+0.002 -> frac=0.010 | t(attrs)=0.002s, t(frac)=0.000s
[2025-11-07T13:17:01-03:00] <k>=5.20, p=0.052525, px1=0.05, r_kk_obj=-0.50, r_kk_fin=-0.485, ρ_kx_obj=0.11, ρ_kx_fin=+0.119 -> frac=0.020 | t(attrs)=0.005s, t(frac)=0.000s
[2025-11-07T13:17:01-03:00] <k>=5.20, p=0.052525, px1=0.05, r_kk_obj=-0.50, r_kk_fin=-0.485, ρ_kx_obj=0.23, ρ_kx_fin=+0.236 -> frac=0.000 | t(attrs)=0.012s, t(frac)=0.000s
[2025-11-07T13:17:01-03:00] <k>=5.20, p=0.052525, px1=0.05, r_kk_obj=-0.50, r_kk_fin=-0.485, ρ_kx_obj=0.34, ρ_kx_fin=+0.334 -> frac=0.020 | t(attrs)=0.037s, t(frac)=0.000s
[2025-11-07T13:17:01-03:00] <k>=5.20, p=0.052525, px1=0.05, r_kk_obj=-0.50, r_kk_fin=-0.485, ρ_kx_obj=0.46, ρ_kx_fin=+0.451 -> frac=0.030 | t(attrs)=0.035s, t(frac)=0.000s
[2025-11-07T13:17:01-03:00] <k>=5.20, p=0.052525, px1=0.05, r_kk_obj=-0.50, r_kk_fin=-0.485, ρ_kx_obj=0.57, ρ_kx_fin=+0.510 -> frac=0.080 | t(attrs)=3.518s, t(frac)=0.000s
[2025-11-07T13:17:01-03:00] <k>=5.20, p=0.052525, px1=0.05, r_kk_obj=-0.50, r_kk_fin=-0.485, ρ_kx_obj=0.69, ρ_kx_fin=+0.510 -> frac=0.080 | t(attrs)=2.672s, t(frac)=0.000s
[2025-11-07T13:17:01-03:00] <k>=5.20, p=0.052525, px1=0.05, r_kk_obj=-0.50, r_kk_fin=-0.485, ρ_kx_obj=0.80, ρ_kx_fin=+0.510 -> frac=0.080 | t(attrs)=2.167s, t(frac)=0.000s
[2025-11-07T13:17:01-03:00] Curva lista: <k>=5.20, px1=0.05, r_kk_obj=-0.50, r_kk_fin=-0.485, p=0.052525, t_curva=8.94s (t_gen=0.00s, t_rew=0.49s, t_rho_total=8.45s; t_attrs=8.45s, t_frac=0.00s)
[2025-11-07T13:17:03-03:00] Generada red ER: N=100, <k>_obj=2.50, p=0.025253, L=123, tiempo=0.002s
[2025-11-07T13:17:03-03:00] Rewire r_kk: objetivo=+0.00, alcanzado=+0.005, |Δ|=0.005, iters=0, tiempo=0.002s
[2025-11-07T13:17:03-03:00] <k>=2.50, p=0.025253, px1=0.05, r_kk_obj=+0.00, r_kk_fin=+0.005, ρ_kx_obj=0.00, ρ_kx_fin=-0.008 -> frac=0.010 | t(attrs)=0.008s, t(frac)=0.000s
[2025-11-07T13:17:03-03:00] <k>=2.50, p=0.025253, px1=0.05, r_kk_obj=+0.00, r_kk_fin=+0.005, ρ_kx_obj=0.11, ρ_kx_fin=+0.101 -> frac=0.020 | t(attrs)=3.337s, t(frac)=0.000s
[2025-11-07T13:17:03-03:00] <k>=2.50, p=0.025253, px1=0.05, r_kk_obj=+0.00, r_kk_fin=+0.005, ρ_kx_obj=0.23, ρ_kx_fin=+0.238 -> frac=0.030 | t(attrs)=0.009s, t(frac)=0.000s
[2025-11-07T13:17:03-03:00] <k>=2.50, p=0.025253, px1=0.05, r_kk_obj=+0.00, r_kk_fin=+0.005, ρ_kx_obj=0.34, ρ_kx_fin=+0.348 -> frac=0.010 | t(attrs)=0.015s, t(frac)=0.000s
[2025-11-07T13:17:03-03:00] <k>=2.50, p=0.025253, px1=0.05, r_kk_obj=+0.00, r_kk_fin=+0.005, ρ_kx_obj=0.46, ρ_kx_fin=+0.457 -> frac=0.070 | t(attrs)=0.029s, t(frac)=0.000s
[2025-11-07T13:17:03-03:00] <k>=2.50, p=0.025253, px1=0.05, r_kk_obj=+0.00, r_kk_fin=+0.005, ρ_kx_obj=0.57, ρ_kx_fin=+0.485 -> frac=0.050 | t(attrs)=2.647s, t(frac)=0.000s
[2025-11-07T13:17:03-03:00] <k>=2.50, p=0.025253, px1=0.05, r_kk_obj=+0.00, r_kk_fin=+0.005, ρ_kx_obj=0.69, ρ_kx_fin=+0.485 -> frac=0.050 | t(attrs)=2.049s, t(frac)=0.000s
[2025-11-07T13:17:03-03:00] <k>=2.50, p=0.025253, px1=0.05, r_kk_obj=+0.00, r_kk_fin=+0.005, ρ_kx_obj=0.80, ρ_kx_fin=+0.485 -> frac=0.050 | t(attrs)=1.776s, t(frac)=0.000s
[2025-11-07T13:17:03-03:00] Curva lista: <k>=2.50, px1=0.05, r_kk_obj=+0.00, r_kk_fin=+0.005, p=0.025253, t_curva=9.88s (t_gen=0.00s, t_rew=0.00s, t_rho_total=9.87s; t_attrs=9.87s, t_frac=0.00s)
[2025-11-07T13:17:03-03:00] Generada red ER: N=100, <k>_obj=2.50, p=0.025253, L=123, tiempo=0.002s
[2025-11-07T13:17:03-03:00] Rewire r_kk: objetivo=+0.50, alcanzado=+0.511, |Δ|=0.011, iters=93, tiempo=0.141s
[2025-11-07T13:17:03-03:00] <k>=2.50, p=0.025253, px1=0.05, r_kk_obj=+0.50, r_kk_fin=+0.511, ρ_kx_obj=0.00, ρ_kx_fin=-0.008 -> frac=0.020 | t(attrs)=0.007s, t(frac)=0.000s
[2025-11-07T13:17:03-03:00] <k>=2.50, p=0.025253, px1=0.05, r_kk_obj=+0.50, r_kk_fin=+0.511, ρ_kx_obj=0.11, ρ_kx_fin=+0.101 -> frac=0.000 | t(attrs)=3.377s, t(frac)=0.000s
[2025-11-07T13:17:03-03:00] <k>=2.50, p=0.025253, px1=0.05, r_kk_obj=+0.50, r_kk_fin=+0.511, ρ_kx_obj=0.23, ρ_kx_fin=+0.238 -> frac=0.020 | t(attrs)=0.004s, t(frac)=0.000s
[2025-11-07T13:17:03-03:00] <k>=2.50, p=0.025253, px1=0.05, r_kk_obj=+0.50, r_kk_fin=+0.511, ρ_kx_obj=0.34, ρ_kx_fin=+0.348 -> frac=0.000 | t(attrs)=0.009s, t(frac)=0.000s
[2025-11-07T13:17:03-03:00] <k>=2.50, p=0.025253, px1=0.05, r_kk_obj=+0.50, r_kk_fin=+0.511, ρ_kx_obj=0.46, ρ_kx_fin=+0.457 -> frac=0.000 | t(attrs)=0.057s, t(frac)=0.000s
[2025-11-07T13:17:03-03:00] <k>=2.50, p=0.025253, px1=0.05, r_kk_obj=+0.50, r_kk_fin=+0.511, ρ_kx_obj=0.57, ρ_kx_fin=+0.485 -> frac=0.000 | t(attrs)=2.703s, t(frac)=0.000s
[2025-11-07T13:17:03-03:00] <k>=2.50, p=0.025253, px1=0.05, r_kk_obj=+0.50, r_kk_fin=+0.511, ρ_kx_obj=0.69, ρ_kx_fin=+0.485 -> frac=0.000 | t(attrs)=2.017s, t(frac)=0.000s
[2025-11-07T13:17:03-03:00] <k>=2.50, p=0.025253, px1=0.05, r_kk_obj=+0.50, r_kk_fin=+0.511, ρ_kx_obj=0.80, ρ_kx_fin=+0.485 -> frac=0.000 | t(attrs)=1.769s, t(frac)=0.000s
[2025-11-07T13:17:03-03:00] Curva lista: <k>=2.50, px1=0.05, r_kk_obj=+0.50, r_kk_fin=+0.511, p=0.025253, t_curva=10.09s (t_gen=0.00s, t_rew=0.14s, t_rho_total=9.95s; t_attrs=9.94s, t_frac=0.00s)
[2025-11-07T13:17:04-03:00] Generada red ER: N=100, <k>_obj=2.50, p=0.025253, L=123, tiempo=0.002s
[2025-11-07T13:17:04-03:00] Rewire r_kk: objetivo=-0.50, alcanzado=-0.490, |Δ|=0.010, iters=151, tiempo=0.260s
[2025-11-07T13:17:04-03:00] <k>=2.50, p=0.025253, px1=0.05, r_kk_obj=-0.50, r_kk_fin=-0.490, ρ_kx_obj=0.00, ρ_kx_fin=-0.008 -> frac=0.000 | t(attrs)=0.006s, t(frac)=0.000s
[2025-11-07T13:17:04-03:00] <k>=2.50, p=0.025253, px1=0.05, r_kk_obj=-0.50, r_kk_fin=-0.490, ρ_kx_obj=0.11, ρ_kx_fin=+0.101 -> frac=0.000 | t(attrs)=3.300s, t(frac)=0.000s
[2025-11-07T13:17:04-03:00] <k>=2.50, p=0.025253, px1=0.05, r_kk_obj=-0.50, r_kk_fin=-0.490, ρ_kx_obj=0.23, ρ_kx_fin=+0.238 -> frac=0.050 | t(attrs)=0.003s, t(frac)=0.000s
[2025-11-07T13:17:04-03:00] <k>=2.50, p=0.025253, px1=0.05, r_kk_obj=-0.50, r_kk_fin=-0.490, ρ_kx_obj=0.34, ρ_kx_fin=+0.348 -> frac=0.070 | t(attrs)=0.016s, t(frac)=0.000s
[2025-11-07T13:17:04-03:00] <k>=2.50, p=0.025253, px1=0.05, r_kk_obj=-0.50, r_kk_fin=-0.490, ρ_kx_obj=0.46, ρ_kx_fin=+0.457 -> frac=0.120 | t(attrs)=0.017s, t(frac)=0.000s
[2025-11-07T13:17:04-03:00] <k>=2.50, p=0.025253, px1=0.05, r_kk_obj=-0.50, r_kk_fin=-0.490, ρ_kx_obj=0.57, ρ_kx_fin=+0.485 -> frac=0.150 | t(attrs)=2.689s, t(frac)=0.000s
[2025-11-07T13:17:04-03:00] <k>=2.50, p=0.025253, px1=0.05, r_kk_obj=-0.50, r_kk_fin=-0.490, ρ_kx_obj=0.69, ρ_kx_fin=+0.485 -> frac=0.150 | t(attrs)=2.177s, t(frac)=0.000s
[2025-11-07T13:17:04-03:00] <k>=2.50, p=0.025253, px1=0.05, r_kk_obj=-0.50, r_kk_fin=-0.490, ρ_kx_obj=0.80, ρ_kx_fin=+0.485 -> frac=0.150 | t(attrs)=1.792s, t(frac)=0.000s
[2025-11-07T13:17:04-03:00] Curva lista: <k>=2.50, px1=0.05, r_kk_obj=-0.50, r_kk_fin=-0.490, p=0.025253, t_curva=10.26s (t_gen=0.00s, t_rew=0.26s, t_rho_total=10.00s; t_attrs=10.00s, t_frac=0.00s)
[2025-11-07T13:17:04-03:00] Generando figura...
