[2025-11-07T12:06:29-03:00] Ejecutando script: Erdos-Renyi-v2.py | ruta=C:\Users\dcaceres\Documents\Magister\Trimestre 2\CS Redes\Tarea 2\python\Erdos-Renyi-v2.py
[2025-11-07T12:06:29-03:00] Inicio experimento Fig3-ER (paralelo por procesos) | carpeta=run-e2r\251107120629_N1000
[2025-11-07T12:06:29-03:00] Procesos: usados=18, cpu_count=22
[2025-11-07T12:06:29-03:00] Parámetros: N=1000, <k>=[5.2, 2.5], px1=[0.05, 0.1, 0.2], r_kk=[-0.5, 0.0, 0.5], ρ_kx=[np.float64(0.0), np.float64(0.09), np.float64(0.17), np.float64(0.26), np.float64(0.34), np.float64(0.43), np.float64(0.51), np.float64(0.6)], seed=12021974
[2025-11-07T12:06:34-03:00] Generada red ER: N=1000, <k>_obj=5.20, p=0.005205, L=2603, tiempo=0.063s
[2025-11-07T12:06:34-03:00] Rewire r_kk: objetivo=+0.00, alcanzado=-0.001, |Δ|=0.001, iters=0, tiempo=0.009s
[2025-11-07T12:06:34-03:00] <k>=5.20, p=0.005205, px1=0.20, r_kk_obj=+0.00, r_kk_fin=-0.001, ρ_kx_obj=0.00, ρ_kx_fin=-0.008 -> frac=0.044 | t(attrs)=0.004s, t(frac)=0.002s
[2025-11-07T12:06:34-03:00] <k>=5.20, p=0.005205, px1=0.20, r_kk_obj=+0.00, r_kk_fin=-0.001, ρ_kx_obj=0.09, ρ_kx_fin=+0.078 -> frac=0.051 | t(attrs)=0.012s, t(frac)=0.004s
[2025-11-07T12:06:34-03:00] <k>=5.20, p=0.005205, px1=0.20, r_kk_obj=+0.00, r_kk_fin=-0.001, ρ_kx_obj=0.17, ρ_kx_fin=+0.163 -> frac=0.074 | t(attrs)=0.066s, t(frac)=0.004s
[2025-11-07T12:06:34-03:00] <k>=5.20, p=0.005205, px1=0.20, r_kk_obj=+0.00, r_kk_fin=-0.001, ρ_kx_obj=0.26, ρ_kx_fin=+0.250 -> frac=0.074 | t(attrs)=0.075s, t(frac)=0.003s
[2025-11-07T12:06:34-03:00] <k>=5.20, p=0.005205, px1=0.20, r_kk_obj=+0.00, r_kk_fin=-0.001, ρ_kx_obj=0.34, ρ_kx_fin=+0.333 -> frac=0.085 | t(attrs)=0.169s, t(frac)=0.004s
[2025-11-07T12:06:34-03:00] <k>=5.20, p=0.005205, px1=0.20, r_kk_obj=+0.00, r_kk_fin=-0.001, ρ_kx_obj=0.43, ρ_kx_fin=+0.419 -> frac=0.100 | t(attrs)=0.259s, t(frac)=0.005s
[2025-11-07T12:06:34-03:00] <k>=5.20, p=0.005205, px1=0.20, r_kk_obj=+0.00, r_kk_fin=-0.001, ρ_kx_obj=0.51, ρ_kx_fin=+0.506 -> frac=0.109 | t(attrs)=0.322s, t(frac)=0.003s
[2025-11-07T12:06:34-03:00] <k>=5.20, p=0.005205, px1=0.20, r_kk_obj=+0.00, r_kk_fin=-0.001, ρ_kx_obj=0.60, ρ_kx_fin=+0.592 -> frac=0.113 | t(attrs)=0.467s, t(frac)=0.003s
[2025-11-07T12:06:34-03:00] Curva lista: <k>=5.20, px1=0.20, r_kk_obj=+0.00, r_kk_fin=-0.001, p=0.005205, t_curva=1.48s (t_gen=0.06s, t_rew=0.01s, t_rho_total=1.40s; t_attrs=1.37s, t_frac=0.03s)
[2025-11-07T12:06:34-03:00] Generada red ER: N=1000, <k>_obj=5.20, p=0.005205, L=2603, tiempo=0.069s
[2025-11-07T12:06:34-03:00] Rewire r_kk: objetivo=+0.00, alcanzado=-0.001, |Δ|=0.001, iters=0, tiempo=0.014s
[2025-11-07T12:06:34-03:00] <k>=5.20, p=0.005205, px1=0.10, r_kk_obj=+0.00, r_kk_fin=-0.001, ρ_kx_obj=0.00, ρ_kx_fin=-0.007 -> frac=0.008 | t(attrs)=0.003s, t(frac)=0.003s
[2025-11-07T12:06:34-03:00] <k>=5.20, p=0.005205, px1=0.10, r_kk_obj=+0.00, r_kk_fin=-0.001, ρ_kx_obj=0.09, ρ_kx_fin=+0.076 -> frac=0.014 | t(attrs)=0.018s, t(frac)=0.003s
[2025-11-07T12:06:34-03:00] <k>=5.20, p=0.005205, px1=0.10, r_kk_obj=+0.00, r_kk_fin=-0.001, ρ_kx_obj=0.17, ρ_kx_fin=+0.163 -> frac=0.016 | t(attrs)=0.016s, t(frac)=0.003s
[2025-11-07T12:06:34-03:00] <k>=5.20, p=0.005205, px1=0.10, r_kk_obj=+0.00, r_kk_fin=-0.001, ρ_kx_obj=0.26, ρ_kx_fin=+0.249 -> frac=0.012 | t(attrs)=0.066s, t(frac)=0.003s
[2025-11-07T12:06:34-03:00] <k>=5.20, p=0.005205, px1=0.10, r_kk_obj=+0.00, r_kk_fin=-0.001, ρ_kx_obj=0.34, ρ_kx_fin=+0.335 -> frac=0.023 | t(attrs)=0.113s, t(frac)=0.003s
[2025-11-07T12:06:34-03:00] <k>=5.20, p=0.005205, px1=0.10, r_kk_obj=+0.00, r_kk_fin=-0.001, ρ_kx_obj=0.43, ρ_kx_fin=+0.420 -> frac=0.023 | t(attrs)=0.143s, t(frac)=0.005s
[2025-11-07T12:06:34-03:00] <k>=5.20, p=0.005205, px1=0.10, r_kk_obj=+0.00, r_kk_fin=-0.001, ρ_kx_obj=0.51, ρ_kx_fin=+0.508 -> frac=0.029 | t(attrs)=0.473s, t(frac)=0.003s
[2025-11-07T12:06:34-03:00] <k>=5.20, p=0.005205, px1=0.10, r_kk_obj=+0.00, r_kk_fin=-0.001, ρ_kx_obj=0.60, ρ_kx_fin=+0.593 -> frac=0.044 | t(attrs)=0.845s, t(frac)=0.004s
[2025-11-07T12:06:34-03:00] Curva lista: <k>=5.20, px1=0.10, r_kk_obj=+0.00, r_kk_fin=-0.001, p=0.005205, t_curva=1.79s (t_gen=0.07s, t_rew=0.01s, t_rho_total=1.70s; t_attrs=1.68s, t_frac=0.03s)
[2025-11-07T12:06:35-03:00] Generada red ER: N=1000, <k>_obj=2.50, p=0.002503, L=1286, tiempo=0.064s
[2025-11-07T12:06:35-03:00] Rewire r_kk: objetivo=+0.00, alcanzado=+0.014, |Δ|=0.014, iters=34, tiempo=0.473s
[2025-11-07T12:06:35-03:00] <k>=2.50, p=0.002503, px1=0.20, r_kk_obj=+0.00, r_kk_fin=+0.014, ρ_kx_obj=0.00, ρ_kx_fin=+0.004 -> frac=0.075 | t(attrs)=0.001s, t(frac)=0.005s
[2025-11-07T12:06:35-03:00] <k>=2.50, p=0.002503, px1=0.20, r_kk_obj=+0.00, r_kk_fin=+0.014, ρ_kx_obj=0.09, ρ_kx_fin=+0.078 -> frac=0.090 | t(attrs)=0.017s, t(frac)=0.002s
[2025-11-07T12:06:35-03:00] <k>=2.50, p=0.002503, px1=0.20, r_kk_obj=+0.00, r_kk_fin=+0.014, ρ_kx_obj=0.17, ρ_kx_fin=+0.165 -> frac=0.119 | t(attrs)=0.048s, t(frac)=0.002s
[2025-11-07T12:06:35-03:00] <k>=2.50, p=0.002503, px1=0.20, r_kk_obj=+0.00, r_kk_fin=+0.014, ρ_kx_obj=0.26, ρ_kx_fin=+0.252 -> frac=0.127 | t(attrs)=0.098s, t(frac)=0.004s
[2025-11-07T12:06:35-03:00] <k>=2.50, p=0.002503, px1=0.20, r_kk_obj=+0.00, r_kk_fin=+0.014, ρ_kx_obj=0.34, ρ_kx_fin=+0.338 -> frac=0.137 | t(attrs)=0.190s, t(frac)=0.004s
[2025-11-07T12:06:35-03:00] <k>=2.50, p=0.002503, px1=0.20, r_kk_obj=+0.00, r_kk_fin=+0.014, ρ_kx_obj=0.43, ρ_kx_fin=+0.422 -> frac=0.146 | t(attrs)=0.190s, t(frac)=0.003s
[2025-11-07T12:06:35-03:00] <k>=2.50, p=0.002503, px1=0.20, r_kk_obj=+0.00, r_kk_fin=+0.014, ρ_kx_obj=0.51, ρ_kx_fin=+0.505 -> frac=0.173 | t(attrs)=0.287s, t(frac)=0.003s
[2025-11-07T12:06:35-03:00] <k>=2.50, p=0.002503, px1=0.20, r_kk_obj=+0.00, r_kk_fin=+0.014, ρ_kx_obj=0.60, ρ_kx_fin=+0.591 -> frac=0.193 | t(attrs)=0.400s, t(frac)=0.003s
[2025-11-07T12:06:35-03:00] Curva lista: <k>=2.50, px1=0.20, r_kk_obj=+0.00, r_kk_fin=+0.014, p=0.002503, t_curva=1.80s (t_gen=0.06s, t_rew=0.47s, t_rho_total=1.26s; t_attrs=1.23s, t_frac=0.03s)
[2025-11-07T12:06:35-03:00] Generada red ER: N=1000, <k>_obj=2.50, p=0.002503, L=1286, tiempo=0.073s
[2025-11-07T12:06:35-03:00] Rewire r_kk: objetivo=+0.00, alcanzado=+0.014, |Δ|=0.014, iters=34, tiempo=0.468s
[2025-11-07T12:06:35-03:00] <k>=2.50, p=0.002503, px1=0.10, r_kk_obj=+0.00, r_kk_fin=+0.014, ρ_kx_obj=0.00, ρ_kx_fin=+0.008 -> frac=0.033 | t(attrs)=0.005s, t(frac)=0.003s
[2025-11-07T12:06:35-03:00] <k>=2.50, p=0.002503, px1=0.10, r_kk_obj=+0.00, r_kk_fin=+0.014, ρ_kx_obj=0.09, ρ_kx_fin=+0.078 -> frac=0.042 | t(attrs)=0.019s, t(frac)=0.003s
[2025-11-07T12:06:35-03:00] <k>=2.50, p=0.002503, px1=0.10, r_kk_obj=+0.00, r_kk_fin=+0.014, ρ_kx_obj=0.17, ρ_kx_fin=+0.162 -> frac=0.045 | t(attrs)=0.048s, t(frac)=0.006s
[2025-11-07T12:06:35-03:00] <k>=2.50, p=0.002503, px1=0.10, r_kk_obj=+0.00, r_kk_fin=+0.014, ρ_kx_obj=0.26, ρ_kx_fin=+0.251 -> frac=0.059 | t(attrs)=0.086s, t(frac)=0.003s
[2025-11-07T12:06:35-03:00] <k>=2.50, p=0.002503, px1=0.10, r_kk_obj=+0.00, r_kk_fin=+0.014, ρ_kx_obj=0.34, ρ_kx_fin=+0.339 -> frac=0.067 | t(attrs)=0.133s, t(frac)=0.003s
[2025-11-07T12:06:35-03:00] <k>=2.50, p=0.002503, px1=0.10, r_kk_obj=+0.00, r_kk_fin=+0.014, ρ_kx_obj=0.43, ρ_kx_fin=+0.419 -> frac=0.071 | t(attrs)=0.270s, t(frac)=0.003s
[2025-11-07T12:06:35-03:00] <k>=2.50, p=0.002503, px1=0.10, r_kk_obj=+0.00, r_kk_fin=+0.014, ρ_kx_obj=0.51, ρ_kx_fin=+0.506 -> frac=0.073 | t(attrs)=0.342s, t(frac)=0.003s
[2025-11-07T12:06:35-03:00] <k>=2.50, p=0.002503, px1=0.10, r_kk_obj=+0.00, r_kk_fin=+0.014, ρ_kx_obj=0.60, ρ_kx_fin=+0.590 -> frac=0.086 | t(attrs)=0.811s, t(frac)=0.003s
[2025-11-07T12:06:35-03:00] Curva lista: <k>=2.50, px1=0.10, r_kk_obj=+0.00, r_kk_fin=+0.014, p=0.002503, t_curva=2.28s (t_gen=0.07s, t_rew=0.47s, t_rho_total=1.74s; t_attrs=1.71s, t_frac=0.03s)
[2025-11-07T12:06:37-03:00] Generada red ER: N=1000, <k>_obj=5.20, p=0.005205, L=2603, tiempo=0.069s
[2025-11-07T12:06:37-03:00] Rewire r_kk: objetivo=+0.00, alcanzado=-0.001, |Δ|=0.001, iters=0, tiempo=0.011s
[2025-11-07T12:06:37-03:00] <k>=5.20, p=0.005205, px1=0.05, r_kk_obj=+0.00, r_kk_fin=-0.001, ρ_kx_obj=0.00, ρ_kx_fin=-0.009 -> frac=0.000 | t(attrs)=0.010s, t(frac)=0.003s
[2025-11-07T12:06:37-03:00] <k>=5.20, p=0.005205, px1=0.05, r_kk_obj=+0.00, r_kk_fin=-0.001, ρ_kx_obj=0.09, ρ_kx_fin=+0.077 -> frac=0.004 | t(attrs)=0.012s, t(frac)=0.002s
[2025-11-07T12:06:37-03:00] <k>=5.20, p=0.005205, px1=0.05, r_kk_obj=+0.00, r_kk_fin=-0.001, ρ_kx_obj=0.17, ρ_kx_fin=+0.166 -> frac=0.005 | t(attrs)=0.031s, t(frac)=0.003s
[2025-11-07T12:06:37-03:00] <k>=5.20, p=0.005205, px1=0.05, r_kk_obj=+0.00, r_kk_fin=-0.001, ρ_kx_obj=0.26, ρ_kx_fin=+0.248 -> frac=0.003 | t(attrs)=0.046s, t(frac)=0.002s
[2025-11-07T12:06:37-03:00] <k>=5.20, p=0.005205, px1=0.05, r_kk_obj=+0.00, r_kk_fin=-0.001, ρ_kx_obj=0.34, ρ_kx_fin=+0.334 -> frac=0.006 | t(attrs)=0.106s, t(frac)=0.002s
[2025-11-07T12:06:37-03:00] <k>=5.20, p=0.005205, px1=0.05, r_kk_obj=+0.00, r_kk_fin=-0.001, ρ_kx_obj=0.43, ρ_kx_fin=+0.421 -> frac=0.013 | t(attrs)=0.271s, t(frac)=0.004s
[2025-11-07T12:06:37-03:00] <k>=5.20, p=0.005205, px1=0.05, r_kk_obj=+0.00, r_kk_fin=-0.001, ρ_kx_obj=0.51, ρ_kx_fin=+0.505 -> frac=0.007 | t(attrs)=1.269s, t(frac)=0.003s
[2025-11-07T12:06:37-03:00] <k>=5.20, p=0.005205, px1=0.05, r_kk_obj=+0.00, r_kk_fin=-0.001, ρ_kx_obj=0.60, ρ_kx_fin=+0.513 -> frac=0.011 | t(attrs)=3.224s, t(frac)=0.003s
[2025-11-07T12:06:37-03:00] Curva lista: <k>=5.20, px1=0.05, r_kk_obj=+0.00, r_kk_fin=-0.001, p=0.005205, t_curva=5.07s (t_gen=0.07s, t_rew=0.01s, t_rho_total=4.99s; t_attrs=4.97s, t_frac=0.02s)
[2025-11-07T12:06:38-03:00] Generada red ER: N=1000, <k>_obj=2.50, p=0.002503, L=1286, tiempo=0.073s
[2025-11-07T12:06:38-03:00] Rewire r_kk: objetivo=+0.00, alcanzado=+0.014, |Δ|=0.014, iters=34, tiempo=0.479s
[2025-11-07T12:06:38-03:00] <k>=2.50, p=0.002503, px1=0.05, r_kk_obj=+0.00, r_kk_fin=+0.014, ρ_kx_obj=0.00, ρ_kx_fin=-0.002 -> frac=0.016 | t(attrs)=0.001s, t(frac)=0.003s
[2025-11-07T12:06:38-03:00] <k>=2.50, p=0.002503, px1=0.05, r_kk_obj=+0.00, r_kk_fin=+0.014, ρ_kx_obj=0.09, ρ_kx_fin=+0.082 -> frac=0.019 | t(attrs)=0.014s, t(frac)=0.004s
[2025-11-07T12:06:38-03:00] <k>=2.50, p=0.002503, px1=0.05, r_kk_obj=+0.00, r_kk_fin=+0.014, ρ_kx_obj=0.17, ρ_kx_fin=+0.164 -> frac=0.015 | t(attrs)=0.009s, t(frac)=0.002s
[2025-11-07T12:06:38-03:00] <k>=2.50, p=0.002503, px1=0.05, r_kk_obj=+0.00, r_kk_fin=+0.014, ρ_kx_obj=0.26, ρ_kx_fin=+0.248 -> frac=0.021 | t(attrs)=0.078s, t(frac)=0.003s
[2025-11-07T12:06:38-03:00] <k>=2.50, p=0.002503, px1=0.05, r_kk_obj=+0.00, r_kk_fin=+0.014, ρ_kx_obj=0.34, ρ_kx_fin=+0.335 -> frac=0.031 | t(attrs)=0.182s, t(frac)=0.003s
[2025-11-07T12:06:38-03:00] <k>=2.50, p=0.002503, px1=0.05, r_kk_obj=+0.00, r_kk_fin=+0.014, ρ_kx_obj=0.43, ρ_kx_fin=+0.419 -> frac=0.050 | t(attrs)=0.435s, t(frac)=0.003s
[2025-11-07T12:06:38-03:00] <k>=2.50, p=0.002503, px1=0.05, r_kk_obj=+0.00, r_kk_fin=+0.014, ρ_kx_obj=0.51, ρ_kx_fin=+0.506 -> frac=0.028 | t(attrs)=0.988s, t(frac)=0.003s
[2025-11-07T12:06:38-03:00] <k>=2.50, p=0.002503, px1=0.05, r_kk_obj=+0.00, r_kk_fin=+0.014, ρ_kx_obj=0.60, ρ_kx_fin=+0.532 -> frac=0.037 | t(attrs)=2.916s, t(frac)=0.001s
[2025-11-07T12:06:38-03:00] Curva lista: <k>=2.50, px1=0.05, r_kk_obj=+0.00, r_kk_fin=+0.014, p=0.002503, t_curva=5.20s (t_gen=0.07s, t_rew=0.48s, t_rho_total=4.65s; t_attrs=4.62s, t_frac=0.02s)
[2025-11-07T12:06:49-03:00] Generada red ER: N=1000, <k>_obj=2.50, p=0.002503, L=1286, tiempo=0.064s
[2025-11-07T12:06:49-03:00] Rewire r_kk: objetivo=+0.50, alcanzado=+0.485, |Δ|=0.015, iters=1090, tiempo=14.753s
[2025-11-07T12:06:49-03:00] <k>=2.50, p=0.002503, px1=0.20, r_kk_obj=+0.50, r_kk_fin=+0.485, ρ_kx_obj=0.00, ρ_kx_fin=+0.009 -> frac=0.073 | t(attrs)=0.003s, t(frac)=0.002s
[2025-11-07T12:06:49-03:00] <k>=2.50, p=0.002503, px1=0.20, r_kk_obj=+0.50, r_kk_fin=+0.485, ρ_kx_obj=0.09, ρ_kx_fin=+0.078 -> frac=0.097 | t(attrs)=0.013s, t(frac)=0.002s
[2025-11-07T12:06:49-03:00] <k>=2.50, p=0.002503, px1=0.20, r_kk_obj=+0.50, r_kk_fin=+0.485, ρ_kx_obj=0.17, ρ_kx_fin=+0.167 -> frac=0.107 | t(attrs)=0.012s, t(frac)=0.002s
[2025-11-07T12:06:49-03:00] <k>=2.50, p=0.002503, px1=0.20, r_kk_obj=+0.50, r_kk_fin=+0.485, ρ_kx_obj=0.26, ρ_kx_fin=+0.249 -> frac=0.107 | t(attrs)=0.042s, t(frac)=0.002s
[2025-11-07T12:06:49-03:00] <k>=2.50, p=0.002503, px1=0.20, r_kk_obj=+0.50, r_kk_fin=+0.485, ρ_kx_obj=0.34, ρ_kx_fin=+0.336 -> frac=0.107 | t(attrs)=0.121s, t(frac)=0.003s
[2025-11-07T12:06:49-03:00] <k>=2.50, p=0.002503, px1=0.20, r_kk_obj=+0.50, r_kk_fin=+0.485, ρ_kx_obj=0.43, ρ_kx_fin=+0.422 -> frac=0.128 | t(attrs)=0.141s, t(frac)=0.003s
[2025-11-07T12:06:49-03:00] <k>=2.50, p=0.002503, px1=0.20, r_kk_obj=+0.50, r_kk_fin=+0.485, ρ_kx_obj=0.51, ρ_kx_fin=+0.505 -> frac=0.158 | t(attrs)=0.201s, t(frac)=0.002s
[2025-11-07T12:06:49-03:00] <k>=2.50, p=0.002503, px1=0.20, r_kk_obj=+0.50, r_kk_fin=+0.485, ρ_kx_obj=0.60, ρ_kx_fin=+0.592 -> frac=0.171 | t(attrs)=0.391s, t(frac)=0.002s
[2025-11-07T12:06:49-03:00] Curva lista: <k>=2.50, px1=0.20, r_kk_obj=+0.50, r_kk_fin=+0.485, p=0.002503, t_curva=15.76s (t_gen=0.06s, t_rew=14.75s, t_rho_total=0.94s; t_attrs=0.92s, t_frac=0.02s)
[2025-11-07T12:06:49-03:00] Generada red ER: N=1000, <k>_obj=2.50, p=0.002503, L=1286, tiempo=0.068s
[2025-11-07T12:06:49-03:00] Rewire r_kk: objetivo=+0.50, alcanzado=+0.485, |Δ|=0.015, iters=1090, tiempo=14.764s
[2025-11-07T12:06:49-03:00] <k>=2.50, p=0.002503, px1=0.10, r_kk_obj=+0.50, r_kk_fin=+0.485, ρ_kx_obj=0.00, ρ_kx_fin=+0.008 -> frac=0.025 | t(attrs)=0.002s, t(frac)=0.003s
[2025-11-07T12:06:49-03:00] <k>=2.50, p=0.002503, px1=0.10, r_kk_obj=+0.50, r_kk_fin=+0.485, ρ_kx_obj=0.09, ρ_kx_fin=+0.080 -> frac=0.026 | t(attrs)=0.015s, t(frac)=0.002s
[2025-11-07T12:06:49-03:00] <k>=2.50, p=0.002503, px1=0.10, r_kk_obj=+0.50, r_kk_fin=+0.485, ρ_kx_obj=0.17, ρ_kx_fin=+0.164 -> frac=0.033 | t(attrs)=0.038s, t(frac)=0.003s
[2025-11-07T12:06:49-03:00] <k>=2.50, p=0.002503, px1=0.10, r_kk_obj=+0.50, r_kk_fin=+0.485, ρ_kx_obj=0.26, ρ_kx_fin=+0.248 -> frac=0.036 | t(attrs)=0.042s, t(frac)=0.002s
[2025-11-07T12:06:49-03:00] <k>=2.50, p=0.002503, px1=0.10, r_kk_obj=+0.50, r_kk_fin=+0.485, ρ_kx_obj=0.34, ρ_kx_fin=+0.335 -> frac=0.028 | t(attrs)=0.100s, t(frac)=0.002s
[2025-11-07T12:06:49-03:00] <k>=2.50, p=0.002503, px1=0.10, r_kk_obj=+0.50, r_kk_fin=+0.485, ρ_kx_obj=0.43, ρ_kx_fin=+0.419 -> frac=0.051 | t(attrs)=0.165s, t(frac)=0.002s
[2025-11-07T12:06:49-03:00] <k>=2.50, p=0.002503, px1=0.10, r_kk_obj=+0.50, r_kk_fin=+0.485, ρ_kx_obj=0.51, ρ_kx_fin=+0.506 -> frac=0.045 | t(attrs)=0.256s, t(frac)=0.003s
[2025-11-07T12:06:49-03:00] <k>=2.50, p=0.002503, px1=0.10, r_kk_obj=+0.50, r_kk_fin=+0.485, ρ_kx_obj=0.60, ρ_kx_fin=+0.590 -> frac=0.066 | t(attrs)=0.715s, t(frac)=0.002s
[2025-11-07T12:06:49-03:00] Curva lista: <k>=2.50, px1=0.10, r_kk_obj=+0.50, r_kk_fin=+0.485, p=0.002503, t_curva=16.18s (t_gen=0.07s, t_rew=14.76s, t_rho_total=1.35s; t_attrs=1.33s, t_frac=0.02s)
[2025-11-07T12:06:52-03:00] Generada red ER: N=1000, <k>_obj=2.50, p=0.002503, L=1286, tiempo=0.066s
[2025-11-07T12:06:52-03:00] Rewire r_kk: objetivo=+0.50, alcanzado=+0.485, |Δ|=0.015, iters=1090, tiempo=14.448s
[2025-11-07T12:06:52-03:00] <k>=2.50, p=0.002503, px1=0.05, r_kk_obj=+0.50, r_kk_fin=+0.485, ρ_kx_obj=0.00, ρ_kx_fin=+0.010 -> frac=0.009 | t(attrs)=0.003s, t(frac)=0.003s
[2025-11-07T12:06:52-03:00] <k>=2.50, p=0.002503, px1=0.05, r_kk_obj=+0.50, r_kk_fin=+0.485, ρ_kx_obj=0.09, ρ_kx_fin=+0.080 -> frac=0.011 | t(attrs)=0.019s, t(frac)=0.003s
[2025-11-07T12:06:52-03:00] <k>=2.50, p=0.002503, px1=0.05, r_kk_obj=+0.50, r_kk_fin=+0.485, ρ_kx_obj=0.17, ρ_kx_fin=+0.178 -> frac=0.008 | t(attrs)=0.025s, t(frac)=0.003s
[2025-11-07T12:06:52-03:00] <k>=2.50, p=0.002503, px1=0.05, r_kk_obj=+0.50, r_kk_fin=+0.485, ρ_kx_obj=0.26, ρ_kx_fin=+0.248 -> frac=0.013 | t(attrs)=0.056s, t(frac)=0.003s
[2025-11-07T12:06:52-03:00] <k>=2.50, p=0.002503, px1=0.05, r_kk_obj=+0.50, r_kk_fin=+0.485, ρ_kx_obj=0.34, ρ_kx_fin=+0.335 -> frac=0.016 | t(attrs)=0.086s, t(frac)=0.002s
[2025-11-07T12:06:52-03:00] <k>=2.50, p=0.002503, px1=0.05, r_kk_obj=+0.50, r_kk_fin=+0.485, ρ_kx_obj=0.43, ρ_kx_fin=+0.422 -> frac=0.012 | t(attrs)=0.256s, t(frac)=0.002s
[2025-11-07T12:06:52-03:00] <k>=2.50, p=0.002503, px1=0.05, r_kk_obj=+0.50, r_kk_fin=+0.485, ρ_kx_obj=0.51, ρ_kx_fin=+0.512 -> frac=0.013 | t(attrs)=0.803s, t(frac)=0.003s
[2025-11-07T12:06:52-03:00] <k>=2.50, p=0.002503, px1=0.05, r_kk_obj=+0.50, r_kk_fin=+0.485, ρ_kx_obj=0.60, ρ_kx_fin=+0.532 -> frac=0.022 | t(attrs)=2.726s, t(frac)=0.003s
[2025-11-07T12:06:52-03:00] Curva lista: <k>=2.50, px1=0.05, r_kk_obj=+0.50, r_kk_fin=+0.485, p=0.002503, t_curva=18.51s (t_gen=0.07s, t_rew=14.45s, t_rho_total=4.00s; t_attrs=3.97s, t_frac=0.02s)
[2025-11-07T12:06:53-03:00] Generada red ER: N=1000, <k>_obj=2.50, p=0.002503, L=1286, tiempo=0.071s
[2025-11-07T12:06:53-03:00] Rewire r_kk: objetivo=-0.50, alcanzado=-0.485, |Δ|=0.015, iters=1432, tiempo=18.434s
[2025-11-07T12:06:53-03:00] <k>=2.50, p=0.002503, px1=0.10, r_kk_obj=-0.50, r_kk_fin=-0.485, ρ_kx_obj=0.00, ρ_kx_fin=+0.006 -> frac=0.034 | t(attrs)=0.002s, t(frac)=0.002s
[2025-11-07T12:06:53-03:00] <k>=2.50, p=0.002503, px1=0.10, r_kk_obj=-0.50, r_kk_fin=-0.485, ρ_kx_obj=0.09, ρ_kx_fin=+0.078 -> frac=0.047 | t(attrs)=0.001s, t(frac)=0.002s
[2025-11-07T12:06:53-03:00] <k>=2.50, p=0.002503, px1=0.10, r_kk_obj=-0.50, r_kk_fin=-0.485, ρ_kx_obj=0.17, ρ_kx_fin=+0.162 -> frac=0.043 | t(attrs)=0.016s, t(frac)=0.002s
[2025-11-07T12:06:53-03:00] <k>=2.50, p=0.002503, px1=0.10, r_kk_obj=-0.50, r_kk_fin=-0.485, ρ_kx_obj=0.26, ρ_kx_fin=+0.248 -> frac=0.064 | t(attrs)=0.044s, t(frac)=0.002s
[2025-11-07T12:06:53-03:00] <k>=2.50, p=0.002503, px1=0.10, r_kk_obj=-0.50, r_kk_fin=-0.485, ρ_kx_obj=0.34, ρ_kx_fin=+0.335 -> frac=0.100 | t(attrs)=0.085s, t(frac)=0.002s
[2025-11-07T12:06:53-03:00] <k>=2.50, p=0.002503, px1=0.10, r_kk_obj=-0.50, r_kk_fin=-0.485, ρ_kx_obj=0.43, ρ_kx_fin=+0.419 -> frac=0.110 | t(attrs)=0.188s, t(frac)=0.002s
[2025-11-07T12:06:53-03:00] <k>=2.50, p=0.002503, px1=0.10, r_kk_obj=-0.50, r_kk_fin=-0.485, ρ_kx_obj=0.51, ρ_kx_fin=+0.506 -> frac=0.126 | t(attrs)=0.194s, t(frac)=0.003s
[2025-11-07T12:06:53-03:00] <k>=2.50, p=0.002503, px1=0.10, r_kk_obj=-0.50, r_kk_fin=-0.485, ρ_kx_obj=0.60, ρ_kx_fin=+0.590 -> frac=0.167 | t(attrs)=0.519s, t(frac)=0.002s
[2025-11-07T12:06:53-03:00] Curva lista: <k>=2.50, px1=0.10, r_kk_obj=-0.50, r_kk_fin=-0.485, p=0.002503, t_curva=19.57s (t_gen=0.07s, t_rew=18.43s, t_rho_total=1.06s; t_attrs=1.05s, t_frac=0.01s)
[2025-11-07T12:06:54-03:00] Generada red ER: N=1000, <k>_obj=2.50, p=0.002503, L=1286, tiempo=0.083s
[2025-11-07T12:06:54-03:00] Rewire r_kk: objetivo=-0.50, alcanzado=-0.485, |Δ|=0.015, iters=1432, tiempo=19.270s
[2025-11-07T12:06:54-03:00] <k>=2.50, p=0.002503, px1=0.20, r_kk_obj=-0.50, r_kk_fin=-0.485, ρ_kx_obj=0.00, ρ_kx_fin=-0.009 -> frac=0.078 | t(attrs)=0.017s, t(frac)=0.003s
[2025-11-07T12:06:54-03:00] <k>=2.50, p=0.002503, px1=0.20, r_kk_obj=-0.50, r_kk_fin=-0.485, ρ_kx_obj=0.09, ρ_kx_fin=+0.077 -> frac=0.102 | t(attrs)=0.022s, t(frac)=0.003s
[2025-11-07T12:06:54-03:00] <k>=2.50, p=0.002503, px1=0.20, r_kk_obj=-0.50, r_kk_fin=-0.485, ρ_kx_obj=0.17, ρ_kx_fin=+0.162 -> frac=0.115 | t(attrs)=0.072s, t(frac)=0.003s
[2025-11-07T12:06:54-03:00] <k>=2.50, p=0.002503, px1=0.20, r_kk_obj=-0.50, r_kk_fin=-0.485, ρ_kx_obj=0.26, ρ_kx_fin=+0.248 -> frac=0.136 | t(attrs)=0.062s, t(frac)=0.003s
[2025-11-07T12:06:54-03:00] <k>=2.50, p=0.002503, px1=0.20, r_kk_obj=-0.50, r_kk_fin=-0.485, ρ_kx_obj=0.34, ρ_kx_fin=+0.335 -> frac=0.177 | t(attrs)=0.080s, t(frac)=0.003s
[2025-11-07T12:06:54-03:00] <k>=2.50, p=0.002503, px1=0.20, r_kk_obj=-0.50, r_kk_fin=-0.485, ρ_kx_obj=0.43, ρ_kx_fin=+0.422 -> frac=0.194 | t(attrs)=0.198s, t(frac)=0.002s
[2025-11-07T12:06:54-03:00] <k>=2.50, p=0.002503, px1=0.20, r_kk_obj=-0.50, r_kk_fin=-0.485, ρ_kx_obj=0.51, ρ_kx_fin=+0.505 -> frac=0.241 | t(attrs)=0.205s, t(frac)=0.003s
[2025-11-07T12:06:54-03:00] <k>=2.50, p=0.002503, px1=0.20, r_kk_obj=-0.50, r_kk_fin=-0.485, ρ_kx_obj=0.60, ρ_kx_fin=+0.591 -> frac=0.259 | t(attrs)=0.406s, t(frac)=0.002s
[2025-11-07T12:06:54-03:00] Curva lista: <k>=2.50, px1=0.20, r_kk_obj=-0.50, r_kk_fin=-0.485, p=0.002503, t_curva=20.44s (t_gen=0.08s, t_rew=19.27s, t_rho_total=1.08s; t_attrs=1.06s, t_frac=0.02s)
[2025-11-07T12:06:55-03:00] Generada red ER: N=1000, <k>_obj=2.50, p=0.002503, L=1286, tiempo=0.086s
[2025-11-07T12:06:55-03:00] Rewire r_kk: objetivo=-0.50, alcanzado=-0.485, |Δ|=0.015, iters=1432, tiempo=19.003s
[2025-11-07T12:06:55-03:00] <k>=2.50, p=0.002503, px1=0.05, r_kk_obj=-0.50, r_kk_fin=-0.485, ρ_kx_obj=0.00, ρ_kx_fin=-0.002 -> frac=0.010 | t(attrs)=0.001s, t(frac)=0.002s
[2025-11-07T12:06:55-03:00] <k>=2.50, p=0.002503, px1=0.05, r_kk_obj=-0.50, r_kk_fin=-0.485, ρ_kx_obj=0.09, ρ_kx_fin=+0.077 -> frac=0.014 | t(attrs)=0.003s, t(frac)=0.002s
[2025-11-07T12:06:55-03:00] <k>=2.50, p=0.002503, px1=0.05, r_kk_obj=-0.50, r_kk_fin=-0.485, ρ_kx_obj=0.17, ρ_kx_fin=+0.170 -> frac=0.025 | t(attrs)=0.030s, t(frac)=0.003s
[2025-11-07T12:06:55-03:00] <k>=2.50, p=0.002503, px1=0.05, r_kk_obj=-0.50, r_kk_fin=-0.485, ρ_kx_obj=0.26, ρ_kx_fin=+0.248 -> frac=0.042 | t(attrs)=0.059s, t(frac)=0.003s
[2025-11-07T12:06:55-03:00] <k>=2.50, p=0.002503, px1=0.05, r_kk_obj=-0.50, r_kk_fin=-0.485, ρ_kx_obj=0.34, ρ_kx_fin=+0.338 -> frac=0.048 | t(attrs)=0.081s, t(frac)=0.002s
[2025-11-07T12:06:55-03:00] <k>=2.50, p=0.002503, px1=0.05, r_kk_obj=-0.50, r_kk_fin=-0.485, ρ_kx_obj=0.43, ρ_kx_fin=+0.419 -> frac=0.071 | t(attrs)=0.128s, t(frac)=0.002s
[2025-11-07T12:06:55-03:00] <k>=2.50, p=0.002503, px1=0.05, r_kk_obj=-0.50, r_kk_fin=-0.485, ρ_kx_obj=0.51, ρ_kx_fin=+0.506 -> frac=0.101 | t(attrs)=0.420s, t(frac)=0.003s
[2025-11-07T12:06:55-03:00] <k>=2.50, p=0.002503, px1=0.05, r_kk_obj=-0.50, r_kk_fin=-0.485, ρ_kx_obj=0.60, ρ_kx_fin=+0.532 -> frac=0.095 | t(attrs)=2.272s, t(frac)=0.002s
[2025-11-07T12:06:55-03:00] Curva lista: <k>=2.50, px1=0.05, r_kk_obj=-0.50, r_kk_fin=-0.485, p=0.002503, t_curva=22.10s (t_gen=0.09s, t_rew=19.00s, t_rho_total=3.01s; t_attrs=2.99s, t_frac=0.02s)
[2025-11-07T12:07:13-03:00] Generada red ER: N=1000, <k>_obj=5.20, p=0.005205, L=2603, tiempo=0.058s
[2025-11-07T12:07:13-03:00] Rewire r_kk: objetivo=+0.50, alcanzado=+0.486, |Δ|=0.014, iters=2433, tiempo=39.116s
[2025-11-07T12:07:13-03:00] <k>=5.20, p=0.005205, px1=0.10, r_kk_obj=+0.50, r_kk_fin=+0.486, ρ_kx_obj=0.00, ρ_kx_fin=-0.007 -> frac=0.007 | t(attrs)=0.001s, t(frac)=0.002s
[2025-11-07T12:07:13-03:00] <k>=5.20, p=0.005205, px1=0.10, r_kk_obj=+0.50, r_kk_fin=+0.486, ρ_kx_obj=0.09, ρ_kx_fin=+0.076 -> frac=0.006 | t(attrs)=0.012s, t(frac)=0.002s
[2025-11-07T12:07:13-03:00] <k>=5.20, p=0.005205, px1=0.10, r_kk_obj=+0.50, r_kk_fin=+0.486, ρ_kx_obj=0.17, ρ_kx_fin=+0.163 -> frac=0.007 | t(attrs)=0.034s, t(frac)=0.004s
[2025-11-07T12:07:13-03:00] <k>=5.20, p=0.005205, px1=0.10, r_kk_obj=+0.50, r_kk_fin=+0.486, ρ_kx_obj=0.26, ρ_kx_fin=+0.249 -> frac=0.011 | t(attrs)=0.068s, t(frac)=0.002s
[2025-11-07T12:07:13-03:00] <k>=5.20, p=0.005205, px1=0.10, r_kk_obj=+0.50, r_kk_fin=+0.486, ρ_kx_obj=0.34, ρ_kx_fin=+0.334 -> frac=0.015 | t(attrs)=0.081s, t(frac)=0.003s
[2025-11-07T12:07:13-03:00] <k>=5.20, p=0.005205, px1=0.10, r_kk_obj=+0.50, r_kk_fin=+0.486, ρ_kx_obj=0.43, ρ_kx_fin=+0.420 -> frac=0.009 | t(attrs)=0.137s, t(frac)=0.004s
[2025-11-07T12:07:13-03:00] <k>=5.20, p=0.005205, px1=0.10, r_kk_obj=+0.50, r_kk_fin=+0.486, ρ_kx_obj=0.51, ρ_kx_fin=+0.505 -> frac=0.019 | t(attrs)=0.255s, t(frac)=0.002s
[2025-11-07T12:07:13-03:00] <k>=5.20, p=0.005205, px1=0.10, r_kk_obj=+0.50, r_kk_fin=+0.486, ρ_kx_obj=0.60, ρ_kx_fin=+0.591 -> frac=0.026 | t(attrs)=0.562s, t(frac)=0.002s
[2025-11-07T12:07:13-03:00] Curva lista: <k>=5.20, px1=0.10, r_kk_obj=+0.50, r_kk_fin=+0.486, p=0.005205, t_curva=40.35s (t_gen=0.06s, t_rew=39.12s, t_rho_total=1.17s; t_attrs=1.15s, t_frac=0.02s)
[2025-11-07T12:07:14-03:00] Generada red ER: N=1000, <k>_obj=5.20, p=0.005205, L=2603, tiempo=0.083s
[2025-11-07T12:07:14-03:00] Rewire r_kk: objetivo=+0.50, alcanzado=+0.486, |Δ|=0.014, iters=2433, tiempo=40.268s
[2025-11-07T12:07:14-03:00] <k>=5.20, p=0.005205, px1=0.20, r_kk_obj=+0.50, r_kk_fin=+0.486, ρ_kx_obj=0.00, ρ_kx_fin=+0.008 -> frac=0.050 | t(attrs)=0.011s, t(frac)=0.003s
[2025-11-07T12:07:14-03:00] <k>=5.20, p=0.005205, px1=0.20, r_kk_obj=+0.50, r_kk_fin=+0.486, ρ_kx_obj=0.09, ρ_kx_fin=+0.081 -> frac=0.052 | t(attrs)=0.016s, t(frac)=0.002s
[2025-11-07T12:07:14-03:00] <k>=5.20, p=0.005205, px1=0.20, r_kk_obj=+0.50, r_kk_fin=+0.486, ρ_kx_obj=0.17, ρ_kx_fin=+0.165 -> frac=0.053 | t(attrs)=0.043s, t(frac)=0.003s
[2025-11-07T12:07:14-03:00] <k>=5.20, p=0.005205, px1=0.20, r_kk_obj=+0.50, r_kk_fin=+0.486, ρ_kx_obj=0.26, ρ_kx_fin=+0.247 -> frac=0.062 | t(attrs)=0.052s, t(frac)=0.002s
[2025-11-07T12:07:14-03:00] <k>=5.20, p=0.005205, px1=0.20, r_kk_obj=+0.50, r_kk_fin=+0.486, ρ_kx_obj=0.34, ρ_kx_fin=+0.333 -> frac=0.066 | t(attrs)=0.092s, t(frac)=0.002s
[2025-11-07T12:07:14-03:00] <k>=5.20, p=0.005205, px1=0.20, r_kk_obj=+0.50, r_kk_fin=+0.486, ρ_kx_obj=0.43, ρ_kx_fin=+0.419 -> frac=0.077 | t(attrs)=0.115s, t(frac)=0.002s
[2025-11-07T12:07:14-03:00] <k>=5.20, p=0.005205, px1=0.20, r_kk_obj=+0.50, r_kk_fin=+0.486, ρ_kx_obj=0.51, ρ_kx_fin=+0.505 -> frac=0.107 | t(attrs)=0.171s, t(frac)=0.003s
[2025-11-07T12:07:14-03:00] <k>=5.20, p=0.005205, px1=0.20, r_kk_obj=+0.50, r_kk_fin=+0.486, ρ_kx_obj=0.60, ρ_kx_fin=+0.592 -> frac=0.115 | t(attrs)=0.285s, t(frac)=0.002s
[2025-11-07T12:07:14-03:00] Curva lista: <k>=5.20, px1=0.20, r_kk_obj=+0.50, r_kk_fin=+0.486, p=0.005205, t_curva=41.16s (t_gen=0.08s, t_rew=40.27s, t_rho_total=0.81s; t_attrs=0.79s, t_frac=0.02s)
[2025-11-07T12:07:16-03:00] Generada red ER: N=1000, <k>_obj=5.20, p=0.005205, L=2603, tiempo=0.055s
[2025-11-07T12:07:16-03:00] Rewire r_kk: objetivo=+0.50, alcanzado=+0.486, |Δ|=0.014, iters=2433, tiempo=39.670s
[2025-11-07T12:07:16-03:00] <k>=5.20, p=0.005205, px1=0.05, r_kk_obj=+0.50, r_kk_fin=+0.486, ρ_kx_obj=0.00, ρ_kx_fin=+0.008 -> frac=0.002 | t(attrs)=0.001s, t(frac)=0.002s
[2025-11-07T12:07:16-03:00] <k>=5.20, p=0.005205, px1=0.05, r_kk_obj=+0.50, r_kk_fin=+0.486, ρ_kx_obj=0.09, ρ_kx_fin=+0.077 -> frac=0.003 | t(attrs)=0.003s, t(frac)=0.002s
[2025-11-07T12:07:16-03:00] <k>=5.20, p=0.005205, px1=0.05, r_kk_obj=+0.50, r_kk_fin=+0.486, ρ_kx_obj=0.17, ρ_kx_fin=+0.164 -> frac=0.001 | t(attrs)=0.013s, t(frac)=0.002s
[2025-11-07T12:07:16-03:00] <k>=5.20, p=0.005205, px1=0.05, r_kk_obj=+0.50, r_kk_fin=+0.486, ρ_kx_obj=0.26, ρ_kx_fin=+0.252 -> frac=0.000 | t(attrs)=0.028s, t(frac)=0.002s
[2025-11-07T12:07:16-03:00] <k>=5.20, p=0.005205, px1=0.05, r_kk_obj=+0.50, r_kk_fin=+0.486, ρ_kx_obj=0.34, ρ_kx_fin=+0.334 -> frac=0.002 | t(attrs)=0.137s, t(frac)=0.004s
[2025-11-07T12:07:16-03:00] <k>=5.20, p=0.005205, px1=0.05, r_kk_obj=+0.50, r_kk_fin=+0.486, ρ_kx_obj=0.43, ρ_kx_fin=+0.419 -> frac=0.002 | t(attrs)=0.211s, t(frac)=0.002s
[2025-11-07T12:07:16-03:00] <k>=5.20, p=0.005205, px1=0.05, r_kk_obj=+0.50, r_kk_fin=+0.486, ρ_kx_obj=0.51, ρ_kx_fin=+0.505 -> frac=0.006 | t(attrs)=1.027s, t(frac)=0.002s
[2025-11-07T12:07:16-03:00] <k>=5.20, p=0.005205, px1=0.05, r_kk_obj=+0.50, r_kk_fin=+0.486, ρ_kx_obj=0.60, ρ_kx_fin=+0.513 -> frac=0.006 | t(attrs)=2.287s, t(frac)=0.002s
[2025-11-07T12:07:16-03:00] Curva lista: <k>=5.20, px1=0.05, r_kk_obj=+0.50, r_kk_fin=+0.486, p=0.005205, t_curva=43.45s (t_gen=0.06s, t_rew=39.67s, t_rho_total=3.73s; t_attrs=3.71s, t_frac=0.02s)
[2025-11-07T12:07:17-03:00] Generada red ER: N=1000, <k>_obj=5.20, p=0.005205, L=2603, tiempo=0.062s
[2025-11-07T12:07:17-03:00] Rewire r_kk: objetivo=-0.50, alcanzado=-0.485, |Δ|=0.015, iters=2716, tiempo=43.790s
[2025-11-07T12:07:17-03:00] <k>=5.20, p=0.005205, px1=0.10, r_kk_obj=-0.50, r_kk_fin=-0.485, ρ_kx_obj=0.00, ρ_kx_fin=+0.007 -> frac=0.010 | t(attrs)=0.001s, t(frac)=0.002s
[2025-11-07T12:07:17-03:00] <k>=5.20, p=0.005205, px1=0.10, r_kk_obj=-0.50, r_kk_fin=-0.485, ρ_kx_obj=0.09, ρ_kx_fin=+0.078 -> frac=0.012 | t(attrs)=0.017s, t(frac)=0.003s
[2025-11-07T12:07:17-03:00] <k>=5.20, p=0.005205, px1=0.10, r_kk_obj=-0.50, r_kk_fin=-0.485, ρ_kx_obj=0.17, ρ_kx_fin=+0.162 -> frac=0.027 | t(attrs)=0.025s, t(frac)=0.002s
[2025-11-07T12:07:17-03:00] <k>=5.20, p=0.005205, px1=0.10, r_kk_obj=-0.50, r_kk_fin=-0.485, ρ_kx_obj=0.26, ρ_kx_fin=+0.249 -> frac=0.039 | t(attrs)=0.034s, t(frac)=0.002s
[2025-11-07T12:07:17-03:00] <k>=5.20, p=0.005205, px1=0.10, r_kk_obj=-0.50, r_kk_fin=-0.485, ρ_kx_obj=0.34, ρ_kx_fin=+0.334 -> frac=0.044 | t(attrs)=0.070s, t(frac)=0.002s
[2025-11-07T12:07:17-03:00] <k>=5.20, p=0.005205, px1=0.10, r_kk_obj=-0.50, r_kk_fin=-0.485, ρ_kx_obj=0.43, ρ_kx_fin=+0.420 -> frac=0.064 | t(attrs)=0.089s, t(frac)=0.002s
[2025-11-07T12:07:17-03:00] <k>=5.20, p=0.005205, px1=0.10, r_kk_obj=-0.50, r_kk_fin=-0.485, ρ_kx_obj=0.51, ρ_kx_fin=+0.508 -> frac=0.087 | t(attrs)=0.190s, t(frac)=0.002s
[2025-11-07T12:07:17-03:00] <k>=5.20, p=0.005205, px1=0.10, r_kk_obj=-0.50, r_kk_fin=-0.485, ρ_kx_obj=0.60, ρ_kx_fin=+0.591 -> frac=0.106 | t(attrs)=0.689s, t(frac)=0.002s
[2025-11-07T12:07:17-03:00] Curva lista: <k>=5.20, px1=0.10, r_kk_obj=-0.50, r_kk_fin=-0.485, p=0.005205, t_curva=44.98s (t_gen=0.06s, t_rew=43.79s, t_rho_total=1.13s; t_attrs=1.11s, t_frac=0.02s)
[2025-11-07T12:07:18-03:00] Generada red ER: N=1000, <k>_obj=5.20, p=0.005205, L=2603, tiempo=0.064s
[2025-11-07T12:07:18-03:00] Rewire r_kk: objetivo=-0.50, alcanzado=-0.485, |Δ|=0.015, iters=2716, tiempo=44.303s
[2025-11-07T12:07:18-03:00] <k>=5.20, p=0.005205, px1=0.20, r_kk_obj=-0.50, r_kk_fin=-0.485, ρ_kx_obj=0.00, ρ_kx_fin=-0.009 -> frac=0.041 | t(attrs)=0.001s, t(frac)=0.002s
[2025-11-07T12:07:18-03:00] <k>=5.20, p=0.005205, px1=0.20, r_kk_obj=-0.50, r_kk_fin=-0.485, ρ_kx_obj=0.09, ρ_kx_fin=+0.080 -> frac=0.060 | t(attrs)=0.021s, t(frac)=0.002s
[2025-11-07T12:07:18-03:00] <k>=5.20, p=0.005205, px1=0.20, r_kk_obj=-0.50, r_kk_fin=-0.485, ρ_kx_obj=0.17, ρ_kx_fin=+0.163 -> frac=0.085 | t(attrs)=0.024s, t(frac)=0.002s
[2025-11-07T12:07:18-03:00] <k>=5.20, p=0.005205, px1=0.20, r_kk_obj=-0.50, r_kk_fin=-0.485, ρ_kx_obj=0.26, ρ_kx_fin=+0.248 -> frac=0.102 | t(attrs)=0.044s, t(frac)=0.002s
[2025-11-07T12:07:18-03:00] <k>=5.20, p=0.005205, px1=0.20, r_kk_obj=-0.50, r_kk_fin=-0.485, ρ_kx_obj=0.34, ρ_kx_fin=+0.342 -> frac=0.130 | t(attrs)=0.062s, t(frac)=0.002s
[2025-11-07T12:07:18-03:00] <k>=5.20, p=0.005205, px1=0.20, r_kk_obj=-0.50, r_kk_fin=-0.485, ρ_kx_obj=0.43, ρ_kx_fin=+0.419 -> frac=0.153 | t(attrs)=0.090s, t(frac)=0.002s
[2025-11-07T12:07:18-03:00] <k>=5.20, p=0.005205, px1=0.20, r_kk_obj=-0.50, r_kk_fin=-0.485, ρ_kx_obj=0.51, ρ_kx_fin=+0.507 -> frac=0.206 | t(attrs)=0.154s, t(frac)=0.002s
[2025-11-07T12:07:18-03:00] <k>=5.20, p=0.005205, px1=0.20, r_kk_obj=-0.50, r_kk_fin=-0.485, ρ_kx_obj=0.60, ρ_kx_fin=+0.593 -> frac=0.227 | t(attrs)=0.244s, t(frac)=0.002s
[2025-11-07T12:07:18-03:00] Curva lista: <k>=5.20, px1=0.20, r_kk_obj=-0.50, r_kk_fin=-0.485, p=0.005205, t_curva=45.02s (t_gen=0.06s, t_rew=44.30s, t_rho_total=0.65s; t_attrs=0.64s, t_frac=0.01s)
[2025-11-07T12:07:19-03:00] Generada red ER: N=1000, <k>_obj=5.20, p=0.005205, L=2603, tiempo=0.048s
[2025-11-07T12:07:19-03:00] Rewire r_kk: objetivo=-0.50, alcanzado=-0.485, |Δ|=0.015, iters=2716, tiempo=44.203s
[2025-11-07T12:07:19-03:00] <k>=5.20, p=0.005205, px1=0.05, r_kk_obj=-0.50, r_kk_fin=-0.485, ρ_kx_obj=0.00, ρ_kx_fin=+0.010 -> frac=0.002 | t(attrs)=0.001s, t(frac)=0.002s
[2025-11-07T12:07:19-03:00] <k>=5.20, p=0.005205, px1=0.05, r_kk_obj=-0.50, r_kk_fin=-0.485, ρ_kx_obj=0.09, ρ_kx_fin=+0.079 -> frac=0.002 | t(attrs)=0.009s, t(frac)=0.002s
[2025-11-07T12:07:19-03:00] <k>=5.20, p=0.005205, px1=0.05, r_kk_obj=-0.50, r_kk_fin=-0.485, ρ_kx_obj=0.17, ρ_kx_fin=+0.162 -> frac=0.007 | t(attrs)=0.021s, t(frac)=0.003s
[2025-11-07T12:07:19-03:00] <k>=5.20, p=0.005205, px1=0.05, r_kk_obj=-0.50, r_kk_fin=-0.485, ρ_kx_obj=0.26, ρ_kx_fin=+0.248 -> frac=0.017 | t(attrs)=0.036s, t(frac)=0.002s
[2025-11-07T12:07:19-03:00] <k>=5.20, p=0.005205, px1=0.05, r_kk_obj=-0.50, r_kk_fin=-0.485, ρ_kx_obj=0.34, ρ_kx_fin=+0.336 -> frac=0.024 | t(attrs)=0.079s, t(frac)=0.002s
[2025-11-07T12:07:19-03:00] <k>=5.20, p=0.005205, px1=0.05, r_kk_obj=-0.50, r_kk_fin=-0.485, ρ_kx_obj=0.43, ρ_kx_fin=+0.423 -> frac=0.035 | t(attrs)=0.205s, t(frac)=0.002s
[2025-11-07T12:07:19-03:00] <k>=5.20, p=0.005205, px1=0.05, r_kk_obj=-0.50, r_kk_fin=-0.485, ρ_kx_obj=0.51, ρ_kx_fin=+0.505 -> frac=0.045 | t(attrs)=0.787s, t(frac)=0.002s
[2025-11-07T12:07:19-03:00] <k>=5.20, p=0.005205, px1=0.05, r_kk_obj=-0.50, r_kk_fin=-0.485, ρ_kx_obj=0.60, ρ_kx_fin=+0.517 -> frac=0.053 | t(attrs)=1.814s, t(frac)=0.002s
[2025-11-07T12:07:19-03:00] Curva lista: <k>=5.20, px1=0.05, r_kk_obj=-0.50, r_kk_fin=-0.485, p=0.005205, t_curva=47.22s (t_gen=0.05s, t_rew=44.20s, t_rho_total=2.97s; t_attrs=2.95s, t_frac=0.02s)
[2025-11-07T12:07:19-03:00] Generando figura...
[2025-11-07T12:07:21-03:00] Figuras guardadas en: run-e2r\251107120629_N1000\fig3_ER.png y run-e2r\251107120629_N1000\fig3_ER.pdf
[2025-11-07T12:07:21-03:00] Fin experimento Fig3-ER | tiempo total=51.59s (~0.86 min) | carpeta=run-e2r\251107120629_N1000
