[2025-11-07T12:39:28-03:00] Ejecutando script: Erdos-Renyi-v2.py | ruta=C:\Users\dcaceres\Documents\Magister\Trimestre 2\CS Redes\Tarea 2\python\Erdos-Renyi-v2.py
[2025-11-07T12:39:28-03:00] Inicio experimento Fig3-ER (paralelo por procesos) | carpeta=run-e2r\251107123928_N1000
[2025-11-07T12:39:28-03:00] Procesos: usados=18, cpu_count=22
[2025-11-07T12:39:28-03:00] Parámetros: N=1000, <k>=[5.2, 2.5], px1=[0.05, 0.1, 0.2, 0.5], r_kk=[-0.5, 0.0, 0.5], ρ_kx=[np.float64(0.0), np.float64(0.11), np.float64(0.23), np.float64(0.34), np.float64(0.46), np.float64(0.57), np.float64(0.69), np.float64(0.8)], seed=12021974
[2025-11-07T12:39:50-03:00] Generada red ER: N=1000, <k>_obj=5.20, p=0.005205, L=2603, tiempo=0.121s
[2025-11-07T12:39:50-03:00] Rewire r_kk: objetivo=+0.00, alcanzado=-0.001, |Δ|=0.001, iters=0, tiempo=0.019s
[2025-11-07T12:39:50-03:00] <k>=5.20, p=0.005205, px1=0.20, r_kk_obj=+0.00, r_kk_fin=-0.001, ρ_kx_obj=0.00, ρ_kx_fin=-0.008 -> frac=0.044 | t(attrs)=0.008s, t(frac)=0.006s
[2025-11-07T12:39:50-03:00] <k>=5.20, p=0.005205, px1=0.20, r_kk_obj=+0.00, r_kk_fin=-0.001, ρ_kx_obj=0.11, ρ_kx_fin=+0.105 -> frac=0.061 | t(attrs)=0.049s, t(frac)=0.006s
[2025-11-07T12:39:50-03:00] <k>=5.20, p=0.005205, px1=0.20, r_kk_obj=+0.00, r_kk_fin=-0.001, ρ_kx_obj=0.23, ρ_kx_fin=+0.220 -> frac=0.066 | t(attrs)=0.160s, t(frac)=0.006s
[2025-11-07T12:39:50-03:00] <k>=5.20, p=0.005205, px1=0.20, r_kk_obj=+0.00, r_kk_fin=-0.001, ρ_kx_obj=0.34, ρ_kx_fin=+0.333 -> frac=0.085 | t(attrs)=0.307s, t(frac)=0.029s
[2025-11-07T12:39:50-03:00] <k>=5.20, p=0.005205, px1=0.20, r_kk_obj=+0.00, r_kk_fin=-0.001, ρ_kx_obj=0.46, ρ_kx_fin=+0.448 -> frac=0.108 | t(attrs)=0.517s, t(frac)=0.006s
[2025-11-07T12:39:50-03:00] <k>=5.20, p=0.005205, px1=0.20, r_kk_obj=+0.00, r_kk_fin=-0.001, ρ_kx_obj=0.57, ρ_kx_fin=+0.562 -> frac=0.116 | t(attrs)=1.055s, t(frac)=0.009s
[2025-11-07T12:39:50-03:00] <k>=5.20, p=0.005205, px1=0.20, r_kk_obj=+0.00, r_kk_fin=-0.001, ρ_kx_obj=0.69, ρ_kx_fin=+0.677 -> frac=0.138 | t(attrs)=2.386s, t(frac)=0.006s
[2025-11-07T12:39:50-03:00] <k>=5.20, p=0.005205, px1=0.20, r_kk_obj=+0.00, r_kk_fin=-0.001, ρ_kx_obj=0.80, ρ_kx_fin=+0.731 -> frac=0.147 | t(attrs)=9.049s, t(frac)=0.007s
[2025-11-07T12:39:50-03:00] Curva lista: <k>=5.20, px1=0.20, r_kk_obj=+0.00, r_kk_fin=-0.001, p=0.005205, t_curva=13.75s (t_gen=0.12s, t_rew=0.02s, t_rho_total=13.61s; t_attrs=13.53s, t_frac=0.08s)
[2025-11-07T12:39:50-03:00] Generada red ER: N=1000, <k>_obj=5.20, p=0.005205, L=2603, tiempo=0.141s
[2025-11-07T12:39:50-03:00] Rewire r_kk: objetivo=+0.00, alcanzado=-0.001, |Δ|=0.001, iters=0, tiempo=0.037s
[2025-11-07T12:39:50-03:00] <k>=5.20, p=0.005205, px1=0.50, r_kk_obj=+0.00, r_kk_fin=-0.001, ρ_kx_obj=0.00, ρ_kx_fin=-0.010 -> frac=0.414 | t(attrs)=0.034s, t(frac)=0.008s
[2025-11-07T12:39:50-03:00] <k>=5.20, p=0.005205, px1=0.50, r_kk_obj=+0.00, r_kk_fin=-0.001, ρ_kx_obj=0.11, ρ_kx_fin=+0.105 -> frac=0.464 | t(attrs)=0.117s, t(frac)=0.006s
[2025-11-07T12:39:50-03:00] <k>=5.20, p=0.005205, px1=0.50, r_kk_obj=+0.00, r_kk_fin=-0.001, ρ_kx_obj=0.23, ρ_kx_fin=+0.219 -> frac=0.491 | t(attrs)=0.207s, t(frac)=0.014s
[2025-11-07T12:39:50-03:00] <k>=5.20, p=0.005205, px1=0.50, r_kk_obj=+0.00, r_kk_fin=-0.001, ρ_kx_obj=0.34, ρ_kx_fin=+0.334 -> frac=0.548 | t(attrs)=0.426s, t(frac)=0.006s
[2025-11-07T12:39:50-03:00] <k>=5.20, p=0.005205, px1=0.50, r_kk_obj=+0.00, r_kk_fin=-0.001, ρ_kx_obj=0.46, ρ_kx_fin=+0.449 -> frac=0.578 | t(attrs)=0.529s, t(frac)=0.009s
[2025-11-07T12:39:50-03:00] <k>=5.20, p=0.005205, px1=0.50, r_kk_obj=+0.00, r_kk_fin=-0.001, ρ_kx_obj=0.57, ρ_kx_fin=+0.562 -> frac=0.638 | t(attrs)=1.130s, t(frac)=0.006s
[2025-11-07T12:39:50-03:00] <k>=5.20, p=0.005205, px1=0.50, r_kk_obj=+0.00, r_kk_fin=-0.001, ρ_kx_obj=0.69, ρ_kx_fin=+0.676 -> frac=0.684 | t(attrs)=1.618s, t(frac)=0.006s
[2025-11-07T12:39:50-03:00] <k>=5.20, p=0.005205, px1=0.50, r_kk_obj=+0.00, r_kk_fin=-0.001, ρ_kx_obj=0.80, ρ_kx_fin=+0.775 -> frac=0.711 | t(attrs)=9.303s, t(frac)=0.004s
[2025-11-07T12:39:50-03:00] Curva lista: <k>=5.20, px1=0.50, r_kk_obj=+0.00, r_kk_fin=-0.001, p=0.005205, t_curva=13.60s (t_gen=0.14s, t_rew=0.04s, t_rho_total=13.42s; t_attrs=13.36s, t_frac=0.06s)
[2025-11-07T12:39:56-03:00] Generada red ER: N=1000, <k>_obj=5.20, p=0.005205, L=2603, tiempo=0.125s
[2025-11-07T12:39:56-03:00] Rewire r_kk: objetivo=+0.00, alcanzado=-0.001, |Δ|=0.001, iters=0, tiempo=0.025s
[2025-11-07T12:39:56-03:00] <k>=5.20, p=0.005205, px1=0.10, r_kk_obj=+0.00, r_kk_fin=-0.001, ρ_kx_obj=0.00, ρ_kx_fin=-0.007 -> frac=0.008 | t(attrs)=0.006s, t(frac)=0.006s
[2025-11-07T12:39:56-03:00] <k>=5.20, p=0.005205, px1=0.10, r_kk_obj=+0.00, r_kk_fin=-0.001, ρ_kx_obj=0.11, ρ_kx_fin=+0.107 -> frac=0.013 | t(attrs)=0.043s, t(frac)=0.006s
[2025-11-07T12:39:56-03:00] <k>=5.20, p=0.005205, px1=0.10, r_kk_obj=+0.00, r_kk_fin=-0.001, ρ_kx_obj=0.23, ρ_kx_fin=+0.220 -> frac=0.016 | t(attrs)=0.124s, t(frac)=0.006s
[2025-11-07T12:39:56-03:00] <k>=5.20, p=0.005205, px1=0.10, r_kk_obj=+0.00, r_kk_fin=-0.001, ρ_kx_obj=0.34, ρ_kx_fin=+0.335 -> frac=0.023 | t(attrs)=0.196s, t(frac)=0.003s
[2025-11-07T12:39:56-03:00] <k>=5.20, p=0.005205, px1=0.10, r_kk_obj=+0.00, r_kk_fin=-0.001, ρ_kx_obj=0.46, ρ_kx_fin=+0.454 -> frac=0.031 | t(attrs)=0.385s, t(frac)=0.005s
[2025-11-07T12:39:56-03:00] <k>=5.20, p=0.005205, px1=0.10, r_kk_obj=+0.00, r_kk_fin=-0.001, ρ_kx_obj=0.57, ρ_kx_fin=+0.562 -> frac=0.029 | t(attrs)=1.597s, t(frac)=0.009s
[2025-11-07T12:39:56-03:00] <k>=5.20, p=0.005205, px1=0.10, r_kk_obj=+0.00, r_kk_fin=-0.001, ρ_kx_obj=0.69, ρ_kx_fin=+0.628 -> frac=0.040 | t(attrs)=8.943s, t(frac)=0.010s
[2025-11-07T12:39:56-03:00] <k>=5.20, p=0.005205, px1=0.10, r_kk_obj=+0.00, r_kk_fin=-0.001, ρ_kx_obj=0.80, ρ_kx_fin=+0.628 -> frac=0.030 | t(attrs)=9.181s, t(frac)=0.006s
[2025-11-07T12:39:56-03:00] Curva lista: <k>=5.20, px1=0.10, r_kk_obj=+0.00, r_kk_fin=-0.001, p=0.005205, t_curva=20.68s (t_gen=0.12s, t_rew=0.02s, t_rho_total=20.53s; t_attrs=20.48s, t_frac=0.05s)
[2025-11-07T12:40:03-03:00] Generada red ER: N=1000, <k>_obj=2.50, p=0.002503, L=1286, tiempo=0.135s
[2025-11-07T12:40:03-03:00] Rewire r_kk: objetivo=+0.00, alcanzado=+0.014, |Δ|=0.014, iters=34, tiempo=1.121s
[2025-11-07T12:40:03-03:00] <k>=2.50, p=0.002503, px1=0.10, r_kk_obj=+0.00, r_kk_fin=+0.014, ρ_kx_obj=0.00, ρ_kx_fin=+0.008 -> frac=0.033 | t(attrs)=0.016s, t(frac)=0.011s
[2025-11-07T12:40:03-03:00] <k>=2.50, p=0.002503, px1=0.10, r_kk_obj=+0.00, r_kk_fin=+0.014, ρ_kx_obj=0.11, ρ_kx_fin=+0.105 -> frac=0.031 | t(attrs)=0.113s, t(frac)=0.017s
[2025-11-07T12:40:03-03:00] <k>=2.50, p=0.002503, px1=0.10, r_kk_obj=+0.00, r_kk_fin=+0.014, ρ_kx_obj=0.23, ρ_kx_fin=+0.219 -> frac=0.048 | t(attrs)=0.083s, t(frac)=0.005s
[2025-11-07T12:40:03-03:00] <k>=2.50, p=0.002503, px1=0.10, r_kk_obj=+0.00, r_kk_fin=+0.014, ρ_kx_obj=0.34, ρ_kx_fin=+0.339 -> frac=0.067 | t(attrs)=0.606s, t(frac)=0.015s
[2025-11-07T12:40:03-03:00] <k>=2.50, p=0.002503, px1=0.10, r_kk_obj=+0.00, r_kk_fin=+0.014, ρ_kx_obj=0.46, ρ_kx_fin=+0.449 -> frac=0.079 | t(attrs)=0.487s, t(frac)=0.006s
[2025-11-07T12:40:03-03:00] <k>=2.50, p=0.002503, px1=0.10, r_kk_obj=+0.00, r_kk_fin=+0.014, ρ_kx_obj=0.57, ρ_kx_fin=+0.563 -> frac=0.097 | t(attrs)=1.086s, t(frac)=0.005s
[2025-11-07T12:40:03-03:00] <k>=2.50, p=0.002503, px1=0.10, r_kk_obj=+0.00, r_kk_fin=+0.014, ρ_kx_obj=0.69, ρ_kx_fin=+0.639 -> frac=0.096 | t(attrs)=11.919s, t(frac)=0.005s
[2025-11-07T12:40:03-03:00] <k>=2.50, p=0.002503, px1=0.10, r_kk_obj=+0.00, r_kk_fin=+0.014, ρ_kx_obj=0.80, ρ_kx_fin=+0.643 -> frac=0.093 | t(attrs)=10.857s, t(frac)=0.012s
[2025-11-07T12:40:03-03:00] Curva lista: <k>=2.50, px1=0.10, r_kk_obj=+0.00, r_kk_fin=+0.014, p=0.002503, t_curva=26.50s (t_gen=0.13s, t_rew=1.12s, t_rho_total=25.24s; t_attrs=25.17s, t_frac=0.07s)
[2025-11-07T12:40:08-03:00] Generada red ER: N=1000, <k>_obj=2.50, p=0.002503, L=1286, tiempo=0.113s
[2025-11-07T12:40:08-03:00] Rewire r_kk: objetivo=+0.00, alcanzado=+0.014, |Δ|=0.014, iters=34, tiempo=1.086s
[2025-11-07T12:40:08-03:00] <k>=2.50, p=0.002503, px1=0.20, r_kk_obj=+0.00, r_kk_fin=+0.014, ρ_kx_obj=0.00, ρ_kx_fin=+0.004 -> frac=0.075 | t(attrs)=0.001s, t(frac)=0.014s
[2025-11-07T12:40:08-03:00] <k>=2.50, p=0.002503, px1=0.20, r_kk_obj=+0.00, r_kk_fin=+0.014, ρ_kx_obj=0.11, ρ_kx_fin=+0.105 -> frac=0.088 | t(attrs)=0.045s, t(frac)=0.003s
[2025-11-07T12:40:08-03:00] <k>=2.50, p=0.002503, px1=0.20, r_kk_obj=+0.00, r_kk_fin=+0.014, ρ_kx_obj=0.23, ρ_kx_fin=+0.219 -> frac=0.118 | t(attrs)=0.147s, t(frac)=0.007s
[2025-11-07T12:40:08-03:00] <k>=2.50, p=0.002503, px1=0.20, r_kk_obj=+0.00, r_kk_fin=+0.014, ρ_kx_obj=0.34, ρ_kx_fin=+0.338 -> frac=0.137 | t(attrs)=0.581s, t(frac)=0.008s
[2025-11-07T12:40:08-03:00] <k>=2.50, p=0.002503, px1=0.20, r_kk_obj=+0.00, r_kk_fin=+0.014, ρ_kx_obj=0.46, ρ_kx_fin=+0.449 -> frac=0.177 | t(attrs)=0.717s, t(frac)=0.005s
[2025-11-07T12:40:08-03:00] <k>=2.50, p=0.002503, px1=0.20, r_kk_obj=+0.00, r_kk_fin=+0.014, ρ_kx_obj=0.57, ρ_kx_fin=+0.562 -> frac=0.197 | t(attrs)=0.789s, t(frac)=0.005s
[2025-11-07T12:40:08-03:00] <k>=2.50, p=0.002503, px1=0.20, r_kk_obj=+0.00, r_kk_fin=+0.014, ρ_kx_obj=0.69, ρ_kx_fin=+0.676 -> frac=0.210 | t(attrs)=2.643s, t(frac)=0.005s
[2025-11-07T12:40:08-03:00] <k>=2.50, p=0.002503, px1=0.20, r_kk_obj=+0.00, r_kk_fin=+0.014, ρ_kx_obj=0.80, ρ_kx_fin=+0.722 -> frac=0.242 | t(attrs)=11.397s, t(frac)=0.006s
[2025-11-07T12:40:08-03:00] Curva lista: <k>=2.50, px1=0.20, r_kk_obj=+0.00, r_kk_fin=+0.014, p=0.002503, t_curva=17.58s (t_gen=0.11s, t_rew=1.09s, t_rho_total=16.37s; t_attrs=16.32s, t_frac=0.05s)
[2025-11-07T12:40:08-03:00] Generada red ER: N=1000, <k>_obj=5.20, p=0.005205, L=2603, tiempo=0.091s
[2025-11-07T12:40:08-03:00] Rewire r_kk: objetivo=+0.00, alcanzado=-0.001, |Δ|=0.001, iters=0, tiempo=0.021s
[2025-11-07T12:40:08-03:00] <k>=5.20, p=0.005205, px1=0.05, r_kk_obj=+0.00, r_kk_fin=-0.001, ρ_kx_obj=0.00, ρ_kx_fin=-0.009 -> frac=0.000 | t(attrs)=0.021s, t(frac)=0.006s
[2025-11-07T12:40:08-03:00] <k>=5.20, p=0.005205, px1=0.05, r_kk_obj=+0.00, r_kk_fin=-0.001, ρ_kx_obj=0.11, ρ_kx_fin=+0.105 -> frac=0.001 | t(attrs)=0.031s, t(frac)=0.005s
[2025-11-07T12:40:08-03:00] <k>=5.20, p=0.005205, px1=0.05, r_kk_obj=+0.00, r_kk_fin=-0.001, ρ_kx_obj=0.23, ρ_kx_fin=+0.222 -> frac=0.010 | t(attrs)=0.122s, t(frac)=0.005s
[2025-11-07T12:40:08-03:00] <k>=5.20, p=0.005205, px1=0.05, r_kk_obj=+0.00, r_kk_fin=-0.001, ρ_kx_obj=0.34, ρ_kx_fin=+0.334 -> frac=0.006 | t(attrs)=0.274s, t(frac)=0.006s
[2025-11-07T12:40:08-03:00] <k>=5.20, p=0.005205, px1=0.05, r_kk_obj=+0.00, r_kk_fin=-0.001, ρ_kx_obj=0.46, ρ_kx_fin=+0.448 -> frac=0.011 | t(attrs)=0.845s, t(frac)=0.005s
[2025-11-07T12:40:08-03:00] <k>=5.20, p=0.005205, px1=0.05, r_kk_obj=+0.00, r_kk_fin=-0.001, ρ_kx_obj=0.57, ρ_kx_fin=+0.515 -> frac=0.009 | t(attrs)=9.595s, t(frac)=0.006s
[2025-11-07T12:40:08-03:00] <k>=5.20, p=0.005205, px1=0.05, r_kk_obj=+0.00, r_kk_fin=-0.001, ρ_kx_obj=0.69, ρ_kx_fin=+0.517 -> frac=0.009 | t(attrs)=9.997s, t(frac)=0.011s
[2025-11-07T12:40:08-03:00] <k>=5.20, p=0.005205, px1=0.05, r_kk_obj=+0.00, r_kk_fin=-0.001, ρ_kx_obj=0.80, ρ_kx_fin=+0.515 -> frac=0.010 | t(attrs)=12.188s, t(frac)=0.011s
[2025-11-07T12:40:08-03:00] Curva lista: <k>=5.20, px1=0.05, r_kk_obj=+0.00, r_kk_fin=-0.001, p=0.005205, t_curva=33.24s (t_gen=0.09s, t_rew=0.02s, t_rho_total=33.13s; t_attrs=33.07s, t_frac=0.06s)
[2025-11-07T12:40:15-03:00] Generada red ER: N=1000, <k>_obj=2.50, p=0.002503, L=1286, tiempo=0.122s
[2025-11-07T12:40:15-03:00] Rewire r_kk: objetivo=+0.00, alcanzado=+0.014, |Δ|=0.014, iters=34, tiempo=1.471s
[2025-11-07T12:40:15-03:00] <k>=2.50, p=0.002503, px1=0.05, r_kk_obj=+0.00, r_kk_fin=+0.014, ρ_kx_obj=0.00, ρ_kx_fin=-0.002 -> frac=0.016 | t(attrs)=0.003s, t(frac)=0.009s
[2025-11-07T12:40:15-03:00] <k>=2.50, p=0.002503, px1=0.05, r_kk_obj=+0.00, r_kk_fin=+0.014, ρ_kx_obj=0.11, ρ_kx_fin=+0.106 -> frac=0.016 | t(attrs)=0.048s, t(frac)=0.013s
[2025-11-07T12:40:15-03:00] <k>=2.50, p=0.002503, px1=0.05, r_kk_obj=+0.00, r_kk_fin=+0.014, ρ_kx_obj=0.23, ρ_kx_fin=+0.219 -> frac=0.020 | t(attrs)=0.179s, t(frac)=0.004s
[2025-11-07T12:40:15-03:00] <k>=2.50, p=0.002503, px1=0.05, r_kk_obj=+0.00, r_kk_fin=+0.014, ρ_kx_obj=0.34, ρ_kx_fin=+0.335 -> frac=0.031 | t(attrs)=0.367s, t(frac)=0.005s
[2025-11-07T12:40:15-03:00] <k>=2.50, p=0.002503, px1=0.05, r_kk_obj=+0.00, r_kk_fin=+0.014, ρ_kx_obj=0.46, ρ_kx_fin=+0.451 -> frac=0.040 | t(attrs)=1.174s, t(frac)=0.007s
[2025-11-07T12:40:15-03:00] <k>=2.50, p=0.002503, px1=0.05, r_kk_obj=+0.00, r_kk_fin=+0.014, ρ_kx_obj=0.57, ρ_kx_fin=+0.532 -> frac=0.034 | t(attrs)=11.678s, t(frac)=0.005s
[2025-11-07T12:40:15-03:00] <k>=2.50, p=0.002503, px1=0.05, r_kk_obj=+0.00, r_kk_fin=+0.014, ρ_kx_obj=0.69, ρ_kx_fin=+0.527 -> frac=0.035 | t(attrs)=13.465s, t(frac)=0.010s
[2025-11-07T12:40:15-03:00] <k>=2.50, p=0.002503, px1=0.05, r_kk_obj=+0.00, r_kk_fin=+0.014, ρ_kx_obj=0.80, ρ_kx_fin=+0.532 -> frac=0.037 | t(attrs)=9.366s, t(frac)=0.010s
[2025-11-07T12:40:15-03:00] Curva lista: <k>=2.50, px1=0.05, r_kk_obj=+0.00, r_kk_fin=+0.014, p=0.002503, t_curva=37.94s (t_gen=0.12s, t_rew=1.47s, t_rho_total=36.34s; t_attrs=36.28s, t_frac=0.06s)
[2025-11-07T12:40:23-03:00] Generada red ER: N=1000, <k>_obj=2.50, p=0.002503, L=1286, tiempo=0.153s
[2025-11-07T12:40:23-03:00] Rewire r_kk: objetivo=+0.00, alcanzado=+0.014, |Δ|=0.014, iters=34, tiempo=1.047s
[2025-11-07T12:40:23-03:00] <k>=2.50, p=0.002503, px1=0.50, r_kk_obj=+0.00, r_kk_fin=+0.014, ρ_kx_obj=0.00, ρ_kx_fin=+0.009 -> frac=0.380 | t(attrs)=0.052s, t(frac)=0.013s
[2025-11-07T12:40:23-03:00] <k>=2.50, p=0.002503, px1=0.50, r_kk_obj=+0.00, r_kk_fin=+0.014, ρ_kx_obj=0.11, ρ_kx_fin=+0.105 -> frac=0.414 | t(attrs)=0.300s, t(frac)=0.019s
[2025-11-07T12:40:23-03:00] <k>=2.50, p=0.002503, px1=0.50, r_kk_obj=+0.00, r_kk_fin=+0.014, ρ_kx_obj=0.23, ρ_kx_fin=+0.219 -> frac=0.440 | t(attrs)=0.315s, t(frac)=0.003s
[2025-11-07T12:40:23-03:00] <k>=2.50, p=0.002503, px1=0.50, r_kk_obj=+0.00, r_kk_fin=+0.014, ρ_kx_obj=0.34, ρ_kx_fin=+0.338 -> frac=0.506 | t(attrs)=0.302s, t(frac)=0.007s
[2025-11-07T12:40:23-03:00] <k>=2.50, p=0.002503, px1=0.50, r_kk_obj=+0.00, r_kk_fin=+0.014, ρ_kx_obj=0.46, ρ_kx_fin=+0.448 -> frac=0.549 | t(attrs)=1.346s, t(frac)=0.005s
[2025-11-07T12:40:23-03:00] <k>=2.50, p=0.002503, px1=0.50, r_kk_obj=+0.00, r_kk_fin=+0.014, ρ_kx_obj=0.57, ρ_kx_fin=+0.562 -> frac=0.592 | t(attrs)=1.090s, t(frac)=0.005s
[2025-11-07T12:40:23-03:00] <k>=2.50, p=0.002503, px1=0.50, r_kk_obj=+0.00, r_kk_fin=+0.014, ρ_kx_obj=0.69, ρ_kx_fin=+0.677 -> frac=0.636 | t(attrs)=1.511s, t(frac)=0.005s
[2025-11-07T12:40:23-03:00] <k>=2.50, p=0.002503, px1=0.50, r_kk_obj=+0.00, r_kk_fin=+0.014, ρ_kx_obj=0.80, ρ_kx_fin=+0.787 -> frac=0.671 | t(attrs)=9.041s, t(frac)=0.006s
[2025-11-07T12:40:23-03:00] Curva lista: <k>=2.50, px1=0.50, r_kk_obj=+0.00, r_kk_fin=+0.014, p=0.002503, t_curva=15.22s (t_gen=0.15s, t_rew=1.05s, t_rho_total=14.02s; t_attrs=13.96s, t_frac=0.06s)
[2025-11-07T12:40:43-03:00] Generada red ER: N=1000, <k>_obj=2.50, p=0.002503, L=1286, tiempo=0.118s
[2025-11-07T12:40:43-03:00] Rewire r_kk: objetivo=+0.50, alcanzado=+0.485, |Δ|=0.015, iters=1090, tiempo=45.618s
[2025-11-07T12:40:43-03:00] <k>=2.50, p=0.002503, px1=0.10, r_kk_obj=+0.50, r_kk_fin=+0.485, ρ_kx_obj=0.00, ρ_kx_fin=+0.008 -> frac=0.025 | t(attrs)=0.003s, t(frac)=0.004s
[2025-11-07T12:40:43-03:00] <k>=2.50, p=0.002503, px1=0.10, r_kk_obj=+0.50, r_kk_fin=+0.485, ρ_kx_obj=0.11, ρ_kx_fin=+0.107 -> frac=0.032 | t(attrs)=0.056s, t(frac)=0.009s
[2025-11-07T12:40:43-03:00] <k>=2.50, p=0.002503, px1=0.10, r_kk_obj=+0.50, r_kk_fin=+0.485, ρ_kx_obj=0.23, ρ_kx_fin=+0.221 -> frac=0.047 | t(attrs)=0.158s, t(frac)=0.005s
[2025-11-07T12:40:43-03:00] <k>=2.50, p=0.002503, px1=0.10, r_kk_obj=+0.50, r_kk_fin=+0.485, ρ_kx_obj=0.34, ρ_kx_fin=+0.335 -> frac=0.028 | t(attrs)=0.192s, t(frac)=0.005s
[2025-11-07T12:40:43-03:00] <k>=2.50, p=0.002503, px1=0.10, r_kk_obj=+0.50, r_kk_fin=+0.485, ρ_kx_obj=0.46, ρ_kx_fin=+0.449 -> frac=0.050 | t(attrs)=0.691s, t(frac)=0.011s
[2025-11-07T12:40:43-03:00] <k>=2.50, p=0.002503, px1=0.10, r_kk_obj=+0.50, r_kk_fin=+0.485, ρ_kx_obj=0.57, ρ_kx_fin=+0.563 -> frac=0.060 | t(attrs)=1.357s, t(frac)=0.006s
[2025-11-07T12:40:43-03:00] <k>=2.50, p=0.002503, px1=0.10, r_kk_obj=+0.50, r_kk_fin=+0.485, ρ_kx_obj=0.69, ρ_kx_fin=+0.643 -> frac=0.064 | t(attrs)=8.859s, t(frac)=0.005s
[2025-11-07T12:40:43-03:00] <k>=2.50, p=0.002503, px1=0.10, r_kk_obj=+0.50, r_kk_fin=+0.485, ρ_kx_obj=0.80, ρ_kx_fin=+0.639 -> frac=0.059 | t(attrs)=8.999s, t(frac)=0.009s
[2025-11-07T12:40:43-03:00] Curva lista: <k>=2.50, px1=0.10, r_kk_obj=+0.50, r_kk_fin=+0.485, p=0.002503, t_curva=66.11s (t_gen=0.12s, t_rew=45.62s, t_rho_total=20.37s; t_attrs=20.32s, t_frac=0.05s)
[2025-11-07T12:40:53-03:00] Generada red ER: N=1000, <k>_obj=2.50, p=0.002503, L=1286, tiempo=0.125s
[2025-11-07T12:40:53-03:00] Rewire r_kk: objetivo=+0.50, alcanzado=+0.485, |Δ|=0.015, iters=1090, tiempo=45.125s
[2025-11-07T12:40:53-03:00] <k>=2.50, p=0.002503, px1=0.05, r_kk_obj=+0.50, r_kk_fin=+0.485, ρ_kx_obj=0.00, ρ_kx_fin=+0.010 -> frac=0.009 | t(attrs)=0.005s, t(frac)=0.005s
[2025-11-07T12:40:53-03:00] <k>=2.50, p=0.002503, px1=0.05, r_kk_obj=+0.50, r_kk_fin=+0.485, ρ_kx_obj=0.11, ρ_kx_fin=+0.109 -> frac=0.012 | t(attrs)=0.050s, t(frac)=0.006s
[2025-11-07T12:40:53-03:00] <k>=2.50, p=0.002503, px1=0.05, r_kk_obj=+0.50, r_kk_fin=+0.485, ρ_kx_obj=0.23, ρ_kx_fin=+0.219 -> frac=0.013 | t(attrs)=0.088s, t(frac)=0.006s
[2025-11-07T12:40:53-03:00] <k>=2.50, p=0.002503, px1=0.05, r_kk_obj=+0.50, r_kk_fin=+0.485, ρ_kx_obj=0.34, ρ_kx_fin=+0.335 -> frac=0.016 | t(attrs)=0.333s, t(frac)=0.006s
[2025-11-07T12:40:53-03:00] <k>=2.50, p=0.002503, px1=0.05, r_kk_obj=+0.50, r_kk_fin=+0.485, ρ_kx_obj=0.46, ρ_kx_fin=+0.451 -> frac=0.012 | t(attrs)=1.138s, t(frac)=0.005s
[2025-11-07T12:40:53-03:00] <k>=2.50, p=0.002503, px1=0.05, r_kk_obj=+0.50, r_kk_fin=+0.485, ρ_kx_obj=0.57, ρ_kx_fin=+0.529 -> frac=0.022 | t(attrs)=9.148s, t(frac)=0.006s
[2025-11-07T12:40:53-03:00] <k>=2.50, p=0.002503, px1=0.05, r_kk_obj=+0.50, r_kk_fin=+0.485, ρ_kx_obj=0.69, ρ_kx_fin=+0.532 -> frac=0.018 | t(attrs)=10.916s, t(frac)=0.012s
[2025-11-07T12:40:53-03:00] <k>=2.50, p=0.002503, px1=0.05, r_kk_obj=+0.50, r_kk_fin=+0.485, ρ_kx_obj=0.80, ρ_kx_fin=+0.529 -> frac=0.019 | t(attrs)=9.599s, t(frac)=0.007s
[2025-11-07T12:40:53-03:00] Curva lista: <k>=2.50, px1=0.05, r_kk_obj=+0.50, r_kk_fin=+0.485, p=0.002503, t_curva=76.59s (t_gen=0.12s, t_rew=45.13s, t_rho_total=31.33s; t_attrs=31.28s, t_frac=0.05s)
[2025-11-07T12:40:55-03:00] Generada red ER: N=1000, <k>_obj=2.50, p=0.002503, L=1286, tiempo=0.149s
[2025-11-07T12:40:55-03:00] Rewire r_kk: objetivo=+0.50, alcanzado=+0.485, |Δ|=0.015, iters=1090, tiempo=45.009s
[2025-11-07T12:40:55-03:00] <k>=2.50, p=0.002503, px1=0.20, r_kk_obj=+0.50, r_kk_fin=+0.485, ρ_kx_obj=0.00, ρ_kx_fin=+0.009 -> frac=0.073 | t(attrs)=0.012s, t(frac)=0.005s
[2025-11-07T12:40:55-03:00] <k>=2.50, p=0.002503, px1=0.20, r_kk_obj=+0.50, r_kk_fin=+0.485, ρ_kx_obj=0.11, ρ_kx_fin=+0.105 -> frac=0.091 | t(attrs)=0.162s, t(frac)=0.008s
[2025-11-07T12:40:55-03:00] <k>=2.50, p=0.002503, px1=0.20, r_kk_obj=+0.50, r_kk_fin=+0.485, ρ_kx_obj=0.23, ρ_kx_fin=+0.219 -> frac=0.099 | t(attrs)=0.419s, t(frac)=0.005s
[2025-11-07T12:40:55-03:00] <k>=2.50, p=0.002503, px1=0.20, r_kk_obj=+0.50, r_kk_fin=+0.485, ρ_kx_obj=0.34, ρ_kx_fin=+0.336 -> frac=0.107 | t(attrs)=0.277s, t(frac)=0.005s
[2025-11-07T12:40:55-03:00] <k>=2.50, p=0.002503, px1=0.20, r_kk_obj=+0.50, r_kk_fin=+0.485, ρ_kx_obj=0.46, ρ_kx_fin=+0.449 -> frac=0.133 | t(attrs)=0.481s, t(frac)=0.005s
[2025-11-07T12:40:55-03:00] <k>=2.50, p=0.002503, px1=0.20, r_kk_obj=+0.50, r_kk_fin=+0.485, ρ_kx_obj=0.57, ρ_kx_fin=+0.564 -> frac=0.152 | t(attrs)=1.198s, t(frac)=0.010s
[2025-11-07T12:40:55-03:00] <k>=2.50, p=0.002503, px1=0.20, r_kk_obj=+0.50, r_kk_fin=+0.485, ρ_kx_obj=0.69, ρ_kx_fin=+0.678 -> frac=0.185 | t(attrs)=2.165s, t(frac)=0.006s
[2025-11-07T12:40:55-03:00] <k>=2.50, p=0.002503, px1=0.20, r_kk_obj=+0.50, r_kk_fin=+0.485, ρ_kx_obj=0.80, ρ_kx_fin=+0.733 -> frac=0.189 | t(attrs)=8.334s, t(frac)=0.008s
[2025-11-07T12:40:55-03:00] Curva lista: <k>=2.50, px1=0.20, r_kk_obj=+0.50, r_kk_fin=+0.485, p=0.002503, t_curva=58.26s (t_gen=0.15s, t_rew=45.01s, t_rho_total=13.10s; t_attrs=13.05s, t_frac=0.05s)
[2025-11-07T12:40:57-03:00] Generada red ER: N=1000, <k>_obj=2.50, p=0.002503, L=1286, tiempo=0.156s
[2025-11-07T12:40:57-03:00] Rewire r_kk: objetivo=-0.50, alcanzado=-0.485, |Δ|=0.015, iters=1432, tiempo=60.793s
[2025-11-07T12:40:57-03:00] <k>=2.50, p=0.002503, px1=0.10, r_kk_obj=-0.50, r_kk_fin=-0.485, ρ_kx_obj=0.00, ρ_kx_fin=+0.006 -> frac=0.034 | t(attrs)=0.006s, t(frac)=0.005s
[2025-11-07T12:40:57-03:00] <k>=2.50, p=0.002503, px1=0.10, r_kk_obj=-0.50, r_kk_fin=-0.485, ρ_kx_obj=0.11, ρ_kx_fin=+0.107 -> frac=0.048 | t(attrs)=0.038s, t(frac)=0.010s
[2025-11-07T12:40:57-03:00] <k>=2.50, p=0.002503, px1=0.10, r_kk_obj=-0.50, r_kk_fin=-0.485, ρ_kx_obj=0.23, ρ_kx_fin=+0.219 -> frac=0.068 | t(attrs)=0.210s, t(frac)=0.010s
[2025-11-07T12:40:57-03:00] <k>=2.50, p=0.002503, px1=0.10, r_kk_obj=-0.50, r_kk_fin=-0.485, ρ_kx_obj=0.34, ρ_kx_fin=+0.335 -> frac=0.100 | t(attrs)=0.576s, t(frac)=0.005s
[2025-11-07T12:40:57-03:00] <k>=2.50, p=0.002503, px1=0.10, r_kk_obj=-0.50, r_kk_fin=-0.485, ρ_kx_obj=0.46, ρ_kx_fin=+0.449 -> frac=0.113 | t(attrs)=0.718s, t(frac)=0.005s
[2025-11-07T12:40:57-03:00] <k>=2.50, p=0.002503, px1=0.10, r_kk_obj=-0.50, r_kk_fin=-0.485, ρ_kx_obj=0.57, ρ_kx_fin=+0.565 -> frac=0.157 | t(attrs)=1.695s, t(frac)=0.005s
[2025-11-07T12:40:57-03:00] <k>=2.50, p=0.002503, px1=0.10, r_kk_obj=-0.50, r_kk_fin=-0.485, ρ_kx_obj=0.69, ρ_kx_fin=+0.639 -> frac=0.178 | t(attrs)=8.439s, t(frac)=0.009s
[2025-11-07T12:40:57-03:00] <k>=2.50, p=0.002503, px1=0.10, r_kk_obj=-0.50, r_kk_fin=-0.485, ρ_kx_obj=0.80, ρ_kx_fin=+0.643 -> frac=0.180 | t(attrs)=7.638s, t(frac)=0.005s
[2025-11-07T12:40:57-03:00] Curva lista: <k>=2.50, px1=0.10, r_kk_obj=-0.50, r_kk_fin=-0.485, p=0.002503, t_curva=80.33s (t_gen=0.16s, t_rew=60.79s, t_rho_total=19.37s; t_attrs=19.32s, t_frac=0.05s)
[2025-11-07T12:41:01-03:00] Generada red ER: N=1000, <k>_obj=2.50, p=0.002503, L=1286, tiempo=0.238s
[2025-11-07T12:41:01-03:00] Rewire r_kk: objetivo=+0.50, alcanzado=+0.485, |Δ|=0.015, iters=1090, tiempo=41.606s
[2025-11-07T12:41:01-03:00] <k>=2.50, p=0.002503, px1=0.50, r_kk_obj=+0.50, r_kk_fin=+0.485, ρ_kx_obj=0.00, ρ_kx_fin=+0.009 -> frac=0.374 | t(attrs)=0.018s, t(frac)=0.005s
[2025-11-07T12:41:01-03:00] <k>=2.50, p=0.002503, px1=0.50, r_kk_obj=+0.50, r_kk_fin=+0.485, ρ_kx_obj=0.11, ρ_kx_fin=+0.105 -> frac=0.392 | t(attrs)=0.081s, t(frac)=0.005s
[2025-11-07T12:41:01-03:00] <k>=2.50, p=0.002503, px1=0.50, r_kk_obj=+0.50, r_kk_fin=+0.485, ρ_kx_obj=0.23, ρ_kx_fin=+0.220 -> frac=0.444 | t(attrs)=0.159s, t(frac)=0.005s
[2025-11-07T12:41:01-03:00] <k>=2.50, p=0.002503, px1=0.50, r_kk_obj=+0.50, r_kk_fin=+0.485, ρ_kx_obj=0.34, ρ_kx_fin=+0.335 -> frac=0.457 | t(attrs)=0.282s, t(frac)=0.005s
[2025-11-07T12:41:01-03:00] <k>=2.50, p=0.002503, px1=0.50, r_kk_obj=+0.50, r_kk_fin=+0.485, ρ_kx_obj=0.46, ρ_kx_fin=+0.448 -> frac=0.494 | t(attrs)=0.550s, t(frac)=0.007s
[2025-11-07T12:41:01-03:00] <k>=2.50, p=0.002503, px1=0.50, r_kk_obj=+0.50, r_kk_fin=+0.485, ρ_kx_obj=0.57, ρ_kx_fin=+0.562 -> frac=0.531 | t(attrs)=0.926s, t(frac)=0.009s
[2025-11-07T12:41:01-03:00] <k>=2.50, p=0.002503, px1=0.50, r_kk_obj=+0.50, r_kk_fin=+0.485, ρ_kx_obj=0.69, ρ_kx_fin=+0.677 -> frac=0.554 | t(attrs)=2.722s, t(frac)=0.004s
[2025-11-07T12:41:01-03:00] <k>=2.50, p=0.002503, px1=0.50, r_kk_obj=+0.50, r_kk_fin=+0.485, ρ_kx_obj=0.80, ρ_kx_fin=+0.778 -> frac=0.580 | t(attrs)=6.379s, t(frac)=0.005s
[2025-11-07T12:41:01-03:00] Curva lista: <k>=2.50, px1=0.50, r_kk_obj=+0.50, r_kk_fin=+0.485, p=0.002503, t_curva=53.01s (t_gen=0.24s, t_rew=41.61s, t_rho_total=11.16s; t_attrs=11.12s, t_frac=0.05s)
[2025-11-07T12:41:01-03:00] Generada red ER: N=1000, <k>_obj=2.50, p=0.002503, L=1286, tiempo=0.167s
[2025-11-07T12:41:01-03:00] Rewire r_kk: objetivo=-0.50, alcanzado=-0.485, |Δ|=0.015, iters=1432, tiempo=58.514s
[2025-11-07T12:41:01-03:00] <k>=2.50, p=0.002503, px1=0.05, r_kk_obj=-0.50, r_kk_fin=-0.485, ρ_kx_obj=0.00, ρ_kx_fin=-0.002 -> frac=0.010 | t(attrs)=0.002s, t(frac)=0.005s
[2025-11-07T12:41:01-03:00] <k>=2.50, p=0.002503, px1=0.05, r_kk_obj=-0.50, r_kk_fin=-0.485, ρ_kx_obj=0.11, ρ_kx_fin=+0.106 -> frac=0.014 | t(attrs)=0.068s, t(frac)=0.005s
[2025-11-07T12:41:01-03:00] <k>=2.50, p=0.002503, px1=0.05, r_kk_obj=-0.50, r_kk_fin=-0.485, ρ_kx_obj=0.23, ρ_kx_fin=+0.219 -> frac=0.030 | t(attrs)=0.079s, t(frac)=0.005s
[2025-11-07T12:41:01-03:00] <k>=2.50, p=0.002503, px1=0.05, r_kk_obj=-0.50, r_kk_fin=-0.485, ρ_kx_obj=0.34, ρ_kx_fin=+0.338 -> frac=0.048 | t(attrs)=0.633s, t(frac)=0.015s
[2025-11-07T12:41:01-03:00] <k>=2.50, p=0.002503, px1=0.05, r_kk_obj=-0.50, r_kk_fin=-0.485, ρ_kx_obj=0.46, ρ_kx_fin=+0.448 -> frac=0.079 | t(attrs)=1.400s, t(frac)=0.005s
[2025-11-07T12:41:01-03:00] <k>=2.50, p=0.002503, px1=0.05, r_kk_obj=-0.50, r_kk_fin=-0.485, ρ_kx_obj=0.57, ρ_kx_fin=+0.532 -> frac=0.099 | t(attrs)=8.175s, t(frac)=0.007s
[2025-11-07T12:41:01-03:00] <k>=2.50, p=0.002503, px1=0.05, r_kk_obj=-0.50, r_kk_fin=-0.485, ρ_kx_obj=0.69, ρ_kx_fin=+0.529 -> frac=0.093 | t(attrs)=8.737s, t(frac)=0.009s
[2025-11-07T12:41:01-03:00] <k>=2.50, p=0.002503, px1=0.05, r_kk_obj=-0.50, r_kk_fin=-0.485, ρ_kx_obj=0.80, ρ_kx_fin=+0.527 -> frac=0.098 | t(attrs)=6.432s, t(frac)=0.004s
[2025-11-07T12:41:01-03:00] Curva lista: <k>=2.50, px1=0.05, r_kk_obj=-0.50, r_kk_fin=-0.485, p=0.002503, t_curva=84.27s (t_gen=0.17s, t_rew=58.51s, t_rho_total=25.58s; t_attrs=25.53s, t_frac=0.05s)
[2025-11-07T12:41:01-03:00] Generada red ER: N=1000, <k>_obj=2.50, p=0.002503, L=1286, tiempo=0.112s
[2025-11-07T12:41:01-03:00] Rewire r_kk: objetivo=-0.50, alcanzado=-0.485, |Δ|=0.015, iters=1432, tiempo=60.039s
[2025-11-07T12:41:01-03:00] <k>=2.50, p=0.002503, px1=0.20, r_kk_obj=-0.50, r_kk_fin=-0.485, ρ_kx_obj=0.00, ρ_kx_fin=-0.009 -> frac=0.078 | t(attrs)=0.039s, t(frac)=0.004s
[2025-11-07T12:41:01-03:00] <k>=2.50, p=0.002503, px1=0.20, r_kk_obj=-0.50, r_kk_fin=-0.485, ρ_kx_obj=0.11, ρ_kx_fin=+0.105 -> frac=0.096 | t(attrs)=0.082s, t(frac)=0.005s
[2025-11-07T12:41:01-03:00] <k>=2.50, p=0.002503, px1=0.20, r_kk_obj=-0.50, r_kk_fin=-0.485, ρ_kx_obj=0.23, ρ_kx_fin=+0.222 -> frac=0.161 | t(attrs)=0.187s, t(frac)=0.012s
[2025-11-07T12:41:01-03:00] <k>=2.50, p=0.002503, px1=0.20, r_kk_obj=-0.50, r_kk_fin=-0.485, ρ_kx_obj=0.34, ρ_kx_fin=+0.335 -> frac=0.177 | t(attrs)=0.330s, t(frac)=0.006s
[2025-11-07T12:41:01-03:00] <k>=2.50, p=0.002503, px1=0.20, r_kk_obj=-0.50, r_kk_fin=-0.485, ρ_kx_obj=0.46, ρ_kx_fin=+0.450 -> frac=0.206 | t(attrs)=0.441s, t(frac)=0.005s
[2025-11-07T12:41:01-03:00] <k>=2.50, p=0.002503, px1=0.20, r_kk_obj=-0.50, r_kk_fin=-0.485, ρ_kx_obj=0.57, ρ_kx_fin=+0.564 -> frac=0.258 | t(attrs)=1.380s, t(frac)=0.011s
[2025-11-07T12:41:01-03:00] <k>=2.50, p=0.002503, px1=0.20, r_kk_obj=-0.50, r_kk_fin=-0.485, ρ_kx_obj=0.69, ρ_kx_fin=+0.679 -> frac=0.314 | t(attrs)=1.981s, t(frac)=0.004s
[2025-11-07T12:41:01-03:00] <k>=2.50, p=0.002503, px1=0.20, r_kk_obj=-0.50, r_kk_fin=-0.485, ρ_kx_obj=0.80, ρ_kx_fin=+0.732 -> frac=0.336 | t(attrs)=6.242s, t(frac)=0.005s
[2025-11-07T12:41:01-03:00] Curva lista: <k>=2.50, px1=0.20, r_kk_obj=-0.50, r_kk_fin=-0.485, p=0.002503, t_curva=70.89s (t_gen=0.11s, t_rew=60.04s, t_rho_total=10.73s; t_attrs=10.68s, t_frac=0.05s)
[2025-11-07T12:41:05-03:00] Generada red ER: N=1000, <k>_obj=2.50, p=0.002503, L=1286, tiempo=0.181s
[2025-11-07T12:41:05-03:00] Rewire r_kk: objetivo=-0.50, alcanzado=-0.485, |Δ|=0.015, iters=1432, tiempo=54.200s
[2025-11-07T12:41:05-03:00] <k>=2.50, p=0.002503, px1=0.50, r_kk_obj=-0.50, r_kk_fin=-0.485, ρ_kx_obj=0.00, ρ_kx_fin=+0.009 -> frac=0.368 | t(attrs)=0.011s, t(frac)=0.005s
[2025-11-07T12:41:05-03:00] <k>=2.50, p=0.002503, px1=0.50, r_kk_obj=-0.50, r_kk_fin=-0.485, ρ_kx_obj=0.11, ρ_kx_fin=+0.105 -> frac=0.428 | t(attrs)=0.054s, t(frac)=0.004s
[2025-11-07T12:41:05-03:00] <k>=2.50, p=0.002503, px1=0.50, r_kk_obj=-0.50, r_kk_fin=-0.485, ρ_kx_obj=0.23, ρ_kx_fin=+0.219 -> frac=0.477 | t(attrs)=0.181s, t(frac)=0.004s
[2025-11-07T12:41:05-03:00] <k>=2.50, p=0.002503, px1=0.50, r_kk_obj=-0.50, r_kk_fin=-0.485, ρ_kx_obj=0.34, ρ_kx_fin=+0.337 -> frac=0.541 | t(attrs)=0.239s, t(frac)=0.004s
[2025-11-07T12:41:05-03:00] <k>=2.50, p=0.002503, px1=0.50, r_kk_obj=-0.50, r_kk_fin=-0.485, ρ_kx_obj=0.46, ρ_kx_fin=+0.448 -> frac=0.591 | t(attrs)=0.412s, t(frac)=0.005s
[2025-11-07T12:41:05-03:00] <k>=2.50, p=0.002503, px1=0.50, r_kk_obj=-0.50, r_kk_fin=-0.485, ρ_kx_obj=0.57, ρ_kx_fin=+0.562 -> frac=0.636 | t(attrs)=0.634s, t(frac)=0.005s
[2025-11-07T12:41:05-03:00] <k>=2.50, p=0.002503, px1=0.50, r_kk_obj=-0.50, r_kk_fin=-0.485, ρ_kx_obj=0.69, ρ_kx_fin=+0.678 -> frac=0.701 | t(attrs)=1.227s, t(frac)=0.005s
[2025-11-07T12:41:05-03:00] <k>=2.50, p=0.002503, px1=0.50, r_kk_obj=-0.50, r_kk_fin=-0.485, ρ_kx_obj=0.80, ρ_kx_fin=+0.791 -> frac=0.750 | t(attrs)=5.014s, t(frac)=0.004s
[2025-11-07T12:41:05-03:00] Curva lista: <k>=2.50, px1=0.50, r_kk_obj=-0.50, r_kk_fin=-0.485, p=0.002503, t_curva=62.19s (t_gen=0.18s, t_rew=54.20s, t_rho_total=7.81s; t_attrs=7.77s, t_frac=0.04s)
[2025-11-07T12:41:34-03:00] Generada red ER: N=1000, <k>_obj=5.20, p=0.005205, L=2603, tiempo=0.124s
[2025-11-07T12:41:34-03:00] Rewire r_kk: objetivo=+0.50, alcanzado=+0.486, |Δ|=0.014, iters=2433, tiempo=108.370s
[2025-11-07T12:41:34-03:00] <k>=5.20, p=0.005205, px1=0.50, r_kk_obj=+0.50, r_kk_fin=+0.486, ρ_kx_obj=0.00, ρ_kx_fin=+0.006 -> frac=0.417 | t(attrs)=0.001s, t(frac)=0.006s
[2025-11-07T12:41:34-03:00] <k>=5.20, p=0.005205, px1=0.50, r_kk_obj=+0.50, r_kk_fin=+0.486, ρ_kx_obj=0.11, ρ_kx_fin=+0.105 -> frac=0.437 | t(attrs)=0.057s, t(frac)=0.005s
[2025-11-07T12:41:34-03:00] <k>=5.20, p=0.005205, px1=0.50, r_kk_obj=+0.50, r_kk_fin=+0.486, ρ_kx_obj=0.23, ρ_kx_fin=+0.220 -> frac=0.501 | t(attrs)=0.126s, t(frac)=0.006s
[2025-11-07T12:41:34-03:00] <k>=5.20, p=0.005205, px1=0.50, r_kk_obj=+0.50, r_kk_fin=+0.486, ρ_kx_obj=0.34, ρ_kx_fin=+0.341 -> frac=0.522 | t(attrs)=0.300s, t(frac)=0.006s
[2025-11-07T12:41:34-03:00] <k>=5.20, p=0.005205, px1=0.50, r_kk_obj=+0.50, r_kk_fin=+0.486, ρ_kx_obj=0.46, ρ_kx_fin=+0.448 -> frac=0.545 | t(attrs)=0.469s, t(frac)=0.006s
[2025-11-07T12:41:34-03:00] <k>=5.20, p=0.005205, px1=0.50, r_kk_obj=+0.50, r_kk_fin=+0.486, ρ_kx_obj=0.57, ρ_kx_fin=+0.562 -> frac=0.564 | t(attrs)=0.663s, t(frac)=0.005s
[2025-11-07T12:41:34-03:00] <k>=5.20, p=0.005205, px1=0.50, r_kk_obj=+0.50, r_kk_fin=+0.486, ρ_kx_obj=0.69, ρ_kx_fin=+0.677 -> frac=0.572 | t(attrs)=1.176s, t(frac)=0.006s
[2025-11-07T12:41:34-03:00] <k>=5.20, p=0.005205, px1=0.50, r_kk_obj=+0.50, r_kk_fin=+0.486, ρ_kx_obj=0.80, ρ_kx_fin=+0.776 -> frac=0.586 | t(attrs)=5.974s, t(frac)=0.006s
[2025-11-07T12:41:34-03:00] Curva lista: <k>=5.20, px1=0.50, r_kk_obj=+0.50, r_kk_fin=+0.486, p=0.005205, t_curva=117.31s (t_gen=0.12s, t_rew=108.37s, t_rho_total=8.81s; t_attrs=8.77s, t_frac=0.04s)
[2025-11-07T12:41:34-03:00] Generada red ER: N=1000, <k>_obj=5.20, p=0.005205, L=2603, tiempo=0.117s
[2025-11-07T12:41:34-03:00] Rewire r_kk: objetivo=+0.50, alcanzado=+0.486, |Δ|=0.014, iters=2433, tiempo=108.748s
[2025-11-07T12:41:34-03:00] <k>=5.20, p=0.005205, px1=0.20, r_kk_obj=+0.50, r_kk_fin=+0.486, ρ_kx_obj=0.00, ρ_kx_fin=+0.008 -> frac=0.050 | t(attrs)=0.020s, t(frac)=0.006s
[2025-11-07T12:41:34-03:00] <k>=5.20, p=0.005205, px1=0.20, r_kk_obj=+0.50, r_kk_fin=+0.486, ρ_kx_obj=0.11, ρ_kx_fin=+0.106 -> frac=0.042 | t(attrs)=0.065s, t(frac)=0.004s
[2025-11-07T12:41:34-03:00] <k>=5.20, p=0.005205, px1=0.20, r_kk_obj=+0.50, r_kk_fin=+0.486, ρ_kx_obj=0.23, ρ_kx_fin=+0.224 -> frac=0.064 | t(attrs)=0.120s, t(frac)=0.005s
[2025-11-07T12:41:34-03:00] <k>=5.20, p=0.005205, px1=0.20, r_kk_obj=+0.50, r_kk_fin=+0.486, ρ_kx_obj=0.34, ρ_kx_fin=+0.333 -> frac=0.066 | t(attrs)=0.238s, t(frac)=0.005s
[2025-11-07T12:41:34-03:00] <k>=5.20, p=0.005205, px1=0.20, r_kk_obj=+0.50, r_kk_fin=+0.486, ρ_kx_obj=0.46, ρ_kx_fin=+0.447 -> frac=0.090 | t(attrs)=0.330s, t(frac)=0.006s
[2025-11-07T12:41:34-03:00] <k>=5.20, p=0.005205, px1=0.20, r_kk_obj=+0.50, r_kk_fin=+0.486, ρ_kx_obj=0.57, ρ_kx_fin=+0.562 -> frac=0.115 | t(attrs)=0.695s, t(frac)=0.005s
[2025-11-07T12:41:34-03:00] <k>=5.20, p=0.005205, px1=0.20, r_kk_obj=+0.50, r_kk_fin=+0.486, ρ_kx_obj=0.69, ρ_kx_fin=+0.676 -> frac=0.149 | t(attrs)=1.416s, t(frac)=0.006s
[2025-11-07T12:41:34-03:00] <k>=5.20, p=0.005205, px1=0.20, r_kk_obj=+0.50, r_kk_fin=+0.486, ρ_kx_obj=0.80, ρ_kx_fin=+0.730 -> frac=0.164 | t(attrs)=5.878s, t(frac)=0.005s
[2025-11-07T12:41:34-03:00] Curva lista: <k>=5.20, px1=0.20, r_kk_obj=+0.50, r_kk_fin=+0.486, p=0.005205, t_curva=117.67s (t_gen=0.12s, t_rew=108.75s, t_rho_total=8.80s; t_attrs=8.76s, t_frac=0.04s)
[2025-11-07T12:41:38-03:00] Generada red ER: N=1000, <k>_obj=5.20, p=0.005205, L=2603, tiempo=0.134s
[2025-11-07T12:41:38-03:00] Rewire r_kk: objetivo=+0.50, alcanzado=+0.486, |Δ|=0.014, iters=2433, tiempo=107.964s
[2025-11-07T12:41:38-03:00] <k>=5.20, p=0.005205, px1=0.10, r_kk_obj=+0.50, r_kk_fin=+0.486, ρ_kx_obj=0.00, ρ_kx_fin=-0.007 -> frac=0.007 | t(attrs)=0.001s, t(frac)=0.005s
[2025-11-07T12:41:38-03:00] <k>=5.20, p=0.005205, px1=0.10, r_kk_obj=+0.50, r_kk_fin=+0.486, ρ_kx_obj=0.11, ρ_kx_fin=+0.107 -> frac=0.008 | t(attrs)=0.051s, t(frac)=0.005s
[2025-11-07T12:41:38-03:00] <k>=5.20, p=0.005205, px1=0.10, r_kk_obj=+0.50, r_kk_fin=+0.486, ρ_kx_obj=0.23, ρ_kx_fin=+0.220 -> frac=0.007 | t(attrs)=0.100s, t(frac)=0.006s
[2025-11-07T12:41:38-03:00] <k>=5.20, p=0.005205, px1=0.10, r_kk_obj=+0.50, r_kk_fin=+0.486, ρ_kx_obj=0.34, ρ_kx_fin=+0.334 -> frac=0.015 | t(attrs)=0.210s, t(frac)=0.005s
[2025-11-07T12:41:38-03:00] <k>=5.20, p=0.005205, px1=0.10, r_kk_obj=+0.50, r_kk_fin=+0.486, ρ_kx_obj=0.46, ρ_kx_fin=+0.448 -> frac=0.020 | t(attrs)=0.410s, t(frac)=0.004s
[2025-11-07T12:41:38-03:00] <k>=5.20, p=0.005205, px1=0.10, r_kk_obj=+0.50, r_kk_fin=+0.486, ρ_kx_obj=0.57, ρ_kx_fin=+0.562 -> frac=0.026 | t(attrs)=1.074s, t(frac)=0.006s
[2025-11-07T12:41:38-03:00] <k>=5.20, p=0.005205, px1=0.10, r_kk_obj=+0.50, r_kk_fin=+0.486, ρ_kx_obj=0.69, ρ_kx_fin=+0.631 -> frac=0.034 | t(attrs)=5.823s, t(frac)=0.006s
[2025-11-07T12:41:38-03:00] <k>=5.20, p=0.005205, px1=0.10, r_kk_obj=+0.50, r_kk_fin=+0.486, ρ_kx_obj=0.80, ρ_kx_fin=+0.627 -> frac=0.034 | t(attrs)=6.171s, t(frac)=0.008s
[2025-11-07T12:41:38-03:00] Curva lista: <k>=5.20, px1=0.10, r_kk_obj=+0.50, r_kk_fin=+0.486, p=0.005205, t_curva=121.98s (t_gen=0.13s, t_rew=107.96s, t_rho_total=13.88s; t_attrs=13.84s, t_frac=0.05s)
[2025-11-07T12:41:40-03:00] Generada red ER: N=1000, <k>_obj=5.20, p=0.005205, L=2603, tiempo=0.112s
[2025-11-07T12:41:40-03:00] Rewire r_kk: objetivo=+0.50, alcanzado=+0.486, |Δ|=0.014, iters=2433, tiempo=106.661s
[2025-11-07T12:41:40-03:00] <k>=5.20, p=0.005205, px1=0.05, r_kk_obj=+0.50, r_kk_fin=+0.486, ρ_kx_obj=0.00, ρ_kx_fin=+0.008 -> frac=0.002 | t(attrs)=0.003s, t(frac)=0.006s
[2025-11-07T12:41:40-03:00] <k>=5.20, p=0.005205, px1=0.05, r_kk_obj=+0.50, r_kk_fin=+0.486, ρ_kx_obj=0.11, ρ_kx_fin=+0.107 -> frac=0.001 | t(attrs)=0.032s, t(frac)=0.005s
[2025-11-07T12:41:40-03:00] <k>=5.20, p=0.005205, px1=0.05, r_kk_obj=+0.50, r_kk_fin=+0.486, ρ_kx_obj=0.23, ρ_kx_fin=+0.222 -> frac=0.003 | t(attrs)=0.079s, t(frac)=0.004s
[2025-11-07T12:41:40-03:00] <k>=5.20, p=0.005205, px1=0.05, r_kk_obj=+0.50, r_kk_fin=+0.486, ρ_kx_obj=0.34, ρ_kx_fin=+0.334 -> frac=0.002 | t(attrs)=0.247s, t(frac)=0.005s
[2025-11-07T12:41:40-03:00] <k>=5.20, p=0.005205, px1=0.05, r_kk_obj=+0.50, r_kk_fin=+0.486, ρ_kx_obj=0.46, ρ_kx_fin=+0.448 -> frac=0.003 | t(attrs)=0.577s, t(frac)=0.006s
[2025-11-07T12:41:40-03:00] <k>=5.20, p=0.005205, px1=0.05, r_kk_obj=+0.50, r_kk_fin=+0.486, ρ_kx_obj=0.57, ρ_kx_fin=+0.517 -> frac=0.006 | t(attrs)=5.807s, t(frac)=0.006s
[2025-11-07T12:41:40-03:00] <k>=5.20, p=0.005205, px1=0.05, r_kk_obj=+0.50, r_kk_fin=+0.486, ρ_kx_obj=0.69, ρ_kx_fin=+0.515 -> frac=0.008 | t(attrs)=5.900s, t(frac)=0.006s
[2025-11-07T12:41:40-03:00] <k>=5.20, p=0.005205, px1=0.05, r_kk_obj=+0.50, r_kk_fin=+0.486, ρ_kx_obj=0.80, ρ_kx_fin=+0.513 -> frac=0.009 | t(attrs)=6.024s, t(frac)=0.005s
[2025-11-07T12:41:40-03:00] Curva lista: <k>=5.20, px1=0.05, r_kk_obj=+0.50, r_kk_fin=+0.486, p=0.005205, t_curva=125.49s (t_gen=0.11s, t_rew=106.66s, t_rho_total=18.71s; t_attrs=18.67s, t_frac=0.04s)
[2025-11-07T12:41:42-03:00] Generada red ER: N=1000, <k>_obj=5.20, p=0.005205, L=2603, tiempo=0.146s
[2025-11-07T12:41:42-03:00] Rewire r_kk: objetivo=-0.50, alcanzado=-0.485, |Δ|=0.015, iters=2716, tiempo=117.130s
[2025-11-07T12:41:42-03:00] <k>=5.20, p=0.005205, px1=0.20, r_kk_obj=-0.50, r_kk_fin=-0.485, ρ_kx_obj=0.00, ρ_kx_fin=-0.009 -> frac=0.041 | t(attrs)=0.002s, t(frac)=0.005s
[2025-11-07T12:41:42-03:00] <k>=5.20, p=0.005205, px1=0.20, r_kk_obj=-0.50, r_kk_fin=-0.485, ρ_kx_obj=0.11, ρ_kx_fin=+0.109 -> frac=0.063 | t(attrs)=0.033s, t(frac)=0.006s
[2025-11-07T12:41:42-03:00] <k>=5.20, p=0.005205, px1=0.20, r_kk_obj=-0.50, r_kk_fin=-0.485, ρ_kx_obj=0.23, ρ_kx_fin=+0.221 -> frac=0.097 | t(attrs)=0.126s, t(frac)=0.006s
[2025-11-07T12:41:42-03:00] <k>=5.20, p=0.005205, px1=0.20, r_kk_obj=-0.50, r_kk_fin=-0.485, ρ_kx_obj=0.34, ρ_kx_fin=+0.342 -> frac=0.130 | t(attrs)=0.198s, t(frac)=0.006s
[2025-11-07T12:41:42-03:00] <k>=5.20, p=0.005205, px1=0.20, r_kk_obj=-0.50, r_kk_fin=-0.485, ρ_kx_obj=0.46, ρ_kx_fin=+0.448 -> frac=0.177 | t(attrs)=0.380s, t(frac)=0.005s
[2025-11-07T12:41:42-03:00] <k>=5.20, p=0.005205, px1=0.20, r_kk_obj=-0.50, r_kk_fin=-0.485, ρ_kx_obj=0.57, ρ_kx_fin=+0.564 -> frac=0.216 | t(attrs)=0.681s, t(frac)=0.004s
[2025-11-07T12:41:42-03:00] <k>=5.20, p=0.005205, px1=0.20, r_kk_obj=-0.50, r_kk_fin=-0.485, ρ_kx_obj=0.69, ρ_kx_fin=+0.676 -> frac=0.249 | t(attrs)=1.565s, t(frac)=0.005s
[2025-11-07T12:41:42-03:00] <k>=5.20, p=0.005205, px1=0.20, r_kk_obj=-0.50, r_kk_fin=-0.485, ρ_kx_obj=0.80, ρ_kx_fin=+0.730 -> frac=0.276 | t(attrs)=5.912s, t(frac)=0.003s
[2025-11-07T12:41:42-03:00] Curva lista: <k>=5.20, px1=0.20, r_kk_obj=-0.50, r_kk_fin=-0.485, p=0.005205, t_curva=126.22s (t_gen=0.15s, t_rew=117.13s, t_rho_total=8.94s; t_attrs=8.90s, t_frac=0.04s)
[2025-11-07T12:41:42-03:00] Generada red ER: N=1000, <k>_obj=5.20, p=0.005205, L=2603, tiempo=0.148s
[2025-11-07T12:41:42-03:00] Rewire r_kk: objetivo=-0.50, alcanzado=-0.485, |Δ|=0.015, iters=2716, tiempo=117.154s
[2025-11-07T12:41:42-03:00] <k>=5.20, p=0.005205, px1=0.50, r_kk_obj=-0.50, r_kk_fin=-0.485, ρ_kx_obj=0.00, ρ_kx_fin=+0.010 -> frac=0.415 | t(attrs)=0.003s, t(frac)=0.006s
[2025-11-07T12:41:42-03:00] <k>=5.20, p=0.005205, px1=0.50, r_kk_obj=-0.50, r_kk_fin=-0.485, ρ_kx_obj=0.11, ρ_kx_fin=+0.105 -> frac=0.463 | t(attrs)=0.081s, t(frac)=0.006s
[2025-11-07T12:41:42-03:00] <k>=5.20, p=0.005205, px1=0.50, r_kk_obj=-0.50, r_kk_fin=-0.485, ρ_kx_obj=0.23, ρ_kx_fin=+0.219 -> frac=0.524 | t(attrs)=0.153s, t(frac)=0.005s
[2025-11-07T12:41:42-03:00] <k>=5.20, p=0.005205, px1=0.50, r_kk_obj=-0.50, r_kk_fin=-0.485, ρ_kx_obj=0.34, ρ_kx_fin=+0.334 -> frac=0.580 | t(attrs)=0.246s, t(frac)=0.006s
[2025-11-07T12:41:42-03:00] <k>=5.20, p=0.005205, px1=0.50, r_kk_obj=-0.50, r_kk_fin=-0.485, ρ_kx_obj=0.46, ρ_kx_fin=+0.448 -> frac=0.647 | t(attrs)=0.425s, t(frac)=0.006s
[2025-11-07T12:41:42-03:00] <k>=5.20, p=0.005205, px1=0.50, r_kk_obj=-0.50, r_kk_fin=-0.485, ρ_kx_obj=0.57, ρ_kx_fin=+0.562 -> frac=0.692 | t(attrs)=0.667s, t(frac)=0.005s
[2025-11-07T12:41:42-03:00] <k>=5.20, p=0.005205, px1=0.50, r_kk_obj=-0.50, r_kk_fin=-0.485, ρ_kx_obj=0.69, ρ_kx_fin=+0.676 -> frac=0.734 | t(attrs)=1.324s, t(frac)=0.005s
[2025-11-07T12:41:42-03:00] <k>=5.20, p=0.005205, px1=0.50, r_kk_obj=-0.50, r_kk_fin=-0.485, ρ_kx_obj=0.80, ρ_kx_fin=+0.778 -> frac=0.767 | t(attrs)=5.872s, t(frac)=0.004s
[2025-11-07T12:41:42-03:00] Curva lista: <k>=5.20, px1=0.50, r_kk_obj=-0.50, r_kk_fin=-0.485, p=0.005205, t_curva=126.12s (t_gen=0.15s, t_rew=117.15s, t_rho_total=8.81s; t_attrs=8.77s, t_frac=0.04s)
[2025-11-07T12:41:43-03:00] Generada red ER: N=1000, <k>_obj=5.20, p=0.005205, L=2603, tiempo=0.122s
[2025-11-07T12:41:43-03:00] Rewire r_kk: objetivo=-0.50, alcanzado=-0.485, |Δ|=0.015, iters=2716, tiempo=114.816s
[2025-11-07T12:41:43-03:00] <k>=5.20, p=0.005205, px1=0.10, r_kk_obj=-0.50, r_kk_fin=-0.485, ρ_kx_obj=0.00, ρ_kx_fin=+0.007 -> frac=0.010 | t(attrs)=0.001s, t(frac)=0.005s
[2025-11-07T12:41:43-03:00] <k>=5.20, p=0.005205, px1=0.10, r_kk_obj=-0.50, r_kk_fin=-0.485, ρ_kx_obj=0.11, ρ_kx_fin=+0.107 -> frac=0.019 | t(attrs)=0.047s, t(frac)=0.006s
[2025-11-07T12:41:43-03:00] <k>=5.20, p=0.005205, px1=0.10, r_kk_obj=-0.50, r_kk_fin=-0.485, ρ_kx_obj=0.23, ρ_kx_fin=+0.221 -> frac=0.026 | t(attrs)=0.144s, t(frac)=0.006s
[2025-11-07T12:41:43-03:00] <k>=5.20, p=0.005205, px1=0.10, r_kk_obj=-0.50, r_kk_fin=-0.485, ρ_kx_obj=0.34, ρ_kx_fin=+0.334 -> frac=0.044 | t(attrs)=0.218s, t(frac)=0.006s
[2025-11-07T12:41:43-03:00] <k>=5.20, p=0.005205, px1=0.10, r_kk_obj=-0.50, r_kk_fin=-0.485, ρ_kx_obj=0.46, ρ_kx_fin=+0.449 -> frac=0.064 | t(attrs)=0.469s, t(frac)=0.006s
[2025-11-07T12:41:43-03:00] <k>=5.20, p=0.005205, px1=0.10, r_kk_obj=-0.50, r_kk_fin=-0.485, ρ_kx_obj=0.57, ρ_kx_fin=+0.566 -> frac=0.103 | t(attrs)=0.830s, t(frac)=0.005s
[2025-11-07T12:41:43-03:00] <k>=5.20, p=0.005205, px1=0.10, r_kk_obj=-0.50, r_kk_fin=-0.485, ρ_kx_obj=0.69, ρ_kx_fin=+0.622 -> frac=0.118 | t(attrs)=6.148s, t(frac)=0.009s
[2025-11-07T12:41:43-03:00] <k>=5.20, p=0.005205, px1=0.10, r_kk_obj=-0.50, r_kk_fin=-0.485, ρ_kx_obj=0.80, ρ_kx_fin=+0.628 -> frac=0.119 | t(attrs)=4.927s, t(frac)=0.004s
[2025-11-07T12:41:43-03:00] Curva lista: <k>=5.20, px1=0.10, r_kk_obj=-0.50, r_kk_fin=-0.485, p=0.005205, t_curva=127.77s (t_gen=0.12s, t_rew=114.82s, t_rho_total=12.83s; t_attrs=12.78s, t_frac=0.05s)
[2025-11-07T12:41:45-03:00] Generada red ER: N=1000, <k>_obj=5.20, p=0.005205, L=2603, tiempo=0.096s
[2025-11-07T12:41:45-03:00] Rewire r_kk: objetivo=-0.50, alcanzado=-0.485, |Δ|=0.015, iters=2716, tiempo=115.226s
[2025-11-07T12:41:45-03:00] <k>=5.20, p=0.005205, px1=0.05, r_kk_obj=-0.50, r_kk_fin=-0.485, ρ_kx_obj=0.00, ρ_kx_fin=+0.010 -> frac=0.002 | t(attrs)=0.002s, t(frac)=0.007s
[2025-11-07T12:41:45-03:00] <k>=5.20, p=0.005205, px1=0.05, r_kk_obj=-0.50, r_kk_fin=-0.485, ρ_kx_obj=0.11, ρ_kx_fin=+0.105 -> frac=0.007 | t(attrs)=0.032s, t(frac)=0.006s
[2025-11-07T12:41:45-03:00] <k>=5.20, p=0.005205, px1=0.05, r_kk_obj=-0.50, r_kk_fin=-0.485, ρ_kx_obj=0.23, ρ_kx_fin=+0.224 -> frac=0.007 | t(attrs)=0.105s, t(frac)=0.006s
[2025-11-07T12:41:45-03:00] <k>=5.20, p=0.005205, px1=0.05, r_kk_obj=-0.50, r_kk_fin=-0.485, ρ_kx_obj=0.34, ρ_kx_fin=+0.336 -> frac=0.024 | t(attrs)=0.222s, t(frac)=0.006s
[2025-11-07T12:41:45-03:00] <k>=5.20, p=0.005205, px1=0.05, r_kk_obj=-0.50, r_kk_fin=-0.485, ρ_kx_obj=0.46, ρ_kx_fin=+0.448 -> frac=0.042 | t(attrs)=0.828s, t(frac)=0.006s
[2025-11-07T12:41:45-03:00] <k>=5.20, p=0.005205, px1=0.05, r_kk_obj=-0.50, r_kk_fin=-0.485, ρ_kx_obj=0.57, ρ_kx_fin=+0.515 -> frac=0.050 | t(attrs)=5.706s, t(frac)=0.005s
[2025-11-07T12:41:45-03:00] <k>=5.20, p=0.005205, px1=0.05, r_kk_obj=-0.50, r_kk_fin=-0.485, ρ_kx_obj=0.69, ρ_kx_fin=+0.513 -> frac=0.046 | t(attrs)=5.803s, t(frac)=0.002s
[2025-11-07T12:41:45-03:00] <k>=5.20, p=0.005205, px1=0.05, r_kk_obj=-0.50, r_kk_fin=-0.485, ρ_kx_obj=0.80, ρ_kx_fin=+0.513 -> frac=0.049 | t(attrs)=3.048s, t(frac)=0.002s
[2025-11-07T12:41:45-03:00] Curva lista: <k>=5.20, px1=0.05, r_kk_obj=-0.50, r_kk_fin=-0.485, p=0.005205, t_curva=131.11s (t_gen=0.10s, t_rew=115.23s, t_rho_total=15.79s; t_attrs=15.75s, t_frac=0.04s)
[2025-11-07T12:41:46-03:00] Generando figura...
