[2025-11-07T22:26:15] descarga-prepara-dataset.py | Digg (download) | preparando...
[2025-11-07T22:26:15] Explorando https://www.isi.edu/~lerman/downloads/digg2009.html ...
[2025-11-07T22:26:16] ERROR Digg: 403 Client Error: Forbidden for url: https://www.isi.edu/people-lerman/
[2025-11-07T22:31:44] descarga-prepara-dataset.py | Digg (download) | preparando...
[2025-11-07T22:31:44] Explorando https://www.isi.edu/~lerman/downloads/digg2009.html ...
[2025-11-07T22:31:45] ERROR Digg: No se encontró enlace de amistades en la página oficial.
[2025-11-07T22:37:44] descarga-prepara-dataset.py | Digg (download) | preparando...
[2025-11-07T22:37:44] Buscando enlace oficial en https://www.isi.edu/people-lerman/research/downloads/ ...
[2025-11-07T22:37:45] Abrir página histórica: http://www.isi.edu/~lerman/downloads/digg2009.html
[2025-11-07T22:37:46] ERROR Digg: No se encontró enlace de amistades en la página oficial.
[2025-11-07T22:44:29] descarga-prepara-dataset.py | Digg (download) | preparando...
[2025-11-07T22:44:29] Oficial no disponible: Sin enlace directo en la página oficial (loader/JS).. Probando mirrors...
[2025-11-07T22:44:29] Falló https://nrvis.com/download/data/dynamic/digg-friends.zip: http_get() got an unexpected keyword argument 'headers'
[2025-11-07T22:44:29] ERROR Digg: No se pudo descargar Digg desde mirrors. Último error: http_get() got an unexpected keyword argument 'headers'
[2025-11-07T22:46:17] descarga-prepara-dataset.py | Digg (download) | preparando...
[2025-11-07T22:46:18] Oficial no disponible: Sin enlace directo en la página oficial (loader/JS).. Probando mirrors...
[2025-11-07T22:46:18] Descargando: https://nrvis.com/download/data/dynamic/digg-friends.zip
[2025-11-07T22:46:21] Descarga OK → data-raw\digg\digg-friends.zip (12778170 bytes) en 3.43s
[2025-11-07T22:46:21] Extraído digg-friends.edges -> data-raw\digg\digg-friends.edges
[2025-11-07T22:46:29] Listo Digg | N_raw_dir=279632, L_raw_dir=1731654, N_GCC=27567, L_GCC=175892, r_kk=+0.166, t_total=11.38s
