[2025-11-07T10:29:27-03:00] Ejecutando script: Erdos-Renyi-v2.py | ruta=C:\Users\dcaceres\Documents\Magister\Trimestre 2\CS Redes\Tarea 2\python\Erdos-Renyi-v2.py
[2025-11-07T10:29:27-03:00] Inicio experimento Fig3-ER (paralelo por procesos) | carpeta=run-e2r\251107-102927_N100
[2025-11-07T10:29:27-03:00] Procesos: usados=18, cpu_count=22
[2025-11-07T10:29:27-03:00] Parámetros: N=100, <k>=[5.2, 2.5], px1=[0.05, 0.1, 0.2], r_kk=[-0.5, 0.0, 0.5], ρ_kx=[np.float64(0.0), np.float64(0.09), np.float64(0.17), np.float64(0.26), np.float64(0.34), np.float64(0.43), np.float64(0.51), np.float64(0.6)], seed=12021974
[2025-11-07T10:29:31-03:00] Generada red ER: N=100, <k>_obj=5.20, p=0.052525, L=269, tiempo=0.002s
[2025-11-07T10:29:31-03:00] Rewire r_kk: objetivo=+0.00, alcanzado=-0.001, |Δ|=0.001, iters=16, tiempo=0.030s
[2025-11-07T10:29:31-03:00] <k>=5.20, p=0.052525, px1=0.20, r_kk_obj=+0.00, r_kk_fin=-0.001, ρ_kx_obj=0.00, ρ_kx_fin=-0.006 -> frac=0.070 | t(attrs)=0.015s, t(frac)=0.000s
[2025-11-07T10:29:31-03:00] <k>=5.20, p=0.052525, px1=0.20, r_kk_obj=+0.00, r_kk_fin=-0.001, ρ_kx_obj=0.09, ρ_kx_fin=+0.089 -> frac=0.020 | t(attrs)=0.008s, t(frac)=0.000s
[2025-11-07T10:29:31-03:00] <k>=5.20, p=0.052525, px1=0.20, r_kk_obj=+0.00, r_kk_fin=-0.001, ρ_kx_obj=0.17, ρ_kx_fin=+0.164 -> frac=0.050 | t(attrs)=0.004s, t(frac)=0.000s
[2025-11-07T10:29:31-03:00] <k>=5.20, p=0.052525, px1=0.20, r_kk_obj=+0.00, r_kk_fin=-0.001, ρ_kx_obj=0.26, ρ_kx_fin=+0.249 -> frac=0.070 | t(attrs)=0.022s, t(frac)=0.000s
[2025-11-07T10:29:31-03:00] <k>=5.20, p=0.052525, px1=0.20, r_kk_obj=+0.00, r_kk_fin=-0.001, ρ_kx_obj=0.34, ρ_kx_fin=+0.334 -> frac=0.070 | t(attrs)=0.004s, t(frac)=0.000s
[2025-11-07T10:29:31-03:00] <k>=5.20, p=0.052525, px1=0.20, r_kk_obj=+0.00, r_kk_fin=-0.001, ρ_kx_obj=0.43, ρ_kx_fin=+0.419 -> frac=0.090 | t(attrs)=0.014s, t(frac)=0.000s
[2025-11-07T10:29:31-03:00] <k>=5.20, p=0.052525, px1=0.20, r_kk_obj=+0.00, r_kk_fin=-0.001, ρ_kx_obj=0.51, ρ_kx_fin=+0.505 -> frac=0.070 | t(attrs)=0.061s, t(frac)=0.000s
[2025-11-07T10:29:31-03:00] <k>=5.20, p=0.052525, px1=0.20, r_kk_obj=+0.00, r_kk_fin=-0.001, ρ_kx_obj=0.60, ρ_kx_fin=+0.600 -> frac=0.150 | t(attrs)=0.041s, t(frac)=0.000s
[2025-11-07T10:29:31-03:00] Curva lista: <k>=5.20, px1=0.20, r_kk_obj=+0.00, r_kk_fin=-0.001, p=0.052525, t_curva=0.21s (t_gen=0.00s, t_rew=0.03s, t_rho_total=0.17s; t_attrs=0.17s, t_frac=0.00s)
[2025-11-07T10:29:31-03:00] Generada red ER: N=100, <k>_obj=2.50, p=0.025253, L=123, tiempo=0.002s
[2025-11-07T10:29:31-03:00] Rewire r_kk: objetivo=+0.00, alcanzado=+0.005, |Δ|=0.005, iters=0, tiempo=0.002s
[2025-11-07T10:29:31-03:00] <k>=2.50, p=0.025253, px1=0.20, r_kk_obj=+0.00, r_kk_fin=+0.005, ρ_kx_obj=0.00, ρ_kx_fin=-0.003 -> frac=0.040 | t(attrs)=0.003s, t(frac)=0.000s
[2025-11-07T10:29:31-03:00] <k>=2.50, p=0.025253, px1=0.20, r_kk_obj=+0.00, r_kk_fin=+0.005, ρ_kx_obj=0.09, ρ_kx_fin=+0.087 -> frac=0.100 | t(attrs)=0.008s, t(frac)=0.000s
[2025-11-07T10:29:31-03:00] <k>=2.50, p=0.025253, px1=0.20, r_kk_obj=+0.00, r_kk_fin=+0.005, ρ_kx_obj=0.17, ρ_kx_fin=+0.176 -> frac=0.120 | t(attrs)=0.010s, t(frac)=0.000s
[2025-11-07T10:29:31-03:00] <k>=2.50, p=0.025253, px1=0.20, r_kk_obj=+0.00, r_kk_fin=+0.005, ρ_kx_obj=0.26, ρ_kx_fin=+0.266 -> frac=0.090 | t(attrs)=0.004s, t(frac)=0.000s
[2025-11-07T10:29:31-03:00] <k>=2.50, p=0.025253, px1=0.20, r_kk_obj=+0.00, r_kk_fin=+0.005, ρ_kx_obj=0.34, ρ_kx_fin=+0.340 -> frac=0.140 | t(attrs)=0.022s, t(frac)=0.000s
[2025-11-07T10:29:31-03:00] <k>=2.50, p=0.025253, px1=0.20, r_kk_obj=+0.00, r_kk_fin=+0.005, ρ_kx_obj=0.43, ρ_kx_fin=+0.430 -> frac=0.180 | t(attrs)=0.018s, t(frac)=0.000s
[2025-11-07T10:29:31-03:00] <k>=2.50, p=0.025253, px1=0.20, r_kk_obj=+0.00, r_kk_fin=+0.005, ρ_kx_obj=0.51, ρ_kx_fin=+0.519 -> frac=0.190 | t(attrs)=0.026s, t(frac)=0.000s
[2025-11-07T10:29:31-03:00] <k>=2.50, p=0.025253, px1=0.20, r_kk_obj=+0.00, r_kk_fin=+0.005, ρ_kx_obj=0.60, ρ_kx_fin=+0.594 -> frac=0.210 | t(attrs)=0.039s, t(frac)=0.000s
[2025-11-07T10:29:31-03:00] Curva lista: <k>=2.50, px1=0.20, r_kk_obj=+0.00, r_kk_fin=+0.005, p=0.025253, t_curva=0.14s (t_gen=0.00s, t_rew=0.00s, t_rho_total=0.13s; t_attrs=0.13s, t_frac=0.00s)
[2025-11-07T10:29:31-03:00] Generada red ER: N=100, <k>_obj=2.50, p=0.025253, L=123, tiempo=0.002s
[2025-11-07T10:29:31-03:00] Rewire r_kk: objetivo=+0.00, alcanzado=+0.005, |Δ|=0.005, iters=0, tiempo=0.002s
[2025-11-07T10:29:31-03:00] <k>=2.50, p=0.025253, px1=0.10, r_kk_obj=+0.00, r_kk_fin=+0.005, ρ_kx_obj=0.00, ρ_kx_fin=+0.008 -> frac=0.070 | t(attrs)=0.003s, t(frac)=0.000s
[2025-11-07T10:29:31-03:00] <k>=2.50, p=0.025253, px1=0.10, r_kk_obj=+0.00, r_kk_fin=+0.005, ρ_kx_obj=0.09, ρ_kx_fin=+0.088 -> frac=0.020 | t(attrs)=0.008s, t(frac)=0.000s
[2025-11-07T10:29:31-03:00] <k>=2.50, p=0.025253, px1=0.10, r_kk_obj=+0.00, r_kk_fin=+0.005, ρ_kx_obj=0.17, ρ_kx_fin=+0.167 -> frac=0.030 | t(attrs)=0.010s, t(frac)=0.000s
[2025-11-07T10:29:31-03:00] <k>=2.50, p=0.025253, px1=0.10, r_kk_obj=+0.00, r_kk_fin=+0.005, ρ_kx_obj=0.26, ρ_kx_fin=+0.267 -> frac=0.060 | t(attrs)=0.014s, t(frac)=0.000s
[2025-11-07T10:29:31-03:00] <k>=2.50, p=0.025253, px1=0.10, r_kk_obj=+0.00, r_kk_fin=+0.005, ρ_kx_obj=0.34, ρ_kx_fin=+0.346 -> frac=0.040 | t(attrs)=0.017s, t(frac)=0.000s
[2025-11-07T10:29:31-03:00] <k>=2.50, p=0.025253, px1=0.10, r_kk_obj=+0.00, r_kk_fin=+0.005, ρ_kx_obj=0.43, ρ_kx_fin=+0.426 -> frac=0.060 | t(attrs)=0.017s, t(frac)=0.000s
[2025-11-07T10:29:31-03:00] <k>=2.50, p=0.025253, px1=0.10, r_kk_obj=+0.00, r_kk_fin=+0.005, ρ_kx_obj=0.51, ρ_kx_fin=+0.505 -> frac=0.060 | t(attrs)=0.037s, t(frac)=0.000s
[2025-11-07T10:29:31-03:00] <k>=2.50, p=0.025253, px1=0.10, r_kk_obj=+0.00, r_kk_fin=+0.005, ρ_kx_obj=0.60, ρ_kx_fin=+0.605 -> frac=0.100 | t(attrs)=0.142s, t(frac)=0.000s
[2025-11-07T10:29:31-03:00] Curva lista: <k>=2.50, px1=0.10, r_kk_obj=+0.00, r_kk_fin=+0.005, p=0.025253, t_curva=0.25s (t_gen=0.00s, t_rew=0.00s, t_rho_total=0.25s; t_attrs=0.25s, t_frac=0.00s)
[2025-11-07T10:29:31-03:00] Generada red ER: N=100, <k>_obj=5.20, p=0.052525, L=269, tiempo=0.002s
[2025-11-07T10:29:31-03:00] Rewire r_kk: objetivo=-0.50, alcanzado=-0.485, |Δ|=0.015, iters=236, tiempo=0.488s
[2025-11-07T10:29:31-03:00] <k>=5.20, p=0.052525, px1=0.20, r_kk_obj=-0.50, r_kk_fin=-0.485, ρ_kx_obj=0.00, ρ_kx_fin=-0.006 -> frac=0.030 | t(attrs)=0.003s, t(frac)=0.000s
[2025-11-07T10:29:31-03:00] <k>=5.20, p=0.052525, px1=0.20, r_kk_obj=-0.50, r_kk_fin=-0.485, ρ_kx_obj=0.09, ρ_kx_fin=+0.079 -> frac=0.070 | t(attrs)=0.002s, t(frac)=0.000s
[2025-11-07T10:29:31-03:00] <k>=5.20, p=0.052525, px1=0.20, r_kk_obj=-0.50, r_kk_fin=-0.485, ρ_kx_obj=0.17, ρ_kx_fin=+0.175 -> frac=0.040 | t(attrs)=0.009s, t(frac)=0.000s
[2025-11-07T10:29:31-03:00] <k>=5.20, p=0.052525, px1=0.20, r_kk_obj=-0.50, r_kk_fin=-0.485, ρ_kx_obj=0.26, ρ_kx_fin=+0.260 -> frac=0.140 | t(attrs)=0.010s, t(frac)=0.001s
[2025-11-07T10:29:31-03:00] <k>=5.20, p=0.052525, px1=0.20, r_kk_obj=-0.50, r_kk_fin=-0.485, ρ_kx_obj=0.34, ρ_kx_fin=+0.345 -> frac=0.080 | t(attrs)=0.026s, t(frac)=0.000s
[2025-11-07T10:29:31-03:00] <k>=5.20, p=0.052525, px1=0.20, r_kk_obj=-0.50, r_kk_fin=-0.485, ρ_kx_obj=0.43, ρ_kx_fin=+0.419 -> frac=0.210 | t(attrs)=0.023s, t(frac)=0.000s
[2025-11-07T10:29:31-03:00] <k>=5.20, p=0.052525, px1=0.20, r_kk_obj=-0.50, r_kk_fin=-0.485, ρ_kx_obj=0.51, ρ_kx_fin=+0.505 -> frac=0.150 | t(attrs)=0.026s, t(frac)=0.000s
[2025-11-07T10:29:31-03:00] <k>=5.20, p=0.052525, px1=0.20, r_kk_obj=-0.50, r_kk_fin=-0.485, ρ_kx_obj=0.60, ρ_kx_fin=+0.600 -> frac=0.220 | t(attrs)=0.038s, t(frac)=0.000s
[2025-11-07T10:29:31-03:00] Curva lista: <k>=5.20, px1=0.20, r_kk_obj=-0.50, r_kk_fin=-0.485, p=0.052525, t_curva=0.63s (t_gen=0.00s, t_rew=0.49s, t_rho_total=0.14s; t_attrs=0.14s, t_frac=0.00s)
[2025-11-07T10:29:31-03:00] Generada red ER: N=100, <k>_obj=2.50, p=0.025253, L=123, tiempo=0.002s
[2025-11-07T10:29:31-03:00] Rewire r_kk: objetivo=+0.50, alcanzado=+0.511, |Δ|=0.011, iters=93, tiempo=0.163s
[2025-11-07T10:29:31-03:00] <k>=2.50, p=0.025253, px1=0.20, r_kk_obj=+0.50, r_kk_fin=+0.511, ρ_kx_obj=0.00, ρ_kx_fin=-0.003 -> frac=0.080 | t(attrs)=0.001s, t(frac)=0.000s
[2025-11-07T10:29:31-03:00] <k>=2.50, p=0.025253, px1=0.20, r_kk_obj=+0.50, r_kk_fin=+0.511, ρ_kx_obj=0.09, ρ_kx_fin=+0.087 -> frac=0.110 | t(attrs)=0.003s, t(frac)=0.000s
[2025-11-07T10:29:31-03:00] <k>=2.50, p=0.025253, px1=0.20, r_kk_obj=+0.50, r_kk_fin=+0.511, ρ_kx_obj=0.17, ρ_kx_fin=+0.176 -> frac=0.080 | t(attrs)=0.003s, t(frac)=0.000s
[2025-11-07T10:29:31-03:00] <k>=2.50, p=0.025253, px1=0.20, r_kk_obj=+0.50, r_kk_fin=+0.511, ρ_kx_obj=0.26, ρ_kx_fin=+0.251 -> frac=0.070 | t(attrs)=0.007s, t(frac)=0.000s
[2025-11-07T10:29:31-03:00] <k>=2.50, p=0.025253, px1=0.20, r_kk_obj=+0.50, r_kk_fin=+0.511, ρ_kx_obj=0.34, ρ_kx_fin=+0.340 -> frac=0.120 | t(attrs)=0.006s, t(frac)=0.000s
[2025-11-07T10:29:31-03:00] <k>=2.50, p=0.025253, px1=0.20, r_kk_obj=+0.50, r_kk_fin=+0.511, ρ_kx_obj=0.43, ρ_kx_fin=+0.430 -> frac=0.180 | t(attrs)=0.017s, t(frac)=0.000s
[2025-11-07T10:29:31-03:00] <k>=2.50, p=0.025253, px1=0.20, r_kk_obj=+0.50, r_kk_fin=+0.511, ρ_kx_obj=0.51, ρ_kx_fin=+0.519 -> frac=0.170 | t(attrs)=0.053s, t(frac)=0.000s
[2025-11-07T10:29:31-03:00] <k>=2.50, p=0.025253, px1=0.20, r_kk_obj=+0.50, r_kk_fin=+0.511, ρ_kx_obj=0.60, ρ_kx_fin=+0.609 -> frac=0.180 | t(attrs)=0.017s, t(frac)=0.000s
[2025-11-07T10:29:31-03:00] Curva lista: <k>=2.50, px1=0.20, r_kk_obj=+0.50, r_kk_fin=+0.511, p=0.025253, t_curva=0.28s (t_gen=0.00s, t_rew=0.16s, t_rho_total=0.11s; t_attrs=0.11s, t_frac=0.00s)
[2025-11-07T10:29:31-03:00] Generada red ER: N=100, <k>_obj=2.50, p=0.025253, L=123, tiempo=0.002s
[2025-11-07T10:29:31-03:00] Rewire r_kk: objetivo=-0.50, alcanzado=-0.490, |Δ|=0.010, iters=151, tiempo=0.240s
[2025-11-07T10:29:31-03:00] <k>=2.50, p=0.025253, px1=0.10, r_kk_obj=-0.50, r_kk_fin=-0.490, ρ_kx_obj=0.00, ρ_kx_fin=+0.008 -> frac=0.030 | t(attrs)=0.003s, t(frac)=0.000s
[2025-11-07T10:29:31-03:00] <k>=2.50, p=0.025253, px1=0.10, r_kk_obj=-0.50, r_kk_fin=-0.490, ρ_kx_obj=0.09, ρ_kx_fin=+0.088 -> frac=0.020 | t(attrs)=0.004s, t(frac)=0.000s
[2025-11-07T10:29:31-03:00] <k>=2.50, p=0.025253, px1=0.10, r_kk_obj=-0.50, r_kk_fin=-0.490, ρ_kx_obj=0.17, ρ_kx_fin=+0.167 -> frac=0.070 | t(attrs)=0.004s, t(frac)=0.000s
[2025-11-07T10:29:31-03:00] <k>=2.50, p=0.025253, px1=0.10, r_kk_obj=-0.50, r_kk_fin=-0.490, ρ_kx_obj=0.26, ρ_kx_fin=+0.267 -> frac=0.070 | t(attrs)=0.005s, t(frac)=0.000s
[2025-11-07T10:29:31-03:00] <k>=2.50, p=0.025253, px1=0.10, r_kk_obj=-0.50, r_kk_fin=-0.490, ρ_kx_obj=0.34, ρ_kx_fin=+0.346 -> frac=0.080 | t(attrs)=0.019s, t(frac)=0.000s
[2025-11-07T10:29:31-03:00] <k>=2.50, p=0.025253, px1=0.10, r_kk_obj=-0.50, r_kk_fin=-0.490, ρ_kx_obj=0.43, ρ_kx_fin=+0.426 -> frac=0.140 | t(attrs)=0.015s, t(frac)=0.000s
[2025-11-07T10:29:31-03:00] <k>=2.50, p=0.025253, px1=0.10, r_kk_obj=-0.50, r_kk_fin=-0.490, ρ_kx_obj=0.51, ρ_kx_fin=+0.505 -> frac=0.120 | t(attrs)=0.023s, t(frac)=0.000s
[2025-11-07T10:29:31-03:00] <k>=2.50, p=0.025253, px1=0.10, r_kk_obj=-0.50, r_kk_fin=-0.490, ρ_kx_obj=0.60, ρ_kx_fin=+0.605 -> frac=0.190 | t(attrs)=0.100s, t(frac)=0.000s
[2025-11-07T10:29:31-03:00] Curva lista: <k>=2.50, px1=0.10, r_kk_obj=-0.50, r_kk_fin=-0.490, p=0.025253, t_curva=0.42s (t_gen=0.00s, t_rew=0.24s, t_rho_total=0.18s; t_attrs=0.17s, t_frac=0.00s)
[2025-11-07T10:29:31-03:00] Generada red ER: N=100, <k>_obj=5.20, p=0.052525, L=269, tiempo=0.002s
[2025-11-07T10:29:31-03:00] Rewire r_kk: objetivo=+0.50, alcanzado=+0.486, |Δ|=0.014, iters=232, tiempo=0.504s
[2025-11-07T10:29:31-03:00] <k>=5.20, p=0.052525, px1=0.20, r_kk_obj=+0.50, r_kk_fin=+0.486, ρ_kx_obj=0.00, ρ_kx_fin=-0.006 -> frac=0.020 | t(attrs)=0.001s, t(frac)=0.000s
[2025-11-07T10:29:31-03:00] <k>=5.20, p=0.052525, px1=0.20, r_kk_obj=+0.50, r_kk_fin=+0.486, ρ_kx_obj=0.09, ρ_kx_fin=+0.079 -> frac=0.040 | t(attrs)=0.001s, t(frac)=0.000s
[2025-11-07T10:29:31-03:00] <k>=5.20, p=0.052525, px1=0.20, r_kk_obj=+0.50, r_kk_fin=+0.486, ρ_kx_obj=0.17, ρ_kx_fin=+0.175 -> frac=0.040 | t(attrs)=0.007s, t(frac)=0.000s
[2025-11-07T10:29:31-03:00] <k>=5.20, p=0.052525, px1=0.20, r_kk_obj=+0.50, r_kk_fin=+0.486, ρ_kx_obj=0.26, ρ_kx_fin=+0.260 -> frac=0.040 | t(attrs)=0.017s, t(frac)=0.000s
[2025-11-07T10:29:31-03:00] <k>=5.20, p=0.052525, px1=0.20, r_kk_obj=+0.50, r_kk_fin=+0.486, ρ_kx_obj=0.34, ρ_kx_fin=+0.334 -> frac=0.060 | t(attrs)=0.025s, t(frac)=0.000s
[2025-11-07T10:29:31-03:00] <k>=5.20, p=0.052525, px1=0.20, r_kk_obj=+0.50, r_kk_fin=+0.486, ρ_kx_obj=0.43, ρ_kx_fin=+0.419 -> frac=0.110 | t(attrs)=0.019s, t(frac)=0.000s
[2025-11-07T10:29:31-03:00] <k>=5.20, p=0.052525, px1=0.20, r_kk_obj=+0.50, r_kk_fin=+0.486, ρ_kx_obj=0.51, ρ_kx_fin=+0.505 -> frac=0.060 | t(attrs)=0.015s, t(frac)=0.000s
[2025-11-07T10:29:31-03:00] <k>=5.20, p=0.052525, px1=0.20, r_kk_obj=+0.50, r_kk_fin=+0.486, ρ_kx_obj=0.60, ρ_kx_fin=+0.600 -> frac=0.110 | t(attrs)=0.041s, t(frac)=0.000s
[2025-11-07T10:29:31-03:00] Curva lista: <k>=5.20, px1=0.20, r_kk_obj=+0.50, r_kk_fin=+0.486, p=0.052525, t_curva=0.64s (t_gen=0.00s, t_rew=0.50s, t_rho_total=0.13s; t_attrs=0.13s, t_frac=0.00s)
[2025-11-07T10:29:31-03:00] Generada red ER: N=100, <k>_obj=2.50, p=0.025253, L=123, tiempo=0.002s
[2025-11-07T10:29:31-03:00] Rewire r_kk: objetivo=-0.50, alcanzado=-0.490, |Δ|=0.010, iters=151, tiempo=0.238s
[2025-11-07T10:29:31-03:00] <k>=2.50, p=0.025253, px1=0.20, r_kk_obj=-0.50, r_kk_fin=-0.490, ρ_kx_obj=0.00, ρ_kx_fin=-0.003 -> frac=0.070 | t(attrs)=0.004s, t(frac)=0.000s
[2025-11-07T10:29:31-03:00] <k>=2.50, p=0.025253, px1=0.20, r_kk_obj=-0.50, r_kk_fin=-0.490, ρ_kx_obj=0.09, ρ_kx_fin=+0.087 -> frac=0.060 | t(attrs)=0.004s, t(frac)=0.000s
[2025-11-07T10:29:31-03:00] <k>=2.50, p=0.025253, px1=0.20, r_kk_obj=-0.50, r_kk_fin=-0.490, ρ_kx_obj=0.17, ρ_kx_fin=+0.176 -> frac=0.170 | t(attrs)=0.001s, t(frac)=0.000s
[2025-11-07T10:29:31-03:00] <k>=2.50, p=0.025253, px1=0.20, r_kk_obj=-0.50, r_kk_fin=-0.490, ρ_kx_obj=0.26, ρ_kx_fin=+0.251 -> frac=0.150 | t(attrs)=0.009s, t(frac)=0.000s
[2025-11-07T10:29:31-03:00] <k>=2.50, p=0.025253, px1=0.20, r_kk_obj=-0.50, r_kk_fin=-0.490, ρ_kx_obj=0.34, ρ_kx_fin=+0.340 -> frac=0.160 | t(attrs)=0.010s, t(frac)=0.000s
[2025-11-07T10:29:31-03:00] <k>=2.50, p=0.025253, px1=0.20, r_kk_obj=-0.50, r_kk_fin=-0.490, ρ_kx_obj=0.43, ρ_kx_fin=+0.430 -> frac=0.210 | t(attrs)=0.018s, t(frac)=0.000s
[2025-11-07T10:29:31-03:00] <k>=2.50, p=0.025253, px1=0.20, r_kk_obj=-0.50, r_kk_fin=-0.490, ρ_kx_obj=0.51, ρ_kx_fin=+0.519 -> frac=0.250 | t(attrs)=0.035s, t(frac)=0.000s
[2025-11-07T10:29:31-03:00] <k>=2.50, p=0.025253, px1=0.20, r_kk_obj=-0.50, r_kk_fin=-0.490, ρ_kx_obj=0.60, ρ_kx_fin=+0.594 -> frac=0.270 | t(attrs)=0.018s, t(frac)=0.000s
[2025-11-07T10:29:31-03:00] Curva lista: <k>=2.50, px1=0.20, r_kk_obj=-0.50, r_kk_fin=-0.490, p=0.025253, t_curva=0.34s (t_gen=0.00s, t_rew=0.24s, t_rho_total=0.10s; t_attrs=0.10s, t_frac=0.00s)
[2025-11-07T10:29:31-03:00] Generada red ER: N=100, <k>_obj=2.50, p=0.025253, L=123, tiempo=0.004s
[2025-11-07T10:29:31-03:00] Rewire r_kk: objetivo=+0.50, alcanzado=+0.511, |Δ|=0.011, iters=93, tiempo=0.177s
[2025-11-07T10:29:31-03:00] <k>=2.50, p=0.025253, px1=0.10, r_kk_obj=+0.50, r_kk_fin=+0.511, ρ_kx_obj=0.00, ρ_kx_fin=+0.008 -> frac=0.020 | t(attrs)=0.009s, t(frac)=0.000s
[2025-11-07T10:29:31-03:00] <k>=2.50, p=0.025253, px1=0.10, r_kk_obj=+0.50, r_kk_fin=+0.511, ρ_kx_obj=0.09, ρ_kx_fin=+0.088 -> frac=0.040 | t(attrs)=0.000s, t(frac)=0.000s
[2025-11-07T10:29:31-03:00] <k>=2.50, p=0.025253, px1=0.10, r_kk_obj=+0.50, r_kk_fin=+0.511, ρ_kx_obj=0.17, ρ_kx_fin=+0.167 -> frac=0.060 | t(attrs)=0.002s, t(frac)=0.000s
[2025-11-07T10:29:31-03:00] <k>=2.50, p=0.025253, px1=0.10, r_kk_obj=+0.50, r_kk_fin=+0.511, ρ_kx_obj=0.26, ρ_kx_fin=+0.267 -> frac=0.040 | t(attrs)=0.015s, t(frac)=0.000s
[2025-11-07T10:29:31-03:00] <k>=2.50, p=0.025253, px1=0.10, r_kk_obj=+0.50, r_kk_fin=+0.511, ρ_kx_obj=0.34, ρ_kx_fin=+0.346 -> frac=0.040 | t(attrs)=0.022s, t(frac)=0.000s
[2025-11-07T10:29:31-03:00] <k>=2.50, p=0.025253, px1=0.10, r_kk_obj=+0.50, r_kk_fin=+0.511, ρ_kx_obj=0.43, ρ_kx_fin=+0.426 -> frac=0.060 | t(attrs)=0.025s, t(frac)=0.000s
[2025-11-07T10:29:31-03:00] <k>=2.50, p=0.025253, px1=0.10, r_kk_obj=+0.50, r_kk_fin=+0.511, ρ_kx_obj=0.51, ρ_kx_fin=+0.505 -> frac=0.050 | t(attrs)=0.033s, t(frac)=0.000s
[2025-11-07T10:29:31-03:00] <k>=2.50, p=0.025253, px1=0.10, r_kk_obj=+0.50, r_kk_fin=+0.511, ρ_kx_obj=0.60, ρ_kx_fin=+0.605 -> frac=0.020 | t(attrs)=0.125s, t(frac)=0.000s
[2025-11-07T10:29:31-03:00] Curva lista: <k>=2.50, px1=0.10, r_kk_obj=+0.50, r_kk_fin=+0.511, p=0.025253, t_curva=0.42s (t_gen=0.00s, t_rew=0.18s, t_rho_total=0.23s; t_attrs=0.23s, t_frac=0.00s)
[2025-11-07T10:29:33-03:00] Generada red ER: N=100, <k>_obj=5.20, p=0.052525, L=269, tiempo=0.002s
[2025-11-07T10:29:33-03:00] Rewire r_kk: objetivo=+0.00, alcanzado=-0.001, |Δ|=0.001, iters=16, tiempo=0.032s
[2025-11-07T10:29:33-03:00] <k>=5.20, p=0.052525, px1=0.05, r_kk_obj=+0.00, r_kk_fin=-0.001, ρ_kx_obj=0.00, ρ_kx_fin=+0.002 -> frac=0.000 | t(attrs)=0.003s, t(frac)=0.000s
[2025-11-07T10:29:33-03:00] <k>=5.20, p=0.052525, px1=0.05, r_kk_obj=+0.00, r_kk_fin=-0.001, ρ_kx_obj=0.09, ρ_kx_fin=+0.080 -> frac=0.010 | t(attrs)=0.002s, t(frac)=0.000s
[2025-11-07T10:29:33-03:00] <k>=5.20, p=0.052525, px1=0.05, r_kk_obj=+0.00, r_kk_fin=-0.001, ρ_kx_obj=0.17, ρ_kx_fin=+0.178 -> frac=0.010 | t(attrs)=0.009s, t(frac)=0.000s
[2025-11-07T10:29:33-03:00] <k>=5.20, p=0.052525, px1=0.05, r_kk_obj=+0.00, r_kk_fin=-0.001, ρ_kx_obj=0.26, ρ_kx_fin=+0.256 -> frac=0.020 | t(attrs)=0.007s, t(frac)=0.000s
[2025-11-07T10:29:33-03:00] <k>=5.20, p=0.052525, px1=0.05, r_kk_obj=+0.00, r_kk_fin=-0.001, ρ_kx_obj=0.34, ρ_kx_fin=+0.334 -> frac=0.000 | t(attrs)=0.031s, t(frac)=0.000s
[2025-11-07T10:29:33-03:00] <k>=5.20, p=0.052525, px1=0.05, r_kk_obj=+0.00, r_kk_fin=-0.001, ρ_kx_obj=0.43, ρ_kx_fin=+0.432 -> frac=0.010 | t(attrs)=0.036s, t(frac)=0.000s
[2025-11-07T10:29:33-03:00] <k>=5.20, p=0.052525, px1=0.05, r_kk_obj=+0.00, r_kk_fin=-0.001, ρ_kx_obj=0.51, ρ_kx_fin=+0.510 -> frac=0.010 | t(attrs)=0.372s, t(frac)=0.000s
[2025-11-07T10:29:33-03:00] <k>=5.20, p=0.052525, px1=0.05, r_kk_obj=+0.00, r_kk_fin=-0.001, ρ_kx_obj=0.60, ρ_kx_fin=+0.510 -> frac=0.010 | t(attrs)=2.489s, t(frac)=0.000s
[2025-11-07T10:29:33-03:00] Curva lista: <k>=5.20, px1=0.05, r_kk_obj=+0.00, r_kk_fin=-0.001, p=0.052525, t_curva=2.99s (t_gen=0.00s, t_rew=0.03s, t_rho_total=2.95s; t_attrs=2.95s, t_frac=0.00s)
[2025-11-07T10:29:33-03:00] Generada red ER: N=100, <k>_obj=5.20, p=0.052525, L=269, tiempo=0.002s
[2025-11-07T10:29:33-03:00] Rewire r_kk: objetivo=+0.00, alcanzado=-0.001, |Δ|=0.001, iters=16, tiempo=0.031s
[2025-11-07T10:29:33-03:00] <k>=5.20, p=0.052525, px1=0.10, r_kk_obj=+0.00, r_kk_fin=-0.001, ρ_kx_obj=0.00, ρ_kx_fin=+0.003 -> frac=0.010 | t(attrs)=0.007s, t(frac)=0.000s
[2025-11-07T10:29:33-03:00] <k>=5.20, p=0.052525, px1=0.10, r_kk_obj=+0.00, r_kk_fin=-0.001, ρ_kx_obj=0.09, ρ_kx_fin=+0.088 -> frac=0.010 | t(attrs)=0.011s, t(frac)=0.000s
[2025-11-07T10:29:33-03:00] <k>=5.20, p=0.052525, px1=0.10, r_kk_obj=+0.00, r_kk_fin=-0.001, ρ_kx_obj=0.17, ρ_kx_fin=+0.173 -> frac=0.010 | t(attrs)=0.005s, t(frac)=0.000s
[2025-11-07T10:29:33-03:00] <k>=5.20, p=0.052525, px1=0.10, r_kk_obj=+0.00, r_kk_fin=-0.001, ρ_kx_obj=0.26, ρ_kx_fin=+0.258 -> frac=0.000 | t(attrs)=0.022s, t(frac)=0.000s
[2025-11-07T10:29:33-03:00] <k>=5.20, p=0.052525, px1=0.10, r_kk_obj=+0.00, r_kk_fin=-0.001, ρ_kx_obj=0.34, ρ_kx_fin=+0.343 -> frac=0.020 | t(attrs)=0.023s, t(frac)=0.000s
[2025-11-07T10:29:33-03:00] <k>=5.20, p=0.052525, px1=0.10, r_kk_obj=+0.00, r_kk_fin=-0.001, ρ_kx_obj=0.43, ρ_kx_fin=+0.429 -> frac=0.030 | t(attrs)=0.020s, t(frac)=0.000s
[2025-11-07T10:29:33-03:00] <k>=5.20, p=0.052525, px1=0.10, r_kk_obj=+0.00, r_kk_fin=-0.001, ρ_kx_obj=0.51, ρ_kx_fin=+0.514 -> frac=0.000 | t(attrs)=0.038s, t(frac)=0.000s
[2025-11-07T10:29:33-03:00] <k>=5.20, p=0.052525, px1=0.10, r_kk_obj=+0.00, r_kk_fin=-0.001, ρ_kx_obj=0.60, ρ_kx_fin=+0.571 -> frac=0.030 | t(attrs)=2.334s, t(frac)=0.000s
[2025-11-07T10:29:33-03:00] Curva lista: <k>=5.20, px1=0.10, r_kk_obj=+0.00, r_kk_fin=-0.001, p=0.052525, t_curva=2.50s (t_gen=0.00s, t_rew=0.03s, t_rho_total=2.46s; t_attrs=2.46s, t_frac=0.00s)
[2025-11-07T10:29:33-03:00] Generada red ER: N=100, <k>_obj=5.20, p=0.052525, L=269, tiempo=0.002s
[2025-11-07T10:29:33-03:00] Rewire r_kk: objetivo=-0.50, alcanzado=-0.485, |Δ|=0.015, iters=236, tiempo=0.397s
[2025-11-07T10:29:33-03:00] <k>=5.20, p=0.052525, px1=0.05, r_kk_obj=-0.50, r_kk_fin=-0.485, ρ_kx_obj=0.00, ρ_kx_fin=+0.002 -> frac=0.010 | t(attrs)=0.001s, t(frac)=0.000s
[2025-11-07T10:29:33-03:00] <k>=5.20, p=0.052525, px1=0.05, r_kk_obj=-0.50, r_kk_fin=-0.485, ρ_kx_obj=0.09, ρ_kx_fin=+0.080 -> frac=0.000 | t(attrs)=0.004s, t(frac)=0.000s
[2025-11-07T10:29:33-03:00] <k>=5.20, p=0.052525, px1=0.05, r_kk_obj=-0.50, r_kk_fin=-0.485, ρ_kx_obj=0.17, ρ_kx_fin=+0.178 -> frac=0.010 | t(attrs)=0.007s, t(frac)=0.000s
[2025-11-07T10:29:33-03:00] <k>=5.20, p=0.052525, px1=0.05, r_kk_obj=-0.50, r_kk_fin=-0.485, ρ_kx_obj=0.26, ρ_kx_fin=+0.256 -> frac=0.040 | t(attrs)=0.008s, t(frac)=0.000s
[2025-11-07T10:29:33-03:00] <k>=5.20, p=0.052525, px1=0.05, r_kk_obj=-0.50, r_kk_fin=-0.485, ρ_kx_obj=0.34, ρ_kx_fin=+0.334 -> frac=0.020 | t(attrs)=0.025s, t(frac)=0.000s
[2025-11-07T10:29:33-03:00] <k>=5.20, p=0.052525, px1=0.05, r_kk_obj=-0.50, r_kk_fin=-0.485, ρ_kx_obj=0.43, ρ_kx_fin=+0.432 -> frac=0.040 | t(attrs)=0.042s, t(frac)=0.000s
[2025-11-07T10:29:33-03:00] <k>=5.20, p=0.052525, px1=0.05, r_kk_obj=-0.50, r_kk_fin=-0.485, ρ_kx_obj=0.51, ρ_kx_fin=+0.510 -> frac=0.080 | t(attrs)=0.424s, t(frac)=0.000s
[2025-11-07T10:29:33-03:00] <k>=5.20, p=0.052525, px1=0.05, r_kk_obj=-0.50, r_kk_fin=-0.485, ρ_kx_obj=0.60, ρ_kx_fin=+0.510 -> frac=0.080 | t(attrs)=2.295s, t(frac)=0.000s
[2025-11-07T10:29:33-03:00] Curva lista: <k>=5.20, px1=0.05, r_kk_obj=-0.50, r_kk_fin=-0.485, p=0.052525, t_curva=3.21s (t_gen=0.00s, t_rew=0.40s, t_rho_total=2.81s; t_attrs=2.80s, t_frac=0.00s)
[2025-11-07T10:29:33-03:00] Generada red ER: N=100, <k>_obj=5.20, p=0.052525, L=269, tiempo=0.001s
[2025-11-07T10:29:33-03:00] Rewire r_kk: objetivo=+0.50, alcanzado=+0.486, |Δ|=0.014, iters=232, tiempo=0.387s
[2025-11-07T10:29:33-03:00] <k>=5.20, p=0.052525, px1=0.05, r_kk_obj=+0.50, r_kk_fin=+0.486, ρ_kx_obj=0.00, ρ_kx_fin=+0.002 -> frac=0.000 | t(attrs)=0.004s, t(frac)=0.000s
[2025-11-07T10:29:33-03:00] <k>=5.20, p=0.052525, px1=0.05, r_kk_obj=+0.50, r_kk_fin=+0.486, ρ_kx_obj=0.09, ρ_kx_fin=+0.080 -> frac=0.000 | t(attrs)=0.004s, t(frac)=0.000s
[2025-11-07T10:29:33-03:00] <k>=5.20, p=0.052525, px1=0.05, r_kk_obj=+0.50, r_kk_fin=+0.486, ρ_kx_obj=0.17, ρ_kx_fin=+0.178 -> frac=0.000 | t(attrs)=0.007s, t(frac)=0.000s
[2025-11-07T10:29:33-03:00] <k>=5.20, p=0.052525, px1=0.05, r_kk_obj=+0.50, r_kk_fin=+0.486, ρ_kx_obj=0.26, ρ_kx_fin=+0.256 -> frac=0.000 | t(attrs)=0.005s, t(frac)=0.000s
[2025-11-07T10:29:33-03:00] <k>=5.20, p=0.052525, px1=0.05, r_kk_obj=+0.50, r_kk_fin=+0.486, ρ_kx_obj=0.34, ρ_kx_fin=+0.334 -> frac=0.000 | t(attrs)=0.013s, t(frac)=0.000s
[2025-11-07T10:29:33-03:00] <k>=5.20, p=0.052525, px1=0.05, r_kk_obj=+0.50, r_kk_fin=+0.486, ρ_kx_obj=0.43, ρ_kx_fin=+0.432 -> frac=0.000 | t(attrs)=0.025s, t(frac)=0.000s
[2025-11-07T10:29:33-03:00] <k>=5.20, p=0.052525, px1=0.05, r_kk_obj=+0.50, r_kk_fin=+0.486, ρ_kx_obj=0.51, ρ_kx_fin=+0.510 -> frac=0.000 | t(attrs)=0.319s, t(frac)=0.000s
[2025-11-07T10:29:33-03:00] <k>=5.20, p=0.052525, px1=0.05, r_kk_obj=+0.50, r_kk_fin=+0.486, ρ_kx_obj=0.60, ρ_kx_fin=+0.510 -> frac=0.000 | t(attrs)=2.490s, t(frac)=0.000s
[2025-11-07T10:29:33-03:00] Curva lista: <k>=5.20, px1=0.05, r_kk_obj=+0.50, r_kk_fin=+0.486, p=0.052525, t_curva=3.26s (t_gen=0.00s, t_rew=0.39s, t_rho_total=2.87s; t_attrs=2.87s, t_frac=0.00s)
[2025-11-07T10:29:33-03:00] Generada red ER: N=100, <k>_obj=5.20, p=0.052525, L=269, tiempo=0.001s
[2025-11-07T10:29:33-03:00] Rewire r_kk: objetivo=+0.50, alcanzado=+0.486, |Δ|=0.014, iters=232, tiempo=0.472s
[2025-11-07T10:29:33-03:00] <k>=5.20, p=0.052525, px1=0.10, r_kk_obj=+0.50, r_kk_fin=+0.486, ρ_kx_obj=0.00, ρ_kx_fin=+0.003 -> frac=0.000 | t(attrs)=0.003s, t(frac)=0.000s
[2025-11-07T10:29:33-03:00] <k>=5.20, p=0.052525, px1=0.10, r_kk_obj=+0.50, r_kk_fin=+0.486, ρ_kx_obj=0.09, ρ_kx_fin=+0.088 -> frac=0.000 | t(attrs)=0.001s, t(frac)=0.000s
[2025-11-07T10:29:33-03:00] <k>=5.20, p=0.052525, px1=0.10, r_kk_obj=+0.50, r_kk_fin=+0.486, ρ_kx_obj=0.17, ρ_kx_fin=+0.173 -> frac=0.000 | t(attrs)=0.009s, t(frac)=0.000s
[2025-11-07T10:29:33-03:00] <k>=5.20, p=0.052525, px1=0.10, r_kk_obj=+0.50, r_kk_fin=+0.486, ρ_kx_obj=0.26, ρ_kx_fin=+0.258 -> frac=0.000 | t(attrs)=0.009s, t(frac)=0.000s
[2025-11-07T10:29:33-03:00] <k>=5.20, p=0.052525, px1=0.10, r_kk_obj=+0.50, r_kk_fin=+0.486, ρ_kx_obj=0.34, ρ_kx_fin=+0.343 -> frac=0.000 | t(attrs)=0.016s, t(frac)=0.000s
[2025-11-07T10:29:33-03:00] <k>=5.20, p=0.052525, px1=0.10, r_kk_obj=+0.50, r_kk_fin=+0.486, ρ_kx_obj=0.43, ρ_kx_fin=+0.429 -> frac=0.000 | t(attrs)=0.029s, t(frac)=0.000s
[2025-11-07T10:29:33-03:00] <k>=5.20, p=0.052525, px1=0.10, r_kk_obj=+0.50, r_kk_fin=+0.486, ρ_kx_obj=0.51, ρ_kx_fin=+0.514 -> frac=0.000 | t(attrs)=0.040s, t(frac)=0.000s
[2025-11-07T10:29:33-03:00] <k>=5.20, p=0.052525, px1=0.10, r_kk_obj=+0.50, r_kk_fin=+0.486, ρ_kx_obj=0.60, ρ_kx_fin=+0.571 -> frac=0.000 | t(attrs)=2.293s, t(frac)=0.000s
[2025-11-07T10:29:33-03:00] Curva lista: <k>=5.20, px1=0.10, r_kk_obj=+0.50, r_kk_fin=+0.486, p=0.052525, t_curva=2.88s (t_gen=0.00s, t_rew=0.47s, t_rho_total=2.40s; t_attrs=2.40s, t_frac=0.00s)
[2025-11-07T10:29:33-03:00] Generada red ER: N=100, <k>_obj=5.20, p=0.052525, L=269, tiempo=0.002s
[2025-11-07T10:29:33-03:00] Rewire r_kk: objetivo=-0.50, alcanzado=-0.485, |Δ|=0.015, iters=236, tiempo=0.470s
[2025-11-07T10:29:33-03:00] <k>=5.20, p=0.052525, px1=0.10, r_kk_obj=-0.50, r_kk_fin=-0.485, ρ_kx_obj=0.00, ρ_kx_fin=+0.003 -> frac=0.020 | t(attrs)=0.006s, t(frac)=0.000s
[2025-11-07T10:29:33-03:00] <k>=5.20, p=0.052525, px1=0.10, r_kk_obj=-0.50, r_kk_fin=-0.485, ρ_kx_obj=0.09, ρ_kx_fin=+0.088 -> frac=0.000 | t(attrs)=0.011s, t(frac)=0.000s
[2025-11-07T10:29:33-03:00] <k>=5.20, p=0.052525, px1=0.10, r_kk_obj=-0.50, r_kk_fin=-0.485, ρ_kx_obj=0.17, ρ_kx_fin=+0.173 -> frac=0.020 | t(attrs)=0.003s, t(frac)=0.000s
[2025-11-07T10:29:33-03:00] <k>=5.20, p=0.052525, px1=0.10, r_kk_obj=-0.50, r_kk_fin=-0.485, ρ_kx_obj=0.26, ρ_kx_fin=+0.258 -> frac=0.040 | t(attrs)=0.041s, t(frac)=0.000s
[2025-11-07T10:29:33-03:00] <k>=5.20, p=0.052525, px1=0.10, r_kk_obj=-0.50, r_kk_fin=-0.485, ρ_kx_obj=0.34, ρ_kx_fin=+0.343 -> frac=0.060 | t(attrs)=0.018s, t(frac)=0.000s
[2025-11-07T10:29:33-03:00] <k>=5.20, p=0.052525, px1=0.10, r_kk_obj=-0.50, r_kk_fin=-0.485, ρ_kx_obj=0.43, ρ_kx_fin=+0.429 -> frac=0.080 | t(attrs)=0.054s, t(frac)=0.000s
[2025-11-07T10:29:33-03:00] <k>=5.20, p=0.052525, px1=0.10, r_kk_obj=-0.50, r_kk_fin=-0.485, ρ_kx_obj=0.51, ρ_kx_fin=+0.514 -> frac=0.100 | t(attrs)=0.122s, t(frac)=0.000s
[2025-11-07T10:29:33-03:00] <k>=5.20, p=0.052525, px1=0.10, r_kk_obj=-0.50, r_kk_fin=-0.485, ρ_kx_obj=0.60, ρ_kx_fin=+0.571 -> frac=0.110 | t(attrs)=2.410s, t(frac)=0.000s
[2025-11-07T10:29:33-03:00] Curva lista: <k>=5.20, px1=0.10, r_kk_obj=-0.50, r_kk_fin=-0.485, p=0.052525, t_curva=3.14s (t_gen=0.00s, t_rew=0.47s, t_rho_total=2.67s; t_attrs=2.67s, t_frac=0.00s)
[2025-11-07T10:29:39-03:00] Generada red ER: N=100, <k>_obj=2.50, p=0.025253, L=123, tiempo=0.001s
[2025-11-07T10:29:39-03:00] Rewire r_kk: objetivo=+0.00, alcanzado=+0.005, |Δ|=0.005, iters=0, tiempo=0.002s
[2025-11-07T10:29:39-03:00] <k>=2.50, p=0.025253, px1=0.05, r_kk_obj=+0.00, r_kk_fin=+0.005, ρ_kx_obj=0.00, ρ_kx_fin=-0.008 -> frac=0.010 | t(attrs)=0.006s, t(frac)=0.000s
[2025-11-07T10:29:39-03:00] <k>=2.50, p=0.025253, px1=0.05, r_kk_obj=+0.00, r_kk_fin=+0.005, ρ_kx_obj=0.09, ρ_kx_fin=+0.074 -> frac=0.010 | t(attrs)=2.328s, t(frac)=0.000s
[2025-11-07T10:29:39-03:00] <k>=2.50, p=0.025253, px1=0.05, r_kk_obj=+0.00, r_kk_fin=+0.005, ρ_kx_obj=0.17, ρ_kx_fin=+0.183 -> frac=0.020 | t(attrs)=1.911s, t(frac)=0.000s
[2025-11-07T10:29:39-03:00] <k>=2.50, p=0.025253, px1=0.05, r_kk_obj=+0.00, r_kk_fin=+0.005, ρ_kx_obj=0.26, ρ_kx_fin=+0.266 -> frac=0.040 | t(attrs)=0.008s, t(frac)=0.000s
[2025-11-07T10:29:39-03:00] <k>=2.50, p=0.025253, px1=0.05, r_kk_obj=+0.00, r_kk_fin=+0.005, ρ_kx_obj=0.34, ρ_kx_fin=+0.348 -> frac=0.010 | t(attrs)=0.008s, t(frac)=0.000s
[2025-11-07T10:29:39-03:00] <k>=2.50, p=0.025253, px1=0.05, r_kk_obj=+0.00, r_kk_fin=+0.005, ρ_kx_obj=0.43, ρ_kx_fin=+0.430 -> frac=0.060 | t(attrs)=0.013s, t(frac)=0.000s
[2025-11-07T10:29:39-03:00] <k>=2.50, p=0.025253, px1=0.05, r_kk_obj=+0.00, r_kk_fin=+0.005, ρ_kx_obj=0.51, ρ_kx_fin=+0.485 -> frac=0.050 | t(attrs)=2.028s, t(frac)=0.000s
[2025-11-07T10:29:39-03:00] <k>=2.50, p=0.025253, px1=0.05, r_kk_obj=+0.00, r_kk_fin=+0.005, ρ_kx_obj=0.60, ρ_kx_fin=+0.485 -> frac=0.050 | t(attrs)=1.841s, t(frac)=0.000s
[2025-11-07T10:29:39-03:00] Curva lista: <k>=2.50, px1=0.05, r_kk_obj=+0.00, r_kk_fin=+0.005, p=0.025253, t_curva=8.15s (t_gen=0.00s, t_rew=0.00s, t_rho_total=8.14s; t_attrs=8.14s, t_frac=0.00s)
[2025-11-07T10:29:39-03:00] Generada red ER: N=100, <k>_obj=2.50, p=0.025253, L=123, tiempo=0.002s
[2025-11-07T10:29:39-03:00] Rewire r_kk: objetivo=-0.50, alcanzado=-0.490, |Δ|=0.010, iters=151, tiempo=0.285s
[2025-11-07T10:29:39-03:00] <k>=2.50, p=0.025253, px1=0.05, r_kk_obj=-0.50, r_kk_fin=-0.490, ρ_kx_obj=0.00, ρ_kx_fin=-0.008 -> frac=0.000 | t(attrs)=0.006s, t(frac)=0.000s
[2025-11-07T10:29:39-03:00] <k>=2.50, p=0.025253, px1=0.05, r_kk_obj=-0.50, r_kk_fin=-0.490, ρ_kx_obj=0.09, ρ_kx_fin=+0.074 -> frac=0.010 | t(attrs)=2.219s, t(frac)=0.000s
[2025-11-07T10:29:39-03:00] <k>=2.50, p=0.025253, px1=0.05, r_kk_obj=-0.50, r_kk_fin=-0.490, ρ_kx_obj=0.17, ρ_kx_fin=+0.183 -> frac=0.050 | t(attrs)=1.965s, t(frac)=0.000s
[2025-11-07T10:29:39-03:00] <k>=2.50, p=0.025253, px1=0.05, r_kk_obj=-0.50, r_kk_fin=-0.490, ρ_kx_obj=0.26, ρ_kx_fin=+0.266 -> frac=0.040 | t(attrs)=0.001s, t(frac)=0.000s
[2025-11-07T10:29:39-03:00] <k>=2.50, p=0.025253, px1=0.05, r_kk_obj=-0.50, r_kk_fin=-0.490, ρ_kx_obj=0.34, ρ_kx_fin=+0.348 -> frac=0.070 | t(attrs)=0.011s, t(frac)=0.000s
[2025-11-07T10:29:39-03:00] <k>=2.50, p=0.025253, px1=0.05, r_kk_obj=-0.50, r_kk_fin=-0.490, ρ_kx_obj=0.43, ρ_kx_fin=+0.430 -> frac=0.100 | t(attrs)=0.027s, t(frac)=0.000s
[2025-11-07T10:29:39-03:00] <k>=2.50, p=0.025253, px1=0.05, r_kk_obj=-0.50, r_kk_fin=-0.490, ρ_kx_obj=0.51, ρ_kx_fin=+0.485 -> frac=0.150 | t(attrs)=1.855s, t(frac)=0.000s
[2025-11-07T10:29:39-03:00] <k>=2.50, p=0.025253, px1=0.05, r_kk_obj=-0.50, r_kk_fin=-0.490, ρ_kx_obj=0.60, ρ_kx_fin=+0.485 -> frac=0.150 | t(attrs)=1.825s, t(frac)=0.000s
[2025-11-07T10:29:39-03:00] Curva lista: <k>=2.50, px1=0.05, r_kk_obj=-0.50, r_kk_fin=-0.490, p=0.025253, t_curva=8.20s (t_gen=0.00s, t_rew=0.28s, t_rho_total=7.91s; t_attrs=7.91s, t_frac=0.00s)
[2025-11-07T10:29:39-03:00] Generada red ER: N=100, <k>_obj=2.50, p=0.025253, L=123, tiempo=0.002s
[2025-11-07T10:29:39-03:00] Rewire r_kk: objetivo=+0.50, alcanzado=+0.511, |Δ|=0.011, iters=93, tiempo=0.154s
[2025-11-07T10:29:39-03:00] <k>=2.50, p=0.025253, px1=0.05, r_kk_obj=+0.50, r_kk_fin=+0.511, ρ_kx_obj=0.00, ρ_kx_fin=-0.008 -> frac=0.020 | t(attrs)=0.007s, t(frac)=0.000s
[2025-11-07T10:29:39-03:00] <k>=2.50, p=0.025253, px1=0.05, r_kk_obj=+0.50, r_kk_fin=+0.511, ρ_kx_obj=0.09, ρ_kx_fin=+0.074 -> frac=0.010 | t(attrs)=2.412s, t(frac)=0.000s
[2025-11-07T10:29:39-03:00] <k>=2.50, p=0.025253, px1=0.05, r_kk_obj=+0.50, r_kk_fin=+0.511, ρ_kx_obj=0.17, ρ_kx_fin=+0.183 -> frac=0.040 | t(attrs)=1.893s, t(frac)=0.000s
[2025-11-07T10:29:39-03:00] <k>=2.50, p=0.025253, px1=0.05, r_kk_obj=+0.50, r_kk_fin=+0.511, ρ_kx_obj=0.26, ρ_kx_fin=+0.266 -> frac=0.000 | t(attrs)=0.002s, t(frac)=0.000s
[2025-11-07T10:29:39-03:00] <k>=2.50, p=0.025253, px1=0.05, r_kk_obj=+0.50, r_kk_fin=+0.511, ρ_kx_obj=0.34, ρ_kx_fin=+0.348 -> frac=0.000 | t(attrs)=0.004s, t(frac)=0.000s
[2025-11-07T10:29:39-03:00] <k>=2.50, p=0.025253, px1=0.05, r_kk_obj=+0.50, r_kk_fin=+0.511, ρ_kx_obj=0.43, ρ_kx_fin=+0.430 -> frac=0.000 | t(attrs)=0.020s, t(frac)=0.000s
[2025-11-07T10:29:39-03:00] <k>=2.50, p=0.025253, px1=0.05, r_kk_obj=+0.50, r_kk_fin=+0.511, ρ_kx_obj=0.51, ρ_kx_fin=+0.485 -> frac=0.000 | t(attrs)=2.032s, t(frac)=0.000s
[2025-11-07T10:29:39-03:00] <k>=2.50, p=0.025253, px1=0.05, r_kk_obj=+0.50, r_kk_fin=+0.511, ρ_kx_obj=0.60, ρ_kx_fin=+0.485 -> frac=0.000 | t(attrs)=1.750s, t(frac)=0.000s
[2025-11-07T10:29:39-03:00] Curva lista: <k>=2.50, px1=0.05, r_kk_obj=+0.50, r_kk_fin=+0.511, p=0.025253, t_curva=8.28s (t_gen=0.00s, t_rew=0.15s, t_rho_total=8.12s; t_attrs=8.12s, t_frac=0.00s)
[2025-11-07T10:29:39-03:00] Generando figura...
[2025-11-07T10:29:41-03:00] Figuras guardadas en: run-e2r\251107-102927_N100\fig3_ER.png y run-e2r\251107-102927_N100\fig3_ER.pdf
[2025-11-07T10:29:41-03:00] Fin experimento Fig3-ER | tiempo total=13.82s (~0.23 min) | carpeta=run-e2r\251107-102927_N100
