[2025-11-07T12:11:28-03:00] Ejecutando script: Erdos-Renyi-v2.py | ruta=C:\Users\dcaceres\Documents\Magister\Trimestre 2\CS Redes\Tarea 2\python\Erdos-Renyi-v2.py
[2025-11-07T12:11:28-03:00] Inicio experimento Fig3-ER (paralelo por procesos) | carpeta=run-e2r\251107121128_N1000
[2025-11-07T12:11:28-03:00] Procesos: usados=18, cpu_count=22
[2025-11-07T12:11:28-03:00] Parámetros: N=1000, <k>=[5.2, 2.5], px1=[0.05, 0.1, 0.2], r_kk=[-0.5, 0.0, 0.5, 0.7], ρ_kx=[np.float64(0.0), np.float64(0.11), np.float64(0.23), np.float64(0.34), np.float64(0.46), np.float64(0.57), np.float64(0.69), np.float64(0.8)], seed=12021974
[2025-11-07T12:11:40-03:00] Generada red ER: N=1000, <k>_obj=5.20, p=0.005205, L=2603, tiempo=0.070s
[2025-11-07T12:11:40-03:00] Rewire r_kk: objetivo=+0.00, alcanzado=-0.001, |Δ|=0.001, iters=0, tiempo=0.018s
[2025-11-07T12:11:40-03:00] <k>=5.20, p=0.005205, px1=0.20, r_kk_obj=+0.00, r_kk_fin=-0.001, ρ_kx_obj=0.00, ρ_kx_fin=-0.008 -> frac=0.044 | t(attrs)=0.005s, t(frac)=0.004s
[2025-11-07T12:11:40-03:00] <k>=5.20, p=0.005205, px1=0.20, r_kk_obj=+0.00, r_kk_fin=-0.001, ρ_kx_obj=0.11, ρ_kx_fin=+0.105 -> frac=0.061 | t(attrs)=0.039s, t(frac)=0.005s
[2025-11-07T12:11:40-03:00] <k>=5.20, p=0.005205, px1=0.20, r_kk_obj=+0.00, r_kk_fin=-0.001, ρ_kx_obj=0.23, ρ_kx_fin=+0.220 -> frac=0.066 | t(attrs)=0.113s, t(frac)=0.004s
[2025-11-07T12:11:40-03:00] <k>=5.20, p=0.005205, px1=0.20, r_kk_obj=+0.00, r_kk_fin=-0.001, ρ_kx_obj=0.34, ρ_kx_fin=+0.333 -> frac=0.085 | t(attrs)=0.336s, t(frac)=0.007s
[2025-11-07T12:11:40-03:00] <k>=5.20, p=0.005205, px1=0.20, r_kk_obj=+0.00, r_kk_fin=-0.001, ρ_kx_obj=0.46, ρ_kx_fin=+0.448 -> frac=0.108 | t(attrs)=0.387s, t(frac)=0.004s
[2025-11-07T12:11:40-03:00] <k>=5.20, p=0.005205, px1=0.20, r_kk_obj=+0.00, r_kk_fin=-0.001, ρ_kx_obj=0.57, ρ_kx_fin=+0.562 -> frac=0.116 | t(attrs)=0.422s, t(frac)=0.003s
[2025-11-07T12:11:40-03:00] <k>=5.20, p=0.005205, px1=0.20, r_kk_obj=+0.00, r_kk_fin=-0.001, ρ_kx_obj=0.69, ρ_kx_fin=+0.677 -> frac=0.138 | t(attrs)=0.917s, t(frac)=0.003s
[2025-11-07T12:11:40-03:00] <k>=5.20, p=0.005205, px1=0.20, r_kk_obj=+0.00, r_kk_fin=-0.001, ρ_kx_obj=0.80, ρ_kx_fin=+0.731 -> frac=0.147 | t(attrs)=4.715s, t(frac)=0.004s
[2025-11-07T12:11:40-03:00] Curva lista: <k>=5.20, px1=0.20, r_kk_obj=+0.00, r_kk_fin=-0.001, p=0.005205, t_curva=7.06s (t_gen=0.07s, t_rew=0.02s, t_rho_total=6.97s; t_attrs=6.94s, t_frac=0.04s)
[2025-11-07T12:11:43-03:00] Generada red ER: N=1000, <k>_obj=5.20, p=0.005205, L=2603, tiempo=0.069s
[2025-11-07T12:11:43-03:00] Rewire r_kk: objetivo=+0.00, alcanzado=-0.001, |Δ|=0.001, iters=0, tiempo=0.038s
[2025-11-07T12:11:43-03:00] <k>=5.20, p=0.005205, px1=0.10, r_kk_obj=+0.00, r_kk_fin=-0.001, ρ_kx_obj=0.00, ρ_kx_fin=-0.007 -> frac=0.008 | t(attrs)=0.006s, t(frac)=0.008s
[2025-11-07T12:11:43-03:00] <k>=5.20, p=0.005205, px1=0.10, r_kk_obj=+0.00, r_kk_fin=-0.001, ρ_kx_obj=0.11, ρ_kx_fin=+0.107 -> frac=0.013 | t(attrs)=0.046s, t(frac)=0.008s
[2025-11-07T12:11:43-03:00] <k>=5.20, p=0.005205, px1=0.10, r_kk_obj=+0.00, r_kk_fin=-0.001, ρ_kx_obj=0.23, ρ_kx_fin=+0.220 -> frac=0.016 | t(attrs)=0.107s, t(frac)=0.003s
[2025-11-07T12:11:43-03:00] <k>=5.20, p=0.005205, px1=0.10, r_kk_obj=+0.00, r_kk_fin=-0.001, ρ_kx_obj=0.34, ρ_kx_fin=+0.335 -> frac=0.023 | t(attrs)=0.145s, t(frac)=0.003s
[2025-11-07T12:11:43-03:00] <k>=5.20, p=0.005205, px1=0.10, r_kk_obj=+0.00, r_kk_fin=-0.001, ρ_kx_obj=0.46, ρ_kx_fin=+0.454 -> frac=0.031 | t(attrs)=0.447s, t(frac)=0.003s
[2025-11-07T12:11:43-03:00] <k>=5.20, p=0.005205, px1=0.10, r_kk_obj=+0.00, r_kk_fin=-0.001, ρ_kx_obj=0.57, ρ_kx_fin=+0.562 -> frac=0.029 | t(attrs)=0.865s, t(frac)=0.003s
[2025-11-07T12:11:43-03:00] <k>=5.20, p=0.005205, px1=0.10, r_kk_obj=+0.00, r_kk_fin=-0.001, ρ_kx_obj=0.69, ρ_kx_fin=+0.628 -> frac=0.040 | t(attrs)=4.484s, t(frac)=0.004s
[2025-11-07T12:11:43-03:00] <k>=5.20, p=0.005205, px1=0.10, r_kk_obj=+0.00, r_kk_fin=-0.001, ρ_kx_obj=0.80, ρ_kx_fin=+0.628 -> frac=0.030 | t(attrs)=4.267s, t(frac)=0.005s
[2025-11-07T12:11:43-03:00] Curva lista: <k>=5.20, px1=0.10, r_kk_obj=+0.00, r_kk_fin=-0.001, p=0.005205, t_curva=10.51s (t_gen=0.07s, t_rew=0.04s, t_rho_total=10.40s; t_attrs=10.37s, t_frac=0.04s)
[2025-11-07T12:11:44-03:00] Generada red ER: N=1000, <k>_obj=2.50, p=0.002503, L=1286, tiempo=0.064s
[2025-11-07T12:11:44-03:00] Rewire r_kk: objetivo=+0.00, alcanzado=+0.014, |Δ|=0.014, iters=34, tiempo=0.624s
[2025-11-07T12:11:44-03:00] <k>=2.50, p=0.002503, px1=0.10, r_kk_obj=+0.00, r_kk_fin=+0.014, ρ_kx_obj=0.00, ρ_kx_fin=+0.008 -> frac=0.033 | t(attrs)=0.006s, t(frac)=0.003s
[2025-11-07T12:11:44-03:00] <k>=2.50, p=0.002503, px1=0.10, r_kk_obj=+0.00, r_kk_fin=+0.014, ρ_kx_obj=0.11, ρ_kx_fin=+0.105 -> frac=0.031 | t(attrs)=0.024s, t(frac)=0.003s
[2025-11-07T12:11:44-03:00] <k>=2.50, p=0.002503, px1=0.10, r_kk_obj=+0.00, r_kk_fin=+0.014, ρ_kx_obj=0.23, ρ_kx_fin=+0.219 -> frac=0.048 | t(attrs)=0.054s, t(frac)=0.003s
[2025-11-07T12:11:44-03:00] <k>=2.50, p=0.002503, px1=0.10, r_kk_obj=+0.00, r_kk_fin=+0.014, ρ_kx_obj=0.34, ρ_kx_fin=+0.339 -> frac=0.067 | t(attrs)=0.120s, t(frac)=0.003s
[2025-11-07T12:11:44-03:00] <k>=2.50, p=0.002503, px1=0.10, r_kk_obj=+0.00, r_kk_fin=+0.014, ρ_kx_obj=0.46, ρ_kx_fin=+0.449 -> frac=0.079 | t(attrs)=0.202s, t(frac)=0.003s
[2025-11-07T12:11:44-03:00] <k>=2.50, p=0.002503, px1=0.10, r_kk_obj=+0.00, r_kk_fin=+0.014, ρ_kx_obj=0.57, ρ_kx_fin=+0.563 -> frac=0.097 | t(attrs)=0.736s, t(frac)=0.005s
[2025-11-07T12:11:44-03:00] <k>=2.50, p=0.002503, px1=0.10, r_kk_obj=+0.00, r_kk_fin=+0.014, ρ_kx_obj=0.69, ρ_kx_fin=+0.639 -> frac=0.096 | t(attrs)=4.836s, t(frac)=0.003s
[2025-11-07T12:11:44-03:00] <k>=2.50, p=0.002503, px1=0.10, r_kk_obj=+0.00, r_kk_fin=+0.014, ρ_kx_obj=0.80, ρ_kx_fin=+0.643 -> frac=0.093 | t(attrs)=4.118s, t(frac)=0.003s
[2025-11-07T12:11:44-03:00] Curva lista: <k>=2.50, px1=0.10, r_kk_obj=+0.00, r_kk_fin=+0.014, p=0.002503, t_curva=10.81s (t_gen=0.06s, t_rew=0.62s, t_rho_total=10.12s; t_attrs=10.10s, t_frac=0.02s)
[2025-11-07T12:11:46-03:00] Generada red ER: N=1000, <k>_obj=5.20, p=0.005205, L=2603, tiempo=0.069s
[2025-11-07T12:11:46-03:00] Rewire r_kk: objetivo=+0.00, alcanzado=-0.001, |Δ|=0.001, iters=0, tiempo=0.012s
[2025-11-07T12:11:46-03:00] <k>=5.20, p=0.005205, px1=0.05, r_kk_obj=+0.00, r_kk_fin=-0.001, ρ_kx_obj=0.00, ρ_kx_fin=-0.009 -> frac=0.000 | t(attrs)=0.012s, t(frac)=0.003s
[2025-11-07T12:11:46-03:00] <k>=5.20, p=0.005205, px1=0.05, r_kk_obj=+0.00, r_kk_fin=-0.001, ρ_kx_obj=0.11, ρ_kx_fin=+0.105 -> frac=0.001 | t(attrs)=0.023s, t(frac)=0.004s
[2025-11-07T12:11:46-03:00] <k>=5.20, p=0.005205, px1=0.05, r_kk_obj=+0.00, r_kk_fin=-0.001, ρ_kx_obj=0.23, ρ_kx_fin=+0.222 -> frac=0.010 | t(attrs)=0.055s, t(frac)=0.003s
[2025-11-07T12:11:46-03:00] <k>=5.20, p=0.005205, px1=0.05, r_kk_obj=+0.00, r_kk_fin=-0.001, ρ_kx_obj=0.34, ρ_kx_fin=+0.334 -> frac=0.006 | t(attrs)=0.169s, t(frac)=0.006s
[2025-11-07T12:11:46-03:00] <k>=5.20, p=0.005205, px1=0.05, r_kk_obj=+0.00, r_kk_fin=-0.001, ρ_kx_obj=0.46, ρ_kx_fin=+0.448 -> frac=0.011 | t(attrs)=0.508s, t(frac)=0.004s
[2025-11-07T12:11:46-03:00] <k>=5.20, p=0.005205, px1=0.05, r_kk_obj=+0.00, r_kk_fin=-0.001, ρ_kx_obj=0.57, ρ_kx_fin=+0.515 -> frac=0.009 | t(attrs)=4.492s, t(frac)=0.005s
[2025-11-07T12:11:46-03:00] <k>=5.20, p=0.005205, px1=0.05, r_kk_obj=+0.00, r_kk_fin=-0.001, ρ_kx_obj=0.69, ρ_kx_fin=+0.517 -> frac=0.009 | t(attrs)=4.671s, t(frac)=0.003s
[2025-11-07T12:11:46-03:00] <k>=5.20, p=0.005205, px1=0.05, r_kk_obj=+0.00, r_kk_fin=-0.001, ρ_kx_obj=0.80, ρ_kx_fin=+0.515 -> frac=0.010 | t(attrs)=3.838s, t(frac)=0.005s
[2025-11-07T12:11:46-03:00] Curva lista: <k>=5.20, px1=0.05, r_kk_obj=+0.00, r_kk_fin=-0.001, p=0.005205, t_curva=13.89s (t_gen=0.07s, t_rew=0.01s, t_rho_total=13.80s; t_attrs=13.77s, t_frac=0.03s)
[2025-11-07T12:11:47-03:00] Generada red ER: N=1000, <k>_obj=2.50, p=0.002503, L=1286, tiempo=0.071s
[2025-11-07T12:11:47-03:00] Rewire r_kk: objetivo=+0.00, alcanzado=+0.014, |Δ|=0.014, iters=34, tiempo=0.533s
[2025-11-07T12:11:47-03:00] <k>=2.50, p=0.002503, px1=0.05, r_kk_obj=+0.00, r_kk_fin=+0.014, ρ_kx_obj=0.00, ρ_kx_fin=-0.002 -> frac=0.016 | t(attrs)=0.002s, t(frac)=0.007s
[2025-11-07T12:11:47-03:00] <k>=2.50, p=0.002503, px1=0.05, r_kk_obj=+0.00, r_kk_fin=+0.014, ρ_kx_obj=0.11, ρ_kx_fin=+0.106 -> frac=0.016 | t(attrs)=0.030s, t(frac)=0.008s
[2025-11-07T12:11:47-03:00] <k>=2.50, p=0.002503, px1=0.05, r_kk_obj=+0.00, r_kk_fin=+0.014, ρ_kx_obj=0.23, ρ_kx_fin=+0.219 -> frac=0.020 | t(attrs)=0.132s, t(frac)=0.003s
[2025-11-07T12:11:47-03:00] <k>=2.50, p=0.002503, px1=0.05, r_kk_obj=+0.00, r_kk_fin=+0.014, ρ_kx_obj=0.34, ρ_kx_fin=+0.335 -> frac=0.031 | t(attrs)=0.208s, t(frac)=0.002s
[2025-11-07T12:11:47-03:00] <k>=2.50, p=0.002503, px1=0.05, r_kk_obj=+0.00, r_kk_fin=+0.014, ρ_kx_obj=0.46, ρ_kx_fin=+0.451 -> frac=0.040 | t(attrs)=0.373s, t(frac)=0.002s
[2025-11-07T12:11:47-03:00] <k>=2.50, p=0.002503, px1=0.05, r_kk_obj=+0.00, r_kk_fin=+0.014, ρ_kx_obj=0.57, ρ_kx_fin=+0.532 -> frac=0.034 | t(attrs)=4.581s, t(frac)=0.004s
[2025-11-07T12:11:47-03:00] <k>=2.50, p=0.002503, px1=0.05, r_kk_obj=+0.00, r_kk_fin=+0.014, ρ_kx_obj=0.69, ρ_kx_fin=+0.527 -> frac=0.035 | t(attrs)=4.158s, t(frac)=0.002s
[2025-11-07T12:11:47-03:00] <k>=2.50, p=0.002503, px1=0.05, r_kk_obj=+0.00, r_kk_fin=+0.014, ρ_kx_obj=0.80, ρ_kx_fin=+0.532 -> frac=0.037 | t(attrs)=3.667s, t(frac)=0.003s
[2025-11-07T12:11:47-03:00] Curva lista: <k>=2.50, px1=0.05, r_kk_obj=+0.00, r_kk_fin=+0.014, p=0.002503, t_curva=13.79s (t_gen=0.07s, t_rew=0.53s, t_rho_total=13.18s; t_attrs=13.15s, t_frac=0.03s)
[2025-11-07T12:11:53-03:00] Generada red ER: N=1000, <k>_obj=2.50, p=0.002503, L=1286, tiempo=0.061s
[2025-11-07T12:11:53-03:00] Rewire r_kk: objetivo=+0.00, alcanzado=+0.014, |Δ|=0.014, iters=34, tiempo=0.541s
[2025-11-07T12:11:53-03:00] <k>=2.50, p=0.002503, px1=0.20, r_kk_obj=+0.00, r_kk_fin=+0.014, ρ_kx_obj=0.00, ρ_kx_fin=+0.004 -> frac=0.075 | t(attrs)=0.001s, t(frac)=0.003s
[2025-11-07T12:11:53-03:00] <k>=2.50, p=0.002503, px1=0.20, r_kk_obj=+0.00, r_kk_fin=+0.014, ρ_kx_obj=0.11, ρ_kx_fin=+0.105 -> frac=0.088 | t(attrs)=0.037s, t(frac)=0.004s
[2025-11-07T12:11:53-03:00] <k>=2.50, p=0.002503, px1=0.20, r_kk_obj=+0.00, r_kk_fin=+0.014, ρ_kx_obj=0.23, ρ_kx_fin=+0.219 -> frac=0.118 | t(attrs)=0.089s, t(frac)=0.003s
[2025-11-07T12:11:53-03:00] <k>=2.50, p=0.002503, px1=0.20, r_kk_obj=+0.00, r_kk_fin=+0.014, ρ_kx_obj=0.34, ρ_kx_fin=+0.338 -> frac=0.137 | t(attrs)=0.146s, t(frac)=0.003s
[2025-11-07T12:11:53-03:00] <k>=2.50, p=0.002503, px1=0.20, r_kk_obj=+0.00, r_kk_fin=+0.014, ρ_kx_obj=0.46, ρ_kx_fin=+0.449 -> frac=0.177 | t(attrs)=0.264s, t(frac)=0.003s
[2025-11-07T12:11:53-03:00] <k>=2.50, p=0.002503, px1=0.20, r_kk_obj=+0.00, r_kk_fin=+0.014, ρ_kx_obj=0.57, ρ_kx_fin=+0.562 -> frac=0.197 | t(attrs)=0.449s, t(frac)=0.004s
[2025-11-07T12:11:53-03:00] <k>=2.50, p=0.002503, px1=0.20, r_kk_obj=+0.00, r_kk_fin=+0.014, ρ_kx_obj=0.69, ρ_kx_fin=+0.676 -> frac=0.210 | t(attrs)=1.023s, t(frac)=0.004s
[2025-11-07T12:11:53-03:00] <k>=2.50, p=0.002503, px1=0.20, r_kk_obj=+0.00, r_kk_fin=+0.014, ρ_kx_obj=0.80, ρ_kx_fin=+0.722 -> frac=0.242 | t(attrs)=4.193s, t(frac)=0.003s
[2025-11-07T12:11:53-03:00] Curva lista: <k>=2.50, px1=0.20, r_kk_obj=+0.00, r_kk_fin=+0.014, p=0.002503, t_curva=6.83s (t_gen=0.06s, t_rew=0.54s, t_rho_total=6.23s; t_attrs=6.20s, t_frac=0.03s)
[2025-11-07T12:12:07-03:00] Generada red ER: N=1000, <k>_obj=2.50, p=0.002503, L=1286, tiempo=0.065s
[2025-11-07T12:12:07-03:00] Rewire r_kk: objetivo=+0.50, alcanzado=+0.485, |Δ|=0.015, iters=1090, tiempo=19.667s
[2025-11-07T12:12:07-03:00] <k>=2.50, p=0.002503, px1=0.05, r_kk_obj=+0.50, r_kk_fin=+0.485, ρ_kx_obj=0.00, ρ_kx_fin=+0.010 -> frac=0.009 | t(attrs)=0.002s, t(frac)=0.002s
[2025-11-07T12:12:07-03:00] <k>=2.50, p=0.002503, px1=0.05, r_kk_obj=+0.50, r_kk_fin=+0.485, ρ_kx_obj=0.11, ρ_kx_fin=+0.109 -> frac=0.012 | t(attrs)=0.035s, t(frac)=0.004s
[2025-11-07T12:12:07-03:00] <k>=2.50, p=0.002503, px1=0.05, r_kk_obj=+0.50, r_kk_fin=+0.485, ρ_kx_obj=0.23, ρ_kx_fin=+0.219 -> frac=0.013 | t(attrs)=0.063s, t(frac)=0.004s
[2025-11-07T12:12:07-03:00] <k>=2.50, p=0.002503, px1=0.05, r_kk_obj=+0.50, r_kk_fin=+0.485, ρ_kx_obj=0.34, ρ_kx_fin=+0.335 -> frac=0.016 | t(attrs)=0.178s, t(frac)=0.003s
[2025-11-07T12:12:07-03:00] <k>=2.50, p=0.002503, px1=0.05, r_kk_obj=+0.50, r_kk_fin=+0.485, ρ_kx_obj=0.46, ρ_kx_fin=+0.451 -> frac=0.012 | t(attrs)=0.506s, t(frac)=0.004s
[2025-11-07T12:12:07-03:00] <k>=2.50, p=0.002503, px1=0.05, r_kk_obj=+0.50, r_kk_fin=+0.485, ρ_kx_obj=0.57, ρ_kx_fin=+0.529 -> frac=0.022 | t(attrs)=4.502s, t(frac)=0.004s
[2025-11-07T12:12:07-03:00] <k>=2.50, p=0.002503, px1=0.05, r_kk_obj=+0.50, r_kk_fin=+0.485, ρ_kx_obj=0.69, ρ_kx_fin=+0.532 -> frac=0.018 | t(attrs)=4.097s, t(frac)=0.003s
[2025-11-07T12:12:07-03:00] <k>=2.50, p=0.002503, px1=0.05, r_kk_obj=+0.50, r_kk_fin=+0.485, ρ_kx_obj=0.80, ρ_kx_fin=+0.529 -> frac=0.019 | t(attrs)=4.459s, t(frac)=0.004s
[2025-11-07T12:12:07-03:00] Curva lista: <k>=2.50, px1=0.05, r_kk_obj=+0.50, r_kk_fin=+0.485, p=0.002503, t_curva=33.61s (t_gen=0.07s, t_rew=19.67s, t_rho_total=13.87s; t_attrs=13.84s, t_frac=0.03s)
[2025-11-07T12:12:10-03:00] Generada red ER: N=1000, <k>_obj=2.50, p=0.002503, L=1286, tiempo=0.103s
[2025-11-07T12:12:10-03:00] Rewire r_kk: objetivo=+0.50, alcanzado=+0.485, |Δ|=0.015, iters=1090, tiempo=20.419s
[2025-11-07T12:12:10-03:00] <k>=2.50, p=0.002503, px1=0.10, r_kk_obj=+0.50, r_kk_fin=+0.485, ρ_kx_obj=0.00, ρ_kx_fin=+0.008 -> frac=0.025 | t(attrs)=0.002s, t(frac)=0.003s
[2025-11-07T12:12:10-03:00] <k>=2.50, p=0.002503, px1=0.10, r_kk_obj=+0.50, r_kk_fin=+0.485, ρ_kx_obj=0.11, ρ_kx_fin=+0.107 -> frac=0.032 | t(attrs)=0.041s, t(frac)=0.004s
[2025-11-07T12:12:10-03:00] <k>=2.50, p=0.002503, px1=0.10, r_kk_obj=+0.50, r_kk_fin=+0.485, ρ_kx_obj=0.23, ρ_kx_fin=+0.221 -> frac=0.047 | t(attrs)=0.091s, t(frac)=0.003s
[2025-11-07T12:12:10-03:00] <k>=2.50, p=0.002503, px1=0.10, r_kk_obj=+0.50, r_kk_fin=+0.485, ρ_kx_obj=0.34, ρ_kx_fin=+0.335 -> frac=0.028 | t(attrs)=0.130s, t(frac)=0.003s
[2025-11-07T12:12:10-03:00] <k>=2.50, p=0.002503, px1=0.10, r_kk_obj=+0.50, r_kk_fin=+0.485, ρ_kx_obj=0.46, ρ_kx_fin=+0.449 -> frac=0.050 | t(attrs)=0.297s, t(frac)=0.004s
[2025-11-07T12:12:10-03:00] <k>=2.50, p=0.002503, px1=0.10, r_kk_obj=+0.50, r_kk_fin=+0.485, ρ_kx_obj=0.57, ρ_kx_fin=+0.563 -> frac=0.060 | t(attrs)=0.793s, t(frac)=0.004s
[2025-11-07T12:12:10-03:00] <k>=2.50, p=0.002503, px1=0.10, r_kk_obj=+0.50, r_kk_fin=+0.485, ρ_kx_obj=0.69, ρ_kx_fin=+0.643 -> frac=0.064 | t(attrs)=4.419s, t(frac)=0.003s
[2025-11-07T12:12:10-03:00] <k>=2.50, p=0.002503, px1=0.10, r_kk_obj=+0.50, r_kk_fin=+0.485, ρ_kx_obj=0.80, ρ_kx_fin=+0.639 -> frac=0.059 | t(attrs)=3.990s, t(frac)=0.002s
[2025-11-07T12:12:10-03:00] Curva lista: <k>=2.50, px1=0.10, r_kk_obj=+0.50, r_kk_fin=+0.485, p=0.002503, t_curva=30.31s (t_gen=0.10s, t_rew=20.42s, t_rho_total=9.79s; t_attrs=9.76s, t_frac=0.03s)
[2025-11-07T12:12:10-03:00] Generada red ER: N=1000, <k>_obj=2.50, p=0.002503, L=1286, tiempo=0.065s
[2025-11-07T12:12:10-03:00] Rewire r_kk: objetivo=-0.50, alcanzado=-0.485, |Δ|=0.015, iters=1432, tiempo=26.986s
[2025-11-07T12:12:10-03:00] <k>=2.50, p=0.002503, px1=0.10, r_kk_obj=-0.50, r_kk_fin=-0.485, ρ_kx_obj=0.00, ρ_kx_fin=+0.006 -> frac=0.034 | t(attrs)=0.004s, t(frac)=0.003s
[2025-11-07T12:12:10-03:00] <k>=2.50, p=0.002503, px1=0.10, r_kk_obj=-0.50, r_kk_fin=-0.485, ρ_kx_obj=0.11, ρ_kx_fin=+0.107 -> frac=0.048 | t(attrs)=0.027s, t(frac)=0.004s
[2025-11-07T12:12:10-03:00] <k>=2.50, p=0.002503, px1=0.10, r_kk_obj=-0.50, r_kk_fin=-0.485, ρ_kx_obj=0.23, ρ_kx_fin=+0.219 -> frac=0.068 | t(attrs)=0.099s, t(frac)=0.004s
[2025-11-07T12:12:10-03:00] <k>=2.50, p=0.002503, px1=0.10, r_kk_obj=-0.50, r_kk_fin=-0.485, ρ_kx_obj=0.34, ρ_kx_fin=+0.335 -> frac=0.100 | t(attrs)=0.180s, t(frac)=0.004s
[2025-11-07T12:12:10-03:00] <k>=2.50, p=0.002503, px1=0.10, r_kk_obj=-0.50, r_kk_fin=-0.485, ρ_kx_obj=0.46, ρ_kx_fin=+0.449 -> frac=0.113 | t(attrs)=0.377s, t(frac)=0.004s
[2025-11-07T12:12:10-03:00] <k>=2.50, p=0.002503, px1=0.10, r_kk_obj=-0.50, r_kk_fin=-0.485, ρ_kx_obj=0.57, ρ_kx_fin=+0.565 -> frac=0.157 | t(attrs)=0.852s, t(frac)=0.004s
[2025-11-07T12:12:10-03:00] <k>=2.50, p=0.002503, px1=0.10, r_kk_obj=-0.50, r_kk_fin=-0.485, ρ_kx_obj=0.69, ρ_kx_fin=+0.639 -> frac=0.178 | t(attrs)=4.420s, t(frac)=0.004s
[2025-11-07T12:12:10-03:00] <k>=2.50, p=0.002503, px1=0.10, r_kk_obj=-0.50, r_kk_fin=-0.485, ρ_kx_obj=0.80, ρ_kx_fin=+0.643 -> frac=0.180 | t(attrs)=3.974s, t(frac)=0.004s
[2025-11-07T12:12:10-03:00] Curva lista: <k>=2.50, px1=0.10, r_kk_obj=-0.50, r_kk_fin=-0.485, p=0.002503, t_curva=37.02s (t_gen=0.07s, t_rew=26.99s, t_rho_total=9.96s; t_attrs=9.93s, t_frac=0.03s)
[2025-11-07T12:12:13-03:00] Generada red ER: N=1000, <k>_obj=2.50, p=0.002503, L=1286, tiempo=0.076s
[2025-11-07T12:12:13-03:00] Rewire r_kk: objetivo=+0.50, alcanzado=+0.485, |Δ|=0.015, iters=1090, tiempo=19.966s
[2025-11-07T12:12:13-03:00] <k>=2.50, p=0.002503, px1=0.20, r_kk_obj=+0.50, r_kk_fin=+0.485, ρ_kx_obj=0.00, ρ_kx_fin=+0.009 -> frac=0.073 | t(attrs)=0.004s, t(frac)=0.002s
[2025-11-07T12:12:13-03:00] <k>=2.50, p=0.002503, px1=0.20, r_kk_obj=+0.50, r_kk_fin=+0.485, ρ_kx_obj=0.11, ρ_kx_fin=+0.105 -> frac=0.091 | t(attrs)=0.058s, t(frac)=0.004s
[2025-11-07T12:12:13-03:00] <k>=2.50, p=0.002503, px1=0.20, r_kk_obj=+0.50, r_kk_fin=+0.485, ρ_kx_obj=0.23, ρ_kx_fin=+0.219 -> frac=0.099 | t(attrs)=0.124s, t(frac)=0.004s
[2025-11-07T12:12:13-03:00] <k>=2.50, p=0.002503, px1=0.20, r_kk_obj=+0.50, r_kk_fin=+0.485, ρ_kx_obj=0.34, ρ_kx_fin=+0.336 -> frac=0.107 | t(attrs)=0.165s, t(frac)=0.003s
[2025-11-07T12:12:13-03:00] <k>=2.50, p=0.002503, px1=0.20, r_kk_obj=+0.50, r_kk_fin=+0.485, ρ_kx_obj=0.46, ρ_kx_fin=+0.449 -> frac=0.133 | t(attrs)=0.245s, t(frac)=0.002s
[2025-11-07T12:12:13-03:00] <k>=2.50, p=0.002503, px1=0.20, r_kk_obj=+0.50, r_kk_fin=+0.485, ρ_kx_obj=0.57, ρ_kx_fin=+0.564 -> frac=0.152 | t(attrs)=0.412s, t(frac)=0.004s
[2025-11-07T12:12:13-03:00] <k>=2.50, p=0.002503, px1=0.20, r_kk_obj=+0.50, r_kk_fin=+0.485, ρ_kx_obj=0.69, ρ_kx_fin=+0.678 -> frac=0.185 | t(attrs)=1.074s, t(frac)=0.004s
[2025-11-07T12:12:13-03:00] <k>=2.50, p=0.002503, px1=0.20, r_kk_obj=+0.50, r_kk_fin=+0.485, ρ_kx_obj=0.80, ρ_kx_fin=+0.733 -> frac=0.189 | t(attrs)=3.820s, t(frac)=0.002s
[2025-11-07T12:12:13-03:00] Curva lista: <k>=2.50, px1=0.20, r_kk_obj=+0.50, r_kk_fin=+0.485, p=0.002503, t_curva=25.97s (t_gen=0.08s, t_rew=19.97s, t_rho_total=5.93s; t_attrs=5.90s, t_frac=0.02s)
[2025-11-07T12:12:13-03:00] Generada red ER: N=1000, <k>_obj=2.50, p=0.002503, L=1286, tiempo=0.429s
[2025-11-07T12:12:13-03:00] Rewire r_kk: objetivo=-0.50, alcanzado=-0.485, |Δ|=0.015, iters=1432, tiempo=26.636s
[2025-11-07T12:12:13-03:00] <k>=2.50, p=0.002503, px1=0.05, r_kk_obj=-0.50, r_kk_fin=-0.485, ρ_kx_obj=0.00, ρ_kx_fin=-0.002 -> frac=0.010 | t(attrs)=0.001s, t(frac)=0.004s
[2025-11-07T12:12:13-03:00] <k>=2.50, p=0.002503, px1=0.05, r_kk_obj=-0.50, r_kk_fin=-0.485, ρ_kx_obj=0.11, ρ_kx_fin=+0.106 -> frac=0.014 | t(attrs)=0.037s, t(frac)=0.004s
[2025-11-07T12:12:13-03:00] <k>=2.50, p=0.002503, px1=0.05, r_kk_obj=-0.50, r_kk_fin=-0.485, ρ_kx_obj=0.23, ρ_kx_fin=+0.219 -> frac=0.030 | t(attrs)=0.046s, t(frac)=0.004s
[2025-11-07T12:12:13-03:00] <k>=2.50, p=0.002503, px1=0.05, r_kk_obj=-0.50, r_kk_fin=-0.485, ρ_kx_obj=0.34, ρ_kx_fin=+0.338 -> frac=0.048 | t(attrs)=0.165s, t(frac)=0.004s
[2025-11-07T12:12:13-03:00] <k>=2.50, p=0.002503, px1=0.05, r_kk_obj=-0.50, r_kk_fin=-0.485, ρ_kx_obj=0.46, ρ_kx_fin=+0.448 -> frac=0.079 | t(attrs)=0.643s, t(frac)=0.004s
[2025-11-07T12:12:13-03:00] <k>=2.50, p=0.002503, px1=0.05, r_kk_obj=-0.50, r_kk_fin=-0.485, ρ_kx_obj=0.57, ρ_kx_fin=+0.532 -> frac=0.099 | t(attrs)=4.466s, t(frac)=0.004s
[2025-11-07T12:12:13-03:00] <k>=2.50, p=0.002503, px1=0.05, r_kk_obj=-0.50, r_kk_fin=-0.485, ρ_kx_obj=0.69, ρ_kx_fin=+0.529 -> frac=0.093 | t(attrs)=4.312s, t(frac)=0.003s
[2025-11-07T12:12:13-03:00] <k>=2.50, p=0.002503, px1=0.05, r_kk_obj=-0.50, r_kk_fin=-0.485, ρ_kx_obj=0.80, ρ_kx_fin=+0.527 -> frac=0.098 | t(attrs)=3.588s, t(frac)=0.002s
[2025-11-07T12:12:13-03:00] Curva lista: <k>=2.50, px1=0.05, r_kk_obj=-0.50, r_kk_fin=-0.485, p=0.002503, t_curva=40.35s (t_gen=0.43s, t_rew=26.64s, t_rho_total=13.29s; t_attrs=13.26s, t_frac=0.03s)
[2025-11-07T12:12:17-03:00] Generada red ER: N=1000, <k>_obj=2.50, p=0.002503, L=1286, tiempo=0.062s
[2025-11-07T12:12:17-03:00] Rewire r_kk: objetivo=-0.50, alcanzado=-0.485, |Δ|=0.015, iters=1432, tiempo=27.010s
[2025-11-07T12:12:17-03:00] <k>=2.50, p=0.002503, px1=0.20, r_kk_obj=-0.50, r_kk_fin=-0.485, ρ_kx_obj=0.00, ρ_kx_fin=-0.009 -> frac=0.078 | t(attrs)=0.019s, t(frac)=0.004s
[2025-11-07T12:12:17-03:00] <k>=2.50, p=0.002503, px1=0.20, r_kk_obj=-0.50, r_kk_fin=-0.485, ρ_kx_obj=0.11, ρ_kx_fin=+0.105 -> frac=0.096 | t(attrs)=0.053s, t(frac)=0.004s
[2025-11-07T12:12:17-03:00] <k>=2.50, p=0.002503, px1=0.20, r_kk_obj=-0.50, r_kk_fin=-0.485, ρ_kx_obj=0.23, ρ_kx_fin=+0.222 -> frac=0.161 | t(attrs)=0.097s, t(frac)=0.003s
[2025-11-07T12:12:17-03:00] <k>=2.50, p=0.002503, px1=0.20, r_kk_obj=-0.50, r_kk_fin=-0.485, ρ_kx_obj=0.34, ρ_kx_fin=+0.335 -> frac=0.177 | t(attrs)=0.113s, t(frac)=0.002s
[2025-11-07T12:12:17-03:00] <k>=2.50, p=0.002503, px1=0.20, r_kk_obj=-0.50, r_kk_fin=-0.485, ρ_kx_obj=0.46, ρ_kx_fin=+0.450 -> frac=0.206 | t(attrs)=0.244s, t(frac)=0.002s
[2025-11-07T12:12:17-03:00] <k>=2.50, p=0.002503, px1=0.20, r_kk_obj=-0.50, r_kk_fin=-0.485, ρ_kx_obj=0.57, ρ_kx_fin=+0.564 -> frac=0.258 | t(attrs)=0.489s, t(frac)=0.004s
[2025-11-07T12:12:17-03:00] <k>=2.50, p=0.002503, px1=0.20, r_kk_obj=-0.50, r_kk_fin=-0.485, ρ_kx_obj=0.69, ρ_kx_fin=+0.679 -> frac=0.314 | t(attrs)=0.931s, t(frac)=0.003s
[2025-11-07T12:12:17-03:00] <k>=2.50, p=0.002503, px1=0.20, r_kk_obj=-0.50, r_kk_fin=-0.485, ρ_kx_obj=0.80, ρ_kx_fin=+0.732 -> frac=0.336 | t(attrs)=3.359s, t(frac)=0.002s
[2025-11-07T12:12:17-03:00] Curva lista: <k>=2.50, px1=0.20, r_kk_obj=-0.50, r_kk_fin=-0.485, p=0.002503, t_curva=32.40s (t_gen=0.06s, t_rew=27.01s, t_rho_total=5.33s; t_attrs=5.31s, t_frac=0.02s)
[2025-11-07T12:12:27-03:00] Generada red ER: N=1000, <k>_obj=2.50, p=0.002503, L=1286, tiempo=0.067s
[2025-11-07T12:12:27-03:00] Rewire r_kk: objetivo=+0.70, alcanzado=+0.685, |Δ|=0.015, iters=2255, tiempo=43.199s
[2025-11-07T12:12:27-03:00] <k>=2.50, p=0.002503, px1=0.05, r_kk_obj=+0.70, r_kk_fin=+0.685, ρ_kx_obj=0.00, ρ_kx_fin=-0.002 -> frac=0.008 | t(attrs)=0.006s, t(frac)=0.003s
[2025-11-07T12:12:27-03:00] <k>=2.50, p=0.002503, px1=0.05, r_kk_obj=+0.70, r_kk_fin=+0.685, ρ_kx_obj=0.11, ρ_kx_fin=+0.117 -> frac=0.010 | t(attrs)=0.016s, t(frac)=0.002s
[2025-11-07T12:12:27-03:00] <k>=2.50, p=0.002503, px1=0.05, r_kk_obj=+0.70, r_kk_fin=+0.685, ρ_kx_obj=0.23, ρ_kx_fin=+0.219 -> frac=0.009 | t(attrs)=0.040s, t(frac)=0.002s
[2025-11-07T12:12:27-03:00] <k>=2.50, p=0.002503, px1=0.05, r_kk_obj=+0.70, r_kk_fin=+0.685, ρ_kx_obj=0.34, ρ_kx_fin=+0.338 -> frac=0.009 | t(attrs)=0.148s, t(frac)=0.002s
[2025-11-07T12:12:27-03:00] <k>=2.50, p=0.002503, px1=0.05, r_kk_obj=+0.70, r_kk_fin=+0.685, ρ_kx_obj=0.46, ρ_kx_fin=+0.448 -> frac=0.016 | t(attrs)=0.420s, t(frac)=0.003s
[2025-11-07T12:12:27-03:00] <k>=2.50, p=0.002503, px1=0.05, r_kk_obj=+0.70, r_kk_fin=+0.685, ρ_kx_obj=0.57, ρ_kx_fin=+0.529 -> frac=0.030 | t(attrs)=3.263s, t(frac)=0.003s
[2025-11-07T12:12:27-03:00] <k>=2.50, p=0.002503, px1=0.05, r_kk_obj=+0.70, r_kk_fin=+0.685, ρ_kx_obj=0.69, ρ_kx_fin=+0.527 -> frac=0.030 | t(attrs)=3.147s, t(frac)=0.002s
[2025-11-07T12:12:27-03:00] <k>=2.50, p=0.002503, px1=0.05, r_kk_obj=+0.70, r_kk_fin=+0.685, ρ_kx_obj=0.80, ρ_kx_fin=+0.532 -> frac=0.028 | t(attrs)=3.271s, t(frac)=0.003s
[2025-11-07T12:12:27-03:00] Curva lista: <k>=2.50, px1=0.05, r_kk_obj=+0.70, r_kk_fin=+0.685, p=0.002503, t_curva=53.60s (t_gen=0.07s, t_rew=43.20s, t_rho_total=10.33s; t_attrs=10.31s, t_frac=0.02s)
[2025-11-07T12:12:31-03:00] Generada red ER: N=1000, <k>_obj=2.50, p=0.002503, L=1286, tiempo=0.075s
[2025-11-07T12:12:31-03:00] Rewire r_kk: objetivo=+0.70, alcanzado=+0.685, |Δ|=0.015, iters=2255, tiempo=40.291s
[2025-11-07T12:12:31-03:00] <k>=2.50, p=0.002503, px1=0.10, r_kk_obj=+0.70, r_kk_fin=+0.685, ρ_kx_obj=0.00, ρ_kx_fin=+0.008 -> frac=0.033 | t(attrs)=0.001s, t(frac)=0.003s
[2025-11-07T12:12:31-03:00] <k>=2.50, p=0.002503, px1=0.10, r_kk_obj=+0.70, r_kk_fin=+0.685, ρ_kx_obj=0.11, ρ_kx_fin=+0.109 -> frac=0.031 | t(attrs)=0.033s, t(frac)=0.003s
[2025-11-07T12:12:31-03:00] <k>=2.50, p=0.002503, px1=0.10, r_kk_obj=+0.70, r_kk_fin=+0.685, ρ_kx_obj=0.23, ρ_kx_fin=+0.219 -> frac=0.036 | t(attrs)=0.091s, t(frac)=0.003s
[2025-11-07T12:12:31-03:00] <k>=2.50, p=0.002503, px1=0.10, r_kk_obj=+0.70, r_kk_fin=+0.685, ρ_kx_obj=0.34, ρ_kx_fin=+0.337 -> frac=0.030 | t(attrs)=0.121s, t(frac)=0.003s
[2025-11-07T12:12:31-03:00] <k>=2.50, p=0.002503, px1=0.10, r_kk_obj=+0.70, r_kk_fin=+0.685, ρ_kx_obj=0.46, ρ_kx_fin=+0.453 -> frac=0.050 | t(attrs)=0.160s, t(frac)=0.003s
[2025-11-07T12:12:31-03:00] <k>=2.50, p=0.002503, px1=0.10, r_kk_obj=+0.70, r_kk_fin=+0.685, ρ_kx_obj=0.57, ρ_kx_fin=+0.563 -> frac=0.059 | t(attrs)=0.600s, t(frac)=0.002s
[2025-11-07T12:12:31-03:00] <k>=2.50, p=0.002503, px1=0.10, r_kk_obj=+0.70, r_kk_fin=+0.685, ρ_kx_obj=0.69, ρ_kx_fin=+0.645 -> frac=0.085 | t(attrs)=3.309s, t(frac)=0.003s
[2025-11-07T12:12:31-03:00] <k>=2.50, p=0.002503, px1=0.10, r_kk_obj=+0.70, r_kk_fin=+0.685, ρ_kx_obj=0.80, ρ_kx_fin=+0.641 -> frac=0.084 | t(attrs)=3.201s, t(frac)=0.004s
[2025-11-07T12:12:31-03:00] Curva lista: <k>=2.50, px1=0.10, r_kk_obj=+0.70, r_kk_fin=+0.685, p=0.002503, t_curva=47.91s (t_gen=0.08s, t_rew=40.29s, t_rho_total=7.54s; t_attrs=7.52s, t_frac=0.03s)
[2025-11-07T12:12:31-03:00] Generada red ER: N=1000, <k>_obj=5.20, p=0.005205, L=2603, tiempo=0.074s
[2025-11-07T12:12:31-03:00] Rewire r_kk: objetivo=+0.50, alcanzado=+0.486, |Δ|=0.014, iters=2433, tiempo=53.733s
[2025-11-07T12:12:31-03:00] <k>=5.20, p=0.005205, px1=0.20, r_kk_obj=+0.50, r_kk_fin=+0.486, ρ_kx_obj=0.00, ρ_kx_fin=+0.008 -> frac=0.050 | t(attrs)=0.013s, t(frac)=0.004s
[2025-11-07T12:12:31-03:00] <k>=5.20, p=0.005205, px1=0.20, r_kk_obj=+0.50, r_kk_fin=+0.486, ρ_kx_obj=0.11, ρ_kx_fin=+0.106 -> frac=0.042 | t(attrs)=0.042s, t(frac)=0.004s
[2025-11-07T12:12:31-03:00] <k>=5.20, p=0.005205, px1=0.20, r_kk_obj=+0.50, r_kk_fin=+0.486, ρ_kx_obj=0.23, ρ_kx_fin=+0.224 -> frac=0.064 | t(attrs)=0.086s, t(frac)=0.004s
[2025-11-07T12:12:31-03:00] <k>=5.20, p=0.005205, px1=0.20, r_kk_obj=+0.50, r_kk_fin=+0.486, ρ_kx_obj=0.34, ρ_kx_fin=+0.333 -> frac=0.066 | t(attrs)=0.132s, t(frac)=0.004s
[2025-11-07T12:12:31-03:00] <k>=5.20, p=0.005205, px1=0.20, r_kk_obj=+0.50, r_kk_fin=+0.486, ρ_kx_obj=0.46, ρ_kx_fin=+0.447 -> frac=0.090 | t(attrs)=0.208s, t(frac)=0.002s
[2025-11-07T12:12:31-03:00] <k>=5.20, p=0.005205, px1=0.20, r_kk_obj=+0.50, r_kk_fin=+0.486, ρ_kx_obj=0.57, ρ_kx_fin=+0.562 -> frac=0.115 | t(attrs)=0.301s, t(frac)=0.002s
[2025-11-07T12:12:31-03:00] <k>=5.20, p=0.005205, px1=0.20, r_kk_obj=+0.50, r_kk_fin=+0.486, ρ_kx_obj=0.69, ρ_kx_fin=+0.676 -> frac=0.149 | t(attrs)=0.801s, t(frac)=0.002s
[2025-11-07T12:12:31-03:00] <k>=5.20, p=0.005205, px1=0.20, r_kk_obj=+0.50, r_kk_fin=+0.486, ρ_kx_obj=0.80, ρ_kx_fin=+0.730 -> frac=0.164 | t(attrs)=3.133s, t(frac)=0.003s
[2025-11-07T12:12:31-03:00] Curva lista: <k>=5.20, px1=0.20, r_kk_obj=+0.50, r_kk_fin=+0.486, p=0.005205, t_curva=58.55s (t_gen=0.07s, t_rew=53.73s, t_rho_total=4.74s; t_attrs=4.71s, t_frac=0.03s)
[2025-11-07T12:12:34-03:00] Generada red ER: N=1000, <k>_obj=5.20, p=0.005205, L=2603, tiempo=0.075s
[2025-11-07T12:12:34-03:00] Rewire r_kk: objetivo=+0.50, alcanzado=+0.486, |Δ|=0.014, iters=2433, tiempo=54.336s
[2025-11-07T12:12:34-03:00] <k>=5.20, p=0.005205, px1=0.10, r_kk_obj=+0.50, r_kk_fin=+0.486, ρ_kx_obj=0.00, ρ_kx_fin=-0.007 -> frac=0.007 | t(attrs)=0.001s, t(frac)=0.002s
[2025-11-07T12:12:34-03:00] <k>=5.20, p=0.005205, px1=0.10, r_kk_obj=+0.50, r_kk_fin=+0.486, ρ_kx_obj=0.11, ρ_kx_fin=+0.107 -> frac=0.008 | t(attrs)=0.020s, t(frac)=0.004s
[2025-11-07T12:12:34-03:00] <k>=5.20, p=0.005205, px1=0.10, r_kk_obj=+0.50, r_kk_fin=+0.486, ρ_kx_obj=0.23, ρ_kx_fin=+0.220 -> frac=0.007 | t(attrs)=0.052s, t(frac)=0.004s
[2025-11-07T12:12:34-03:00] <k>=5.20, p=0.005205, px1=0.10, r_kk_obj=+0.50, r_kk_fin=+0.486, ρ_kx_obj=0.34, ρ_kx_fin=+0.334 -> frac=0.015 | t(attrs)=0.157s, t(frac)=0.004s
[2025-11-07T12:12:34-03:00] <k>=5.20, p=0.005205, px1=0.10, r_kk_obj=+0.50, r_kk_fin=+0.486, ρ_kx_obj=0.46, ρ_kx_fin=+0.448 -> frac=0.020 | t(attrs)=0.210s, t(frac)=0.002s
[2025-11-07T12:12:34-03:00] <k>=5.20, p=0.005205, px1=0.10, r_kk_obj=+0.50, r_kk_fin=+0.486, ρ_kx_obj=0.57, ρ_kx_fin=+0.562 -> frac=0.026 | t(attrs)=0.645s, t(frac)=0.004s
[2025-11-07T12:12:34-03:00] <k>=5.20, p=0.005205, px1=0.10, r_kk_obj=+0.50, r_kk_fin=+0.486, ρ_kx_obj=0.69, ρ_kx_fin=+0.631 -> frac=0.034 | t(attrs)=3.107s, t(frac)=0.004s
[2025-11-07T12:12:34-03:00] <k>=5.20, p=0.005205, px1=0.10, r_kk_obj=+0.50, r_kk_fin=+0.486, ρ_kx_obj=0.80, ρ_kx_fin=+0.627 -> frac=0.034 | t(attrs)=2.845s, t(frac)=0.004s
[2025-11-07T12:12:34-03:00] Curva lista: <k>=5.20, px1=0.10, r_kk_obj=+0.50, r_kk_fin=+0.486, p=0.005205, t_curva=61.48s (t_gen=0.08s, t_rew=54.34s, t_rho_total=7.07s; t_attrs=7.04s, t_frac=0.03s)
[2025-11-07T12:12:35-03:00] Generada red ER: N=1000, <k>_obj=2.50, p=0.002503, L=1286, tiempo=0.070s
[2025-11-07T12:12:35-03:00] Rewire r_kk: objetivo=+0.70, alcanzado=+0.685, |Δ|=0.015, iters=2255, tiempo=38.197s
[2025-11-07T12:12:35-03:00] <k>=2.50, p=0.002503, px1=0.20, r_kk_obj=+0.70, r_kk_fin=+0.685, ρ_kx_obj=0.00, ρ_kx_fin=+0.009 -> frac=0.091 | t(attrs)=0.006s, t(frac)=0.002s
[2025-11-07T12:12:35-03:00] <k>=2.50, p=0.002503, px1=0.20, r_kk_obj=+0.70, r_kk_fin=+0.685, ρ_kx_obj=0.11, ρ_kx_fin=+0.105 -> frac=0.096 | t(attrs)=0.028s, t(frac)=0.003s
[2025-11-07T12:12:35-03:00] <k>=2.50, p=0.002503, px1=0.20, r_kk_obj=+0.70, r_kk_fin=+0.685, ρ_kx_obj=0.23, ρ_kx_fin=+0.221 -> frac=0.094 | t(attrs)=0.077s, t(frac)=0.003s
[2025-11-07T12:12:35-03:00] <k>=2.50, p=0.002503, px1=0.20, r_kk_obj=+0.70, r_kk_fin=+0.685, ρ_kx_obj=0.34, ρ_kx_fin=+0.333 -> frac=0.114 | t(attrs)=0.137s, t(frac)=0.002s
[2025-11-07T12:12:35-03:00] <k>=2.50, p=0.002503, px1=0.20, r_kk_obj=+0.70, r_kk_fin=+0.685, ρ_kx_obj=0.46, ρ_kx_fin=+0.452 -> frac=0.140 | t(attrs)=0.218s, t(frac)=0.002s
[2025-11-07T12:12:35-03:00] <k>=2.50, p=0.002503, px1=0.20, r_kk_obj=+0.70, r_kk_fin=+0.685, ρ_kx_obj=0.57, ρ_kx_fin=+0.562 -> frac=0.155 | t(attrs)=0.312s, t(frac)=0.003s
[2025-11-07T12:12:35-03:00] <k>=2.50, p=0.002503, px1=0.20, r_kk_obj=+0.70, r_kk_fin=+0.685, ρ_kx_obj=0.69, ρ_kx_fin=+0.676 -> frac=0.179 | t(attrs)=0.593s, t(frac)=0.002s
[2025-11-07T12:12:35-03:00] <k>=2.50, p=0.002503, px1=0.20, r_kk_obj=+0.70, r_kk_fin=+0.685, ρ_kx_obj=0.80, ρ_kx_fin=+0.728 -> frac=0.193 | t(attrs)=2.554s, t(frac)=0.002s
[2025-11-07T12:12:35-03:00] Curva lista: <k>=2.50, px1=0.20, r_kk_obj=+0.70, r_kk_fin=+0.685, p=0.002503, t_curva=42.21s (t_gen=0.07s, t_rew=38.20s, t_rho_total=3.94s; t_attrs=3.92s, t_frac=0.02s)
[2025-11-07T12:12:35-03:00] Generada red ER: N=1000, <k>_obj=5.20, p=0.005205, L=2603, tiempo=0.084s
[2025-11-07T12:12:35-03:00] Rewire r_kk: objetivo=+0.50, alcanzado=+0.486, |Δ|=0.014, iters=2433, tiempo=54.108s
[2025-11-07T12:12:35-03:00] <k>=5.20, p=0.005205, px1=0.05, r_kk_obj=+0.50, r_kk_fin=+0.486, ρ_kx_obj=0.00, ρ_kx_fin=+0.008 -> frac=0.002 | t(attrs)=0.002s, t(frac)=0.002s
[2025-11-07T12:12:35-03:00] <k>=5.20, p=0.005205, px1=0.05, r_kk_obj=+0.50, r_kk_fin=+0.486, ρ_kx_obj=0.11, ρ_kx_fin=+0.107 -> frac=0.001 | t(attrs)=0.012s, t(frac)=0.004s
[2025-11-07T12:12:35-03:00] <k>=5.20, p=0.005205, px1=0.05, r_kk_obj=+0.50, r_kk_fin=+0.486, ρ_kx_obj=0.23, ρ_kx_fin=+0.222 -> frac=0.003 | t(attrs)=0.040s, t(frac)=0.004s
[2025-11-07T12:12:35-03:00] <k>=5.20, p=0.005205, px1=0.05, r_kk_obj=+0.50, r_kk_fin=+0.486, ρ_kx_obj=0.34, ρ_kx_fin=+0.334 -> frac=0.002 | t(attrs)=0.104s, t(frac)=0.002s
[2025-11-07T12:12:35-03:00] <k>=5.20, p=0.005205, px1=0.05, r_kk_obj=+0.50, r_kk_fin=+0.486, ρ_kx_obj=0.46, ρ_kx_fin=+0.448 -> frac=0.003 | t(attrs)=0.316s, t(frac)=0.004s
[2025-11-07T12:12:35-03:00] <k>=5.20, p=0.005205, px1=0.05, r_kk_obj=+0.50, r_kk_fin=+0.486, ρ_kx_obj=0.57, ρ_kx_fin=+0.517 -> frac=0.006 | t(attrs)=2.932s, t(frac)=0.002s
[2025-11-07T12:12:35-03:00] <k>=5.20, p=0.005205, px1=0.05, r_kk_obj=+0.50, r_kk_fin=+0.486, ρ_kx_obj=0.69, ρ_kx_fin=+0.515 -> frac=0.008 | t(attrs)=2.657s, t(frac)=0.005s
[2025-11-07T12:12:35-03:00] <k>=5.20, p=0.005205, px1=0.05, r_kk_obj=+0.50, r_kk_fin=+0.486, ρ_kx_obj=0.80, ρ_kx_fin=+0.513 -> frac=0.009 | t(attrs)=2.787s, t(frac)=0.004s
[2025-11-07T12:12:35-03:00] Curva lista: <k>=5.20, px1=0.05, r_kk_obj=+0.50, r_kk_fin=+0.486, p=0.005205, t_curva=63.07s (t_gen=0.08s, t_rew=54.11s, t_rho_total=8.88s; t_attrs=8.85s, t_frac=0.03s)
[2025-11-07T12:12:36-03:00] Generada red ER: N=1000, <k>_obj=5.20, p=0.005205, L=2603, tiempo=0.075s
[2025-11-07T12:12:36-03:00] Rewire r_kk: objetivo=-0.50, alcanzado=-0.485, |Δ|=0.015, iters=2716, tiempo=59.287s
[2025-11-07T12:12:36-03:00] <k>=5.20, p=0.005205, px1=0.20, r_kk_obj=-0.50, r_kk_fin=-0.485, ρ_kx_obj=0.00, ρ_kx_fin=-0.009 -> frac=0.041 | t(attrs)=0.001s, t(frac)=0.003s
[2025-11-07T12:12:36-03:00] <k>=5.20, p=0.005205, px1=0.20, r_kk_obj=-0.50, r_kk_fin=-0.485, ρ_kx_obj=0.11, ρ_kx_fin=+0.109 -> frac=0.063 | t(attrs)=0.014s, t(frac)=0.004s
[2025-11-07T12:12:36-03:00] <k>=5.20, p=0.005205, px1=0.20, r_kk_obj=-0.50, r_kk_fin=-0.485, ρ_kx_obj=0.23, ρ_kx_fin=+0.221 -> frac=0.097 | t(attrs)=0.088s, t(frac)=0.004s
[2025-11-07T12:12:36-03:00] <k>=5.20, p=0.005205, px1=0.20, r_kk_obj=-0.50, r_kk_fin=-0.485, ρ_kx_obj=0.34, ρ_kx_fin=+0.342 -> frac=0.130 | t(attrs)=0.104s, t(frac)=0.004s
[2025-11-07T12:12:36-03:00] <k>=5.20, p=0.005205, px1=0.20, r_kk_obj=-0.50, r_kk_fin=-0.485, ρ_kx_obj=0.46, ρ_kx_fin=+0.448 -> frac=0.177 | t(attrs)=0.170s, t(frac)=0.002s
[2025-11-07T12:12:36-03:00] <k>=5.20, p=0.005205, px1=0.20, r_kk_obj=-0.50, r_kk_fin=-0.485, ρ_kx_obj=0.57, ρ_kx_fin=+0.564 -> frac=0.216 | t(attrs)=0.303s, t(frac)=0.002s
[2025-11-07T12:12:36-03:00] <k>=5.20, p=0.005205, px1=0.20, r_kk_obj=-0.50, r_kk_fin=-0.485, ρ_kx_obj=0.69, ρ_kx_fin=+0.676 -> frac=0.249 | t(attrs)=0.733s, t(frac)=0.004s
[2025-11-07T12:12:36-03:00] <k>=5.20, p=0.005205, px1=0.20, r_kk_obj=-0.50, r_kk_fin=-0.485, ρ_kx_obj=0.80, ρ_kx_fin=+0.730 -> frac=0.276 | t(attrs)=2.645s, t(frac)=0.002s
[2025-11-07T12:12:36-03:00] Curva lista: <k>=5.20, px1=0.20, r_kk_obj=-0.50, r_kk_fin=-0.485, p=0.005205, t_curva=63.45s (t_gen=0.07s, t_rew=59.29s, t_rho_total=4.08s; t_attrs=4.06s, t_frac=0.03s)
[2025-11-07T12:12:38-03:00] Generada red ER: N=1000, <k>_obj=5.20, p=0.005205, L=2603, tiempo=0.062s
[2025-11-07T12:12:38-03:00] Rewire r_kk: objetivo=-0.50, alcanzado=-0.485, |Δ|=0.015, iters=2716, tiempo=59.450s
[2025-11-07T12:12:38-03:00] <k>=5.20, p=0.005205, px1=0.10, r_kk_obj=-0.50, r_kk_fin=-0.485, ρ_kx_obj=0.00, ρ_kx_fin=+0.007 -> frac=0.010 | t(attrs)=0.001s, t(frac)=0.004s
[2025-11-07T12:12:38-03:00] <k>=5.20, p=0.005205, px1=0.10, r_kk_obj=-0.50, r_kk_fin=-0.485, ρ_kx_obj=0.11, ρ_kx_fin=+0.107 -> frac=0.019 | t(attrs)=0.029s, t(frac)=0.004s
[2025-11-07T12:12:38-03:00] <k>=5.20, p=0.005205, px1=0.10, r_kk_obj=-0.50, r_kk_fin=-0.485, ρ_kx_obj=0.23, ρ_kx_fin=+0.221 -> frac=0.026 | t(attrs)=0.092s, t(frac)=0.002s
[2025-11-07T12:12:38-03:00] <k>=5.20, p=0.005205, px1=0.10, r_kk_obj=-0.50, r_kk_fin=-0.485, ρ_kx_obj=0.34, ρ_kx_fin=+0.334 -> frac=0.044 | t(attrs)=0.115s, t(frac)=0.004s
[2025-11-07T12:12:38-03:00] <k>=5.20, p=0.005205, px1=0.10, r_kk_obj=-0.50, r_kk_fin=-0.485, ρ_kx_obj=0.46, ρ_kx_fin=+0.449 -> frac=0.064 | t(attrs)=0.248s, t(frac)=0.002s
[2025-11-07T12:12:38-03:00] <k>=5.20, p=0.005205, px1=0.10, r_kk_obj=-0.50, r_kk_fin=-0.485, ρ_kx_obj=0.57, ρ_kx_fin=+0.566 -> frac=0.103 | t(attrs)=0.354s, t(frac)=0.004s
[2025-11-07T12:12:38-03:00] <k>=5.20, p=0.005205, px1=0.10, r_kk_obj=-0.50, r_kk_fin=-0.485, ρ_kx_obj=0.69, ρ_kx_fin=+0.622 -> frac=0.118 | t(attrs)=2.683s, t(frac)=0.004s
[2025-11-07T12:12:38-03:00] <k>=5.20, p=0.005205, px1=0.10, r_kk_obj=-0.50, r_kk_fin=-0.485, ρ_kx_obj=0.80, ρ_kx_fin=+0.628 -> frac=0.119 | t(attrs)=2.390s, t(frac)=0.002s
[2025-11-07T12:12:38-03:00] Curva lista: <k>=5.20, px1=0.10, r_kk_obj=-0.50, r_kk_fin=-0.485, p=0.005205, t_curva=65.45s (t_gen=0.06s, t_rew=59.45s, t_rho_total=5.94s; t_attrs=5.91s, t_frac=0.03s)
[2025-11-07T12:12:39-03:00] Generada red ER: N=1000, <k>_obj=5.20, p=0.005205, L=2603, tiempo=0.062s
[2025-11-07T12:12:39-03:00] Rewire r_kk: objetivo=-0.50, alcanzado=-0.485, |Δ|=0.015, iters=2716, tiempo=58.645s
[2025-11-07T12:12:39-03:00] <k>=5.20, p=0.005205, px1=0.05, r_kk_obj=-0.50, r_kk_fin=-0.485, ρ_kx_obj=0.00, ρ_kx_fin=+0.010 -> frac=0.002 | t(attrs)=0.001s, t(frac)=0.003s
[2025-11-07T12:12:39-03:00] <k>=5.20, p=0.005205, px1=0.05, r_kk_obj=-0.50, r_kk_fin=-0.485, ρ_kx_obj=0.11, ρ_kx_fin=+0.105 -> frac=0.007 | t(attrs)=0.013s, t(frac)=0.002s
[2025-11-07T12:12:39-03:00] <k>=5.20, p=0.005205, px1=0.05, r_kk_obj=-0.50, r_kk_fin=-0.485, ρ_kx_obj=0.23, ρ_kx_fin=+0.224 -> frac=0.007 | t(attrs)=0.047s, t(frac)=0.003s
[2025-11-07T12:12:39-03:00] <k>=5.20, p=0.005205, px1=0.05, r_kk_obj=-0.50, r_kk_fin=-0.485, ρ_kx_obj=0.34, ρ_kx_fin=+0.336 -> frac=0.024 | t(attrs)=0.095s, t(frac)=0.004s
[2025-11-07T12:12:39-03:00] <k>=5.20, p=0.005205, px1=0.05, r_kk_obj=-0.50, r_kk_fin=-0.485, ρ_kx_obj=0.46, ρ_kx_fin=+0.448 -> frac=0.042 | t(attrs)=0.483s, t(frac)=0.004s
[2025-11-07T12:12:39-03:00] <k>=5.20, p=0.005205, px1=0.05, r_kk_obj=-0.50, r_kk_fin=-0.485, ρ_kx_obj=0.57, ρ_kx_fin=+0.515 -> frac=0.050 | t(attrs)=2.892s, t(frac)=0.002s
[2025-11-07T12:12:39-03:00] <k>=5.20, p=0.005205, px1=0.05, r_kk_obj=-0.50, r_kk_fin=-0.485, ρ_kx_obj=0.69, ρ_kx_fin=+0.513 -> frac=0.046 | t(attrs)=2.695s, t(frac)=0.003s
[2025-11-07T12:12:39-03:00] <k>=5.20, p=0.005205, px1=0.05, r_kk_obj=-0.50, r_kk_fin=-0.485, ρ_kx_obj=0.80, ρ_kx_fin=+0.513 -> frac=0.049 | t(attrs)=2.355s, t(frac)=0.002s
[2025-11-07T12:12:39-03:00] Curva lista: <k>=5.20, px1=0.05, r_kk_obj=-0.50, r_kk_fin=-0.485, p=0.005205, t_curva=67.31s (t_gen=0.06s, t_rew=58.65s, t_rho_total=8.60s; t_attrs=8.58s, t_frac=0.02s)
[2025-11-07T12:13:14-03:00] Generada red ER: N=1000, <k>_obj=5.20, p=0.005205, L=2603, tiempo=0.114s
[2025-11-07T12:13:14-03:00] Rewire r_kk: objetivo=+0.70, alcanzado=+0.685, |Δ|=0.015, iters=5018, tiempo=95.851s
[2025-11-07T12:13:14-03:00] <k>=5.20, p=0.005205, px1=0.20, r_kk_obj=+0.70, r_kk_fin=+0.685, ρ_kx_obj=0.00, ρ_kx_fin=+0.010 -> frac=0.044 | t(attrs)=0.011s, t(frac)=0.003s
[2025-11-07T12:13:14-03:00] <k>=5.20, p=0.005205, px1=0.20, r_kk_obj=+0.70, r_kk_fin=+0.685, ρ_kx_obj=0.11, ρ_kx_fin=+0.105 -> frac=0.057 | t(attrs)=0.027s, t(frac)=0.003s
[2025-11-07T12:13:14-03:00] <k>=5.20, p=0.005205, px1=0.20, r_kk_obj=+0.70, r_kk_fin=+0.685, ρ_kx_obj=0.23, ρ_kx_fin=+0.220 -> frac=0.047 | t(attrs)=0.061s, t(frac)=0.003s
[2025-11-07T12:13:14-03:00] <k>=5.20, p=0.005205, px1=0.20, r_kk_obj=+0.70, r_kk_fin=+0.685, ρ_kx_obj=0.34, ρ_kx_fin=+0.333 -> frac=0.083 | t(attrs)=0.128s, t(frac)=0.002s
[2025-11-07T12:13:14-03:00] <k>=5.20, p=0.005205, px1=0.20, r_kk_obj=+0.70, r_kk_fin=+0.685, ρ_kx_obj=0.46, ρ_kx_fin=+0.451 -> frac=0.091 | t(attrs)=0.175s, t(frac)=0.003s
[2025-11-07T12:13:14-03:00] <k>=5.20, p=0.005205, px1=0.20, r_kk_obj=+0.70, r_kk_fin=+0.685, ρ_kx_obj=0.57, ρ_kx_fin=+0.562 -> frac=0.133 | t(attrs)=0.372s, t(frac)=0.003s
[2025-11-07T12:13:14-03:00] <k>=5.20, p=0.005205, px1=0.20, r_kk_obj=+0.70, r_kk_fin=+0.685, ρ_kx_obj=0.69, ρ_kx_fin=+0.677 -> frac=0.176 | t(attrs)=0.971s, t(frac)=0.002s
[2025-11-07T12:13:14-03:00] <k>=5.20, p=0.005205, px1=0.20, r_kk_obj=+0.70, r_kk_fin=+0.685, ρ_kx_obj=0.80, ρ_kx_fin=+0.733 -> frac=0.179 | t(attrs)=3.375s, t(frac)=0.004s
[2025-11-07T12:13:14-03:00] Curva lista: <k>=5.20, px1=0.20, r_kk_obj=+0.70, r_kk_fin=+0.685, p=0.005205, t_curva=101.11s (t_gen=0.11s, t_rew=95.85s, t_rho_total=5.14s; t_attrs=5.12s, t_frac=0.02s)
[2025-11-07T12:13:15-03:00] Generada red ER: N=1000, <k>_obj=5.20, p=0.005205, L=2603, tiempo=0.088s
[2025-11-07T12:13:15-03:00] Rewire r_kk: objetivo=+0.70, alcanzado=+0.685, |Δ|=0.015, iters=5018, tiempo=95.399s
[2025-11-07T12:13:15-03:00] <k>=5.20, p=0.005205, px1=0.10, r_kk_obj=+0.70, r_kk_fin=+0.685, ρ_kx_obj=0.00, ρ_kx_fin=-0.004 -> frac=0.006 | t(attrs)=0.007s, t(frac)=0.002s
[2025-11-07T12:13:15-03:00] <k>=5.20, p=0.005205, px1=0.10, r_kk_obj=+0.70, r_kk_fin=+0.685, ρ_kx_obj=0.11, ρ_kx_fin=+0.109 -> frac=0.003 | t(attrs)=0.018s, t(frac)=0.002s
[2025-11-07T12:13:15-03:00] <k>=5.20, p=0.005205, px1=0.10, r_kk_obj=+0.70, r_kk_fin=+0.685, ρ_kx_obj=0.23, ρ_kx_fin=+0.220 -> frac=0.011 | t(attrs)=0.066s, t(frac)=0.004s
[2025-11-07T12:13:15-03:00] <k>=5.20, p=0.005205, px1=0.10, r_kk_obj=+0.70, r_kk_fin=+0.685, ρ_kx_obj=0.34, ρ_kx_fin=+0.337 -> frac=0.013 | t(attrs)=0.114s, t(frac)=0.002s
[2025-11-07T12:13:15-03:00] <k>=5.20, p=0.005205, px1=0.10, r_kk_obj=+0.70, r_kk_fin=+0.685, ρ_kx_obj=0.46, ρ_kx_fin=+0.449 -> frac=0.021 | t(attrs)=0.171s, t(frac)=0.003s
[2025-11-07T12:13:15-03:00] <k>=5.20, p=0.005205, px1=0.10, r_kk_obj=+0.70, r_kk_fin=+0.685, ρ_kx_obj=0.57, ρ_kx_fin=+0.565 -> frac=0.053 | t(attrs)=0.578s, t(frac)=0.004s
[2025-11-07T12:13:15-03:00] <k>=5.20, p=0.005205, px1=0.10, r_kk_obj=+0.70, r_kk_fin=+0.685, ρ_kx_obj=0.69, ρ_kx_fin=+0.630 -> frac=0.071 | t(attrs)=2.733s, t(frac)=0.002s
[2025-11-07T12:13:15-03:00] <k>=5.20, p=0.005205, px1=0.10, r_kk_obj=+0.70, r_kk_fin=+0.685, ρ_kx_obj=0.80, ρ_kx_fin=+0.628 -> frac=0.067 | t(attrs)=3.089s, t(frac)=0.002s
[2025-11-07T12:13:15-03:00] Curva lista: <k>=5.20, px1=0.10, r_kk_obj=+0.70, r_kk_fin=+0.685, p=0.005205, t_curva=102.29s (t_gen=0.09s, t_rew=95.40s, t_rho_total=6.80s; t_attrs=6.78s, t_frac=0.02s)
[2025-11-07T12:13:16-03:00] Generada red ER: N=1000, <k>_obj=5.20, p=0.005205, L=2603, tiempo=0.068s
[2025-11-07T12:13:16-03:00] Rewire r_kk: objetivo=+0.70, alcanzado=+0.685, |Δ|=0.015, iters=5018, tiempo=95.503s
[2025-11-07T12:13:16-03:00] <k>=5.20, p=0.005205, px1=0.05, r_kk_obj=+0.70, r_kk_fin=+0.685, ρ_kx_obj=0.00, ρ_kx_fin=-0.003 -> frac=0.003 | t(attrs)=0.002s, t(frac)=0.004s
[2025-11-07T12:13:16-03:00] <k>=5.20, p=0.005205, px1=0.05, r_kk_obj=+0.70, r_kk_fin=+0.685, ρ_kx_obj=0.11, ρ_kx_fin=+0.107 -> frac=0.000 | t(attrs)=0.033s, t(frac)=0.003s
[2025-11-07T12:13:16-03:00] <k>=5.20, p=0.005205, px1=0.05, r_kk_obj=+0.70, r_kk_fin=+0.685, ρ_kx_obj=0.23, ρ_kx_fin=+0.219 -> frac=0.000 | t(attrs)=0.036s, t(frac)=0.003s
[2025-11-07T12:13:16-03:00] <k>=5.20, p=0.005205, px1=0.05, r_kk_obj=+0.70, r_kk_fin=+0.685, ρ_kx_obj=0.34, ρ_kx_fin=+0.336 -> frac=0.001 | t(attrs)=0.141s, t(frac)=0.003s
[2025-11-07T12:13:16-03:00] <k>=5.20, p=0.005205, px1=0.05, r_kk_obj=+0.70, r_kk_fin=+0.685, ρ_kx_obj=0.46, ρ_kx_fin=+0.448 -> frac=0.008 | t(attrs)=0.355s, t(frac)=0.003s
[2025-11-07T12:13:16-03:00] <k>=5.20, p=0.005205, px1=0.05, r_kk_obj=+0.70, r_kk_fin=+0.685, ρ_kx_obj=0.57, ρ_kx_fin=+0.515 -> frac=0.011 | t(attrs)=2.784s, t(frac)=0.003s
[2025-11-07T12:13:16-03:00] <k>=5.20, p=0.005205, px1=0.05, r_kk_obj=+0.70, r_kk_fin=+0.685, ρ_kx_obj=0.69, ρ_kx_fin=+0.517 -> frac=0.009 | t(attrs)=3.306s, t(frac)=0.002s
[2025-11-07T12:13:16-03:00] <k>=5.20, p=0.005205, px1=0.05, r_kk_obj=+0.70, r_kk_fin=+0.685, ρ_kx_obj=0.80, ρ_kx_fin=+0.517 -> frac=0.009 | t(attrs)=1.927s, t(frac)=0.002s
[2025-11-07T12:13:16-03:00] Curva lista: <k>=5.20, px1=0.05, r_kk_obj=+0.70, r_kk_fin=+0.685, p=0.005205, t_curva=104.18s (t_gen=0.07s, t_rew=95.50s, t_rho_total=8.61s; t_attrs=8.58s, t_frac=0.02s)
[2025-11-07T12:13:17-03:00] Generando figura...
[2025-11-07T12:13:18-03:00] Figuras guardadas en: run-e2r\251107121128_N1000\fig3_ER.png y run-e2r\251107121128_N1000\fig3_ER.pdf
[2025-11-07T12:13:18-03:00] Fin experimento Fig3-ER | tiempo total=110.03s (~1.83 min) | carpeta=run-e2r\251107121128_N1000
