[2025-11-07T13:15:38-03:00] Ejecutando script: Erdos-Renyi-v2.py | ruta=C:\Users\dcaceres\Documents\Magister\Trimestre 2\CS Redes\Tarea 2\python\Erdos-Renyi-v2.py
[2025-11-07T13:15:38-03:00] Inicio experimento Fig3-ER (paralelo por procesos) | carpeta=run-e2r\251107131538_N100
[2025-11-07T13:15:38-03:00] Procesos: usados=18, cpu_count=22
[2025-11-07T13:15:38-03:00] Parámetros: N=100, <k>=[5.2, 2.5], px1=[0.05, 0.1, 0.2], r_kk=[-0.5, 0.0, 0.5], ρ_kx=[np.float64(0.0), np.float64(0.11), np.float64(0.23), np.float64(0.34), np.float64(0.46), np.float64(0.57), np.float64(0.69), np.float64(0.8)], seed=12021974
[2025-11-07T13:15:55-03:00] Generada red ER: N=100, <k>_obj=5.20, p=0.052525, L=269, tiempo=0.005s
[2025-11-07T13:15:55-03:00] Rewire r_kk: objetivo=+0.00, alcanzado=-0.001, |Δ|=0.001, iters=16, tiempo=0.083s
[2025-11-07T13:15:55-03:00] <k>=5.20, p=0.052525, px1=0.20, r_kk_obj=+0.00, r_kk_fin=-0.001, ρ_kx_obj=0.00, ρ_kx_fin=-0.006 -> frac=0.070 | t(attrs)=0.057s, t(frac)=0.001s
[2025-11-07T13:15:55-03:00] <k>=5.20, p=0.052525, px1=0.20, r_kk_obj=+0.00, r_kk_fin=-0.001, ρ_kx_obj=0.11, ρ_kx_fin=+0.121 -> frac=0.010 | t(attrs)=0.015s, t(frac)=0.001s
[2025-11-07T13:15:55-03:00] <k>=5.20, p=0.052525, px1=0.20, r_kk_obj=+0.00, r_kk_fin=-0.001, ρ_kx_obj=0.23, ρ_kx_fin=+0.228 -> frac=0.060 | t(attrs)=0.051s, t(frac)=0.001s
[2025-11-07T13:15:55-03:00] <k>=5.20, p=0.052525, px1=0.20, r_kk_obj=+0.00, r_kk_fin=-0.001, ρ_kx_obj=0.34, ρ_kx_fin=+0.334 -> frac=0.070 | t(attrs)=0.009s, t(frac)=0.001s
[2025-11-07T13:15:55-03:00] <k>=5.20, p=0.052525, px1=0.20, r_kk_obj=+0.00, r_kk_fin=-0.001, ρ_kx_obj=0.46, ρ_kx_fin=+0.462 -> frac=0.090 | t(attrs)=0.067s, t(frac)=0.001s
[2025-11-07T13:15:55-03:00] <k>=5.20, p=0.052525, px1=0.20, r_kk_obj=+0.00, r_kk_fin=-0.001, ρ_kx_obj=0.57, ρ_kx_fin=+0.579 -> frac=0.120 | t(attrs)=0.097s, t(frac)=0.001s
[2025-11-07T13:15:55-03:00] <k>=5.20, p=0.052525, px1=0.20, r_kk_obj=+0.00, r_kk_fin=-0.001, ρ_kx_obj=0.69, ρ_kx_fin=+0.686 -> frac=0.140 | t(attrs)=0.771s, t(frac)=0.001s
[2025-11-07T13:15:55-03:00] <k>=5.20, p=0.052525, px1=0.20, r_kk_obj=+0.00, r_kk_fin=-0.001, ρ_kx_obj=0.80, ρ_kx_fin=+0.696 -> frac=0.120 | t(attrs)=5.758s, t(frac)=0.001s
[2025-11-07T13:15:55-03:00] Curva lista: <k>=5.20, px1=0.20, r_kk_obj=+0.00, r_kk_fin=-0.001, p=0.052525, t_curva=6.92s (t_gen=0.00s, t_rew=0.08s, t_rho_total=6.83s; t_attrs=6.82s, t_frac=0.01s)
[2025-11-07T13:15:55-03:00] Generada red ER: N=100, <k>_obj=5.20, p=0.052525, L=269, tiempo=0.003s
[2025-11-07T13:15:55-03:00] Rewire r_kk: objetivo=+0.50, alcanzado=+0.486, |Δ|=0.014, iters=232, tiempo=0.801s
[2025-11-07T13:15:55-03:00] <k>=5.20, p=0.052525, px1=0.20, r_kk_obj=+0.50, r_kk_fin=+0.486, ρ_kx_obj=0.00, ρ_kx_fin=-0.006 -> frac=0.020 | t(attrs)=0.001s, t(frac)=0.001s
[2025-11-07T13:15:55-03:00] <k>=5.20, p=0.052525, px1=0.20, r_kk_obj=+0.50, r_kk_fin=+0.486, ρ_kx_obj=0.11, ρ_kx_fin=+0.121 -> frac=0.060 | t(attrs)=0.008s, t(frac)=0.001s
[2025-11-07T13:15:55-03:00] <k>=5.20, p=0.052525, px1=0.20, r_kk_obj=+0.50, r_kk_fin=+0.486, ρ_kx_obj=0.23, ρ_kx_fin=+0.238 -> frac=0.080 | t(attrs)=0.002s, t(frac)=0.001s
[2025-11-07T13:15:55-03:00] <k>=5.20, p=0.052525, px1=0.20, r_kk_obj=+0.50, r_kk_fin=+0.486, ρ_kx_obj=0.34, ρ_kx_fin=+0.334 -> frac=0.060 | t(attrs)=0.033s, t(frac)=0.001s
[2025-11-07T13:15:55-03:00] <k>=5.20, p=0.052525, px1=0.20, r_kk_obj=+0.50, r_kk_fin=+0.486, ρ_kx_obj=0.46, ρ_kx_fin=+0.451 -> frac=0.090 | t(attrs)=0.033s, t(frac)=0.001s
[2025-11-07T13:15:55-03:00] <k>=5.20, p=0.052525, px1=0.20, r_kk_obj=+0.50, r_kk_fin=+0.486, ρ_kx_obj=0.57, ρ_kx_fin=+0.568 -> frac=0.080 | t(attrs)=0.099s, t(frac)=0.001s
[2025-11-07T13:15:55-03:00] <k>=5.20, p=0.052525, px1=0.20, r_kk_obj=+0.50, r_kk_fin=+0.486, ρ_kx_obj=0.69, ρ_kx_fin=+0.686 -> frac=0.140 | t(attrs)=0.252s, t(frac)=0.001s
[2025-11-07T13:15:55-03:00] <k>=5.20, p=0.052525, px1=0.20, r_kk_obj=+0.50, r_kk_fin=+0.486, ρ_kx_obj=0.80, ρ_kx_fin=+0.696 -> frac=0.180 | t(attrs)=5.712s, t(frac)=0.001s
[2025-11-07T13:15:55-03:00] Curva lista: <k>=5.20, px1=0.20, r_kk_obj=+0.50, r_kk_fin=+0.486, p=0.052525, t_curva=6.95s (t_gen=0.00s, t_rew=0.80s, t_rho_total=6.15s; t_attrs=6.14s, t_frac=0.01s)
[2025-11-07T13:15:55-03:00] Generada red ER: N=100, <k>_obj=2.50, p=0.025253, L=123, tiempo=0.004s
[2025-11-07T13:15:55-03:00] Rewire r_kk: objetivo=-0.50, alcanzado=-0.490, |Δ|=0.010, iters=151, tiempo=0.690s
[2025-11-07T13:15:55-03:00] <k>=2.50, p=0.025253, px1=0.20, r_kk_obj=-0.50, r_kk_fin=-0.490, ρ_kx_obj=0.00, ρ_kx_fin=-0.003 -> frac=0.070 | t(attrs)=0.020s, t(frac)=0.001s
[2025-11-07T13:15:55-03:00] <k>=2.50, p=0.025253, px1=0.20, r_kk_obj=-0.50, r_kk_fin=-0.490, ρ_kx_obj=0.11, ρ_kx_fin=+0.116 -> frac=0.090 | t(attrs)=0.001s, t(frac)=0.001s
[2025-11-07T13:15:55-03:00] <k>=2.50, p=0.025253, px1=0.20, r_kk_obj=-0.50, r_kk_fin=-0.490, ρ_kx_obj=0.23, ρ_kx_fin=+0.221 -> frac=0.160 | t(attrs)=0.004s, t(frac)=0.004s
[2025-11-07T13:15:55-03:00] <k>=2.50, p=0.025253, px1=0.20, r_kk_obj=-0.50, r_kk_fin=-0.490, ρ_kx_obj=0.34, ρ_kx_fin=+0.340 -> frac=0.160 | t(attrs)=0.028s, t(frac)=0.000s
[2025-11-07T13:15:55-03:00] <k>=2.50, p=0.025253, px1=0.20, r_kk_obj=-0.50, r_kk_fin=-0.490, ρ_kx_obj=0.46, ρ_kx_fin=+0.459 -> frac=0.260 | t(attrs)=0.049s, t(frac)=0.000s
[2025-11-07T13:15:55-03:00] <k>=2.50, p=0.025253, px1=0.20, r_kk_obj=-0.50, r_kk_fin=-0.490, ρ_kx_obj=0.57, ρ_kx_fin=+0.564 -> frac=0.280 | t(attrs)=0.049s, t(frac)=0.000s
[2025-11-07T13:15:55-03:00] <k>=2.50, p=0.025253, px1=0.20, r_kk_obj=-0.50, r_kk_fin=-0.490, ρ_kx_obj=0.69, ρ_kx_fin=+0.683 -> frac=0.280 | t(attrs)=0.177s, t(frac)=0.001s
[2025-11-07T13:15:55-03:00] <k>=2.50, p=0.025253, px1=0.20, r_kk_obj=-0.50, r_kk_fin=-0.490, ρ_kx_obj=0.80, ρ_kx_fin=+0.728 -> frac=0.340 | t(attrs)=5.257s, t(frac)=0.000s
[2025-11-07T13:15:55-03:00] Curva lista: <k>=2.50, px1=0.20, r_kk_obj=-0.50, r_kk_fin=-0.490, p=0.025253, t_curva=6.29s (t_gen=0.00s, t_rew=0.69s, t_rho_total=5.59s; t_attrs=5.58s, t_frac=0.01s)
[2025-11-07T13:15:55-03:00] Generada red ER: N=100, <k>_obj=2.50, p=0.025253, L=123, tiempo=0.004s
[2025-11-07T13:15:55-03:00] Rewire r_kk: objetivo=+0.00, alcanzado=+0.005, |Δ|=0.005, iters=0, tiempo=0.005s
[2025-11-07T13:15:55-03:00] <k>=2.50, p=0.025253, px1=0.20, r_kk_obj=+0.00, r_kk_fin=+0.005, ρ_kx_obj=0.00, ρ_kx_fin=-0.003 -> frac=0.040 | t(attrs)=0.007s, t(frac)=0.001s
[2025-11-07T13:15:55-03:00] <k>=2.50, p=0.025253, px1=0.20, r_kk_obj=+0.00, r_kk_fin=+0.005, ρ_kx_obj=0.11, ρ_kx_fin=+0.116 -> frac=0.130 | t(attrs)=0.027s, t(frac)=0.001s
[2025-11-07T13:15:55-03:00] <k>=2.50, p=0.025253, px1=0.20, r_kk_obj=+0.00, r_kk_fin=+0.005, ρ_kx_obj=0.23, ρ_kx_fin=+0.221 -> frac=0.140 | t(attrs)=0.021s, t(frac)=0.001s
[2025-11-07T13:15:55-03:00] <k>=2.50, p=0.025253, px1=0.20, r_kk_obj=+0.00, r_kk_fin=+0.005, ρ_kx_obj=0.34, ρ_kx_fin=+0.340 -> frac=0.140 | t(attrs)=0.061s, t(frac)=0.001s
[2025-11-07T13:15:55-03:00] <k>=2.50, p=0.025253, px1=0.20, r_kk_obj=+0.00, r_kk_fin=+0.005, ρ_kx_obj=0.46, ρ_kx_fin=+0.459 -> frac=0.210 | t(attrs)=0.090s, t(frac)=0.001s
[2025-11-07T13:15:55-03:00] <k>=2.50, p=0.025253, px1=0.20, r_kk_obj=+0.00, r_kk_fin=+0.005, ρ_kx_obj=0.57, ρ_kx_fin=+0.564 -> frac=0.200 | t(attrs)=0.106s, t(frac)=0.001s
[2025-11-07T13:15:55-03:00] <k>=2.50, p=0.025253, px1=0.20, r_kk_obj=+0.00, r_kk_fin=+0.005, ρ_kx_obj=0.69, ρ_kx_fin=+0.683 -> frac=0.210 | t(attrs)=0.256s, t(frac)=0.001s
[2025-11-07T13:15:55-03:00] <k>=2.50, p=0.025253, px1=0.20, r_kk_obj=+0.00, r_kk_fin=+0.005, ρ_kx_obj=0.80, ρ_kx_fin=+0.728 -> frac=0.220 | t(attrs)=5.841s, t(frac)=0.000s
[2025-11-07T13:15:55-03:00] Curva lista: <k>=2.50, px1=0.20, r_kk_obj=+0.00, r_kk_fin=+0.005, p=0.025253, t_curva=6.43s (t_gen=0.00s, t_rew=0.01s, t_rho_total=6.42s; t_attrs=6.41s, t_frac=0.01s)
[2025-11-07T13:15:56-03:00] Generada red ER: N=100, <k>_obj=2.50, p=0.025253, L=123, tiempo=0.003s
[2025-11-07T13:15:56-03:00] Rewire r_kk: objetivo=+0.50, alcanzado=+0.511, |Δ|=0.011, iters=93, tiempo=0.347s
[2025-11-07T13:15:56-03:00] <k>=2.50, p=0.025253, px1=0.20, r_kk_obj=+0.50, r_kk_fin=+0.511, ρ_kx_obj=0.00, ρ_kx_fin=-0.003 -> frac=0.080 | t(attrs)=0.004s, t(frac)=0.001s
[2025-11-07T13:15:56-03:00] <k>=2.50, p=0.025253, px1=0.20, r_kk_obj=+0.50, r_kk_fin=+0.511, ρ_kx_obj=0.11, ρ_kx_fin=+0.116 -> frac=0.080 | t(attrs)=0.009s, t(frac)=0.001s
[2025-11-07T13:15:56-03:00] <k>=2.50, p=0.025253, px1=0.20, r_kk_obj=+0.50, r_kk_fin=+0.511, ρ_kx_obj=0.23, ρ_kx_fin=+0.236 -> frac=0.110 | t(attrs)=0.012s, t(frac)=0.001s
[2025-11-07T13:15:56-03:00] <k>=2.50, p=0.025253, px1=0.20, r_kk_obj=+0.50, r_kk_fin=+0.511, ρ_kx_obj=0.34, ρ_kx_fin=+0.340 -> frac=0.120 | t(attrs)=0.030s, t(frac)=0.001s
[2025-11-07T13:15:56-03:00] <k>=2.50, p=0.025253, px1=0.20, r_kk_obj=+0.50, r_kk_fin=+0.511, ρ_kx_obj=0.46, ρ_kx_fin=+0.459 -> frac=0.140 | t(attrs)=0.049s, t(frac)=0.001s
[2025-11-07T13:15:56-03:00] <k>=2.50, p=0.025253, px1=0.20, r_kk_obj=+0.50, r_kk_fin=+0.511, ρ_kx_obj=0.57, ρ_kx_fin=+0.564 -> frac=0.160 | t(attrs)=0.130s, t(frac)=0.001s
[2025-11-07T13:15:56-03:00] <k>=2.50, p=0.025253, px1=0.20, r_kk_obj=+0.50, r_kk_fin=+0.511, ρ_kx_obj=0.69, ρ_kx_fin=+0.683 -> frac=0.160 | t(attrs)=0.271s, t(frac)=0.001s
[2025-11-07T13:15:56-03:00] <k>=2.50, p=0.025253, px1=0.20, r_kk_obj=+0.50, r_kk_fin=+0.511, ρ_kx_obj=0.80, ρ_kx_fin=+0.728 -> frac=0.210 | t(attrs)=5.764s, t(frac)=0.000s
[2025-11-07T13:15:56-03:00] Curva lista: <k>=2.50, px1=0.20, r_kk_obj=+0.50, r_kk_fin=+0.511, p=0.025253, t_curva=6.63s (t_gen=0.00s, t_rew=0.35s, t_rho_total=6.27s; t_attrs=6.27s, t_frac=0.01s)
[2025-11-07T13:15:56-03:00] Generada red ER: N=100, <k>_obj=5.20, p=0.052525, L=269, tiempo=0.003s
[2025-11-07T13:15:56-03:00] Rewire r_kk: objetivo=-0.50, alcanzado=-0.485, |Δ|=0.015, iters=236, tiempo=0.967s
[2025-11-07T13:15:56-03:00] <k>=5.20, p=0.052525, px1=0.20, r_kk_obj=-0.50, r_kk_fin=-0.485, ρ_kx_obj=0.00, ρ_kx_fin=-0.006 -> frac=0.030 | t(attrs)=0.004s, t(frac)=0.001s
[2025-11-07T13:15:56-03:00] <k>=5.20, p=0.052525, px1=0.20, r_kk_obj=-0.50, r_kk_fin=-0.485, ρ_kx_obj=0.11, ρ_kx_fin=+0.111 -> frac=0.110 | t(attrs)=0.013s, t(frac)=0.001s
[2025-11-07T13:15:56-03:00] <k>=5.20, p=0.052525, px1=0.20, r_kk_obj=-0.50, r_kk_fin=-0.485, ρ_kx_obj=0.23, ρ_kx_fin=+0.238 -> frac=0.120 | t(attrs)=0.019s, t(frac)=0.001s
[2025-11-07T13:15:56-03:00] <k>=5.20, p=0.052525, px1=0.20, r_kk_obj=-0.50, r_kk_fin=-0.485, ρ_kx_obj=0.34, ρ_kx_fin=+0.345 -> frac=0.080 | t(attrs)=0.041s, t(frac)=0.001s
[2025-11-07T13:15:56-03:00] <k>=5.20, p=0.052525, px1=0.20, r_kk_obj=-0.50, r_kk_fin=-0.485, ρ_kx_obj=0.46, ρ_kx_fin=+0.462 -> frac=0.150 | t(attrs)=0.108s, t(frac)=0.001s
[2025-11-07T13:15:56-03:00] <k>=5.20, p=0.052525, px1=0.20, r_kk_obj=-0.50, r_kk_fin=-0.485, ρ_kx_obj=0.57, ρ_kx_fin=+0.568 -> frac=0.220 | t(attrs)=0.147s, t(frac)=0.001s
[2025-11-07T13:15:56-03:00] <k>=5.20, p=0.052525, px1=0.20, r_kk_obj=-0.50, r_kk_fin=-0.485, ρ_kx_obj=0.69, ρ_kx_fin=+0.686 -> frac=0.270 | t(attrs)=0.717s, t(frac)=0.001s
[2025-11-07T13:15:56-03:00] <k>=5.20, p=0.052525, px1=0.20, r_kk_obj=-0.50, r_kk_fin=-0.485, ρ_kx_obj=0.80, ρ_kx_fin=+0.696 -> frac=0.300 | t(attrs)=6.097s, t(frac)=0.001s
[2025-11-07T13:15:56-03:00] Curva lista: <k>=5.20, px1=0.20, r_kk_obj=-0.50, r_kk_fin=-0.485, p=0.052525, t_curva=8.12s (t_gen=0.00s, t_rew=0.97s, t_rho_total=7.15s; t_attrs=7.15s, t_frac=0.01s)
[2025-11-07T13:15:58-03:00] Generada red ER: N=100, <k>_obj=5.20, p=0.052525, L=269, tiempo=0.003s
[2025-11-07T13:15:58-03:00] Rewire r_kk: objetivo=-0.50, alcanzado=-0.485, |Δ|=0.015, iters=236, tiempo=0.922s
[2025-11-07T13:15:58-03:00] <k>=5.20, p=0.052525, px1=0.10, r_kk_obj=-0.50, r_kk_fin=-0.485, ρ_kx_obj=0.00, ρ_kx_fin=+0.003 -> frac=0.020 | t(attrs)=0.015s, t(frac)=0.001s
[2025-11-07T13:15:58-03:00] <k>=5.20, p=0.052525, px1=0.10, r_kk_obj=-0.50, r_kk_fin=-0.485, ρ_kx_obj=0.11, ρ_kx_fin=+0.116 -> frac=0.020 | t(attrs)=0.010s, t(frac)=0.001s
[2025-11-07T13:15:58-03:00] <k>=5.20, p=0.052525, px1=0.10, r_kk_obj=-0.50, r_kk_fin=-0.485, ρ_kx_obj=0.23, ρ_kx_fin=+0.230 -> frac=0.010 | t(attrs)=0.023s, t(frac)=0.001s
[2025-11-07T13:15:58-03:00] <k>=5.20, p=0.052525, px1=0.10, r_kk_obj=-0.50, r_kk_fin=-0.485, ρ_kx_obj=0.34, ρ_kx_fin=+0.343 -> frac=0.060 | t(attrs)=0.032s, t(frac)=0.001s
[2025-11-07T13:15:58-03:00] <k>=5.20, p=0.052525, px1=0.10, r_kk_obj=-0.50, r_kk_fin=-0.485, ρ_kx_obj=0.46, ρ_kx_fin=+0.457 -> frac=0.080 | t(attrs)=0.111s, t(frac)=0.001s
[2025-11-07T13:15:58-03:00] <k>=5.20, p=0.052525, px1=0.10, r_kk_obj=-0.50, r_kk_fin=-0.485, ρ_kx_obj=0.57, ρ_kx_fin=+0.571 -> frac=0.140 | t(attrs)=0.173s, t(frac)=0.001s
[2025-11-07T13:15:58-03:00] <k>=5.20, p=0.052525, px1=0.10, r_kk_obj=-0.50, r_kk_fin=-0.485, ρ_kx_obj=0.69, ρ_kx_fin=+0.571 -> frac=0.120 | t(attrs)=5.545s, t(frac)=0.001s
[2025-11-07T13:15:58-03:00] <k>=5.20, p=0.052525, px1=0.10, r_kk_obj=-0.50, r_kk_fin=-0.485, ρ_kx_obj=0.80, ρ_kx_fin=+0.571 -> frac=0.120 | t(attrs)=4.623s, t(frac)=0.000s
[2025-11-07T13:15:58-03:00] Curva lista: <k>=5.20, px1=0.10, r_kk_obj=-0.50, r_kk_fin=-0.485, p=0.052525, t_curva=11.46s (t_gen=0.00s, t_rew=0.92s, t_rho_total=10.54s; t_attrs=10.53s, t_frac=0.00s)
[2025-11-07T13:15:59-03:00] Generada red ER: N=100, <k>_obj=5.20, p=0.052525, L=269, tiempo=0.003s
[2025-11-07T13:15:59-03:00] Rewire r_kk: objetivo=+0.00, alcanzado=-0.001, |Δ|=0.001, iters=16, tiempo=0.070s
[2025-11-07T13:15:59-03:00] <k>=5.20, p=0.052525, px1=0.10, r_kk_obj=+0.00, r_kk_fin=-0.001, ρ_kx_obj=0.00, ρ_kx_fin=+0.003 -> frac=0.010 | t(attrs)=0.012s, t(frac)=0.003s
[2025-11-07T13:15:59-03:00] <k>=5.20, p=0.052525, px1=0.10, r_kk_obj=+0.00, r_kk_fin=-0.001, ρ_kx_obj=0.11, ρ_kx_fin=+0.116 -> frac=0.030 | t(attrs)=0.016s, t(frac)=0.001s
[2025-11-07T13:15:59-03:00] <k>=5.20, p=0.052525, px1=0.10, r_kk_obj=+0.00, r_kk_fin=-0.001, ρ_kx_obj=0.23, ρ_kx_fin=+0.230 -> frac=0.020 | t(attrs)=0.015s, t(frac)=0.001s
[2025-11-07T13:15:59-03:00] <k>=5.20, p=0.052525, px1=0.10, r_kk_obj=+0.00, r_kk_fin=-0.001, ρ_kx_obj=0.34, ρ_kx_fin=+0.343 -> frac=0.020 | t(attrs)=0.045s, t(frac)=0.001s
[2025-11-07T13:15:59-03:00] <k>=5.20, p=0.052525, px1=0.10, r_kk_obj=+0.00, r_kk_fin=-0.001, ρ_kx_obj=0.46, ρ_kx_fin=+0.457 -> frac=0.040 | t(attrs)=0.082s, t(frac)=0.001s
[2025-11-07T13:15:59-03:00] <k>=5.20, p=0.052525, px1=0.10, r_kk_obj=+0.00, r_kk_fin=-0.001, ρ_kx_obj=0.57, ρ_kx_fin=+0.571 -> frac=0.030 | t(attrs)=0.381s, t(frac)=0.001s
[2025-11-07T13:15:59-03:00] <k>=5.20, p=0.052525, px1=0.10, r_kk_obj=+0.00, r_kk_fin=-0.001, ρ_kx_obj=0.69, ρ_kx_fin=+0.571 -> frac=0.020 | t(attrs)=5.784s, t(frac)=0.000s
[2025-11-07T13:15:59-03:00] <k>=5.20, p=0.052525, px1=0.10, r_kk_obj=+0.00, r_kk_fin=-0.001, ρ_kx_obj=0.80, ρ_kx_fin=+0.571 -> frac=0.030 | t(attrs)=4.803s, t(frac)=0.000s
[2025-11-07T13:15:59-03:00] Curva lista: <k>=5.20, px1=0.10, r_kk_obj=+0.00, r_kk_fin=-0.001, p=0.052525, t_curva=11.22s (t_gen=0.00s, t_rew=0.07s, t_rho_total=11.14s; t_attrs=11.14s, t_frac=0.01s)
[2025-11-07T13:15:59-03:00] Generada red ER: N=100, <k>_obj=5.20, p=0.052525, L=269, tiempo=0.003s
[2025-11-07T13:15:59-03:00] Rewire r_kk: objetivo=+0.50, alcanzado=+0.486, |Δ|=0.014, iters=232, tiempo=1.043s
[2025-11-07T13:15:59-03:00] <k>=5.20, p=0.052525, px1=0.10, r_kk_obj=+0.50, r_kk_fin=+0.486, ρ_kx_obj=0.00, ρ_kx_fin=+0.003 -> frac=0.000 | t(attrs)=0.004s, t(frac)=0.001s
[2025-11-07T13:15:59-03:00] <k>=5.20, p=0.052525, px1=0.10, r_kk_obj=+0.50, r_kk_fin=+0.486, ρ_kx_obj=0.11, ρ_kx_fin=+0.116 -> frac=0.020 | t(attrs)=0.003s, t(frac)=0.001s
[2025-11-07T13:15:59-03:00] <k>=5.20, p=0.052525, px1=0.10, r_kk_obj=+0.50, r_kk_fin=+0.486, ρ_kx_obj=0.23, ρ_kx_fin=+0.230 -> frac=0.020 | t(attrs)=0.025s, t(frac)=0.001s
[2025-11-07T13:15:59-03:00] <k>=5.20, p=0.052525, px1=0.10, r_kk_obj=+0.50, r_kk_fin=+0.486, ρ_kx_obj=0.34, ρ_kx_fin=+0.343 -> frac=0.000 | t(attrs)=0.031s, t(frac)=0.001s
[2025-11-07T13:15:59-03:00] <k>=5.20, p=0.052525, px1=0.10, r_kk_obj=+0.50, r_kk_fin=+0.486, ρ_kx_obj=0.46, ρ_kx_fin=+0.457 -> frac=0.000 | t(attrs)=0.067s, t(frac)=0.001s
[2025-11-07T13:15:59-03:00] <k>=5.20, p=0.052525, px1=0.10, r_kk_obj=+0.50, r_kk_fin=+0.486, ρ_kx_obj=0.57, ρ_kx_fin=+0.571 -> frac=0.010 | t(attrs)=0.172s, t(frac)=0.001s
[2025-11-07T13:15:59-03:00] <k>=5.20, p=0.052525, px1=0.10, r_kk_obj=+0.50, r_kk_fin=+0.486, ρ_kx_obj=0.69, ρ_kx_fin=+0.571 -> frac=0.010 | t(attrs)=5.361s, t(frac)=0.001s
[2025-11-07T13:15:59-03:00] <k>=5.20, p=0.052525, px1=0.10, r_kk_obj=+0.50, r_kk_fin=+0.486, ρ_kx_obj=0.80, ρ_kx_fin=+0.571 -> frac=0.010 | t(attrs)=4.542s, t(frac)=0.000s
[2025-11-07T13:15:59-03:00] Curva lista: <k>=5.20, px1=0.10, r_kk_obj=+0.50, r_kk_fin=+0.486, p=0.052525, t_curva=11.26s (t_gen=0.00s, t_rew=1.04s, t_rho_total=10.21s; t_attrs=10.21s, t_frac=0.00s)
[2025-11-07T13:15:59-03:00] Generada red ER: N=100, <k>_obj=2.50, p=0.025253, L=123, tiempo=0.005s
[2025-11-07T13:15:59-03:00] Rewire r_kk: objetivo=+0.00, alcanzado=+0.005, |Δ|=0.005, iters=0, tiempo=0.006s
[2025-11-07T13:15:59-03:00] <k>=2.50, p=0.025253, px1=0.10, r_kk_obj=+0.00, r_kk_fin=+0.005, ρ_kx_obj=0.00, ρ_kx_fin=+0.008 -> frac=0.070 | t(attrs)=0.014s, t(frac)=0.001s
[2025-11-07T13:15:59-03:00] <k>=2.50, p=0.025253, px1=0.10, r_kk_obj=+0.00, r_kk_fin=+0.005, ρ_kx_obj=0.11, ρ_kx_fin=+0.107 -> frac=0.060 | t(attrs)=0.007s, t(frac)=0.003s
[2025-11-07T13:15:59-03:00] <k>=2.50, p=0.025253, px1=0.10, r_kk_obj=+0.00, r_kk_fin=+0.005, ρ_kx_obj=0.23, ρ_kx_fin=+0.227 -> frac=0.050 | t(attrs)=0.012s, t(frac)=0.001s
[2025-11-07T13:15:59-03:00] <k>=2.50, p=0.025253, px1=0.10, r_kk_obj=+0.00, r_kk_fin=+0.005, ρ_kx_obj=0.34, ρ_kx_fin=+0.346 -> frac=0.040 | t(attrs)=0.052s, t(frac)=0.001s
[2025-11-07T13:15:59-03:00] <k>=2.50, p=0.025253, px1=0.10, r_kk_obj=+0.00, r_kk_fin=+0.005, ρ_kx_obj=0.46, ρ_kx_fin=+0.465 -> frac=0.090 | t(attrs)=0.127s, t(frac)=0.001s
[2025-11-07T13:15:59-03:00] <k>=2.50, p=0.025253, px1=0.10, r_kk_obj=+0.00, r_kk_fin=+0.005, ρ_kx_obj=0.57, ρ_kx_fin=+0.565 -> frac=0.060 | t(attrs)=0.196s, t(frac)=0.000s
[2025-11-07T13:15:59-03:00] <k>=2.50, p=0.025253, px1=0.10, r_kk_obj=+0.00, r_kk_fin=+0.005, ρ_kx_obj=0.69, ρ_kx_fin=+0.605 -> frac=0.110 | t(attrs)=5.864s, t(frac)=0.000s
[2025-11-07T13:15:59-03:00] <k>=2.50, p=0.025253, px1=0.10, r_kk_obj=+0.00, r_kk_fin=+0.005, ρ_kx_obj=0.80, ρ_kx_fin=+0.605 -> frac=0.090 | t(attrs)=4.270s, t(frac)=0.000s
[2025-11-07T13:15:59-03:00] Curva lista: <k>=2.50, px1=0.10, r_kk_obj=+0.00, r_kk_fin=+0.005, p=0.025253, t_curva=10.56s (t_gen=0.01s, t_rew=0.01s, t_rho_total=10.55s; t_attrs=10.54s, t_frac=0.01s)
[2025-11-07T13:16:00-03:00] Generada red ER: N=100, <k>_obj=2.50, p=0.025253, L=123, tiempo=0.003s
[2025-11-07T13:16:00-03:00] Rewire r_kk: objetivo=+0.50, alcanzado=+0.511, |Δ|=0.011, iters=93, tiempo=0.268s
[2025-11-07T13:16:00-03:00] <k>=2.50, p=0.025253, px1=0.10, r_kk_obj=+0.50, r_kk_fin=+0.511, ρ_kx_obj=0.00, ρ_kx_fin=+0.008 -> frac=0.020 | t(attrs)=0.012s, t(frac)=0.000s
[2025-11-07T13:16:00-03:00] <k>=2.50, p=0.025253, px1=0.10, r_kk_obj=+0.50, r_kk_fin=+0.511, ρ_kx_obj=0.11, ρ_kx_fin=+0.107 -> frac=0.030 | t(attrs)=0.005s, t(frac)=0.001s
[2025-11-07T13:16:00-03:00] <k>=2.50, p=0.025253, px1=0.10, r_kk_obj=+0.50, r_kk_fin=+0.511, ρ_kx_obj=0.23, ρ_kx_fin=+0.227 -> frac=0.070 | t(attrs)=0.008s, t(frac)=0.000s
[2025-11-07T13:16:00-03:00] <k>=2.50, p=0.025253, px1=0.10, r_kk_obj=+0.50, r_kk_fin=+0.511, ρ_kx_obj=0.34, ρ_kx_fin=+0.346 -> frac=0.040 | t(attrs)=0.020s, t(frac)=0.000s
[2025-11-07T13:16:00-03:00] <k>=2.50, p=0.025253, px1=0.10, r_kk_obj=+0.50, r_kk_fin=+0.511, ρ_kx_obj=0.46, ρ_kx_fin=+0.465 -> frac=0.040 | t(attrs)=0.130s, t(frac)=0.001s
[2025-11-07T13:16:00-03:00] <k>=2.50, p=0.025253, px1=0.10, r_kk_obj=+0.50, r_kk_fin=+0.511, ρ_kx_obj=0.57, ρ_kx_fin=+0.565 -> frac=0.040 | t(attrs)=0.090s, t(frac)=0.001s
[2025-11-07T13:16:00-03:00] <k>=2.50, p=0.025253, px1=0.10, r_kk_obj=+0.50, r_kk_fin=+0.511, ρ_kx_obj=0.69, ρ_kx_fin=+0.605 -> frac=0.040 | t(attrs)=6.047s, t(frac)=0.000s
[2025-11-07T13:16:00-03:00] <k>=2.50, p=0.025253, px1=0.10, r_kk_obj=+0.50, r_kk_fin=+0.511, ρ_kx_obj=0.80, ρ_kx_fin=+0.605 -> frac=0.030 | t(attrs)=4.275s, t(frac)=0.000s
[2025-11-07T13:16:00-03:00] Curva lista: <k>=2.50, px1=0.10, r_kk_obj=+0.50, r_kk_fin=+0.511, p=0.025253, t_curva=10.86s (t_gen=0.00s, t_rew=0.27s, t_rho_total=10.59s; t_attrs=10.59s, t_frac=0.00s)
[2025-11-07T13:16:00-03:00] Generada red ER: N=100, <k>_obj=2.50, p=0.025253, L=123, tiempo=0.004s
[2025-11-07T13:16:00-03:00] Rewire r_kk: objetivo=-0.50, alcanzado=-0.490, |Δ|=0.010, iters=151, tiempo=0.601s
[2025-11-07T13:16:00-03:00] <k>=2.50, p=0.025253, px1=0.10, r_kk_obj=-0.50, r_kk_fin=-0.490, ρ_kx_obj=0.00, ρ_kx_fin=+0.008 -> frac=0.030 | t(attrs)=0.004s, t(frac)=0.000s
[2025-11-07T13:16:00-03:00] <k>=2.50, p=0.025253, px1=0.10, r_kk_obj=-0.50, r_kk_fin=-0.490, ρ_kx_obj=0.11, ρ_kx_fin=+0.107 -> frac=0.030 | t(attrs)=0.008s, t(frac)=0.000s
[2025-11-07T13:16:00-03:00] <k>=2.50, p=0.025253, px1=0.10, r_kk_obj=-0.50, r_kk_fin=-0.490, ρ_kx_obj=0.23, ρ_kx_fin=+0.227 -> frac=0.070 | t(attrs)=0.007s, t(frac)=0.000s
[2025-11-07T13:16:00-03:00] <k>=2.50, p=0.025253, px1=0.10, r_kk_obj=-0.50, r_kk_fin=-0.490, ρ_kx_obj=0.34, ρ_kx_fin=+0.346 -> frac=0.080 | t(attrs)=0.064s, t(frac)=0.001s
[2025-11-07T13:16:00-03:00] <k>=2.50, p=0.025253, px1=0.10, r_kk_obj=-0.50, r_kk_fin=-0.490, ρ_kx_obj=0.46, ρ_kx_fin=+0.465 -> frac=0.140 | t(attrs)=0.118s, t(frac)=0.001s
[2025-11-07T13:16:00-03:00] <k>=2.50, p=0.025253, px1=0.10, r_kk_obj=-0.50, r_kk_fin=-0.490, ρ_kx_obj=0.57, ρ_kx_fin=+0.565 -> frac=0.160 | t(attrs)=0.165s, t(frac)=0.001s
[2025-11-07T13:16:00-03:00] <k>=2.50, p=0.025253, px1=0.10, r_kk_obj=-0.50, r_kk_fin=-0.490, ρ_kx_obj=0.69, ρ_kx_fin=+0.605 -> frac=0.210 | t(attrs)=5.968s, t(frac)=0.001s
[2025-11-07T13:16:00-03:00] <k>=2.50, p=0.025253, px1=0.10, r_kk_obj=-0.50, r_kk_fin=-0.490, ρ_kx_obj=0.80, ρ_kx_fin=+0.605 -> frac=0.210 | t(attrs)=4.061s, t(frac)=0.000s
[2025-11-07T13:16:00-03:00] Curva lista: <k>=2.50, px1=0.10, r_kk_obj=-0.50, r_kk_fin=-0.490, p=0.025253, t_curva=11.01s (t_gen=0.00s, t_rew=0.60s, t_rho_total=10.40s; t_attrs=10.39s, t_frac=0.00s)
[2025-11-07T13:16:01-03:00] Generada red ER: N=100, <k>_obj=5.20, p=0.052525, L=269, tiempo=0.005s
[2025-11-07T13:16:01-03:00] Rewire r_kk: objetivo=-0.50, alcanzado=-0.485, |Δ|=0.015, iters=236, tiempo=0.686s
[2025-11-07T13:16:01-03:00] <k>=5.20, p=0.052525, px1=0.05, r_kk_obj=-0.50, r_kk_fin=-0.485, ρ_kx_obj=0.00, ρ_kx_fin=+0.002 -> frac=0.010 | t(attrs)=0.001s, t(frac)=0.000s
[2025-11-07T13:16:01-03:00] <k>=5.20, p=0.052525, px1=0.05, r_kk_obj=-0.50, r_kk_fin=-0.485, ρ_kx_obj=0.11, ρ_kx_fin=+0.119 -> frac=0.020 | t(attrs)=0.009s, t(frac)=0.001s
[2025-11-07T13:16:01-03:00] <k>=5.20, p=0.052525, px1=0.05, r_kk_obj=-0.50, r_kk_fin=-0.485, ρ_kx_obj=0.23, ρ_kx_fin=+0.236 -> frac=0.000 | t(attrs)=0.021s, t(frac)=0.001s
[2025-11-07T13:16:01-03:00] <k>=5.20, p=0.052525, px1=0.05, r_kk_obj=-0.50, r_kk_fin=-0.485, ρ_kx_obj=0.34, ρ_kx_fin=+0.334 -> frac=0.020 | t(attrs)=0.051s, t(frac)=0.001s
[2025-11-07T13:16:01-03:00] <k>=5.20, p=0.052525, px1=0.05, r_kk_obj=-0.50, r_kk_fin=-0.485, ρ_kx_obj=0.46, ρ_kx_fin=+0.451 -> frac=0.030 | t(attrs)=0.053s, t(frac)=0.001s
[2025-11-07T13:16:01-03:00] <k>=5.20, p=0.052525, px1=0.05, r_kk_obj=-0.50, r_kk_fin=-0.485, ρ_kx_obj=0.57, ρ_kx_fin=+0.510 -> frac=0.080 | t(attrs)=5.997s, t(frac)=0.001s
[2025-11-07T13:16:01-03:00] <k>=5.20, p=0.052525, px1=0.05, r_kk_obj=-0.50, r_kk_fin=-0.485, ρ_kx_obj=0.69, ρ_kx_fin=+0.510 -> frac=0.080 | t(attrs)=4.936s, t(frac)=0.000s
[2025-11-07T13:16:01-03:00] <k>=5.20, p=0.052525, px1=0.05, r_kk_obj=-0.50, r_kk_fin=-0.485, ρ_kx_obj=0.80, ρ_kx_fin=+0.510 -> frac=0.080 | t(attrs)=3.577s, t(frac)=0.000s
[2025-11-07T13:16:01-03:00] Curva lista: <k>=5.20, px1=0.05, r_kk_obj=-0.50, r_kk_fin=-0.485, p=0.052525, t_curva=15.34s (t_gen=0.00s, t_rew=0.69s, t_rho_total=14.65s; t_attrs=14.65s, t_frac=0.00s)
[2025-11-07T13:16:01-03:00] Generada red ER: N=100, <k>_obj=5.20, p=0.052525, L=269, tiempo=0.002s
[2025-11-07T13:16:01-03:00] Rewire r_kk: objetivo=+0.00, alcanzado=-0.001, |Δ|=0.001, iters=16, tiempo=0.052s
[2025-11-07T13:16:01-03:00] <k>=5.20, p=0.052525, px1=0.05, r_kk_obj=+0.00, r_kk_fin=-0.001, ρ_kx_obj=0.00, ρ_kx_fin=+0.002 -> frac=0.000 | t(attrs)=0.007s, t(frac)=0.001s
[2025-11-07T13:16:01-03:00] <k>=5.20, p=0.052525, px1=0.05, r_kk_obj=+0.00, r_kk_fin=-0.001, ρ_kx_obj=0.11, ρ_kx_fin=+0.119 -> frac=0.000 | t(attrs)=0.001s, t(frac)=0.001s
[2025-11-07T13:16:01-03:00] <k>=5.20, p=0.052525, px1=0.05, r_kk_obj=+0.00, r_kk_fin=-0.001, ρ_kx_obj=0.23, ρ_kx_fin=+0.236 -> frac=0.000 | t(attrs)=0.008s, t(frac)=0.001s
[2025-11-07T13:16:01-03:00] <k>=5.20, p=0.052525, px1=0.05, r_kk_obj=+0.00, r_kk_fin=-0.001, ρ_kx_obj=0.34, ρ_kx_fin=+0.334 -> frac=0.000 | t(attrs)=0.059s, t(frac)=0.001s
[2025-11-07T13:16:01-03:00] <k>=5.20, p=0.052525, px1=0.05, r_kk_obj=+0.00, r_kk_fin=-0.001, ρ_kx_obj=0.46, ρ_kx_fin=+0.451 -> frac=0.010 | t(attrs)=0.249s, t(frac)=0.000s
[2025-11-07T13:16:01-03:00] <k>=5.20, p=0.052525, px1=0.05, r_kk_obj=+0.00, r_kk_fin=-0.001, ρ_kx_obj=0.57, ρ_kx_fin=+0.510 -> frac=0.010 | t(attrs)=5.931s, t(frac)=0.001s
[2025-11-07T13:16:01-03:00] <k>=5.20, p=0.052525, px1=0.05, r_kk_obj=+0.00, r_kk_fin=-0.001, ρ_kx_obj=0.69, ρ_kx_fin=+0.510 -> frac=0.010 | t(attrs)=5.023s, t(frac)=0.000s
[2025-11-07T13:16:01-03:00] <k>=5.20, p=0.052525, px1=0.05, r_kk_obj=+0.00, r_kk_fin=-0.001, ρ_kx_obj=0.80, ρ_kx_fin=+0.510 -> frac=0.010 | t(attrs)=3.621s, t(frac)=0.000s
[2025-11-07T13:16:01-03:00] Curva lista: <k>=5.20, px1=0.05, r_kk_obj=+0.00, r_kk_fin=-0.001, p=0.052525, t_curva=14.96s (t_gen=0.00s, t_rew=0.05s, t_rho_total=14.90s; t_attrs=14.90s, t_frac=0.00s)
[2025-11-07T13:16:01-03:00] Generada red ER: N=100, <k>_obj=5.20, p=0.052525, L=269, tiempo=0.003s
[2025-11-07T13:16:01-03:00] Rewire r_kk: objetivo=+0.50, alcanzado=+0.486, |Δ|=0.014, iters=232, tiempo=0.751s
[2025-11-07T13:16:01-03:00] <k>=5.20, p=0.052525, px1=0.05, r_kk_obj=+0.50, r_kk_fin=+0.486, ρ_kx_obj=0.00, ρ_kx_fin=+0.002 -> frac=0.000 | t(attrs)=0.006s, t(frac)=0.000s
[2025-11-07T13:16:01-03:00] <k>=5.20, p=0.052525, px1=0.05, r_kk_obj=+0.50, r_kk_fin=+0.486, ρ_kx_obj=0.11, ρ_kx_fin=+0.119 -> frac=0.000 | t(attrs)=0.011s, t(frac)=0.001s
[2025-11-07T13:16:01-03:00] <k>=5.20, p=0.052525, px1=0.05, r_kk_obj=+0.50, r_kk_fin=+0.486, ρ_kx_obj=0.23, ρ_kx_fin=+0.236 -> frac=0.000 | t(attrs)=0.011s, t(frac)=0.001s
[2025-11-07T13:16:01-03:00] <k>=5.20, p=0.052525, px1=0.05, r_kk_obj=+0.50, r_kk_fin=+0.486, ρ_kx_obj=0.34, ρ_kx_fin=+0.334 -> frac=0.000 | t(attrs)=0.056s, t(frac)=0.001s
[2025-11-07T13:16:01-03:00] <k>=5.20, p=0.052525, px1=0.05, r_kk_obj=+0.50, r_kk_fin=+0.486, ρ_kx_obj=0.46, ρ_kx_fin=+0.451 -> frac=0.000 | t(attrs)=0.115s, t(frac)=0.001s
[2025-11-07T13:16:01-03:00] <k>=5.20, p=0.052525, px1=0.05, r_kk_obj=+0.50, r_kk_fin=+0.486, ρ_kx_obj=0.57, ρ_kx_fin=+0.510 -> frac=0.000 | t(attrs)=5.816s, t(frac)=0.001s
[2025-11-07T13:16:01-03:00] <k>=5.20, p=0.052525, px1=0.05, r_kk_obj=+0.50, r_kk_fin=+0.486, ρ_kx_obj=0.69, ρ_kx_fin=+0.510 -> frac=0.000 | t(attrs)=4.982s, t(frac)=0.001s
[2025-11-07T13:16:01-03:00] <k>=5.20, p=0.052525, px1=0.05, r_kk_obj=+0.50, r_kk_fin=+0.486, ρ_kx_obj=0.80, ρ_kx_fin=+0.510 -> frac=0.000 | t(attrs)=3.364s, t(frac)=0.000s
[2025-11-07T13:16:01-03:00] Curva lista: <k>=5.20, px1=0.05, r_kk_obj=+0.50, r_kk_fin=+0.486, p=0.052525, t_curva=15.12s (t_gen=0.00s, t_rew=0.75s, t_rho_total=14.37s; t_attrs=14.36s, t_frac=0.00s)
[2025-11-07T13:16:03-03:00] Generada red ER: N=100, <k>_obj=2.50, p=0.025253, L=123, tiempo=0.004s
[2025-11-07T13:16:03-03:00] Rewire r_kk: objetivo=-0.50, alcanzado=-0.490, |Δ|=0.010, iters=151, tiempo=0.527s
[2025-11-07T13:16:03-03:00] <k>=2.50, p=0.025253, px1=0.05, r_kk_obj=-0.50, r_kk_fin=-0.490, ρ_kx_obj=0.00, ρ_kx_fin=-0.008 -> frac=0.000 | t(attrs)=0.012s, t(frac)=0.000s
[2025-11-07T13:16:03-03:00] <k>=2.50, p=0.025253, px1=0.05, r_kk_obj=-0.50, r_kk_fin=-0.490, ρ_kx_obj=0.11, ρ_kx_fin=+0.101 -> frac=0.000 | t(attrs)=5.972s, t(frac)=0.000s
[2025-11-07T13:16:03-03:00] <k>=2.50, p=0.025253, px1=0.05, r_kk_obj=-0.50, r_kk_fin=-0.490, ρ_kx_obj=0.23, ρ_kx_fin=+0.238 -> frac=0.050 | t(attrs)=0.005s, t(frac)=0.000s
[2025-11-07T13:16:03-03:00] <k>=2.50, p=0.025253, px1=0.05, r_kk_obj=-0.50, r_kk_fin=-0.490, ρ_kx_obj=0.34, ρ_kx_fin=+0.348 -> frac=0.070 | t(attrs)=0.027s, t(frac)=0.000s
[2025-11-07T13:16:03-03:00] <k>=2.50, p=0.025253, px1=0.05, r_kk_obj=-0.50, r_kk_fin=-0.490, ρ_kx_obj=0.46, ρ_kx_fin=+0.457 -> frac=0.120 | t(attrs)=0.026s, t(frac)=0.000s
[2025-11-07T13:16:03-03:00] <k>=2.50, p=0.025253, px1=0.05, r_kk_obj=-0.50, r_kk_fin=-0.490, ρ_kx_obj=0.57, ρ_kx_fin=+0.485 -> frac=0.150 | t(attrs)=4.393s, t(frac)=0.000s
[2025-11-07T13:16:03-03:00] <k>=2.50, p=0.025253, px1=0.05, r_kk_obj=-0.50, r_kk_fin=-0.490, ρ_kx_obj=0.69, ρ_kx_fin=+0.485 -> frac=0.150 | t(attrs)=2.640s, t(frac)=0.000s
[2025-11-07T13:16:03-03:00] <k>=2.50, p=0.025253, px1=0.05, r_kk_obj=-0.50, r_kk_fin=-0.490, ρ_kx_obj=0.80, ρ_kx_fin=+0.485 -> frac=0.150 | t(attrs)=1.772s, t(frac)=0.000s
[2025-11-07T13:16:03-03:00] Curva lista: <k>=2.50, px1=0.05, r_kk_obj=-0.50, r_kk_fin=-0.490, p=0.025253, t_curva=15.38s (t_gen=0.00s, t_rew=0.53s, t_rho_total=14.85s; t_attrs=14.85s, t_frac=0.00s)
[2025-11-07T13:16:04-03:00] Generada red ER: N=100, <k>_obj=2.50, p=0.025253, L=123, tiempo=0.004s
[2025-11-07T13:16:04-03:00] Rewire r_kk: objetivo=+0.50, alcanzado=+0.511, |Δ|=0.011, iters=93, tiempo=0.293s
[2025-11-07T13:16:04-03:00] <k>=2.50, p=0.025253, px1=0.05, r_kk_obj=+0.50, r_kk_fin=+0.511, ρ_kx_obj=0.00, ρ_kx_fin=-0.008 -> frac=0.020 | t(attrs)=0.014s, t(frac)=0.000s
[2025-11-07T13:16:04-03:00] <k>=2.50, p=0.025253, px1=0.05, r_kk_obj=+0.50, r_kk_fin=+0.511, ρ_kx_obj=0.11, ρ_kx_fin=+0.101 -> frac=0.000 | t(attrs)=6.304s, t(frac)=0.000s
[2025-11-07T13:16:04-03:00] <k>=2.50, p=0.025253, px1=0.05, r_kk_obj=+0.50, r_kk_fin=+0.511, ρ_kx_obj=0.23, ρ_kx_fin=+0.238 -> frac=0.020 | t(attrs)=0.011s, t(frac)=0.000s
[2025-11-07T13:16:04-03:00] <k>=2.50, p=0.025253, px1=0.05, r_kk_obj=+0.50, r_kk_fin=+0.511, ρ_kx_obj=0.34, ρ_kx_fin=+0.348 -> frac=0.000 | t(attrs)=0.019s, t(frac)=0.000s
[2025-11-07T13:16:04-03:00] <k>=2.50, p=0.025253, px1=0.05, r_kk_obj=+0.50, r_kk_fin=+0.511, ρ_kx_obj=0.46, ρ_kx_fin=+0.457 -> frac=0.000 | t(attrs)=0.076s, t(frac)=0.000s
[2025-11-07T13:16:04-03:00] <k>=2.50, p=0.025253, px1=0.05, r_kk_obj=+0.50, r_kk_fin=+0.511, ρ_kx_obj=0.57, ρ_kx_fin=+0.485 -> frac=0.000 | t(attrs)=4.388s, t(frac)=0.000s
[2025-11-07T13:16:04-03:00] <k>=2.50, p=0.025253, px1=0.05, r_kk_obj=+0.50, r_kk_fin=+0.511, ρ_kx_obj=0.69, ρ_kx_fin=+0.485 -> frac=0.000 | t(attrs)=2.357s, t(frac)=0.000s
[2025-11-07T13:16:04-03:00] <k>=2.50, p=0.025253, px1=0.05, r_kk_obj=+0.50, r_kk_fin=+0.511, ρ_kx_obj=0.80, ρ_kx_fin=+0.485 -> frac=0.000 | t(attrs)=1.741s, t(frac)=0.000s
[2025-11-07T13:16:04-03:00] Curva lista: <k>=2.50, px1=0.05, r_kk_obj=+0.50, r_kk_fin=+0.511, p=0.025253, t_curva=15.21s (t_gen=0.00s, t_rew=0.29s, t_rho_total=14.91s; t_attrs=14.91s, t_frac=0.00s)
[2025-11-07T13:16:04-03:00] Generada red ER: N=100, <k>_obj=2.50, p=0.025253, L=123, tiempo=0.003s
[2025-11-07T13:16:04-03:00] Rewire r_kk: objetivo=+0.00, alcanzado=+0.005, |Δ|=0.005, iters=0, tiempo=0.003s
[2025-11-07T13:16:04-03:00] <k>=2.50, p=0.025253, px1=0.05, r_kk_obj=+0.00, r_kk_fin=+0.005, ρ_kx_obj=0.00, ρ_kx_fin=-0.008 -> frac=0.010 | t(attrs)=0.011s, t(frac)=0.000s
[2025-11-07T13:16:04-03:00] <k>=2.50, p=0.025253, px1=0.05, r_kk_obj=+0.00, r_kk_fin=+0.005, ρ_kx_obj=0.11, ρ_kx_fin=+0.101 -> frac=0.020 | t(attrs)=6.706s, t(frac)=0.000s
[2025-11-07T13:16:04-03:00] <k>=2.50, p=0.025253, px1=0.05, r_kk_obj=+0.00, r_kk_fin=+0.005, ρ_kx_obj=0.23, ρ_kx_fin=+0.238 -> frac=0.030 | t(attrs)=0.013s, t(frac)=0.000s
[2025-11-07T13:16:04-03:00] <k>=2.50, p=0.025253, px1=0.05, r_kk_obj=+0.00, r_kk_fin=+0.005, ρ_kx_obj=0.34, ρ_kx_fin=+0.348 -> frac=0.010 | t(attrs)=0.027s, t(frac)=0.000s
[2025-11-07T13:16:04-03:00] <k>=2.50, p=0.025253, px1=0.05, r_kk_obj=+0.00, r_kk_fin=+0.005, ρ_kx_obj=0.46, ρ_kx_fin=+0.457 -> frac=0.070 | t(attrs)=0.050s, t(frac)=0.000s
[2025-11-07T13:16:04-03:00] <k>=2.50, p=0.025253, px1=0.05, r_kk_obj=+0.00, r_kk_fin=+0.005, ρ_kx_obj=0.57, ρ_kx_fin=+0.485 -> frac=0.050 | t(attrs)=4.554s, t(frac)=0.000s
[2025-11-07T13:16:04-03:00] <k>=2.50, p=0.025253, px1=0.05, r_kk_obj=+0.00, r_kk_fin=+0.005, ρ_kx_obj=0.69, ρ_kx_fin=+0.485 -> frac=0.050 | t(attrs)=2.335s, t(frac)=0.000s
[2025-11-07T13:16:04-03:00] <k>=2.50, p=0.025253, px1=0.05, r_kk_obj=+0.00, r_kk_fin=+0.005, ρ_kx_obj=0.80, ρ_kx_fin=+0.485 -> frac=0.050 | t(attrs)=1.755s, t(frac)=0.000s
[2025-11-07T13:16:04-03:00] Curva lista: <k>=2.50, px1=0.05, r_kk_obj=+0.00, r_kk_fin=+0.005, p=0.025253, t_curva=15.46s (t_gen=0.00s, t_rew=0.00s, t_rho_total=15.45s; t_attrs=15.45s, t_frac=0.00s)
[2025-11-07T13:16:04-03:00] Generando figura...
[2025-11-07T13:16:05-03:00] Figuras guardadas en: run-e2r\251107131538_N100\fig3_ER.png y run-e2r\251107131538_N100\fig3_ER.pdf
[2025-11-07T13:16:05-03:00] Fin experimento Fig3-ER | tiempo total=27.14s (~0.45 min) | carpeta=run-e2r\251107131538_N100
