[2025-11-07T09:30:12-03:00] Inicio experimento Fig3-ER (paralelo por hilos) | carpeta=run-e2r\N1000_251107-093012
[2025-11-07T09:30:12-03:00] Hilos: deseado=8, usados=8, cpu_count=22
[2025-11-07T09:30:12-03:00] Parámetros: N=1000, <k>=[5.2, 2.5], px1=[0.05, 0.1, 0.2], r_kk=[-0.5, 0.0, 0.5], ρ_kx=[np.float64(0.0), np.float64(0.07), np.float64(0.13), np.float64(0.2), np.float64(0.27), np.float64(0.33), np.float64(0.4), np.float64(0.47), np.float64(0.53), np.float64(0.6)], seed=12021974
[2025-11-07T09:30:12-03:00] Generada red ER: N=1000, <k>_obj=5.20, p=0.005205, L=2603, tiempo=0.037s
[2025-11-07T09:30:41-03:00] Rewire r_kk: objetivo=-0.50, alcanzado=-0.491, |Δ|=0.009, iters=2737, factor=10, tiempo=28.957s
[2025-11-07T09:30:41-03:00] <k>=5.20, p=0.005205, px1=0.05, r_kk_obj=-0.50, r_kk_fin=-0.491, ρ_kx_obj=0.00, ρ_kx_fin=+0.010 -> frac=0.002 | t(attrs)=0.002s, t(frac)=0.001s
[2025-11-07T09:30:42-03:00] <k>=5.20, p=0.005205, px1=0.05, r_kk_obj=-0.50, r_kk_fin=-0.491, ρ_kx_obj=0.07, ρ_kx_fin=+0.058 -> frac=0.006 | t(attrs)=0.082s, t(frac)=0.002s
[2025-11-07T09:30:42-03:00] <k>=5.20, p=0.005205, px1=0.05, r_kk_obj=-0.50, r_kk_fin=-0.491, ρ_kx_obj=0.13, ρ_kx_fin=+0.126 -> frac=0.004 | t(attrs)=0.092s, t(frac)=0.002s
[2025-11-07T09:30:42-03:00] <k>=5.20, p=0.005205, px1=0.05, r_kk_obj=-0.50, r_kk_fin=-0.491, ρ_kx_obj=0.20, ρ_kx_fin=+0.191 -> frac=0.012 | t(attrs)=0.208s, t(frac)=0.002s
[2025-11-07T09:30:42-03:00] <k>=5.20, p=0.005205, px1=0.05, r_kk_obj=-0.50, r_kk_fin=-0.491, ρ_kx_obj=0.27, ρ_kx_fin=+0.264 -> frac=0.009 | t(attrs)=0.451s, t(frac)=0.002s
[2025-11-07T09:30:42-03:00] <k>=5.20, p=0.005205, px1=0.05, r_kk_obj=-0.50, r_kk_fin=-0.491, ρ_kx_obj=0.33, ρ_kx_fin=+0.327 -> frac=0.019 | t(attrs)=0.828s, t(frac)=0.002s
[2025-11-07T09:30:43-03:00] <k>=5.20, p=0.005205, px1=0.05, r_kk_obj=-0.50, r_kk_fin=-0.491, ρ_kx_obj=0.40, ρ_kx_fin=+0.391 -> frac=0.030 | t(attrs)=1.158s, t(frac)=0.002s
[2025-11-07T09:30:43-03:00] <k>=5.20, p=0.005205, px1=0.05, r_kk_obj=-0.50, r_kk_fin=-0.491, ρ_kx_obj=0.53, ρ_kx_fin=+0.442 -> frac=0.042 | t(attrs)=1.466s, t(frac)=0.002s
[2025-11-07T09:30:43-03:00] <k>=5.20, p=0.005205, px1=0.05, r_kk_obj=-0.50, r_kk_fin=-0.491, ρ_kx_obj=0.47, ρ_kx_fin=+0.429 -> frac=0.040 | t(attrs)=1.472s, t(frac)=0.002s
[2025-11-07T09:30:43-03:00] <k>=5.20, p=0.005205, px1=0.05, r_kk_obj=-0.50, r_kk_fin=-0.491, ρ_kx_obj=0.60, ρ_kx_fin=+0.440 -> frac=0.041 | t(attrs)=1.401s, t(frac)=0.002s
[2025-11-07T09:30:43-03:00] Rewire r_kk: objetivo=+0.00, alcanzado=-0.001, |Δ|=0.001, iters=0, factor=10, tiempo=0.007s
[2025-11-07T09:30:43-03:00] <k>=5.20, p=0.005205, px1=0.05, r_kk_obj=+0.00, r_kk_fin=-0.001, ρ_kx_obj=0.00, ρ_kx_fin=-0.007 -> frac=0.000 | t(attrs)=0.053s, t(frac)=0.002s
[2025-11-07T09:30:43-03:00] <k>=5.20, p=0.005205, px1=0.05, r_kk_obj=+0.00, r_kk_fin=-0.001, ρ_kx_obj=0.07, ρ_kx_fin=+0.065 -> frac=0.003 | t(attrs)=0.103s, t(frac)=0.002s
[2025-11-07T09:30:43-03:00] <k>=5.20, p=0.005205, px1=0.05, r_kk_obj=+0.00, r_kk_fin=-0.001, ρ_kx_obj=0.13, ρ_kx_fin=+0.124 -> frac=0.004 | t(attrs)=0.216s, t(frac)=0.002s
[2025-11-07T09:30:43-03:00] <k>=5.20, p=0.005205, px1=0.05, r_kk_obj=+0.00, r_kk_fin=-0.001, ρ_kx_obj=0.20, ρ_kx_fin=+0.191 -> frac=0.007 | t(attrs)=0.451s, t(frac)=0.002s
[2025-11-07T09:30:44-03:00] <k>=5.20, p=0.005205, px1=0.05, r_kk_obj=+0.00, r_kk_fin=-0.001, ρ_kx_obj=0.27, ρ_kx_fin=+0.258 -> frac=0.005 | t(attrs)=0.577s, t(frac)=0.002s
[2025-11-07T09:30:44-03:00] <k>=5.20, p=0.005205, px1=0.05, r_kk_obj=+0.00, r_kk_fin=-0.001, ρ_kx_obj=0.33, ρ_kx_fin=+0.323 -> frac=0.011 | t(attrs)=0.846s, t(frac)=0.002s
[2025-11-07T09:30:44-03:00] <k>=5.20, p=0.005205, px1=0.05, r_kk_obj=+0.00, r_kk_fin=-0.001, ρ_kx_obj=0.40, ρ_kx_fin=+0.395 -> frac=0.009 | t(attrs)=1.304s, t(frac)=0.002s
[2025-11-07T09:30:45-03:00] <k>=5.20, p=0.005205, px1=0.05, r_kk_obj=+0.00, r_kk_fin=-0.001, ρ_kx_obj=0.47, ρ_kx_fin=+0.431 -> frac=0.012 | t(attrs)=1.619s, t(frac)=0.002s
[2025-11-07T09:30:45-03:00] <k>=5.20, p=0.005205, px1=0.05, r_kk_obj=+0.00, r_kk_fin=-0.001, ρ_kx_obj=0.53, ρ_kx_fin=+0.427 -> frac=0.013 | t(attrs)=1.572s, t(frac)=0.002s
[2025-11-07T09:30:45-03:00] <k>=5.20, p=0.005205, px1=0.05, r_kk_obj=+0.00, r_kk_fin=-0.001, ρ_kx_obj=0.60, ρ_kx_fin=+0.429 -> frac=0.009 | t(attrs)=1.533s, t(frac)=0.002s
[2025-11-07T09:31:12-03:00] Rewire r_kk: objetivo=+0.50, alcanzado=+0.490, |Δ|=0.010, iters=2476, factor=10, tiempo=27.405s
[2025-11-07T09:31:12-03:00] <k>=5.20, p=0.005205, px1=0.05, r_kk_obj=+0.50, r_kk_fin=+0.490, ρ_kx_obj=0.00, ρ_kx_fin=+0.006 -> frac=0.002 | t(attrs)=0.002s, t(frac)=0.002s
[2025-11-07T09:31:12-03:00] <k>=5.20, p=0.005205, px1=0.05, r_kk_obj=+0.50, r_kk_fin=+0.490, ρ_kx_obj=0.07, ρ_kx_fin=+0.067 -> frac=0.004 | t(attrs)=0.088s, t(frac)=0.003s
[2025-11-07T09:31:12-03:00] <k>=5.20, p=0.005205, px1=0.05, r_kk_obj=+0.50, r_kk_fin=+0.490, ρ_kx_obj=0.20, ρ_kx_fin=+0.197 -> frac=0.001 | t(attrs)=0.155s, t(frac)=0.002s
[2025-11-07T09:31:12-03:00] <k>=5.20, p=0.005205, px1=0.05, r_kk_obj=+0.50, r_kk_fin=+0.490, ρ_kx_obj=0.13, ρ_kx_fin=+0.132 -> frac=0.000 | t(attrs)=0.167s, t(frac)=0.002s
[2025-11-07T09:31:13-03:00] <k>=5.20, p=0.005205, px1=0.05, r_kk_obj=+0.50, r_kk_fin=+0.490, ρ_kx_obj=0.27, ρ_kx_fin=+0.258 -> frac=0.002 | t(attrs)=0.533s, t(frac)=0.002s
[2025-11-07T09:31:13-03:00] <k>=5.20, p=0.005205, px1=0.05, r_kk_obj=+0.50, r_kk_fin=+0.490, ρ_kx_obj=0.33, ρ_kx_fin=+0.323 -> frac=0.002 | t(attrs)=0.546s, t(frac)=0.002s
[2025-11-07T09:31:13-03:00] <k>=5.20, p=0.005205, px1=0.05, r_kk_obj=+0.50, r_kk_fin=+0.490, ρ_kx_obj=0.40, ρ_kx_fin=+0.391 -> frac=0.002 | t(attrs)=1.086s, t(frac)=0.002s
[2025-11-07T09:31:13-03:00] <k>=5.20, p=0.005205, px1=0.05, r_kk_obj=+0.50, r_kk_fin=+0.490, ρ_kx_obj=0.47, ρ_kx_fin=+0.427 -> frac=0.005 | t(attrs)=1.443s, t(frac)=0.002s
[2025-11-07T09:31:13-03:00] <k>=5.20, p=0.005205, px1=0.05, r_kk_obj=+0.50, r_kk_fin=+0.490, ρ_kx_obj=0.53, ρ_kx_fin=+0.417 -> frac=0.006 | t(attrs)=1.465s, t(frac)=0.002s
[2025-11-07T09:31:13-03:00] <k>=5.20, p=0.005205, px1=0.05, r_kk_obj=+0.50, r_kk_fin=+0.490, ρ_kx_obj=0.60, ρ_kx_fin=+0.419 -> frac=0.003 | t(attrs)=1.382s, t(frac)=0.002s
[2025-11-07T09:31:43-03:00] Rewire r_kk: objetivo=-0.50, alcanzado=-0.491, |Δ|=0.009, iters=2737, factor=10, tiempo=29.345s
[2025-11-07T09:31:43-03:00] <k>=5.20, p=0.005205, px1=0.10, r_kk_obj=-0.50, r_kk_fin=-0.491, ρ_kx_obj=0.00, ρ_kx_fin=+0.007 -> frac=0.010 | t(attrs)=0.001s, t(frac)=0.003s
[2025-11-07T09:31:43-03:00] <k>=5.20, p=0.005205, px1=0.10, r_kk_obj=-0.50, r_kk_fin=-0.491, ρ_kx_obj=0.07, ρ_kx_fin=+0.060 -> frac=0.013 | t(attrs)=0.040s, t(frac)=0.002s
[2025-11-07T09:31:43-03:00] <k>=5.20, p=0.005205, px1=0.10, r_kk_obj=-0.50, r_kk_fin=-0.491, ρ_kx_obj=0.13, ρ_kx_fin=+0.131 -> frac=0.020 | t(attrs)=0.155s, t(frac)=0.002s
[2025-11-07T09:31:43-03:00] <k>=5.20, p=0.005205, px1=0.10, r_kk_obj=-0.50, r_kk_fin=-0.491, ρ_kx_obj=0.20, ρ_kx_fin=+0.190 -> frac=0.021 | t(attrs)=0.333s, t(frac)=0.002s
[2025-11-07T09:31:43-03:00] <k>=5.20, p=0.005205, px1=0.10, r_kk_obj=-0.50, r_kk_fin=-0.491, ρ_kx_obj=0.27, ρ_kx_fin=+0.257 -> frac=0.020 | t(attrs)=0.549s, t(frac)=0.002s
[2025-11-07T09:31:43-03:00] <k>=5.20, p=0.005205, px1=0.10, r_kk_obj=-0.50, r_kk_fin=-0.491, ρ_kx_obj=0.40, ρ_kx_fin=+0.391 -> frac=0.056 | t(attrs)=0.668s, t(frac)=0.002s
[2025-11-07T09:31:44-03:00] <k>=5.20, p=0.005205, px1=0.10, r_kk_obj=-0.50, r_kk_fin=-0.491, ρ_kx_obj=0.33, ρ_kx_fin=+0.329 -> frac=0.053 | t(attrs)=0.673s, t(frac)=0.002s
[2025-11-07T09:31:44-03:00] <k>=5.20, p=0.005205, px1=0.10, r_kk_obj=-0.50, r_kk_fin=-0.491, ρ_kx_obj=0.47, ρ_kx_fin=+0.461 -> frac=0.077 | t(attrs)=1.220s, t(frac)=0.002s
[2025-11-07T09:31:44-03:00] <k>=5.20, p=0.005205, px1=0.10, r_kk_obj=-0.50, r_kk_fin=-0.491, ρ_kx_obj=0.53, ρ_kx_fin=+0.486 -> frac=0.073 | t(attrs)=1.289s, t(frac)=0.002s
[2025-11-07T09:31:44-03:00] <k>=5.20, p=0.005205, px1=0.10, r_kk_obj=-0.50, r_kk_fin=-0.491, ρ_kx_obj=0.60, ρ_kx_fin=+0.488 -> frac=0.088 | t(attrs)=1.260s, t(frac)=0.002s
[2025-11-07T09:31:44-03:00] Rewire r_kk: objetivo=+0.00, alcanzado=-0.001, |Δ|=0.001, iters=0, factor=10, tiempo=0.006s
[2025-11-07T09:31:44-03:00] <k>=5.20, p=0.005205, px1=0.10, r_kk_obj=+0.00, r_kk_fin=-0.001, ρ_kx_obj=0.00, ρ_kx_fin=-0.008 -> frac=0.008 | t(attrs)=0.012s, t(frac)=0.002s
[2025-11-07T09:31:44-03:00] <k>=5.20, p=0.005205, px1=0.10, r_kk_obj=+0.00, r_kk_fin=-0.001, ρ_kx_obj=0.07, ρ_kx_fin=+0.063 -> frac=0.016 | t(attrs)=0.073s, t(frac)=0.002s
[2025-11-07T09:31:44-03:00] <k>=5.20, p=0.005205, px1=0.10, r_kk_obj=+0.00, r_kk_fin=-0.001, ρ_kx_obj=0.13, ρ_kx_fin=+0.123 -> frac=0.014 | t(attrs)=0.349s, t(frac)=0.002s
[2025-11-07T09:31:45-03:00] <k>=5.20, p=0.005205, px1=0.10, r_kk_obj=+0.00, r_kk_fin=-0.001, ρ_kx_obj=0.20, ρ_kx_fin=+0.193 -> frac=0.014 | t(attrs)=0.358s, t(frac)=0.002s
[2025-11-07T09:31:45-03:00] <k>=5.20, p=0.005205, px1=0.10, r_kk_obj=+0.00, r_kk_fin=-0.001, ρ_kx_obj=0.27, ρ_kx_fin=+0.257 -> frac=0.014 | t(attrs)=0.463s, t(frac)=0.002s
[2025-11-07T09:31:45-03:00] <k>=5.20, p=0.005205, px1=0.10, r_kk_obj=+0.00, r_kk_fin=-0.001, ρ_kx_obj=0.33, ρ_kx_fin=+0.325 -> frac=0.024 | t(attrs)=0.594s, t(frac)=0.002s
[2025-11-07T09:31:45-03:00] <k>=5.20, p=0.005205, px1=0.10, r_kk_obj=+0.00, r_kk_fin=-0.001, ρ_kx_obj=0.40, ρ_kx_fin=+0.391 -> frac=0.020 | t(attrs)=0.952s, t(frac)=0.002s
[2025-11-07T09:31:45-03:00] <k>=5.20, p=0.005205, px1=0.10, r_kk_obj=+0.00, r_kk_fin=-0.001, ρ_kx_obj=0.47, ρ_kx_fin=+0.458 -> frac=0.032 | t(attrs)=1.001s, t(frac)=0.002s
[2025-11-07T09:31:45-03:00] <k>=5.20, p=0.005205, px1=0.10, r_kk_obj=+0.00, r_kk_fin=-0.001, ρ_kx_obj=0.53, ρ_kx_fin=+0.494 -> frac=0.033 | t(attrs)=1.154s, t(frac)=0.002s
[2025-11-07T09:31:45-03:00] <k>=5.20, p=0.005205, px1=0.10, r_kk_obj=+0.00, r_kk_fin=-0.001, ρ_kx_obj=0.60, ρ_kx_fin=+0.489 -> frac=0.029 | t(attrs)=1.098s, t(frac)=0.002s
[2025-11-07T09:32:11-03:00] Rewire r_kk: objetivo=+0.50, alcanzado=+0.490, |Δ|=0.010, iters=2476, factor=10, tiempo=25.214s
[2025-11-07T09:32:11-03:00] <k>=5.20, p=0.005205, px1=0.10, r_kk_obj=+0.50, r_kk_fin=+0.490, ρ_kx_obj=0.00, ρ_kx_fin=-0.007 -> frac=0.007 | t(attrs)=0.001s, t(frac)=0.002s
[2025-11-07T09:32:11-03:00] <k>=5.20, p=0.005205, px1=0.10, r_kk_obj=+0.50, r_kk_fin=+0.490, ρ_kx_obj=0.07, ρ_kx_fin=+0.057 -> frac=0.007 | t(attrs)=0.151s, t(frac)=0.002s
[2025-11-07T09:32:11-03:00] <k>=5.20, p=0.005205, px1=0.10, r_kk_obj=+0.50, r_kk_fin=+0.490, ρ_kx_obj=0.13, ρ_kx_fin=+0.123 -> frac=0.009 | t(attrs)=0.163s, t(frac)=0.002s
[2025-11-07T09:32:11-03:00] <k>=5.20, p=0.005205, px1=0.10, r_kk_obj=+0.50, r_kk_fin=+0.490, ρ_kx_obj=0.20, ρ_kx_fin=+0.196 -> frac=0.015 | t(attrs)=0.274s, t(frac)=0.002s
[2025-11-07T09:32:11-03:00] <k>=5.20, p=0.005205, px1=0.10, r_kk_obj=+0.50, r_kk_fin=+0.490, ρ_kx_obj=0.27, ρ_kx_fin=+0.258 -> frac=0.008 | t(attrs)=0.516s, t(frac)=0.002s
[2025-11-07T09:32:11-03:00] <k>=5.20, p=0.005205, px1=0.10, r_kk_obj=+0.50, r_kk_fin=+0.490, ρ_kx_obj=0.33, ρ_kx_fin=+0.326 -> frac=0.010 | t(attrs)=0.727s, t(frac)=0.002s
[2025-11-07T09:32:11-03:00] <k>=5.20, p=0.005205, px1=0.10, r_kk_obj=+0.50, r_kk_fin=+0.490, ρ_kx_obj=0.40, ρ_kx_fin=+0.391 -> frac=0.015 | t(attrs)=0.885s, t(frac)=0.002s
[2025-11-07T09:32:12-03:00] <k>=5.20, p=0.005205, px1=0.10, r_kk_obj=+0.50, r_kk_fin=+0.490, ρ_kx_obj=0.47, ρ_kx_fin=+0.458 -> frac=0.021 | t(attrs)=1.252s, t(frac)=0.002s
[2025-11-07T09:32:12-03:00] <k>=5.20, p=0.005205, px1=0.10, r_kk_obj=+0.50, r_kk_fin=+0.490, ρ_kx_obj=0.53, ρ_kx_fin=+0.502 -> frac=0.023 | t(attrs)=1.327s, t(frac)=0.002s
[2025-11-07T09:32:12-03:00] <k>=5.20, p=0.005205, px1=0.10, r_kk_obj=+0.50, r_kk_fin=+0.490, ρ_kx_obj=0.60, ρ_kx_fin=+0.498 -> frac=0.022 | t(attrs)=1.188s, t(frac)=0.002s
[2025-11-07T09:32:41-03:00] Rewire r_kk: objetivo=-0.50, alcanzado=-0.491, |Δ|=0.009, iters=2737, factor=10, tiempo=28.754s
[2025-11-07T09:32:41-03:00] <k>=5.20, p=0.005205, px1=0.20, r_kk_obj=-0.50, r_kk_fin=-0.491, ρ_kx_obj=0.00, ρ_kx_fin=-0.009 -> frac=0.041 | t(attrs)=0.003s, t(frac)=0.001s
[2025-11-07T09:32:41-03:00] <k>=5.20, p=0.005205, px1=0.20, r_kk_obj=-0.50, r_kk_fin=-0.491, ρ_kx_obj=0.07, ρ_kx_fin=+0.061 -> frac=0.069 | t(attrs)=0.095s, t(frac)=0.002s
[2025-11-07T09:32:41-03:00] <k>=5.20, p=0.005205, px1=0.20, r_kk_obj=-0.50, r_kk_fin=-0.491, ρ_kx_obj=0.13, ρ_kx_fin=+0.127 -> frac=0.074 | t(attrs)=0.321s, t(frac)=0.002s
[2025-11-07T09:32:41-03:00] <k>=5.20, p=0.005205, px1=0.20, r_kk_obj=-0.50, r_kk_fin=-0.491, ρ_kx_obj=0.20, ρ_kx_fin=+0.194 -> frac=0.081 | t(attrs)=0.384s, t(frac)=0.002s
[2025-11-07T09:32:41-03:00] <k>=5.20, p=0.005205, px1=0.20, r_kk_obj=-0.50, r_kk_fin=-0.491, ρ_kx_obj=0.27, ρ_kx_fin=+0.257 -> frac=0.101 | t(attrs)=0.487s, t(frac)=0.002s
[2025-11-07T09:32:41-03:00] <k>=5.20, p=0.005205, px1=0.20, r_kk_obj=-0.50, r_kk_fin=-0.491, ρ_kx_obj=0.33, ρ_kx_fin=+0.325 -> frac=0.131 | t(attrs)=0.710s, t(frac)=0.002s
[2025-11-07T09:32:42-03:00] <k>=5.20, p=0.005205, px1=0.20, r_kk_obj=-0.50, r_kk_fin=-0.491, ρ_kx_obj=0.40, ρ_kx_fin=+0.396 -> frac=0.148 | t(attrs)=0.825s, t(frac)=0.002s
[2025-11-07T09:32:42-03:00] <k>=5.20, p=0.005205, px1=0.20, r_kk_obj=-0.50, r_kk_fin=-0.491, ρ_kx_obj=0.47, ρ_kx_fin=+0.458 -> frac=0.187 | t(attrs)=1.133s, t(frac)=0.002s
[2025-11-07T09:32:42-03:00] <k>=5.20, p=0.005205, px1=0.20, r_kk_obj=-0.50, r_kk_fin=-0.491, ρ_kx_obj=0.53, ρ_kx_fin=+0.519 -> frac=0.209 | t(attrs)=1.259s, t(frac)=0.003s
[2025-11-07T09:32:42-03:00] <k>=5.20, p=0.005205, px1=0.20, r_kk_obj=-0.50, r_kk_fin=-0.491, ρ_kx_obj=0.60, ρ_kx_fin=+0.525 -> frac=0.201 | t(attrs)=1.169s, t(frac)=0.002s
[2025-11-07T09:32:42-03:00] Rewire r_kk: objetivo=+0.00, alcanzado=-0.001, |Δ|=0.001, iters=0, factor=10, tiempo=0.006s
[2025-11-07T09:32:42-03:00] <k>=5.20, p=0.005205, px1=0.20, r_kk_obj=+0.00, r_kk_fin=-0.001, ρ_kx_obj=0.00, ρ_kx_fin=-0.004 -> frac=0.038 | t(attrs)=0.037s, t(frac)=0.002s
[2025-11-07T09:32:42-03:00] <k>=5.20, p=0.005205, px1=0.20, r_kk_obj=+0.00, r_kk_fin=-0.001, ρ_kx_obj=0.07, ρ_kx_fin=+0.058 -> frac=0.059 | t(attrs)=0.158s, t(frac)=0.002s
[2025-11-07T09:32:42-03:00] <k>=5.20, p=0.005205, px1=0.20, r_kk_obj=+0.00, r_kk_fin=-0.001, ρ_kx_obj=0.13, ρ_kx_fin=+0.125 -> frac=0.053 | t(attrs)=0.215s, t(frac)=0.002s
[2025-11-07T09:32:42-03:00] <k>=5.20, p=0.005205, px1=0.20, r_kk_obj=+0.00, r_kk_fin=-0.001, ρ_kx_obj=0.20, ρ_kx_fin=+0.192 -> frac=0.070 | t(attrs)=0.405s, t(frac)=0.002s
[2025-11-07T09:32:43-03:00] <k>=5.20, p=0.005205, px1=0.20, r_kk_obj=+0.00, r_kk_fin=-0.001, ρ_kx_obj=0.27, ρ_kx_fin=+0.260 -> frac=0.091 | t(attrs)=0.533s, t(frac)=0.002s
[2025-11-07T09:32:43-03:00] <k>=5.20, p=0.005205, px1=0.20, r_kk_obj=+0.00, r_kk_fin=-0.001, ρ_kx_obj=0.33, ρ_kx_fin=+0.325 -> frac=0.073 | t(attrs)=0.727s, t(frac)=0.002s
[2025-11-07T09:32:43-03:00] <k>=5.20, p=0.005205, px1=0.20, r_kk_obj=+0.00, r_kk_fin=-0.001, ρ_kx_obj=0.40, ρ_kx_fin=+0.392 -> frac=0.091 | t(attrs)=0.980s, t(frac)=0.002s
[2025-11-07T09:32:43-03:00] <k>=5.20, p=0.005205, px1=0.20, r_kk_obj=+0.00, r_kk_fin=-0.001, ρ_kx_obj=0.47, ρ_kx_fin=+0.461 -> frac=0.101 | t(attrs)=1.069s, t(frac)=0.002s
[2025-11-07T09:32:43-03:00] <k>=5.20, p=0.005205, px1=0.20, r_kk_obj=+0.00, r_kk_fin=-0.001, ρ_kx_obj=0.53, ρ_kx_fin=+0.524 -> frac=0.106 | t(attrs)=1.189s, t(frac)=0.004s
[2025-11-07T09:32:43-03:00] <k>=5.20, p=0.005205, px1=0.20, r_kk_obj=+0.00, r_kk_fin=-0.001, ρ_kx_obj=0.60, ρ_kx_fin=+0.513 -> frac=0.109 | t(attrs)=1.089s, t(frac)=0.002s
[2025-11-07T09:33:10-03:00] Rewire r_kk: objetivo=+0.50, alcanzado=+0.490, |Δ|=0.010, iters=2476, factor=10, tiempo=26.452s
[2025-11-07T09:33:10-03:00] <k>=5.20, p=0.005205, px1=0.20, r_kk_obj=+0.50, r_kk_fin=+0.490, ρ_kx_obj=0.00, ρ_kx_fin=+0.010 -> frac=0.048 | t(attrs)=0.066s, t(frac)=0.002s
[2025-11-07T09:33:10-03:00] <k>=5.20, p=0.005205, px1=0.20, r_kk_obj=+0.50, r_kk_fin=+0.490, ρ_kx_obj=0.07, ρ_kx_fin=+0.060 -> frac=0.050 | t(attrs)=0.146s, t(frac)=0.002s
[2025-11-07T09:33:10-03:00] <k>=5.20, p=0.005205, px1=0.20, r_kk_obj=+0.50, r_kk_fin=+0.490, ρ_kx_obj=0.13, ρ_kx_fin=+0.124 -> frac=0.050 | t(attrs)=0.206s, t(frac)=0.003s
[2025-11-07T09:33:10-03:00] <k>=5.20, p=0.005205, px1=0.20, r_kk_obj=+0.50, r_kk_fin=+0.490, ρ_kx_obj=0.20, ρ_kx_fin=+0.192 -> frac=0.054 | t(attrs)=0.508s, t(frac)=0.003s
[2025-11-07T09:33:10-03:00] <k>=5.20, p=0.005205, px1=0.20, r_kk_obj=+0.50, r_kk_fin=+0.490, ρ_kx_obj=0.27, ρ_kx_fin=+0.257 -> frac=0.069 | t(attrs)=0.774s, t(frac)=0.003s
[2025-11-07T09:33:11-03:00] <k>=5.20, p=0.005205, px1=0.20, r_kk_obj=+0.50, r_kk_fin=+0.490, ρ_kx_obj=0.33, ρ_kx_fin=+0.325 -> frac=0.067 | t(attrs)=0.903s, t(frac)=0.003s
[2025-11-07T09:33:11-03:00] <k>=5.20, p=0.005205, px1=0.20, r_kk_obj=+0.50, r_kk_fin=+0.490, ρ_kx_obj=0.40, ρ_kx_fin=+0.392 -> frac=0.081 | t(attrs)=1.112s, t(frac)=0.002s
[2025-11-07T09:33:11-03:00] <k>=5.20, p=0.005205, px1=0.20, r_kk_obj=+0.50, r_kk_fin=+0.490, ρ_kx_obj=0.47, ρ_kx_fin=+0.457 -> frac=0.085 | t(attrs)=1.271s, t(frac)=0.002s
[2025-11-07T09:33:11-03:00] <k>=5.20, p=0.005205, px1=0.20, r_kk_obj=+0.50, r_kk_fin=+0.490, ρ_kx_obj=0.53, ρ_kx_fin=+0.525 -> frac=0.106 | t(attrs)=1.388s, t(frac)=0.003s
[2025-11-07T09:33:11-03:00] <k>=5.20, p=0.005205, px1=0.20, r_kk_obj=+0.50, r_kk_fin=+0.490, ρ_kx_obj=0.60, ρ_kx_fin=+0.549 -> frac=0.108 | t(attrs)=1.319s, t(frac)=0.002s
[2025-11-07T09:33:11-03:00] Generada red ER: N=1000, <k>_obj=2.50, p=0.002503, L=1286, tiempo=0.040s
[2025-11-07T09:33:25-03:00] Rewire r_kk: objetivo=-0.50, alcanzado=-0.490, |Δ|=0.010, iters=1455, factor=10, tiempo=13.607s
[2025-11-07T09:33:25-03:00] <k>=2.50, p=0.002503, px1=0.05, r_kk_obj=-0.50, r_kk_fin=-0.490, ρ_kx_obj=0.00, ρ_kx_fin=-0.002 -> frac=0.010 | t(attrs)=0.001s, t(frac)=0.001s
[2025-11-07T09:33:25-03:00] <k>=2.50, p=0.002503, px1=0.05, r_kk_obj=-0.50, r_kk_fin=-0.490, ρ_kx_obj=0.07, ρ_kx_fin=+0.062 -> frac=0.020 | t(attrs)=0.157s, t(frac)=0.003s
[2025-11-07T09:33:25-03:00] <k>=2.50, p=0.002503, px1=0.05, r_kk_obj=-0.50, r_kk_fin=-0.490, ρ_kx_obj=0.13, ρ_kx_fin=+0.126 -> frac=0.015 | t(attrs)=0.187s, t(frac)=0.001s
[2025-11-07T09:33:25-03:00] <k>=2.50, p=0.002503, px1=0.05, r_kk_obj=-0.50, r_kk_fin=-0.490, ρ_kx_obj=0.20, ρ_kx_fin=+0.193 -> frac=0.033 | t(attrs)=0.269s, t(frac)=0.001s
[2025-11-07T09:33:25-03:00] <k>=2.50, p=0.002503, px1=0.05, r_kk_obj=-0.50, r_kk_fin=-0.490, ρ_kx_obj=0.27, ρ_kx_fin=+0.262 -> frac=0.044 | t(attrs)=0.556s, t(frac)=0.001s
[2025-11-07T09:33:26-03:00] <k>=2.50, p=0.002503, px1=0.05, r_kk_obj=-0.50, r_kk_fin=-0.490, ρ_kx_obj=0.33, ρ_kx_fin=+0.326 -> frac=0.043 | t(attrs)=0.880s, t(frac)=0.001s
[2025-11-07T09:33:26-03:00] <k>=2.50, p=0.002503, px1=0.05, r_kk_obj=-0.50, r_kk_fin=-0.490, ρ_kx_obj=0.40, ρ_kx_fin=+0.390 -> frac=0.069 | t(attrs)=1.188s, t(frac)=0.001s
[2025-11-07T09:33:26-03:00] <k>=2.50, p=0.002503, px1=0.05, r_kk_obj=-0.50, r_kk_fin=-0.490, ρ_kx_obj=0.53, ρ_kx_fin=+0.408 -> frac=0.074 | t(attrs)=1.513s, t(frac)=0.001s
[2025-11-07T09:33:26-03:00] <k>=2.50, p=0.002503, px1=0.05, r_kk_obj=-0.50, r_kk_fin=-0.490, ρ_kx_obj=0.47, ρ_kx_fin=+0.408 -> frac=0.067 | t(attrs)=1.526s, t(frac)=0.001s
[2025-11-07T09:33:26-03:00] <k>=2.50, p=0.002503, px1=0.05, r_kk_obj=-0.50, r_kk_fin=-0.490, ρ_kx_obj=0.60, ρ_kx_fin=+0.416 -> frac=0.074 | t(attrs)=1.376s, t(frac)=0.002s
[2025-11-07T09:33:27-03:00] Rewire r_kk: objetivo=+0.00, alcanzado=+0.009, |Δ|=0.009, iters=42, factor=10, tiempo=0.326s
[2025-11-07T09:33:27-03:00] <k>=2.50, p=0.002503, px1=0.05, r_kk_obj=+0.00, r_kk_fin=+0.009, ρ_kx_obj=0.00, ρ_kx_fin=-0.002 -> frac=0.016 | t(attrs)=0.002s, t(frac)=0.001s
[2025-11-07T09:33:27-03:00] <k>=2.50, p=0.002503, px1=0.05, r_kk_obj=+0.00, r_kk_fin=+0.009, ρ_kx_obj=0.07, ρ_kx_fin=+0.059 -> frac=0.020 | t(attrs)=0.017s, t(frac)=0.001s
[2025-11-07T09:33:27-03:00] <k>=2.50, p=0.002503, px1=0.05, r_kk_obj=+0.00, r_kk_fin=+0.009, ρ_kx_obj=0.13, ρ_kx_fin=+0.132 -> frac=0.020 | t(attrs)=0.166s, t(frac)=0.001s
[2025-11-07T09:33:27-03:00] <k>=2.50, p=0.002503, px1=0.05, r_kk_obj=+0.00, r_kk_fin=+0.009, ρ_kx_obj=0.20, ρ_kx_fin=+0.196 -> frac=0.024 | t(attrs)=0.249s, t(frac)=0.001s
[2025-11-07T09:33:27-03:00] <k>=2.50, p=0.002503, px1=0.05, r_kk_obj=+0.00, r_kk_fin=+0.009, ρ_kx_obj=0.27, ρ_kx_fin=+0.265 -> frac=0.028 | t(attrs)=0.528s, t(frac)=0.003s
[2025-11-07T09:33:27-03:00] <k>=2.50, p=0.002503, px1=0.05, r_kk_obj=+0.00, r_kk_fin=+0.009, ρ_kx_obj=0.33, ρ_kx_fin=+0.332 -> frac=0.028 | t(attrs)=0.729s, t(frac)=0.001s
[2025-11-07T09:33:28-03:00] <k>=2.50, p=0.002503, px1=0.05, r_kk_obj=+0.00, r_kk_fin=+0.009, ρ_kx_obj=0.40, ρ_kx_fin=+0.393 -> frac=0.041 | t(attrs)=0.918s, t(frac)=0.001s
[2025-11-07T09:33:28-03:00] <k>=2.50, p=0.002503, px1=0.05, r_kk_obj=+0.00, r_kk_fin=+0.009, ρ_kx_obj=0.60, ρ_kx_fin=+0.460 -> frac=0.026 | t(attrs)=1.306s, t(frac)=0.001s
[2025-11-07T09:33:28-03:00] <k>=2.50, p=0.002503, px1=0.05, r_kk_obj=+0.00, r_kk_fin=+0.009, ρ_kx_obj=0.53, ρ_kx_fin=+0.457 -> frac=0.035 | t(attrs)=1.329s, t(frac)=0.001s
[2025-11-07T09:33:28-03:00] <k>=2.50, p=0.002503, px1=0.05, r_kk_obj=+0.00, r_kk_fin=+0.009, ρ_kx_obj=0.47, ρ_kx_fin=+0.445 -> frac=0.035 | t(attrs)=1.333s, t(frac)=0.001s
[2025-11-07T09:33:37-03:00] Rewire r_kk: objetivo=+0.50, alcanzado=+0.491, |Δ|=0.009, iters=1098, factor=10, tiempo=8.877s
[2025-11-07T09:33:37-03:00] <k>=2.50, p=0.002503, px1=0.05, r_kk_obj=+0.50, r_kk_fin=+0.491, ρ_kx_obj=0.00, ρ_kx_fin=+0.010 -> frac=0.009 | t(attrs)=0.003s, t(frac)=0.001s
[2025-11-07T09:33:37-03:00] <k>=2.50, p=0.002503, px1=0.05, r_kk_obj=+0.50, r_kk_fin=+0.491, ρ_kx_obj=0.07, ρ_kx_fin=+0.059 -> frac=0.013 | t(attrs)=0.039s, t(frac)=0.001s
[2025-11-07T09:33:37-03:00] <k>=2.50, p=0.002503, px1=0.05, r_kk_obj=+0.50, r_kk_fin=+0.491, ρ_kx_obj=0.13, ρ_kx_fin=+0.126 -> frac=0.008 | t(attrs)=0.305s, t(frac)=0.001s
[2025-11-07T09:33:37-03:00] <k>=2.50, p=0.002503, px1=0.05, r_kk_obj=+0.50, r_kk_fin=+0.491, ρ_kx_obj=0.20, ρ_kx_fin=+0.193 -> frac=0.008 | t(attrs)=0.462s, t(frac)=0.001s
[2025-11-07T09:33:37-03:00] <k>=2.50, p=0.002503, px1=0.05, r_kk_obj=+0.50, r_kk_fin=+0.491, ρ_kx_obj=0.27, ρ_kx_fin=+0.262 -> frac=0.007 | t(attrs)=0.560s, t(frac)=0.001s
[2025-11-07T09:33:38-03:00] <k>=2.50, p=0.002503, px1=0.05, r_kk_obj=+0.50, r_kk_fin=+0.491, ρ_kx_obj=0.33, ρ_kx_fin=+0.323 -> frac=0.006 | t(attrs)=0.660s, t(frac)=0.002s
[2025-11-07T09:33:38-03:00] <k>=2.50, p=0.002503, px1=0.05, r_kk_obj=+0.50, r_kk_fin=+0.491, ρ_kx_obj=0.40, ρ_kx_fin=+0.390 -> frac=0.015 | t(attrs)=0.998s, t(frac)=0.001s
[2025-11-07T09:33:38-03:00] <k>=2.50, p=0.002503, px1=0.05, r_kk_obj=+0.50, r_kk_fin=+0.491, ρ_kx_obj=0.47, ρ_kx_fin=+0.457 -> frac=0.016 | t(attrs)=1.234s, t(frac)=0.001s
[2025-11-07T09:33:38-03:00] <k>=2.50, p=0.002503, px1=0.05, r_kk_obj=+0.50, r_kk_fin=+0.491, ρ_kx_obj=0.53, ρ_kx_fin=+0.428 -> frac=0.012 | t(attrs)=1.312s, t(frac)=0.002s
[2025-11-07T09:33:38-03:00] <k>=2.50, p=0.002503, px1=0.05, r_kk_obj=+0.50, r_kk_fin=+0.491, ρ_kx_obj=0.60, ρ_kx_fin=+0.451 -> frac=0.011 | t(attrs)=1.286s, t(frac)=0.002s
[2025-11-07T09:33:51-03:00] Rewire r_kk: objetivo=-0.50, alcanzado=-0.490, |Δ|=0.010, iters=1455, factor=10, tiempo=12.845s
[2025-11-07T09:33:51-03:00] <k>=2.50, p=0.002503, px1=0.10, r_kk_obj=-0.50, r_kk_fin=-0.490, ρ_kx_obj=0.00, ρ_kx_fin=+0.008 -> frac=0.038 | t(attrs)=0.008s, t(frac)=0.001s
[2025-11-07T09:33:51-03:00] <k>=2.50, p=0.002503, px1=0.10, r_kk_obj=-0.50, r_kk_fin=-0.490, ρ_kx_obj=0.07, ρ_kx_fin=+0.059 -> frac=0.039 | t(attrs)=0.029s, t(frac)=0.001s
[2025-11-07T09:33:51-03:00] <k>=2.50, p=0.002503, px1=0.10, r_kk_obj=-0.50, r_kk_fin=-0.490, ρ_kx_obj=0.13, ρ_kx_fin=+0.124 -> frac=0.054 | t(attrs)=0.073s, t(frac)=0.001s
[2025-11-07T09:33:51-03:00] <k>=2.50, p=0.002503, px1=0.10, r_kk_obj=-0.50, r_kk_fin=-0.490, ρ_kx_obj=0.20, ρ_kx_fin=+0.191 -> frac=0.051 | t(attrs)=0.388s, t(frac)=0.001s
[2025-11-07T09:33:52-03:00] <k>=2.50, p=0.002503, px1=0.10, r_kk_obj=-0.50, r_kk_fin=-0.490, ρ_kx_obj=0.27, ρ_kx_fin=+0.257 -> frac=0.075 | t(attrs)=0.507s, t(frac)=0.001s
[2025-11-07T09:33:52-03:00] <k>=2.50, p=0.002503, px1=0.10, r_kk_obj=-0.50, r_kk_fin=-0.490, ρ_kx_obj=0.33, ρ_kx_fin=+0.324 -> frac=0.089 | t(attrs)=0.589s, t(frac)=0.001s
[2025-11-07T09:33:52-03:00] <k>=2.50, p=0.002503, px1=0.10, r_kk_obj=-0.50, r_kk_fin=-0.490, ρ_kx_obj=0.40, ρ_kx_fin=+0.392 -> frac=0.101 | t(attrs)=0.913s, t(frac)=0.001s
[2025-11-07T09:33:52-03:00] <k>=2.50, p=0.002503, px1=0.10, r_kk_obj=-0.50, r_kk_fin=-0.490, ρ_kx_obj=0.47, ρ_kx_fin=+0.457 -> frac=0.113 | t(attrs)=1.026s, t(frac)=0.001s
[2025-11-07T09:33:52-03:00] <k>=2.50, p=0.002503, px1=0.10, r_kk_obj=-0.50, r_kk_fin=-0.490, ρ_kx_obj=0.53, ρ_kx_fin=+0.474 -> frac=0.135 | t(attrs)=1.158s, t(frac)=0.001s
[2025-11-07T09:33:52-03:00] <k>=2.50, p=0.002503, px1=0.10, r_kk_obj=-0.50, r_kk_fin=-0.490, ρ_kx_obj=0.60, ρ_kx_fin=+0.493 -> frac=0.134 | t(attrs)=1.162s, t(frac)=0.001s
[2025-11-07T09:33:53-03:00] Rewire r_kk: objetivo=+0.00, alcanzado=+0.009, |Δ|=0.009, iters=42, factor=10, tiempo=0.347s
[2025-11-07T09:33:53-03:00] <k>=2.50, p=0.002503, px1=0.10, r_kk_obj=+0.00, r_kk_fin=+0.009, ρ_kx_obj=0.00, ρ_kx_fin=+0.006 -> frac=0.031 | t(attrs)=0.030s, t(frac)=0.001s
[2025-11-07T09:33:53-03:00] <k>=2.50, p=0.002503, px1=0.10, r_kk_obj=+0.00, r_kk_fin=+0.009, ρ_kx_obj=0.07, ρ_kx_fin=+0.063 -> frac=0.045 | t(attrs)=0.137s, t(frac)=0.001s
[2025-11-07T09:33:53-03:00] <k>=2.50, p=0.002503, px1=0.10, r_kk_obj=+0.00, r_kk_fin=+0.009, ρ_kx_obj=0.13, ρ_kx_fin=+0.126 -> frac=0.046 | t(attrs)=0.194s, t(frac)=0.001s
[2025-11-07T09:33:53-03:00] <k>=2.50, p=0.002503, px1=0.10, r_kk_obj=+0.00, r_kk_fin=+0.009, ρ_kx_obj=0.20, ρ_kx_fin=+0.191 -> frac=0.045 | t(attrs)=0.306s, t(frac)=0.001s
[2025-11-07T09:33:53-03:00] <k>=2.50, p=0.002503, px1=0.10, r_kk_obj=+0.00, r_kk_fin=+0.009, ρ_kx_obj=0.33, ρ_kx_fin=+0.324 -> frac=0.052 | t(attrs)=0.537s, t(frac)=0.001s
[2025-11-07T09:33:53-03:00] <k>=2.50, p=0.002503, px1=0.10, r_kk_obj=+0.00, r_kk_fin=+0.009, ρ_kx_obj=0.27, ρ_kx_fin=+0.257 -> frac=0.051 | t(attrs)=0.614s, t(frac)=0.001s
[2025-11-07T09:33:54-03:00] <k>=2.50, p=0.002503, px1=0.10, r_kk_obj=+0.00, r_kk_fin=+0.009, ρ_kx_obj=0.40, ρ_kx_fin=+0.394 -> frac=0.068 | t(attrs)=1.070s, t(frac)=0.001s
[2025-11-07T09:33:54-03:00] <k>=2.50, p=0.002503, px1=0.10, r_kk_obj=+0.00, r_kk_fin=+0.009, ρ_kx_obj=0.47, ρ_kx_fin=+0.459 -> frac=0.080 | t(attrs)=1.077s, t(frac)=0.001s
[2025-11-07T09:33:54-03:00] <k>=2.50, p=0.002503, px1=0.10, r_kk_obj=+0.00, r_kk_fin=+0.009, ρ_kx_obj=0.53, ρ_kx_fin=+0.495 -> frac=0.085 | t(attrs)=1.249s, t(frac)=0.001s
[2025-11-07T09:33:54-03:00] <k>=2.50, p=0.002503, px1=0.10, r_kk_obj=+0.00, r_kk_fin=+0.009, ρ_kx_obj=0.60, ρ_kx_fin=+0.485 -> frac=0.061 | t(attrs)=1.154s, t(frac)=0.002s
[2025-11-07T09:34:04-03:00] Rewire r_kk: objetivo=+0.50, alcanzado=+0.491, |Δ|=0.009, iters=1098, factor=10, tiempo=10.158s
[2025-11-07T09:34:04-03:00] <k>=2.50, p=0.002503, px1=0.10, r_kk_obj=+0.50, r_kk_fin=+0.491, ρ_kx_obj=0.00, ρ_kx_fin=+0.006 -> frac=0.026 | t(attrs)=0.016s, t(frac)=0.002s
[2025-11-07T09:34:04-03:00] <k>=2.50, p=0.002503, px1=0.10, r_kk_obj=+0.50, r_kk_fin=+0.491, ρ_kx_obj=0.07, ρ_kx_fin=+0.059 -> frac=0.029 | t(attrs)=0.118s, t(frac)=0.001s
[2025-11-07T09:34:04-03:00] <k>=2.50, p=0.002503, px1=0.10, r_kk_obj=+0.50, r_kk_fin=+0.491, ρ_kx_obj=0.13, ρ_kx_fin=+0.124 -> frac=0.028 | t(attrs)=0.289s, t(frac)=0.001s
[2025-11-07T09:34:04-03:00] <k>=2.50, p=0.002503, px1=0.10, r_kk_obj=+0.50, r_kk_fin=+0.491, ρ_kx_obj=0.20, ρ_kx_fin=+0.191 -> frac=0.034 | t(attrs)=0.303s, t(frac)=0.002s
[2025-11-07T09:34:05-03:00] <k>=2.50, p=0.002503, px1=0.10, r_kk_obj=+0.50, r_kk_fin=+0.491, ρ_kx_obj=0.27, ρ_kx_fin=+0.257 -> frac=0.036 | t(attrs)=0.481s, t(frac)=0.001s
[2025-11-07T09:34:05-03:00] <k>=2.50, p=0.002503, px1=0.10, r_kk_obj=+0.50, r_kk_fin=+0.491, ρ_kx_obj=0.33, ρ_kx_fin=+0.329 -> frac=0.033 | t(attrs)=0.585s, t(frac)=0.001s
[2025-11-07T09:34:05-03:00] <k>=2.50, p=0.002503, px1=0.10, r_kk_obj=+0.50, r_kk_fin=+0.491, ρ_kx_obj=0.40, ρ_kx_fin=+0.392 -> frac=0.044 | t(attrs)=0.780s, t(frac)=0.001s
[2025-11-07T09:34:05-03:00] <k>=2.50, p=0.002503, px1=0.10, r_kk_obj=+0.50, r_kk_fin=+0.491, ρ_kx_obj=0.47, ρ_kx_fin=+0.457 -> frac=0.051 | t(attrs)=1.067s, t(frac)=0.001s
[2025-11-07T09:34:05-03:00] <k>=2.50, p=0.002503, px1=0.10, r_kk_obj=+0.50, r_kk_fin=+0.491, ρ_kx_obj=0.60, ρ_kx_fin=+0.514 -> frac=0.063 | t(attrs)=1.113s, t(frac)=0.001s
[2025-11-07T09:34:05-03:00] <k>=2.50, p=0.002503, px1=0.10, r_kk_obj=+0.50, r_kk_fin=+0.491, ρ_kx_obj=0.53, ρ_kx_fin=+0.497 -> frac=0.053 | t(attrs)=1.214s, t(frac)=0.001s
[2025-11-07T09:34:18-03:00] Rewire r_kk: objetivo=-0.50, alcanzado=-0.490, |Δ|=0.010, iters=1455, factor=10, tiempo=12.766s
[2025-11-07T09:34:18-03:00] <k>=2.50, p=0.002503, px1=0.20, r_kk_obj=-0.50, r_kk_fin=-0.490, ρ_kx_obj=0.00, ρ_kx_fin=-0.009 -> frac=0.080 | t(attrs)=0.049s, t(frac)=0.002s
[2025-11-07T09:34:18-03:00] <k>=2.50, p=0.002503, px1=0.20, r_kk_obj=-0.50, r_kk_fin=-0.490, ρ_kx_obj=0.07, ρ_kx_fin=+0.059 -> frac=0.109 | t(attrs)=0.161s, t(frac)=0.001s
[2025-11-07T09:34:18-03:00] <k>=2.50, p=0.002503, px1=0.20, r_kk_obj=-0.50, r_kk_fin=-0.490, ρ_kx_obj=0.13, ρ_kx_fin=+0.124 -> frac=0.110 | t(attrs)=0.298s, t(frac)=0.001s
[2025-11-07T09:34:19-03:00] <k>=2.50, p=0.002503, px1=0.20, r_kk_obj=-0.50, r_kk_fin=-0.490, ρ_kx_obj=0.20, ρ_kx_fin=+0.194 -> frac=0.134 | t(attrs)=0.580s, t(frac)=0.002s
[2025-11-07T09:34:19-03:00] <k>=2.50, p=0.002503, px1=0.20, r_kk_obj=-0.50, r_kk_fin=-0.490, ρ_kx_obj=0.27, ρ_kx_fin=+0.257 -> frac=0.160 | t(attrs)=0.632s, t(frac)=0.001s
[2025-11-07T09:34:19-03:00] <k>=2.50, p=0.002503, px1=0.20, r_kk_obj=-0.50, r_kk_fin=-0.490, ρ_kx_obj=0.33, ρ_kx_fin=+0.324 -> frac=0.162 | t(attrs)=0.677s, t(frac)=0.001s
[2025-11-07T09:34:19-03:00] <k>=2.50, p=0.002503, px1=0.20, r_kk_obj=-0.50, r_kk_fin=-0.490, ρ_kx_obj=0.40, ρ_kx_fin=+0.392 -> frac=0.197 | t(attrs)=1.051s, t(frac)=0.001s
[2025-11-07T09:34:19-03:00] <k>=2.50, p=0.002503, px1=0.20, r_kk_obj=-0.50, r_kk_fin=-0.490, ρ_kx_obj=0.47, ρ_kx_fin=+0.458 -> frac=0.212 | t(attrs)=1.179s, t(frac)=0.001s
[2025-11-07T09:34:19-03:00] <k>=2.50, p=0.002503, px1=0.20, r_kk_obj=-0.50, r_kk_fin=-0.490, ρ_kx_obj=0.53, ρ_kx_fin=+0.526 -> frac=0.251 | t(attrs)=1.216s, t(frac)=0.001s
[2025-11-07T09:34:19-03:00] <k>=2.50, p=0.002503, px1=0.20, r_kk_obj=-0.50, r_kk_fin=-0.490, ρ_kx_obj=0.60, ρ_kx_fin=+0.513 -> frac=0.247 | t(attrs)=1.138s, t(frac)=0.001s
[2025-11-07T09:34:20-03:00] Rewire r_kk: objetivo=+0.00, alcanzado=+0.009, |Δ|=0.009, iters=42, factor=10, tiempo=0.374s
[2025-11-07T09:34:20-03:00] <k>=2.50, p=0.002503, px1=0.20, r_kk_obj=+0.00, r_kk_fin=+0.009, ρ_kx_obj=0.00, ρ_kx_fin=+0.004 -> frac=0.077 | t(attrs)=0.001s, t(frac)=0.001s
[2025-11-07T09:34:20-03:00] <k>=2.50, p=0.002503, px1=0.20, r_kk_obj=+0.00, r_kk_fin=+0.009, ρ_kx_obj=0.07, ρ_kx_fin=+0.059 -> frac=0.098 | t(attrs)=0.137s, t(frac)=0.001s
[2025-11-07T09:34:20-03:00] <k>=2.50, p=0.002503, px1=0.20, r_kk_obj=+0.00, r_kk_fin=+0.009, ρ_kx_obj=0.13, ρ_kx_fin=+0.126 -> frac=0.091 | t(attrs)=0.327s, t(frac)=0.001s
[2025-11-07T09:34:20-03:00] <k>=2.50, p=0.002503, px1=0.20, r_kk_obj=+0.00, r_kk_fin=+0.009, ρ_kx_obj=0.20, ρ_kx_fin=+0.194 -> frac=0.118 | t(attrs)=0.404s, t(frac)=0.001s
[2025-11-07T09:34:20-03:00] <k>=2.50, p=0.002503, px1=0.20, r_kk_obj=+0.00, r_kk_fin=+0.009, ρ_kx_obj=0.27, ρ_kx_fin=+0.259 -> frac=0.135 | t(attrs)=0.641s, t(frac)=0.002s
[2025-11-07T09:34:21-03:00] <k>=2.50, p=0.002503, px1=0.20, r_kk_obj=+0.00, r_kk_fin=+0.009, ρ_kx_obj=0.33, ρ_kx_fin=+0.325 -> frac=0.138 | t(attrs)=0.812s, t(frac)=0.002s
[2025-11-07T09:34:21-03:00] <k>=2.50, p=0.002503, px1=0.20, r_kk_obj=+0.00, r_kk_fin=+0.009, ρ_kx_obj=0.40, ρ_kx_fin=+0.390 -> frac=0.144 | t(attrs)=0.856s, t(frac)=0.001s
[2025-11-07T09:34:21-03:00] <k>=2.50, p=0.002503, px1=0.20, r_kk_obj=+0.00, r_kk_fin=+0.009, ρ_kx_obj=0.47, ρ_kx_fin=+0.460 -> frac=0.167 | t(attrs)=1.058s, t(frac)=0.002s
[2025-11-07T09:34:21-03:00] <k>=2.50, p=0.002503, px1=0.20, r_kk_obj=+0.00, r_kk_fin=+0.009, ρ_kx_obj=0.53, ρ_kx_fin=+0.524 -> frac=0.180 | t(attrs)=1.235s, t(frac)=0.001s
[2025-11-07T09:34:21-03:00] <k>=2.50, p=0.002503, px1=0.20, r_kk_obj=+0.00, r_kk_fin=+0.009, ρ_kx_obj=0.60, ρ_kx_fin=+0.526 -> frac=0.189 | t(attrs)=1.105s, t(frac)=0.001s
[2025-11-07T09:34:31-03:00] Rewire r_kk: objetivo=+0.50, alcanzado=+0.491, |Δ|=0.009, iters=1098, factor=10, tiempo=10.354s
[2025-11-07T09:34:31-03:00] <k>=2.50, p=0.002503, px1=0.20, r_kk_obj=+0.50, r_kk_fin=+0.491, ρ_kx_obj=0.00, ρ_kx_fin=+0.009 -> frac=0.079 | t(attrs)=0.037s, t(frac)=0.002s
[2025-11-07T09:34:32-03:00] <k>=2.50, p=0.002503, px1=0.20, r_kk_obj=+0.50, r_kk_fin=+0.491, ρ_kx_obj=0.07, ρ_kx_fin=+0.058 -> frac=0.076 | t(attrs)=0.071s, t(frac)=0.001s
[2025-11-07T09:34:32-03:00] <k>=2.50, p=0.002503, px1=0.20, r_kk_obj=+0.50, r_kk_fin=+0.491, ρ_kx_obj=0.13, ρ_kx_fin=+0.126 -> frac=0.102 | t(attrs)=0.336s, t(frac)=0.001s
[2025-11-07T09:34:32-03:00] <k>=2.50, p=0.002503, px1=0.20, r_kk_obj=+0.50, r_kk_fin=+0.491, ρ_kx_obj=0.20, ρ_kx_fin=+0.191 -> frac=0.119 | t(attrs)=0.619s, t(frac)=0.002s
[2025-11-07T09:34:32-03:00] <k>=2.50, p=0.002503, px1=0.20, r_kk_obj=+0.50, r_kk_fin=+0.491, ρ_kx_obj=0.27, ρ_kx_fin=+0.257 -> frac=0.114 | t(attrs)=0.652s, t(frac)=0.001s
[2025-11-07T09:34:32-03:00] <k>=2.50, p=0.002503, px1=0.20, r_kk_obj=+0.50, r_kk_fin=+0.491, ρ_kx_obj=0.33, ρ_kx_fin=+0.324 -> frac=0.127 | t(attrs)=0.810s, t(frac)=0.001s
[2025-11-07T09:34:32-03:00] <k>=2.50, p=0.002503, px1=0.20, r_kk_obj=+0.50, r_kk_fin=+0.491, ρ_kx_obj=0.40, ρ_kx_fin=+0.393 -> frac=0.118 | t(attrs)=0.990s, t(frac)=0.001s
[2025-11-07T09:34:33-03:00] <k>=2.50, p=0.002503, px1=0.20, r_kk_obj=+0.50, r_kk_fin=+0.491, ρ_kx_obj=0.47, ρ_kx_fin=+0.460 -> frac=0.146 | t(attrs)=1.249s, t(frac)=0.002s
[2025-11-07T09:34:33-03:00] <k>=2.50, p=0.002503, px1=0.20, r_kk_obj=+0.50, r_kk_fin=+0.491, ρ_kx_obj=0.60, ρ_kx_fin=+0.507 -> frac=0.148 | t(attrs)=1.271s, t(frac)=0.001s
[2025-11-07T09:34:33-03:00] <k>=2.50, p=0.002503, px1=0.20, r_kk_obj=+0.50, r_kk_fin=+0.491, ρ_kx_obj=0.53, ρ_kx_fin=+0.524 -> frac=0.149 | t(attrs)=1.302s, t(frac)=0.001s
[2025-11-07T09:34:33-03:00] Generando figura...
[2025-11-07T09:34:34-03:00] Figuras guardadas en: run-e2r\N1000_251107-093012\fig3_ER.png y run-e2r\N1000_251107-093012\fig3_ER.pdf
[2025-11-07T09:34:34-03:00] Fin experimento Fig3-ER | carpeta=run-e2r\N1000_251107-093012
[2025-11-07T09:34:34-03:00] Tiempo total de ejecución: 261.53s (~4.36 min)
