[2025-11-07T13:26:47-03:00] Ejecutando script: Erdos-Renyi-v2.py | ruta=C:\Users\dcaceres\Documents\Magister\Trimestre 2\CS Redes\Tarea 2\python\Erdos-Renyi-v2.py
[2025-11-07T13:26:47-03:00] Inicio experimento Fig3-ER (paralelo por procesos) | carpeta=run-e2r\251107132647_N100
[2025-11-07T13:26:47-03:00] Procesos: usados=18, cpu_count=22
[2025-11-07T13:26:47-03:00] Parámetros: N=100, <k>=[5.2, 2.5], px1=[0.05, 0.1, 0.2], r_kk=[-0.5, 0.0, 0.5], ρ_kx=[np.float64(0.0), np.float64(0.11), np.float64(0.23), np.float64(0.34), np.float64(0.46), np.float64(0.57), np.float64(0.69), np.float64(0.8)], seed=12021974
[2025-11-07T13:26:56-03:00] Generada red ER: N=100, <k>_obj=2.50, p=0.025253, L=123, tiempo=0.002s
[2025-11-07T13:26:56-03:00] Rewire r_kk: objetivo=+0.00, alcanzado=+0.005, |Δ|=0.005, iters=0, tiempo=0.002s
[2025-11-07T13:26:56-03:00] <k>=2.50, p=0.025253, px1=0.20, r_kk_obj=+0.00, r_kk_fin=+0.005, ρ_kx_obj=0.00, ρ_kx_fin=-0.003 -> frac=0.040 | t(attrs)=0.003s, t(frac)=0.000s
[2025-11-07T13:26:56-03:00] <k>=2.50, p=0.025253, px1=0.20, r_kk_obj=+0.00, r_kk_fin=+0.005, ρ_kx_obj=0.11, ρ_kx_fin=+0.116 -> frac=0.130 | t(attrs)=0.009s, t(frac)=0.000s
[2025-11-07T13:26:56-03:00] <k>=2.50, p=0.025253, px1=0.20, r_kk_obj=+0.00, r_kk_fin=+0.005, ρ_kx_obj=0.23, ρ_kx_fin=+0.221 -> frac=0.140 | t(attrs)=0.007s, t(frac)=0.000s
[2025-11-07T13:26:56-03:00] <k>=2.50, p=0.025253, px1=0.20, r_kk_obj=+0.00, r_kk_fin=+0.005, ρ_kx_obj=0.34, ρ_kx_fin=+0.340 -> frac=0.140 | t(attrs)=0.026s, t(frac)=0.000s
[2025-11-07T13:26:56-03:00] <k>=2.50, p=0.025253, px1=0.20, r_kk_obj=+0.00, r_kk_fin=+0.005, ρ_kx_obj=0.46, ρ_kx_fin=+0.459 -> frac=0.210 | t(attrs)=0.025s, t(frac)=0.000s
[2025-11-07T13:26:56-03:00] <k>=2.50, p=0.025253, px1=0.20, r_kk_obj=+0.00, r_kk_fin=+0.005, ρ_kx_obj=0.57, ρ_kx_fin=+0.564 -> frac=0.200 | t(attrs)=0.030s, t(frac)=0.000s
[2025-11-07T13:26:56-03:00] <k>=2.50, p=0.025253, px1=0.20, r_kk_obj=+0.00, r_kk_fin=+0.005, ρ_kx_obj=0.69, ρ_kx_fin=+0.683 -> frac=0.210 | t(attrs)=0.121s, t(frac)=0.000s
[2025-11-07T13:26:56-03:00] <k>=2.50, p=0.025253, px1=0.20, r_kk_obj=+0.00, r_kk_fin=+0.005, ρ_kx_obj=0.80, ρ_kx_fin=+0.728 -> frac=0.220 | t(attrs)=4.424s, t(frac)=0.000s
[2025-11-07T13:26:56-03:00] Curva lista: <k>=2.50, px1=0.20, r_kk_obj=+0.00, r_kk_fin=+0.005, p=0.025253, t_curva=4.65s (t_gen=0.00s, t_rew=0.00s, t_rho_total=4.65s; t_attrs=4.64s, t_frac=0.00s)
[2025-11-07T13:26:56-03:00] Generada red ER: N=100, <k>_obj=5.20, p=0.052525, L=269, tiempo=0.002s
[2025-11-07T13:26:56-03:00] Rewire r_kk: objetivo=+0.00, alcanzado=-0.001, |Δ|=0.001, iters=16, tiempo=0.036s
[2025-11-07T13:26:56-03:00] <k>=5.20, p=0.052525, px1=0.20, r_kk_obj=+0.00, r_kk_fin=-0.001, ρ_kx_obj=0.00, ρ_kx_fin=-0.006 -> frac=0.070 | t(attrs)=0.016s, t(frac)=0.000s
[2025-11-07T13:26:56-03:00] <k>=5.20, p=0.052525, px1=0.20, r_kk_obj=+0.00, r_kk_fin=-0.001, ρ_kx_obj=0.11, ρ_kx_fin=+0.121 -> frac=0.010 | t(attrs)=0.002s, t(frac)=0.000s
[2025-11-07T13:26:56-03:00] <k>=5.20, p=0.052525, px1=0.20, r_kk_obj=+0.00, r_kk_fin=-0.001, ρ_kx_obj=0.23, ρ_kx_fin=+0.228 -> frac=0.060 | t(attrs)=0.018s, t(frac)=0.000s
[2025-11-07T13:26:56-03:00] <k>=5.20, p=0.052525, px1=0.20, r_kk_obj=+0.00, r_kk_fin=-0.001, ρ_kx_obj=0.34, ρ_kx_fin=+0.334 -> frac=0.070 | t(attrs)=0.007s, t(frac)=0.000s
[2025-11-07T13:26:56-03:00] <k>=5.20, p=0.052525, px1=0.20, r_kk_obj=+0.00, r_kk_fin=-0.001, ρ_kx_obj=0.46, ρ_kx_fin=+0.462 -> frac=0.090 | t(attrs)=0.048s, t(frac)=0.000s
[2025-11-07T13:26:56-03:00] <k>=5.20, p=0.052525, px1=0.20, r_kk_obj=+0.00, r_kk_fin=-0.001, ρ_kx_obj=0.57, ρ_kx_fin=+0.579 -> frac=0.120 | t(attrs)=0.064s, t(frac)=0.000s
[2025-11-07T13:26:56-03:00] <k>=5.20, p=0.052525, px1=0.20, r_kk_obj=+0.00, r_kk_fin=-0.001, ρ_kx_obj=0.69, ρ_kx_fin=+0.686 -> frac=0.140 | t(attrs)=0.389s, t(frac)=0.000s
[2025-11-07T13:26:56-03:00] <k>=5.20, p=0.052525, px1=0.20, r_kk_obj=+0.00, r_kk_fin=-0.001, ρ_kx_obj=0.80, ρ_kx_fin=+0.696 -> frac=0.120 | t(attrs)=4.593s, t(frac)=0.000s
[2025-11-07T13:26:56-03:00] Curva lista: <k>=5.20, px1=0.20, r_kk_obj=+0.00, r_kk_fin=-0.001, p=0.052525, t_curva=5.18s (t_gen=0.00s, t_rew=0.04s, t_rho_total=5.14s; t_attrs=5.14s, t_frac=0.00s)
[2025-11-07T13:26:56-03:00] Generada red ER: N=100, <k>_obj=2.50, p=0.025253, L=123, tiempo=0.002s
[2025-11-07T13:26:56-03:00] Rewire r_kk: objetivo=-0.50, alcanzado=-0.490, |Δ|=0.010, iters=151, tiempo=0.237s
[2025-11-07T13:26:56-03:00] <k>=2.50, p=0.025253, px1=0.20, r_kk_obj=-0.50, r_kk_fin=-0.490, ρ_kx_obj=0.00, ρ_kx_fin=-0.003 -> frac=0.070 | t(attrs)=0.009s, t(frac)=0.000s
[2025-11-07T13:26:56-03:00] <k>=2.50, p=0.025253, px1=0.20, r_kk_obj=-0.50, r_kk_fin=-0.490, ρ_kx_obj=0.11, ρ_kx_fin=+0.116 -> frac=0.090 | t(attrs)=0.000s, t(frac)=0.000s
[2025-11-07T13:26:56-03:00] <k>=2.50, p=0.025253, px1=0.20, r_kk_obj=-0.50, r_kk_fin=-0.490, ρ_kx_obj=0.23, ρ_kx_fin=+0.221 -> frac=0.160 | t(attrs)=0.002s, t(frac)=0.000s
[2025-11-07T13:26:56-03:00] <k>=2.50, p=0.025253, px1=0.20, r_kk_obj=-0.50, r_kk_fin=-0.490, ρ_kx_obj=0.34, ρ_kx_fin=+0.340 -> frac=0.160 | t(attrs)=0.017s, t(frac)=0.000s
[2025-11-07T13:26:56-03:00] <k>=2.50, p=0.025253, px1=0.20, r_kk_obj=-0.50, r_kk_fin=-0.490, ρ_kx_obj=0.46, ρ_kx_fin=+0.459 -> frac=0.260 | t(attrs)=0.030s, t(frac)=0.000s
[2025-11-07T13:26:56-03:00] <k>=2.50, p=0.025253, px1=0.20, r_kk_obj=-0.50, r_kk_fin=-0.490, ρ_kx_obj=0.57, ρ_kx_fin=+0.564 -> frac=0.280 | t(attrs)=0.031s, t(frac)=0.000s
[2025-11-07T13:26:56-03:00] <k>=2.50, p=0.025253, px1=0.20, r_kk_obj=-0.50, r_kk_fin=-0.490, ρ_kx_obj=0.69, ρ_kx_fin=+0.683 -> frac=0.280 | t(attrs)=0.074s, t(frac)=0.000s
[2025-11-07T13:26:56-03:00] <k>=2.50, p=0.025253, px1=0.20, r_kk_obj=-0.50, r_kk_fin=-0.490, ρ_kx_obj=0.80, ρ_kx_fin=+0.728 -> frac=0.340 | t(attrs)=4.565s, t(frac)=0.000s
[2025-11-07T13:26:56-03:00] Curva lista: <k>=2.50, px1=0.20, r_kk_obj=-0.50, r_kk_fin=-0.490, p=0.025253, t_curva=4.97s (t_gen=0.00s, t_rew=0.24s, t_rho_total=4.73s; t_attrs=4.73s, t_frac=0.00s)
[2025-11-07T13:26:57-03:00] Generada red ER: N=100, <k>_obj=5.20, p=0.052525, L=269, tiempo=0.002s
[2025-11-07T13:26:57-03:00] Rewire r_kk: objetivo=-0.50, alcanzado=-0.485, |Δ|=0.015, iters=236, tiempo=0.542s
[2025-11-07T13:26:57-03:00] <k>=5.20, p=0.052525, px1=0.20, r_kk_obj=-0.50, r_kk_fin=-0.485, ρ_kx_obj=0.00, ρ_kx_fin=-0.006 -> frac=0.030 | t(attrs)=0.003s, t(frac)=0.001s
[2025-11-07T13:26:57-03:00] <k>=5.20, p=0.052525, px1=0.20, r_kk_obj=-0.50, r_kk_fin=-0.485, ρ_kx_obj=0.11, ρ_kx_fin=+0.111 -> frac=0.110 | t(attrs)=0.011s, t(frac)=0.001s
[2025-11-07T13:26:57-03:00] <k>=5.20, p=0.052525, px1=0.20, r_kk_obj=-0.50, r_kk_fin=-0.485, ρ_kx_obj=0.23, ρ_kx_fin=+0.238 -> frac=0.120 | t(attrs)=0.015s, t(frac)=0.000s
[2025-11-07T13:26:57-03:00] <k>=5.20, p=0.052525, px1=0.20, r_kk_obj=-0.50, r_kk_fin=-0.485, ρ_kx_obj=0.34, ρ_kx_fin=+0.345 -> frac=0.080 | t(attrs)=0.026s, t(frac)=0.001s
[2025-11-07T13:26:57-03:00] <k>=5.20, p=0.052525, px1=0.20, r_kk_obj=-0.50, r_kk_fin=-0.485, ρ_kx_obj=0.46, ρ_kx_fin=+0.462 -> frac=0.150 | t(attrs)=0.046s, t(frac)=0.000s
[2025-11-07T13:26:57-03:00] <k>=5.20, p=0.052525, px1=0.20, r_kk_obj=-0.50, r_kk_fin=-0.485, ρ_kx_obj=0.57, ρ_kx_fin=+0.568 -> frac=0.220 | t(attrs)=0.055s, t(frac)=0.000s
[2025-11-07T13:26:57-03:00] <k>=5.20, p=0.052525, px1=0.20, r_kk_obj=-0.50, r_kk_fin=-0.485, ρ_kx_obj=0.69, ρ_kx_fin=+0.686 -> frac=0.270 | t(attrs)=0.316s, t(frac)=0.000s
[2025-11-07T13:26:57-03:00] <k>=5.20, p=0.052525, px1=0.20, r_kk_obj=-0.50, r_kk_fin=-0.485, ρ_kx_obj=0.80, ρ_kx_fin=+0.696 -> frac=0.300 | t(attrs)=4.429s, t(frac)=0.000s
[2025-11-07T13:26:57-03:00] Curva lista: <k>=5.20, px1=0.20, r_kk_obj=-0.50, r_kk_fin=-0.485, p=0.052525, t_curva=5.45s (t_gen=0.00s, t_rew=0.54s, t_rho_total=4.91s; t_attrs=4.90s, t_frac=0.00s)
[2025-11-07T13:26:57-03:00] Generada red ER: N=100, <k>_obj=2.50, p=0.025253, L=123, tiempo=0.002s
[2025-11-07T13:26:57-03:00] Rewire r_kk: objetivo=+0.50, alcanzado=+0.511, |Δ|=0.011, iters=93, tiempo=0.172s
[2025-11-07T13:26:57-03:00] <k>=2.50, p=0.025253, px1=0.20, r_kk_obj=+0.50, r_kk_fin=+0.511, ρ_kx_obj=0.00, ρ_kx_fin=-0.003 -> frac=0.080 | t(attrs)=0.002s, t(frac)=0.000s
[2025-11-07T13:26:57-03:00] <k>=2.50, p=0.025253, px1=0.20, r_kk_obj=+0.50, r_kk_fin=+0.511, ρ_kx_obj=0.11, ρ_kx_fin=+0.116 -> frac=0.080 | t(attrs)=0.004s, t(frac)=0.000s
[2025-11-07T13:26:57-03:00] <k>=2.50, p=0.025253, px1=0.20, r_kk_obj=+0.50, r_kk_fin=+0.511, ρ_kx_obj=0.23, ρ_kx_fin=+0.236 -> frac=0.110 | t(attrs)=0.007s, t(frac)=0.000s
[2025-11-07T13:26:57-03:00] <k>=2.50, p=0.025253, px1=0.20, r_kk_obj=+0.50, r_kk_fin=+0.511, ρ_kx_obj=0.34, ρ_kx_fin=+0.340 -> frac=0.120 | t(attrs)=0.010s, t(frac)=0.000s
[2025-11-07T13:26:57-03:00] <k>=2.50, p=0.025253, px1=0.20, r_kk_obj=+0.50, r_kk_fin=+0.511, ρ_kx_obj=0.46, ρ_kx_fin=+0.459 -> frac=0.140 | t(attrs)=0.016s, t(frac)=0.000s
[2025-11-07T13:26:57-03:00] <k>=2.50, p=0.025253, px1=0.20, r_kk_obj=+0.50, r_kk_fin=+0.511, ρ_kx_obj=0.57, ρ_kx_fin=+0.564 -> frac=0.160 | t(attrs)=0.036s, t(frac)=0.000s
[2025-11-07T13:26:57-03:00] <k>=2.50, p=0.025253, px1=0.20, r_kk_obj=+0.50, r_kk_fin=+0.511, ρ_kx_obj=0.69, ρ_kx_fin=+0.683 -> frac=0.160 | t(attrs)=0.119s, t(frac)=0.000s
[2025-11-07T13:26:57-03:00] <k>=2.50, p=0.025253, px1=0.20, r_kk_obj=+0.50, r_kk_fin=+0.511, ρ_kx_obj=0.80, ρ_kx_fin=+0.728 -> frac=0.210 | t(attrs)=4.709s, t(frac)=0.000s
[2025-11-07T13:26:57-03:00] Curva lista: <k>=2.50, px1=0.20, r_kk_obj=+0.50, r_kk_fin=+0.511, p=0.025253, t_curva=5.08s (t_gen=0.00s, t_rew=0.17s, t_rho_total=4.91s; t_attrs=4.90s, t_frac=0.00s)
[2025-11-07T13:26:57-03:00] Generada red ER: N=100, <k>_obj=5.20, p=0.052525, L=269, tiempo=0.002s
[2025-11-07T13:26:57-03:00] Rewire r_kk: objetivo=+0.50, alcanzado=+0.486, |Δ|=0.014, iters=232, tiempo=0.517s
[2025-11-07T13:26:57-03:00] <k>=5.20, p=0.052525, px1=0.20, r_kk_obj=+0.50, r_kk_fin=+0.486, ρ_kx_obj=0.00, ρ_kx_fin=-0.006 -> frac=0.020 | t(attrs)=0.001s, t(frac)=0.000s
[2025-11-07T13:26:57-03:00] <k>=5.20, p=0.052525, px1=0.20, r_kk_obj=+0.50, r_kk_fin=+0.486, ρ_kx_obj=0.11, ρ_kx_fin=+0.121 -> frac=0.060 | t(attrs)=0.006s, t(frac)=0.000s
[2025-11-07T13:26:57-03:00] <k>=5.20, p=0.052525, px1=0.20, r_kk_obj=+0.50, r_kk_fin=+0.486, ρ_kx_obj=0.23, ρ_kx_fin=+0.238 -> frac=0.080 | t(attrs)=0.002s, t(frac)=0.000s
[2025-11-07T13:26:57-03:00] <k>=5.20, p=0.052525, px1=0.20, r_kk_obj=+0.50, r_kk_fin=+0.486, ρ_kx_obj=0.34, ρ_kx_fin=+0.334 -> frac=0.060 | t(attrs)=0.023s, t(frac)=0.000s
[2025-11-07T13:26:57-03:00] <k>=5.20, p=0.052525, px1=0.20, r_kk_obj=+0.50, r_kk_fin=+0.486, ρ_kx_obj=0.46, ρ_kx_fin=+0.451 -> frac=0.090 | t(attrs)=0.023s, t(frac)=0.000s
[2025-11-07T13:26:57-03:00] <k>=5.20, p=0.052525, px1=0.20, r_kk_obj=+0.50, r_kk_fin=+0.486, ρ_kx_obj=0.57, ρ_kx_fin=+0.568 -> frac=0.080 | t(attrs)=0.050s, t(frac)=0.000s
[2025-11-07T13:26:57-03:00] <k>=5.20, p=0.052525, px1=0.20, r_kk_obj=+0.50, r_kk_fin=+0.486, ρ_kx_obj=0.69, ρ_kx_fin=+0.686 -> frac=0.140 | t(attrs)=0.160s, t(frac)=0.000s
[2025-11-07T13:26:57-03:00] <k>=5.20, p=0.052525, px1=0.20, r_kk_obj=+0.50, r_kk_fin=+0.486, ρ_kx_obj=0.80, ρ_kx_fin=+0.696 -> frac=0.180 | t(attrs)=4.759s, t(frac)=0.000s
[2025-11-07T13:26:57-03:00] Curva lista: <k>=5.20, px1=0.20, r_kk_obj=+0.50, r_kk_fin=+0.486, p=0.052525, t_curva=5.55s (t_gen=0.00s, t_rew=0.52s, t_rho_total=5.03s; t_attrs=5.02s, t_frac=0.00s)
[2025-11-07T13:27:00-03:00] Generada red ER: N=100, <k>_obj=5.20, p=0.052525, L=269, tiempo=0.002s
[2025-11-07T13:27:00-03:00] Rewire r_kk: objetivo=+0.00, alcanzado=-0.001, |Δ|=0.001, iters=16, tiempo=0.030s
[2025-11-07T13:27:00-03:00] <k>=5.20, p=0.052525, px1=0.10, r_kk_obj=+0.00, r_kk_fin=-0.001, ρ_kx_obj=0.00, ρ_kx_fin=+0.003 -> frac=0.010 | t(attrs)=0.005s, t(frac)=0.000s
[2025-11-07T13:27:00-03:00] <k>=5.20, p=0.052525, px1=0.10, r_kk_obj=+0.00, r_kk_fin=-0.001, ρ_kx_obj=0.11, ρ_kx_fin=+0.116 -> frac=0.030 | t(attrs)=0.006s, t(frac)=0.000s
[2025-11-07T13:27:00-03:00] <k>=5.20, p=0.052525, px1=0.10, r_kk_obj=+0.00, r_kk_fin=-0.001, ρ_kx_obj=0.23, ρ_kx_fin=+0.230 -> frac=0.020 | t(attrs)=0.011s, t(frac)=0.000s
[2025-11-07T13:27:00-03:00] <k>=5.20, p=0.052525, px1=0.10, r_kk_obj=+0.00, r_kk_fin=-0.001, ρ_kx_obj=0.34, ρ_kx_fin=+0.343 -> frac=0.020 | t(attrs)=0.039s, t(frac)=0.000s
[2025-11-07T13:27:00-03:00] <k>=5.20, p=0.052525, px1=0.10, r_kk_obj=+0.00, r_kk_fin=-0.001, ρ_kx_obj=0.46, ρ_kx_fin=+0.457 -> frac=0.040 | t(attrs)=0.049s, t(frac)=0.000s
[2025-11-07T13:27:00-03:00] <k>=5.20, p=0.052525, px1=0.10, r_kk_obj=+0.00, r_kk_fin=-0.001, ρ_kx_obj=0.57, ρ_kx_fin=+0.571 -> frac=0.030 | t(attrs)=0.295s, t(frac)=0.000s
[2025-11-07T13:27:00-03:00] <k>=5.20, p=0.052525, px1=0.10, r_kk_obj=+0.00, r_kk_fin=-0.001, ρ_kx_obj=0.69, ρ_kx_fin=+0.571 -> frac=0.020 | t(attrs)=4.338s, t(frac)=0.001s
[2025-11-07T13:27:00-03:00] <k>=5.20, p=0.052525, px1=0.10, r_kk_obj=+0.00, r_kk_fin=-0.001, ρ_kx_obj=0.80, ρ_kx_fin=+0.571 -> frac=0.030 | t(attrs)=3.891s, t(frac)=0.000s
[2025-11-07T13:27:00-03:00] Curva lista: <k>=5.20, px1=0.10, r_kk_obj=+0.00, r_kk_fin=-0.001, p=0.052525, t_curva=8.67s (t_gen=0.00s, t_rew=0.03s, t_rho_total=8.64s; t_attrs=8.63s, t_frac=0.00s)
[2025-11-07T13:27:00-03:00] Generada red ER: N=100, <k>_obj=5.20, p=0.052525, L=269, tiempo=0.001s
[2025-11-07T13:27:00-03:00] Rewire r_kk: objetivo=+0.50, alcanzado=+0.486, |Δ|=0.014, iters=232, tiempo=0.523s
[2025-11-07T13:27:00-03:00] <k>=5.20, p=0.052525, px1=0.10, r_kk_obj=+0.50, r_kk_fin=+0.486, ρ_kx_obj=0.00, ρ_kx_fin=+0.003 -> frac=0.000 | t(attrs)=0.008s, t(frac)=0.001s
[2025-11-07T13:27:00-03:00] <k>=5.20, p=0.052525, px1=0.10, r_kk_obj=+0.50, r_kk_fin=+0.486, ρ_kx_obj=0.11, ρ_kx_fin=+0.116 -> frac=0.020 | t(attrs)=0.004s, t(frac)=0.001s
[2025-11-07T13:27:00-03:00] <k>=5.20, p=0.052525, px1=0.10, r_kk_obj=+0.50, r_kk_fin=+0.486, ρ_kx_obj=0.23, ρ_kx_fin=+0.230 -> frac=0.020 | t(attrs)=0.031s, t(frac)=0.001s
[2025-11-07T13:27:00-03:00] <k>=5.20, p=0.052525, px1=0.10, r_kk_obj=+0.50, r_kk_fin=+0.486, ρ_kx_obj=0.34, ρ_kx_fin=+0.343 -> frac=0.000 | t(attrs)=0.019s, t(frac)=0.000s
[2025-11-07T13:27:00-03:00] <k>=5.20, p=0.052525, px1=0.10, r_kk_obj=+0.50, r_kk_fin=+0.486, ρ_kx_obj=0.46, ρ_kx_fin=+0.457 -> frac=0.000 | t(attrs)=0.030s, t(frac)=0.001s
[2025-11-07T13:27:00-03:00] <k>=5.20, p=0.052525, px1=0.10, r_kk_obj=+0.50, r_kk_fin=+0.486, ρ_kx_obj=0.57, ρ_kx_fin=+0.571 -> frac=0.010 | t(attrs)=0.110s, t(frac)=0.000s
[2025-11-07T13:27:00-03:00] <k>=5.20, p=0.052525, px1=0.10, r_kk_obj=+0.50, r_kk_fin=+0.486, ρ_kx_obj=0.69, ρ_kx_fin=+0.571 -> frac=0.010 | t(attrs)=4.452s, t(frac)=0.000s
[2025-11-07T13:27:00-03:00] <k>=5.20, p=0.052525, px1=0.10, r_kk_obj=+0.50, r_kk_fin=+0.486, ρ_kx_obj=0.80, ρ_kx_fin=+0.571 -> frac=0.010 | t(attrs)=3.602s, t(frac)=0.000s
[2025-11-07T13:27:00-03:00] Curva lista: <k>=5.20, px1=0.10, r_kk_obj=+0.50, r_kk_fin=+0.486, p=0.052525, t_curva=8.79s (t_gen=0.00s, t_rew=0.52s, t_rho_total=8.26s; t_attrs=8.26s, t_frac=0.00s)
[2025-11-07T13:27:00-03:00] Generada red ER: N=100, <k>_obj=5.20, p=0.052525, L=269, tiempo=0.002s
[2025-11-07T13:27:00-03:00] Rewire r_kk: objetivo=-0.50, alcanzado=-0.485, |Δ|=0.015, iters=236, tiempo=0.532s
[2025-11-07T13:27:00-03:00] <k>=5.20, p=0.052525, px1=0.10, r_kk_obj=-0.50, r_kk_fin=-0.485, ρ_kx_obj=0.00, ρ_kx_fin=+0.003 -> frac=0.020 | t(attrs)=0.008s, t(frac)=0.000s
[2025-11-07T13:27:00-03:00] <k>=5.20, p=0.052525, px1=0.10, r_kk_obj=-0.50, r_kk_fin=-0.485, ρ_kx_obj=0.11, ρ_kx_fin=+0.116 -> frac=0.020 | t(attrs)=0.003s, t(frac)=0.000s
[2025-11-07T13:27:00-03:00] <k>=5.20, p=0.052525, px1=0.10, r_kk_obj=-0.50, r_kk_fin=-0.485, ρ_kx_obj=0.23, ρ_kx_fin=+0.230 -> frac=0.010 | t(attrs)=0.010s, t(frac)=0.000s
[2025-11-07T13:27:00-03:00] <k>=5.20, p=0.052525, px1=0.10, r_kk_obj=-0.50, r_kk_fin=-0.485, ρ_kx_obj=0.34, ρ_kx_fin=+0.343 -> frac=0.060 | t(attrs)=0.015s, t(frac)=0.000s
[2025-11-07T13:27:00-03:00] <k>=5.20, p=0.052525, px1=0.10, r_kk_obj=-0.50, r_kk_fin=-0.485, ρ_kx_obj=0.46, ρ_kx_fin=+0.457 -> frac=0.080 | t(attrs)=0.047s, t(frac)=0.001s
[2025-11-07T13:27:00-03:00] <k>=5.20, p=0.052525, px1=0.10, r_kk_obj=-0.50, r_kk_fin=-0.485, ρ_kx_obj=0.57, ρ_kx_fin=+0.571 -> frac=0.140 | t(attrs)=0.123s, t(frac)=0.001s
[2025-11-07T13:27:00-03:00] <k>=5.20, p=0.052525, px1=0.10, r_kk_obj=-0.50, r_kk_fin=-0.485, ρ_kx_obj=0.69, ρ_kx_fin=+0.571 -> frac=0.120 | t(attrs)=4.617s, t(frac)=0.001s
[2025-11-07T13:27:00-03:00] <k>=5.20, p=0.052525, px1=0.10, r_kk_obj=-0.50, r_kk_fin=-0.485, ρ_kx_obj=0.80, ρ_kx_fin=+0.571 -> frac=0.120 | t(attrs)=3.746s, t(frac)=0.000s
[2025-11-07T13:27:00-03:00] Curva lista: <k>=5.20, px1=0.10, r_kk_obj=-0.50, r_kk_fin=-0.485, p=0.052525, t_curva=9.11s (t_gen=0.00s, t_rew=0.53s, t_rho_total=8.57s; t_attrs=8.57s, t_frac=0.00s)
[2025-11-07T13:27:00-03:00] Generada red ER: N=100, <k>_obj=2.50, p=0.025253, L=123, tiempo=0.002s
[2025-11-07T13:27:00-03:00] Rewire r_kk: objetivo=-0.50, alcanzado=-0.490, |Δ|=0.010, iters=151, tiempo=0.308s
[2025-11-07T13:27:00-03:00] <k>=2.50, p=0.025253, px1=0.10, r_kk_obj=-0.50, r_kk_fin=-0.490, ρ_kx_obj=0.00, ρ_kx_fin=+0.008 -> frac=0.030 | t(attrs)=0.003s, t(frac)=0.000s
[2025-11-07T13:27:00-03:00] <k>=2.50, p=0.025253, px1=0.10, r_kk_obj=-0.50, r_kk_fin=-0.490, ρ_kx_obj=0.11, ρ_kx_fin=+0.107 -> frac=0.030 | t(attrs)=0.006s, t(frac)=0.000s
[2025-11-07T13:27:00-03:00] <k>=2.50, p=0.025253, px1=0.10, r_kk_obj=-0.50, r_kk_fin=-0.490, ρ_kx_obj=0.23, ρ_kx_fin=+0.227 -> frac=0.070 | t(attrs)=0.005s, t(frac)=0.000s
[2025-11-07T13:27:00-03:00] <k>=2.50, p=0.025253, px1=0.10, r_kk_obj=-0.50, r_kk_fin=-0.490, ρ_kx_obj=0.34, ρ_kx_fin=+0.346 -> frac=0.080 | t(attrs)=0.026s, t(frac)=0.000s
[2025-11-07T13:27:00-03:00] <k>=2.50, p=0.025253, px1=0.10, r_kk_obj=-0.50, r_kk_fin=-0.490, ρ_kx_obj=0.46, ρ_kx_fin=+0.465 -> frac=0.140 | t(attrs)=0.048s, t(frac)=0.000s
[2025-11-07T13:27:00-03:00] <k>=2.50, p=0.025253, px1=0.10, r_kk_obj=-0.50, r_kk_fin=-0.490, ρ_kx_obj=0.57, ρ_kx_fin=+0.565 -> frac=0.160 | t(attrs)=0.060s, t(frac)=0.000s
[2025-11-07T13:27:00-03:00] <k>=2.50, p=0.025253, px1=0.10, r_kk_obj=-0.50, r_kk_fin=-0.490, ρ_kx_obj=0.69, ρ_kx_fin=+0.605 -> frac=0.210 | t(attrs)=4.567s, t(frac)=0.000s
[2025-11-07T13:27:00-03:00] <k>=2.50, p=0.025253, px1=0.10, r_kk_obj=-0.50, r_kk_fin=-0.490, ρ_kx_obj=0.80, ρ_kx_fin=+0.605 -> frac=0.210 | t(attrs)=3.452s, t(frac)=0.000s
[2025-11-07T13:27:00-03:00] Curva lista: <k>=2.50, px1=0.10, r_kk_obj=-0.50, r_kk_fin=-0.490, p=0.025253, t_curva=8.48s (t_gen=0.00s, t_rew=0.31s, t_rho_total=8.17s; t_attrs=8.17s, t_frac=0.00s)
[2025-11-07T13:27:00-03:00] Generada red ER: N=100, <k>_obj=2.50, p=0.025253, L=123, tiempo=0.002s
[2025-11-07T13:27:00-03:00] Rewire r_kk: objetivo=+0.00, alcanzado=+0.005, |Δ|=0.005, iters=0, tiempo=0.002s
[2025-11-07T13:27:00-03:00] <k>=2.50, p=0.025253, px1=0.10, r_kk_obj=+0.00, r_kk_fin=+0.005, ρ_kx_obj=0.00, ρ_kx_fin=+0.008 -> frac=0.070 | t(attrs)=0.003s, t(frac)=0.000s
[2025-11-07T13:27:00-03:00] <k>=2.50, p=0.025253, px1=0.10, r_kk_obj=+0.00, r_kk_fin=+0.005, ρ_kx_obj=0.11, ρ_kx_fin=+0.107 -> frac=0.060 | t(attrs)=0.003s, t(frac)=0.000s
[2025-11-07T13:27:00-03:00] <k>=2.50, p=0.025253, px1=0.10, r_kk_obj=+0.00, r_kk_fin=+0.005, ρ_kx_obj=0.23, ρ_kx_fin=+0.227 -> frac=0.050 | t(attrs)=0.004s, t(frac)=0.000s
[2025-11-07T13:27:00-03:00] <k>=2.50, p=0.025253, px1=0.10, r_kk_obj=+0.00, r_kk_fin=+0.005, ρ_kx_obj=0.34, ρ_kx_fin=+0.346 -> frac=0.040 | t(attrs)=0.016s, t(frac)=0.000s
[2025-11-07T13:27:00-03:00] <k>=2.50, p=0.025253, px1=0.10, r_kk_obj=+0.00, r_kk_fin=+0.005, ρ_kx_obj=0.46, ρ_kx_fin=+0.465 -> frac=0.090 | t(attrs)=0.050s, t(frac)=0.000s
[2025-11-07T13:27:00-03:00] <k>=2.50, p=0.025253, px1=0.10, r_kk_obj=+0.00, r_kk_fin=+0.005, ρ_kx_obj=0.57, ρ_kx_fin=+0.565 -> frac=0.060 | t(attrs)=0.083s, t(frac)=0.000s
[2025-11-07T13:27:00-03:00] <k>=2.50, p=0.025253, px1=0.10, r_kk_obj=+0.00, r_kk_fin=+0.005, ρ_kx_obj=0.69, ρ_kx_fin=+0.605 -> frac=0.110 | t(attrs)=4.734s, t(frac)=0.000s
[2025-11-07T13:27:00-03:00] <k>=2.50, p=0.025253, px1=0.10, r_kk_obj=+0.00, r_kk_fin=+0.005, ρ_kx_obj=0.80, ρ_kx_fin=+0.605 -> frac=0.090 | t(attrs)=3.589s, t(frac)=0.000s
[2025-11-07T13:27:00-03:00] Curva lista: <k>=2.50, px1=0.10, r_kk_obj=+0.00, r_kk_fin=+0.005, p=0.025253, t_curva=8.49s (t_gen=0.00s, t_rew=0.00s, t_rho_total=8.48s; t_attrs=8.48s, t_frac=0.00s)
[2025-11-07T13:27:00-03:00] Generada red ER: N=100, <k>_obj=2.50, p=0.025253, L=123, tiempo=0.002s
[2025-11-07T13:27:00-03:00] Rewire r_kk: objetivo=+0.50, alcanzado=+0.511, |Δ|=0.011, iters=93, tiempo=0.138s
[2025-11-07T13:27:00-03:00] <k>=2.50, p=0.025253, px1=0.10, r_kk_obj=+0.50, r_kk_fin=+0.511, ρ_kx_obj=0.00, ρ_kx_fin=+0.008 -> frac=0.020 | t(attrs)=0.010s, t(frac)=0.000s
[2025-11-07T13:27:00-03:00] <k>=2.50, p=0.025253, px1=0.10, r_kk_obj=+0.50, r_kk_fin=+0.511, ρ_kx_obj=0.11, ρ_kx_fin=+0.107 -> frac=0.030 | t(attrs)=0.005s, t(frac)=0.000s
[2025-11-07T13:27:00-03:00] <k>=2.50, p=0.025253, px1=0.10, r_kk_obj=+0.50, r_kk_fin=+0.511, ρ_kx_obj=0.23, ρ_kx_fin=+0.227 -> frac=0.070 | t(attrs)=0.009s, t(frac)=0.000s
[2025-11-07T13:27:00-03:00] <k>=2.50, p=0.025253, px1=0.10, r_kk_obj=+0.50, r_kk_fin=+0.511, ρ_kx_obj=0.34, ρ_kx_fin=+0.346 -> frac=0.040 | t(attrs)=0.022s, t(frac)=0.000s
[2025-11-07T13:27:00-03:00] <k>=2.50, p=0.025253, px1=0.10, r_kk_obj=+0.50, r_kk_fin=+0.511, ρ_kx_obj=0.46, ρ_kx_fin=+0.465 -> frac=0.040 | t(attrs)=0.056s, t(frac)=0.000s
[2025-11-07T13:27:00-03:00] <k>=2.50, p=0.025253, px1=0.10, r_kk_obj=+0.50, r_kk_fin=+0.511, ρ_kx_obj=0.57, ρ_kx_fin=+0.565 -> frac=0.040 | t(attrs)=0.034s, t(frac)=0.000s
[2025-11-07T13:27:00-03:00] <k>=2.50, p=0.025253, px1=0.10, r_kk_obj=+0.50, r_kk_fin=+0.511, ρ_kx_obj=0.69, ρ_kx_fin=+0.605 -> frac=0.040 | t(attrs)=4.689s, t(frac)=0.000s
[2025-11-07T13:27:00-03:00] <k>=2.50, p=0.025253, px1=0.10, r_kk_obj=+0.50, r_kk_fin=+0.511, ρ_kx_obj=0.80, ρ_kx_fin=+0.605 -> frac=0.030 | t(attrs)=3.527s, t(frac)=0.000s
[2025-11-07T13:27:00-03:00] Curva lista: <k>=2.50, px1=0.10, r_kk_obj=+0.50, r_kk_fin=+0.511, p=0.025253, t_curva=8.49s (t_gen=0.00s, t_rew=0.14s, t_rho_total=8.35s; t_attrs=8.35s, t_frac=0.00s)
[2025-11-07T13:27:02-03:00] Generada red ER: N=100, <k>_obj=5.20, p=0.052525, L=269, tiempo=0.001s
[2025-11-07T13:27:02-03:00] Rewire r_kk: objetivo=+0.00, alcanzado=-0.001, |Δ|=0.001, iters=16, tiempo=0.034s
[2025-11-07T13:27:02-03:00] <k>=5.20, p=0.052525, px1=0.05, r_kk_obj=+0.00, r_kk_fin=-0.001, ρ_kx_obj=0.00, ρ_kx_fin=+0.002 -> frac=0.000 | t(attrs)=0.005s, t(frac)=0.000s
[2025-11-07T13:27:02-03:00] <k>=5.20, p=0.052525, px1=0.05, r_kk_obj=+0.00, r_kk_fin=-0.001, ρ_kx_obj=0.11, ρ_kx_fin=+0.119 -> frac=0.000 | t(attrs)=0.001s, t(frac)=0.000s
[2025-11-07T13:27:02-03:00] <k>=5.20, p=0.052525, px1=0.05, r_kk_obj=+0.00, r_kk_fin=-0.001, ρ_kx_obj=0.23, ρ_kx_fin=+0.236 -> frac=0.000 | t(attrs)=0.004s, t(frac)=0.000s
[2025-11-07T13:27:02-03:00] <k>=5.20, p=0.052525, px1=0.05, r_kk_obj=+0.00, r_kk_fin=-0.001, ρ_kx_obj=0.34, ρ_kx_fin=+0.334 -> frac=0.000 | t(attrs)=0.043s, t(frac)=0.000s
[2025-11-07T13:27:02-03:00] <k>=5.20, p=0.052525, px1=0.05, r_kk_obj=+0.00, r_kk_fin=-0.001, ρ_kx_obj=0.46, ρ_kx_fin=+0.451 -> frac=0.010 | t(attrs)=0.107s, t(frac)=0.000s
[2025-11-07T13:27:02-03:00] <k>=5.20, p=0.052525, px1=0.05, r_kk_obj=+0.00, r_kk_fin=-0.001, ρ_kx_obj=0.57, ρ_kx_fin=+0.510 -> frac=0.010 | t(attrs)=4.170s, t(frac)=0.001s
[2025-11-07T13:27:02-03:00] <k>=5.20, p=0.052525, px1=0.05, r_kk_obj=+0.00, r_kk_fin=-0.001, ρ_kx_obj=0.69, ρ_kx_fin=+0.510 -> frac=0.010 | t(attrs)=4.149s, t(frac)=0.000s
[2025-11-07T13:27:02-03:00] <k>=5.20, p=0.052525, px1=0.05, r_kk_obj=+0.00, r_kk_fin=-0.001, ρ_kx_obj=0.80, ρ_kx_fin=+0.510 -> frac=0.010 | t(attrs)=2.946s, t(frac)=0.000s
[2025-11-07T13:27:02-03:00] Curva lista: <k>=5.20, px1=0.05, r_kk_obj=+0.00, r_kk_fin=-0.001, p=0.052525, t_curva=11.46s (t_gen=0.00s, t_rew=0.03s, t_rho_total=11.43s; t_attrs=11.42s, t_frac=0.00s)
[2025-11-07T13:27:02-03:00] Generada red ER: N=100, <k>_obj=5.20, p=0.052525, L=269, tiempo=0.001s
[2025-11-07T13:27:02-03:00] Rewire r_kk: objetivo=-0.50, alcanzado=-0.485, |Δ|=0.015, iters=236, tiempo=0.345s
[2025-11-07T13:27:02-03:00] <k>=5.20, p=0.052525, px1=0.05, r_kk_obj=-0.50, r_kk_fin=-0.485, ρ_kx_obj=0.00, ρ_kx_fin=+0.002 -> frac=0.010 | t(attrs)=0.001s, t(frac)=0.000s
[2025-11-07T13:27:02-03:00] <k>=5.20, p=0.052525, px1=0.05, r_kk_obj=-0.50, r_kk_fin=-0.485, ρ_kx_obj=0.11, ρ_kx_fin=+0.119 -> frac=0.020 | t(attrs)=0.004s, t(frac)=0.000s
[2025-11-07T13:27:02-03:00] <k>=5.20, p=0.052525, px1=0.05, r_kk_obj=-0.50, r_kk_fin=-0.485, ρ_kx_obj=0.23, ρ_kx_fin=+0.236 -> frac=0.000 | t(attrs)=0.011s, t(frac)=0.000s
[2025-11-07T13:27:02-03:00] <k>=5.20, p=0.052525, px1=0.05, r_kk_obj=-0.50, r_kk_fin=-0.485, ρ_kx_obj=0.34, ρ_kx_fin=+0.334 -> frac=0.020 | t(attrs)=0.036s, t(frac)=0.000s
[2025-11-07T13:27:02-03:00] <k>=5.20, p=0.052525, px1=0.05, r_kk_obj=-0.50, r_kk_fin=-0.485, ρ_kx_obj=0.46, ρ_kx_fin=+0.451 -> frac=0.030 | t(attrs)=0.033s, t(frac)=0.000s
[2025-11-07T13:27:02-03:00] <k>=5.20, p=0.052525, px1=0.05, r_kk_obj=-0.50, r_kk_fin=-0.485, ρ_kx_obj=0.57, ρ_kx_fin=+0.510 -> frac=0.080 | t(attrs)=4.071s, t(frac)=0.001s
[2025-11-07T13:27:02-03:00] <k>=5.20, p=0.052525, px1=0.05, r_kk_obj=-0.50, r_kk_fin=-0.485, ρ_kx_obj=0.69, ρ_kx_fin=+0.510 -> frac=0.080 | t(attrs)=4.203s, t(frac)=0.000s
[2025-11-07T13:27:02-03:00] <k>=5.20, p=0.052525, px1=0.05, r_kk_obj=-0.50, r_kk_fin=-0.485, ρ_kx_obj=0.80, ρ_kx_fin=+0.510 -> frac=0.080 | t(attrs)=3.019s, t(frac)=0.000s
[2025-11-07T13:27:02-03:00] Curva lista: <k>=5.20, px1=0.05, r_kk_obj=-0.50, r_kk_fin=-0.485, p=0.052525, t_curva=11.73s (t_gen=0.00s, t_rew=0.35s, t_rho_total=11.38s; t_attrs=11.38s, t_frac=0.00s)
[2025-11-07T13:27:02-03:00] Generada red ER: N=100, <k>_obj=5.20, p=0.052525, L=269, tiempo=0.002s
[2025-11-07T13:27:02-03:00] Rewire r_kk: objetivo=+0.50, alcanzado=+0.486, |Δ|=0.014, iters=232, tiempo=0.495s
[2025-11-07T13:27:02-03:00] <k>=5.20, p=0.052525, px1=0.05, r_kk_obj=+0.50, r_kk_fin=+0.486, ρ_kx_obj=0.00, ρ_kx_fin=+0.002 -> frac=0.000 | t(attrs)=0.003s, t(frac)=0.000s
[2025-11-07T13:27:02-03:00] <k>=5.20, p=0.052525, px1=0.05, r_kk_obj=+0.50, r_kk_fin=+0.486, ρ_kx_obj=0.11, ρ_kx_fin=+0.119 -> frac=0.000 | t(attrs)=0.005s, t(frac)=0.000s
[2025-11-07T13:27:02-03:00] <k>=5.20, p=0.052525, px1=0.05, r_kk_obj=+0.50, r_kk_fin=+0.486, ρ_kx_obj=0.23, ρ_kx_fin=+0.236 -> frac=0.000 | t(attrs)=0.004s, t(frac)=0.000s
[2025-11-07T13:27:02-03:00] <k>=5.20, p=0.052525, px1=0.05, r_kk_obj=+0.50, r_kk_fin=+0.486, ρ_kx_obj=0.34, ρ_kx_fin=+0.334 -> frac=0.000 | t(attrs)=0.032s, t(frac)=0.000s
[2025-11-07T13:27:02-03:00] <k>=5.20, p=0.052525, px1=0.05, r_kk_obj=+0.50, r_kk_fin=+0.486, ρ_kx_obj=0.46, ρ_kx_fin=+0.451 -> frac=0.000 | t(attrs)=0.067s, t(frac)=0.000s
[2025-11-07T13:27:02-03:00] <k>=5.20, p=0.052525, px1=0.05, r_kk_obj=+0.50, r_kk_fin=+0.486, ρ_kx_obj=0.57, ρ_kx_fin=+0.510 -> frac=0.000 | t(attrs)=4.136s, t(frac)=0.001s
[2025-11-07T13:27:02-03:00] <k>=5.20, p=0.052525, px1=0.05, r_kk_obj=+0.50, r_kk_fin=+0.486, ρ_kx_obj=0.69, ρ_kx_fin=+0.510 -> frac=0.000 | t(attrs)=3.881s, t(frac)=0.000s
[2025-11-07T13:27:02-03:00] <k>=5.20, p=0.052525, px1=0.05, r_kk_obj=+0.50, r_kk_fin=+0.486, ρ_kx_obj=0.80, ρ_kx_fin=+0.510 -> frac=0.000 | t(attrs)=3.135s, t(frac)=0.000s
[2025-11-07T13:27:02-03:00] Curva lista: <k>=5.20, px1=0.05, r_kk_obj=+0.50, r_kk_fin=+0.486, p=0.052525, t_curva=11.76s (t_gen=0.00s, t_rew=0.50s, t_rho_total=11.27s; t_attrs=11.26s, t_frac=0.00s)
[2025-11-07T13:27:05-03:00] Generada red ER: N=100, <k>_obj=2.50, p=0.025253, L=123, tiempo=0.002s
[2025-11-07T13:27:05-03:00] Rewire r_kk: objetivo=+0.00, alcanzado=+0.005, |Δ|=0.005, iters=0, tiempo=0.002s
[2025-11-07T13:27:05-03:00] <k>=2.50, p=0.025253, px1=0.05, r_kk_obj=+0.00, r_kk_fin=+0.005, ρ_kx_obj=0.00, ρ_kx_fin=-0.008 -> frac=0.010 | t(attrs)=0.009s, t(frac)=0.000s
[2025-11-07T13:27:05-03:00] <k>=2.50, p=0.025253, px1=0.05, r_kk_obj=+0.00, r_kk_fin=+0.005, ρ_kx_obj=0.11, ρ_kx_fin=+0.101 -> frac=0.020 | t(attrs)=4.269s, t(frac)=0.000s
[2025-11-07T13:27:05-03:00] <k>=2.50, p=0.025253, px1=0.05, r_kk_obj=+0.00, r_kk_fin=+0.005, ρ_kx_obj=0.23, ρ_kx_fin=+0.238 -> frac=0.030 | t(attrs)=0.006s, t(frac)=0.000s
[2025-11-07T13:27:05-03:00] <k>=2.50, p=0.025253, px1=0.05, r_kk_obj=+0.00, r_kk_fin=+0.005, ρ_kx_obj=0.34, ρ_kx_fin=+0.348 -> frac=0.010 | t(attrs)=0.015s, t(frac)=0.000s
[2025-11-07T13:27:05-03:00] <k>=2.50, p=0.025253, px1=0.05, r_kk_obj=+0.00, r_kk_fin=+0.005, ρ_kx_obj=0.46, ρ_kx_fin=+0.457 -> frac=0.070 | t(attrs)=0.021s, t(frac)=0.000s
[2025-11-07T13:27:05-03:00] <k>=2.50, p=0.025253, px1=0.05, r_kk_obj=+0.00, r_kk_fin=+0.005, ρ_kx_obj=0.57, ρ_kx_fin=+0.485 -> frac=0.050 | t(attrs)=3.748s, t(frac)=0.000s
[2025-11-07T13:27:05-03:00] <k>=2.50, p=0.025253, px1=0.05, r_kk_obj=+0.00, r_kk_fin=+0.005, ρ_kx_obj=0.69, ρ_kx_fin=+0.485 -> frac=0.050 | t(attrs)=3.070s, t(frac)=0.000s
[2025-11-07T13:27:05-03:00] <k>=2.50, p=0.025253, px1=0.05, r_kk_obj=+0.00, r_kk_fin=+0.005, ρ_kx_obj=0.80, ρ_kx_fin=+0.485 -> frac=0.050 | t(attrs)=2.802s, t(frac)=0.000s
[2025-11-07T13:27:05-03:00] Curva lista: <k>=2.50, px1=0.05, r_kk_obj=+0.00, r_kk_fin=+0.005, p=0.025253, t_curva=13.95s (t_gen=0.00s, t_rew=0.00s, t_rho_total=13.94s; t_attrs=13.94s, t_frac=0.00s)
[2025-11-07T13:27:06-03:00] Generada red ER: N=100, <k>_obj=2.50, p=0.025253, L=123, tiempo=0.002s
[2025-11-07T13:27:06-03:00] Rewire r_kk: objetivo=-0.50, alcanzado=-0.490, |Δ|=0.010, iters=151, tiempo=0.275s
[2025-11-07T13:27:06-03:00] <k>=2.50, p=0.025253, px1=0.05, r_kk_obj=-0.50, r_kk_fin=-0.490, ρ_kx_obj=0.00, ρ_kx_fin=-0.008 -> frac=0.000 | t(attrs)=0.005s, t(frac)=0.000s
[2025-11-07T13:27:06-03:00] <k>=2.50, p=0.025253, px1=0.05, r_kk_obj=-0.50, r_kk_fin=-0.490, ρ_kx_obj=0.11, ρ_kx_fin=+0.101 -> frac=0.000 | t(attrs)=4.165s, t(frac)=0.000s
[2025-11-07T13:27:06-03:00] <k>=2.50, p=0.025253, px1=0.05, r_kk_obj=-0.50, r_kk_fin=-0.490, ρ_kx_obj=0.23, ρ_kx_fin=+0.238 -> frac=0.050 | t(attrs)=0.005s, t(frac)=0.000s
[2025-11-07T13:27:06-03:00] <k>=2.50, p=0.025253, px1=0.05, r_kk_obj=-0.50, r_kk_fin=-0.490, ρ_kx_obj=0.34, ρ_kx_fin=+0.348 -> frac=0.070 | t(attrs)=0.030s, t(frac)=0.000s
[2025-11-07T13:27:06-03:00] <k>=2.50, p=0.025253, px1=0.05, r_kk_obj=-0.50, r_kk_fin=-0.490, ρ_kx_obj=0.46, ρ_kx_fin=+0.457 -> frac=0.120 | t(attrs)=0.033s, t(frac)=0.000s
[2025-11-07T13:27:06-03:00] <k>=2.50, p=0.025253, px1=0.05, r_kk_obj=-0.50, r_kk_fin=-0.490, ρ_kx_obj=0.57, ρ_kx_fin=+0.485 -> frac=0.150 | t(attrs)=3.715s, t(frac)=0.000s
[2025-11-07T13:27:06-03:00] <k>=2.50, p=0.025253, px1=0.05, r_kk_obj=-0.50, r_kk_fin=-0.490, ρ_kx_obj=0.69, ρ_kx_fin=+0.485 -> frac=0.150 | t(attrs)=3.135s, t(frac)=0.000s
[2025-11-07T13:27:06-03:00] <k>=2.50, p=0.025253, px1=0.05, r_kk_obj=-0.50, r_kk_fin=-0.490, ρ_kx_obj=0.80, ρ_kx_fin=+0.485 -> frac=0.150 | t(attrs)=2.912s, t(frac)=0.000s
[2025-11-07T13:27:06-03:00] Curva lista: <k>=2.50, px1=0.05, r_kk_obj=-0.50, r_kk_fin=-0.490, p=0.025253, t_curva=14.28s (t_gen=0.00s, t_rew=0.27s, t_rho_total=14.00s; t_attrs=14.00s, t_frac=0.00s)
[2025-11-07T13:27:06-03:00] Generada red ER: N=100, <k>_obj=2.50, p=0.025253, L=123, tiempo=0.002s
[2025-11-07T13:27:06-03:00] Rewire r_kk: objetivo=+0.50, alcanzado=+0.511, |Δ|=0.011, iters=93, tiempo=0.165s
[2025-11-07T13:27:06-03:00] <k>=2.50, p=0.025253, px1=0.05, r_kk_obj=+0.50, r_kk_fin=+0.511, ρ_kx_obj=0.00, ρ_kx_fin=-0.008 -> frac=0.020 | t(attrs)=0.011s, t(frac)=0.000s
[2025-11-07T13:27:06-03:00] <k>=2.50, p=0.025253, px1=0.05, r_kk_obj=+0.50, r_kk_fin=+0.511, ρ_kx_obj=0.11, ρ_kx_fin=+0.101 -> frac=0.000 | t(attrs)=4.374s, t(frac)=0.000s
[2025-11-07T13:27:06-03:00] <k>=2.50, p=0.025253, px1=0.05, r_kk_obj=+0.50, r_kk_fin=+0.511, ρ_kx_obj=0.23, ρ_kx_fin=+0.238 -> frac=0.020 | t(attrs)=0.006s, t(frac)=0.000s
[2025-11-07T13:27:06-03:00] <k>=2.50, p=0.025253, px1=0.05, r_kk_obj=+0.50, r_kk_fin=+0.511, ρ_kx_obj=0.34, ρ_kx_fin=+0.348 -> frac=0.000 | t(attrs)=0.008s, t(frac)=0.000s
[2025-11-07T13:27:06-03:00] <k>=2.50, p=0.025253, px1=0.05, r_kk_obj=+0.50, r_kk_fin=+0.511, ρ_kx_obj=0.46, ρ_kx_fin=+0.457 -> frac=0.000 | t(attrs)=0.077s, t(frac)=0.000s
[2025-11-07T13:27:06-03:00] <k>=2.50, p=0.025253, px1=0.05, r_kk_obj=+0.50, r_kk_fin=+0.511, ρ_kx_obj=0.57, ρ_kx_fin=+0.485 -> frac=0.000 | t(attrs)=3.723s, t(frac)=0.000s
[2025-11-07T13:27:06-03:00] <k>=2.50, p=0.025253, px1=0.05, r_kk_obj=+0.50, r_kk_fin=+0.511, ρ_kx_obj=0.69, ρ_kx_fin=+0.485 -> frac=0.000 | t(attrs)=3.049s, t(frac)=0.000s
[2025-11-07T13:27:06-03:00] <k>=2.50, p=0.025253, px1=0.05, r_kk_obj=+0.50, r_kk_fin=+0.511, ρ_kx_obj=0.80, ρ_kx_fin=+0.485 -> frac=0.000 | t(attrs)=2.930s, t(frac)=0.000s
[2025-11-07T13:27:06-03:00] Curva lista: <k>=2.50, px1=0.05, r_kk_obj=+0.50, r_kk_fin=+0.511, p=0.025253, t_curva=14.35s (t_gen=0.00s, t_rew=0.16s, t_rho_total=14.18s; t_attrs=14.18s, t_frac=0.00s)
[2025-11-07T13:27:06-03:00] Generando figura...
