[2025-11-07T13:33:40-03:00] Ejecutando script: Erdos-Renyi-v2.py | ruta=C:\Users\dcaceres\Documents\Magister\Trimestre 2\CS Redes\Tarea 2\python\Erdos-Renyi-v2.py
[2025-11-07T13:33:40-03:00] Inicio experimento Fig3-ER (paralelo por procesos) | carpeta=run-e2r\251107133340_N10000
[2025-11-07T13:33:40-03:00] Procesos: usados=18, cpu_count=22
[2025-11-07T13:33:40-03:00] Parámetros: N=10000, <k>=[5.2, 2.5], px1=[0.05, 0.1, 0.2], r_kk=[-0.5, 0.0, 0.5], ρ_kx=[np.float64(0.0), np.float64(0.09), np.float64(0.17), np.float64(0.26), np.float64(0.34), np.float64(0.43), np.float64(0.51), np.float64(0.6)], seed=12021974
[2025-11-07T13:34:08-03:00] Generada red ER: N=10000, <k>_obj=5.20, p=0.000520, L=25851, tiempo=6.446s
[2025-11-07T13:34:08-03:00] Rewire r_kk: objetivo=+0.00, alcanzado=-0.002, |Δ|=0.002, iters=0, tiempo=0.218s
[2025-11-07T13:34:08-03:00] <k>=5.20, p=0.000520, px1=0.20, r_kk_obj=+0.00, r_kk_fin=-0.002, ρ_kx_obj=0.00, ρ_kx_fin=-0.004 -> frac=0.047 | t(attrs)=0.001s, t(frac)=0.027s
[2025-11-07T13:34:08-03:00] <k>=5.20, p=0.000520, px1=0.20, r_kk_obj=+0.00, r_kk_fin=-0.002, ρ_kx_obj=0.09, ρ_kx_fin=+0.076 -> frac=0.050 | t(attrs)=0.193s, t(frac)=0.039s
[2025-11-07T13:34:08-03:00] <k>=5.20, p=0.000520, px1=0.20, r_kk_obj=+0.00, r_kk_fin=-0.002, ρ_kx_obj=0.17, ρ_kx_fin=+0.162 -> frac=0.062 | t(attrs)=0.536s, t(frac)=0.037s
[2025-11-07T13:34:08-03:00] <k>=5.20, p=0.000520, px1=0.20, r_kk_obj=+0.00, r_kk_fin=-0.002, ρ_kx_obj=0.26, ρ_kx_fin=+0.247 -> frac=0.074 | t(attrs)=1.247s, t(frac)=0.039s
[2025-11-07T13:34:08-03:00] <k>=5.20, p=0.000520, px1=0.20, r_kk_obj=+0.00, r_kk_fin=-0.002, ρ_kx_obj=0.34, ρ_kx_fin=+0.333 -> frac=0.085 | t(attrs)=1.902s, t(frac)=0.040s
[2025-11-07T13:34:08-03:00] <k>=5.20, p=0.000520, px1=0.20, r_kk_obj=+0.00, r_kk_fin=-0.002, ρ_kx_obj=0.43, ρ_kx_fin=+0.419 -> frac=0.098 | t(attrs)=2.907s, t(frac)=0.038s
[2025-11-07T13:34:08-03:00] <k>=5.20, p=0.000520, px1=0.20, r_kk_obj=+0.00, r_kk_fin=-0.002, ρ_kx_obj=0.51, ρ_kx_fin=+0.504 -> frac=0.116 | t(attrs)=4.791s, t(frac)=0.052s
[2025-11-07T13:34:08-03:00] <k>=5.20, p=0.000520, px1=0.20, r_kk_obj=+0.00, r_kk_fin=-0.002, ρ_kx_obj=0.60, ρ_kx_fin=+0.532 -> frac=0.118 | t(attrs)=4.970s, t(frac)=0.051s
[2025-11-07T13:34:08-03:00] Curva lista: <k>=5.20, px1=0.20, r_kk_obj=+0.00, r_kk_fin=-0.002, p=0.000520, t_curva=23.55s (t_gen=6.45s, t_rew=0.22s, t_rho_total=16.87s; t_attrs=16.55s, t_frac=0.32s)
[2025-11-07T13:34:08-03:00] Generada red ER: N=10000, <k>_obj=5.20, p=0.000520, L=25851, tiempo=6.350s
[2025-11-07T13:34:08-03:00] Rewire r_kk: objetivo=+0.00, alcanzado=-0.002, |Δ|=0.002, iters=0, tiempo=0.211s
[2025-11-07T13:34:08-03:00] <k>=5.20, p=0.000520, px1=0.10, r_kk_obj=+0.00, r_kk_fin=-0.002, ρ_kx_obj=0.00, ρ_kx_fin=-0.005 -> frac=0.010 | t(attrs)=0.002s, t(frac)=0.026s
[2025-11-07T13:34:08-03:00] <k>=5.20, p=0.000520, px1=0.10, r_kk_obj=+0.00, r_kk_fin=-0.002, ρ_kx_obj=0.09, ρ_kx_fin=+0.076 -> frac=0.014 | t(attrs)=0.187s, t(frac)=0.036s
[2025-11-07T13:34:08-03:00] <k>=5.20, p=0.000520, px1=0.10, r_kk_obj=+0.00, r_kk_fin=-0.002, ρ_kx_obj=0.17, ρ_kx_fin=+0.162 -> frac=0.016 | t(attrs)=0.615s, t(frac)=0.035s
[2025-11-07T13:34:08-03:00] <k>=5.20, p=0.000520, px1=0.10, r_kk_obj=+0.00, r_kk_fin=-0.002, ρ_kx_obj=0.26, ρ_kx_fin=+0.247 -> frac=0.018 | t(attrs)=0.987s, t(frac)=0.039s
[2025-11-07T13:34:08-03:00] <k>=5.20, p=0.000520, px1=0.10, r_kk_obj=+0.00, r_kk_fin=-0.002, ρ_kx_obj=0.34, ρ_kx_fin=+0.333 -> frac=0.020 | t(attrs)=1.552s, t(frac)=0.032s
[2025-11-07T13:34:08-03:00] <k>=5.20, p=0.000520, px1=0.10, r_kk_obj=+0.00, r_kk_fin=-0.002, ρ_kx_obj=0.43, ρ_kx_fin=+0.419 -> frac=0.026 | t(attrs)=3.217s, t(frac)=0.039s
[2025-11-07T13:34:08-03:00] <k>=5.20, p=0.000520, px1=0.10, r_kk_obj=+0.00, r_kk_fin=-0.002, ρ_kx_obj=0.51, ρ_kx_fin=+0.484 -> frac=0.028 | t(attrs)=5.146s, t(frac)=0.040s
[2025-11-07T13:34:08-03:00] <k>=5.20, p=0.000520, px1=0.10, r_kk_obj=+0.00, r_kk_fin=-0.002, ρ_kx_obj=0.60, ρ_kx_fin=+0.508 -> frac=0.030 | t(attrs)=5.472s, t(frac)=0.048s
[2025-11-07T13:34:08-03:00] Curva lista: <k>=5.20, px1=0.10, r_kk_obj=+0.00, r_kk_fin=-0.002, p=0.000520, t_curva=24.05s (t_gen=6.35s, t_rew=0.21s, t_rho_total=17.47s; t_attrs=17.18s, t_frac=0.30s)
[2025-11-07T13:34:08-03:00] Generada red ER: N=10000, <k>_obj=2.50, p=0.000250, L=12479, tiempo=6.406s
[2025-11-07T13:34:08-03:00] Rewire r_kk: objetivo=+0.00, alcanzado=+0.002, |Δ|=0.002, iters=0, tiempo=0.093s
[2025-11-07T13:34:08-03:00] <k>=2.50, p=0.000250, px1=0.05, r_kk_obj=+0.00, r_kk_fin=+0.002, ρ_kx_obj=0.00, ρ_kx_fin=-0.002 -> frac=0.013 | t(attrs)=0.001s, t(frac)=0.027s
[2025-11-07T13:34:08-03:00] <k>=2.50, p=0.000250, px1=0.05, r_kk_obj=+0.00, r_kk_fin=+0.002, ρ_kx_obj=0.09, ρ_kx_fin=+0.076 -> frac=0.017 | t(attrs)=0.153s, t(frac)=0.032s
[2025-11-07T13:34:08-03:00] <k>=2.50, p=0.000250, px1=0.05, r_kk_obj=+0.00, r_kk_fin=+0.002, ρ_kx_obj=0.17, ρ_kx_fin=+0.162 -> frac=0.020 | t(attrs)=0.455s, t(frac)=0.038s
[2025-11-07T13:34:08-03:00] <k>=2.50, p=0.000250, px1=0.05, r_kk_obj=+0.00, r_kk_fin=+0.002, ρ_kx_obj=0.26, ρ_kx_fin=+0.247 -> frac=0.024 | t(attrs)=0.689s, t(frac)=0.030s
[2025-11-07T13:34:08-03:00] <k>=2.50, p=0.000250, px1=0.05, r_kk_obj=+0.00, r_kk_fin=+0.002, ρ_kx_obj=0.34, ρ_kx_fin=+0.334 -> frac=0.029 | t(attrs)=1.439s, t(frac)=0.023s
[2025-11-07T13:34:08-03:00] <k>=2.50, p=0.000250, px1=0.05, r_kk_obj=+0.00, r_kk_fin=+0.002, ρ_kx_obj=0.43, ρ_kx_fin=+0.419 -> frac=0.036 | t(attrs)=3.954s, t(frac)=0.034s
[2025-11-07T13:34:08-03:00] <k>=2.50, p=0.000250, px1=0.05, r_kk_obj=+0.00, r_kk_fin=+0.002, ρ_kx_obj=0.51, ρ_kx_fin=+0.436 -> frac=0.036 | t(attrs)=4.851s, t(frac)=0.041s
[2025-11-07T13:34:08-03:00] <k>=2.50, p=0.000250, px1=0.05, r_kk_obj=+0.00, r_kk_fin=+0.002, ρ_kx_obj=0.60, ρ_kx_fin=+0.448 -> frac=0.035 | t(attrs)=5.631s, t(frac)=0.035s
[2025-11-07T13:34:08-03:00] Curva lista: <k>=2.50, px1=0.05, r_kk_obj=+0.00, r_kk_fin=+0.002, p=0.000250, t_curva=24.00s (t_gen=6.41s, t_rew=0.09s, t_rho_total=17.43s; t_attrs=17.17s, t_frac=0.26s)
[2025-11-07T13:34:09-03:00] Generada red ER: N=10000, <k>_obj=2.50, p=0.000250, L=12479, tiempo=6.381s
[2025-11-07T13:34:09-03:00] Rewire r_kk: objetivo=+0.00, alcanzado=+0.002, |Δ|=0.002, iters=0, tiempo=0.114s
[2025-11-07T13:34:09-03:00] <k>=2.50, p=0.000250, px1=0.20, r_kk_obj=+0.00, r_kk_fin=+0.002, ρ_kx_obj=0.00, ρ_kx_fin=-0.010 -> frac=0.083 | t(attrs)=0.023s, t(frac)=0.032s
[2025-11-07T13:34:09-03:00] <k>=2.50, p=0.000250, px1=0.20, r_kk_obj=+0.00, r_kk_fin=+0.002, ρ_kx_obj=0.09, ρ_kx_fin=+0.076 -> frac=0.091 | t(attrs)=0.226s, t(frac)=0.027s
[2025-11-07T13:34:09-03:00] <k>=2.50, p=0.000250, px1=0.20, r_kk_obj=+0.00, r_kk_fin=+0.002, ρ_kx_obj=0.17, ρ_kx_fin=+0.161 -> frac=0.111 | t(attrs)=0.715s, t(frac)=0.030s
[2025-11-07T13:34:09-03:00] <k>=2.50, p=0.000250, px1=0.20, r_kk_obj=+0.00, r_kk_fin=+0.002, ρ_kx_obj=0.26, ρ_kx_fin=+0.248 -> frac=0.126 | t(attrs)=1.108s, t(frac)=0.033s
[2025-11-07T13:34:09-03:00] <k>=2.50, p=0.000250, px1=0.20, r_kk_obj=+0.00, r_kk_fin=+0.002, ρ_kx_obj=0.34, ρ_kx_fin=+0.333 -> frac=0.144 | t(attrs)=2.049s, t(frac)=0.027s
[2025-11-07T13:34:09-03:00] <k>=2.50, p=0.000250, px1=0.20, r_kk_obj=+0.00, r_kk_fin=+0.002, ρ_kx_obj=0.43, ρ_kx_fin=+0.419 -> frac=0.165 | t(attrs)=3.094s, t(frac)=0.035s
[2025-11-07T13:34:09-03:00] <k>=2.50, p=0.000250, px1=0.20, r_kk_obj=+0.00, r_kk_fin=+0.002, ρ_kx_obj=0.51, ρ_kx_fin=+0.505 -> frac=0.183 | t(attrs)=4.801s, t(frac)=0.036s
[2025-11-07T13:34:09-03:00] <k>=2.50, p=0.000250, px1=0.20, r_kk_obj=+0.00, r_kk_fin=+0.002, ρ_kx_obj=0.60, ρ_kx_fin=+0.535 -> frac=0.189 | t(attrs)=5.142s, t(frac)=0.035s
[2025-11-07T13:34:09-03:00] Curva lista: <k>=2.50, px1=0.20, r_kk_obj=+0.00, r_kk_fin=+0.002, p=0.000250, t_curva=23.98s (t_gen=6.38s, t_rew=0.11s, t_rho_total=17.41s; t_attrs=17.16s, t_frac=0.26s)
[2025-11-07T13:34:09-03:00] Generada red ER: N=10000, <k>_obj=2.50, p=0.000250, L=12479, tiempo=6.338s
[2025-11-07T13:34:09-03:00] Rewire r_kk: objetivo=+0.00, alcanzado=+0.002, |Δ|=0.002, iters=0, tiempo=0.111s
[2025-11-07T13:34:09-03:00] <k>=2.50, p=0.000250, px1=0.10, r_kk_obj=+0.00, r_kk_fin=+0.002, ρ_kx_obj=0.00, ρ_kx_fin=+0.007 -> frac=0.029 | t(attrs)=0.002s, t(frac)=0.029s
[2025-11-07T13:34:09-03:00] <k>=2.50, p=0.000250, px1=0.10, r_kk_obj=+0.00, r_kk_fin=+0.002, ρ_kx_obj=0.09, ρ_kx_fin=+0.076 -> frac=0.038 | t(attrs)=0.256s, t(frac)=0.035s
[2025-11-07T13:34:09-03:00] <k>=2.50, p=0.000250, px1=0.10, r_kk_obj=+0.00, r_kk_fin=+0.002, ρ_kx_obj=0.17, ρ_kx_fin=+0.161 -> frac=0.045 | t(attrs)=0.647s, t(frac)=0.022s
[2025-11-07T13:34:09-03:00] <k>=2.50, p=0.000250, px1=0.10, r_kk_obj=+0.00, r_kk_fin=+0.002, ρ_kx_obj=0.26, ρ_kx_fin=+0.248 -> frac=0.051 | t(attrs)=0.908s, t(frac)=0.026s
[2025-11-07T13:34:09-03:00] <k>=2.50, p=0.000250, px1=0.10, r_kk_obj=+0.00, r_kk_fin=+0.002, ρ_kx_obj=0.34, ρ_kx_fin=+0.333 -> frac=0.063 | t(attrs)=1.370s, t(frac)=0.026s
[2025-11-07T13:34:09-03:00] <k>=2.50, p=0.000250, px1=0.10, r_kk_obj=+0.00, r_kk_fin=+0.002, ρ_kx_obj=0.43, ρ_kx_fin=+0.419 -> frac=0.065 | t(attrs)=3.311s, t(frac)=0.052s
[2025-11-07T13:34:09-03:00] <k>=2.50, p=0.000250, px1=0.10, r_kk_obj=+0.00, r_kk_fin=+0.002, ρ_kx_obj=0.51, ρ_kx_fin=+0.496 -> frac=0.080 | t(attrs)=5.474s, t(frac)=0.044s
[2025-11-07T13:34:09-03:00] <k>=2.50, p=0.000250, px1=0.10, r_kk_obj=+0.00, r_kk_fin=+0.002, ρ_kx_obj=0.60, ρ_kx_fin=+0.501 -> frac=0.077 | t(attrs)=5.399s, t(frac)=0.027s
[2025-11-07T13:34:09-03:00] Curva lista: <k>=2.50, px1=0.10, r_kk_obj=+0.00, r_kk_fin=+0.002, p=0.000250, t_curva=24.15s (t_gen=6.34s, t_rew=0.11s, t_rho_total=17.63s; t_attrs=17.37s, t_frac=0.26s)
[2025-11-07T13:34:09-03:00] Generada red ER: N=10000, <k>_obj=5.20, p=0.000520, L=25851, tiempo=6.864s
[2025-11-07T13:34:09-03:00] Rewire r_kk: objetivo=+0.00, alcanzado=-0.002, |Δ|=0.002, iters=0, tiempo=0.182s
[2025-11-07T13:34:09-03:00] <k>=5.20, p=0.000520, px1=0.05, r_kk_obj=+0.00, r_kk_fin=-0.002, ρ_kx_obj=0.00, ρ_kx_fin=+0.006 -> frac=0.004 | t(attrs)=0.001s, t(frac)=0.031s
[2025-11-07T13:34:09-03:00] <k>=5.20, p=0.000520, px1=0.05, r_kk_obj=+0.00, r_kk_fin=-0.002, ρ_kx_obj=0.09, ρ_kx_fin=+0.076 -> frac=0.004 | t(attrs)=0.230s, t(frac)=0.036s
[2025-11-07T13:34:09-03:00] <k>=5.20, p=0.000520, px1=0.05, r_kk_obj=+0.00, r_kk_fin=-0.002, ρ_kx_obj=0.17, ρ_kx_fin=+0.161 -> frac=0.005 | t(attrs)=0.442s, t(frac)=0.033s
[2025-11-07T13:34:09-03:00] <k>=5.20, p=0.000520, px1=0.05, r_kk_obj=+0.00, r_kk_fin=-0.002, ρ_kx_obj=0.26, ρ_kx_fin=+0.247 -> frac=0.006 | t(attrs)=0.903s, t(frac)=0.039s
[2025-11-07T13:34:09-03:00] <k>=5.20, p=0.000520, px1=0.05, r_kk_obj=+0.00, r_kk_fin=-0.002, ρ_kx_obj=0.34, ρ_kx_fin=+0.333 -> frac=0.007 | t(attrs)=1.663s, t(frac)=0.039s
[2025-11-07T13:34:09-03:00] <k>=5.20, p=0.000520, px1=0.05, r_kk_obj=+0.00, r_kk_fin=-0.002, ρ_kx_obj=0.43, ρ_kx_fin=+0.419 -> frac=0.009 | t(attrs)=4.253s, t(frac)=0.040s
[2025-11-07T13:34:09-03:00] <k>=5.20, p=0.000520, px1=0.05, r_kk_obj=+0.00, r_kk_fin=-0.002, ρ_kx_obj=0.51, ρ_kx_fin=+0.434 -> frac=0.009 | t(attrs)=5.686s, t(frac)=0.038s
[2025-11-07T13:34:09-03:00] <k>=5.20, p=0.000520, px1=0.05, r_kk_obj=+0.00, r_kk_fin=-0.002, ρ_kx_obj=0.60, ρ_kx_fin=+0.423 -> frac=0.009 | t(attrs)=5.104s, t(frac)=0.027s
[2025-11-07T13:34:09-03:00] Curva lista: <k>=5.20, px1=0.05, r_kk_obj=+0.00, r_kk_fin=-0.002, p=0.000520, t_curva=25.63s (t_gen=6.86s, t_rew=0.18s, t_rho_total=18.57s; t_attrs=18.28s, t_frac=0.28s)
