[2025-11-07T12:14:06-03:00] Ejecutando script: Erdos-Renyi-v2.py | ruta=C:\Users\dcaceres\Documents\Magister\Trimestre 2\CS Redes\Tarea 2\python\Erdos-Renyi-v2.py
[2025-11-07T12:14:06-03:00] Inicio experimento Fig3-ER (paralelo por procesos) | carpeta=run-e2r\251107121406_N1000
[2025-11-07T12:14:06-03:00] Procesos: usados=18, cpu_count=22
[2025-11-07T12:14:06-03:00] Parámetros: N=1000, <k>=[5.2, 2.5], px1=[0.05, 0.1, 0.2, 0.5], r_kk=[-0.5, 0.0, 0.5], ρ_kx=[np.float64(0.0), np.float64(0.11), np.float64(0.23), np.float64(0.34), np.float64(0.46), np.float64(0.57), np.float64(0.69), np.float64(0.8)], seed=12021974
[2025-11-07T12:14:16-03:00] Generada red ER: N=1000, <k>_obj=5.20, p=0.005205, L=2603, tiempo=0.060s
[2025-11-07T12:14:16-03:00] Rewire r_kk: objetivo=+0.00, alcanzado=-0.001, |Δ|=0.001, iters=0, tiempo=0.014s
[2025-11-07T12:14:16-03:00] <k>=5.20, p=0.005205, px1=0.50, r_kk_obj=+0.00, r_kk_fin=-0.001, ρ_kx_obj=0.00, ρ_kx_fin=-0.010 -> frac=0.414 | t(attrs)=0.018s, t(frac)=0.005s
[2025-11-07T12:14:16-03:00] <k>=5.20, p=0.005205, px1=0.50, r_kk_obj=+0.00, r_kk_fin=-0.001, ρ_kx_obj=0.11, ρ_kx_fin=+0.105 -> frac=0.464 | t(attrs)=0.060s, t(frac)=0.004s
[2025-11-07T12:14:16-03:00] <k>=5.20, p=0.005205, px1=0.50, r_kk_obj=+0.00, r_kk_fin=-0.001, ρ_kx_obj=0.23, ρ_kx_fin=+0.219 -> frac=0.491 | t(attrs)=0.099s, t(frac)=0.004s
[2025-11-07T12:14:16-03:00] <k>=5.20, p=0.005205, px1=0.50, r_kk_obj=+0.00, r_kk_fin=-0.001, ρ_kx_obj=0.34, ρ_kx_fin=+0.334 -> frac=0.548 | t(attrs)=0.153s, t(frac)=0.003s
[2025-11-07T12:14:16-03:00] <k>=5.20, p=0.005205, px1=0.50, r_kk_obj=+0.00, r_kk_fin=-0.001, ρ_kx_obj=0.46, ρ_kx_fin=+0.449 -> frac=0.578 | t(attrs)=0.273s, t(frac)=0.004s
[2025-11-07T12:14:16-03:00] <k>=5.20, p=0.005205, px1=0.50, r_kk_obj=+0.00, r_kk_fin=-0.001, ρ_kx_obj=0.57, ρ_kx_fin=+0.562 -> frac=0.638 | t(attrs)=0.472s, t(frac)=0.005s
[2025-11-07T12:14:16-03:00] <k>=5.20, p=0.005205, px1=0.50, r_kk_obj=+0.00, r_kk_fin=-0.001, ρ_kx_obj=0.69, ρ_kx_fin=+0.676 -> frac=0.684 | t(attrs)=0.756s, t(frac)=0.003s
[2025-11-07T12:14:16-03:00] <k>=5.20, p=0.005205, px1=0.50, r_kk_obj=+0.00, r_kk_fin=-0.001, ρ_kx_obj=0.80, ρ_kx_fin=+0.775 -> frac=0.711 | t(attrs)=4.172s, t(frac)=0.005s
[2025-11-07T12:14:16-03:00] Curva lista: <k>=5.20, px1=0.50, r_kk_obj=+0.00, r_kk_fin=-0.001, p=0.005205, t_curva=6.11s (t_gen=0.06s, t_rew=0.01s, t_rho_total=6.04s; t_attrs=6.00s, t_frac=0.03s)
[2025-11-07T12:14:16-03:00] Generada red ER: N=1000, <k>_obj=5.20, p=0.005205, L=2603, tiempo=0.070s
[2025-11-07T12:14:16-03:00] Rewire r_kk: objetivo=+0.00, alcanzado=-0.001, |Δ|=0.001, iters=0, tiempo=0.024s
[2025-11-07T12:14:16-03:00] <k>=5.20, p=0.005205, px1=0.20, r_kk_obj=+0.00, r_kk_fin=-0.001, ρ_kx_obj=0.00, ρ_kx_fin=-0.008 -> frac=0.044 | t(attrs)=0.006s, t(frac)=0.004s
[2025-11-07T12:14:16-03:00] <k>=5.20, p=0.005205, px1=0.20, r_kk_obj=+0.00, r_kk_fin=-0.001, ρ_kx_obj=0.11, ρ_kx_fin=+0.105 -> frac=0.061 | t(attrs)=0.032s, t(frac)=0.003s
[2025-11-07T12:14:16-03:00] <k>=5.20, p=0.005205, px1=0.20, r_kk_obj=+0.00, r_kk_fin=-0.001, ρ_kx_obj=0.23, ρ_kx_fin=+0.220 -> frac=0.066 | t(attrs)=0.070s, t(frac)=0.005s
[2025-11-07T12:14:16-03:00] <k>=5.20, p=0.005205, px1=0.20, r_kk_obj=+0.00, r_kk_fin=-0.001, ρ_kx_obj=0.34, ρ_kx_fin=+0.333 -> frac=0.085 | t(attrs)=0.142s, t(frac)=0.003s
[2025-11-07T12:14:16-03:00] <k>=5.20, p=0.005205, px1=0.20, r_kk_obj=+0.00, r_kk_fin=-0.001, ρ_kx_obj=0.46, ρ_kx_fin=+0.448 -> frac=0.108 | t(attrs)=0.227s, t(frac)=0.003s
[2025-11-07T12:14:16-03:00] <k>=5.20, p=0.005205, px1=0.20, r_kk_obj=+0.00, r_kk_fin=-0.001, ρ_kx_obj=0.57, ρ_kx_fin=+0.562 -> frac=0.116 | t(attrs)=0.432s, t(frac)=0.004s
[2025-11-07T12:14:16-03:00] <k>=5.20, p=0.005205, px1=0.20, r_kk_obj=+0.00, r_kk_fin=-0.001, ρ_kx_obj=0.69, ρ_kx_fin=+0.677 -> frac=0.138 | t(attrs)=0.970s, t(frac)=0.004s
[2025-11-07T12:14:16-03:00] <k>=5.20, p=0.005205, px1=0.20, r_kk_obj=+0.00, r_kk_fin=-0.001, ρ_kx_obj=0.80, ρ_kx_fin=+0.731 -> frac=0.147 | t(attrs)=4.430s, t(frac)=0.005s
[2025-11-07T12:14:16-03:00] Curva lista: <k>=5.20, px1=0.20, r_kk_obj=+0.00, r_kk_fin=-0.001, p=0.005205, t_curva=6.44s (t_gen=0.07s, t_rew=0.02s, t_rho_total=6.34s; t_attrs=6.31s, t_frac=0.03s)
[2025-11-07T12:14:22-03:00] Generada red ER: N=1000, <k>_obj=5.20, p=0.005205, L=2603, tiempo=0.075s
[2025-11-07T12:14:22-03:00] Rewire r_kk: objetivo=+0.00, alcanzado=-0.001, |Δ|=0.001, iters=0, tiempo=0.012s
[2025-11-07T12:14:22-03:00] <k>=5.20, p=0.005205, px1=0.10, r_kk_obj=+0.00, r_kk_fin=-0.001, ρ_kx_obj=0.00, ρ_kx_fin=-0.007 -> frac=0.008 | t(attrs)=0.003s, t(frac)=0.003s
[2025-11-07T12:14:22-03:00] <k>=5.20, p=0.005205, px1=0.10, r_kk_obj=+0.00, r_kk_fin=-0.001, ρ_kx_obj=0.11, ρ_kx_fin=+0.107 -> frac=0.013 | t(attrs)=0.019s, t(frac)=0.003s
[2025-11-07T12:14:22-03:00] <k>=5.20, p=0.005205, px1=0.10, r_kk_obj=+0.00, r_kk_fin=-0.001, ρ_kx_obj=0.23, ρ_kx_fin=+0.220 -> frac=0.016 | t(attrs)=0.066s, t(frac)=0.003s
[2025-11-07T12:14:22-03:00] <k>=5.20, p=0.005205, px1=0.10, r_kk_obj=+0.00, r_kk_fin=-0.001, ρ_kx_obj=0.34, ρ_kx_fin=+0.335 -> frac=0.023 | t(attrs)=0.091s, t(frac)=0.003s
[2025-11-07T12:14:22-03:00] <k>=5.20, p=0.005205, px1=0.10, r_kk_obj=+0.00, r_kk_fin=-0.001, ρ_kx_obj=0.46, ρ_kx_fin=+0.454 -> frac=0.031 | t(attrs)=0.236s, t(frac)=0.002s
[2025-11-07T12:14:22-03:00] <k>=5.20, p=0.005205, px1=0.10, r_kk_obj=+0.00, r_kk_fin=-0.001, ρ_kx_obj=0.57, ρ_kx_fin=+0.562 -> frac=0.029 | t(attrs)=0.649s, t(frac)=0.005s
[2025-11-07T12:14:22-03:00] <k>=5.20, p=0.005205, px1=0.10, r_kk_obj=+0.00, r_kk_fin=-0.001, ρ_kx_obj=0.69, ρ_kx_fin=+0.628 -> frac=0.040 | t(attrs)=3.871s, t(frac)=0.005s
[2025-11-07T12:14:22-03:00] <k>=5.20, p=0.005205, px1=0.10, r_kk_obj=+0.00, r_kk_fin=-0.001, ρ_kx_obj=0.80, ρ_kx_fin=+0.628 -> frac=0.030 | t(attrs)=7.325s, t(frac)=0.004s
[2025-11-07T12:14:22-03:00] Curva lista: <k>=5.20, px1=0.10, r_kk_obj=+0.00, r_kk_fin=-0.001, p=0.005205, t_curva=12.38s (t_gen=0.07s, t_rew=0.01s, t_rho_total=12.29s; t_attrs=12.26s, t_frac=0.03s)
[2025-11-07T12:14:24-03:00] Generada red ER: N=1000, <k>_obj=2.50, p=0.002503, L=1286, tiempo=0.096s
[2025-11-07T12:14:24-03:00] Rewire r_kk: objetivo=+0.00, alcanzado=+0.014, |Δ|=0.014, iters=34, tiempo=0.596s
[2025-11-07T12:14:24-03:00] <k>=2.50, p=0.002503, px1=0.10, r_kk_obj=+0.00, r_kk_fin=+0.014, ρ_kx_obj=0.00, ρ_kx_fin=+0.008 -> frac=0.033 | t(attrs)=0.005s, t(frac)=0.003s
[2025-11-07T12:14:24-03:00] <k>=2.50, p=0.002503, px1=0.10, r_kk_obj=+0.00, r_kk_fin=+0.014, ρ_kx_obj=0.11, ρ_kx_fin=+0.105 -> frac=0.031 | t(attrs)=0.023s, t(frac)=0.003s
[2025-11-07T12:14:24-03:00] <k>=2.50, p=0.002503, px1=0.10, r_kk_obj=+0.00, r_kk_fin=+0.014, ρ_kx_obj=0.23, ρ_kx_fin=+0.219 -> frac=0.048 | t(attrs)=0.049s, t(frac)=0.003s
[2025-11-07T12:14:24-03:00] <k>=2.50, p=0.002503, px1=0.10, r_kk_obj=+0.00, r_kk_fin=+0.014, ρ_kx_obj=0.34, ρ_kx_fin=+0.339 -> frac=0.067 | t(attrs)=0.104s, t(frac)=0.003s
[2025-11-07T12:14:24-03:00] <k>=2.50, p=0.002503, px1=0.10, r_kk_obj=+0.00, r_kk_fin=+0.014, ρ_kx_obj=0.46, ρ_kx_fin=+0.449 -> frac=0.079 | t(attrs)=0.260s, t(frac)=0.003s
[2025-11-07T12:14:24-03:00] <k>=2.50, p=0.002503, px1=0.10, r_kk_obj=+0.00, r_kk_fin=+0.014, ρ_kx_obj=0.57, ρ_kx_fin=+0.563 -> frac=0.097 | t(attrs)=0.508s, t(frac)=0.003s
[2025-11-07T12:14:24-03:00] <k>=2.50, p=0.002503, px1=0.10, r_kk_obj=+0.00, r_kk_fin=+0.014, ρ_kx_obj=0.69, ρ_kx_fin=+0.639 -> frac=0.096 | t(attrs)=4.332s, t(frac)=0.002s
[2025-11-07T12:14:24-03:00] <k>=2.50, p=0.002503, px1=0.10, r_kk_obj=+0.00, r_kk_fin=+0.014, ρ_kx_obj=0.80, ρ_kx_fin=+0.643 -> frac=0.093 | t(attrs)=7.741s, t(frac)=0.003s
[2025-11-07T12:14:24-03:00] Curva lista: <k>=2.50, px1=0.10, r_kk_obj=+0.00, r_kk_fin=+0.014, p=0.002503, t_curva=13.74s (t_gen=0.10s, t_rew=0.60s, t_rho_total=13.05s; t_attrs=13.02s, t_frac=0.02s)
[2025-11-07T12:14:26-03:00] Generada red ER: N=1000, <k>_obj=5.20, p=0.005205, L=2603, tiempo=0.053s
[2025-11-07T12:14:26-03:00] Rewire r_kk: objetivo=+0.00, alcanzado=-0.001, |Δ|=0.001, iters=0, tiempo=0.010s
[2025-11-07T12:14:26-03:00] <k>=5.20, p=0.005205, px1=0.05, r_kk_obj=+0.00, r_kk_fin=-0.001, ρ_kx_obj=0.00, ρ_kx_fin=-0.009 -> frac=0.000 | t(attrs)=0.007s, t(frac)=0.003s
[2025-11-07T12:14:26-03:00] <k>=5.20, p=0.005205, px1=0.05, r_kk_obj=+0.00, r_kk_fin=-0.001, ρ_kx_obj=0.11, ρ_kx_fin=+0.105 -> frac=0.001 | t(attrs)=0.014s, t(frac)=0.002s
[2025-11-07T12:14:26-03:00] <k>=5.20, p=0.005205, px1=0.05, r_kk_obj=+0.00, r_kk_fin=-0.001, ρ_kx_obj=0.23, ρ_kx_fin=+0.222 -> frac=0.010 | t(attrs)=0.049s, t(frac)=0.002s
[2025-11-07T12:14:26-03:00] <k>=5.20, p=0.005205, px1=0.05, r_kk_obj=+0.00, r_kk_fin=-0.001, ρ_kx_obj=0.34, ρ_kx_fin=+0.334 -> frac=0.006 | t(attrs)=0.121s, t(frac)=0.004s
[2025-11-07T12:14:26-03:00] <k>=5.20, p=0.005205, px1=0.05, r_kk_obj=+0.00, r_kk_fin=-0.001, ρ_kx_obj=0.46, ρ_kx_fin=+0.448 -> frac=0.011 | t(attrs)=0.437s, t(frac)=0.003s
[2025-11-07T12:14:26-03:00] <k>=5.20, p=0.005205, px1=0.05, r_kk_obj=+0.00, r_kk_fin=-0.001, ρ_kx_obj=0.57, ρ_kx_fin=+0.515 -> frac=0.009 | t(attrs)=3.738s, t(frac)=0.005s
[2025-11-07T12:14:26-03:00] <k>=5.20, p=0.005205, px1=0.05, r_kk_obj=+0.00, r_kk_fin=-0.001, ρ_kx_obj=0.69, ρ_kx_fin=+0.517 -> frac=0.009 | t(attrs)=6.177s, t(frac)=0.007s
[2025-11-07T12:14:26-03:00] <k>=5.20, p=0.005205, px1=0.05, r_kk_obj=+0.00, r_kk_fin=-0.001, ρ_kx_obj=0.80, ρ_kx_fin=+0.515 -> frac=0.010 | t(attrs)=6.160s, t(frac)=0.011s
[2025-11-07T12:14:26-03:00] Curva lista: <k>=5.20, px1=0.05, r_kk_obj=+0.00, r_kk_fin=-0.001, p=0.005205, t_curva=16.81s (t_gen=0.05s, t_rew=0.01s, t_rho_total=16.74s; t_attrs=16.70s, t_frac=0.04s)
[2025-11-07T12:14:27-03:00] Generada red ER: N=1000, <k>_obj=2.50, p=0.002503, L=1286, tiempo=0.080s
[2025-11-07T12:14:27-03:00] Rewire r_kk: objetivo=+0.00, alcanzado=+0.014, |Δ|=0.014, iters=34, tiempo=1.121s
[2025-11-07T12:14:27-03:00] <k>=2.50, p=0.002503, px1=0.20, r_kk_obj=+0.00, r_kk_fin=+0.014, ρ_kx_obj=0.00, ρ_kx_fin=+0.004 -> frac=0.075 | t(attrs)=0.001s, t(frac)=0.005s
[2025-11-07T12:14:27-03:00] <k>=2.50, p=0.002503, px1=0.20, r_kk_obj=+0.00, r_kk_fin=+0.014, ρ_kx_obj=0.11, ρ_kx_fin=+0.105 -> frac=0.088 | t(attrs)=0.071s, t(frac)=0.003s
[2025-11-07T12:14:27-03:00] <k>=2.50, p=0.002503, px1=0.20, r_kk_obj=+0.00, r_kk_fin=+0.014, ρ_kx_obj=0.23, ρ_kx_fin=+0.219 -> frac=0.118 | t(attrs)=0.220s, t(frac)=0.003s
[2025-11-07T12:14:27-03:00] <k>=2.50, p=0.002503, px1=0.20, r_kk_obj=+0.00, r_kk_fin=+0.014, ρ_kx_obj=0.34, ρ_kx_fin=+0.338 -> frac=0.137 | t(attrs)=0.228s, t(frac)=0.005s
[2025-11-07T12:14:27-03:00] <k>=2.50, p=0.002503, px1=0.20, r_kk_obj=+0.00, r_kk_fin=+0.014, ρ_kx_obj=0.46, ρ_kx_fin=+0.449 -> frac=0.177 | t(attrs)=0.435s, t(frac)=0.004s
[2025-11-07T12:14:27-03:00] <k>=2.50, p=0.002503, px1=0.20, r_kk_obj=+0.00, r_kk_fin=+0.014, ρ_kx_obj=0.57, ρ_kx_fin=+0.562 -> frac=0.197 | t(attrs)=1.035s, t(frac)=0.006s
[2025-11-07T12:14:27-03:00] <k>=2.50, p=0.002503, px1=0.20, r_kk_obj=+0.00, r_kk_fin=+0.014, ρ_kx_obj=0.69, ρ_kx_fin=+0.676 -> frac=0.210 | t(attrs)=2.318s, t(frac)=0.003s
[2025-11-07T12:14:27-03:00] <k>=2.50, p=0.002503, px1=0.20, r_kk_obj=+0.00, r_kk_fin=+0.014, ρ_kx_obj=0.80, ρ_kx_fin=+0.722 -> frac=0.242 | t(attrs)=5.304s, t(frac)=0.004s
[2025-11-07T12:14:27-03:00] Curva lista: <k>=2.50, px1=0.20, r_kk_obj=+0.00, r_kk_fin=+0.014, p=0.002503, t_curva=10.85s (t_gen=0.08s, t_rew=1.12s, t_rho_total=9.64s; t_attrs=9.61s, t_frac=0.03s)
[2025-11-07T12:14:28-03:00] Generada red ER: N=1000, <k>_obj=2.50, p=0.002503, L=1286, tiempo=0.065s
[2025-11-07T12:14:28-03:00] Rewire r_kk: objetivo=+0.00, alcanzado=+0.014, |Δ|=0.014, iters=34, tiempo=0.610s
[2025-11-07T12:14:28-03:00] <k>=2.50, p=0.002503, px1=0.05, r_kk_obj=+0.00, r_kk_fin=+0.014, ρ_kx_obj=0.00, ρ_kx_fin=-0.002 -> frac=0.016 | t(attrs)=0.001s, t(frac)=0.003s
[2025-11-07T12:14:28-03:00] <k>=2.50, p=0.002503, px1=0.05, r_kk_obj=+0.00, r_kk_fin=+0.014, ρ_kx_obj=0.11, ρ_kx_fin=+0.106 -> frac=0.016 | t(attrs)=0.014s, t(frac)=0.003s
[2025-11-07T12:14:28-03:00] <k>=2.50, p=0.002503, px1=0.05, r_kk_obj=+0.00, r_kk_fin=+0.014, ρ_kx_obj=0.23, ρ_kx_fin=+0.219 -> frac=0.020 | t(attrs)=0.066s, t(frac)=0.003s
[2025-11-07T12:14:28-03:00] <k>=2.50, p=0.002503, px1=0.05, r_kk_obj=+0.00, r_kk_fin=+0.014, ρ_kx_obj=0.34, ρ_kx_fin=+0.335 -> frac=0.031 | t(attrs)=0.168s, t(frac)=0.003s
[2025-11-07T12:14:28-03:00] <k>=2.50, p=0.002503, px1=0.05, r_kk_obj=+0.00, r_kk_fin=+0.014, ρ_kx_obj=0.46, ρ_kx_fin=+0.451 -> frac=0.040 | t(attrs)=0.373s, t(frac)=0.003s
[2025-11-07T12:14:28-03:00] <k>=2.50, p=0.002503, px1=0.05, r_kk_obj=+0.00, r_kk_fin=+0.014, ρ_kx_obj=0.57, ρ_kx_fin=+0.532 -> frac=0.034 | t(attrs)=3.929s, t(frac)=0.003s
[2025-11-07T12:14:28-03:00] <k>=2.50, p=0.002503, px1=0.05, r_kk_obj=+0.00, r_kk_fin=+0.014, ρ_kx_obj=0.69, ρ_kx_fin=+0.527 -> frac=0.035 | t(attrs)=6.966s, t(frac)=0.004s
[2025-11-07T12:14:28-03:00] <k>=2.50, p=0.002503, px1=0.05, r_kk_obj=+0.00, r_kk_fin=+0.014, ρ_kx_obj=0.80, ρ_kx_fin=+0.532 -> frac=0.037 | t(attrs)=6.255s, t(frac)=0.006s
[2025-11-07T12:14:28-03:00] Curva lista: <k>=2.50, px1=0.05, r_kk_obj=+0.00, r_kk_fin=+0.014, p=0.002503, t_curva=18.47s (t_gen=0.06s, t_rew=0.61s, t_rho_total=17.80s; t_attrs=17.77s, t_frac=0.03s)
[2025-11-07T12:14:41-03:00] Generada red ER: N=1000, <k>_obj=2.50, p=0.002503, L=1286, tiempo=0.100s
[2025-11-07T12:14:41-03:00] Rewire r_kk: objetivo=+0.00, alcanzado=+0.014, |Δ|=0.014, iters=34, tiempo=0.981s
[2025-11-07T12:14:41-03:00] <k>=2.50, p=0.002503, px1=0.50, r_kk_obj=+0.00, r_kk_fin=+0.014, ρ_kx_obj=0.00, ρ_kx_fin=+0.009 -> frac=0.380 | t(attrs)=0.012s, t(frac)=0.003s
[2025-11-07T12:14:41-03:00] <k>=2.50, p=0.002503, px1=0.50, r_kk_obj=+0.00, r_kk_fin=+0.014, ρ_kx_obj=0.11, ρ_kx_fin=+0.105 -> frac=0.414 | t(attrs)=0.068s, t(frac)=0.005s
[2025-11-07T12:14:41-03:00] <k>=2.50, p=0.002503, px1=0.50, r_kk_obj=+0.00, r_kk_fin=+0.014, ρ_kx_obj=0.23, ρ_kx_fin=+0.219 -> frac=0.440 | t(attrs)=0.179s, t(frac)=0.010s
[2025-11-07T12:14:41-03:00] <k>=2.50, p=0.002503, px1=0.50, r_kk_obj=+0.00, r_kk_fin=+0.014, ρ_kx_obj=0.34, ρ_kx_fin=+0.338 -> frac=0.506 | t(attrs)=0.368s, t(frac)=0.002s
[2025-11-07T12:14:41-03:00] <k>=2.50, p=0.002503, px1=0.50, r_kk_obj=+0.00, r_kk_fin=+0.014, ρ_kx_obj=0.46, ρ_kx_fin=+0.448 -> frac=0.549 | t(attrs)=0.682s, t(frac)=0.005s
[2025-11-07T12:14:41-03:00] <k>=2.50, p=0.002503, px1=0.50, r_kk_obj=+0.00, r_kk_fin=+0.014, ρ_kx_obj=0.57, ρ_kx_fin=+0.562 -> frac=0.592 | t(attrs)=0.915s, t(frac)=0.004s
[2025-11-07T12:14:41-03:00] <k>=2.50, p=0.002503, px1=0.50, r_kk_obj=+0.00, r_kk_fin=+0.014, ρ_kx_obj=0.69, ρ_kx_fin=+0.677 -> frac=0.636 | t(attrs)=2.068s, t(frac)=0.005s
[2025-11-07T12:14:41-03:00] <k>=2.50, p=0.002503, px1=0.50, r_kk_obj=+0.00, r_kk_fin=+0.014, ρ_kx_obj=0.80, ρ_kx_fin=+0.787 -> frac=0.671 | t(attrs)=10.248s, t(frac)=0.005s
[2025-11-07T12:14:41-03:00] Curva lista: <k>=2.50, px1=0.50, r_kk_obj=+0.00, r_kk_fin=+0.014, p=0.002503, t_curva=15.66s (t_gen=0.10s, t_rew=0.98s, t_rho_total=14.58s; t_attrs=14.54s, t_frac=0.04s)
[2025-11-07T12:15:17-03:00] Generada red ER: N=1000, <k>_obj=2.50, p=0.002503, L=1286, tiempo=0.085s
[2025-11-07T12:15:17-03:00] Rewire r_kk: objetivo=+0.50, alcanzado=+0.485, |Δ|=0.015, iters=1090, tiempo=26.949s
[2025-11-07T12:15:17-03:00] <k>=2.50, p=0.002503, px1=0.05, r_kk_obj=+0.50, r_kk_fin=+0.485, ρ_kx_obj=0.00, ρ_kx_fin=+0.010 -> frac=0.009 | t(attrs)=0.005s, t(frac)=0.006s
[2025-11-07T12:15:17-03:00] <k>=2.50, p=0.002503, px1=0.05, r_kk_obj=+0.50, r_kk_fin=+0.485, ρ_kx_obj=0.11, ρ_kx_fin=+0.109 -> frac=0.012 | t(attrs)=0.081s, t(frac)=0.005s
[2025-11-07T12:15:17-03:00] <k>=2.50, p=0.002503, px1=0.05, r_kk_obj=+0.50, r_kk_fin=+0.485, ρ_kx_obj=0.23, ρ_kx_fin=+0.219 -> frac=0.013 | t(attrs)=0.109s, t(frac)=0.008s
[2025-11-07T12:15:17-03:00] <k>=2.50, p=0.002503, px1=0.05, r_kk_obj=+0.50, r_kk_fin=+0.485, ρ_kx_obj=0.34, ρ_kx_fin=+0.335 -> frac=0.016 | t(attrs)=0.302s, t(frac)=0.004s
[2025-11-07T12:15:17-03:00] <k>=2.50, p=0.002503, px1=0.05, r_kk_obj=+0.50, r_kk_fin=+0.485, ρ_kx_obj=0.46, ρ_kx_fin=+0.451 -> frac=0.012 | t(attrs)=0.977s, t(frac)=0.009s
[2025-11-07T12:15:17-03:00] <k>=2.50, p=0.002503, px1=0.05, r_kk_obj=+0.50, r_kk_fin=+0.485, ρ_kx_obj=0.57, ρ_kx_fin=+0.529 -> frac=0.022 | t(attrs)=8.554s, t(frac)=0.010s
[2025-11-07T12:15:17-03:00] <k>=2.50, p=0.002503, px1=0.05, r_kk_obj=+0.50, r_kk_fin=+0.485, ρ_kx_obj=0.69, ρ_kx_fin=+0.532 -> frac=0.018 | t(attrs)=9.588s, t(frac)=0.006s
[2025-11-07T12:15:17-03:00] <k>=2.50, p=0.002503, px1=0.05, r_kk_obj=+0.50, r_kk_fin=+0.485, ρ_kx_obj=0.80, ρ_kx_fin=+0.529 -> frac=0.019 | t(attrs)=20.644s, t(frac)=0.040s
[2025-11-07T12:15:17-03:00] Curva lista: <k>=2.50, px1=0.05, r_kk_obj=+0.50, r_kk_fin=+0.485, p=0.002503, t_curva=67.39s (t_gen=0.08s, t_rew=26.95s, t_rho_total=40.35s; t_attrs=40.26s, t_frac=0.09s)
[2025-11-07T12:15:18-03:00] Generada red ER: N=1000, <k>_obj=2.50, p=0.002503, L=1286, tiempo=0.077s
[2025-11-07T12:15:18-03:00] Rewire r_kk: objetivo=+0.50, alcanzado=+0.485, |Δ|=0.015, iters=1090, tiempo=33.314s
[2025-11-07T12:15:18-03:00] <k>=2.50, p=0.002503, px1=0.10, r_kk_obj=+0.50, r_kk_fin=+0.485, ρ_kx_obj=0.00, ρ_kx_fin=+0.008 -> frac=0.025 | t(attrs)=0.004s, t(frac)=0.006s
[2025-11-07T12:15:18-03:00] <k>=2.50, p=0.002503, px1=0.10, r_kk_obj=+0.50, r_kk_fin=+0.485, ρ_kx_obj=0.11, ρ_kx_fin=+0.107 -> frac=0.032 | t(attrs)=0.105s, t(frac)=0.011s
[2025-11-07T12:15:18-03:00] <k>=2.50, p=0.002503, px1=0.10, r_kk_obj=+0.50, r_kk_fin=+0.485, ρ_kx_obj=0.23, ρ_kx_fin=+0.221 -> frac=0.047 | t(attrs)=0.171s, t(frac)=0.007s
[2025-11-07T12:15:18-03:00] <k>=2.50, p=0.002503, px1=0.10, r_kk_obj=+0.50, r_kk_fin=+0.485, ρ_kx_obj=0.34, ρ_kx_fin=+0.335 -> frac=0.028 | t(attrs)=0.238s, t(frac)=0.005s
[2025-11-07T12:15:18-03:00] <k>=2.50, p=0.002503, px1=0.10, r_kk_obj=+0.50, r_kk_fin=+0.485, ρ_kx_obj=0.46, ρ_kx_fin=+0.449 -> frac=0.050 | t(attrs)=0.605s, t(frac)=0.015s
[2025-11-07T12:15:18-03:00] <k>=2.50, p=0.002503, px1=0.10, r_kk_obj=+0.50, r_kk_fin=+0.485, ρ_kx_obj=0.57, ρ_kx_fin=+0.563 -> frac=0.060 | t(attrs)=2.064s, t(frac)=0.006s
[2025-11-07T12:15:18-03:00] <k>=2.50, p=0.002503, px1=0.10, r_kk_obj=+0.50, r_kk_fin=+0.485, ρ_kx_obj=0.69, ρ_kx_fin=+0.643 -> frac=0.064 | t(attrs)=9.328s, t(frac)=0.005s
[2025-11-07T12:15:18-03:00] <k>=2.50, p=0.002503, px1=0.10, r_kk_obj=+0.50, r_kk_fin=+0.485, ρ_kx_obj=0.80, ρ_kx_fin=+0.639 -> frac=0.059 | t(attrs)=21.635s, t(frac)=0.022s
[2025-11-07T12:15:18-03:00] Curva lista: <k>=2.50, px1=0.10, r_kk_obj=+0.50, r_kk_fin=+0.485, p=0.002503, t_curva=67.62s (t_gen=0.08s, t_rew=33.31s, t_rho_total=34.23s; t_attrs=34.15s, t_frac=0.08s)
[2025-11-07T12:15:32-03:00] Generada red ER: N=1000, <k>_obj=2.50, p=0.002503, L=1286, tiempo=0.075s
[2025-11-07T12:15:32-03:00] Rewire r_kk: objetivo=-0.50, alcanzado=-0.485, |Δ|=0.015, iters=1432, tiempo=38.927s
[2025-11-07T12:15:32-03:00] <k>=2.50, p=0.002503, px1=0.10, r_kk_obj=-0.50, r_kk_fin=-0.485, ρ_kx_obj=0.00, ρ_kx_fin=+0.006 -> frac=0.034 | t(attrs)=0.008s, t(frac)=0.008s
[2025-11-07T12:15:32-03:00] <k>=2.50, p=0.002503, px1=0.10, r_kk_obj=-0.50, r_kk_fin=-0.485, ρ_kx_obj=0.11, ρ_kx_fin=+0.107 -> frac=0.048 | t(attrs)=0.037s, t(frac)=0.005s
[2025-11-07T12:15:32-03:00] <k>=2.50, p=0.002503, px1=0.10, r_kk_obj=-0.50, r_kk_fin=-0.485, ρ_kx_obj=0.23, ρ_kx_fin=+0.219 -> frac=0.068 | t(attrs)=0.204s, t(frac)=0.006s
[2025-11-07T12:15:32-03:00] <k>=2.50, p=0.002503, px1=0.10, r_kk_obj=-0.50, r_kk_fin=-0.485, ρ_kx_obj=0.34, ρ_kx_fin=+0.335 -> frac=0.100 | t(attrs)=0.343s, t(frac)=0.005s
[2025-11-07T12:15:32-03:00] <k>=2.50, p=0.002503, px1=0.10, r_kk_obj=-0.50, r_kk_fin=-0.485, ρ_kx_obj=0.46, ρ_kx_fin=+0.449 -> frac=0.113 | t(attrs)=0.699s, t(frac)=0.007s
[2025-11-07T12:15:32-03:00] <k>=2.50, p=0.002503, px1=0.10, r_kk_obj=-0.50, r_kk_fin=-0.485, ρ_kx_obj=0.57, ρ_kx_fin=+0.565 -> frac=0.157 | t(attrs)=1.723s, t(frac)=0.008s
[2025-11-07T12:15:32-03:00] <k>=2.50, p=0.002503, px1=0.10, r_kk_obj=-0.50, r_kk_fin=-0.485, ρ_kx_obj=0.69, ρ_kx_fin=+0.639 -> frac=0.178 | t(attrs)=11.070s, t(frac)=0.009s
[2025-11-07T12:15:32-03:00] <k>=2.50, p=0.002503, px1=0.10, r_kk_obj=-0.50, r_kk_fin=-0.485, ρ_kx_obj=0.80, ρ_kx_fin=+0.643 -> frac=0.180 | t(attrs)=28.911s, t(frac)=0.017s
[2025-11-07T12:15:32-03:00] Curva lista: <k>=2.50, px1=0.10, r_kk_obj=-0.50, r_kk_fin=-0.485, p=0.002503, t_curva=82.07s (t_gen=0.08s, t_rew=38.93s, t_rho_total=43.06s; t_attrs=43.00s, t_frac=0.06s)
[2025-11-07T12:15:38-03:00] Generada red ER: N=1000, <k>_obj=2.50, p=0.002503, L=1286, tiempo=0.092s
[2025-11-07T12:15:38-03:00] Rewire r_kk: objetivo=+0.50, alcanzado=+0.485, |Δ|=0.015, iters=1090, tiempo=38.351s
[2025-11-07T12:15:38-03:00] <k>=2.50, p=0.002503, px1=0.20, r_kk_obj=+0.50, r_kk_fin=+0.485, ρ_kx_obj=0.00, ρ_kx_fin=+0.009 -> frac=0.073 | t(attrs)=0.010s, t(frac)=0.006s
[2025-11-07T12:15:38-03:00] <k>=2.50, p=0.002503, px1=0.20, r_kk_obj=+0.50, r_kk_fin=+0.485, ρ_kx_obj=0.11, ρ_kx_fin=+0.105 -> frac=0.091 | t(attrs)=0.147s, t(frac)=0.026s
[2025-11-07T12:15:38-03:00] <k>=2.50, p=0.002503, px1=0.20, r_kk_obj=+0.50, r_kk_fin=+0.485, ρ_kx_obj=0.23, ρ_kx_fin=+0.219 -> frac=0.099 | t(attrs)=0.289s, t(frac)=0.006s
[2025-11-07T12:15:38-03:00] <k>=2.50, p=0.002503, px1=0.20, r_kk_obj=+0.50, r_kk_fin=+0.485, ρ_kx_obj=0.34, ρ_kx_fin=+0.336 -> frac=0.107 | t(attrs)=0.484s, t(frac)=0.014s
[2025-11-07T12:15:38-03:00] <k>=2.50, p=0.002503, px1=0.20, r_kk_obj=+0.50, r_kk_fin=+0.485, ρ_kx_obj=0.46, ρ_kx_fin=+0.449 -> frac=0.133 | t(attrs)=1.008s, t(frac)=0.009s
[2025-11-07T12:15:38-03:00] <k>=2.50, p=0.002503, px1=0.20, r_kk_obj=+0.50, r_kk_fin=+0.485, ρ_kx_obj=0.57, ρ_kx_fin=+0.564 -> frac=0.152 | t(attrs)=3.423s, t(frac)=0.014s
[2025-11-07T12:15:38-03:00] <k>=2.50, p=0.002503, px1=0.20, r_kk_obj=+0.50, r_kk_fin=+0.485, ρ_kx_obj=0.69, ρ_kx_fin=+0.678 -> frac=0.185 | t(attrs)=7.528s, t(frac)=0.018s
[2025-11-07T12:15:38-03:00] <k>=2.50, p=0.002503, px1=0.20, r_kk_obj=+0.50, r_kk_fin=+0.485, ρ_kx_obj=0.80, ρ_kx_fin=+0.733 -> frac=0.189 | t(attrs)=25.202s, t(frac)=0.009s
[2025-11-07T12:15:38-03:00] Curva lista: <k>=2.50, px1=0.20, r_kk_obj=+0.50, r_kk_fin=+0.485, p=0.002503, t_curva=76.64s (t_gen=0.09s, t_rew=38.35s, t_rho_total=38.19s; t_attrs=38.09s, t_frac=0.10s)
[2025-11-07T12:15:40-03:00] Generada red ER: N=1000, <k>_obj=2.50, p=0.002503, L=1286, tiempo=0.079s
[2025-11-07T12:15:41-03:00] Rewire r_kk: objetivo=+0.50, alcanzado=+0.485, |Δ|=0.015, iters=1090, tiempo=39.647s
[2025-11-07T12:15:41-03:00] <k>=2.50, p=0.002503, px1=0.50, r_kk_obj=+0.50, r_kk_fin=+0.485, ρ_kx_obj=0.00, ρ_kx_fin=+0.009 -> frac=0.374 | t(attrs)=0.024s, t(frac)=0.007s
[2025-11-07T12:15:41-03:00] <k>=2.50, p=0.002503, px1=0.50, r_kk_obj=+0.50, r_kk_fin=+0.485, ρ_kx_obj=0.11, ρ_kx_fin=+0.105 -> frac=0.392 | t(attrs)=0.187s, t(frac)=0.009s
[2025-11-07T12:15:41-03:00] <k>=2.50, p=0.002503, px1=0.50, r_kk_obj=+0.50, r_kk_fin=+0.485, ρ_kx_obj=0.23, ρ_kx_fin=+0.220 -> frac=0.444 | t(attrs)=0.300s, t(frac)=0.005s
[2025-11-07T12:15:41-03:00] <k>=2.50, p=0.002503, px1=0.50, r_kk_obj=+0.50, r_kk_fin=+0.485, ρ_kx_obj=0.34, ρ_kx_fin=+0.335 -> frac=0.457 | t(attrs)=0.629s, t(frac)=0.025s
[2025-11-07T12:15:41-03:00] <k>=2.50, p=0.002503, px1=0.50, r_kk_obj=+0.50, r_kk_fin=+0.485, ρ_kx_obj=0.46, ρ_kx_fin=+0.448 -> frac=0.494 | t(attrs)=2.244s, t(frac)=0.028s
[2025-11-07T12:15:41-03:00] <k>=2.50, p=0.002503, px1=0.50, r_kk_obj=+0.50, r_kk_fin=+0.485, ρ_kx_obj=0.57, ρ_kx_fin=+0.562 -> frac=0.531 | t(attrs)=4.340s, t(frac)=0.007s
[2025-11-07T12:15:41-03:00] <k>=2.50, p=0.002503, px1=0.50, r_kk_obj=+0.50, r_kk_fin=+0.485, ρ_kx_obj=0.69, ρ_kx_fin=+0.677 -> frac=0.554 | t(attrs)=8.092s, t(frac)=0.020s
[2025-11-07T12:15:41-03:00] <k>=2.50, p=0.002503, px1=0.50, r_kk_obj=+0.50, r_kk_fin=+0.485, ρ_kx_obj=0.80, ρ_kx_fin=+0.778 -> frac=0.580 | t(attrs)=17.932s, t(frac)=0.005s
[2025-11-07T12:15:41-03:00] Curva lista: <k>=2.50, px1=0.50, r_kk_obj=+0.50, r_kk_fin=+0.485, p=0.002503, t_curva=73.59s (t_gen=0.08s, t_rew=39.65s, t_rho_total=33.85s; t_attrs=33.75s, t_frac=0.11s)
[2025-11-07T12:15:42-03:00] Generada red ER: N=1000, <k>_obj=2.50, p=0.002503, L=1286, tiempo=0.082s
[2025-11-07T12:15:42-03:00] Rewire r_kk: objetivo=-0.50, alcanzado=-0.485, |Δ|=0.015, iters=1432, tiempo=38.489s
[2025-11-07T12:15:42-03:00] <k>=2.50, p=0.002503, px1=0.05, r_kk_obj=-0.50, r_kk_fin=-0.485, ρ_kx_obj=0.00, ρ_kx_fin=-0.002 -> frac=0.010 | t(attrs)=0.001s, t(frac)=0.005s
[2025-11-07T12:15:42-03:00] <k>=2.50, p=0.002503, px1=0.05, r_kk_obj=-0.50, r_kk_fin=-0.485, ρ_kx_obj=0.11, ρ_kx_fin=+0.106 -> frac=0.014 | t(attrs)=0.091s, t(frac)=0.005s
[2025-11-07T12:15:42-03:00] <k>=2.50, p=0.002503, px1=0.05, r_kk_obj=-0.50, r_kk_fin=-0.485, ρ_kx_obj=0.23, ρ_kx_fin=+0.219 -> frac=0.030 | t(attrs)=0.097s, t(frac)=0.007s
[2025-11-07T12:15:42-03:00] <k>=2.50, p=0.002503, px1=0.05, r_kk_obj=-0.50, r_kk_fin=-0.485, ρ_kx_obj=0.34, ρ_kx_fin=+0.338 -> frac=0.048 | t(attrs)=0.306s, t(frac)=0.005s
[2025-11-07T12:15:42-03:00] <k>=2.50, p=0.002503, px1=0.05, r_kk_obj=-0.50, r_kk_fin=-0.485, ρ_kx_obj=0.46, ρ_kx_fin=+0.448 -> frac=0.079 | t(attrs)=1.193s, t(frac)=0.004s
[2025-11-07T12:15:42-03:00] <k>=2.50, p=0.002503, px1=0.05, r_kk_obj=-0.50, r_kk_fin=-0.485, ρ_kx_obj=0.57, ρ_kx_fin=+0.532 -> frac=0.099 | t(attrs)=10.652s, t(frac)=0.009s
[2025-11-07T12:15:42-03:00] <k>=2.50, p=0.002503, px1=0.05, r_kk_obj=-0.50, r_kk_fin=-0.485, ρ_kx_obj=0.69, ρ_kx_fin=+0.529 -> frac=0.093 | t(attrs)=27.262s, t(frac)=0.021s
[2025-11-07T12:15:42-03:00] <k>=2.50, p=0.002503, px1=0.05, r_kk_obj=-0.50, r_kk_fin=-0.485, ρ_kx_obj=0.80, ρ_kx_fin=+0.527 -> frac=0.098 | t(attrs)=13.965s, t(frac)=0.005s
[2025-11-07T12:15:42-03:00] Curva lista: <k>=2.50, px1=0.05, r_kk_obj=-0.50, r_kk_fin=-0.485, p=0.002503, t_curva=92.20s (t_gen=0.08s, t_rew=38.49s, t_rho_total=53.63s; t_attrs=53.57s, t_frac=0.06s)
[2025-11-07T12:15:45-03:00] Generada red ER: N=1000, <k>_obj=2.50, p=0.002503, L=1286, tiempo=0.096s
[2025-11-07T12:15:45-03:00] Rewire r_kk: objetivo=-0.50, alcanzado=-0.485, |Δ|=0.015, iters=1432, tiempo=65.358s
[2025-11-07T12:15:45-03:00] <k>=2.50, p=0.002503, px1=0.20, r_kk_obj=-0.50, r_kk_fin=-0.485, ρ_kx_obj=0.00, ρ_kx_fin=-0.009 -> frac=0.078 | t(attrs)=0.147s, t(frac)=0.023s
[2025-11-07T12:15:45-03:00] <k>=2.50, p=0.002503, px1=0.20, r_kk_obj=-0.50, r_kk_fin=-0.485, ρ_kx_obj=0.11, ρ_kx_fin=+0.105 -> frac=0.096 | t(attrs)=0.384s, t(frac)=0.013s
[2025-11-07T12:15:45-03:00] <k>=2.50, p=0.002503, px1=0.20, r_kk_obj=-0.50, r_kk_fin=-0.485, ρ_kx_obj=0.23, ρ_kx_fin=+0.222 -> frac=0.161 | t(attrs)=0.631s, t(frac)=0.011s
[2025-11-07T12:15:45-03:00] <k>=2.50, p=0.002503, px1=0.20, r_kk_obj=-0.50, r_kk_fin=-0.485, ρ_kx_obj=0.34, ρ_kx_fin=+0.335 -> frac=0.177 | t(attrs)=0.613s, t(frac)=0.010s
[2025-11-07T12:15:45-03:00] <k>=2.50, p=0.002503, px1=0.20, r_kk_obj=-0.50, r_kk_fin=-0.485, ρ_kx_obj=0.46, ρ_kx_fin=+0.450 -> frac=0.206 | t(attrs)=2.797s, t(frac)=0.026s
[2025-11-07T12:15:45-03:00] <k>=2.50, p=0.002503, px1=0.20, r_kk_obj=-0.50, r_kk_fin=-0.485, ρ_kx_obj=0.57, ρ_kx_fin=+0.564 -> frac=0.258 | t(attrs)=3.523s, t(frac)=0.033s
[2025-11-07T12:15:45-03:00] <k>=2.50, p=0.002503, px1=0.20, r_kk_obj=-0.50, r_kk_fin=-0.485, ρ_kx_obj=0.69, ρ_kx_fin=+0.679 -> frac=0.314 | t(attrs)=5.376s, t(frac)=0.049s
[2025-11-07T12:15:45-03:00] <k>=2.50, p=0.002503, px1=0.20, r_kk_obj=-0.50, r_kk_fin=-0.485, ρ_kx_obj=0.80, ρ_kx_fin=+0.732 -> frac=0.336 | t(attrs)=9.825s, t(frac)=0.005s
[2025-11-07T12:15:45-03:00] Curva lista: <k>=2.50, px1=0.20, r_kk_obj=-0.50, r_kk_fin=-0.485, p=0.002503, t_curva=88.93s (t_gen=0.10s, t_rew=65.36s, t_rho_total=23.47s; t_attrs=23.30s, t_frac=0.17s)
[2025-11-07T12:15:51-03:00] Generada red ER: N=1000, <k>_obj=2.50, p=0.002503, L=1286, tiempo=0.091s
[2025-11-07T12:15:51-03:00] Rewire r_kk: objetivo=-0.50, alcanzado=-0.485, |Δ|=0.015, iters=1432, tiempo=76.641s
[2025-11-07T12:15:51-03:00] <k>=2.50, p=0.002503, px1=0.50, r_kk_obj=-0.50, r_kk_fin=-0.485, ρ_kx_obj=0.00, ρ_kx_fin=+0.009 -> frac=0.368 | t(attrs)=0.017s, t(frac)=0.007s
[2025-11-07T12:15:51-03:00] <k>=2.50, p=0.002503, px1=0.50, r_kk_obj=-0.50, r_kk_fin=-0.485, ρ_kx_obj=0.11, ρ_kx_fin=+0.105 -> frac=0.428 | t(attrs)=0.082s, t(frac)=0.008s
[2025-11-07T12:15:51-03:00] <k>=2.50, p=0.002503, px1=0.50, r_kk_obj=-0.50, r_kk_fin=-0.485, ρ_kx_obj=0.23, ρ_kx_fin=+0.219 -> frac=0.477 | t(attrs)=0.240s, t(frac)=0.005s
[2025-11-07T12:15:51-03:00] <k>=2.50, p=0.002503, px1=0.50, r_kk_obj=-0.50, r_kk_fin=-0.485, ρ_kx_obj=0.34, ρ_kx_fin=+0.337 -> frac=0.541 | t(attrs)=0.252s, t(frac)=0.003s
[2025-11-07T12:15:51-03:00] <k>=2.50, p=0.002503, px1=0.50, r_kk_obj=-0.50, r_kk_fin=-0.485, ρ_kx_obj=0.46, ρ_kx_fin=+0.448 -> frac=0.591 | t(attrs)=0.520s, t(frac)=0.005s
[2025-11-07T12:15:51-03:00] <k>=2.50, p=0.002503, px1=0.50, r_kk_obj=-0.50, r_kk_fin=-0.485, ρ_kx_obj=0.57, ρ_kx_fin=+0.562 -> frac=0.636 | t(attrs)=0.960s, t(frac)=0.009s
[2025-11-07T12:15:51-03:00] <k>=2.50, p=0.002503, px1=0.50, r_kk_obj=-0.50, r_kk_fin=-0.485, ρ_kx_obj=0.69, ρ_kx_fin=+0.678 -> frac=0.701 | t(attrs)=1.726s, t(frac)=0.008s
[2025-11-07T12:15:51-03:00] <k>=2.50, p=0.002503, px1=0.50, r_kk_obj=-0.50, r_kk_fin=-0.485, ρ_kx_obj=0.80, ρ_kx_fin=+0.791 -> frac=0.750 | t(attrs)=7.118s, t(frac)=0.004s
[2025-11-07T12:15:51-03:00] Curva lista: <k>=2.50, px1=0.50, r_kk_obj=-0.50, r_kk_fin=-0.485, p=0.002503, t_curva=87.70s (t_gen=0.09s, t_rew=76.64s, t_rho_total=10.96s; t_attrs=10.91s, t_frac=0.05s)
[2025-11-07T12:16:14-03:00] Generada red ER: N=1000, <k>_obj=5.20, p=0.005205, L=2603, tiempo=0.086s
[2025-11-07T12:16:14-03:00] Rewire r_kk: objetivo=+0.50, alcanzado=+0.486, |Δ|=0.014, iters=2433, tiempo=115.941s
[2025-11-07T12:16:14-03:00] <k>=5.20, p=0.005205, px1=0.20, r_kk_obj=+0.50, r_kk_fin=+0.486, ρ_kx_obj=0.00, ρ_kx_fin=+0.008 -> frac=0.050 | t(attrs)=0.022s, t(frac)=0.008s
[2025-11-07T12:16:14-03:00] <k>=5.20, p=0.005205, px1=0.20, r_kk_obj=+0.50, r_kk_fin=+0.486, ρ_kx_obj=0.11, ρ_kx_fin=+0.106 -> frac=0.042 | t(attrs)=0.064s, t(frac)=0.006s
[2025-11-07T12:16:14-03:00] <k>=5.20, p=0.005205, px1=0.20, r_kk_obj=+0.50, r_kk_fin=+0.486, ρ_kx_obj=0.23, ρ_kx_fin=+0.224 -> frac=0.064 | t(attrs)=0.155s, t(frac)=0.006s
[2025-11-07T12:16:14-03:00] <k>=5.20, p=0.005205, px1=0.20, r_kk_obj=+0.50, r_kk_fin=+0.486, ρ_kx_obj=0.34, ρ_kx_fin=+0.333 -> frac=0.066 | t(attrs)=0.244s, t(frac)=0.009s
[2025-11-07T12:16:14-03:00] <k>=5.20, p=0.005205, px1=0.20, r_kk_obj=+0.50, r_kk_fin=+0.486, ρ_kx_obj=0.46, ρ_kx_fin=+0.447 -> frac=0.090 | t(attrs)=0.449s, t(frac)=0.008s
[2025-11-07T12:16:14-03:00] <k>=5.20, p=0.005205, px1=0.20, r_kk_obj=+0.50, r_kk_fin=+0.486, ρ_kx_obj=0.57, ρ_kx_fin=+0.562 -> frac=0.115 | t(attrs)=0.678s, t(frac)=0.006s
[2025-11-07T12:16:14-03:00] <k>=5.20, p=0.005205, px1=0.20, r_kk_obj=+0.50, r_kk_fin=+0.486, ρ_kx_obj=0.69, ρ_kx_fin=+0.676 -> frac=0.149 | t(attrs)=1.365s, t(frac)=0.005s
[2025-11-07T12:16:14-03:00] <k>=5.20, p=0.005205, px1=0.20, r_kk_obj=+0.50, r_kk_fin=+0.486, ρ_kx_obj=0.80, ρ_kx_fin=+0.730 -> frac=0.164 | t(attrs)=5.651s, t(frac)=0.006s
[2025-11-07T12:16:14-03:00] Curva lista: <k>=5.20, px1=0.20, r_kk_obj=+0.50, r_kk_fin=+0.486, p=0.005205, t_curva=124.71s (t_gen=0.09s, t_rew=115.94s, t_rho_total=8.68s; t_attrs=8.63s, t_frac=0.05s)
[2025-11-07T12:16:15-03:00] Generada red ER: N=1000, <k>_obj=5.20, p=0.005205, L=2603, tiempo=0.074s
[2025-11-07T12:16:15-03:00] Rewire r_kk: objetivo=+0.50, alcanzado=+0.486, |Δ|=0.014, iters=2433, tiempo=116.227s
[2025-11-07T12:16:15-03:00] <k>=5.20, p=0.005205, px1=0.50, r_kk_obj=+0.50, r_kk_fin=+0.486, ρ_kx_obj=0.00, ρ_kx_fin=+0.006 -> frac=0.417 | t(attrs)=0.001s, t(frac)=0.005s
[2025-11-07T12:16:15-03:00] <k>=5.20, p=0.005205, px1=0.50, r_kk_obj=+0.50, r_kk_fin=+0.486, ρ_kx_obj=0.11, ρ_kx_fin=+0.105 -> frac=0.437 | t(attrs)=0.047s, t(frac)=0.006s
[2025-11-07T12:16:15-03:00] <k>=5.20, p=0.005205, px1=0.50, r_kk_obj=+0.50, r_kk_fin=+0.486, ρ_kx_obj=0.23, ρ_kx_fin=+0.220 -> frac=0.501 | t(attrs)=0.184s, t(frac)=0.008s
[2025-11-07T12:16:15-03:00] <k>=5.20, p=0.005205, px1=0.50, r_kk_obj=+0.50, r_kk_fin=+0.486, ρ_kx_obj=0.34, ρ_kx_fin=+0.341 -> frac=0.522 | t(attrs)=0.309s, t(frac)=0.006s
[2025-11-07T12:16:15-03:00] <k>=5.20, p=0.005205, px1=0.50, r_kk_obj=+0.50, r_kk_fin=+0.486, ρ_kx_obj=0.46, ρ_kx_fin=+0.448 -> frac=0.545 | t(attrs)=0.466s, t(frac)=0.006s
[2025-11-07T12:16:15-03:00] <k>=5.20, p=0.005205, px1=0.50, r_kk_obj=+0.50, r_kk_fin=+0.486, ρ_kx_obj=0.57, ρ_kx_fin=+0.562 -> frac=0.564 | t(attrs)=0.650s, t(frac)=0.006s
[2025-11-07T12:16:15-03:00] <k>=5.20, p=0.005205, px1=0.50, r_kk_obj=+0.50, r_kk_fin=+0.486, ρ_kx_obj=0.69, ρ_kx_fin=+0.677 -> frac=0.572 | t(attrs)=1.105s, t(frac)=0.007s
[2025-11-07T12:16:15-03:00] <k>=5.20, p=0.005205, px1=0.50, r_kk_obj=+0.50, r_kk_fin=+0.486, ρ_kx_obj=0.80, ρ_kx_fin=+0.776 -> frac=0.586 | t(attrs)=5.604s, t(frac)=0.006s
[2025-11-07T12:16:15-03:00] Curva lista: <k>=5.20, px1=0.50, r_kk_obj=+0.50, r_kk_fin=+0.486, p=0.005205, t_curva=124.72s (t_gen=0.07s, t_rew=116.23s, t_rho_total=8.41s; t_attrs=8.37s, t_frac=0.05s)
[2025-11-07T12:16:21-03:00] Generada red ER: N=1000, <k>_obj=5.20, p=0.005205, L=2603, tiempo=0.062s
[2025-11-07T12:16:21-03:00] Rewire r_kk: objetivo=-0.50, alcanzado=-0.485, |Δ|=0.015, iters=2716, tiempo=122.618s
[2025-11-07T12:16:21-03:00] <k>=5.20, p=0.005205, px1=0.20, r_kk_obj=-0.50, r_kk_fin=-0.485, ρ_kx_obj=0.00, ρ_kx_fin=-0.009 -> frac=0.041 | t(attrs)=0.001s, t(frac)=0.006s
[2025-11-07T12:16:21-03:00] <k>=5.20, p=0.005205, px1=0.20, r_kk_obj=-0.50, r_kk_fin=-0.485, ρ_kx_obj=0.11, ρ_kx_fin=+0.109 -> frac=0.063 | t(attrs)=0.029s, t(frac)=0.006s
[2025-11-07T12:16:21-03:00] <k>=5.20, p=0.005205, px1=0.20, r_kk_obj=-0.50, r_kk_fin=-0.485, ρ_kx_obj=0.23, ρ_kx_fin=+0.221 -> frac=0.097 | t(attrs)=0.143s, t(frac)=0.006s
[2025-11-07T12:16:21-03:00] <k>=5.20, p=0.005205, px1=0.20, r_kk_obj=-0.50, r_kk_fin=-0.485, ρ_kx_obj=0.34, ρ_kx_fin=+0.342 -> frac=0.130 | t(attrs)=0.200s, t(frac)=0.006s
[2025-11-07T12:16:21-03:00] <k>=5.20, p=0.005205, px1=0.20, r_kk_obj=-0.50, r_kk_fin=-0.485, ρ_kx_obj=0.46, ρ_kx_fin=+0.448 -> frac=0.177 | t(attrs)=0.367s, t(frac)=0.007s
[2025-11-07T12:16:21-03:00] <k>=5.20, p=0.005205, px1=0.20, r_kk_obj=-0.50, r_kk_fin=-0.485, ρ_kx_obj=0.57, ρ_kx_fin=+0.564 -> frac=0.216 | t(attrs)=0.669s, t(frac)=0.004s
[2025-11-07T12:16:21-03:00] <k>=5.20, p=0.005205, px1=0.20, r_kk_obj=-0.50, r_kk_fin=-0.485, ρ_kx_obj=0.69, ρ_kx_fin=+0.676 -> frac=0.249 | t(attrs)=1.582s, t(frac)=0.005s
[2025-11-07T12:16:21-03:00] <k>=5.20, p=0.005205, px1=0.20, r_kk_obj=-0.50, r_kk_fin=-0.485, ρ_kx_obj=0.80, ρ_kx_fin=+0.730 -> frac=0.276 | t(attrs)=5.631s, t(frac)=0.003s
[2025-11-07T12:16:21-03:00] Curva lista: <k>=5.20, px1=0.20, r_kk_obj=-0.50, r_kk_fin=-0.485, p=0.005205, t_curva=131.35s (t_gen=0.06s, t_rew=122.62s, t_rho_total=8.67s; t_attrs=8.62s, t_frac=0.04s)
[2025-11-07T12:16:22-03:00] Generada red ER: N=1000, <k>_obj=5.20, p=0.005205, L=2603, tiempo=0.067s
[2025-11-07T12:16:22-03:00] Rewire r_kk: objetivo=+0.50, alcanzado=+0.486, |Δ|=0.014, iters=2433, tiempo=114.624s
[2025-11-07T12:16:22-03:00] <k>=5.20, p=0.005205, px1=0.05, r_kk_obj=+0.50, r_kk_fin=+0.486, ρ_kx_obj=0.00, ρ_kx_fin=+0.008 -> frac=0.002 | t(attrs)=0.002s, t(frac)=0.004s
[2025-11-07T12:16:22-03:00] <k>=5.20, p=0.005205, px1=0.05, r_kk_obj=+0.50, r_kk_fin=+0.486, ρ_kx_obj=0.11, ρ_kx_fin=+0.107 -> frac=0.001 | t(attrs)=0.041s, t(frac)=0.004s
[2025-11-07T12:16:22-03:00] <k>=5.20, p=0.005205, px1=0.05, r_kk_obj=+0.50, r_kk_fin=+0.486, ρ_kx_obj=0.23, ρ_kx_fin=+0.222 -> frac=0.003 | t(attrs)=0.087s, t(frac)=0.006s
[2025-11-07T12:16:22-03:00] <k>=5.20, p=0.005205, px1=0.05, r_kk_obj=+0.50, r_kk_fin=+0.486, ρ_kx_obj=0.34, ρ_kx_fin=+0.334 -> frac=0.002 | t(attrs)=0.283s, t(frac)=0.007s
[2025-11-07T12:16:22-03:00] <k>=5.20, p=0.005205, px1=0.05, r_kk_obj=+0.50, r_kk_fin=+0.486, ρ_kx_obj=0.46, ρ_kx_fin=+0.448 -> frac=0.003 | t(attrs)=1.023s, t(frac)=0.005s
[2025-11-07T12:16:22-03:00] <k>=5.20, p=0.005205, px1=0.05, r_kk_obj=+0.50, r_kk_fin=+0.486, ρ_kx_obj=0.57, ρ_kx_fin=+0.517 -> frac=0.006 | t(attrs)=5.788s, t(frac)=0.004s
[2025-11-07T12:16:22-03:00] <k>=5.20, p=0.005205, px1=0.05, r_kk_obj=+0.50, r_kk_fin=+0.486, ρ_kx_obj=0.69, ρ_kx_fin=+0.515 -> frac=0.008 | t(attrs)=5.409s, t(frac)=0.004s
[2025-11-07T12:16:22-03:00] <k>=5.20, p=0.005205, px1=0.05, r_kk_obj=+0.50, r_kk_fin=+0.486, ρ_kx_obj=0.80, ρ_kx_fin=+0.513 -> frac=0.009 | t(attrs)=5.626s, t(frac)=0.006s
[2025-11-07T12:16:22-03:00] Curva lista: <k>=5.20, px1=0.05, r_kk_obj=+0.50, r_kk_fin=+0.486, p=0.005205, t_curva=132.99s (t_gen=0.07s, t_rew=114.62s, t_rho_total=18.30s; t_attrs=18.26s, t_frac=0.04s)
[2025-11-07T12:16:22-03:00] Generada red ER: N=1000, <k>_obj=5.20, p=0.005205, L=2603, tiempo=0.080s
[2025-11-07T12:16:22-03:00] Rewire r_kk: objetivo=+0.50, alcanzado=+0.486, |Δ|=0.014, iters=2433, tiempo=119.623s
[2025-11-07T12:16:22-03:00] <k>=5.20, p=0.005205, px1=0.10, r_kk_obj=+0.50, r_kk_fin=+0.486, ρ_kx_obj=0.00, ρ_kx_fin=-0.007 -> frac=0.007 | t(attrs)=0.001s, t(frac)=0.005s
[2025-11-07T12:16:22-03:00] <k>=5.20, p=0.005205, px1=0.10, r_kk_obj=+0.50, r_kk_fin=+0.486, ρ_kx_obj=0.11, ρ_kx_fin=+0.107 -> frac=0.008 | t(attrs)=0.040s, t(frac)=0.006s
[2025-11-07T12:16:22-03:00] <k>=5.20, p=0.005205, px1=0.10, r_kk_obj=+0.50, r_kk_fin=+0.486, ρ_kx_obj=0.23, ρ_kx_fin=+0.220 -> frac=0.007 | t(attrs)=0.089s, t(frac)=0.011s
[2025-11-07T12:16:22-03:00] <k>=5.20, p=0.005205, px1=0.10, r_kk_obj=+0.50, r_kk_fin=+0.486, ρ_kx_obj=0.34, ρ_kx_fin=+0.334 -> frac=0.015 | t(attrs)=0.228s, t(frac)=0.005s
[2025-11-07T12:16:22-03:00] <k>=5.20, p=0.005205, px1=0.10, r_kk_obj=+0.50, r_kk_fin=+0.486, ρ_kx_obj=0.46, ρ_kx_fin=+0.448 -> frac=0.020 | t(attrs)=0.366s, t(frac)=0.004s
[2025-11-07T12:16:22-03:00] <k>=5.20, p=0.005205, px1=0.10, r_kk_obj=+0.50, r_kk_fin=+0.486, ρ_kx_obj=0.57, ρ_kx_fin=+0.562 -> frac=0.026 | t(attrs)=1.090s, t(frac)=0.004s
[2025-11-07T12:16:22-03:00] <k>=5.20, p=0.005205, px1=0.10, r_kk_obj=+0.50, r_kk_fin=+0.486, ρ_kx_obj=0.69, ρ_kx_fin=+0.631 -> frac=0.034 | t(attrs)=5.322s, t(frac)=0.005s
[2025-11-07T12:16:22-03:00] <k>=5.20, p=0.005205, px1=0.10, r_kk_obj=+0.50, r_kk_fin=+0.486, ρ_kx_obj=0.80, ρ_kx_fin=+0.627 -> frac=0.034 | t(attrs)=5.616s, t(frac)=0.005s
[2025-11-07T12:16:22-03:00] Curva lista: <k>=5.20, px1=0.10, r_kk_obj=+0.50, r_kk_fin=+0.486, p=0.005205, t_curva=132.50s (t_gen=0.08s, t_rew=119.62s, t_rho_total=12.80s; t_attrs=12.75s, t_frac=0.04s)
[2025-11-07T12:16:26-03:00] Generada red ER: N=1000, <k>_obj=5.20, p=0.005205, L=2603, tiempo=0.068s
[2025-11-07T12:16:26-03:00] Rewire r_kk: objetivo=-0.50, alcanzado=-0.485, |Δ|=0.015, iters=2716, tiempo=124.161s
[2025-11-07T12:16:26-03:00] <k>=5.20, p=0.005205, px1=0.10, r_kk_obj=-0.50, r_kk_fin=-0.485, ρ_kx_obj=0.00, ρ_kx_fin=+0.007 -> frac=0.010 | t(attrs)=0.001s, t(frac)=0.005s
[2025-11-07T12:16:26-03:00] <k>=5.20, p=0.005205, px1=0.10, r_kk_obj=-0.50, r_kk_fin=-0.485, ρ_kx_obj=0.11, ρ_kx_fin=+0.107 -> frac=0.019 | t(attrs)=0.038s, t(frac)=0.004s
[2025-11-07T12:16:26-03:00] <k>=5.20, p=0.005205, px1=0.10, r_kk_obj=-0.50, r_kk_fin=-0.485, ρ_kx_obj=0.23, ρ_kx_fin=+0.221 -> frac=0.026 | t(attrs)=0.131s, t(frac)=0.006s
[2025-11-07T12:16:26-03:00] <k>=5.20, p=0.005205, px1=0.10, r_kk_obj=-0.50, r_kk_fin=-0.485, ρ_kx_obj=0.34, ρ_kx_fin=+0.334 -> frac=0.044 | t(attrs)=0.211s, t(frac)=0.005s
[2025-11-07T12:16:26-03:00] <k>=5.20, p=0.005205, px1=0.10, r_kk_obj=-0.50, r_kk_fin=-0.485, ρ_kx_obj=0.46, ρ_kx_fin=+0.449 -> frac=0.064 | t(attrs)=0.436s, t(frac)=0.004s
[2025-11-07T12:16:26-03:00] <k>=5.20, p=0.005205, px1=0.10, r_kk_obj=-0.50, r_kk_fin=-0.485, ρ_kx_obj=0.57, ρ_kx_fin=+0.566 -> frac=0.103 | t(attrs)=0.777s, t(frac)=0.003s
[2025-11-07T12:16:26-03:00] <k>=5.20, p=0.005205, px1=0.10, r_kk_obj=-0.50, r_kk_fin=-0.485, ρ_kx_obj=0.69, ρ_kx_fin=+0.622 -> frac=0.118 | t(attrs)=5.554s, t(frac)=0.005s
[2025-11-07T12:16:26-03:00] <k>=5.20, p=0.005205, px1=0.10, r_kk_obj=-0.50, r_kk_fin=-0.485, ρ_kx_obj=0.80, ρ_kx_fin=+0.628 -> frac=0.119 | t(attrs)=5.125s, t(frac)=0.004s
[2025-11-07T12:16:26-03:00] Curva lista: <k>=5.20, px1=0.10, r_kk_obj=-0.50, r_kk_fin=-0.485, p=0.005205, t_curva=136.54s (t_gen=0.07s, t_rew=124.16s, t_rho_total=12.31s; t_attrs=12.27s, t_frac=0.04s)
[2025-11-07T12:16:26-03:00] Generada red ER: N=1000, <k>_obj=5.20, p=0.005205, L=2603, tiempo=0.073s
[2025-11-07T12:16:26-03:00] Rewire r_kk: objetivo=-0.50, alcanzado=-0.485, |Δ|=0.015, iters=2716, tiempo=128.109s
[2025-11-07T12:16:26-03:00] <k>=5.20, p=0.005205, px1=0.50, r_kk_obj=-0.50, r_kk_fin=-0.485, ρ_kx_obj=0.00, ρ_kx_fin=+0.010 -> frac=0.415 | t(attrs)=0.002s, t(frac)=0.006s
[2025-11-07T12:16:26-03:00] <k>=5.20, p=0.005205, px1=0.50, r_kk_obj=-0.50, r_kk_fin=-0.485, ρ_kx_obj=0.11, ρ_kx_fin=+0.105 -> frac=0.463 | t(attrs)=0.067s, t(frac)=0.006s
[2025-11-07T12:16:26-03:00] <k>=5.20, p=0.005205, px1=0.50, r_kk_obj=-0.50, r_kk_fin=-0.485, ρ_kx_obj=0.23, ρ_kx_fin=+0.219 -> frac=0.524 | t(attrs)=0.125s, t(frac)=0.006s
[2025-11-07T12:16:26-03:00] <k>=5.20, p=0.005205, px1=0.50, r_kk_obj=-0.50, r_kk_fin=-0.485, ρ_kx_obj=0.34, ρ_kx_fin=+0.334 -> frac=0.580 | t(attrs)=0.211s, t(frac)=0.005s
[2025-11-07T12:16:26-03:00] <k>=5.20, p=0.005205, px1=0.50, r_kk_obj=-0.50, r_kk_fin=-0.485, ρ_kx_obj=0.46, ρ_kx_fin=+0.448 -> frac=0.647 | t(attrs)=0.409s, t(frac)=0.005s
[2025-11-07T12:16:26-03:00] <k>=5.20, p=0.005205, px1=0.50, r_kk_obj=-0.50, r_kk_fin=-0.485, ρ_kx_obj=0.57, ρ_kx_fin=+0.562 -> frac=0.692 | t(attrs)=0.917s, t(frac)=0.005s
[2025-11-07T12:16:26-03:00] <k>=5.20, p=0.005205, px1=0.50, r_kk_obj=-0.50, r_kk_fin=-0.485, ρ_kx_obj=0.69, ρ_kx_fin=+0.676 -> frac=0.734 | t(attrs)=1.542s, t(frac)=0.005s
[2025-11-07T12:16:26-03:00] <k>=5.20, p=0.005205, px1=0.50, r_kk_obj=-0.50, r_kk_fin=-0.485, ρ_kx_obj=0.80, ρ_kx_fin=+0.778 -> frac=0.767 | t(attrs)=4.921s, t(frac)=0.006s
[2025-11-07T12:16:26-03:00] Curva lista: <k>=5.20, px1=0.50, r_kk_obj=-0.50, r_kk_fin=-0.485, p=0.005205, t_curva=136.42s (t_gen=0.07s, t_rew=128.11s, t_rho_total=8.24s; t_attrs=8.19s, t_frac=0.04s)
[2025-11-07T12:16:33-03:00] Generada red ER: N=1000, <k>_obj=5.20, p=0.005205, L=2603, tiempo=0.040s
[2025-11-07T12:16:33-03:00] Rewire r_kk: objetivo=-0.50, alcanzado=-0.485, |Δ|=0.015, iters=2716, tiempo=127.960s
[2025-11-07T12:16:33-03:00] <k>=5.20, p=0.005205, px1=0.05, r_kk_obj=-0.50, r_kk_fin=-0.485, ρ_kx_obj=0.00, ρ_kx_fin=+0.010 -> frac=0.002 | t(attrs)=0.002s, t(frac)=0.004s
[2025-11-07T12:16:33-03:00] <k>=5.20, p=0.005205, px1=0.05, r_kk_obj=-0.50, r_kk_fin=-0.485, ρ_kx_obj=0.11, ρ_kx_fin=+0.105 -> frac=0.007 | t(attrs)=0.026s, t(frac)=0.005s
[2025-11-07T12:16:33-03:00] <k>=5.20, p=0.005205, px1=0.05, r_kk_obj=-0.50, r_kk_fin=-0.485, ρ_kx_obj=0.23, ρ_kx_fin=+0.224 -> frac=0.007 | t(attrs)=0.080s, t(frac)=0.005s
[2025-11-07T12:16:33-03:00] <k>=5.20, p=0.005205, px1=0.05, r_kk_obj=-0.50, r_kk_fin=-0.485, ρ_kx_obj=0.34, ρ_kx_fin=+0.336 -> frac=0.024 | t(attrs)=0.198s, t(frac)=0.002s
[2025-11-07T12:16:33-03:00] <k>=5.20, p=0.005205, px1=0.05, r_kk_obj=-0.50, r_kk_fin=-0.485, ρ_kx_obj=0.46, ρ_kx_fin=+0.448 -> frac=0.042 | t(attrs)=0.741s, t(frac)=0.006s
[2025-11-07T12:16:33-03:00] <k>=5.20, p=0.005205, px1=0.05, r_kk_obj=-0.50, r_kk_fin=-0.485, ρ_kx_obj=0.57, ρ_kx_fin=+0.515 -> frac=0.050 | t(attrs)=5.794s, t(frac)=0.006s
[2025-11-07T12:16:33-03:00] <k>=5.20, p=0.005205, px1=0.05, r_kk_obj=-0.50, r_kk_fin=-0.485, ρ_kx_obj=0.69, ρ_kx_fin=+0.513 -> frac=0.046 | t(attrs)=4.500s, t(frac)=0.006s
[2025-11-07T12:16:33-03:00] <k>=5.20, p=0.005205, px1=0.05, r_kk_obj=-0.50, r_kk_fin=-0.485, ρ_kx_obj=0.80, ρ_kx_fin=+0.513 -> frac=0.049 | t(attrs)=4.385s, t(frac)=0.004s
[2025-11-07T12:16:33-03:00] Curva lista: <k>=5.20, px1=0.05, r_kk_obj=-0.50, r_kk_fin=-0.485, p=0.005205, t_curva=143.77s (t_gen=0.04s, t_rew=127.96s, t_rho_total=15.76s; t_attrs=15.73s, t_frac=0.04s)
[2025-11-07T12:16:33-03:00] Generando figura...
