[2025-11-07T12:47:01-03:00] Ejecutando script: Erdos-Renyi-v2.py | ruta=C:\Users\dcaceres\Documents\Magister\Trimestre 2\CS Redes\Tarea 2\python\Erdos-Renyi-v2.py
[2025-11-07T12:47:01-03:00] Inicio experimento Fig3-ER (paralelo por procesos) | carpeta=run-e2r\251107124701_N1000
[2025-11-07T12:47:01-03:00] Procesos: usados=18, cpu_count=22
[2025-11-07T12:47:01-03:00] Parámetros: N=1000, <k>=[5.2, 2.5], px1=[0.05, 0.1, 0.2], r_kk=[-0.5, 0.0, 0.5], ρ_kx=[np.float64(0.0), np.float64(0.11), np.float64(0.23), np.float64(0.34), np.float64(0.46), np.float64(0.57), np.float64(0.69), np.float64(0.8)], seed=12021974
[2025-11-07T12:47:21-03:00] Generada red ER: N=1000, <k>_obj=5.20, p=0.005205, L=2603, tiempo=0.115s
[2025-11-07T12:47:21-03:00] Rewire r_kk: objetivo=+0.00, alcanzado=-0.001, |Δ|=0.001, iters=0, tiempo=0.025s
[2025-11-07T12:47:21-03:00] <k>=5.20, p=0.005205, px1=0.20, r_kk_obj=+0.00, r_kk_fin=-0.001, ρ_kx_obj=0.00, ρ_kx_fin=-0.008 -> frac=0.044 | t(attrs)=0.007s, t(frac)=0.006s
[2025-11-07T12:47:21-03:00] <k>=5.20, p=0.005205, px1=0.20, r_kk_obj=+0.00, r_kk_fin=-0.001, ρ_kx_obj=0.11, ρ_kx_fin=+0.105 -> frac=0.061 | t(attrs)=0.057s, t(frac)=0.007s
[2025-11-07T12:47:21-03:00] <k>=5.20, p=0.005205, px1=0.20, r_kk_obj=+0.00, r_kk_fin=-0.001, ρ_kx_obj=0.23, ρ_kx_fin=+0.220 -> frac=0.066 | t(attrs)=0.146s, t(frac)=0.006s
[2025-11-07T12:47:21-03:00] <k>=5.20, p=0.005205, px1=0.20, r_kk_obj=+0.00, r_kk_fin=-0.001, ρ_kx_obj=0.34, ρ_kx_fin=+0.333 -> frac=0.085 | t(attrs)=0.332s, t(frac)=0.006s
[2025-11-07T12:47:21-03:00] <k>=5.20, p=0.005205, px1=0.20, r_kk_obj=+0.00, r_kk_fin=-0.001, ρ_kx_obj=0.46, ρ_kx_fin=+0.448 -> frac=0.108 | t(attrs)=0.470s, t(frac)=0.006s
[2025-11-07T12:47:21-03:00] <k>=5.20, p=0.005205, px1=0.20, r_kk_obj=+0.00, r_kk_fin=-0.001, ρ_kx_obj=0.57, ρ_kx_fin=+0.562 -> frac=0.116 | t(attrs)=0.929s, t(frac)=0.005s
[2025-11-07T12:47:21-03:00] <k>=5.20, p=0.005205, px1=0.20, r_kk_obj=+0.00, r_kk_fin=-0.001, ρ_kx_obj=0.69, ρ_kx_fin=+0.677 -> frac=0.138 | t(attrs)=2.469s, t(frac)=0.010s
[2025-11-07T12:47:21-03:00] <k>=5.20, p=0.005205, px1=0.20, r_kk_obj=+0.00, r_kk_fin=-0.001, ρ_kx_obj=0.80, ρ_kx_fin=+0.731 -> frac=0.147 | t(attrs)=8.141s, t(frac)=0.007s
[2025-11-07T12:47:21-03:00] Curva lista: <k>=5.20, px1=0.20, r_kk_obj=+0.00, r_kk_fin=-0.001, p=0.005205, t_curva=12.75s (t_gen=0.12s, t_rew=0.03s, t_rho_total=12.60s; t_attrs=12.55s, t_frac=0.05s)
[2025-11-07T12:47:23-03:00] Generada red ER: N=1000, <k>_obj=2.50, p=0.002503, L=1286, tiempo=0.163s
[2025-11-07T12:47:23-03:00] Rewire r_kk: objetivo=+0.00, alcanzado=+0.014, |Δ|=0.014, iters=34, tiempo=1.107s
[2025-11-07T12:47:23-03:00] <k>=2.50, p=0.002503, px1=0.20, r_kk_obj=+0.00, r_kk_fin=+0.014, ρ_kx_obj=0.00, ρ_kx_fin=+0.004 -> frac=0.075 | t(attrs)=0.001s, t(frac)=0.007s
[2025-11-07T12:47:23-03:00] <k>=2.50, p=0.002503, px1=0.20, r_kk_obj=+0.00, r_kk_fin=+0.014, ρ_kx_obj=0.11, ρ_kx_fin=+0.105 -> frac=0.088 | t(attrs)=0.062s, t(frac)=0.005s
[2025-11-07T12:47:23-03:00] <k>=2.50, p=0.002503, px1=0.20, r_kk_obj=+0.00, r_kk_fin=+0.014, ρ_kx_obj=0.23, ρ_kx_fin=+0.219 -> frac=0.118 | t(attrs)=0.130s, t(frac)=0.005s
[2025-11-07T12:47:23-03:00] <k>=2.50, p=0.002503, px1=0.20, r_kk_obj=+0.00, r_kk_fin=+0.014, ρ_kx_obj=0.34, ρ_kx_fin=+0.338 -> frac=0.137 | t(attrs)=0.240s, t(frac)=0.005s
[2025-11-07T12:47:23-03:00] <k>=2.50, p=0.002503, px1=0.20, r_kk_obj=+0.00, r_kk_fin=+0.014, ρ_kx_obj=0.46, ρ_kx_fin=+0.449 -> frac=0.177 | t(attrs)=0.504s, t(frac)=0.007s
[2025-11-07T12:47:23-03:00] <k>=2.50, p=0.002503, px1=0.20, r_kk_obj=+0.00, r_kk_fin=+0.014, ρ_kx_obj=0.57, ρ_kx_fin=+0.562 -> frac=0.197 | t(attrs)=0.744s, t(frac)=0.005s
[2025-11-07T12:47:23-03:00] <k>=2.50, p=0.002503, px1=0.20, r_kk_obj=+0.00, r_kk_fin=+0.014, ρ_kx_obj=0.69, ρ_kx_fin=+0.676 -> frac=0.210 | t(attrs)=2.540s, t(frac)=0.004s
[2025-11-07T12:47:23-03:00] <k>=2.50, p=0.002503, px1=0.20, r_kk_obj=+0.00, r_kk_fin=+0.014, ρ_kx_obj=0.80, ρ_kx_fin=+0.722 -> frac=0.242 | t(attrs)=8.461s, t(frac)=0.014s
[2025-11-07T12:47:23-03:00] Curva lista: <k>=2.50, px1=0.20, r_kk_obj=+0.00, r_kk_fin=+0.014, p=0.002503, t_curva=14.01s (t_gen=0.16s, t_rew=1.11s, t_rho_total=12.74s; t_attrs=12.68s, t_frac=0.05s)
[2025-11-07T12:47:26-03:00] Generada red ER: N=1000, <k>_obj=5.20, p=0.005205, L=2603, tiempo=0.115s
[2025-11-07T12:47:26-03:00] Rewire r_kk: objetivo=+0.00, alcanzado=-0.001, |Δ|=0.001, iters=0, tiempo=0.024s
[2025-11-07T12:47:26-03:00] <k>=5.20, p=0.005205, px1=0.10, r_kk_obj=+0.00, r_kk_fin=-0.001, ρ_kx_obj=0.00, ρ_kx_fin=-0.007 -> frac=0.008 | t(attrs)=0.008s, t(frac)=0.006s
[2025-11-07T12:47:26-03:00] <k>=5.20, p=0.005205, px1=0.10, r_kk_obj=+0.00, r_kk_fin=-0.001, ρ_kx_obj=0.11, ρ_kx_fin=+0.107 -> frac=0.013 | t(attrs)=0.039s, t(frac)=0.006s
[2025-11-07T12:47:26-03:00] <k>=5.20, p=0.005205, px1=0.10, r_kk_obj=+0.00, r_kk_fin=-0.001, ρ_kx_obj=0.23, ρ_kx_fin=+0.220 -> frac=0.016 | t(attrs)=0.141s, t(frac)=0.005s
[2025-11-07T12:47:26-03:00] <k>=5.20, p=0.005205, px1=0.10, r_kk_obj=+0.00, r_kk_fin=-0.001, ρ_kx_obj=0.34, ρ_kx_fin=+0.335 -> frac=0.023 | t(attrs)=0.199s, t(frac)=0.007s
[2025-11-07T12:47:26-03:00] <k>=5.20, p=0.005205, px1=0.10, r_kk_obj=+0.00, r_kk_fin=-0.001, ρ_kx_obj=0.46, ρ_kx_fin=+0.454 -> frac=0.031 | t(attrs)=0.566s, t(frac)=0.009s
[2025-11-07T12:47:26-03:00] <k>=5.20, p=0.005205, px1=0.10, r_kk_obj=+0.00, r_kk_fin=-0.001, ρ_kx_obj=0.57, ρ_kx_fin=+0.562 -> frac=0.029 | t(attrs)=1.421s, t(frac)=0.007s
[2025-11-07T12:47:26-03:00] <k>=5.20, p=0.005205, px1=0.10, r_kk_obj=+0.00, r_kk_fin=-0.001, ρ_kx_obj=0.69, ρ_kx_fin=+0.628 -> frac=0.040 | t(attrs)=8.331s, t(frac)=0.009s
[2025-11-07T12:47:26-03:00] <k>=5.20, p=0.005205, px1=0.10, r_kk_obj=+0.00, r_kk_fin=-0.001, ρ_kx_obj=0.80, ρ_kx_fin=+0.628 -> frac=0.030 | t(attrs)=7.636s, t(frac)=0.015s
[2025-11-07T12:47:26-03:00] Curva lista: <k>=5.20, px1=0.10, r_kk_obj=+0.00, r_kk_fin=-0.001, p=0.005205, t_curva=18.55s (t_gen=0.12s, t_rew=0.02s, t_rho_total=18.40s; t_attrs=18.34s, t_frac=0.06s)
[2025-11-07T12:47:30-03:00] Generada red ER: N=1000, <k>_obj=2.50, p=0.002503, L=1286, tiempo=0.163s
[2025-11-07T12:47:30-03:00] Rewire r_kk: objetivo=+0.00, alcanzado=+0.014, |Δ|=0.014, iters=34, tiempo=1.227s
[2025-11-07T12:47:30-03:00] <k>=2.50, p=0.002503, px1=0.10, r_kk_obj=+0.00, r_kk_fin=+0.014, ρ_kx_obj=0.00, ρ_kx_fin=+0.008 -> frac=0.033 | t(attrs)=0.012s, t(frac)=0.005s
[2025-11-07T12:47:30-03:00] <k>=2.50, p=0.002503, px1=0.10, r_kk_obj=+0.00, r_kk_fin=+0.014, ρ_kx_obj=0.11, ρ_kx_fin=+0.105 -> frac=0.031 | t(attrs)=0.065s, t(frac)=0.010s
[2025-11-07T12:47:30-03:00] <k>=2.50, p=0.002503, px1=0.10, r_kk_obj=+0.00, r_kk_fin=+0.014, ρ_kx_obj=0.23, ρ_kx_fin=+0.219 -> frac=0.048 | t(attrs)=0.140s, t(frac)=0.010s
[2025-11-07T12:47:30-03:00] <k>=2.50, p=0.002503, px1=0.10, r_kk_obj=+0.00, r_kk_fin=+0.014, ρ_kx_obj=0.34, ρ_kx_fin=+0.339 -> frac=0.067 | t(attrs)=0.353s, t(frac)=0.010s
[2025-11-07T12:47:30-03:00] <k>=2.50, p=0.002503, px1=0.10, r_kk_obj=+0.00, r_kk_fin=+0.014, ρ_kx_obj=0.46, ρ_kx_fin=+0.449 -> frac=0.079 | t(attrs)=0.453s, t(frac)=0.005s
[2025-11-07T12:47:30-03:00] <k>=2.50, p=0.002503, px1=0.10, r_kk_obj=+0.00, r_kk_fin=+0.014, ρ_kx_obj=0.57, ρ_kx_fin=+0.563 -> frac=0.097 | t(attrs)=0.963s, t(frac)=0.006s
[2025-11-07T12:47:30-03:00] <k>=2.50, p=0.002503, px1=0.10, r_kk_obj=+0.00, r_kk_fin=+0.014, ρ_kx_obj=0.69, ρ_kx_fin=+0.639 -> frac=0.096 | t(attrs)=9.632s, t(frac)=0.005s
[2025-11-07T12:47:30-03:00] <k>=2.50, p=0.002503, px1=0.10, r_kk_obj=+0.00, r_kk_fin=+0.014, ρ_kx_obj=0.80, ρ_kx_fin=+0.643 -> frac=0.093 | t(attrs)=8.787s, t(frac)=0.003s
[2025-11-07T12:47:30-03:00] Curva lista: <k>=2.50, px1=0.10, r_kk_obj=+0.00, r_kk_fin=+0.014, p=0.002503, t_curva=21.86s (t_gen=0.16s, t_rew=1.23s, t_rho_total=20.46s; t_attrs=20.41s, t_frac=0.05s)
[2025-11-07T12:47:33-03:00] Generada red ER: N=1000, <k>_obj=5.20, p=0.005205, L=2603, tiempo=0.098s
[2025-11-07T12:47:33-03:00] Rewire r_kk: objetivo=+0.00, alcanzado=-0.001, |Δ|=0.001, iters=0, tiempo=0.016s
[2025-11-07T12:47:33-03:00] <k>=5.20, p=0.005205, px1=0.05, r_kk_obj=+0.00, r_kk_fin=-0.001, ρ_kx_obj=0.00, ρ_kx_fin=-0.009 -> frac=0.000 | t(attrs)=0.019s, t(frac)=0.005s
[2025-11-07T12:47:33-03:00] <k>=5.20, p=0.005205, px1=0.05, r_kk_obj=+0.00, r_kk_fin=-0.001, ρ_kx_obj=0.11, ρ_kx_fin=+0.105 -> frac=0.001 | t(attrs)=0.034s, t(frac)=0.003s
[2025-11-07T12:47:33-03:00] <k>=5.20, p=0.005205, px1=0.05, r_kk_obj=+0.00, r_kk_fin=-0.001, ρ_kx_obj=0.23, ρ_kx_fin=+0.222 -> frac=0.010 | t(attrs)=0.080s, t(frac)=0.006s
[2025-11-07T12:47:33-03:00] <k>=5.20, p=0.005205, px1=0.05, r_kk_obj=+0.00, r_kk_fin=-0.001, ρ_kx_obj=0.34, ρ_kx_fin=+0.334 -> frac=0.006 | t(attrs)=0.209s, t(frac)=0.009s
[2025-11-07T12:47:33-03:00] <k>=5.20, p=0.005205, px1=0.05, r_kk_obj=+0.00, r_kk_fin=-0.001, ρ_kx_obj=0.46, ρ_kx_fin=+0.448 -> frac=0.011 | t(attrs)=0.748s, t(frac)=0.005s
[2025-11-07T12:47:33-03:00] <k>=5.20, p=0.005205, px1=0.05, r_kk_obj=+0.00, r_kk_fin=-0.001, ρ_kx_obj=0.57, ρ_kx_fin=+0.515 -> frac=0.009 | t(attrs)=8.282s, t(frac)=0.006s
[2025-11-07T12:47:33-03:00] <k>=5.20, p=0.005205, px1=0.05, r_kk_obj=+0.00, r_kk_fin=-0.001, ρ_kx_obj=0.69, ρ_kx_fin=+0.517 -> frac=0.009 | t(attrs)=8.607s, t(frac)=0.007s
[2025-11-07T12:47:33-03:00] <k>=5.20, p=0.005205, px1=0.05, r_kk_obj=+0.00, r_kk_fin=-0.001, ρ_kx_obj=0.80, ρ_kx_fin=+0.515 -> frac=0.010 | t(attrs)=7.889s, t(frac)=0.005s
[2025-11-07T12:47:33-03:00] Curva lista: <k>=5.20, px1=0.05, r_kk_obj=+0.00, r_kk_fin=-0.001, p=0.005205, t_curva=26.03s (t_gen=0.10s, t_rew=0.02s, t_rho_total=25.91s; t_attrs=25.87s, t_frac=0.05s)
[2025-11-07T12:47:35-03:00] Generada red ER: N=1000, <k>_obj=2.50, p=0.002503, L=1286, tiempo=0.115s
[2025-11-07T12:47:35-03:00] Rewire r_kk: objetivo=+0.00, alcanzado=+0.014, |Δ|=0.014, iters=34, tiempo=1.233s
[2025-11-07T12:47:35-03:00] <k>=2.50, p=0.002503, px1=0.05, r_kk_obj=+0.00, r_kk_fin=+0.014, ρ_kx_obj=0.00, ρ_kx_fin=-0.002 -> frac=0.016 | t(attrs)=0.002s, t(frac)=0.004s
[2025-11-07T12:47:35-03:00] <k>=2.50, p=0.002503, px1=0.05, r_kk_obj=+0.00, r_kk_fin=+0.014, ρ_kx_obj=0.11, ρ_kx_fin=+0.106 -> frac=0.016 | t(attrs)=0.025s, t(frac)=0.008s
[2025-11-07T12:47:35-03:00] <k>=2.50, p=0.002503, px1=0.05, r_kk_obj=+0.00, r_kk_fin=+0.014, ρ_kx_obj=0.23, ρ_kx_fin=+0.219 -> frac=0.020 | t(attrs)=0.195s, t(frac)=0.003s
[2025-11-07T12:47:35-03:00] <k>=2.50, p=0.002503, px1=0.05, r_kk_obj=+0.00, r_kk_fin=+0.014, ρ_kx_obj=0.34, ρ_kx_fin=+0.335 -> frac=0.031 | t(attrs)=0.352s, t(frac)=0.007s
[2025-11-07T12:47:35-03:00] <k>=2.50, p=0.002503, px1=0.05, r_kk_obj=+0.00, r_kk_fin=+0.014, ρ_kx_obj=0.46, ρ_kx_fin=+0.451 -> frac=0.040 | t(attrs)=0.841s, t(frac)=0.009s
[2025-11-07T12:47:35-03:00] <k>=2.50, p=0.002503, px1=0.05, r_kk_obj=+0.00, r_kk_fin=+0.014, ρ_kx_obj=0.57, ρ_kx_fin=+0.532 -> frac=0.034 | t(attrs)=7.963s, t(frac)=0.004s
[2025-11-07T12:47:35-03:00] <k>=2.50, p=0.002503, px1=0.05, r_kk_obj=+0.00, r_kk_fin=+0.014, ρ_kx_obj=0.69, ρ_kx_fin=+0.527 -> frac=0.035 | t(attrs)=7.672s, t(frac)=0.008s
[2025-11-07T12:47:35-03:00] <k>=2.50, p=0.002503, px1=0.05, r_kk_obj=+0.00, r_kk_fin=+0.014, ρ_kx_obj=0.80, ρ_kx_fin=+0.532 -> frac=0.037 | t(attrs)=8.181s, t(frac)=0.005s
[2025-11-07T12:47:35-03:00] Curva lista: <k>=2.50, px1=0.05, r_kk_obj=+0.00, r_kk_fin=+0.014, p=0.002503, t_curva=26.63s (t_gen=0.12s, t_rew=1.23s, t_rho_total=25.28s; t_attrs=25.23s, t_frac=0.05s)
[2025-11-07T12:47:53-03:00] Generada red ER: N=1000, <k>_obj=2.50, p=0.002503, L=1286, tiempo=0.143s
[2025-11-07T12:47:53-03:00] Rewire r_kk: objetivo=+0.50, alcanzado=+0.485, |Δ|=0.015, iters=1090, tiempo=35.807s
[2025-11-07T12:47:53-03:00] <k>=2.50, p=0.002503, px1=0.20, r_kk_obj=+0.50, r_kk_fin=+0.485, ρ_kx_obj=0.00, ρ_kx_fin=+0.009 -> frac=0.073 | t(attrs)=0.009s, t(frac)=0.006s
[2025-11-07T12:47:53-03:00] <k>=2.50, p=0.002503, px1=0.20, r_kk_obj=+0.50, r_kk_fin=+0.485, ρ_kx_obj=0.11, ρ_kx_fin=+0.105 -> frac=0.091 | t(attrs)=0.085s, t(frac)=0.005s
[2025-11-07T12:47:53-03:00] <k>=2.50, p=0.002503, px1=0.20, r_kk_obj=+0.50, r_kk_fin=+0.485, ρ_kx_obj=0.23, ρ_kx_fin=+0.219 -> frac=0.099 | t(attrs)=0.133s, t(frac)=0.002s
[2025-11-07T12:47:53-03:00] <k>=2.50, p=0.002503, px1=0.20, r_kk_obj=+0.50, r_kk_fin=+0.485, ρ_kx_obj=0.34, ρ_kx_fin=+0.336 -> frac=0.107 | t(attrs)=0.209s, t(frac)=0.004s
[2025-11-07T12:47:53-03:00] <k>=2.50, p=0.002503, px1=0.20, r_kk_obj=+0.50, r_kk_fin=+0.485, ρ_kx_obj=0.46, ρ_kx_fin=+0.449 -> frac=0.133 | t(attrs)=0.357s, t(frac)=0.005s
[2025-11-07T12:47:53-03:00] <k>=2.50, p=0.002503, px1=0.20, r_kk_obj=+0.50, r_kk_fin=+0.485, ρ_kx_obj=0.57, ρ_kx_fin=+0.564 -> frac=0.152 | t(attrs)=0.654s, t(frac)=0.003s
[2025-11-07T12:47:53-03:00] <k>=2.50, p=0.002503, px1=0.20, r_kk_obj=+0.50, r_kk_fin=+0.485, ρ_kx_obj=0.69, ρ_kx_fin=+0.678 -> frac=0.185 | t(attrs)=1.432s, t(frac)=0.005s
[2025-11-07T12:47:53-03:00] <k>=2.50, p=0.002503, px1=0.20, r_kk_obj=+0.50, r_kk_fin=+0.485, ρ_kx_obj=0.80, ρ_kx_fin=+0.733 -> frac=0.189 | t(attrs)=5.833s, t(frac)=0.004s
[2025-11-07T12:47:53-03:00] Curva lista: <k>=2.50, px1=0.20, r_kk_obj=+0.50, r_kk_fin=+0.485, p=0.002503, t_curva=44.70s (t_gen=0.14s, t_rew=35.81s, t_rho_total=8.75s; t_attrs=8.71s, t_frac=0.03s)
[2025-11-07T12:47:59-03:00] Generada red ER: N=1000, <k>_obj=2.50, p=0.002503, L=1286, tiempo=0.118s
[2025-11-07T12:47:59-03:00] Rewire r_kk: objetivo=+0.50, alcanzado=+0.485, |Δ|=0.015, iters=1090, tiempo=36.505s
[2025-11-07T12:47:59-03:00] <k>=2.50, p=0.002503, px1=0.10, r_kk_obj=+0.50, r_kk_fin=+0.485, ρ_kx_obj=0.00, ρ_kx_fin=+0.008 -> frac=0.025 | t(attrs)=0.004s, t(frac)=0.003s
[2025-11-07T12:47:59-03:00] <k>=2.50, p=0.002503, px1=0.10, r_kk_obj=+0.50, r_kk_fin=+0.485, ρ_kx_obj=0.11, ρ_kx_fin=+0.107 -> frac=0.032 | t(attrs)=0.049s, t(frac)=0.004s
[2025-11-07T12:47:59-03:00] <k>=2.50, p=0.002503, px1=0.10, r_kk_obj=+0.50, r_kk_fin=+0.485, ρ_kx_obj=0.23, ρ_kx_fin=+0.221 -> frac=0.047 | t(attrs)=0.119s, t(frac)=0.004s
[2025-11-07T12:47:59-03:00] <k>=2.50, p=0.002503, px1=0.10, r_kk_obj=+0.50, r_kk_fin=+0.485, ρ_kx_obj=0.34, ρ_kx_fin=+0.335 -> frac=0.028 | t(attrs)=0.166s, t(frac)=0.005s
[2025-11-07T12:47:59-03:00] <k>=2.50, p=0.002503, px1=0.10, r_kk_obj=+0.50, r_kk_fin=+0.485, ρ_kx_obj=0.46, ρ_kx_fin=+0.449 -> frac=0.050 | t(attrs)=0.432s, t(frac)=0.004s
[2025-11-07T12:47:59-03:00] <k>=2.50, p=0.002503, px1=0.10, r_kk_obj=+0.50, r_kk_fin=+0.485, ρ_kx_obj=0.57, ρ_kx_fin=+0.563 -> frac=0.060 | t(attrs)=1.068s, t(frac)=0.005s
[2025-11-07T12:47:59-03:00] <k>=2.50, p=0.002503, px1=0.10, r_kk_obj=+0.50, r_kk_fin=+0.485, ρ_kx_obj=0.69, ρ_kx_fin=+0.643 -> frac=0.064 | t(attrs)=6.037s, t(frac)=0.006s
[2025-11-07T12:47:59-03:00] <k>=2.50, p=0.002503, px1=0.10, r_kk_obj=+0.50, r_kk_fin=+0.485, ρ_kx_obj=0.80, ρ_kx_fin=+0.639 -> frac=0.059 | t(attrs)=5.575s, t(frac)=0.004s
[2025-11-07T12:47:59-03:00] Curva lista: <k>=2.50, px1=0.10, r_kk_obj=+0.50, r_kk_fin=+0.485, p=0.002503, t_curva=50.11s (t_gen=0.12s, t_rew=36.51s, t_rho_total=13.48s; t_attrs=13.45s, t_frac=0.03s)
[2025-11-07T12:48:01-03:00] Generada red ER: N=1000, <k>_obj=2.50, p=0.002503, L=1286, tiempo=0.098s
[2025-11-07T12:48:01-03:00] Rewire r_kk: objetivo=-0.50, alcanzado=-0.485, |Δ|=0.015, iters=1432, tiempo=44.478s
[2025-11-07T12:48:01-03:00] <k>=2.50, p=0.002503, px1=0.20, r_kk_obj=-0.50, r_kk_fin=-0.485, ρ_kx_obj=0.00, ρ_kx_fin=-0.009 -> frac=0.078 | t(attrs)=0.032s, t(frac)=0.004s
[2025-11-07T12:48:01-03:00] <k>=2.50, p=0.002503, px1=0.20, r_kk_obj=-0.50, r_kk_fin=-0.485, ρ_kx_obj=0.11, ρ_kx_fin=+0.105 -> frac=0.096 | t(attrs)=0.078s, t(frac)=0.004s
[2025-11-07T12:48:01-03:00] <k>=2.50, p=0.002503, px1=0.20, r_kk_obj=-0.50, r_kk_fin=-0.485, ρ_kx_obj=0.23, ρ_kx_fin=+0.222 -> frac=0.161 | t(attrs)=0.134s, t(frac)=0.004s
[2025-11-07T12:48:01-03:00] <k>=2.50, p=0.002503, px1=0.20, r_kk_obj=-0.50, r_kk_fin=-0.485, ρ_kx_obj=0.34, ρ_kx_fin=+0.335 -> frac=0.177 | t(attrs)=0.228s, t(frac)=0.004s
[2025-11-07T12:48:01-03:00] <k>=2.50, p=0.002503, px1=0.20, r_kk_obj=-0.50, r_kk_fin=-0.485, ρ_kx_obj=0.46, ρ_kx_fin=+0.450 -> frac=0.206 | t(attrs)=0.351s, t(frac)=0.004s
[2025-11-07T12:48:01-03:00] <k>=2.50, p=0.002503, px1=0.20, r_kk_obj=-0.50, r_kk_fin=-0.485, ρ_kx_obj=0.57, ρ_kx_fin=+0.564 -> frac=0.258 | t(attrs)=0.734s, t(frac)=0.004s
[2025-11-07T12:48:01-03:00] <k>=2.50, p=0.002503, px1=0.20, r_kk_obj=-0.50, r_kk_fin=-0.485, ρ_kx_obj=0.69, ρ_kx_fin=+0.679 -> frac=0.314 | t(attrs)=1.332s, t(frac)=0.004s
[2025-11-07T12:48:01-03:00] <k>=2.50, p=0.002503, px1=0.20, r_kk_obj=-0.50, r_kk_fin=-0.485, ρ_kx_obj=0.80, ρ_kx_fin=+0.732 -> frac=0.336 | t(attrs)=5.457s, t(frac)=0.005s
[2025-11-07T12:48:01-03:00] Curva lista: <k>=2.50, px1=0.20, r_kk_obj=-0.50, r_kk_fin=-0.485, p=0.002503, t_curva=52.96s (t_gen=0.10s, t_rew=44.48s, t_rho_total=8.38s; t_attrs=8.35s, t_frac=0.03s)
[2025-11-07T12:48:03-03:00] Generada red ER: N=1000, <k>_obj=2.50, p=0.002503, L=1286, tiempo=0.161s
[2025-11-07T12:48:03-03:00] Rewire r_kk: objetivo=+0.50, alcanzado=+0.485, |Δ|=0.015, iters=1090, tiempo=36.158s
[2025-11-07T12:48:03-03:00] <k>=2.50, p=0.002503, px1=0.05, r_kk_obj=+0.50, r_kk_fin=+0.485, ρ_kx_obj=0.00, ρ_kx_fin=+0.010 -> frac=0.009 | t(attrs)=0.003s, t(frac)=0.004s
[2025-11-07T12:48:03-03:00] <k>=2.50, p=0.002503, px1=0.05, r_kk_obj=+0.50, r_kk_fin=+0.485, ρ_kx_obj=0.11, ρ_kx_fin=+0.109 -> frac=0.012 | t(attrs)=0.036s, t(frac)=0.005s
[2025-11-07T12:48:03-03:00] <k>=2.50, p=0.002503, px1=0.05, r_kk_obj=+0.50, r_kk_fin=+0.485, ρ_kx_obj=0.23, ρ_kx_fin=+0.219 -> frac=0.013 | t(attrs)=0.064s, t(frac)=0.002s
[2025-11-07T12:48:03-03:00] <k>=2.50, p=0.002503, px1=0.05, r_kk_obj=+0.50, r_kk_fin=+0.485, ρ_kx_obj=0.34, ρ_kx_fin=+0.335 -> frac=0.016 | t(attrs)=0.187s, t(frac)=0.002s
[2025-11-07T12:48:03-03:00] <k>=2.50, p=0.002503, px1=0.05, r_kk_obj=+0.50, r_kk_fin=+0.485, ρ_kx_obj=0.46, ρ_kx_fin=+0.451 -> frac=0.012 | t(attrs)=0.633s, t(frac)=0.004s
[2025-11-07T12:48:03-03:00] <k>=2.50, p=0.002503, px1=0.05, r_kk_obj=+0.50, r_kk_fin=+0.485, ρ_kx_obj=0.57, ρ_kx_fin=+0.529 -> frac=0.022 | t(attrs)=5.805s, t(frac)=0.006s
[2025-11-07T12:48:03-03:00] <k>=2.50, p=0.002503, px1=0.05, r_kk_obj=+0.50, r_kk_fin=+0.485, ρ_kx_obj=0.69, ρ_kx_fin=+0.532 -> frac=0.018 | t(attrs)=5.694s, t(frac)=0.004s
[2025-11-07T12:48:03-03:00] <k>=2.50, p=0.002503, px1=0.05, r_kk_obj=+0.50, r_kk_fin=+0.485, ρ_kx_obj=0.80, ρ_kx_fin=+0.529 -> frac=0.019 | t(attrs)=5.471s, t(frac)=0.004s
[2025-11-07T12:48:03-03:00] Curva lista: <k>=2.50, px1=0.05, r_kk_obj=+0.50, r_kk_fin=+0.485, p=0.002503, t_curva=54.25s (t_gen=0.16s, t_rew=36.16s, t_rho_total=17.92s; t_attrs=17.89s, t_frac=0.03s)
[2025-11-07T12:48:05-03:00] Generada red ER: N=1000, <k>_obj=2.50, p=0.002503, L=1286, tiempo=0.147s
[2025-11-07T12:48:05-03:00] Rewire r_kk: objetivo=-0.50, alcanzado=-0.485, |Δ|=0.015, iters=1432, tiempo=44.372s
[2025-11-07T12:48:05-03:00] <k>=2.50, p=0.002503, px1=0.10, r_kk_obj=-0.50, r_kk_fin=-0.485, ρ_kx_obj=0.00, ρ_kx_fin=+0.006 -> frac=0.034 | t(attrs)=0.007s, t(frac)=0.005s
[2025-11-07T12:48:05-03:00] <k>=2.50, p=0.002503, px1=0.10, r_kk_obj=-0.50, r_kk_fin=-0.485, ρ_kx_obj=0.11, ρ_kx_fin=+0.107 -> frac=0.048 | t(attrs)=0.028s, t(frac)=0.004s
[2025-11-07T12:48:05-03:00] <k>=2.50, p=0.002503, px1=0.10, r_kk_obj=-0.50, r_kk_fin=-0.485, ρ_kx_obj=0.23, ρ_kx_fin=+0.219 -> frac=0.068 | t(attrs)=0.132s, t(frac)=0.005s
[2025-11-07T12:48:05-03:00] <k>=2.50, p=0.002503, px1=0.10, r_kk_obj=-0.50, r_kk_fin=-0.485, ρ_kx_obj=0.34, ρ_kx_fin=+0.335 -> frac=0.100 | t(attrs)=0.215s, t(frac)=0.005s
[2025-11-07T12:48:05-03:00] <k>=2.50, p=0.002503, px1=0.10, r_kk_obj=-0.50, r_kk_fin=-0.485, ρ_kx_obj=0.46, ρ_kx_fin=+0.449 -> frac=0.113 | t(attrs)=0.477s, t(frac)=0.005s
[2025-11-07T12:48:05-03:00] <k>=2.50, p=0.002503, px1=0.10, r_kk_obj=-0.50, r_kk_fin=-0.485, ρ_kx_obj=0.57, ρ_kx_fin=+0.565 -> frac=0.157 | t(attrs)=0.950s, t(frac)=0.005s
[2025-11-07T12:48:05-03:00] <k>=2.50, p=0.002503, px1=0.10, r_kk_obj=-0.50, r_kk_fin=-0.485, ρ_kx_obj=0.69, ρ_kx_fin=+0.639 -> frac=0.178 | t(attrs)=5.656s, t(frac)=0.004s
[2025-11-07T12:48:05-03:00] <k>=2.50, p=0.002503, px1=0.10, r_kk_obj=-0.50, r_kk_fin=-0.485, ρ_kx_obj=0.80, ρ_kx_fin=+0.643 -> frac=0.180 | t(attrs)=5.015s, t(frac)=0.003s
[2025-11-07T12:48:05-03:00] Curva lista: <k>=2.50, px1=0.10, r_kk_obj=-0.50, r_kk_fin=-0.485, p=0.002503, t_curva=57.03s (t_gen=0.15s, t_rew=44.37s, t_rho_total=12.51s; t_attrs=12.48s, t_frac=0.03s)
[2025-11-07T12:48:09-03:00] Generada red ER: N=1000, <k>_obj=2.50, p=0.002503, L=1286, tiempo=0.133s
[2025-11-07T12:48:09-03:00] Rewire r_kk: objetivo=-0.50, alcanzado=-0.485, |Δ|=0.015, iters=1432, tiempo=44.134s
[2025-11-07T12:48:09-03:00] <k>=2.50, p=0.002503, px1=0.05, r_kk_obj=-0.50, r_kk_fin=-0.485, ρ_kx_obj=0.00, ρ_kx_fin=-0.002 -> frac=0.010 | t(attrs)=0.001s, t(frac)=0.004s
[2025-11-07T12:48:09-03:00] <k>=2.50, p=0.002503, px1=0.05, r_kk_obj=-0.50, r_kk_fin=-0.485, ρ_kx_obj=0.11, ρ_kx_fin=+0.106 -> frac=0.014 | t(attrs)=0.051s, t(frac)=0.006s
[2025-11-07T12:48:09-03:00] <k>=2.50, p=0.002503, px1=0.05, r_kk_obj=-0.50, r_kk_fin=-0.485, ρ_kx_obj=0.23, ρ_kx_fin=+0.219 -> frac=0.030 | t(attrs)=0.056s, t(frac)=0.006s
[2025-11-07T12:48:09-03:00] <k>=2.50, p=0.002503, px1=0.05, r_kk_obj=-0.50, r_kk_fin=-0.485, ρ_kx_obj=0.34, ρ_kx_fin=+0.338 -> frac=0.048 | t(attrs)=0.213s, t(frac)=0.003s
[2025-11-07T12:48:09-03:00] <k>=2.50, p=0.002503, px1=0.05, r_kk_obj=-0.50, r_kk_fin=-0.485, ρ_kx_obj=0.46, ρ_kx_fin=+0.448 -> frac=0.079 | t(attrs)=0.734s, t(frac)=0.004s
[2025-11-07T12:48:09-03:00] <k>=2.50, p=0.002503, px1=0.05, r_kk_obj=-0.50, r_kk_fin=-0.485, ρ_kx_obj=0.57, ρ_kx_fin=+0.532 -> frac=0.099 | t(attrs)=5.416s, t(frac)=0.004s
[2025-11-07T12:48:09-03:00] <k>=2.50, p=0.002503, px1=0.05, r_kk_obj=-0.50, r_kk_fin=-0.485, ρ_kx_obj=0.69, ρ_kx_fin=+0.529 -> frac=0.093 | t(attrs)=5.185s, t(frac)=0.003s
[2025-11-07T12:48:09-03:00] <k>=2.50, p=0.002503, px1=0.05, r_kk_obj=-0.50, r_kk_fin=-0.485, ρ_kx_obj=0.80, ρ_kx_fin=+0.527 -> frac=0.098 | t(attrs)=4.718s, t(frac)=0.003s
[2025-11-07T12:48:09-03:00] Curva lista: <k>=2.50, px1=0.05, r_kk_obj=-0.50, r_kk_fin=-0.485, p=0.002503, t_curva=60.68s (t_gen=0.13s, t_rew=44.13s, t_rho_total=16.41s; t_attrs=16.37s, t_frac=0.03s)
[2025-11-07T12:48:31-03:00] Generada red ER: N=1000, <k>_obj=5.20, p=0.005205, L=2603, tiempo=0.130s
[2025-11-07T12:48:31-03:00] Rewire r_kk: objetivo=+0.50, alcanzado=+0.486, |Δ|=0.014, iters=2433, tiempo=77.106s
[2025-11-07T12:48:31-03:00] <k>=5.20, p=0.005205, px1=0.20, r_kk_obj=+0.50, r_kk_fin=+0.486, ρ_kx_obj=0.00, ρ_kx_fin=+0.008 -> frac=0.050 | t(attrs)=0.011s, t(frac)=0.002s
[2025-11-07T12:48:31-03:00] <k>=5.20, p=0.005205, px1=0.20, r_kk_obj=+0.50, r_kk_fin=+0.486, ρ_kx_obj=0.11, ρ_kx_fin=+0.106 -> frac=0.042 | t(attrs)=0.033s, t(frac)=0.002s
[2025-11-07T12:48:31-03:00] <k>=5.20, p=0.005205, px1=0.20, r_kk_obj=+0.50, r_kk_fin=+0.486, ρ_kx_obj=0.23, ρ_kx_fin=+0.224 -> frac=0.064 | t(attrs)=0.076s, t(frac)=0.003s
[2025-11-07T12:48:31-03:00] <k>=5.20, p=0.005205, px1=0.20, r_kk_obj=+0.50, r_kk_fin=+0.486, ρ_kx_obj=0.34, ρ_kx_fin=+0.333 -> frac=0.066 | t(attrs)=0.135s, t(frac)=0.005s
[2025-11-07T12:48:31-03:00] <k>=5.20, p=0.005205, px1=0.20, r_kk_obj=+0.50, r_kk_fin=+0.486, ρ_kx_obj=0.46, ρ_kx_fin=+0.447 -> frac=0.090 | t(attrs)=0.216s, t(frac)=0.003s
[2025-11-07T12:48:31-03:00] <k>=5.20, p=0.005205, px1=0.20, r_kk_obj=+0.50, r_kk_fin=+0.486, ρ_kx_obj=0.57, ρ_kx_fin=+0.562 -> frac=0.115 | t(attrs)=0.409s, t(frac)=0.004s
[2025-11-07T12:48:31-03:00] <k>=5.20, p=0.005205, px1=0.20, r_kk_obj=+0.50, r_kk_fin=+0.486, ρ_kx_obj=0.69, ρ_kx_fin=+0.676 -> frac=0.149 | t(attrs)=0.890s, t(frac)=0.003s
[2025-11-07T12:48:31-03:00] <k>=5.20, p=0.005205, px1=0.20, r_kk_obj=+0.50, r_kk_fin=+0.486, ρ_kx_obj=0.80, ρ_kx_fin=+0.730 -> frac=0.164 | t(attrs)=3.541s, t(frac)=0.003s
[2025-11-07T12:48:31-03:00] Curva lista: <k>=5.20, px1=0.20, r_kk_obj=+0.50, r_kk_fin=+0.486, p=0.005205, t_curva=82.58s (t_gen=0.13s, t_rew=77.11s, t_rho_total=5.34s; t_attrs=5.31s, t_frac=0.03s)
[2025-11-07T12:48:33-03:00] Generada red ER: N=1000, <k>_obj=5.20, p=0.005205, L=2603, tiempo=0.126s
[2025-11-07T12:48:33-03:00] Rewire r_kk: objetivo=+0.50, alcanzado=+0.486, |Δ|=0.014, iters=2433, tiempo=76.939s
[2025-11-07T12:48:33-03:00] <k>=5.20, p=0.005205, px1=0.10, r_kk_obj=+0.50, r_kk_fin=+0.486, ρ_kx_obj=0.00, ρ_kx_fin=-0.007 -> frac=0.007 | t(attrs)=0.001s, t(frac)=0.003s
[2025-11-07T12:48:33-03:00] <k>=5.20, p=0.005205, px1=0.10, r_kk_obj=+0.50, r_kk_fin=+0.486, ρ_kx_obj=0.11, ρ_kx_fin=+0.107 -> frac=0.008 | t(attrs)=0.031s, t(frac)=0.003s
[2025-11-07T12:48:33-03:00] <k>=5.20, p=0.005205, px1=0.10, r_kk_obj=+0.50, r_kk_fin=+0.486, ρ_kx_obj=0.23, ρ_kx_fin=+0.220 -> frac=0.007 | t(attrs)=0.052s, t(frac)=0.002s
[2025-11-07T12:48:33-03:00] <k>=5.20, p=0.005205, px1=0.10, r_kk_obj=+0.50, r_kk_fin=+0.486, ρ_kx_obj=0.34, ρ_kx_fin=+0.334 -> frac=0.015 | t(attrs)=0.135s, t(frac)=0.003s
[2025-11-07T12:48:33-03:00] <k>=5.20, p=0.005205, px1=0.10, r_kk_obj=+0.50, r_kk_fin=+0.486, ρ_kx_obj=0.46, ρ_kx_fin=+0.448 -> frac=0.020 | t(attrs)=0.249s, t(frac)=0.003s
[2025-11-07T12:48:33-03:00] <k>=5.20, p=0.005205, px1=0.10, r_kk_obj=+0.50, r_kk_fin=+0.486, ρ_kx_obj=0.57, ρ_kx_fin=+0.562 -> frac=0.026 | t(attrs)=0.631s, t(frac)=0.004s
[2025-11-07T12:48:33-03:00] <k>=5.20, p=0.005205, px1=0.10, r_kk_obj=+0.50, r_kk_fin=+0.486, ρ_kx_obj=0.69, ρ_kx_fin=+0.631 -> frac=0.034 | t(attrs)=3.532s, t(frac)=0.004s
[2025-11-07T12:48:33-03:00] <k>=5.20, p=0.005205, px1=0.10, r_kk_obj=+0.50, r_kk_fin=+0.486, ρ_kx_obj=0.80, ρ_kx_fin=+0.627 -> frac=0.034 | t(attrs)=3.388s, t(frac)=0.004s
[2025-11-07T12:48:33-03:00] Curva lista: <k>=5.20, px1=0.10, r_kk_obj=+0.50, r_kk_fin=+0.486, p=0.005205, t_curva=85.11s (t_gen=0.13s, t_rew=76.94s, t_rho_total=8.04s; t_attrs=8.02s, t_frac=0.03s)
[2025-11-07T12:48:35-03:00] Generada red ER: N=1000, <k>_obj=5.20, p=0.005205, L=2603, tiempo=0.087s
[2025-11-07T12:48:35-03:00] Rewire r_kk: objetivo=+0.50, alcanzado=+0.486, |Δ|=0.014, iters=2433, tiempo=77.590s
[2025-11-07T12:48:35-03:00] <k>=5.20, p=0.005205, px1=0.05, r_kk_obj=+0.50, r_kk_fin=+0.486, ρ_kx_obj=0.00, ρ_kx_fin=+0.008 -> frac=0.002 | t(attrs)=0.002s, t(frac)=0.004s
[2025-11-07T12:48:35-03:00] <k>=5.20, p=0.005205, px1=0.05, r_kk_obj=+0.50, r_kk_fin=+0.486, ρ_kx_obj=0.11, ρ_kx_fin=+0.107 -> frac=0.001 | t(attrs)=0.016s, t(frac)=0.003s
[2025-11-07T12:48:35-03:00] <k>=5.20, p=0.005205, px1=0.05, r_kk_obj=+0.50, r_kk_fin=+0.486, ρ_kx_obj=0.23, ρ_kx_fin=+0.222 -> frac=0.003 | t(attrs)=0.062s, t(frac)=0.003s
[2025-11-07T12:48:35-03:00] <k>=5.20, p=0.005205, px1=0.05, r_kk_obj=+0.50, r_kk_fin=+0.486, ρ_kx_obj=0.34, ρ_kx_fin=+0.334 -> frac=0.002 | t(attrs)=0.142s, t(frac)=0.004s
[2025-11-07T12:48:35-03:00] <k>=5.20, p=0.005205, px1=0.05, r_kk_obj=+0.50, r_kk_fin=+0.486, ρ_kx_obj=0.46, ρ_kx_fin=+0.448 -> frac=0.003 | t(attrs)=0.382s, t(frac)=0.004s
[2025-11-07T12:48:35-03:00] <k>=5.20, p=0.005205, px1=0.05, r_kk_obj=+0.50, r_kk_fin=+0.486, ρ_kx_obj=0.57, ρ_kx_fin=+0.517 -> frac=0.006 | t(attrs)=3.546s, t(frac)=0.003s
[2025-11-07T12:48:35-03:00] <k>=5.20, p=0.005205, px1=0.05, r_kk_obj=+0.50, r_kk_fin=+0.486, ρ_kx_obj=0.69, ρ_kx_fin=+0.515 -> frac=0.008 | t(attrs)=3.378s, t(frac)=0.003s
[2025-11-07T12:48:35-03:00] <k>=5.20, p=0.005205, px1=0.05, r_kk_obj=+0.50, r_kk_fin=+0.486, ρ_kx_obj=0.80, ρ_kx_fin=+0.513 -> frac=0.009 | t(attrs)=3.023s, t(frac)=0.003s
[2025-11-07T12:48:35-03:00] Curva lista: <k>=5.20, px1=0.05, r_kk_obj=+0.50, r_kk_fin=+0.486, p=0.005205, t_curva=88.26s (t_gen=0.09s, t_rew=77.59s, t_rho_total=10.58s; t_attrs=10.55s, t_frac=0.03s)
[2025-11-07T12:48:35-03:00] Generada red ER: N=1000, <k>_obj=5.20, p=0.005205, L=2603, tiempo=0.114s
[2025-11-07T12:48:35-03:00] Rewire r_kk: objetivo=-0.50, alcanzado=-0.485, |Δ|=0.015, iters=2716, tiempo=82.617s
[2025-11-07T12:48:35-03:00] <k>=5.20, p=0.005205, px1=0.20, r_kk_obj=-0.50, r_kk_fin=-0.485, ρ_kx_obj=0.00, ρ_kx_fin=-0.009 -> frac=0.041 | t(attrs)=0.001s, t(frac)=0.004s
[2025-11-07T12:48:35-03:00] <k>=5.20, p=0.005205, px1=0.20, r_kk_obj=-0.50, r_kk_fin=-0.485, ρ_kx_obj=0.11, ρ_kx_fin=+0.109 -> frac=0.063 | t(attrs)=0.018s, t(frac)=0.003s
[2025-11-07T12:48:35-03:00] <k>=5.20, p=0.005205, px1=0.20, r_kk_obj=-0.50, r_kk_fin=-0.485, ρ_kx_obj=0.23, ρ_kx_fin=+0.221 -> frac=0.097 | t(attrs)=0.080s, t(frac)=0.004s
[2025-11-07T12:48:35-03:00] <k>=5.20, p=0.005205, px1=0.20, r_kk_obj=-0.50, r_kk_fin=-0.485, ρ_kx_obj=0.34, ρ_kx_fin=+0.342 -> frac=0.130 | t(attrs)=0.113s, t(frac)=0.003s
[2025-11-07T12:48:35-03:00] <k>=5.20, p=0.005205, px1=0.20, r_kk_obj=-0.50, r_kk_fin=-0.485, ρ_kx_obj=0.46, ρ_kx_fin=+0.448 -> frac=0.177 | t(attrs)=0.207s, t(frac)=0.003s
[2025-11-07T12:48:35-03:00] <k>=5.20, p=0.005205, px1=0.20, r_kk_obj=-0.50, r_kk_fin=-0.485, ρ_kx_obj=0.57, ρ_kx_fin=+0.564 -> frac=0.216 | t(attrs)=0.369s, t(frac)=0.003s
[2025-11-07T12:48:35-03:00] <k>=5.20, p=0.005205, px1=0.20, r_kk_obj=-0.50, r_kk_fin=-0.485, ρ_kx_obj=0.69, ρ_kx_fin=+0.676 -> frac=0.249 | t(attrs)=0.888s, t(frac)=0.002s
[2025-11-07T12:48:35-03:00] <k>=5.20, p=0.005205, px1=0.20, r_kk_obj=-0.50, r_kk_fin=-0.485, ρ_kx_obj=0.80, ρ_kx_fin=+0.730 -> frac=0.276 | t(attrs)=2.983s, t(frac)=0.002s
[2025-11-07T12:48:35-03:00] Curva lista: <k>=5.20, px1=0.20, r_kk_obj=-0.50, r_kk_fin=-0.485, p=0.005205, t_curva=87.42s (t_gen=0.11s, t_rew=82.62s, t_rho_total=4.68s; t_attrs=4.66s, t_frac=0.02s)
[2025-11-07T12:48:38-03:00] Generada red ER: N=1000, <k>_obj=5.20, p=0.005205, L=2603, tiempo=0.105s
[2025-11-07T12:48:38-03:00] Rewire r_kk: objetivo=-0.50, alcanzado=-0.485, |Δ|=0.015, iters=2716, tiempo=84.051s
[2025-11-07T12:48:38-03:00] <k>=5.20, p=0.005205, px1=0.10, r_kk_obj=-0.50, r_kk_fin=-0.485, ρ_kx_obj=0.00, ρ_kx_fin=+0.007 -> frac=0.010 | t(attrs)=0.001s, t(frac)=0.002s
[2025-11-07T12:48:38-03:00] <k>=5.20, p=0.005205, px1=0.10, r_kk_obj=-0.50, r_kk_fin=-0.485, ρ_kx_obj=0.11, ρ_kx_fin=+0.107 -> frac=0.019 | t(attrs)=0.022s, t(frac)=0.004s
[2025-11-07T12:48:38-03:00] <k>=5.20, p=0.005205, px1=0.10, r_kk_obj=-0.50, r_kk_fin=-0.485, ρ_kx_obj=0.23, ρ_kx_fin=+0.221 -> frac=0.026 | t(attrs)=0.079s, t(frac)=0.002s
[2025-11-07T12:48:38-03:00] <k>=5.20, p=0.005205, px1=0.10, r_kk_obj=-0.50, r_kk_fin=-0.485, ρ_kx_obj=0.34, ρ_kx_fin=+0.334 -> frac=0.044 | t(attrs)=0.114s, t(frac)=0.003s
[2025-11-07T12:48:38-03:00] <k>=5.20, p=0.005205, px1=0.10, r_kk_obj=-0.50, r_kk_fin=-0.485, ρ_kx_obj=0.46, ρ_kx_fin=+0.449 -> frac=0.064 | t(attrs)=0.260s, t(frac)=0.002s
[2025-11-07T12:48:38-03:00] <k>=5.20, p=0.005205, px1=0.10, r_kk_obj=-0.50, r_kk_fin=-0.485, ρ_kx_obj=0.57, ρ_kx_fin=+0.566 -> frac=0.103 | t(attrs)=0.443s, t(frac)=0.003s
[2025-11-07T12:48:38-03:00] <k>=5.20, p=0.005205, px1=0.10, r_kk_obj=-0.50, r_kk_fin=-0.485, ρ_kx_obj=0.69, ρ_kx_fin=+0.622 -> frac=0.118 | t(attrs)=2.976s, t(frac)=0.002s
[2025-11-07T12:48:38-03:00] <k>=5.20, p=0.005205, px1=0.10, r_kk_obj=-0.50, r_kk_fin=-0.485, ρ_kx_obj=0.80, ρ_kx_fin=+0.628 -> frac=0.119 | t(attrs)=2.329s, t(frac)=0.002s
[2025-11-07T12:48:38-03:00] Curva lista: <k>=5.20, px1=0.10, r_kk_obj=-0.50, r_kk_fin=-0.485, p=0.005205, t_curva=90.40s (t_gen=0.11s, t_rew=84.05s, t_rho_total=6.25s; t_attrs=6.22s, t_frac=0.02s)
[2025-11-07T12:48:39-03:00] Generada red ER: N=1000, <k>_obj=5.20, p=0.005205, L=2603, tiempo=0.104s
[2025-11-07T12:48:39-03:00] Rewire r_kk: objetivo=-0.50, alcanzado=-0.485, |Δ|=0.015, iters=2716, tiempo=82.992s
[2025-11-07T12:48:39-03:00] <k>=5.20, p=0.005205, px1=0.05, r_kk_obj=-0.50, r_kk_fin=-0.485, ρ_kx_obj=0.00, ρ_kx_fin=+0.010 -> frac=0.002 | t(attrs)=0.001s, t(frac)=0.002s
[2025-11-07T12:48:39-03:00] <k>=5.20, p=0.005205, px1=0.05, r_kk_obj=-0.50, r_kk_fin=-0.485, ρ_kx_obj=0.11, ρ_kx_fin=+0.105 -> frac=0.007 | t(attrs)=0.019s, t(frac)=0.004s
[2025-11-07T12:48:39-03:00] <k>=5.20, p=0.005205, px1=0.05, r_kk_obj=-0.50, r_kk_fin=-0.485, ρ_kx_obj=0.23, ρ_kx_fin=+0.224 -> frac=0.007 | t(attrs)=0.056s, t(frac)=0.003s
[2025-11-07T12:48:39-03:00] <k>=5.20, p=0.005205, px1=0.05, r_kk_obj=-0.50, r_kk_fin=-0.485, ρ_kx_obj=0.34, ρ_kx_fin=+0.336 -> frac=0.024 | t(attrs)=0.135s, t(frac)=0.003s
[2025-11-07T12:48:39-03:00] <k>=5.20, p=0.005205, px1=0.05, r_kk_obj=-0.50, r_kk_fin=-0.485, ρ_kx_obj=0.46, ρ_kx_fin=+0.448 -> frac=0.042 | t(attrs)=0.535s, t(frac)=0.003s
[2025-11-07T12:48:39-03:00] <k>=5.20, p=0.005205, px1=0.05, r_kk_obj=-0.50, r_kk_fin=-0.485, ρ_kx_obj=0.57, ρ_kx_fin=+0.515 -> frac=0.050 | t(attrs)=3.282s, t(frac)=0.004s
[2025-11-07T12:48:39-03:00] <k>=5.20, p=0.005205, px1=0.05, r_kk_obj=-0.50, r_kk_fin=-0.485, ρ_kx_obj=0.69, ρ_kx_fin=+0.513 -> frac=0.046 | t(attrs)=2.704s, t(frac)=0.002s
[2025-11-07T12:48:39-03:00] <k>=5.20, p=0.005205, px1=0.05, r_kk_obj=-0.50, r_kk_fin=-0.485, ρ_kx_obj=0.80, ρ_kx_fin=+0.513 -> frac=0.049 | t(attrs)=2.226s, t(frac)=0.002s
[2025-11-07T12:48:39-03:00] Curva lista: <k>=5.20, px1=0.05, r_kk_obj=-0.50, r_kk_fin=-0.485, p=0.005205, t_curva=92.08s (t_gen=0.10s, t_rew=82.99s, t_rho_total=8.98s; t_attrs=8.96s, t_frac=0.02s)
[2025-11-07T12:48:39-03:00] Generando figura...
[2025-11-07T12:48:40-03:00] Figuras guardadas en: run-e2r\251107124701_N1000\fig3_ER.png y run-e2r\251107124701_N1000\fig3_ER.pdf
[2025-11-07T12:48:40-03:00] Fin experimento Fig3-ER | tiempo total=99.44s (~1.66 min) | carpeta=run-e2r\251107124701_N1000
