[2025-11-07T10:19:31-03:00] Inicio experimento Fig3-ER (paralelo por procesos) | carpeta=run-e2r\N10000_251107-101931
[2025-11-07T10:19:31-03:00] Procesos: deseados=18, usados=18, cpu_count=22
[2025-11-07T10:19:31-03:00] Parámetros: N=10000, <k>=[5.2, 2.5], px1=[0.05, 0.1, 0.2], r_kk=[-0.5, 0.0, 0.5], ρ_kx=[np.float64(0.0), np.float64(0.1), np.float64(0.2), np.float64(0.3), np.float64(0.4), np.float64(0.5), np.float64(0.6)], seed=12021974
[2025-11-07T10:19:56-03:00] Generada red ER: N=10000, <k>_obj=5.20, p=0.000520, L=25851, tiempo=6.295s
[2025-11-07T10:19:56-03:00] Rewire r_kk: objetivo=+0.00, alcanzado=-0.002, |Δ|=0.002, iters=0, tiempo=0.209s
[2025-11-07T10:19:56-03:00] <k>=5.20, p=0.000520, px1=0.20, r_kk_obj=+0.00, r_kk_fin=-0.002, ρ_kx_obj=0.00, ρ_kx_fin=-0.004 -> frac=0.047 | t(attrs)=0.001s, t(frac)=0.044s
[2025-11-07T10:19:56-03:00] <k>=5.20, p=0.000520, px1=0.20, r_kk_obj=+0.00, r_kk_fin=-0.002, ρ_kx_obj=0.10, ρ_kx_fin=+0.090 -> frac=0.053 | t(attrs)=0.293s, t(frac)=0.036s
[2025-11-07T10:19:56-03:00] <k>=5.20, p=0.000520, px1=0.20, r_kk_obj=+0.00, r_kk_fin=-0.002, ρ_kx_obj=0.20, ρ_kx_fin=+0.191 -> frac=0.065 | t(attrs)=0.885s, t(frac)=0.041s
[2025-11-07T10:19:56-03:00] <k>=5.20, p=0.000520, px1=0.20, r_kk_obj=+0.00, r_kk_fin=-0.002, ρ_kx_obj=0.30, ρ_kx_fin=+0.291 -> frac=0.077 | t(attrs)=1.707s, t(frac)=0.039s
[2025-11-07T10:19:56-03:00] <k>=5.20, p=0.000520, px1=0.20, r_kk_obj=+0.00, r_kk_fin=-0.002, ρ_kx_obj=0.40, ρ_kx_fin=+0.390 -> frac=0.094 | t(attrs)=2.318s, t(frac)=0.021s
[2025-11-07T10:19:56-03:00] <k>=5.20, p=0.000520, px1=0.20, r_kk_obj=+0.00, r_kk_fin=-0.002, ρ_kx_obj=0.50, ρ_kx_fin=+0.490 -> frac=0.111 | t(attrs)=3.571s, t(frac)=0.041s
[2025-11-07T10:19:56-03:00] <k>=5.20, p=0.000520, px1=0.20, r_kk_obj=+0.00, r_kk_fin=-0.002, ρ_kx_obj=0.60, ρ_kx_fin=+0.532 -> frac=0.118 | t(attrs)=5.818s, t(frac)=0.042s
[2025-11-07T10:19:56-03:00] Curva lista: <k>=5.20, px1=0.20, r_kk_obj=+0.00, r_kk_fin=-0.002, p=0.000520, t_curva=21.37s (t_gen=6.29s, t_rew=0.21s, t_rho_total=14.86s; t_attrs=14.59s, t_frac=0.26s)
[2025-11-07T10:19:57-03:00] Generada red ER: N=10000, <k>_obj=5.20, p=0.000520, L=25851, tiempo=6.226s
[2025-11-07T10:19:57-03:00] Rewire r_kk: objetivo=+0.00, alcanzado=-0.002, |Δ|=0.002, iters=0, tiempo=0.194s
[2025-11-07T10:19:57-03:00] <k>=5.20, p=0.000520, px1=0.10, r_kk_obj=+0.00, r_kk_fin=-0.002, ρ_kx_obj=0.00, ρ_kx_fin=-0.005 -> frac=0.010 | t(attrs)=0.001s, t(frac)=0.033s
[2025-11-07T10:19:57-03:00] <k>=5.20, p=0.000520, px1=0.10, r_kk_obj=+0.00, r_kk_fin=-0.002, ρ_kx_obj=0.10, ρ_kx_fin=+0.090 -> frac=0.013 | t(attrs)=0.255s, t(frac)=0.033s
[2025-11-07T10:19:57-03:00] <k>=5.20, p=0.000520, px1=0.10, r_kk_obj=+0.00, r_kk_fin=-0.002, ρ_kx_obj=0.20, ρ_kx_fin=+0.190 -> frac=0.017 | t(attrs)=0.775s, t(frac)=0.040s
[2025-11-07T10:19:57-03:00] <k>=5.20, p=0.000520, px1=0.10, r_kk_obj=+0.00, r_kk_fin=-0.002, ρ_kx_obj=0.30, ρ_kx_fin=+0.291 -> frac=0.021 | t(attrs)=1.451s, t(frac)=0.039s
[2025-11-07T10:19:57-03:00] <k>=5.20, p=0.000520, px1=0.10, r_kk_obj=+0.00, r_kk_fin=-0.002, ρ_kx_obj=0.40, ρ_kx_fin=+0.390 -> frac=0.025 | t(attrs)=2.871s, t(frac)=0.021s
[2025-11-07T10:19:57-03:00] <k>=5.20, p=0.000520, px1=0.10, r_kk_obj=+0.00, r_kk_fin=-0.002, ρ_kx_obj=0.50, ρ_kx_fin=+0.490 -> frac=0.030 | t(attrs)=5.211s, t(frac)=0.042s
[2025-11-07T10:19:57-03:00] <k>=5.20, p=0.000520, px1=0.10, r_kk_obj=+0.00, r_kk_fin=-0.002, ρ_kx_obj=0.60, ρ_kx_fin=+0.508 -> frac=0.030 | t(attrs)=5.638s, t(frac)=0.044s
[2025-11-07T10:19:57-03:00] Curva lista: <k>=5.20, px1=0.10, r_kk_obj=+0.00, r_kk_fin=-0.002, p=0.000520, t_curva=22.89s (t_gen=6.23s, t_rew=0.19s, t_rho_total=16.45s; t_attrs=16.20s, t_frac=0.25s)
[2025-11-07T10:19:57-03:00] Generada red ER: N=10000, <k>_obj=5.20, p=0.000520, L=25851, tiempo=6.283s
[2025-11-07T10:19:57-03:00] Rewire r_kk: objetivo=+0.00, alcanzado=-0.002, |Δ|=0.002, iters=0, tiempo=0.203s
[2025-11-07T10:19:57-03:00] <k>=5.20, p=0.000520, px1=0.05, r_kk_obj=+0.00, r_kk_fin=-0.002, ρ_kx_obj=0.00, ρ_kx_fin=+0.006 -> frac=0.004 | t(attrs)=0.001s, t(frac)=0.025s
[2025-11-07T10:19:57-03:00] <k>=5.20, p=0.000520, px1=0.05, r_kk_obj=+0.00, r_kk_fin=-0.002, ρ_kx_obj=0.10, ρ_kx_fin=+0.090 -> frac=0.003 | t(attrs)=0.190s, t(frac)=0.031s
[2025-11-07T10:19:57-03:00] <k>=5.20, p=0.000520, px1=0.05, r_kk_obj=+0.00, r_kk_fin=-0.002, ρ_kx_obj=0.20, ρ_kx_fin=+0.190 -> frac=0.006 | t(attrs)=0.504s, t(frac)=0.041s
[2025-11-07T10:19:57-03:00] <k>=5.20, p=0.000520, px1=0.05, r_kk_obj=+0.00, r_kk_fin=-0.002, ρ_kx_obj=0.30, ρ_kx_fin=+0.290 -> frac=0.006 | t(attrs)=1.332s, t(frac)=0.037s
[2025-11-07T10:19:57-03:00] <k>=5.20, p=0.000520, px1=0.05, r_kk_obj=+0.00, r_kk_fin=-0.002, ρ_kx_obj=0.40, ρ_kx_fin=+0.390 -> frac=0.010 | t(attrs)=3.835s, t(frac)=0.034s
[2025-11-07T10:19:57-03:00] <k>=5.20, p=0.000520, px1=0.05, r_kk_obj=+0.00, r_kk_fin=-0.002, ρ_kx_obj=0.50, ρ_kx_fin=+0.428 -> frac=0.009 | t(attrs)=5.249s, t(frac)=0.042s
[2025-11-07T10:19:57-03:00] <k>=5.20, p=0.000520, px1=0.05, r_kk_obj=+0.00, r_kk_fin=-0.002, ρ_kx_obj=0.60, ρ_kx_fin=+0.423 -> frac=0.009 | t(attrs)=5.553s, t(frac)=0.037s
[2025-11-07T10:19:57-03:00] Curva lista: <k>=5.20, px1=0.05, r_kk_obj=+0.00, r_kk_fin=-0.002, p=0.000520, t_curva=23.41s (t_gen=6.28s, t_rew=0.20s, t_rho_total=16.91s; t_attrs=16.66s, t_frac=0.25s)
[2025-11-07T10:19:58-03:00] Generada red ER: N=10000, <k>_obj=2.50, p=0.000250, L=12479, tiempo=6.213s
[2025-11-07T10:19:58-03:00] Rewire r_kk: objetivo=+0.00, alcanzado=+0.002, |Δ|=0.002, iters=0, tiempo=0.120s
[2025-11-07T10:19:58-03:00] <k>=2.50, p=0.000250, px1=0.20, r_kk_obj=+0.00, r_kk_fin=+0.002, ρ_kx_obj=0.00, ρ_kx_fin=-0.010 -> frac=0.083 | t(attrs)=0.027s, t(frac)=0.036s
[2025-11-07T10:19:58-03:00] <k>=2.50, p=0.000250, px1=0.20, r_kk_obj=+0.00, r_kk_fin=+0.002, ρ_kx_obj=0.10, ρ_kx_fin=+0.090 -> frac=0.096 | t(attrs)=0.457s, t(frac)=0.032s
[2025-11-07T10:19:58-03:00] <k>=2.50, p=0.000250, px1=0.20, r_kk_obj=+0.00, r_kk_fin=+0.002, ρ_kx_obj=0.20, ρ_kx_fin=+0.190 -> frac=0.114 | t(attrs)=0.906s, t(frac)=0.034s
[2025-11-07T10:19:58-03:00] <k>=2.50, p=0.000250, px1=0.20, r_kk_obj=+0.00, r_kk_fin=+0.002, ρ_kx_obj=0.30, ρ_kx_fin=+0.291 -> frac=0.139 | t(attrs)=1.800s, t(frac)=0.034s
[2025-11-07T10:19:58-03:00] <k>=2.50, p=0.000250, px1=0.20, r_kk_obj=+0.00, r_kk_fin=+0.002, ρ_kx_obj=0.40, ρ_kx_fin=+0.391 -> frac=0.156 | t(attrs)=2.906s, t(frac)=0.032s
[2025-11-07T10:19:58-03:00] <k>=2.50, p=0.000250, px1=0.20, r_kk_obj=+0.00, r_kk_fin=+0.002, ρ_kx_obj=0.50, ρ_kx_fin=+0.490 -> frac=0.178 | t(attrs)=4.460s, t(frac)=0.030s
[2025-11-07T10:19:58-03:00] <k>=2.50, p=0.000250, px1=0.20, r_kk_obj=+0.00, r_kk_fin=+0.002, ρ_kx_obj=0.60, ρ_kx_fin=+0.535 -> frac=0.189 | t(attrs)=5.715s, t(frac)=0.029s
[2025-11-07T10:19:58-03:00] Curva lista: <k>=2.50, px1=0.20, r_kk_obj=+0.00, r_kk_fin=+0.002, p=0.000250, t_curva=22.89s (t_gen=6.21s, t_rew=0.12s, t_rho_total=16.50s; t_attrs=16.27s, t_frac=0.23s)
[2025-11-07T10:19:58-03:00] Generada red ER: N=10000, <k>_obj=2.50, p=0.000250, L=12479, tiempo=6.201s
[2025-11-07T10:19:58-03:00] Rewire r_kk: objetivo=+0.00, alcanzado=+0.002, |Δ|=0.002, iters=0, tiempo=0.117s
[2025-11-07T10:19:58-03:00] <k>=2.50, p=0.000250, px1=0.10, r_kk_obj=+0.00, r_kk_fin=+0.002, ρ_kx_obj=0.00, ρ_kx_fin=+0.007 -> frac=0.029 | t(attrs)=0.001s, t(frac)=0.026s
[2025-11-07T10:19:58-03:00] <k>=2.50, p=0.000250, px1=0.10, r_kk_obj=+0.00, r_kk_fin=+0.002, ρ_kx_obj=0.10, ρ_kx_fin=+0.090 -> frac=0.040 | t(attrs)=0.237s, t(frac)=0.027s
[2025-11-07T10:19:58-03:00] <k>=2.50, p=0.000250, px1=0.10, r_kk_obj=+0.00, r_kk_fin=+0.002, ρ_kx_obj=0.20, ρ_kx_fin=+0.190 -> frac=0.045 | t(attrs)=0.741s, t(frac)=0.028s
[2025-11-07T10:19:58-03:00] <k>=2.50, p=0.000250, px1=0.10, r_kk_obj=+0.00, r_kk_fin=+0.002, ρ_kx_obj=0.30, ρ_kx_fin=+0.290 -> frac=0.053 | t(attrs)=1.322s, t(frac)=0.031s
[2025-11-07T10:19:58-03:00] <k>=2.50, p=0.000250, px1=0.10, r_kk_obj=+0.00, r_kk_fin=+0.002, ρ_kx_obj=0.40, ρ_kx_fin=+0.390 -> frac=0.068 | t(attrs)=3.074s, t(frac)=0.029s
[2025-11-07T10:19:58-03:00] <k>=2.50, p=0.000250, px1=0.10, r_kk_obj=+0.00, r_kk_fin=+0.002, ρ_kx_obj=0.50, ρ_kx_fin=+0.490 -> frac=0.078 | t(attrs)=5.246s, t(frac)=0.041s
[2025-11-07T10:19:58-03:00] <k>=2.50, p=0.000250, px1=0.10, r_kk_obj=+0.00, r_kk_fin=+0.002, ρ_kx_obj=0.60, ρ_kx_fin=+0.501 -> frac=0.077 | t(attrs)=5.898s, t(frac)=0.023s
[2025-11-07T10:19:58-03:00] Curva lista: <k>=2.50, px1=0.10, r_kk_obj=+0.00, r_kk_fin=+0.002, p=0.000250, t_curva=23.11s (t_gen=6.20s, t_rew=0.12s, t_rho_total=16.72s; t_attrs=16.52s, t_frac=0.20s)
[2025-11-07T10:19:59-03:00] Generada red ER: N=10000, <k>_obj=2.50, p=0.000250, L=12479, tiempo=6.281s
[2025-11-07T10:19:59-03:00] Rewire r_kk: objetivo=+0.00, alcanzado=+0.002, |Δ|=0.002, iters=0, tiempo=0.113s
[2025-11-07T10:19:59-03:00] <k>=2.50, p=0.000250, px1=0.05, r_kk_obj=+0.00, r_kk_fin=+0.002, ρ_kx_obj=0.00, ρ_kx_fin=-0.002 -> frac=0.013 | t(attrs)=0.001s, t(frac)=0.035s
[2025-11-07T10:19:59-03:00] <k>=2.50, p=0.000250, px1=0.05, r_kk_obj=+0.00, r_kk_fin=+0.002, ρ_kx_obj=0.10, ρ_kx_fin=+0.090 -> frac=0.017 | t(attrs)=0.197s, t(frac)=0.035s
[2025-11-07T10:19:59-03:00] <k>=2.50, p=0.000250, px1=0.05, r_kk_obj=+0.00, r_kk_fin=+0.002, ρ_kx_obj=0.20, ρ_kx_fin=+0.191 -> frac=0.019 | t(attrs)=0.637s, t(frac)=0.035s
[2025-11-07T10:19:59-03:00] <k>=2.50, p=0.000250, px1=0.05, r_kk_obj=+0.00, r_kk_fin=+0.002, ρ_kx_obj=0.30, ρ_kx_fin=+0.291 -> frac=0.025 | t(attrs)=1.387s, t(frac)=0.029s
[2025-11-07T10:19:59-03:00] <k>=2.50, p=0.000250, px1=0.05, r_kk_obj=+0.00, r_kk_fin=+0.002, ρ_kx_obj=0.40, ρ_kx_fin=+0.390 -> frac=0.031 | t(attrs)=3.613s, t(frac)=0.035s
[2025-11-07T10:19:59-03:00] <k>=2.50, p=0.000250, px1=0.05, r_kk_obj=+0.00, r_kk_fin=+0.002, ρ_kx_obj=0.50, ρ_kx_fin=+0.437 -> frac=0.032 | t(attrs)=5.586s, t(frac)=0.036s
[2025-11-07T10:19:59-03:00] <k>=2.50, p=0.000250, px1=0.05, r_kk_obj=+0.00, r_kk_fin=+0.002, ρ_kx_obj=0.60, ρ_kx_fin=+0.448 -> frac=0.035 | t(attrs)=5.641s, t(frac)=0.030s
[2025-11-07T10:19:59-03:00] Curva lista: <k>=2.50, px1=0.05, r_kk_obj=+0.00, r_kk_fin=+0.002, p=0.000250, t_curva=23.76s (t_gen=6.28s, t_rew=0.11s, t_rho_total=17.30s; t_attrs=17.06s, t_frac=0.23s)
