[2025-11-07T09:01:53-03:00] Inicio experimento Fig3-ER (paralelo por hilos) | carpeta=run-e2r\N1000_251107-090153
[2025-11-07T09:01:53-03:00] Hilos: deseado=8, usados=8, cpu_count=22
[2025-11-07T09:01:53-03:00] Parámetros: N=1000, <k>=[5.2, 2.5], px1=[0.05, 0.1, 0.2], r_kk=[-0.5, 0.0, 0.5], ρ_kx=[np.float64(0.0), np.float64(0.1), np.float64(0.2), np.float64(0.3), np.float64(0.4), np.float64(0.5), np.float64(0.6)], seed=12021974
[2025-11-07T09:01:54-03:00] Generada red ER: N=1000, <k>_obj=5.20, p=0.005205, L=2603, tiempo=0.030s
[2025-11-07T09:02:05-03:00] Rewire r_kk: objetivo=-0.50, alcanzado=-0.220, |Δ|=0.280, iters=1000, tiempo=10.989s
[2025-11-07T09:02:05-03:00] <k>=5.20, p=0.005205, px1=0.05, r_kk_obj=-0.50, r_kk_fin=-0.220, ρ_kx_obj=0.00, ρ_kx_fin=+0.010 -> frac=0.004 | t(attrs)=0.001s, t(frac)=0.001s
[2025-11-07T09:02:05-03:00] <k>=5.20, p=0.005205, px1=0.05, r_kk_obj=-0.50, r_kk_fin=-0.220, ρ_kx_obj=0.10, ρ_kx_fin=+0.101 -> frac=0.002 | t(attrs)=0.090s, t(frac)=0.002s
[2025-11-07T09:02:05-03:00] <k>=5.20, p=0.005205, px1=0.05, r_kk_obj=-0.50, r_kk_fin=-0.220, ρ_kx_obj=0.20, ρ_kx_fin=+0.195 -> frac=0.010 | t(attrs)=0.257s, t(frac)=0.002s
[2025-11-07T09:02:05-03:00] <k>=5.20, p=0.005205, px1=0.05, r_kk_obj=-0.50, r_kk_fin=-0.220, ρ_kx_obj=0.30, ρ_kx_fin=+0.291 -> frac=0.006 | t(attrs)=0.519s, t(frac)=0.002s
[2025-11-07T09:02:05-03:00] <k>=5.20, p=0.005205, px1=0.05, r_kk_obj=-0.50, r_kk_fin=-0.220, ρ_kx_obj=0.40, ρ_kx_fin=+0.391 -> frac=0.016 | t(attrs)=0.626s, t(frac)=0.002s
[2025-11-07T09:02:05-03:00] <k>=5.20, p=0.005205, px1=0.05, r_kk_obj=-0.50, r_kk_fin=-0.220, ρ_kx_obj=0.60, ρ_kx_fin=+0.417 -> frac=0.015 | t(attrs)=0.949s, t(frac)=0.002s
[2025-11-07T09:02:05-03:00] <k>=5.20, p=0.005205, px1=0.05, r_kk_obj=-0.50, r_kk_fin=-0.220, ρ_kx_obj=0.50, ρ_kx_fin=+0.431 -> frac=0.014 | t(attrs)=0.954s, t(frac)=0.002s
[2025-11-07T09:02:05-03:00] Rewire r_kk: objetivo=+0.00, alcanzado=-0.001, |Δ|=0.001, iters=0, tiempo=0.006s
[2025-11-07T09:02:06-03:00] <k>=5.20, p=0.005205, px1=0.05, r_kk_obj=+0.00, r_kk_fin=-0.001, ρ_kx_obj=0.00, ρ_kx_fin=-0.007 -> frac=0.004 | t(attrs)=0.070s, t(frac)=0.002s
[2025-11-07T09:02:06-03:00] <k>=5.20, p=0.005205, px1=0.05, r_kk_obj=+0.00, r_kk_fin=-0.001, ρ_kx_obj=0.10, ρ_kx_fin=+0.093 -> frac=0.005 | t(attrs)=0.116s, t(frac)=0.002s
[2025-11-07T09:02:06-03:00] <k>=5.20, p=0.005205, px1=0.05, r_kk_obj=+0.00, r_kk_fin=-0.001, ρ_kx_obj=0.20, ρ_kx_fin=+0.193 -> frac=0.006 | t(attrs)=0.286s, t(frac)=0.003s
[2025-11-07T09:02:06-03:00] <k>=5.20, p=0.005205, px1=0.05, r_kk_obj=+0.00, r_kk_fin=-0.001, ρ_kx_obj=0.30, ρ_kx_fin=+0.293 -> frac=0.003 | t(attrs)=0.764s, t(frac)=0.001s
[2025-11-07T09:02:07-03:00] <k>=5.20, p=0.005205, px1=0.05, r_kk_obj=+0.00, r_kk_fin=-0.001, ρ_kx_obj=0.40, ρ_kx_fin=+0.391 -> frac=0.011 | t(attrs)=1.272s, t(frac)=0.002s
[2025-11-07T09:02:07-03:00] <k>=5.20, p=0.005205, px1=0.05, r_kk_obj=+0.00, r_kk_fin=-0.001, ρ_kx_obj=0.60, ρ_kx_fin=+0.440 -> frac=0.007 | t(attrs)=1.327s, t(frac)=0.002s
[2025-11-07T09:02:07-03:00] <k>=5.20, p=0.005205, px1=0.05, r_kk_obj=+0.00, r_kk_fin=-0.001, ρ_kx_obj=0.50, ρ_kx_fin=+0.452 -> frac=0.010 | t(attrs)=1.335s, t(frac)=0.002s
[2025-11-07T09:02:20-03:00] Rewire r_kk: objetivo=+0.50, alcanzado=+0.260, |Δ|=0.240, iters=1000, tiempo=12.713s
[2025-11-07T09:02:20-03:00] <k>=5.20, p=0.005205, px1=0.05, r_kk_obj=+0.50, r_kk_fin=+0.260, ρ_kx_obj=0.00, ρ_kx_fin=+0.010 -> frac=0.003 | t(attrs)=0.019s, t(frac)=0.001s
[2025-11-07T09:02:20-03:00] <k>=5.20, p=0.005205, px1=0.05, r_kk_obj=+0.50, r_kk_fin=+0.260, ρ_kx_obj=0.10, ρ_kx_fin=+0.095 -> frac=0.002 | t(attrs)=0.073s, t(frac)=0.002s
[2025-11-07T09:02:20-03:00] <k>=5.20, p=0.005205, px1=0.05, r_kk_obj=+0.50, r_kk_fin=+0.260, ρ_kx_obj=0.20, ρ_kx_fin=+0.191 -> frac=0.003 | t(attrs)=0.307s, t(frac)=0.002s
[2025-11-07T09:02:20-03:00] <k>=5.20, p=0.005205, px1=0.05, r_kk_obj=+0.50, r_kk_fin=+0.260, ρ_kx_obj=0.30, ρ_kx_fin=+0.291 -> frac=0.006 | t(attrs)=0.859s, t(frac)=0.002s
[2025-11-07T09:02:21-03:00] <k>=5.20, p=0.005205, px1=0.05, r_kk_obj=+0.50, r_kk_fin=+0.260, ρ_kx_obj=0.40, ρ_kx_fin=+0.393 -> frac=0.005 | t(attrs)=1.397s, t(frac)=0.002s
[2025-11-07T09:02:21-03:00] <k>=5.20, p=0.005205, px1=0.05, r_kk_obj=+0.50, r_kk_fin=+0.260, ρ_kx_obj=0.50, ρ_kx_fin=+0.440 -> frac=0.003 | t(attrs)=1.648s, t(frac)=0.002s
[2025-11-07T09:02:21-03:00] <k>=5.20, p=0.005205, px1=0.05, r_kk_obj=+0.50, r_kk_fin=+0.260, ρ_kx_obj=0.60, ρ_kx_fin=+0.385 -> frac=0.010 | t(attrs)=1.660s, t(frac)=0.002s
[2025-11-07T09:02:34-03:00] Rewire r_kk: objetivo=-0.50, alcanzado=-0.220, |Δ|=0.280, iters=1000, tiempo=12.304s
[2025-11-07T09:02:34-03:00] <k>=5.20, p=0.005205, px1=0.10, r_kk_obj=-0.50, r_kk_fin=-0.220, ρ_kx_obj=0.00, ρ_kx_fin=+0.007 -> frac=0.013 | t(attrs)=0.001s, t(frac)=0.002s
[2025-11-07T09:02:34-03:00] <k>=5.20, p=0.005205, px1=0.10, r_kk_obj=-0.50, r_kk_fin=-0.220, ρ_kx_obj=0.10, ρ_kx_fin=+0.095 -> frac=0.016 | t(attrs)=0.185s, t(frac)=0.002s
[2025-11-07T09:02:34-03:00] <k>=5.20, p=0.005205, px1=0.10, r_kk_obj=-0.50, r_kk_fin=-0.220, ρ_kx_obj=0.20, ρ_kx_fin=+0.190 -> frac=0.023 | t(attrs)=0.284s, t(frac)=0.002s
[2025-11-07T09:02:34-03:00] <k>=5.20, p=0.005205, px1=0.10, r_kk_obj=-0.50, r_kk_fin=-0.220, ρ_kx_obj=0.30, ρ_kx_fin=+0.294 -> frac=0.031 | t(attrs)=0.695s, t(frac)=0.002s
[2025-11-07T09:02:35-03:00] <k>=5.20, p=0.005205, px1=0.10, r_kk_obj=-0.50, r_kk_fin=-0.220, ρ_kx_obj=0.40, ρ_kx_fin=+0.394 -> frac=0.033 | t(attrs)=1.013s, t(frac)=0.002s
[2025-11-07T09:02:35-03:00] <k>=5.20, p=0.005205, px1=0.10, r_kk_obj=-0.50, r_kk_fin=-0.220, ρ_kx_obj=0.50, ρ_kx_fin=+0.488 -> frac=0.054 | t(attrs)=1.351s, t(frac)=0.002s
[2025-11-07T09:02:35-03:00] <k>=5.20, p=0.005205, px1=0.10, r_kk_obj=-0.50, r_kk_fin=-0.220, ρ_kx_obj=0.60, ρ_kx_fin=+0.488 -> frac=0.043 | t(attrs)=1.356s, t(frac)=0.002s
[2025-11-07T09:02:35-03:00] Rewire r_kk: objetivo=+0.00, alcanzado=-0.001, |Δ|=0.001, iters=0, tiempo=0.008s
[2025-11-07T09:02:35-03:00] <k>=5.20, p=0.005205, px1=0.10, r_kk_obj=+0.00, r_kk_fin=-0.001, ρ_kx_obj=0.00, ρ_kx_fin=-0.008 -> frac=0.007 | t(attrs)=0.030s, t(frac)=0.002s
[2025-11-07T09:02:35-03:00] <k>=5.20, p=0.005205, px1=0.10, r_kk_obj=+0.00, r_kk_fin=-0.001, ρ_kx_obj=0.10, ρ_kx_fin=+0.092 -> frac=0.016 | t(attrs)=0.205s, t(frac)=0.003s
[2025-11-07T09:02:35-03:00] <k>=5.20, p=0.005205, px1=0.10, r_kk_obj=+0.00, r_kk_fin=-0.001, ρ_kx_obj=0.20, ρ_kx_fin=+0.190 -> frac=0.020 | t(attrs)=0.271s, t(frac)=0.002s
[2025-11-07T09:02:35-03:00] <k>=5.20, p=0.005205, px1=0.10, r_kk_obj=+0.00, r_kk_fin=-0.001, ρ_kx_obj=0.30, ρ_kx_fin=+0.292 -> frac=0.016 | t(attrs)=0.574s, t(frac)=0.002s
[2025-11-07T09:02:36-03:00] <k>=5.20, p=0.005205, px1=0.10, r_kk_obj=+0.00, r_kk_fin=-0.001, ρ_kx_obj=0.40, ρ_kx_fin=+0.391 -> frac=0.019 | t(attrs)=0.979s, t(frac)=0.002s
[2025-11-07T09:02:36-03:00] <k>=5.20, p=0.005205, px1=0.10, r_kk_obj=+0.00, r_kk_fin=-0.001, ρ_kx_obj=0.50, ρ_kx_fin=+0.457 -> frac=0.033 | t(attrs)=1.337s, t(frac)=0.003s
[2025-11-07T09:02:36-03:00] <k>=5.20, p=0.005205, px1=0.10, r_kk_obj=+0.00, r_kk_fin=-0.001, ρ_kx_obj=0.60, ρ_kx_fin=+0.520 -> frac=0.032 | t(attrs)=1.339s, t(frac)=0.002s
[2025-11-07T09:02:49-03:00] Rewire r_kk: objetivo=+0.50, alcanzado=+0.260, |Δ|=0.240, iters=1000, tiempo=12.536s
[2025-11-07T09:02:49-03:00] <k>=5.20, p=0.005205, px1=0.10, r_kk_obj=+0.50, r_kk_fin=+0.260, ρ_kx_obj=0.00, ρ_kx_fin=-0.007 -> frac=0.014 | t(attrs)=0.001s, t(frac)=0.003s
[2025-11-07T09:02:49-03:00] <k>=5.20, p=0.005205, px1=0.10, r_kk_obj=+0.50, r_kk_fin=+0.260, ρ_kx_obj=0.10, ρ_kx_fin=+0.092 -> frac=0.009 | t(attrs)=0.163s, t(frac)=0.002s
[2025-11-07T09:02:49-03:00] <k>=5.20, p=0.005205, px1=0.10, r_kk_obj=+0.50, r_kk_fin=+0.260, ρ_kx_obj=0.20, ρ_kx_fin=+0.195 -> frac=0.018 | t(attrs)=0.421s, t(frac)=0.003s
[2025-11-07T09:02:49-03:00] <k>=5.20, p=0.005205, px1=0.10, r_kk_obj=+0.50, r_kk_fin=+0.260, ρ_kx_obj=0.30, ρ_kx_fin=+0.292 -> frac=0.013 | t(attrs)=0.486s, t(frac)=0.002s
[2025-11-07T09:02:50-03:00] <k>=5.20, p=0.005205, px1=0.10, r_kk_obj=+0.50, r_kk_fin=+0.260, ρ_kx_obj=0.40, ρ_kx_fin=+0.393 -> frac=0.019 | t(attrs)=0.847s, t(frac)=0.002s
[2025-11-07T09:02:50-03:00] <k>=5.20, p=0.005205, px1=0.10, r_kk_obj=+0.50, r_kk_fin=+0.260, ρ_kx_obj=0.50, ρ_kx_fin=+0.491 -> frac=0.020 | t(attrs)=1.243s, t(frac)=0.002s
[2025-11-07T09:02:50-03:00] <k>=5.20, p=0.005205, px1=0.10, r_kk_obj=+0.50, r_kk_fin=+0.260, ρ_kx_obj=0.60, ρ_kx_fin=+0.501 -> frac=0.016 | t(attrs)=1.251s, t(frac)=0.003s
[2025-11-07T09:03:03-03:00] Rewire r_kk: objetivo=-0.50, alcanzado=-0.220, |Δ|=0.280, iters=1000, tiempo=12.664s
[2025-11-07T09:03:03-03:00] <k>=5.20, p=0.005205, px1=0.20, r_kk_obj=-0.50, r_kk_fin=-0.220, ρ_kx_obj=0.00, ρ_kx_fin=-0.009 -> frac=0.037 | t(attrs)=0.001s, t(frac)=0.001s
[2025-11-07T09:03:03-03:00] <k>=5.20, p=0.005205, px1=0.20, r_kk_obj=-0.50, r_kk_fin=-0.220, ρ_kx_obj=0.10, ρ_kx_fin=+0.091 -> frac=0.050 | t(attrs)=0.145s, t(frac)=0.002s
[2025-11-07T09:03:03-03:00] <k>=5.20, p=0.005205, px1=0.20, r_kk_obj=-0.50, r_kk_fin=-0.220, ρ_kx_obj=0.20, ρ_kx_fin=+0.194 -> frac=0.083 | t(attrs)=0.359s, t(frac)=0.003s
[2025-11-07T09:03:04-03:00] <k>=5.20, p=0.005205, px1=0.20, r_kk_obj=-0.50, r_kk_fin=-0.220, ρ_kx_obj=0.30, ρ_kx_fin=+0.291 -> frac=0.099 | t(attrs)=0.836s, t(frac)=0.002s
[2025-11-07T09:03:04-03:00] <k>=5.20, p=0.005205, px1=0.20, r_kk_obj=-0.50, r_kk_fin=-0.220, ρ_kx_obj=0.40, ρ_kx_fin=+0.392 -> frac=0.103 | t(attrs)=1.044s, t(frac)=0.002s
[2025-11-07T09:03:04-03:00] <k>=5.20, p=0.005205, px1=0.20, r_kk_obj=-0.50, r_kk_fin=-0.220, ρ_kx_obj=0.50, ρ_kx_fin=+0.493 -> frac=0.133 | t(attrs)=1.189s, t(frac)=0.003s
[2025-11-07T09:03:04-03:00] <k>=5.20, p=0.005205, px1=0.20, r_kk_obj=-0.50, r_kk_fin=-0.220, ρ_kx_obj=0.60, ρ_kx_fin=+0.533 -> frac=0.153 | t(attrs)=1.307s, t(frac)=0.006s
[2025-11-07T09:03:04-03:00] Rewire r_kk: objetivo=+0.00, alcanzado=-0.001, |Δ|=0.001, iters=0, tiempo=0.011s
[2025-11-07T09:03:04-03:00] <k>=5.20, p=0.005205, px1=0.20, r_kk_obj=+0.00, r_kk_fin=-0.001, ρ_kx_obj=0.00, ρ_kx_fin=-0.007 -> frac=0.041 | t(attrs)=0.051s, t(frac)=0.004s
[2025-11-07T09:03:05-03:00] <k>=5.20, p=0.005205, px1=0.20, r_kk_obj=+0.00, r_kk_fin=-0.001, ρ_kx_obj=0.20, ρ_kx_fin=+0.197 -> frac=0.073 | t(attrs)=0.442s, t(frac)=0.004s
[2025-11-07T09:03:05-03:00] <k>=5.20, p=0.005205, px1=0.20, r_kk_obj=+0.00, r_kk_fin=-0.001, ρ_kx_obj=0.10, ρ_kx_fin=+0.097 -> frac=0.052 | t(attrs)=0.459s, t(frac)=0.004s
[2025-11-07T09:03:05-03:00] <k>=5.20, p=0.005205, px1=0.20, r_kk_obj=+0.00, r_kk_fin=-0.001, ρ_kx_obj=0.30, ρ_kx_fin=+0.291 -> frac=0.080 | t(attrs)=0.830s, t(frac)=0.002s
[2025-11-07T09:03:05-03:00] <k>=5.20, p=0.005205, px1=0.20, r_kk_obj=+0.00, r_kk_fin=-0.001, ρ_kx_obj=0.40, ρ_kx_fin=+0.391 -> frac=0.097 | t(attrs)=1.172s, t(frac)=0.002s
[2025-11-07T09:03:06-03:00] <k>=5.20, p=0.005205, px1=0.20, r_kk_obj=+0.00, r_kk_fin=-0.001, ρ_kx_obj=0.50, ρ_kx_fin=+0.492 -> frac=0.115 | t(attrs)=1.416s, t(frac)=0.002s
[2025-11-07T09:03:06-03:00] <k>=5.20, p=0.005205, px1=0.20, r_kk_obj=+0.00, r_kk_fin=-0.001, ρ_kx_obj=0.60, ρ_kx_fin=+0.531 -> frac=0.095 | t(attrs)=1.488s, t(frac)=0.004s
[2025-11-07T09:03:24-03:00] Rewire r_kk: objetivo=+0.50, alcanzado=+0.260, |Δ|=0.240, iters=1000, tiempo=18.689s
[2025-11-07T09:03:25-03:00] <k>=5.20, p=0.005205, px1=0.20, r_kk_obj=+0.50, r_kk_fin=+0.260, ρ_kx_obj=0.00, ρ_kx_fin=+0.009 -> frac=0.048 | t(attrs)=0.138s, t(frac)=0.004s
[2025-11-07T09:03:25-03:00] <k>=5.20, p=0.005205, px1=0.20, r_kk_obj=+0.50, r_kk_fin=+0.260, ρ_kx_obj=0.10, ρ_kx_fin=+0.091 -> frac=0.048 | t(attrs)=0.526s, t(frac)=0.003s
[2025-11-07T09:03:25-03:00] <k>=5.20, p=0.005205, px1=0.20, r_kk_obj=+0.50, r_kk_fin=+0.260, ρ_kx_obj=0.20, ρ_kx_fin=+0.193 -> frac=0.058 | t(attrs)=0.775s, t(frac)=0.004s
[2025-11-07T09:03:26-03:00] <k>=5.20, p=0.005205, px1=0.20, r_kk_obj=+0.50, r_kk_fin=+0.260, ρ_kx_obj=0.30, ρ_kx_fin=+0.291 -> frac=0.065 | t(attrs)=1.250s, t(frac)=0.006s
[2025-11-07T09:03:26-03:00] <k>=5.20, p=0.005205, px1=0.20, r_kk_obj=+0.50, r_kk_fin=+0.260, ρ_kx_obj=0.40, ρ_kx_fin=+0.391 -> frac=0.071 | t(attrs)=1.648s, t(frac)=0.006s
[2025-11-07T09:03:27-03:00] <k>=5.20, p=0.005205, px1=0.20, r_kk_obj=+0.50, r_kk_fin=+0.260, ρ_kx_obj=0.50, ρ_kx_fin=+0.493 -> frac=0.088 | t(attrs)=2.140s, t(frac)=0.003s
[2025-11-07T09:03:27-03:00] <k>=5.20, p=0.005205, px1=0.20, r_kk_obj=+0.50, r_kk_fin=+0.260, ρ_kx_obj=0.60, ρ_kx_fin=+0.523 -> frac=0.111 | t(attrs)=2.224s, t(frac)=0.004s
[2025-11-07T09:03:27-03:00] Generada red ER: N=1000, <k>_obj=2.50, p=0.002503, L=1286, tiempo=0.058s
[2025-11-07T09:03:42-03:00] Rewire r_kk: objetivo=-0.50, alcanzado=-0.374, |Δ|=0.126, iters=1000, tiempo=15.100s
[2025-11-07T09:03:42-03:00] <k>=2.50, p=0.002503, px1=0.05, r_kk_obj=-0.50, r_kk_fin=-0.374, ρ_kx_obj=0.00, ρ_kx_fin=-0.002 -> frac=0.011 | t(attrs)=0.001s, t(frac)=0.002s
[2025-11-07T09:03:42-03:00] <k>=2.50, p=0.002503, px1=0.05, r_kk_obj=-0.50, r_kk_fin=-0.374, ρ_kx_obj=0.10, ρ_kx_fin=+0.091 -> frac=0.019 | t(attrs)=0.182s, t(frac)=0.003s
[2025-11-07T09:03:42-03:00] <k>=2.50, p=0.002503, px1=0.05, r_kk_obj=-0.50, r_kk_fin=-0.374, ρ_kx_obj=0.20, ρ_kx_fin=+0.196 -> frac=0.037 | t(attrs)=0.376s, t(frac)=0.003s
[2025-11-07T09:03:43-03:00] <k>=2.50, p=0.002503, px1=0.05, r_kk_obj=-0.50, r_kk_fin=-0.374, ρ_kx_obj=0.30, ρ_kx_fin=+0.291 -> frac=0.044 | t(attrs)=0.777s, t(frac)=0.002s
[2025-11-07T09:03:43-03:00] <k>=2.50, p=0.002503, px1=0.05, r_kk_obj=-0.50, r_kk_fin=-0.374, ρ_kx_obj=0.40, ρ_kx_fin=+0.393 -> frac=0.062 | t(attrs)=1.563s, t(frac)=0.003s
[2025-11-07T09:03:44-03:00] <k>=2.50, p=0.002503, px1=0.05, r_kk_obj=-0.50, r_kk_fin=-0.374, ρ_kx_obj=0.60, ρ_kx_fin=+0.390 -> frac=0.057 | t(attrs)=1.885s, t(frac)=0.003s
[2025-11-07T09:03:44-03:00] <k>=2.50, p=0.002503, px1=0.05, r_kk_obj=-0.50, r_kk_fin=-0.374, ρ_kx_obj=0.50, ρ_kx_fin=+0.410 -> frac=0.071 | t(attrs)=1.899s, t(frac)=0.002s
[2025-11-07T09:03:44-03:00] Rewire r_kk: objetivo=+0.00, alcanzado=+0.009, |Δ|=0.009, iters=42, tiempo=0.543s
[2025-11-07T09:03:44-03:00] <k>=2.50, p=0.002503, px1=0.05, r_kk_obj=+0.00, r_kk_fin=+0.009, ρ_kx_obj=0.00, ρ_kx_fin=-0.002 -> frac=0.016 | t(attrs)=0.002s, t(frac)=0.002s
[2025-11-07T09:03:44-03:00] <k>=2.50, p=0.002503, px1=0.05, r_kk_obj=+0.00, r_kk_fin=+0.009, ρ_kx_obj=0.10, ρ_kx_fin=+0.091 -> frac=0.018 | t(attrs)=0.062s, t(frac)=0.002s
[2025-11-07T09:03:45-03:00] <k>=2.50, p=0.002503, px1=0.05, r_kk_obj=+0.00, r_kk_fin=+0.009, ρ_kx_obj=0.20, ρ_kx_fin=+0.193 -> frac=0.014 | t(attrs)=0.436s, t(frac)=0.002s
[2025-11-07T09:03:45-03:00] <k>=2.50, p=0.002503, px1=0.05, r_kk_obj=+0.00, r_kk_fin=+0.009, ρ_kx_obj=0.30, ρ_kx_fin=+0.291 -> frac=0.027 | t(attrs)=0.739s, t(frac)=0.003s
[2025-11-07T09:03:46-03:00] <k>=2.50, p=0.002503, px1=0.05, r_kk_obj=+0.00, r_kk_fin=+0.009, ρ_kx_obj=0.40, ρ_kx_fin=+0.393 -> frac=0.027 | t(attrs)=1.692s, t(frac)=0.003s
[2025-11-07T09:03:46-03:00] <k>=2.50, p=0.002503, px1=0.05, r_kk_obj=+0.00, r_kk_fin=+0.009, ρ_kx_obj=0.50, ρ_kx_fin=+0.434 -> frac=0.024 | t(attrs)=1.833s, t(frac)=0.002s
[2025-11-07T09:03:46-03:00] <k>=2.50, p=0.002503, px1=0.05, r_kk_obj=+0.00, r_kk_fin=+0.009, ρ_kx_obj=0.60, ρ_kx_fin=+0.422 -> frac=0.035 | t(attrs)=1.842s, t(frac)=0.002s
[2025-11-07T09:03:58-03:00] Rewire r_kk: objetivo=+0.50, alcanzado=+0.463, |Δ|=0.037, iters=1000, tiempo=11.635s
[2025-11-07T09:03:58-03:00] <k>=2.50, p=0.002503, px1=0.05, r_kk_obj=+0.50, r_kk_fin=+0.463, ρ_kx_obj=0.00, ρ_kx_fin=+0.010 -> frac=0.008 | t(attrs)=0.012s, t(frac)=0.002s
[2025-11-07T09:03:58-03:00] <k>=2.50, p=0.002503, px1=0.05, r_kk_obj=+0.50, r_kk_fin=+0.463, ρ_kx_obj=0.10, ρ_kx_fin=+0.091 -> frac=0.016 | t(attrs)=0.160s, t(frac)=0.003s
[2025-11-07T09:03:58-03:00] <k>=2.50, p=0.002503, px1=0.05, r_kk_obj=+0.50, r_kk_fin=+0.463, ρ_kx_obj=0.20, ρ_kx_fin=+0.196 -> frac=0.009 | t(attrs)=0.375s, t(frac)=0.003s
[2025-11-07T09:03:58-03:00] <k>=2.50, p=0.002503, px1=0.05, r_kk_obj=+0.50, r_kk_fin=+0.463, ρ_kx_obj=0.30, ρ_kx_fin=+0.291 -> frac=0.017 | t(attrs)=0.716s, t(frac)=0.002s
[2025-11-07T09:03:59-03:00] <k>=2.50, p=0.002503, px1=0.05, r_kk_obj=+0.50, r_kk_fin=+0.463, ρ_kx_obj=0.40, ρ_kx_fin=+0.390 -> frac=0.015 | t(attrs)=1.009s, t(frac)=0.003s
[2025-11-07T09:03:59-03:00] <k>=2.50, p=0.002503, px1=0.05, r_kk_obj=+0.50, r_kk_fin=+0.463, ρ_kx_obj=0.50, ρ_kx_fin=+0.419 -> frac=0.017 | t(attrs)=1.498s, t(frac)=0.001s
[2025-11-07T09:03:59-03:00] <k>=2.50, p=0.002503, px1=0.05, r_kk_obj=+0.50, r_kk_fin=+0.463, ρ_kx_obj=0.60, ρ_kx_fin=+0.434 -> frac=0.011 | t(attrs)=1.502s, t(frac)=0.003s
[2025-11-07T09:04:10-03:00] Rewire r_kk: objetivo=-0.50, alcanzado=-0.374, |Δ|=0.126, iters=1000, tiempo=11.141s
[2025-11-07T09:04:10-03:00] <k>=2.50, p=0.002503, px1=0.10, r_kk_obj=-0.50, r_kk_fin=-0.374, ρ_kx_obj=0.00, ρ_kx_fin=+0.004 -> frac=0.041 | t(attrs)=0.022s, t(frac)=0.004s
[2025-11-07T09:04:10-03:00] <k>=2.50, p=0.002503, px1=0.10, r_kk_obj=-0.50, r_kk_fin=-0.374, ρ_kx_obj=0.10, ρ_kx_fin=+0.094 -> frac=0.052 | t(attrs)=0.057s, t(frac)=0.001s
[2025-11-07T09:04:11-03:00] <k>=2.50, p=0.002503, px1=0.10, r_kk_obj=-0.50, r_kk_fin=-0.374, ρ_kx_obj=0.20, ρ_kx_fin=+0.196 -> frac=0.057 | t(attrs)=0.487s, t(frac)=0.003s
[2025-11-07T09:04:11-03:00] <k>=2.50, p=0.002503, px1=0.10, r_kk_obj=-0.50, r_kk_fin=-0.374, ρ_kx_obj=0.30, ρ_kx_fin=+0.295 -> frac=0.067 | t(attrs)=0.728s, t(frac)=0.003s
[2025-11-07T09:04:11-03:00] <k>=2.50, p=0.002503, px1=0.10, r_kk_obj=-0.50, r_kk_fin=-0.374, ρ_kx_obj=0.40, ρ_kx_fin=+0.392 -> frac=0.093 | t(attrs)=1.084s, t(frac)=0.001s
[2025-11-07T09:04:12-03:00] <k>=2.50, p=0.002503, px1=0.10, r_kk_obj=-0.50, r_kk_fin=-0.374, ρ_kx_obj=0.50, ρ_kx_fin=+0.491 -> frac=0.122 | t(attrs)=1.409s, t(frac)=0.001s
[2025-11-07T09:04:12-03:00] <k>=2.50, p=0.002503, px1=0.10, r_kk_obj=-0.50, r_kk_fin=-0.374, ρ_kx_obj=0.60, ρ_kx_fin=+0.497 -> frac=0.108 | t(attrs)=1.448s, t(frac)=0.002s
[2025-11-07T09:04:12-03:00] Rewire r_kk: objetivo=+0.00, alcanzado=+0.009, |Δ|=0.009, iters=42, tiempo=0.413s
[2025-11-07T09:04:12-03:00] <k>=2.50, p=0.002503, px1=0.10, r_kk_obj=+0.00, r_kk_fin=+0.009, ρ_kx_obj=0.00, ρ_kx_fin=+0.008 -> frac=0.034 | t(attrs)=0.013s, t(frac)=0.002s
[2025-11-07T09:04:12-03:00] <k>=2.50, p=0.002503, px1=0.10, r_kk_obj=+0.00, r_kk_fin=+0.009, ρ_kx_obj=0.10, ρ_kx_fin=+0.092 -> frac=0.037 | t(attrs)=0.065s, t(frac)=0.002s
[2025-11-07T09:04:13-03:00] <k>=2.50, p=0.002503, px1=0.10, r_kk_obj=+0.00, r_kk_fin=+0.009, ρ_kx_obj=0.20, ρ_kx_fin=+0.194 -> frac=0.048 | t(attrs)=0.476s, t(frac)=0.003s
[2025-11-07T09:04:13-03:00] <k>=2.50, p=0.002503, px1=0.10, r_kk_obj=+0.00, r_kk_fin=+0.009, ρ_kx_obj=0.30, ρ_kx_fin=+0.291 -> frac=0.050 | t(attrs)=0.681s, t(frac)=0.003s
[2025-11-07T09:04:13-03:00] <k>=2.50, p=0.002503, px1=0.10, r_kk_obj=+0.00, r_kk_fin=+0.009, ρ_kx_obj=0.40, ρ_kx_fin=+0.392 -> frac=0.063 | t(attrs)=1.073s, t(frac)=0.003s
[2025-11-07T09:04:14-03:00] <k>=2.50, p=0.002503, px1=0.10, r_kk_obj=+0.00, r_kk_fin=+0.009, ρ_kx_obj=0.50, ρ_kx_fin=+0.487 -> frac=0.074 | t(attrs)=1.660s, t(frac)=0.002s
[2025-11-07T09:04:14-03:00] <k>=2.50, p=0.002503, px1=0.10, r_kk_obj=+0.00, r_kk_fin=+0.009, ρ_kx_obj=0.60, ρ_kx_fin=+0.499 -> frac=0.085 | t(attrs)=1.662s, t(frac)=0.003s
[2025-11-07T09:04:25-03:00] Rewire r_kk: objetivo=+0.50, alcanzado=+0.463, |Δ|=0.037, iters=1000, tiempo=11.467s
[2025-11-07T09:04:25-03:00] <k>=2.50, p=0.002503, px1=0.10, r_kk_obj=+0.50, r_kk_fin=+0.463, ρ_kx_obj=0.00, ρ_kx_fin=+0.008 -> frac=0.028 | t(attrs)=0.014s, t(frac)=0.001s
[2025-11-07T09:04:26-03:00] <k>=2.50, p=0.002503, px1=0.10, r_kk_obj=+0.50, r_kk_fin=+0.463, ρ_kx_obj=0.10, ρ_kx_fin=+0.094 -> frac=0.029 | t(attrs)=0.142s, t(frac)=0.002s
[2025-11-07T09:04:26-03:00] <k>=2.50, p=0.002503, px1=0.10, r_kk_obj=+0.50, r_kk_fin=+0.463, ρ_kx_obj=0.20, ρ_kx_fin=+0.196 -> frac=0.035 | t(attrs)=0.353s, t(frac)=0.002s
[2025-11-07T09:04:26-03:00] <k>=2.50, p=0.002503, px1=0.10, r_kk_obj=+0.50, r_kk_fin=+0.463, ρ_kx_obj=0.30, ρ_kx_fin=+0.291 -> frac=0.038 | t(attrs)=0.721s, t(frac)=0.001s
[2025-11-07T09:04:26-03:00] <k>=2.50, p=0.002503, px1=0.10, r_kk_obj=+0.50, r_kk_fin=+0.463, ρ_kx_obj=0.40, ρ_kx_fin=+0.392 -> frac=0.053 | t(attrs)=0.984s, t(frac)=0.001s
[2025-11-07T09:04:27-03:00] <k>=2.50, p=0.002503, px1=0.10, r_kk_obj=+0.50, r_kk_fin=+0.463, ρ_kx_obj=0.50, ρ_kx_fin=+0.493 -> frac=0.043 | t(attrs)=1.347s, t(frac)=0.002s
[2025-11-07T09:04:27-03:00] <k>=2.50, p=0.002503, px1=0.10, r_kk_obj=+0.50, r_kk_fin=+0.463, ρ_kx_obj=0.60, ρ_kx_fin=+0.480 -> frac=0.054 | t(attrs)=1.360s, t(frac)=0.001s
[2025-11-07T09:04:39-03:00] Rewire r_kk: objetivo=-0.50, alcanzado=-0.374, |Δ|=0.126, iters=1000, tiempo=12.248s
[2025-11-07T09:04:39-03:00] <k>=2.50, p=0.002503, px1=0.20, r_kk_obj=-0.50, r_kk_fin=-0.374, ρ_kx_obj=0.00, ρ_kx_fin=-0.005 -> frac=0.075 | t(attrs)=0.087s, t(frac)=0.004s
[2025-11-07T09:04:39-03:00] <k>=2.50, p=0.002503, px1=0.20, r_kk_obj=-0.50, r_kk_fin=-0.374, ρ_kx_obj=0.10, ρ_kx_fin=+0.093 -> frac=0.104 | t(attrs)=0.416s, t(frac)=0.004s
[2025-11-07T09:04:40-03:00] <k>=2.50, p=0.002503, px1=0.20, r_kk_obj=-0.50, r_kk_fin=-0.374, ρ_kx_obj=0.20, ρ_kx_fin=+0.192 -> frac=0.119 | t(attrs)=0.712s, t(frac)=0.003s
[2025-11-07T09:04:40-03:00] <k>=2.50, p=0.002503, px1=0.20, r_kk_obj=-0.50, r_kk_fin=-0.374, ρ_kx_obj=0.30, ρ_kx_fin=+0.292 -> frac=0.148 | t(attrs)=1.102s, t(frac)=0.003s
[2025-11-07T09:04:41-03:00] <k>=2.50, p=0.002503, px1=0.20, r_kk_obj=-0.50, r_kk_fin=-0.374, ρ_kx_obj=0.40, ρ_kx_fin=+0.390 -> frac=0.169 | t(attrs)=1.518s, t(frac)=0.002s
[2025-11-07T09:04:41-03:00] <k>=2.50, p=0.002503, px1=0.20, r_kk_obj=-0.50, r_kk_fin=-0.374, ρ_kx_obj=0.60, ρ_kx_fin=+0.513 -> frac=0.227 | t(attrs)=1.884s, t(frac)=0.004s
[2025-11-07T09:04:41-03:00] <k>=2.50, p=0.002503, px1=0.20, r_kk_obj=-0.50, r_kk_fin=-0.374, ρ_kx_obj=0.50, ρ_kx_fin=+0.483 -> frac=0.225 | t(attrs)=1.912s, t(frac)=0.003s
[2025-11-07T09:04:41-03:00] Rewire r_kk: objetivo=+0.00, alcanzado=+0.009, |Δ|=0.009, iters=42, tiempo=0.497s
[2025-11-07T09:04:41-03:00] <k>=2.50, p=0.002503, px1=0.20, r_kk_obj=+0.00, r_kk_fin=+0.009, ρ_kx_obj=0.00, ρ_kx_fin=+0.004 -> frac=0.077 | t(attrs)=0.003s, t(frac)=0.002s
[2025-11-07T09:04:42-03:00] <k>=2.50, p=0.002503, px1=0.20, r_kk_obj=+0.00, r_kk_fin=+0.009, ρ_kx_obj=0.10, ρ_kx_fin=+0.093 -> frac=0.107 | t(attrs)=0.270s, t(frac)=0.002s
[2025-11-07T09:04:42-03:00] <k>=2.50, p=0.002503, px1=0.20, r_kk_obj=+0.00, r_kk_fin=+0.009, ρ_kx_obj=0.20, ρ_kx_fin=+0.191 -> frac=0.112 | t(attrs)=0.574s, t(frac)=0.002s
[2025-11-07T09:04:42-03:00] <k>=2.50, p=0.002503, px1=0.20, r_kk_obj=+0.00, r_kk_fin=+0.009, ρ_kx_obj=0.30, ρ_kx_fin=+0.292 -> frac=0.143 | t(attrs)=0.842s, t(frac)=0.002s
[2025-11-07T09:04:42-03:00] <k>=2.50, p=0.002503, px1=0.20, r_kk_obj=+0.00, r_kk_fin=+0.009, ρ_kx_obj=0.40, ρ_kx_fin=+0.390 -> frac=0.154 | t(attrs)=0.939s, t(frac)=0.002s
[2025-11-07T09:04:43-03:00] <k>=2.50, p=0.002503, px1=0.20, r_kk_obj=+0.00, r_kk_fin=+0.009, ρ_kx_obj=0.50, ρ_kx_fin=+0.493 -> frac=0.170 | t(attrs)=1.323s, t(frac)=0.002s
[2025-11-07T09:04:43-03:00] <k>=2.50, p=0.002503, px1=0.20, r_kk_obj=+0.00, r_kk_fin=+0.009, ρ_kx_obj=0.60, ρ_kx_fin=+0.531 -> frac=0.197 | t(attrs)=1.370s, t(frac)=0.002s
[2025-11-07T09:04:55-03:00] Rewire r_kk: objetivo=+0.50, alcanzado=+0.463, |Δ|=0.037, iters=1000, tiempo=12.173s
[2025-11-07T09:04:55-03:00] <k>=2.50, p=0.002503, px1=0.20, r_kk_obj=+0.50, r_kk_fin=+0.463, ρ_kx_obj=0.00, ρ_kx_fin=+0.009 -> frac=0.079 | t(attrs)=0.047s, t(frac)=0.003s
[2025-11-07T09:04:56-03:00] <k>=2.50, p=0.002503, px1=0.20, r_kk_obj=+0.50, r_kk_fin=+0.463, ρ_kx_obj=0.10, ρ_kx_fin=+0.097 -> frac=0.091 | t(attrs)=0.479s, t(frac)=0.002s
[2025-11-07T09:04:56-03:00] <k>=2.50, p=0.002503, px1=0.20, r_kk_obj=+0.50, r_kk_fin=+0.463, ρ_kx_obj=0.20, ρ_kx_fin=+0.191 -> frac=0.103 | t(attrs)=0.490s, t(frac)=0.002s
[2025-11-07T09:04:56-03:00] <k>=2.50, p=0.002503, px1=0.20, r_kk_obj=+0.50, r_kk_fin=+0.463, ρ_kx_obj=0.30, ρ_kx_fin=+0.294 -> frac=0.112 | t(attrs)=0.969s, t(frac)=0.001s
[2025-11-07T09:04:56-03:00] <k>=2.50, p=0.002503, px1=0.20, r_kk_obj=+0.50, r_kk_fin=+0.463, ρ_kx_obj=0.40, ρ_kx_fin=+0.392 -> frac=0.134 | t(attrs)=1.176s, t(frac)=0.003s
[2025-11-07T09:04:57-03:00] <k>=2.50, p=0.002503, px1=0.20, r_kk_obj=+0.50, r_kk_fin=+0.463, ρ_kx_obj=0.50, ρ_kx_fin=+0.493 -> frac=0.156 | t(attrs)=1.560s, t(frac)=0.003s
[2025-11-07T09:04:57-03:00] <k>=2.50, p=0.002503, px1=0.20, r_kk_obj=+0.50, r_kk_fin=+0.463, ρ_kx_obj=0.60, ρ_kx_fin=+0.539 -> frac=0.157 | t(attrs)=1.578s, t(frac)=0.002s
[2025-11-07T09:04:57-03:00] Generando figura...
[2025-11-07T09:04:58-03:00] Figuras guardadas en: run-e2r\N1000_251107-090153\fig3_ER.png y run-e2r\N1000_251107-090153\fig3_ER.pdf
[2025-11-07T09:04:58-03:00] Fin experimento Fig3-ER | carpeta=run-e2r\N1000_251107-090153
[2025-11-07T09:04:58-03:00] Tiempo total de ejecución: 184.74s (~3.08 min)
