[2025-11-07T13:34:31-03:00] Ejecutando script: Erdos-Renyi-v2.py | ruta=C:\Users\dcaceres\Documents\Magister\Trimestre 2\CS Redes\Tarea 2\python\Erdos-Renyi-v2.py
[2025-11-07T13:34:31-03:00] Inicio experimento Fig3-ER (paralelo por procesos) | carpeta=run-e2r\251107133431_N10000
[2025-11-07T13:34:31-03:00] Procesos: usados=18, cpu_count=22
[2025-11-07T13:34:31-03:00] Parámetros: N=10000, <k>=[5.2, 2.5], px1=[0.05, 0.1, 0.2], r_kk=[-0.5, 0.0, 0.5], ρ_kx=[np.float64(0.0), np.float64(0.09), np.float64(0.17), np.float64(0.26), np.float64(0.34), np.float64(0.43), np.float64(0.51), np.float64(0.6)], seed=12021974
[2025-11-07T13:35:06-03:00] Generada red ER: N=10000, <k>_obj=5.20, p=0.000520, L=25851, tiempo=6.804s
[2025-11-07T13:35:06-03:00] Rewire r_kk: objetivo=+0.00, alcanzado=-0.002, |Δ|=0.002, iters=0, tiempo=0.232s
[2025-11-07T13:35:06-03:00] <k>=5.20, p=0.000520, px1=0.20, r_kk_obj=+0.00, r_kk_fin=-0.002, ρ_kx_obj=0.00, ρ_kx_fin=-0.004 -> frac=0.047 | t(attrs)=0.001s, t(frac)=0.039s
[2025-11-07T13:35:06-03:00] <k>=5.20, p=0.000520, px1=0.20, r_kk_obj=+0.00, r_kk_fin=-0.002, ρ_kx_obj=0.09, ρ_kx_fin=+0.076 -> frac=0.050 | t(attrs)=0.236s, t(frac)=0.051s
[2025-11-07T13:35:06-03:00] <k>=5.20, p=0.000520, px1=0.20, r_kk_obj=+0.00, r_kk_fin=-0.002, ρ_kx_obj=0.17, ρ_kx_fin=+0.162 -> frac=0.062 | t(attrs)=0.579s, t(frac)=0.036s
[2025-11-07T13:35:06-03:00] <k>=5.20, p=0.000520, px1=0.20, r_kk_obj=+0.00, r_kk_fin=-0.002, ρ_kx_obj=0.26, ρ_kx_fin=+0.247 -> frac=0.074 | t(attrs)=1.342s, t(frac)=0.045s
[2025-11-07T13:35:06-03:00] <k>=5.20, p=0.000520, px1=0.20, r_kk_obj=+0.00, r_kk_fin=-0.002, ρ_kx_obj=0.34, ρ_kx_fin=+0.333 -> frac=0.085 | t(attrs)=1.874s, t(frac)=0.048s
[2025-11-07T13:35:06-03:00] <k>=5.20, p=0.000520, px1=0.20, r_kk_obj=+0.00, r_kk_fin=-0.002, ρ_kx_obj=0.43, ρ_kx_fin=+0.419 -> frac=0.098 | t(attrs)=3.307s, t(frac)=0.037s
[2025-11-07T13:35:06-03:00] <k>=5.20, p=0.000520, px1=0.20, r_kk_obj=+0.00, r_kk_fin=-0.002, ρ_kx_obj=0.51, ρ_kx_fin=+0.504 -> frac=0.116 | t(attrs)=5.161s, t(frac)=0.042s
[2025-11-07T13:35:06-03:00] <k>=5.20, p=0.000520, px1=0.20, r_kk_obj=+0.00, r_kk_fin=-0.002, ρ_kx_obj=0.60, ρ_kx_fin=+0.590 -> frac=0.130 | t(attrs)=10.444s, t(frac)=0.062s
[2025-11-07T13:35:06-03:00] Curva lista: <k>=5.20, px1=0.20, r_kk_obj=+0.00, r_kk_fin=-0.002, p=0.000520, t_curva=30.36s (t_gen=6.80s, t_rew=0.23s, t_rho_total=23.30s; t_attrs=22.94s, t_frac=0.36s)
[2025-11-07T13:35:08-03:00] Generada red ER: N=10000, <k>_obj=2.50, p=0.000250, L=12479, tiempo=6.818s
[2025-11-07T13:35:08-03:00] Rewire r_kk: objetivo=+0.00, alcanzado=+0.002, |Δ|=0.002, iters=0, tiempo=0.102s
[2025-11-07T13:35:08-03:00] <k>=2.50, p=0.000250, px1=0.20, r_kk_obj=+0.00, r_kk_fin=+0.002, ρ_kx_obj=0.00, ρ_kx_fin=-0.010 -> frac=0.083 | t(attrs)=0.025s, t(frac)=0.031s
[2025-11-07T13:35:08-03:00] <k>=2.50, p=0.000250, px1=0.20, r_kk_obj=+0.00, r_kk_fin=+0.002, ρ_kx_obj=0.09, ρ_kx_fin=+0.076 -> frac=0.091 | t(attrs)=0.234s, t(frac)=0.034s
[2025-11-07T13:35:08-03:00] <k>=2.50, p=0.000250, px1=0.20, r_kk_obj=+0.00, r_kk_fin=+0.002, ρ_kx_obj=0.17, ρ_kx_fin=+0.161 -> frac=0.111 | t(attrs)=0.819s, t(frac)=0.033s
[2025-11-07T13:35:08-03:00] <k>=2.50, p=0.000250, px1=0.20, r_kk_obj=+0.00, r_kk_fin=+0.002, ρ_kx_obj=0.26, ρ_kx_fin=+0.248 -> frac=0.126 | t(attrs)=1.191s, t(frac)=0.027s
[2025-11-07T13:35:08-03:00] <k>=2.50, p=0.000250, px1=0.20, r_kk_obj=+0.00, r_kk_fin=+0.002, ρ_kx_obj=0.34, ρ_kx_fin=+0.333 -> frac=0.144 | t(attrs)=2.381s, t(frac)=0.036s
[2025-11-07T13:35:08-03:00] <k>=2.50, p=0.000250, px1=0.20, r_kk_obj=+0.00, r_kk_fin=+0.002, ρ_kx_obj=0.43, ρ_kx_fin=+0.419 -> frac=0.165 | t(attrs)=3.281s, t(frac)=0.040s
[2025-11-07T13:35:08-03:00] <k>=2.50, p=0.000250, px1=0.20, r_kk_obj=+0.00, r_kk_fin=+0.002, ρ_kx_obj=0.51, ρ_kx_fin=+0.505 -> frac=0.183 | t(attrs)=5.351s, t(frac)=0.048s
[2025-11-07T13:35:08-03:00] <k>=2.50, p=0.000250, px1=0.20, r_kk_obj=+0.00, r_kk_fin=+0.002, ρ_kx_obj=0.60, ρ_kx_fin=+0.590 -> frac=0.199 | t(attrs)=11.304s, t(frac)=0.029s
[2025-11-07T13:35:08-03:00] Curva lista: <k>=2.50, px1=0.20, r_kk_obj=+0.00, r_kk_fin=+0.002, p=0.000250, t_curva=31.86s (t_gen=6.82s, t_rew=0.10s, t_rho_total=24.86s; t_attrs=24.59s, t_frac=0.28s)
[2025-11-07T13:35:17-03:00] Generada red ER: N=10000, <k>_obj=2.50, p=0.000250, L=12479, tiempo=7.090s
[2025-11-07T13:35:17-03:00] Rewire r_kk: objetivo=+0.00, alcanzado=+0.002, |Δ|=0.002, iters=0, tiempo=0.121s
[2025-11-07T13:35:17-03:00] <k>=2.50, p=0.000250, px1=0.10, r_kk_obj=+0.00, r_kk_fin=+0.002, ρ_kx_obj=0.00, ρ_kx_fin=+0.007 -> frac=0.029 | t(attrs)=0.002s, t(frac)=0.025s
[2025-11-07T13:35:17-03:00] <k>=2.50, p=0.000250, px1=0.10, r_kk_obj=+0.00, r_kk_fin=+0.002, ρ_kx_obj=0.09, ρ_kx_fin=+0.076 -> frac=0.038 | t(attrs)=0.288s, t(frac)=0.035s
[2025-11-07T13:35:17-03:00] <k>=2.50, p=0.000250, px1=0.10, r_kk_obj=+0.00, r_kk_fin=+0.002, ρ_kx_obj=0.17, ρ_kx_fin=+0.161 -> frac=0.045 | t(attrs)=0.692s, t(frac)=0.033s
[2025-11-07T13:35:17-03:00] <k>=2.50, p=0.000250, px1=0.10, r_kk_obj=+0.00, r_kk_fin=+0.002, ρ_kx_obj=0.26, ρ_kx_fin=+0.248 -> frac=0.051 | t(attrs)=1.156s, t(frac)=0.037s
[2025-11-07T13:35:17-03:00] <k>=2.50, p=0.000250, px1=0.10, r_kk_obj=+0.00, r_kk_fin=+0.002, ρ_kx_obj=0.34, ρ_kx_fin=+0.333 -> frac=0.063 | t(attrs)=2.037s, t(frac)=0.045s
[2025-11-07T13:35:17-03:00] <k>=2.50, p=0.000250, px1=0.10, r_kk_obj=+0.00, r_kk_fin=+0.002, ρ_kx_obj=0.43, ρ_kx_fin=+0.419 -> frac=0.065 | t(attrs)=3.526s, t(frac)=0.032s
[2025-11-07T13:35:17-03:00] <k>=2.50, p=0.000250, px1=0.10, r_kk_obj=+0.00, r_kk_fin=+0.002, ρ_kx_obj=0.51, ρ_kx_fin=+0.504 -> frac=0.081 | t(attrs)=6.860s, t(frac)=0.061s
[2025-11-07T13:35:17-03:00] <k>=2.50, p=0.000250, px1=0.10, r_kk_obj=+0.00, r_kk_fin=+0.002, ρ_kx_obj=0.60, ρ_kx_fin=+0.590 -> frac=0.087 | t(attrs)=19.346s, t(frac)=0.055s
[2025-11-07T13:35:17-03:00] Curva lista: <k>=2.50, px1=0.10, r_kk_obj=+0.00, r_kk_fin=+0.002, p=0.000250, t_curva=41.52s (t_gen=7.09s, t_rew=0.12s, t_rho_total=34.23s; t_attrs=33.91s, t_frac=0.32s)
[2025-11-07T13:35:21-03:00] Generada red ER: N=10000, <k>_obj=5.20, p=0.000520, L=25851, tiempo=6.742s
[2025-11-07T13:35:21-03:00] Rewire r_kk: objetivo=+0.00, alcanzado=-0.002, |Δ|=0.002, iters=0, tiempo=0.208s
[2025-11-07T13:35:21-03:00] <k>=5.20, p=0.000520, px1=0.10, r_kk_obj=+0.00, r_kk_fin=-0.002, ρ_kx_obj=0.00, ρ_kx_fin=-0.005 -> frac=0.010 | t(attrs)=0.002s, t(frac)=0.033s
[2025-11-07T13:35:21-03:00] <k>=5.20, p=0.000520, px1=0.10, r_kk_obj=+0.00, r_kk_fin=-0.002, ρ_kx_obj=0.09, ρ_kx_fin=+0.076 -> frac=0.014 | t(attrs)=0.235s, t(frac)=0.036s
[2025-11-07T13:35:21-03:00] <k>=5.20, p=0.000520, px1=0.10, r_kk_obj=+0.00, r_kk_fin=-0.002, ρ_kx_obj=0.17, ρ_kx_fin=+0.162 -> frac=0.016 | t(attrs)=0.598s, t(frac)=0.032s
[2025-11-07T13:35:21-03:00] <k>=5.20, p=0.000520, px1=0.10, r_kk_obj=+0.00, r_kk_fin=-0.002, ρ_kx_obj=0.26, ρ_kx_fin=+0.247 -> frac=0.018 | t(attrs)=1.085s, t(frac)=0.041s
[2025-11-07T13:35:21-03:00] <k>=5.20, p=0.000520, px1=0.10, r_kk_obj=+0.00, r_kk_fin=-0.002, ρ_kx_obj=0.34, ρ_kx_fin=+0.333 -> frac=0.020 | t(attrs)=2.132s, t(frac)=0.046s
[2025-11-07T13:35:21-03:00] <k>=5.20, p=0.000520, px1=0.10, r_kk_obj=+0.00, r_kk_fin=-0.002, ρ_kx_obj=0.43, ρ_kx_fin=+0.419 -> frac=0.026 | t(attrs)=3.213s, t(frac)=0.024s
[2025-11-07T13:35:21-03:00] <k>=5.20, p=0.000520, px1=0.10, r_kk_obj=+0.00, r_kk_fin=-0.002, ρ_kx_obj=0.51, ρ_kx_fin=+0.505 -> frac=0.030 | t(attrs)=6.786s, t(frac)=0.089s
[2025-11-07T13:35:21-03:00] <k>=5.20, p=0.000520, px1=0.10, r_kk_obj=+0.00, r_kk_fin=-0.002, ρ_kx_obj=0.60, ρ_kx_fin=+0.590 -> frac=0.034 | t(attrs)=24.510s, t(frac)=0.095s
[2025-11-07T13:35:21-03:00] Curva lista: <k>=5.20, px1=0.10, r_kk_obj=+0.00, r_kk_fin=-0.002, p=0.000520, t_curva=45.92s (t_gen=6.74s, t_rew=0.21s, t_rho_total=38.96s; t_attrs=38.56s, t_frac=0.40s)
[2025-11-07T13:35:49-03:00] Generada red ER: N=10000, <k>_obj=2.50, p=0.000250, L=12479, tiempo=6.696s
[2025-11-07T13:35:49-03:00] Rewire r_kk: objetivo=+0.00, alcanzado=+0.002, |Δ|=0.002, iters=0, tiempo=0.123s
[2025-11-07T13:35:49-03:00] <k>=2.50, p=0.000250, px1=0.05, r_kk_obj=+0.00, r_kk_fin=+0.002, ρ_kx_obj=0.00, ρ_kx_fin=-0.002 -> frac=0.013 | t(attrs)=0.001s, t(frac)=0.021s
[2025-11-07T13:35:49-03:00] <k>=2.50, p=0.000250, px1=0.05, r_kk_obj=+0.00, r_kk_fin=+0.002, ρ_kx_obj=0.09, ρ_kx_fin=+0.076 -> frac=0.017 | t(attrs)=0.154s, t(frac)=0.038s
[2025-11-07T13:35:49-03:00] <k>=2.50, p=0.000250, px1=0.05, r_kk_obj=+0.00, r_kk_fin=+0.002, ρ_kx_obj=0.17, ρ_kx_fin=+0.162 -> frac=0.020 | t(attrs)=0.556s, t(frac)=0.036s
[2025-11-07T13:35:49-03:00] <k>=2.50, p=0.000250, px1=0.05, r_kk_obj=+0.00, r_kk_fin=+0.002, ρ_kx_obj=0.26, ρ_kx_fin=+0.247 -> frac=0.024 | t(attrs)=0.911s, t(frac)=0.031s
[2025-11-07T13:35:49-03:00] <k>=2.50, p=0.000250, px1=0.05, r_kk_obj=+0.00, r_kk_fin=+0.002, ρ_kx_obj=0.34, ρ_kx_fin=+0.334 -> frac=0.029 | t(attrs)=2.044s, t(frac)=0.041s
[2025-11-07T13:35:49-03:00] <k>=2.50, p=0.000250, px1=0.05, r_kk_obj=+0.00, r_kk_fin=+0.002, ρ_kx_obj=0.43, ρ_kx_fin=+0.419 -> frac=0.036 | t(attrs)=4.923s, t(frac)=0.030s
[2025-11-07T13:35:49-03:00] <k>=2.50, p=0.000250, px1=0.05, r_kk_obj=+0.00, r_kk_fin=+0.002, ρ_kx_obj=0.51, ρ_kx_fin=+0.505 -> frac=0.039 | t(attrs)=17.408s, t(frac)=0.051s
[2025-11-07T13:35:49-03:00] <k>=2.50, p=0.000250, px1=0.05, r_kk_obj=+0.00, r_kk_fin=+0.002, ρ_kx_obj=0.60, ρ_kx_fin=+0.532 -> frac=0.039 | t(attrs)=39.964s, t(frac)=0.041s
[2025-11-07T13:35:49-03:00] Curva lista: <k>=2.50, px1=0.05, r_kk_obj=+0.00, r_kk_fin=+0.002, p=0.000250, t_curva=73.14s (t_gen=6.70s, t_rew=0.12s, t_rho_total=66.25s; t_attrs=65.96s, t_frac=0.29s)
[2025-11-07T13:35:58-03:00] Generada red ER: N=10000, <k>_obj=5.20, p=0.000520, L=25851, tiempo=6.682s
[2025-11-07T13:35:58-03:00] Rewire r_kk: objetivo=+0.00, alcanzado=-0.002, |Δ|=0.002, iters=0, tiempo=0.186s
[2025-11-07T13:35:58-03:00] <k>=5.20, p=0.000520, px1=0.05, r_kk_obj=+0.00, r_kk_fin=-0.002, ρ_kx_obj=0.00, ρ_kx_fin=+0.006 -> frac=0.004 | t(attrs)=0.001s, t(frac)=0.041s
[2025-11-07T13:35:58-03:00] <k>=5.20, p=0.000520, px1=0.05, r_kk_obj=+0.00, r_kk_fin=-0.002, ρ_kx_obj=0.09, ρ_kx_fin=+0.076 -> frac=0.004 | t(attrs)=0.202s, t(frac)=0.037s
[2025-11-07T13:35:58-03:00] <k>=5.20, p=0.000520, px1=0.05, r_kk_obj=+0.00, r_kk_fin=-0.002, ρ_kx_obj=0.17, ρ_kx_fin=+0.161 -> frac=0.005 | t(attrs)=0.479s, t(frac)=0.038s
[2025-11-07T13:35:58-03:00] <k>=5.20, p=0.000520, px1=0.05, r_kk_obj=+0.00, r_kk_fin=-0.002, ρ_kx_obj=0.26, ρ_kx_fin=+0.247 -> frac=0.006 | t(attrs)=1.090s, t(frac)=0.037s
[2025-11-07T13:35:58-03:00] <k>=5.20, p=0.000520, px1=0.05, r_kk_obj=+0.00, r_kk_fin=-0.002, ρ_kx_obj=0.34, ρ_kx_fin=+0.333 -> frac=0.007 | t(attrs)=2.246s, t(frac)=0.044s
[2025-11-07T13:35:58-03:00] <k>=5.20, p=0.000520, px1=0.05, r_kk_obj=+0.00, r_kk_fin=-0.002, ρ_kx_obj=0.43, ρ_kx_fin=+0.419 -> frac=0.009 | t(attrs)=4.958s, t(frac)=0.043s
[2025-11-07T13:35:58-03:00] <k>=5.20, p=0.000520, px1=0.05, r_kk_obj=+0.00, r_kk_fin=-0.002, ρ_kx_obj=0.51, ρ_kx_fin=+0.504 -> frac=0.011 | t(attrs)=35.009s, t(frac)=0.059s
[2025-11-07T13:35:58-03:00] <k>=5.20, p=0.000520, px1=0.05, r_kk_obj=+0.00, r_kk_fin=-0.002, ρ_kx_obj=0.60, ρ_kx_fin=+0.509 -> frac=0.010 | t(attrs)=31.694s, t(frac)=0.048s
[2025-11-07T13:35:58-03:00] Curva lista: <k>=5.20, px1=0.05, r_kk_obj=+0.00, r_kk_fin=-0.002, p=0.000520, t_curva=82.91s (t_gen=6.68s, t_rew=0.19s, t_rho_total=76.03s; t_attrs=75.68s, t_frac=0.35s)
[2025-11-07T14:10:14-03:00] Generada red ER: N=10000, <k>_obj=2.50, p=0.000250, L=12479, tiempo=6.505s
[2025-11-07T14:10:14-03:00] Rewire r_kk: objetivo=+0.50, alcanzado=+0.485, |Δ|=0.015, iters=10413, tiempo=2106.801s
[2025-11-07T14:10:14-03:00] <k>=2.50, p=0.000250, px1=0.10, r_kk_obj=+0.50, r_kk_fin=+0.485, ρ_kx_obj=0.00, ρ_kx_fin=+0.009 -> frac=0.031 | t(attrs)=0.040s, t(frac)=0.040s
[2025-11-07T14:10:14-03:00] <k>=2.50, p=0.000250, px1=0.10, r_kk_obj=+0.50, r_kk_fin=+0.485, ρ_kx_obj=0.09, ρ_kx_fin=+0.076 -> frac=0.031 | t(attrs)=0.347s, t(frac)=0.038s
[2025-11-07T14:10:14-03:00] <k>=2.50, p=0.000250, px1=0.10, r_kk_obj=+0.50, r_kk_fin=+0.485, ρ_kx_obj=0.17, ρ_kx_fin=+0.162 -> frac=0.031 | t(attrs)=0.700s, t(frac)=0.040s
[2025-11-07T14:10:14-03:00] <k>=2.50, p=0.000250, px1=0.10, r_kk_obj=+0.50, r_kk_fin=+0.485, ρ_kx_obj=0.26, ρ_kx_fin=+0.248 -> frac=0.037 | t(attrs)=1.175s, t(frac)=0.035s
[2025-11-07T14:10:14-03:00] <k>=2.50, p=0.000250, px1=0.10, r_kk_obj=+0.50, r_kk_fin=+0.485, ρ_kx_obj=0.34, ρ_kx_fin=+0.333 -> frac=0.040 | t(attrs)=1.416s, t(frac)=0.031s
[2025-11-07T14:10:14-03:00] <k>=2.50, p=0.000250, px1=0.10, r_kk_obj=+0.50, r_kk_fin=+0.485, ρ_kx_obj=0.43, ρ_kx_fin=+0.419 -> frac=0.048 | t(attrs)=3.155s, t(frac)=0.040s
[2025-11-07T14:10:14-03:00] <k>=2.50, p=0.000250, px1=0.10, r_kk_obj=+0.50, r_kk_fin=+0.485, ρ_kx_obj=0.51, ρ_kx_fin=+0.504 -> frac=0.055 | t(attrs)=5.704s, t(frac)=0.037s
[2025-11-07T14:10:14-03:00] <k>=2.50, p=0.000250, px1=0.10, r_kk_obj=+0.50, r_kk_fin=+0.485, ρ_kx_obj=0.60, ρ_kx_fin=+0.590 -> frac=0.063 | t(attrs)=11.894s, t(frac)=0.032s
[2025-11-07T14:10:14-03:00] Curva lista: <k>=2.50, px1=0.10, r_kk_obj=+0.50, r_kk_fin=+0.485, p=0.000250, t_curva=2138.05s (t_gen=6.50s, t_rew=2106.80s, t_rho_total=24.72s; t_attrs=24.43s, t_frac=0.29s)
[2025-11-07T14:10:19-03:00] Generada red ER: N=10000, <k>_obj=2.50, p=0.000250, L=12479, tiempo=6.660s
[2025-11-07T14:10:19-03:00] Rewire r_kk: objetivo=+0.50, alcanzado=+0.485, |Δ|=0.015, iters=10413, tiempo=2115.796s
[2025-11-07T14:10:19-03:00] <k>=2.50, p=0.000250, px1=0.20, r_kk_obj=+0.50, r_kk_fin=+0.485, ρ_kx_obj=0.00, ρ_kx_fin=-0.005 -> frac=0.079 | t(attrs)=0.002s, t(frac)=0.034s
[2025-11-07T14:10:19-03:00] <k>=2.50, p=0.000250, px1=0.20, r_kk_obj=+0.50, r_kk_fin=+0.485, ρ_kx_obj=0.09, ρ_kx_fin=+0.076 -> frac=0.087 | t(attrs)=0.400s, t(frac)=0.027s
[2025-11-07T14:10:19-03:00] <k>=2.50, p=0.000250, px1=0.20, r_kk_obj=+0.50, r_kk_fin=+0.485, ρ_kx_obj=0.17, ρ_kx_fin=+0.161 -> frac=0.097 | t(attrs)=0.888s, t(frac)=0.040s
[2025-11-07T14:10:19-03:00] <k>=2.50, p=0.000250, px1=0.20, r_kk_obj=+0.50, r_kk_fin=+0.485, ρ_kx_obj=0.26, ρ_kx_fin=+0.247 -> frac=0.108 | t(attrs)=1.331s, t(frac)=0.037s
[2025-11-07T14:10:19-03:00] <k>=2.50, p=0.000250, px1=0.20, r_kk_obj=+0.50, r_kk_fin=+0.485, ρ_kx_obj=0.34, ρ_kx_fin=+0.333 -> frac=0.119 | t(attrs)=2.101s, t(frac)=0.034s
[2025-11-07T14:10:19-03:00] <k>=2.50, p=0.000250, px1=0.20, r_kk_obj=+0.50, r_kk_fin=+0.485, ρ_kx_obj=0.43, ρ_kx_fin=+0.419 -> frac=0.136 | t(attrs)=3.130s, t(frac)=0.029s
[2025-11-07T14:10:19-03:00] <k>=2.50, p=0.000250, px1=0.20, r_kk_obj=+0.50, r_kk_fin=+0.485, ρ_kx_obj=0.51, ρ_kx_fin=+0.505 -> frac=0.157 | t(attrs)=4.873s, t(frac)=0.032s
[2025-11-07T14:10:19-03:00] <k>=2.50, p=0.000250, px1=0.20, r_kk_obj=+0.50, r_kk_fin=+0.485, ρ_kx_obj=0.60, ρ_kx_fin=+0.590 -> frac=0.168 | t(attrs)=7.228s, t(frac)=0.033s
[2025-11-07T14:10:19-03:00] Curva lista: <k>=2.50, px1=0.20, r_kk_obj=+0.50, r_kk_fin=+0.485, p=0.000250, t_curva=2142.68s (t_gen=6.66s, t_rew=2115.80s, t_rho_total=20.22s; t_attrs=19.95s, t_frac=0.27s)
[2025-11-07T14:10:29-03:00] Generada red ER: N=10000, <k>_obj=2.50, p=0.000250, L=12479, tiempo=6.787s
[2025-11-07T14:10:29-03:00] Rewire r_kk: objetivo=+0.50, alcanzado=+0.485, |Δ|=0.015, iters=10413, tiempo=2099.226s
[2025-11-07T14:10:29-03:00] <k>=2.50, p=0.000250, px1=0.05, r_kk_obj=+0.50, r_kk_fin=+0.485, ρ_kx_obj=0.00, ρ_kx_fin=+0.006 -> frac=0.013 | t(attrs)=0.002s, t(frac)=0.033s
[2025-11-07T14:10:29-03:00] <k>=2.50, p=0.000250, px1=0.05, r_kk_obj=+0.50, r_kk_fin=+0.485, ρ_kx_obj=0.09, ρ_kx_fin=+0.076 -> frac=0.012 | t(attrs)=0.171s, t(frac)=0.034s
[2025-11-07T14:10:29-03:00] <k>=2.50, p=0.000250, px1=0.05, r_kk_obj=+0.50, r_kk_fin=+0.485, ρ_kx_obj=0.17, ρ_kx_fin=+0.162 -> frac=0.016 | t(attrs)=0.548s, t(frac)=0.034s
[2025-11-07T14:10:29-03:00] <k>=2.50, p=0.000250, px1=0.05, r_kk_obj=+0.50, r_kk_fin=+0.485, ρ_kx_obj=0.26, ρ_kx_fin=+0.247 -> frac=0.012 | t(attrs)=1.221s, t(frac)=0.037s
[2025-11-07T14:10:29-03:00] <k>=2.50, p=0.000250, px1=0.05, r_kk_obj=+0.50, r_kk_fin=+0.485, ρ_kx_obj=0.34, ρ_kx_fin=+0.334 -> frac=0.015 | t(attrs)=1.586s, t(frac)=0.021s
[2025-11-07T14:10:29-03:00] <k>=2.50, p=0.000250, px1=0.05, r_kk_obj=+0.50, r_kk_fin=+0.485, ρ_kx_obj=0.43, ρ_kx_fin=+0.419 -> frac=0.015 | t(attrs)=4.428s, t(frac)=0.019s
[2025-11-07T14:10:29-03:00] <k>=2.50, p=0.000250, px1=0.05, r_kk_obj=+0.50, r_kk_fin=+0.485, ρ_kx_obj=0.51, ρ_kx_fin=+0.505 -> frac=0.018 | t(attrs)=12.865s, t(frac)=0.038s
[2025-11-07T14:10:29-03:00] <k>=2.50, p=0.000250, px1=0.05, r_kk_obj=+0.50, r_kk_fin=+0.485, ρ_kx_obj=0.60, ρ_kx_fin=+0.531 -> frac=0.021 | t(attrs)=26.256s, t(frac)=0.036s
[2025-11-07T14:10:29-03:00] Curva lista: <k>=2.50, px1=0.05, r_kk_obj=+0.50, r_kk_fin=+0.485, p=0.000250, t_curva=2153.36s (t_gen=6.79s, t_rew=2099.23s, t_rho_total=47.33s; t_attrs=47.08s, t_frac=0.25s)
[2025-11-07T14:19:17-03:00] Generada red ER: N=10000, <k>_obj=2.50, p=0.000250, L=12479, tiempo=6.841s
[2025-11-07T14:19:17-03:00] Rewire r_kk: objetivo=-0.50, alcanzado=-0.485, |Δ|=0.015, iters=13448, tiempo=2656.851s
[2025-11-07T14:19:17-03:00] <k>=2.50, p=0.000250, px1=0.20, r_kk_obj=-0.50, r_kk_fin=-0.485, ρ_kx_obj=0.00, ρ_kx_fin=-0.005 -> frac=0.077 | t(attrs)=0.001s, t(frac)=0.030s
[2025-11-07T14:19:17-03:00] <k>=2.50, p=0.000250, px1=0.20, r_kk_obj=-0.50, r_kk_fin=-0.485, ρ_kx_obj=0.09, ρ_kx_fin=+0.076 -> frac=0.098 | t(attrs)=0.255s, t(frac)=0.036s
[2025-11-07T14:19:17-03:00] <k>=2.50, p=0.000250, px1=0.20, r_kk_obj=-0.50, r_kk_fin=-0.485, ρ_kx_obj=0.17, ρ_kx_fin=+0.161 -> frac=0.119 | t(attrs)=0.585s, t(frac)=0.033s
[2025-11-07T14:19:17-03:00] <k>=2.50, p=0.000250, px1=0.20, r_kk_obj=-0.50, r_kk_fin=-0.485, ρ_kx_obj=0.26, ρ_kx_fin=+0.247 -> frac=0.145 | t(attrs)=1.016s, t(frac)=0.031s
[2025-11-07T14:19:17-03:00] <k>=2.50, p=0.000250, px1=0.20, r_kk_obj=-0.50, r_kk_fin=-0.485, ρ_kx_obj=0.34, ρ_kx_fin=+0.333 -> frac=0.174 | t(attrs)=1.668s, t(frac)=0.021s
[2025-11-07T14:19:17-03:00] <k>=2.50, p=0.000250, px1=0.20, r_kk_obj=-0.50, r_kk_fin=-0.485, ρ_kx_obj=0.43, ρ_kx_fin=+0.419 -> frac=0.203 | t(attrs)=2.864s, t(frac)=0.036s
[2025-11-07T14:19:17-03:00] <k>=2.50, p=0.000250, px1=0.20, r_kk_obj=-0.50, r_kk_fin=-0.485, ρ_kx_obj=0.51, ρ_kx_fin=+0.504 -> frac=0.235 | t(attrs)=4.074s, t(frac)=0.033s
[2025-11-07T14:19:17-03:00] <k>=2.50, p=0.000250, px1=0.20, r_kk_obj=-0.50, r_kk_fin=-0.485, ρ_kx_obj=0.60, ρ_kx_fin=+0.590 -> frac=0.268 | t(attrs)=6.224s, t(frac)=0.027s
[2025-11-07T14:19:17-03:00] Curva lista: <k>=2.50, px1=0.20, r_kk_obj=-0.50, r_kk_fin=-0.485, p=0.000250, t_curva=2680.63s (t_gen=6.84s, t_rew=2656.85s, t_rho_total=16.93s; t_attrs=16.69s, t_frac=0.25s)
[2025-11-07T14:19:21-03:00] Generada red ER: N=10000, <k>_obj=2.50, p=0.000250, L=12479, tiempo=7.058s
[2025-11-07T14:19:21-03:00] Rewire r_kk: objetivo=-0.50, alcanzado=-0.485, |Δ|=0.015, iters=13448, tiempo=2656.456s
[2025-11-07T14:19:21-03:00] <k>=2.50, p=0.000250, px1=0.10, r_kk_obj=-0.50, r_kk_fin=-0.485, ρ_kx_obj=0.00, ρ_kx_fin=+0.004 -> frac=0.033 | t(attrs)=0.002s, t(frac)=0.030s
[2025-11-07T14:19:21-03:00] <k>=2.50, p=0.000250, px1=0.10, r_kk_obj=-0.50, r_kk_fin=-0.485, ρ_kx_obj=0.09, ρ_kx_fin=+0.076 -> frac=0.039 | t(attrs)=0.207s, t(frac)=0.017s
[2025-11-07T14:19:21-03:00] <k>=2.50, p=0.000250, px1=0.10, r_kk_obj=-0.50, r_kk_fin=-0.485, ρ_kx_obj=0.17, ρ_kx_fin=+0.162 -> frac=0.053 | t(attrs)=0.507s, t(frac)=0.031s
[2025-11-07T14:19:21-03:00] <k>=2.50, p=0.000250, px1=0.10, r_kk_obj=-0.50, r_kk_fin=-0.485, ρ_kx_obj=0.26, ρ_kx_fin=+0.248 -> frac=0.072 | t(attrs)=1.011s, t(frac)=0.025s
[2025-11-07T14:19:21-03:00] <k>=2.50, p=0.000250, px1=0.10, r_kk_obj=-0.50, r_kk_fin=-0.485, ρ_kx_obj=0.34, ρ_kx_fin=+0.333 -> frac=0.090 | t(attrs)=1.658s, t(frac)=0.032s
[2025-11-07T14:19:21-03:00] <k>=2.50, p=0.000250, px1=0.10, r_kk_obj=-0.50, r_kk_fin=-0.485, ρ_kx_obj=0.43, ρ_kx_fin=+0.419 -> frac=0.112 | t(attrs)=2.546s, t(frac)=0.034s
[2025-11-07T14:19:21-03:00] <k>=2.50, p=0.000250, px1=0.10, r_kk_obj=-0.50, r_kk_fin=-0.485, ρ_kx_obj=0.51, ρ_kx_fin=+0.504 -> frac=0.132 | t(attrs)=4.812s, t(frac)=0.035s
[2025-11-07T14:19:21-03:00] <k>=2.50, p=0.000250, px1=0.10, r_kk_obj=-0.50, r_kk_fin=-0.485, ρ_kx_obj=0.60, ρ_kx_fin=+0.590 -> frac=0.162 | t(attrs)=10.197s, t(frac)=0.026s
[2025-11-07T14:19:21-03:00] Curva lista: <k>=2.50, px1=0.10, r_kk_obj=-0.50, r_kk_fin=-0.485, p=0.000250, t_curva=2684.70s (t_gen=7.06s, t_rew=2656.46s, t_rho_total=21.17s; t_attrs=20.94s, t_frac=0.23s)
[2025-11-07T14:19:49-03:00] Generada red ER: N=10000, <k>_obj=2.50, p=0.000250, L=12479, tiempo=6.589s
[2025-11-07T14:19:49-03:00] Rewire r_kk: objetivo=-0.50, alcanzado=-0.485, |Δ|=0.015, iters=13448, tiempo=2670.505s
[2025-11-07T14:19:49-03:00] <k>=2.50, p=0.000250, px1=0.05, r_kk_obj=-0.50, r_kk_fin=-0.485, ρ_kx_obj=0.00, ρ_kx_fin=+0.005 -> frac=0.015 | t(attrs)=0.002s, t(frac)=0.031s
[2025-11-07T14:19:49-03:00] <k>=2.50, p=0.000250, px1=0.05, r_kk_obj=-0.50, r_kk_fin=-0.485, ρ_kx_obj=0.09, ρ_kx_fin=+0.076 -> frac=0.018 | t(attrs)=0.133s, t(frac)=0.031s
[2025-11-07T14:19:49-03:00] <k>=2.50, p=0.000250, px1=0.05, r_kk_obj=-0.50, r_kk_fin=-0.485, ρ_kx_obj=0.17, ρ_kx_fin=+0.162 -> frac=0.030 | t(attrs)=0.370s, t(frac)=0.032s
[2025-11-07T14:19:49-03:00] <k>=2.50, p=0.000250, px1=0.05, r_kk_obj=-0.50, r_kk_fin=-0.485, ρ_kx_obj=0.26, ρ_kx_fin=+0.248 -> frac=0.038 | t(attrs)=0.747s, t(frac)=0.031s
[2025-11-07T14:19:49-03:00] <k>=2.50, p=0.000250, px1=0.05, r_kk_obj=-0.50, r_kk_fin=-0.485, ρ_kx_obj=0.34, ρ_kx_fin=+0.333 -> frac=0.053 | t(attrs)=1.855s, t(frac)=0.034s
[2025-11-07T14:19:49-03:00] <k>=2.50, p=0.000250, px1=0.05, r_kk_obj=-0.50, r_kk_fin=-0.485, ρ_kx_obj=0.43, ρ_kx_fin=+0.420 -> frac=0.070 | t(attrs)=3.378s, t(frac)=0.033s
[2025-11-07T14:19:49-03:00] <k>=2.50, p=0.000250, px1=0.05, r_kk_obj=-0.50, r_kk_fin=-0.485, ρ_kx_obj=0.51, ρ_kx_fin=+0.505 -> frac=0.091 | t(attrs)=10.288s, t(frac)=0.033s
[2025-11-07T14:19:49-03:00] <k>=2.50, p=0.000250, px1=0.05, r_kk_obj=-0.50, r_kk_fin=-0.485, ρ_kx_obj=0.60, ρ_kx_fin=+0.532 -> frac=0.099 | t(attrs)=19.506s, t(frac)=0.031s
[2025-11-07T14:19:49-03:00] Curva lista: <k>=2.50, px1=0.05, r_kk_obj=-0.50, r_kk_fin=-0.485, p=0.000250, t_curva=2713.64s (t_gen=6.59s, t_rew=2670.51s, t_rho_total=36.53s; t_attrs=36.28s, t_frac=0.26s)
[2025-11-07T15:00:26-03:00] Generada red ER: N=10000, <k>_obj=5.20, p=0.000520, L=25851, tiempo=6.419s
[2025-11-07T15:00:26-03:00] Rewire r_kk: objetivo=+0.50, alcanzado=+0.485, |Δ|=0.015, iters=22863, tiempo=5097.504s
[2025-11-07T15:00:26-03:00] <k>=5.20, p=0.000520, px1=0.05, r_kk_obj=+0.50, r_kk_fin=+0.485, ρ_kx_obj=0.00, ρ_kx_fin=-0.010 -> frac=0.003 | t(attrs)=0.003s, t(frac)=0.037s
[2025-11-07T15:00:26-03:00] <k>=5.20, p=0.000520, px1=0.05, r_kk_obj=+0.50, r_kk_fin=+0.485, ρ_kx_obj=0.09, ρ_kx_fin=+0.076 -> frac=0.002 | t(attrs)=0.144s, t(frac)=0.019s
[2025-11-07T15:00:26-03:00] <k>=5.20, p=0.000520, px1=0.05, r_kk_obj=+0.50, r_kk_fin=+0.485, ρ_kx_obj=0.17, ρ_kx_fin=+0.162 -> frac=0.003 | t(attrs)=0.221s, t(frac)=0.019s
[2025-11-07T15:00:26-03:00] <k>=5.20, p=0.000520, px1=0.05, r_kk_obj=+0.50, r_kk_fin=+0.485, ρ_kx_obj=0.26, ρ_kx_fin=+0.248 -> frac=0.002 | t(attrs)=0.703s, t(frac)=0.019s
[2025-11-07T15:00:26-03:00] <k>=5.20, p=0.000520, px1=0.05, r_kk_obj=+0.50, r_kk_fin=+0.485, ρ_kx_obj=0.34, ρ_kx_fin=+0.333 -> frac=0.002 | t(attrs)=1.572s, t(frac)=0.024s
[2025-11-07T15:00:26-03:00] <k>=5.20, p=0.000520, px1=0.05, r_kk_obj=+0.50, r_kk_fin=+0.485, ρ_kx_obj=0.43, ρ_kx_fin=+0.419 -> frac=0.002 | t(attrs)=3.384s, t(frac)=0.039s
[2025-11-07T15:00:26-03:00] <k>=5.20, p=0.000520, px1=0.05, r_kk_obj=+0.50, r_kk_fin=+0.485, ρ_kx_obj=0.51, ρ_kx_fin=+0.504 -> frac=0.005 | t(attrs)=18.544s, t(frac)=0.021s
[2025-11-07T15:00:26-03:00] <k>=5.20, p=0.000520, px1=0.05, r_kk_obj=+0.50, r_kk_fin=+0.485, ρ_kx_obj=0.60, ρ_kx_fin=+0.507 -> frac=0.005 | t(attrs)=22.260s, t(frac)=0.032s
[2025-11-07T15:00:26-03:00] Curva lista: <k>=5.20, px1=0.05, r_kk_obj=+0.50, r_kk_fin=+0.485, p=0.000520, t_curva=5150.98s (t_gen=6.42s, t_rew=5097.50s, t_rho_total=47.04s; t_attrs=46.83s, t_frac=0.21s)
[2025-11-07T15:00:59-03:00] Generada red ER: N=10000, <k>_obj=5.20, p=0.000520, L=25851, tiempo=6.231s
[2025-11-07T15:00:59-03:00] Rewire r_kk: objetivo=+0.50, alcanzado=+0.485, |Δ|=0.015, iters=22863, tiempo=5161.941s
[2025-11-07T15:00:59-03:00] <k>=5.20, p=0.000520, px1=0.20, r_kk_obj=+0.50, r_kk_fin=+0.485, ρ_kx_obj=0.00, ρ_kx_fin=-0.010 -> frac=0.048 | t(attrs)=0.025s, t(frac)=0.026s
[2025-11-07T15:00:59-03:00] <k>=5.20, p=0.000520, px1=0.20, r_kk_obj=+0.50, r_kk_fin=+0.485, ρ_kx_obj=0.09, ρ_kx_fin=+0.076 -> frac=0.049 | t(attrs)=0.264s, t(frac)=0.022s
[2025-11-07T15:00:59-03:00] <k>=5.20, p=0.000520, px1=0.20, r_kk_obj=+0.50, r_kk_fin=+0.485, ρ_kx_obj=0.17, ρ_kx_fin=+0.162 -> frac=0.053 | t(attrs)=0.550s, t(frac)=0.033s
[2025-11-07T15:00:59-03:00] <k>=5.20, p=0.000520, px1=0.20, r_kk_obj=+0.50, r_kk_fin=+0.485, ρ_kx_obj=0.26, ρ_kx_fin=+0.247 -> frac=0.061 | t(attrs)=1.101s, t(frac)=0.029s
[2025-11-07T15:00:59-03:00] <k>=5.20, p=0.000520, px1=0.20, r_kk_obj=+0.50, r_kk_fin=+0.485, ρ_kx_obj=0.34, ρ_kx_fin=+0.333 -> frac=0.070 | t(attrs)=1.265s, t(frac)=0.036s
[2025-11-07T15:00:59-03:00] <k>=5.20, p=0.000520, px1=0.20, r_kk_obj=+0.50, r_kk_fin=+0.485, ρ_kx_obj=0.43, ρ_kx_fin=+0.419 -> frac=0.082 | t(attrs)=2.224s, t(frac)=0.026s
[2025-11-07T15:00:59-03:00] <k>=5.20, p=0.000520, px1=0.20, r_kk_obj=+0.50, r_kk_fin=+0.485, ρ_kx_obj=0.51, ρ_kx_fin=+0.504 -> frac=0.098 | t(attrs)=3.310s, t(frac)=0.036s
[2025-11-07T15:00:59-03:00] <k>=5.20, p=0.000520, px1=0.20, r_kk_obj=+0.50, r_kk_fin=+0.485, ρ_kx_obj=0.60, ρ_kx_fin=+0.590 -> frac=0.118 | t(attrs)=5.815s, t(frac)=0.025s
[2025-11-07T15:00:59-03:00] Curva lista: <k>=5.20, px1=0.20, r_kk_obj=+0.50, r_kk_fin=+0.485, p=0.000520, t_curva=5182.97s (t_gen=6.23s, t_rew=5161.94s, t_rho_total=14.79s; t_attrs=14.56s, t_frac=0.23s)
[2025-11-07T15:01:50-03:00] Generada red ER: N=10000, <k>_obj=5.20, p=0.000520, L=25851, tiempo=6.408s
[2025-11-07T15:01:50-03:00] Rewire r_kk: objetivo=+0.50, alcanzado=+0.485, |Δ|=0.015, iters=22863, tiempo=5208.532s
[2025-11-07T15:01:50-03:00] <k>=5.20, p=0.000520, px1=0.10, r_kk_obj=+0.50, r_kk_fin=+0.485, ρ_kx_obj=0.00, ρ_kx_fin=-0.010 -> frac=0.011 | t(attrs)=0.017s, t(frac)=0.027s
[2025-11-07T15:01:50-03:00] <k>=5.20, p=0.000520, px1=0.10, r_kk_obj=+0.50, r_kk_fin=+0.485, ρ_kx_obj=0.09, ρ_kx_fin=+0.076 -> frac=0.010 | t(attrs)=0.208s, t(frac)=0.023s
[2025-11-07T15:01:50-03:00] <k>=5.20, p=0.000520, px1=0.10, r_kk_obj=+0.50, r_kk_fin=+0.485, ρ_kx_obj=0.17, ρ_kx_fin=+0.162 -> frac=0.009 | t(attrs)=0.452s, t(frac)=0.024s
[2025-11-07T15:01:50-03:00] <k>=5.20, p=0.000520, px1=0.10, r_kk_obj=+0.50, r_kk_fin=+0.485, ρ_kx_obj=0.26, ρ_kx_fin=+0.247 -> frac=0.010 | t(attrs)=0.945s, t(frac)=0.044s
[2025-11-07T15:01:50-03:00] <k>=5.20, p=0.000520, px1=0.10, r_kk_obj=+0.50, r_kk_fin=+0.485, ρ_kx_obj=0.34, ρ_kx_fin=+0.333 -> frac=0.013 | t(attrs)=1.190s, t(frac)=0.036s
[2025-11-07T15:01:50-03:00] <k>=5.20, p=0.000520, px1=0.10, r_kk_obj=+0.50, r_kk_fin=+0.485, ρ_kx_obj=0.43, ρ_kx_fin=+0.419 -> frac=0.016 | t(attrs)=2.166s, t(frac)=0.031s
[2025-11-07T15:01:50-03:00] <k>=5.20, p=0.000520, px1=0.10, r_kk_obj=+0.50, r_kk_fin=+0.485, ρ_kx_obj=0.51, ρ_kx_fin=+0.504 -> frac=0.022 | t(attrs)=4.161s, t(frac)=0.025s
[2025-11-07T15:01:50-03:00] <k>=5.20, p=0.000520, px1=0.10, r_kk_obj=+0.50, r_kk_fin=+0.485, ρ_kx_obj=0.60, ρ_kx_fin=+0.590 -> frac=0.030 | t(attrs)=10.253s, t(frac)=0.035s
[2025-11-07T15:01:50-03:00] Curva lista: <k>=5.20, px1=0.10, r_kk_obj=+0.50, r_kk_fin=+0.485, p=0.000520, t_curva=5234.59s (t_gen=6.41s, t_rew=5208.53s, t_rho_total=19.64s; t_attrs=19.39s, t_frac=0.24s)
[2025-11-07T15:11:41-03:00] Generada red ER: N=10000, <k>_obj=5.20, p=0.000520, L=25851, tiempo=6.807s
[2025-11-07T15:11:41-03:00] Rewire r_kk: objetivo=-0.50, alcanzado=-0.485, |Δ|=0.015, iters=26576, tiempo=5804.956s
[2025-11-07T15:11:41-03:00] <k>=5.20, p=0.000520, px1=0.10, r_kk_obj=-0.50, r_kk_fin=-0.485, ρ_kx_obj=0.00, ρ_kx_fin=+0.010 -> frac=0.012 | t(attrs)=0.008s, t(frac)=0.018s
[2025-11-07T15:11:41-03:00] <k>=5.20, p=0.000520, px1=0.10, r_kk_obj=-0.50, r_kk_fin=-0.485, ρ_kx_obj=0.09, ρ_kx_fin=+0.076 -> frac=0.014 | t(attrs)=0.139s, t(frac)=0.017s
[2025-11-07T15:11:41-03:00] <k>=5.20, p=0.000520, px1=0.10, r_kk_obj=-0.50, r_kk_fin=-0.485, ρ_kx_obj=0.17, ρ_kx_fin=+0.162 -> frac=0.023 | t(attrs)=0.250s, t(frac)=0.019s
[2025-11-07T15:11:41-03:00] <k>=5.20, p=0.000520, px1=0.10, r_kk_obj=-0.50, r_kk_fin=-0.485, ρ_kx_obj=0.26, ρ_kx_fin=+0.247 -> frac=0.034 | t(attrs)=0.549s, t(frac)=0.019s
[2025-11-07T15:11:41-03:00] <k>=5.20, p=0.000520, px1=0.10, r_kk_obj=-0.50, r_kk_fin=-0.485, ρ_kx_obj=0.34, ρ_kx_fin=+0.333 -> frac=0.045 | t(attrs)=0.921s, t(frac)=0.021s
[2025-11-07T15:11:41-03:00] <k>=5.20, p=0.000520, px1=0.10, r_kk_obj=-0.50, r_kk_fin=-0.485, ρ_kx_obj=0.43, ρ_kx_fin=+0.419 -> frac=0.066 | t(attrs)=1.517s, t(frac)=0.027s
[2025-11-07T15:11:41-03:00] <k>=5.20, p=0.000520, px1=0.10, r_kk_obj=-0.50, r_kk_fin=-0.485, ρ_kx_obj=0.51, ρ_kx_fin=+0.504 -> frac=0.087 | t(attrs)=2.750s, t(frac)=0.019s
[2025-11-07T15:11:41-03:00] <k>=5.20, p=0.000520, px1=0.10, r_kk_obj=-0.50, r_kk_fin=-0.485, ρ_kx_obj=0.60, ρ_kx_fin=+0.590 -> frac=0.116 | t(attrs)=7.047s, t(frac)=0.018s
[2025-11-07T15:11:41-03:00] Curva lista: <k>=5.20, px1=0.10, r_kk_obj=-0.50, r_kk_fin=-0.485, p=0.000520, t_curva=5825.16s (t_gen=6.81s, t_rew=5804.96s, t_rho_total=13.34s; t_attrs=13.18s, t_frac=0.16s)
[2025-11-07T15:12:27-03:00] Generada red ER: N=10000, <k>_obj=5.20, p=0.000520, L=25851, tiempo=6.615s
[2025-11-07T15:12:27-03:00] Rewire r_kk: objetivo=-0.50, alcanzado=-0.485, |Δ|=0.015, iters=26576, tiempo=5839.884s
[2025-11-07T15:12:27-03:00] <k>=5.20, p=0.000520, px1=0.05, r_kk_obj=-0.50, r_kk_fin=-0.485, ρ_kx_obj=0.00, ρ_kx_fin=+0.000 -> frac=0.003 | t(attrs)=0.002s, t(frac)=0.023s
[2025-11-07T15:12:27-03:00] <k>=5.20, p=0.000520, px1=0.05, r_kk_obj=-0.50, r_kk_fin=-0.485, ρ_kx_obj=0.09, ρ_kx_fin=+0.076 -> frac=0.005 | t(attrs)=0.090s, t(frac)=0.021s
[2025-11-07T15:12:27-03:00] <k>=5.20, p=0.000520, px1=0.05, r_kk_obj=-0.50, r_kk_fin=-0.485, ρ_kx_obj=0.17, ρ_kx_fin=+0.162 -> frac=0.010 | t(attrs)=0.201s, t(frac)=0.017s
[2025-11-07T15:12:27-03:00] <k>=5.20, p=0.000520, px1=0.05, r_kk_obj=-0.50, r_kk_fin=-0.485, ρ_kx_obj=0.26, ρ_kx_fin=+0.247 -> frac=0.014 | t(attrs)=0.467s, t(frac)=0.016s
[2025-11-07T15:12:27-03:00] <k>=5.20, p=0.000520, px1=0.05, r_kk_obj=-0.50, r_kk_fin=-0.485, ρ_kx_obj=0.34, ρ_kx_fin=+0.333 -> frac=0.023 | t(attrs)=1.279s, t(frac)=0.022s
[2025-11-07T15:12:27-03:00] <k>=5.20, p=0.000520, px1=0.05, r_kk_obj=-0.50, r_kk_fin=-0.485, ρ_kx_obj=0.43, ρ_kx_fin=+0.419 -> frac=0.035 | t(attrs)=2.346s, t(frac)=0.022s
[2025-11-07T15:12:27-03:00] <k>=5.20, p=0.000520, px1=0.05, r_kk_obj=-0.50, r_kk_fin=-0.485, ρ_kx_obj=0.51, ρ_kx_fin=+0.504 -> frac=0.050 | t(attrs)=9.540s, t(frac)=0.017s
[2025-11-07T15:12:27-03:00] <k>=5.20, p=0.000520, px1=0.05, r_kk_obj=-0.50, r_kk_fin=-0.485, ρ_kx_obj=0.60, ρ_kx_fin=+0.508 -> frac=0.051 | t(attrs)=11.286s, t(frac)=0.017s
[2025-11-07T15:12:27-03:00] Curva lista: <k>=5.20, px1=0.05, r_kk_obj=-0.50, r_kk_fin=-0.485, p=0.000520, t_curva=5871.93s (t_gen=6.61s, t_rew=5839.88s, t_rho_total=25.37s; t_attrs=25.21s, t_frac=0.16s)
[2025-11-07T15:12:40-03:00] Generada red ER: N=10000, <k>_obj=5.20, p=0.000520, L=25851, tiempo=6.530s
[2025-11-07T15:12:40-03:00] Rewire r_kk: objetivo=-0.50, alcanzado=-0.485, |Δ|=0.015, iters=26576, tiempo=5869.274s
[2025-11-07T15:12:40-03:00] <k>=5.20, p=0.000520, px1=0.20, r_kk_obj=-0.50, r_kk_fin=-0.485, ρ_kx_obj=0.00, ρ_kx_fin=+0.006 -> frac=0.044 | t(attrs)=0.001s, t(frac)=0.016s
[2025-11-07T15:12:40-03:00] <k>=5.20, p=0.000520, px1=0.20, r_kk_obj=-0.50, r_kk_fin=-0.485, ρ_kx_obj=0.09, ρ_kx_fin=+0.076 -> frac=0.058 | t(attrs)=0.149s, t(frac)=0.019s
[2025-11-07T15:12:40-03:00] <k>=5.20, p=0.000520, px1=0.20, r_kk_obj=-0.50, r_kk_fin=-0.485, ρ_kx_obj=0.17, ρ_kx_fin=+0.162 -> frac=0.080 | t(attrs)=0.354s, t(frac)=0.021s
[2025-11-07T15:12:40-03:00] <k>=5.20, p=0.000520, px1=0.20, r_kk_obj=-0.50, r_kk_fin=-0.485, ρ_kx_obj=0.26, ρ_kx_fin=+0.247 -> frac=0.099 | t(attrs)=0.540s, t(frac)=0.018s
[2025-11-07T15:12:40-03:00] <k>=5.20, p=0.000520, px1=0.20, r_kk_obj=-0.50, r_kk_fin=-0.485, ρ_kx_obj=0.34, ρ_kx_fin=+0.333 -> frac=0.125 | t(attrs)=0.842s, t(frac)=0.016s
[2025-11-07T15:12:40-03:00] <k>=5.20, p=0.000520, px1=0.20, r_kk_obj=-0.50, r_kk_fin=-0.485, ρ_kx_obj=0.43, ρ_kx_fin=+0.419 -> frac=0.151 | t(attrs)=1.354s, t(frac)=0.021s
[2025-11-07T15:12:40-03:00] <k>=5.20, p=0.000520, px1=0.20, r_kk_obj=-0.50, r_kk_fin=-0.485, ρ_kx_obj=0.51, ρ_kx_fin=+0.504 -> frac=0.183 | t(attrs)=1.828s, t(frac)=0.018s
[2025-11-07T15:12:40-03:00] <k>=5.20, p=0.000520, px1=0.20, r_kk_obj=-0.50, r_kk_fin=-0.485, ρ_kx_obj=0.60, ρ_kx_fin=+0.590 -> frac=0.222 | t(attrs)=3.043s, t(frac)=0.018s
[2025-11-07T15:12:40-03:00] Curva lista: <k>=5.20, px1=0.20, r_kk_obj=-0.50, r_kk_fin=-0.485, p=0.000520, t_curva=5884.11s (t_gen=6.53s, t_rew=5869.27s, t_rho_total=8.26s; t_attrs=8.11s, t_frac=0.15s)
[2025-11-07T15:12:40-03:00] Generando figura...
[2025-11-07T15:12:41-03:00] Figuras guardadas en: run-e2r\251107133431_N10000\fig3_ER.png y run-e2r\251107133431_N10000\fig3_ER.pdf
[2025-11-07T15:12:41-03:00] Fin experimento Fig3-ER | tiempo total=5889.80s (~98.16 min) | carpeta=run-e2r\251107133431_N10000
