[2025-11-07T12:03:47-03:00] Ejecutando script: Erdos-Renyi-v2.py | ruta=C:\Users\dcaceres\Documents\Magister\Trimestre 2\CS Redes\Tarea 2\python\Erdos-Renyi-v2.py
[2025-11-07T12:03:47-03:00] Inicio experimento Fig3-ER (paralelo por procesos) | carpeta=run-e2r\251107120347_N100
[2025-11-07T12:03:47-03:00] Procesos: usados=18, cpu_count=22
[2025-11-07T12:03:47-03:00] Parámetros: N=100, <k>=[5.2, 2.5], px1=[0.05, 0.1, 0.2], r_kk=[-0.5, 0.0, 0.5], ρ_kx=[np.float64(0.0), np.float64(0.09), np.float64(0.17), np.float64(0.26), np.float64(0.34), np.float64(0.43), np.float64(0.51), np.float64(0.6)], seed=12021974
[2025-11-07T12:03:52-03:00] Generada red ER: N=100, <k>_obj=5.20, p=0.052525, L=269, tiempo=0.003s
[2025-11-07T12:03:52-03:00] Rewire r_kk: objetivo=+0.00, alcanzado=-0.001, |Δ|=0.001, iters=16, tiempo=0.041s
[2025-11-07T12:03:52-03:00] <k>=5.20, p=0.052525, px1=0.20, r_kk_obj=+0.00, r_kk_fin=-0.001, ρ_kx_obj=0.00, ρ_kx_fin=-0.006 -> frac=0.070 | t(attrs)=0.011s, t(frac)=0.000s
[2025-11-07T12:03:52-03:00] <k>=5.20, p=0.052525, px1=0.20, r_kk_obj=+0.00, r_kk_fin=-0.001, ρ_kx_obj=0.09, ρ_kx_fin=+0.089 -> frac=0.020 | t(attrs)=0.010s, t(frac)=0.000s
[2025-11-07T12:03:52-03:00] <k>=5.20, p=0.052525, px1=0.20, r_kk_obj=+0.00, r_kk_fin=-0.001, ρ_kx_obj=0.17, ρ_kx_fin=+0.164 -> frac=0.050 | t(attrs)=0.005s, t(frac)=0.000s
[2025-11-07T12:03:52-03:00] <k>=5.20, p=0.052525, px1=0.20, r_kk_obj=+0.00, r_kk_fin=-0.001, ρ_kx_obj=0.26, ρ_kx_fin=+0.249 -> frac=0.070 | t(attrs)=0.017s, t(frac)=0.000s
[2025-11-07T12:03:52-03:00] <k>=5.20, p=0.052525, px1=0.20, r_kk_obj=+0.00, r_kk_fin=-0.001, ρ_kx_obj=0.34, ρ_kx_fin=+0.334 -> frac=0.070 | t(attrs)=0.005s, t(frac)=0.000s
[2025-11-07T12:03:52-03:00] <k>=5.20, p=0.052525, px1=0.20, r_kk_obj=+0.00, r_kk_fin=-0.001, ρ_kx_obj=0.43, ρ_kx_fin=+0.419 -> frac=0.090 | t(attrs)=0.009s, t(frac)=0.000s
[2025-11-07T12:03:52-03:00] <k>=5.20, p=0.052525, px1=0.20, r_kk_obj=+0.00, r_kk_fin=-0.001, ρ_kx_obj=0.51, ρ_kx_fin=+0.505 -> frac=0.070 | t(attrs)=0.038s, t(frac)=0.000s
[2025-11-07T12:03:52-03:00] <k>=5.20, p=0.052525, px1=0.20, r_kk_obj=+0.00, r_kk_fin=-0.001, ρ_kx_obj=0.60, ρ_kx_fin=+0.600 -> frac=0.150 | t(attrs)=0.047s, t(frac)=0.000s
[2025-11-07T12:03:52-03:00] Curva lista: <k>=5.20, px1=0.20, r_kk_obj=+0.00, r_kk_fin=-0.001, p=0.052525, t_curva=0.19s (t_gen=0.00s, t_rew=0.04s, t_rho_total=0.14s; t_attrs=0.14s, t_frac=0.00s)
[2025-11-07T12:03:52-03:00] Generada red ER: N=100, <k>_obj=2.50, p=0.025253, L=123, tiempo=0.001s
[2025-11-07T12:03:52-03:00] Rewire r_kk: objetivo=+0.00, alcanzado=+0.005, |Δ|=0.005, iters=0, tiempo=0.001s
[2025-11-07T12:03:52-03:00] <k>=2.50, p=0.025253, px1=0.20, r_kk_obj=+0.00, r_kk_fin=+0.005, ρ_kx_obj=0.00, ρ_kx_fin=-0.003 -> frac=0.040 | t(attrs)=0.003s, t(frac)=0.000s
[2025-11-07T12:03:52-03:00] <k>=2.50, p=0.025253, px1=0.20, r_kk_obj=+0.00, r_kk_fin=+0.005, ρ_kx_obj=0.09, ρ_kx_fin=+0.087 -> frac=0.100 | t(attrs)=0.012s, t(frac)=0.000s
[2025-11-07T12:03:52-03:00] <k>=2.50, p=0.025253, px1=0.20, r_kk_obj=+0.00, r_kk_fin=+0.005, ρ_kx_obj=0.17, ρ_kx_fin=+0.176 -> frac=0.120 | t(attrs)=0.012s, t(frac)=0.000s
[2025-11-07T12:03:52-03:00] <k>=2.50, p=0.025253, px1=0.20, r_kk_obj=+0.00, r_kk_fin=+0.005, ρ_kx_obj=0.26, ρ_kx_fin=+0.266 -> frac=0.090 | t(attrs)=0.005s, t(frac)=0.000s
[2025-11-07T12:03:52-03:00] <k>=2.50, p=0.025253, px1=0.20, r_kk_obj=+0.00, r_kk_fin=+0.005, ρ_kx_obj=0.34, ρ_kx_fin=+0.340 -> frac=0.140 | t(attrs)=0.021s, t(frac)=0.000s
[2025-11-07T12:03:52-03:00] <k>=2.50, p=0.025253, px1=0.20, r_kk_obj=+0.00, r_kk_fin=+0.005, ρ_kx_obj=0.43, ρ_kx_fin=+0.430 -> frac=0.180 | t(attrs)=0.017s, t(frac)=0.000s
[2025-11-07T12:03:52-03:00] <k>=2.50, p=0.025253, px1=0.20, r_kk_obj=+0.00, r_kk_fin=+0.005, ρ_kx_obj=0.51, ρ_kx_fin=+0.519 -> frac=0.190 | t(attrs)=0.021s, t(frac)=0.000s
[2025-11-07T12:03:52-03:00] <k>=2.50, p=0.025253, px1=0.20, r_kk_obj=+0.00, r_kk_fin=+0.005, ρ_kx_obj=0.60, ρ_kx_fin=+0.594 -> frac=0.210 | t(attrs)=0.039s, t(frac)=0.000s
[2025-11-07T12:03:52-03:00] Curva lista: <k>=2.50, px1=0.20, r_kk_obj=+0.00, r_kk_fin=+0.005, p=0.025253, t_curva=0.13s (t_gen=0.00s, t_rew=0.00s, t_rho_total=0.13s; t_attrs=0.13s, t_frac=0.00s)
[2025-11-07T12:03:52-03:00] Generada red ER: N=100, <k>_obj=2.50, p=0.025253, L=123, tiempo=0.002s
[2025-11-07T12:03:52-03:00] Rewire r_kk: objetivo=+0.00, alcanzado=+0.005, |Δ|=0.005, iters=0, tiempo=0.002s
[2025-11-07T12:03:52-03:00] <k>=2.50, p=0.025253, px1=0.10, r_kk_obj=+0.00, r_kk_fin=+0.005, ρ_kx_obj=0.00, ρ_kx_fin=+0.008 -> frac=0.070 | t(attrs)=0.003s, t(frac)=0.000s
[2025-11-07T12:03:52-03:00] <k>=2.50, p=0.025253, px1=0.10, r_kk_obj=+0.00, r_kk_fin=+0.005, ρ_kx_obj=0.09, ρ_kx_fin=+0.088 -> frac=0.020 | t(attrs)=0.008s, t(frac)=0.000s
[2025-11-07T12:03:52-03:00] <k>=2.50, p=0.025253, px1=0.10, r_kk_obj=+0.00, r_kk_fin=+0.005, ρ_kx_obj=0.17, ρ_kx_fin=+0.167 -> frac=0.030 | t(attrs)=0.010s, t(frac)=0.000s
[2025-11-07T12:03:52-03:00] <k>=2.50, p=0.025253, px1=0.10, r_kk_obj=+0.00, r_kk_fin=+0.005, ρ_kx_obj=0.26, ρ_kx_fin=+0.267 -> frac=0.060 | t(attrs)=0.014s, t(frac)=0.000s
[2025-11-07T12:03:52-03:00] <k>=2.50, p=0.025253, px1=0.10, r_kk_obj=+0.00, r_kk_fin=+0.005, ρ_kx_obj=0.34, ρ_kx_fin=+0.346 -> frac=0.040 | t(attrs)=0.014s, t(frac)=0.000s
[2025-11-07T12:03:52-03:00] <k>=2.50, p=0.025253, px1=0.10, r_kk_obj=+0.00, r_kk_fin=+0.005, ρ_kx_obj=0.43, ρ_kx_fin=+0.426 -> frac=0.060 | t(attrs)=0.012s, t(frac)=0.000s
[2025-11-07T12:03:52-03:00] <k>=2.50, p=0.025253, px1=0.10, r_kk_obj=+0.00, r_kk_fin=+0.005, ρ_kx_obj=0.51, ρ_kx_fin=+0.505 -> frac=0.060 | t(attrs)=0.030s, t(frac)=0.000s
[2025-11-07T12:03:52-03:00] <k>=2.50, p=0.025253, px1=0.10, r_kk_obj=+0.00, r_kk_fin=+0.005, ρ_kx_obj=0.60, ρ_kx_fin=+0.605 -> frac=0.100 | t(attrs)=0.136s, t(frac)=0.000s
[2025-11-07T12:03:52-03:00] Curva lista: <k>=2.50, px1=0.10, r_kk_obj=+0.00, r_kk_fin=+0.005, p=0.025253, t_curva=0.24s (t_gen=0.00s, t_rew=0.00s, t_rho_total=0.23s; t_attrs=0.23s, t_frac=0.00s)
[2025-11-07T12:03:52-03:00] Generada red ER: N=100, <k>_obj=2.50, p=0.025253, L=123, tiempo=0.002s
[2025-11-07T12:03:52-03:00] Rewire r_kk: objetivo=+0.50, alcanzado=+0.511, |Δ|=0.011, iters=93, tiempo=0.127s
[2025-11-07T12:03:52-03:00] <k>=2.50, p=0.025253, px1=0.20, r_kk_obj=+0.50, r_kk_fin=+0.511, ρ_kx_obj=0.00, ρ_kx_fin=-0.003 -> frac=0.080 | t(attrs)=0.001s, t(frac)=0.000s
[2025-11-07T12:03:52-03:00] <k>=2.50, p=0.025253, px1=0.20, r_kk_obj=+0.50, r_kk_fin=+0.511, ρ_kx_obj=0.09, ρ_kx_fin=+0.087 -> frac=0.110 | t(attrs)=0.003s, t(frac)=0.000s
[2025-11-07T12:03:52-03:00] <k>=2.50, p=0.025253, px1=0.20, r_kk_obj=+0.50, r_kk_fin=+0.511, ρ_kx_obj=0.17, ρ_kx_fin=+0.176 -> frac=0.080 | t(attrs)=0.003s, t(frac)=0.000s
[2025-11-07T12:03:52-03:00] <k>=2.50, p=0.025253, px1=0.20, r_kk_obj=+0.50, r_kk_fin=+0.511, ρ_kx_obj=0.26, ρ_kx_fin=+0.251 -> frac=0.070 | t(attrs)=0.006s, t(frac)=0.000s
[2025-11-07T12:03:52-03:00] <k>=2.50, p=0.025253, px1=0.20, r_kk_obj=+0.50, r_kk_fin=+0.511, ρ_kx_obj=0.34, ρ_kx_fin=+0.340 -> frac=0.120 | t(attrs)=0.009s, t(frac)=0.000s
[2025-11-07T12:03:52-03:00] <k>=2.50, p=0.025253, px1=0.20, r_kk_obj=+0.50, r_kk_fin=+0.511, ρ_kx_obj=0.43, ρ_kx_fin=+0.430 -> frac=0.180 | t(attrs)=0.033s, t(frac)=0.000s
[2025-11-07T12:03:52-03:00] <k>=2.50, p=0.025253, px1=0.20, r_kk_obj=+0.50, r_kk_fin=+0.511, ρ_kx_obj=0.51, ρ_kx_fin=+0.519 -> frac=0.170 | t(attrs)=0.059s, t(frac)=0.000s
[2025-11-07T12:03:52-03:00] <k>=2.50, p=0.025253, px1=0.20, r_kk_obj=+0.50, r_kk_fin=+0.511, ρ_kx_obj=0.60, ρ_kx_fin=+0.609 -> frac=0.180 | t(attrs)=0.028s, t(frac)=0.000s
[2025-11-07T12:03:52-03:00] Curva lista: <k>=2.50, px1=0.20, r_kk_obj=+0.50, r_kk_fin=+0.511, p=0.025253, t_curva=0.27s (t_gen=0.00s, t_rew=0.13s, t_rho_total=0.14s; t_attrs=0.14s, t_frac=0.00s)
[2025-11-07T12:03:52-03:00] Generada red ER: N=100, <k>_obj=5.20, p=0.052525, L=269, tiempo=0.002s
[2025-11-07T12:03:52-03:00] Rewire r_kk: objetivo=-0.50, alcanzado=-0.485, |Δ|=0.015, iters=236, tiempo=0.518s
[2025-11-07T12:03:52-03:00] <k>=5.20, p=0.052525, px1=0.20, r_kk_obj=-0.50, r_kk_fin=-0.485, ρ_kx_obj=0.00, ρ_kx_fin=-0.006 -> frac=0.030 | t(attrs)=0.002s, t(frac)=0.000s
[2025-11-07T12:03:52-03:00] <k>=5.20, p=0.052525, px1=0.20, r_kk_obj=-0.50, r_kk_fin=-0.485, ρ_kx_obj=0.09, ρ_kx_fin=+0.079 -> frac=0.070 | t(attrs)=0.001s, t(frac)=0.000s
[2025-11-07T12:03:52-03:00] <k>=5.20, p=0.052525, px1=0.20, r_kk_obj=-0.50, r_kk_fin=-0.485, ρ_kx_obj=0.17, ρ_kx_fin=+0.175 -> frac=0.040 | t(attrs)=0.006s, t(frac)=0.000s
[2025-11-07T12:03:52-03:00] <k>=5.20, p=0.052525, px1=0.20, r_kk_obj=-0.50, r_kk_fin=-0.485, ρ_kx_obj=0.26, ρ_kx_fin=+0.260 -> frac=0.140 | t(attrs)=0.005s, t(frac)=0.000s
[2025-11-07T12:03:52-03:00] <k>=5.20, p=0.052525, px1=0.20, r_kk_obj=-0.50, r_kk_fin=-0.485, ρ_kx_obj=0.34, ρ_kx_fin=+0.345 -> frac=0.080 | t(attrs)=0.020s, t(frac)=0.000s
[2025-11-07T12:03:52-03:00] <k>=5.20, p=0.052525, px1=0.20, r_kk_obj=-0.50, r_kk_fin=-0.485, ρ_kx_obj=0.43, ρ_kx_fin=+0.419 -> frac=0.210 | t(attrs)=0.021s, t(frac)=0.000s
[2025-11-07T12:03:52-03:00] <k>=5.20, p=0.052525, px1=0.20, r_kk_obj=-0.50, r_kk_fin=-0.485, ρ_kx_obj=0.51, ρ_kx_fin=+0.505 -> frac=0.150 | t(attrs)=0.024s, t(frac)=0.000s
[2025-11-07T12:03:52-03:00] <k>=5.20, p=0.052525, px1=0.20, r_kk_obj=-0.50, r_kk_fin=-0.485, ρ_kx_obj=0.60, ρ_kx_fin=+0.600 -> frac=0.220 | t(attrs)=0.048s, t(frac)=0.000s
[2025-11-07T12:03:52-03:00] Curva lista: <k>=5.20, px1=0.20, r_kk_obj=-0.50, r_kk_fin=-0.485, p=0.052525, t_curva=0.65s (t_gen=0.00s, t_rew=0.52s, t_rho_total=0.13s; t_attrs=0.13s, t_frac=0.00s)
[2025-11-07T12:03:52-03:00] Generada red ER: N=100, <k>_obj=2.50, p=0.025253, L=123, tiempo=0.002s
[2025-11-07T12:03:52-03:00] Rewire r_kk: objetivo=-0.50, alcanzado=-0.490, |Δ|=0.010, iters=151, tiempo=0.221s
[2025-11-07T12:03:52-03:00] <k>=2.50, p=0.025253, px1=0.20, r_kk_obj=-0.50, r_kk_fin=-0.490, ρ_kx_obj=0.00, ρ_kx_fin=-0.003 -> frac=0.070 | t(attrs)=0.009s, t(frac)=0.000s
[2025-11-07T12:03:52-03:00] <k>=2.50, p=0.025253, px1=0.20, r_kk_obj=-0.50, r_kk_fin=-0.490, ρ_kx_obj=0.09, ρ_kx_fin=+0.087 -> frac=0.060 | t(attrs)=0.010s, t(frac)=0.000s
[2025-11-07T12:03:52-03:00] <k>=2.50, p=0.025253, px1=0.20, r_kk_obj=-0.50, r_kk_fin=-0.490, ρ_kx_obj=0.17, ρ_kx_fin=+0.176 -> frac=0.170 | t(attrs)=0.003s, t(frac)=0.000s
[2025-11-07T12:03:52-03:00] <k>=2.50, p=0.025253, px1=0.20, r_kk_obj=-0.50, r_kk_fin=-0.490, ρ_kx_obj=0.26, ρ_kx_fin=+0.251 -> frac=0.150 | t(attrs)=0.012s, t(frac)=0.000s
[2025-11-07T12:03:52-03:00] <k>=2.50, p=0.025253, px1=0.20, r_kk_obj=-0.50, r_kk_fin=-0.490, ρ_kx_obj=0.34, ρ_kx_fin=+0.340 -> frac=0.160 | t(attrs)=0.020s, t(frac)=0.000s
[2025-11-07T12:03:52-03:00] <k>=2.50, p=0.025253, px1=0.20, r_kk_obj=-0.50, r_kk_fin=-0.490, ρ_kx_obj=0.43, ρ_kx_fin=+0.430 -> frac=0.210 | t(attrs)=0.029s, t(frac)=0.000s
[2025-11-07T12:03:52-03:00] <k>=2.50, p=0.025253, px1=0.20, r_kk_obj=-0.50, r_kk_fin=-0.490, ρ_kx_obj=0.51, ρ_kx_fin=+0.519 -> frac=0.250 | t(attrs)=0.036s, t(frac)=0.000s
[2025-11-07T12:03:52-03:00] <k>=2.50, p=0.025253, px1=0.20, r_kk_obj=-0.50, r_kk_fin=-0.490, ρ_kx_obj=0.60, ρ_kx_fin=+0.594 -> frac=0.270 | t(attrs)=0.028s, t(frac)=0.000s
[2025-11-07T12:03:52-03:00] Curva lista: <k>=2.50, px1=0.20, r_kk_obj=-0.50, r_kk_fin=-0.490, p=0.025253, t_curva=0.37s (t_gen=0.00s, t_rew=0.22s, t_rho_total=0.15s; t_attrs=0.15s, t_frac=0.00s)
[2025-11-07T12:03:52-03:00] Generada red ER: N=100, <k>_obj=2.50, p=0.025253, L=123, tiempo=0.002s
[2025-11-07T12:03:52-03:00] Rewire r_kk: objetivo=+0.50, alcanzado=+0.511, |Δ|=0.011, iters=93, tiempo=0.166s
[2025-11-07T12:03:52-03:00] <k>=2.50, p=0.025253, px1=0.10, r_kk_obj=+0.50, r_kk_fin=+0.511, ρ_kx_obj=0.00, ρ_kx_fin=+0.008 -> frac=0.020 | t(attrs)=0.010s, t(frac)=0.000s
[2025-11-07T12:03:52-03:00] <k>=2.50, p=0.025253, px1=0.10, r_kk_obj=+0.50, r_kk_fin=+0.511, ρ_kx_obj=0.09, ρ_kx_fin=+0.088 -> frac=0.040 | t(attrs)=0.000s, t(frac)=0.000s
[2025-11-07T12:03:52-03:00] <k>=2.50, p=0.025253, px1=0.10, r_kk_obj=+0.50, r_kk_fin=+0.511, ρ_kx_obj=0.17, ρ_kx_fin=+0.167 -> frac=0.060 | t(attrs)=0.003s, t(frac)=0.000s
[2025-11-07T12:03:52-03:00] <k>=2.50, p=0.025253, px1=0.10, r_kk_obj=+0.50, r_kk_fin=+0.511, ρ_kx_obj=0.26, ρ_kx_fin=+0.267 -> frac=0.040 | t(attrs)=0.015s, t(frac)=0.000s
[2025-11-07T12:03:52-03:00] <k>=2.50, p=0.025253, px1=0.10, r_kk_obj=+0.50, r_kk_fin=+0.511, ρ_kx_obj=0.34, ρ_kx_fin=+0.346 -> frac=0.040 | t(attrs)=0.022s, t(frac)=0.000s
[2025-11-07T12:03:52-03:00] <k>=2.50, p=0.025253, px1=0.10, r_kk_obj=+0.50, r_kk_fin=+0.511, ρ_kx_obj=0.43, ρ_kx_fin=+0.426 -> frac=0.060 | t(attrs)=0.025s, t(frac)=0.000s
[2025-11-07T12:03:52-03:00] <k>=2.50, p=0.025253, px1=0.10, r_kk_obj=+0.50, r_kk_fin=+0.511, ρ_kx_obj=0.51, ρ_kx_fin=+0.505 -> frac=0.050 | t(attrs)=0.035s, t(frac)=0.000s
[2025-11-07T12:03:52-03:00] <k>=2.50, p=0.025253, px1=0.10, r_kk_obj=+0.50, r_kk_fin=+0.511, ρ_kx_obj=0.60, ρ_kx_fin=+0.605 -> frac=0.020 | t(attrs)=0.127s, t(frac)=0.000s
[2025-11-07T12:03:52-03:00] Curva lista: <k>=2.50, px1=0.10, r_kk_obj=+0.50, r_kk_fin=+0.511, p=0.025253, t_curva=0.41s (t_gen=0.00s, t_rew=0.17s, t_rho_total=0.24s; t_attrs=0.24s, t_frac=0.00s)
[2025-11-07T12:03:52-03:00] Generada red ER: N=100, <k>_obj=5.20, p=0.052525, L=269, tiempo=0.002s
[2025-11-07T12:03:52-03:00] Rewire r_kk: objetivo=+0.50, alcanzado=+0.486, |Δ|=0.014, iters=232, tiempo=0.464s
[2025-11-07T12:03:52-03:00] <k>=5.20, p=0.052525, px1=0.20, r_kk_obj=+0.50, r_kk_fin=+0.486, ρ_kx_obj=0.00, ρ_kx_fin=-0.006 -> frac=0.020 | t(attrs)=0.001s, t(frac)=0.000s
[2025-11-07T12:03:52-03:00] <k>=5.20, p=0.052525, px1=0.20, r_kk_obj=+0.50, r_kk_fin=+0.486, ρ_kx_obj=0.09, ρ_kx_fin=+0.079 -> frac=0.040 | t(attrs)=0.001s, t(frac)=0.000s
[2025-11-07T12:03:52-03:00] <k>=5.20, p=0.052525, px1=0.20, r_kk_obj=+0.50, r_kk_fin=+0.486, ρ_kx_obj=0.17, ρ_kx_fin=+0.175 -> frac=0.040 | t(attrs)=0.010s, t(frac)=0.001s
[2025-11-07T12:03:52-03:00] <k>=5.20, p=0.052525, px1=0.20, r_kk_obj=+0.50, r_kk_fin=+0.486, ρ_kx_obj=0.26, ρ_kx_fin=+0.260 -> frac=0.040 | t(attrs)=0.015s, t(frac)=0.000s
[2025-11-07T12:03:52-03:00] <k>=5.20, p=0.052525, px1=0.20, r_kk_obj=+0.50, r_kk_fin=+0.486, ρ_kx_obj=0.34, ρ_kx_fin=+0.334 -> frac=0.060 | t(attrs)=0.018s, t(frac)=0.000s
[2025-11-07T12:03:52-03:00] <k>=5.20, p=0.052525, px1=0.20, r_kk_obj=+0.50, r_kk_fin=+0.486, ρ_kx_obj=0.43, ρ_kx_fin=+0.419 -> frac=0.110 | t(attrs)=0.015s, t(frac)=0.000s
[2025-11-07T12:03:52-03:00] <k>=5.20, p=0.052525, px1=0.20, r_kk_obj=+0.50, r_kk_fin=+0.486, ρ_kx_obj=0.51, ρ_kx_fin=+0.505 -> frac=0.060 | t(attrs)=0.014s, t(frac)=0.000s
[2025-11-07T12:03:52-03:00] <k>=5.20, p=0.052525, px1=0.20, r_kk_obj=+0.50, r_kk_fin=+0.486, ρ_kx_obj=0.60, ρ_kx_fin=+0.600 -> frac=0.110 | t(attrs)=0.044s, t(frac)=0.000s
[2025-11-07T12:03:52-03:00] Curva lista: <k>=5.20, px1=0.20, r_kk_obj=+0.50, r_kk_fin=+0.486, p=0.052525, t_curva=0.59s (t_gen=0.00s, t_rew=0.46s, t_rho_total=0.12s; t_attrs=0.12s, t_frac=0.00s)
[2025-11-07T12:03:52-03:00] Generada red ER: N=100, <k>_obj=2.50, p=0.025253, L=123, tiempo=0.002s
[2025-11-07T12:03:52-03:00] Rewire r_kk: objetivo=-0.50, alcanzado=-0.490, |Δ|=0.010, iters=151, tiempo=0.258s
[2025-11-07T12:03:52-03:00] <k>=2.50, p=0.025253, px1=0.10, r_kk_obj=-0.50, r_kk_fin=-0.490, ρ_kx_obj=0.00, ρ_kx_fin=+0.008 -> frac=0.030 | t(attrs)=0.003s, t(frac)=0.000s
[2025-11-07T12:03:52-03:00] <k>=2.50, p=0.025253, px1=0.10, r_kk_obj=-0.50, r_kk_fin=-0.490, ρ_kx_obj=0.09, ρ_kx_fin=+0.088 -> frac=0.020 | t(attrs)=0.003s, t(frac)=0.000s
[2025-11-07T12:03:52-03:00] <k>=2.50, p=0.025253, px1=0.10, r_kk_obj=-0.50, r_kk_fin=-0.490, ρ_kx_obj=0.17, ρ_kx_fin=+0.167 -> frac=0.070 | t(attrs)=0.007s, t(frac)=0.000s
[2025-11-07T12:03:52-03:00] <k>=2.50, p=0.025253, px1=0.10, r_kk_obj=-0.50, r_kk_fin=-0.490, ρ_kx_obj=0.26, ρ_kx_fin=+0.267 -> frac=0.070 | t(attrs)=0.013s, t(frac)=0.000s
[2025-11-07T12:03:52-03:00] <k>=2.50, p=0.025253, px1=0.10, r_kk_obj=-0.50, r_kk_fin=-0.490, ρ_kx_obj=0.34, ρ_kx_fin=+0.346 -> frac=0.080 | t(attrs)=0.024s, t(frac)=0.000s
[2025-11-07T12:03:52-03:00] <k>=2.50, p=0.025253, px1=0.10, r_kk_obj=-0.50, r_kk_fin=-0.490, ρ_kx_obj=0.43, ρ_kx_fin=+0.426 -> frac=0.140 | t(attrs)=0.025s, t(frac)=0.000s
[2025-11-07T12:03:52-03:00] <k>=2.50, p=0.025253, px1=0.10, r_kk_obj=-0.50, r_kk_fin=-0.490, ρ_kx_obj=0.51, ρ_kx_fin=+0.505 -> frac=0.120 | t(attrs)=0.036s, t(frac)=0.000s
[2025-11-07T12:03:52-03:00] <k>=2.50, p=0.025253, px1=0.10, r_kk_obj=-0.50, r_kk_fin=-0.490, ρ_kx_obj=0.60, ρ_kx_fin=+0.605 -> frac=0.190 | t(attrs)=0.105s, t(frac)=0.000s
[2025-11-07T12:03:52-03:00] Curva lista: <k>=2.50, px1=0.10, r_kk_obj=-0.50, r_kk_fin=-0.490, p=0.025253, t_curva=0.48s (t_gen=0.00s, t_rew=0.26s, t_rho_total=0.22s; t_attrs=0.22s, t_frac=0.00s)
[2025-11-07T12:03:54-03:00] Generada red ER: N=100, <k>_obj=5.20, p=0.052525, L=269, tiempo=0.002s
[2025-11-07T12:03:54-03:00] Rewire r_kk: objetivo=+0.00, alcanzado=-0.001, |Δ|=0.001, iters=16, tiempo=0.030s
[2025-11-07T12:03:54-03:00] <k>=5.20, p=0.052525, px1=0.05, r_kk_obj=+0.00, r_kk_fin=-0.001, ρ_kx_obj=0.00, ρ_kx_fin=+0.002 -> frac=0.000 | t(attrs)=0.006s, t(frac)=0.000s
[2025-11-07T12:03:54-03:00] <k>=5.20, p=0.052525, px1=0.05, r_kk_obj=+0.00, r_kk_fin=-0.001, ρ_kx_obj=0.09, ρ_kx_fin=+0.080 -> frac=0.010 | t(attrs)=0.002s, t(frac)=0.000s
[2025-11-07T12:03:54-03:00] <k>=5.20, p=0.052525, px1=0.05, r_kk_obj=+0.00, r_kk_fin=-0.001, ρ_kx_obj=0.17, ρ_kx_fin=+0.178 -> frac=0.010 | t(attrs)=0.006s, t(frac)=0.000s
[2025-11-07T12:03:54-03:00] <k>=5.20, p=0.052525, px1=0.05, r_kk_obj=+0.00, r_kk_fin=-0.001, ρ_kx_obj=0.26, ρ_kx_fin=+0.256 -> frac=0.020 | t(attrs)=0.007s, t(frac)=0.000s
[2025-11-07T12:03:54-03:00] <k>=5.20, p=0.052525, px1=0.05, r_kk_obj=+0.00, r_kk_fin=-0.001, ρ_kx_obj=0.34, ρ_kx_fin=+0.334 -> frac=0.000 | t(attrs)=0.025s, t(frac)=0.000s
[2025-11-07T12:03:54-03:00] <k>=5.20, p=0.052525, px1=0.05, r_kk_obj=+0.00, r_kk_fin=-0.001, ρ_kx_obj=0.43, ρ_kx_fin=+0.432 -> frac=0.010 | t(attrs)=0.041s, t(frac)=0.000s
[2025-11-07T12:03:54-03:00] <k>=5.20, p=0.052525, px1=0.05, r_kk_obj=+0.00, r_kk_fin=-0.001, ρ_kx_obj=0.51, ρ_kx_fin=+0.510 -> frac=0.010 | t(attrs)=0.358s, t(frac)=0.000s
[2025-11-07T12:03:54-03:00] <k>=5.20, p=0.052525, px1=0.05, r_kk_obj=+0.00, r_kk_fin=-0.001, ρ_kx_obj=0.60, ρ_kx_fin=+0.510 -> frac=0.010 | t(attrs)=2.554s, t(frac)=0.000s
[2025-11-07T12:03:54-03:00] Curva lista: <k>=5.20, px1=0.05, r_kk_obj=+0.00, r_kk_fin=-0.001, p=0.052525, t_curva=3.03s (t_gen=0.00s, t_rew=0.03s, t_rho_total=3.00s; t_attrs=3.00s, t_frac=0.00s)
[2025-11-07T12:03:54-03:00] Generada red ER: N=100, <k>_obj=5.20, p=0.052525, L=269, tiempo=0.002s
[2025-11-07T12:03:54-03:00] Rewire r_kk: objetivo=+0.00, alcanzado=-0.001, |Δ|=0.001, iters=16, tiempo=0.030s
[2025-11-07T12:03:54-03:00] <k>=5.20, p=0.052525, px1=0.10, r_kk_obj=+0.00, r_kk_fin=-0.001, ρ_kx_obj=0.00, ρ_kx_fin=+0.003 -> frac=0.010 | t(attrs)=0.005s, t(frac)=0.000s
[2025-11-07T12:03:54-03:00] <k>=5.20, p=0.052525, px1=0.10, r_kk_obj=+0.00, r_kk_fin=-0.001, ρ_kx_obj=0.09, ρ_kx_fin=+0.088 -> frac=0.010 | t(attrs)=0.008s, t(frac)=0.000s
[2025-11-07T12:03:54-03:00] <k>=5.20, p=0.052525, px1=0.10, r_kk_obj=+0.00, r_kk_fin=-0.001, ρ_kx_obj=0.17, ρ_kx_fin=+0.173 -> frac=0.010 | t(attrs)=0.006s, t(frac)=0.000s
[2025-11-07T12:03:54-03:00] <k>=5.20, p=0.052525, px1=0.10, r_kk_obj=+0.00, r_kk_fin=-0.001, ρ_kx_obj=0.26, ρ_kx_fin=+0.258 -> frac=0.000 | t(attrs)=0.021s, t(frac)=0.000s
[2025-11-07T12:03:54-03:00] <k>=5.20, p=0.052525, px1=0.10, r_kk_obj=+0.00, r_kk_fin=-0.001, ρ_kx_obj=0.34, ρ_kx_fin=+0.343 -> frac=0.020 | t(attrs)=0.035s, t(frac)=0.001s
[2025-11-07T12:03:54-03:00] <k>=5.20, p=0.052525, px1=0.10, r_kk_obj=+0.00, r_kk_fin=-0.001, ρ_kx_obj=0.43, ρ_kx_fin=+0.429 -> frac=0.030 | t(attrs)=0.022s, t(frac)=0.000s
[2025-11-07T12:03:54-03:00] <k>=5.20, p=0.052525, px1=0.10, r_kk_obj=+0.00, r_kk_fin=-0.001, ρ_kx_obj=0.51, ρ_kx_fin=+0.514 -> frac=0.000 | t(attrs)=0.049s, t(frac)=0.000s
[2025-11-07T12:03:54-03:00] <k>=5.20, p=0.052525, px1=0.10, r_kk_obj=+0.00, r_kk_fin=-0.001, ρ_kx_obj=0.60, ρ_kx_fin=+0.571 -> frac=0.030 | t(attrs)=2.335s, t(frac)=0.000s
[2025-11-07T12:03:54-03:00] Curva lista: <k>=5.20, px1=0.10, r_kk_obj=+0.00, r_kk_fin=-0.001, p=0.052525, t_curva=2.52s (t_gen=0.00s, t_rew=0.03s, t_rho_total=2.48s; t_attrs=2.48s, t_frac=0.00s)
[2025-11-07T12:03:54-03:00] Generada red ER: N=100, <k>_obj=5.20, p=0.052525, L=269, tiempo=0.002s
[2025-11-07T12:03:54-03:00] Rewire r_kk: objetivo=-0.50, alcanzado=-0.485, |Δ|=0.015, iters=236, tiempo=0.346s
[2025-11-07T12:03:54-03:00] <k>=5.20, p=0.052525, px1=0.05, r_kk_obj=-0.50, r_kk_fin=-0.485, ρ_kx_obj=0.00, ρ_kx_fin=+0.002 -> frac=0.010 | t(attrs)=0.001s, t(frac)=0.000s
[2025-11-07T12:03:54-03:00] <k>=5.20, p=0.052525, px1=0.05, r_kk_obj=-0.50, r_kk_fin=-0.485, ρ_kx_obj=0.09, ρ_kx_fin=+0.080 -> frac=0.000 | t(attrs)=0.002s, t(frac)=0.000s
[2025-11-07T12:03:54-03:00] <k>=5.20, p=0.052525, px1=0.05, r_kk_obj=-0.50, r_kk_fin=-0.485, ρ_kx_obj=0.17, ρ_kx_fin=+0.178 -> frac=0.010 | t(attrs)=0.005s, t(frac)=0.000s
[2025-11-07T12:03:54-03:00] <k>=5.20, p=0.052525, px1=0.05, r_kk_obj=-0.50, r_kk_fin=-0.485, ρ_kx_obj=0.26, ρ_kx_fin=+0.256 -> frac=0.040 | t(attrs)=0.008s, t(frac)=0.000s
[2025-11-07T12:03:54-03:00] <k>=5.20, p=0.052525, px1=0.05, r_kk_obj=-0.50, r_kk_fin=-0.485, ρ_kx_obj=0.34, ρ_kx_fin=+0.334 -> frac=0.020 | t(attrs)=0.032s, t(frac)=0.000s
[2025-11-07T12:03:54-03:00] <k>=5.20, p=0.052525, px1=0.05, r_kk_obj=-0.50, r_kk_fin=-0.485, ρ_kx_obj=0.43, ρ_kx_fin=+0.432 -> frac=0.040 | t(attrs)=0.024s, t(frac)=0.000s
[2025-11-07T12:03:54-03:00] <k>=5.20, p=0.052525, px1=0.05, r_kk_obj=-0.50, r_kk_fin=-0.485, ρ_kx_obj=0.51, ρ_kx_fin=+0.510 -> frac=0.080 | t(attrs)=0.388s, t(frac)=0.000s
[2025-11-07T12:03:54-03:00] <k>=5.20, p=0.052525, px1=0.05, r_kk_obj=-0.50, r_kk_fin=-0.485, ρ_kx_obj=0.60, ρ_kx_fin=+0.510 -> frac=0.080 | t(attrs)=2.515s, t(frac)=0.000s
[2025-11-07T12:03:54-03:00] Curva lista: <k>=5.20, px1=0.05, r_kk_obj=-0.50, r_kk_fin=-0.485, p=0.052525, t_curva=3.33s (t_gen=0.00s, t_rew=0.35s, t_rho_total=2.98s; t_attrs=2.97s, t_frac=0.00s)
[2025-11-07T12:03:54-03:00] Generada red ER: N=100, <k>_obj=5.20, p=0.052525, L=269, tiempo=0.002s
[2025-11-07T12:03:54-03:00] Rewire r_kk: objetivo=+0.50, alcanzado=+0.486, |Δ|=0.014, iters=232, tiempo=0.461s
[2025-11-07T12:03:54-03:00] <k>=5.20, p=0.052525, px1=0.10, r_kk_obj=+0.50, r_kk_fin=+0.486, ρ_kx_obj=0.00, ρ_kx_fin=+0.003 -> frac=0.000 | t(attrs)=0.005s, t(frac)=0.000s
[2025-11-07T12:03:54-03:00] <k>=5.20, p=0.052525, px1=0.10, r_kk_obj=+0.50, r_kk_fin=+0.486, ρ_kx_obj=0.09, ρ_kx_fin=+0.088 -> frac=0.000 | t(attrs)=0.001s, t(frac)=0.000s
[2025-11-07T12:03:54-03:00] <k>=5.20, p=0.052525, px1=0.10, r_kk_obj=+0.50, r_kk_fin=+0.486, ρ_kx_obj=0.17, ρ_kx_fin=+0.173 -> frac=0.000 | t(attrs)=0.012s, t(frac)=0.000s
[2025-11-07T12:03:54-03:00] <k>=5.20, p=0.052525, px1=0.10, r_kk_obj=+0.50, r_kk_fin=+0.486, ρ_kx_obj=0.26, ρ_kx_fin=+0.258 -> frac=0.000 | t(attrs)=0.008s, t(frac)=0.000s
[2025-11-07T12:03:54-03:00] <k>=5.20, p=0.052525, px1=0.10, r_kk_obj=+0.50, r_kk_fin=+0.486, ρ_kx_obj=0.34, ρ_kx_fin=+0.343 -> frac=0.000 | t(attrs)=0.017s, t(frac)=0.000s
[2025-11-07T12:03:54-03:00] <k>=5.20, p=0.052525, px1=0.10, r_kk_obj=+0.50, r_kk_fin=+0.486, ρ_kx_obj=0.43, ρ_kx_fin=+0.429 -> frac=0.000 | t(attrs)=0.031s, t(frac)=0.000s
[2025-11-07T12:03:54-03:00] <k>=5.20, p=0.052525, px1=0.10, r_kk_obj=+0.50, r_kk_fin=+0.486, ρ_kx_obj=0.51, ρ_kx_fin=+0.514 -> frac=0.000 | t(attrs)=0.028s, t(frac)=0.000s
[2025-11-07T12:03:54-03:00] <k>=5.20, p=0.052525, px1=0.10, r_kk_obj=+0.50, r_kk_fin=+0.486, ρ_kx_obj=0.60, ρ_kx_fin=+0.571 -> frac=0.000 | t(attrs)=2.096s, t(frac)=0.000s
[2025-11-07T12:03:54-03:00] Curva lista: <k>=5.20, px1=0.10, r_kk_obj=+0.50, r_kk_fin=+0.486, p=0.052525, t_curva=2.67s (t_gen=0.00s, t_rew=0.46s, t_rho_total=2.20s; t_attrs=2.20s, t_frac=0.00s)
[2025-11-07T12:03:54-03:00] Generada red ER: N=100, <k>_obj=5.20, p=0.052525, L=269, tiempo=0.002s
[2025-11-07T12:03:54-03:00] Rewire r_kk: objetivo=-0.50, alcanzado=-0.485, |Δ|=0.015, iters=236, tiempo=0.499s
[2025-11-07T12:03:54-03:00] <k>=5.20, p=0.052525, px1=0.10, r_kk_obj=-0.50, r_kk_fin=-0.485, ρ_kx_obj=0.00, ρ_kx_fin=+0.003 -> frac=0.020 | t(attrs)=0.004s, t(frac)=0.000s
[2025-11-07T12:03:54-03:00] <k>=5.20, p=0.052525, px1=0.10, r_kk_obj=-0.50, r_kk_fin=-0.485, ρ_kx_obj=0.09, ρ_kx_fin=+0.088 -> frac=0.000 | t(attrs)=0.009s, t(frac)=0.000s
[2025-11-07T12:03:54-03:00] <k>=5.20, p=0.052525, px1=0.10, r_kk_obj=-0.50, r_kk_fin=-0.485, ρ_kx_obj=0.17, ρ_kx_fin=+0.173 -> frac=0.020 | t(attrs)=0.002s, t(frac)=0.000s
[2025-11-07T12:03:54-03:00] <k>=5.20, p=0.052525, px1=0.10, r_kk_obj=-0.50, r_kk_fin=-0.485, ρ_kx_obj=0.26, ρ_kx_fin=+0.258 -> frac=0.040 | t(attrs)=0.039s, t(frac)=0.000s
[2025-11-07T12:03:54-03:00] <k>=5.20, p=0.052525, px1=0.10, r_kk_obj=-0.50, r_kk_fin=-0.485, ρ_kx_obj=0.34, ρ_kx_fin=+0.343 -> frac=0.060 | t(attrs)=0.013s, t(frac)=0.000s
[2025-11-07T12:03:54-03:00] <k>=5.20, p=0.052525, px1=0.10, r_kk_obj=-0.50, r_kk_fin=-0.485, ρ_kx_obj=0.43, ρ_kx_fin=+0.429 -> frac=0.080 | t(attrs)=0.042s, t(frac)=0.000s
[2025-11-07T12:03:54-03:00] <k>=5.20, p=0.052525, px1=0.10, r_kk_obj=-0.50, r_kk_fin=-0.485, ρ_kx_obj=0.51, ρ_kx_fin=+0.514 -> frac=0.100 | t(attrs)=0.107s, t(frac)=0.000s
[2025-11-07T12:03:54-03:00] <k>=5.20, p=0.052525, px1=0.10, r_kk_obj=-0.50, r_kk_fin=-0.485, ρ_kx_obj=0.60, ρ_kx_fin=+0.571 -> frac=0.110 | t(attrs)=2.302s, t(frac)=0.000s
[2025-11-07T12:03:54-03:00] Curva lista: <k>=5.20, px1=0.10, r_kk_obj=-0.50, r_kk_fin=-0.485, p=0.052525, t_curva=3.02s (t_gen=0.00s, t_rew=0.50s, t_rho_total=2.52s; t_attrs=2.52s, t_frac=0.00s)
[2025-11-07T12:03:54-03:00] Generada red ER: N=100, <k>_obj=5.20, p=0.052525, L=269, tiempo=0.002s
[2025-11-07T12:03:54-03:00] Rewire r_kk: objetivo=+0.50, alcanzado=+0.486, |Δ|=0.014, iters=232, tiempo=0.425s
[2025-11-07T12:03:54-03:00] <k>=5.20, p=0.052525, px1=0.05, r_kk_obj=+0.50, r_kk_fin=+0.486, ρ_kx_obj=0.00, ρ_kx_fin=+0.002 -> frac=0.000 | t(attrs)=0.006s, t(frac)=0.000s
[2025-11-07T12:03:54-03:00] <k>=5.20, p=0.052525, px1=0.05, r_kk_obj=+0.50, r_kk_fin=+0.486, ρ_kx_obj=0.09, ρ_kx_fin=+0.080 -> frac=0.000 | t(attrs)=0.006s, t(frac)=0.000s
[2025-11-07T12:03:54-03:00] <k>=5.20, p=0.052525, px1=0.05, r_kk_obj=+0.50, r_kk_fin=+0.486, ρ_kx_obj=0.17, ρ_kx_fin=+0.178 -> frac=0.000 | t(attrs)=0.010s, t(frac)=0.000s
[2025-11-07T12:03:54-03:00] <k>=5.20, p=0.052525, px1=0.05, r_kk_obj=+0.50, r_kk_fin=+0.486, ρ_kx_obj=0.26, ρ_kx_fin=+0.256 -> frac=0.000 | t(attrs)=0.008s, t(frac)=0.000s
[2025-11-07T12:03:54-03:00] <k>=5.20, p=0.052525, px1=0.05, r_kk_obj=+0.50, r_kk_fin=+0.486, ρ_kx_obj=0.34, ρ_kx_fin=+0.334 -> frac=0.000 | t(attrs)=0.025s, t(frac)=0.000s
[2025-11-07T12:03:54-03:00] <k>=5.20, p=0.052525, px1=0.05, r_kk_obj=+0.50, r_kk_fin=+0.486, ρ_kx_obj=0.43, ρ_kx_fin=+0.432 -> frac=0.000 | t(attrs)=0.040s, t(frac)=0.001s
[2025-11-07T12:03:54-03:00] <k>=5.20, p=0.052525, px1=0.05, r_kk_obj=+0.50, r_kk_fin=+0.486, ρ_kx_obj=0.51, ρ_kx_fin=+0.510 -> frac=0.000 | t(attrs)=0.324s, t(frac)=0.000s
[2025-11-07T12:03:54-03:00] <k>=5.20, p=0.052525, px1=0.05, r_kk_obj=+0.50, r_kk_fin=+0.486, ρ_kx_obj=0.60, ρ_kx_fin=+0.510 -> frac=0.000 | t(attrs)=2.247s, t(frac)=0.000s
[2025-11-07T12:03:54-03:00] Curva lista: <k>=5.20, px1=0.05, r_kk_obj=+0.50, r_kk_fin=+0.486, p=0.052525, t_curva=3.10s (t_gen=0.00s, t_rew=0.43s, t_rho_total=2.67s; t_attrs=2.67s, t_frac=0.00s)
[2025-11-07T12:03:59-03:00] Generada red ER: N=100, <k>_obj=2.50, p=0.025253, L=123, tiempo=0.002s
[2025-11-07T12:03:59-03:00] Rewire r_kk: objetivo=+0.50, alcanzado=+0.511, |Δ|=0.011, iters=93, tiempo=0.145s
[2025-11-07T12:03:59-03:00] <k>=2.50, p=0.025253, px1=0.05, r_kk_obj=+0.50, r_kk_fin=+0.511, ρ_kx_obj=0.00, ρ_kx_fin=-0.008 -> frac=0.020 | t(attrs)=0.007s, t(frac)=0.000s
[2025-11-07T12:03:59-03:00] <k>=2.50, p=0.025253, px1=0.05, r_kk_obj=+0.50, r_kk_fin=+0.511, ρ_kx_obj=0.09, ρ_kx_fin=+0.074 -> frac=0.010 | t(attrs)=2.120s, t(frac)=0.000s
[2025-11-07T12:03:59-03:00] <k>=2.50, p=0.025253, px1=0.05, r_kk_obj=+0.50, r_kk_fin=+0.511, ρ_kx_obj=0.17, ρ_kx_fin=+0.183 -> frac=0.040 | t(attrs)=1.717s, t(frac)=0.000s
[2025-11-07T12:03:59-03:00] <k>=2.50, p=0.025253, px1=0.05, r_kk_obj=+0.50, r_kk_fin=+0.511, ρ_kx_obj=0.26, ρ_kx_fin=+0.266 -> frac=0.000 | t(attrs)=0.002s, t(frac)=0.000s
[2025-11-07T12:03:59-03:00] <k>=2.50, p=0.025253, px1=0.05, r_kk_obj=+0.50, r_kk_fin=+0.511, ρ_kx_obj=0.34, ρ_kx_fin=+0.348 -> frac=0.000 | t(attrs)=0.007s, t(frac)=0.000s
[2025-11-07T12:03:59-03:00] <k>=2.50, p=0.025253, px1=0.05, r_kk_obj=+0.50, r_kk_fin=+0.511, ρ_kx_obj=0.43, ρ_kx_fin=+0.430 -> frac=0.000 | t(attrs)=0.023s, t(frac)=0.000s
[2025-11-07T12:03:59-03:00] <k>=2.50, p=0.025253, px1=0.05, r_kk_obj=+0.50, r_kk_fin=+0.511, ρ_kx_obj=0.51, ρ_kx_fin=+0.485 -> frac=0.000 | t(attrs)=1.775s, t(frac)=0.000s
[2025-11-07T12:03:59-03:00] <k>=2.50, p=0.025253, px1=0.05, r_kk_obj=+0.50, r_kk_fin=+0.511, ρ_kx_obj=0.60, ρ_kx_fin=+0.485 -> frac=0.000 | t(attrs)=1.762s, t(frac)=0.000s
[2025-11-07T12:03:59-03:00] Curva lista: <k>=2.50, px1=0.05, r_kk_obj=+0.50, r_kk_fin=+0.511, p=0.025253, t_curva=7.56s (t_gen=0.00s, t_rew=0.15s, t_rho_total=7.41s; t_attrs=7.41s, t_frac=0.00s)
[2025-11-07T12:03:59-03:00] Generada red ER: N=100, <k>_obj=2.50, p=0.025253, L=123, tiempo=0.002s
[2025-11-07T12:03:59-03:00] Rewire r_kk: objetivo=-0.50, alcanzado=-0.490, |Δ|=0.010, iters=151, tiempo=0.236s
[2025-11-07T12:03:59-03:00] <k>=2.50, p=0.025253, px1=0.05, r_kk_obj=-0.50, r_kk_fin=-0.490, ρ_kx_obj=0.00, ρ_kx_fin=-0.008 -> frac=0.000 | t(attrs)=0.006s, t(frac)=0.000s
[2025-11-07T12:03:59-03:00] <k>=2.50, p=0.025253, px1=0.05, r_kk_obj=-0.50, r_kk_fin=-0.490, ρ_kx_obj=0.09, ρ_kx_fin=+0.074 -> frac=0.010 | t(attrs)=2.400s, t(frac)=0.000s
[2025-11-07T12:03:59-03:00] <k>=2.50, p=0.025253, px1=0.05, r_kk_obj=-0.50, r_kk_fin=-0.490, ρ_kx_obj=0.17, ρ_kx_fin=+0.183 -> frac=0.050 | t(attrs)=1.779s, t(frac)=0.000s
[2025-11-07T12:03:59-03:00] <k>=2.50, p=0.025253, px1=0.05, r_kk_obj=-0.50, r_kk_fin=-0.490, ρ_kx_obj=0.26, ρ_kx_fin=+0.266 -> frac=0.040 | t(attrs)=0.001s, t(frac)=0.000s
[2025-11-07T12:03:59-03:00] <k>=2.50, p=0.025253, px1=0.05, r_kk_obj=-0.50, r_kk_fin=-0.490, ρ_kx_obj=0.34, ρ_kx_fin=+0.348 -> frac=0.070 | t(attrs)=0.007s, t(frac)=0.000s
[2025-11-07T12:03:59-03:00] <k>=2.50, p=0.025253, px1=0.05, r_kk_obj=-0.50, r_kk_fin=-0.490, ρ_kx_obj=0.43, ρ_kx_fin=+0.430 -> frac=0.100 | t(attrs)=0.021s, t(frac)=0.000s
[2025-11-07T12:03:59-03:00] <k>=2.50, p=0.025253, px1=0.05, r_kk_obj=-0.50, r_kk_fin=-0.490, ρ_kx_obj=0.51, ρ_kx_fin=+0.485 -> frac=0.150 | t(attrs)=1.787s, t(frac)=0.000s
[2025-11-07T12:03:59-03:00] <k>=2.50, p=0.025253, px1=0.05, r_kk_obj=-0.50, r_kk_fin=-0.490, ρ_kx_obj=0.60, ρ_kx_fin=+0.485 -> frac=0.150 | t(attrs)=1.602s, t(frac)=0.000s
[2025-11-07T12:03:59-03:00] Curva lista: <k>=2.50, px1=0.05, r_kk_obj=-0.50, r_kk_fin=-0.490, p=0.025253, t_curva=7.84s (t_gen=0.00s, t_rew=0.24s, t_rho_total=7.60s; t_attrs=7.60s, t_frac=0.00s)
[2025-11-07T12:03:59-03:00] Generada red ER: N=100, <k>_obj=2.50, p=0.025253, L=123, tiempo=0.002s
[2025-11-07T12:03:59-03:00] Rewire r_kk: objetivo=+0.00, alcanzado=+0.005, |Δ|=0.005, iters=0, tiempo=0.002s
[2025-11-07T12:03:59-03:00] <k>=2.50, p=0.025253, px1=0.05, r_kk_obj=+0.00, r_kk_fin=+0.005, ρ_kx_obj=0.00, ρ_kx_fin=-0.008 -> frac=0.010 | t(attrs)=0.007s, t(frac)=0.000s
[2025-11-07T12:03:59-03:00] <k>=2.50, p=0.025253, px1=0.05, r_kk_obj=+0.00, r_kk_fin=+0.005, ρ_kx_obj=0.09, ρ_kx_fin=+0.074 -> frac=0.010 | t(attrs)=2.457s, t(frac)=0.000s
[2025-11-07T12:03:59-03:00] <k>=2.50, p=0.025253, px1=0.05, r_kk_obj=+0.00, r_kk_fin=+0.005, ρ_kx_obj=0.17, ρ_kx_fin=+0.183 -> frac=0.020 | t(attrs)=1.911s, t(frac)=0.000s
[2025-11-07T12:03:59-03:00] <k>=2.50, p=0.025253, px1=0.05, r_kk_obj=+0.00, r_kk_fin=+0.005, ρ_kx_obj=0.26, ρ_kx_fin=+0.266 -> frac=0.040 | t(attrs)=0.005s, t(frac)=0.000s
[2025-11-07T12:03:59-03:00] <k>=2.50, p=0.025253, px1=0.05, r_kk_obj=+0.00, r_kk_fin=+0.005, ρ_kx_obj=0.34, ρ_kx_fin=+0.348 -> frac=0.010 | t(attrs)=0.006s, t(frac)=0.000s
[2025-11-07T12:03:59-03:00] <k>=2.50, p=0.025253, px1=0.05, r_kk_obj=+0.00, r_kk_fin=+0.005, ρ_kx_obj=0.43, ρ_kx_fin=+0.430 -> frac=0.060 | t(attrs)=0.010s, t(frac)=0.000s
[2025-11-07T12:03:59-03:00] <k>=2.50, p=0.025253, px1=0.05, r_kk_obj=+0.00, r_kk_fin=+0.005, ρ_kx_obj=0.51, ρ_kx_fin=+0.485 -> frac=0.050 | t(attrs)=1.780s, t(frac)=0.000s
[2025-11-07T12:03:59-03:00] <k>=2.50, p=0.025253, px1=0.05, r_kk_obj=+0.00, r_kk_fin=+0.005, ρ_kx_obj=0.60, ρ_kx_fin=+0.485 -> frac=0.050 | t(attrs)=1.680s, t(frac)=0.000s
[2025-11-07T12:03:59-03:00] Curva lista: <k>=2.50, px1=0.05, r_kk_obj=+0.00, r_kk_fin=+0.005, p=0.025253, t_curva=7.86s (t_gen=0.00s, t_rew=0.00s, t_rho_total=7.86s; t_attrs=7.86s, t_frac=0.00s)
[2025-11-07T12:04:00-03:00] Generando figura...
[2025-11-07T12:04:01-03:00] Figuras guardadas en: run-e2r\251107120347_N100\fig3_ER.png y run-e2r\251107120347_N100\fig3_ER.pdf
[2025-11-07T12:04:01-03:00] Fin experimento Fig3-ER | tiempo total=13.87s (~0.23 min) | carpeta=run-e2r\251107120347_N100
