[2025-11-07T13:24:51-03:00] Ejecutando script: Erdos-Renyi-v2.py | ruta=C:\Users\dcaceres\Documents\Magister\Trimestre 2\CS Redes\Tarea 2\python\Erdos-Renyi-v2.py
[2025-11-07T13:24:51-03:00] Inicio experimento Fig3-ER (paralelo por procesos) | carpeta=run-e2r\251107132451_N100
[2025-11-07T13:24:51-03:00] Procesos: usados=18, cpu_count=22
[2025-11-07T13:24:51-03:00] Parámetros: N=100, <k>=[5.2, 2.5], px1=[0.05, 0.1, 0.2], r_kk=[-0.5, 0.0, 0.5], ρ_kx=[np.float64(0.0), np.float64(0.11), np.float64(0.23), np.float64(0.34), np.float64(0.46), np.float64(0.57), np.float64(0.69), np.float64(0.8)], seed=12021974
[2025-11-07T13:24:59-03:00] Generada red ER: N=100, <k>_obj=5.20, p=0.052525, L=269, tiempo=0.002s
[2025-11-07T13:24:59-03:00] Rewire r_kk: objetivo=+0.00, alcanzado=-0.001, |Δ|=0.001, iters=16, tiempo=0.030s
[2025-11-07T13:24:59-03:00] <k>=5.20, p=0.052525, px1=0.20, r_kk_obj=+0.00, r_kk_fin=-0.001, ρ_kx_obj=0.00, ρ_kx_fin=-0.006 -> frac=0.070 | t(attrs)=0.021s, t(frac)=0.000s
[2025-11-07T13:24:59-03:00] <k>=5.20, p=0.052525, px1=0.20, r_kk_obj=+0.00, r_kk_fin=-0.001, ρ_kx_obj=0.11, ρ_kx_fin=+0.121 -> frac=0.010 | t(attrs)=0.002s, t(frac)=0.000s
[2025-11-07T13:24:59-03:00] <k>=5.20, p=0.052525, px1=0.20, r_kk_obj=+0.00, r_kk_fin=-0.001, ρ_kx_obj=0.23, ρ_kx_fin=+0.228 -> frac=0.060 | t(attrs)=0.022s, t(frac)=0.000s
[2025-11-07T13:24:59-03:00] <k>=5.20, p=0.052525, px1=0.20, r_kk_obj=+0.00, r_kk_fin=-0.001, ρ_kx_obj=0.34, ρ_kx_fin=+0.334 -> frac=0.070 | t(attrs)=0.006s, t(frac)=0.000s
[2025-11-07T13:24:59-03:00] <k>=5.20, p=0.052525, px1=0.20, r_kk_obj=+0.00, r_kk_fin=-0.001, ρ_kx_obj=0.46, ρ_kx_fin=+0.462 -> frac=0.090 | t(attrs)=0.045s, t(frac)=0.000s
[2025-11-07T13:24:59-03:00] <k>=5.20, p=0.052525, px1=0.20, r_kk_obj=+0.00, r_kk_fin=-0.001, ρ_kx_obj=0.57, ρ_kx_fin=+0.579 -> frac=0.120 | t(attrs)=0.051s, t(frac)=0.000s
[2025-11-07T13:24:59-03:00] <k>=5.20, p=0.052525, px1=0.20, r_kk_obj=+0.00, r_kk_fin=-0.001, ρ_kx_obj=0.69, ρ_kx_fin=+0.686 -> frac=0.140 | t(attrs)=0.329s, t(frac)=0.000s
[2025-11-07T13:24:59-03:00] <k>=5.20, p=0.052525, px1=0.20, r_kk_obj=+0.00, r_kk_fin=-0.001, ρ_kx_obj=0.80, ρ_kx_fin=+0.696 -> frac=0.120 | t(attrs)=3.178s, t(frac)=0.000s
[2025-11-07T13:24:59-03:00] Curva lista: <k>=5.20, px1=0.20, r_kk_obj=+0.00, r_kk_fin=-0.001, p=0.052525, t_curva=3.69s (t_gen=0.00s, t_rew=0.03s, t_rho_total=3.66s; t_attrs=3.65s, t_frac=0.00s)
[2025-11-07T13:24:59-03:00] Generada red ER: N=100, <k>_obj=2.50, p=0.025253, L=123, tiempo=0.002s
[2025-11-07T13:24:59-03:00] Rewire r_kk: objetivo=+0.00, alcanzado=+0.005, |Δ|=0.005, iters=0, tiempo=0.002s
[2025-11-07T13:24:59-03:00] <k>=2.50, p=0.025253, px1=0.20, r_kk_obj=+0.00, r_kk_fin=+0.005, ρ_kx_obj=0.00, ρ_kx_fin=-0.003 -> frac=0.040 | t(attrs)=0.003s, t(frac)=0.000s
[2025-11-07T13:24:59-03:00] <k>=2.50, p=0.025253, px1=0.20, r_kk_obj=+0.00, r_kk_fin=+0.005, ρ_kx_obj=0.11, ρ_kx_fin=+0.116 -> frac=0.130 | t(attrs)=0.008s, t(frac)=0.000s
[2025-11-07T13:24:59-03:00] <k>=2.50, p=0.025253, px1=0.20, r_kk_obj=+0.00, r_kk_fin=+0.005, ρ_kx_obj=0.23, ρ_kx_fin=+0.221 -> frac=0.140 | t(attrs)=0.006s, t(frac)=0.000s
[2025-11-07T13:24:59-03:00] <k>=2.50, p=0.025253, px1=0.20, r_kk_obj=+0.00, r_kk_fin=+0.005, ρ_kx_obj=0.34, ρ_kx_fin=+0.340 -> frac=0.140 | t(attrs)=0.022s, t(frac)=0.000s
[2025-11-07T13:24:59-03:00] <k>=2.50, p=0.025253, px1=0.20, r_kk_obj=+0.00, r_kk_fin=+0.005, ρ_kx_obj=0.46, ρ_kx_fin=+0.459 -> frac=0.210 | t(attrs)=0.022s, t(frac)=0.000s
[2025-11-07T13:24:59-03:00] <k>=2.50, p=0.025253, px1=0.20, r_kk_obj=+0.00, r_kk_fin=+0.005, ρ_kx_obj=0.57, ρ_kx_fin=+0.564 -> frac=0.200 | t(attrs)=0.039s, t(frac)=0.000s
[2025-11-07T13:24:59-03:00] <k>=2.50, p=0.025253, px1=0.20, r_kk_obj=+0.00, r_kk_fin=+0.005, ρ_kx_obj=0.69, ρ_kx_fin=+0.683 -> frac=0.210 | t(attrs)=0.119s, t(frac)=0.000s
[2025-11-07T13:24:59-03:00] <k>=2.50, p=0.025253, px1=0.20, r_kk_obj=+0.00, r_kk_fin=+0.005, ρ_kx_obj=0.80, ρ_kx_fin=+0.728 -> frac=0.220 | t(attrs)=3.377s, t(frac)=0.000s
[2025-11-07T13:24:59-03:00] Curva lista: <k>=2.50, px1=0.20, r_kk_obj=+0.00, r_kk_fin=+0.005, p=0.025253, t_curva=3.60s (t_gen=0.00s, t_rew=0.00s, t_rho_total=3.60s; t_attrs=3.60s, t_frac=0.00s)
[2025-11-07T13:24:59-03:00] Generada red ER: N=100, <k>_obj=5.20, p=0.052525, L=269, tiempo=0.002s
[2025-11-07T13:24:59-03:00] Rewire r_kk: objetivo=-0.50, alcanzado=-0.485, |Δ|=0.015, iters=236, tiempo=0.514s
[2025-11-07T13:24:59-03:00] <k>=5.20, p=0.052525, px1=0.20, r_kk_obj=-0.50, r_kk_fin=-0.485, ρ_kx_obj=0.00, ρ_kx_fin=-0.006 -> frac=0.030 | t(attrs)=0.003s, t(frac)=0.000s
[2025-11-07T13:24:59-03:00] <k>=5.20, p=0.052525, px1=0.20, r_kk_obj=-0.50, r_kk_fin=-0.485, ρ_kx_obj=0.11, ρ_kx_fin=+0.111 -> frac=0.110 | t(attrs)=0.009s, t(frac)=0.000s
[2025-11-07T13:24:59-03:00] <k>=5.20, p=0.052525, px1=0.20, r_kk_obj=-0.50, r_kk_fin=-0.485, ρ_kx_obj=0.23, ρ_kx_fin=+0.238 -> frac=0.120 | t(attrs)=0.013s, t(frac)=0.000s
[2025-11-07T13:24:59-03:00] <k>=5.20, p=0.052525, px1=0.20, r_kk_obj=-0.50, r_kk_fin=-0.485, ρ_kx_obj=0.34, ρ_kx_fin=+0.345 -> frac=0.080 | t(attrs)=0.029s, t(frac)=0.000s
[2025-11-07T13:24:59-03:00] <k>=5.20, p=0.052525, px1=0.20, r_kk_obj=-0.50, r_kk_fin=-0.485, ρ_kx_obj=0.46, ρ_kx_fin=+0.462 -> frac=0.150 | t(attrs)=0.045s, t(frac)=0.000s
[2025-11-07T13:24:59-03:00] <k>=5.20, p=0.052525, px1=0.20, r_kk_obj=-0.50, r_kk_fin=-0.485, ρ_kx_obj=0.57, ρ_kx_fin=+0.568 -> frac=0.220 | t(attrs)=0.042s, t(frac)=0.000s
[2025-11-07T13:24:59-03:00] <k>=5.20, p=0.052525, px1=0.20, r_kk_obj=-0.50, r_kk_fin=-0.485, ρ_kx_obj=0.69, ρ_kx_fin=+0.686 -> frac=0.270 | t(attrs)=0.269s, t(frac)=0.000s
[2025-11-07T13:24:59-03:00] <k>=5.20, p=0.052525, px1=0.20, r_kk_obj=-0.50, r_kk_fin=-0.485, ρ_kx_obj=0.80, ρ_kx_fin=+0.696 -> frac=0.300 | t(attrs)=3.230s, t(frac)=0.000s
[2025-11-07T13:24:59-03:00] Curva lista: <k>=5.20, px1=0.20, r_kk_obj=-0.50, r_kk_fin=-0.485, p=0.052525, t_curva=4.16s (t_gen=0.00s, t_rew=0.51s, t_rho_total=3.64s; t_attrs=3.64s, t_frac=0.00s)
[2025-11-07T13:24:59-03:00] Generada red ER: N=100, <k>_obj=5.20, p=0.052525, L=269, tiempo=0.002s
[2025-11-07T13:24:59-03:00] Rewire r_kk: objetivo=+0.50, alcanzado=+0.486, |Δ|=0.014, iters=232, tiempo=0.503s
[2025-11-07T13:24:59-03:00] <k>=5.20, p=0.052525, px1=0.20, r_kk_obj=+0.50, r_kk_fin=+0.486, ρ_kx_obj=0.00, ρ_kx_fin=-0.006 -> frac=0.020 | t(attrs)=0.001s, t(frac)=0.000s
[2025-11-07T13:24:59-03:00] <k>=5.20, p=0.052525, px1=0.20, r_kk_obj=+0.50, r_kk_fin=+0.486, ρ_kx_obj=0.11, ρ_kx_fin=+0.121 -> frac=0.060 | t(attrs)=0.005s, t(frac)=0.000s
[2025-11-07T13:24:59-03:00] <k>=5.20, p=0.052525, px1=0.20, r_kk_obj=+0.50, r_kk_fin=+0.486, ρ_kx_obj=0.23, ρ_kx_fin=+0.238 -> frac=0.080 | t(attrs)=0.001s, t(frac)=0.000s
[2025-11-07T13:24:59-03:00] <k>=5.20, p=0.052525, px1=0.20, r_kk_obj=+0.50, r_kk_fin=+0.486, ρ_kx_obj=0.34, ρ_kx_fin=+0.334 -> frac=0.060 | t(attrs)=0.020s, t(frac)=0.000s
[2025-11-07T13:24:59-03:00] <k>=5.20, p=0.052525, px1=0.20, r_kk_obj=+0.50, r_kk_fin=+0.486, ρ_kx_obj=0.46, ρ_kx_fin=+0.451 -> frac=0.090 | t(attrs)=0.025s, t(frac)=0.000s
[2025-11-07T13:24:59-03:00] <k>=5.20, p=0.052525, px1=0.20, r_kk_obj=+0.50, r_kk_fin=+0.486, ρ_kx_obj=0.57, ρ_kx_fin=+0.568 -> frac=0.080 | t(attrs)=0.050s, t(frac)=0.000s
[2025-11-07T13:24:59-03:00] <k>=5.20, p=0.052525, px1=0.20, r_kk_obj=+0.50, r_kk_fin=+0.486, ρ_kx_obj=0.69, ρ_kx_fin=+0.686 -> frac=0.140 | t(attrs)=0.130s, t(frac)=0.000s
[2025-11-07T13:24:59-03:00] <k>=5.20, p=0.052525, px1=0.20, r_kk_obj=+0.50, r_kk_fin=+0.486, ρ_kx_obj=0.80, ρ_kx_fin=+0.696 -> frac=0.180 | t(attrs)=3.304s, t(frac)=0.000s
[2025-11-07T13:24:59-03:00] Curva lista: <k>=5.20, px1=0.20, r_kk_obj=+0.50, r_kk_fin=+0.486, p=0.052525, t_curva=4.05s (t_gen=0.00s, t_rew=0.50s, t_rho_total=3.54s; t_attrs=3.54s, t_frac=0.00s)
[2025-11-07T13:24:59-03:00] Generada red ER: N=100, <k>_obj=2.50, p=0.025253, L=123, tiempo=0.001s
[2025-11-07T13:24:59-03:00] Rewire r_kk: objetivo=+0.50, alcanzado=+0.511, |Δ|=0.011, iters=93, tiempo=0.124s
[2025-11-07T13:24:59-03:00] <k>=2.50, p=0.025253, px1=0.20, r_kk_obj=+0.50, r_kk_fin=+0.511, ρ_kx_obj=0.00, ρ_kx_fin=-0.003 -> frac=0.080 | t(attrs)=0.002s, t(frac)=0.000s
[2025-11-07T13:24:59-03:00] <k>=2.50, p=0.025253, px1=0.20, r_kk_obj=+0.50, r_kk_fin=+0.511, ρ_kx_obj=0.11, ρ_kx_fin=+0.116 -> frac=0.080 | t(attrs)=0.004s, t(frac)=0.000s
[2025-11-07T13:24:59-03:00] <k>=2.50, p=0.025253, px1=0.20, r_kk_obj=+0.50, r_kk_fin=+0.511, ρ_kx_obj=0.23, ρ_kx_fin=+0.236 -> frac=0.110 | t(attrs)=0.005s, t(frac)=0.000s
[2025-11-07T13:24:59-03:00] <k>=2.50, p=0.025253, px1=0.20, r_kk_obj=+0.50, r_kk_fin=+0.511, ρ_kx_obj=0.34, ρ_kx_fin=+0.340 -> frac=0.120 | t(attrs)=0.013s, t(frac)=0.000s
[2025-11-07T13:24:59-03:00] <k>=2.50, p=0.025253, px1=0.20, r_kk_obj=+0.50, r_kk_fin=+0.511, ρ_kx_obj=0.46, ρ_kx_fin=+0.459 -> frac=0.140 | t(attrs)=0.021s, t(frac)=0.000s
[2025-11-07T13:24:59-03:00] <k>=2.50, p=0.025253, px1=0.20, r_kk_obj=+0.50, r_kk_fin=+0.511, ρ_kx_obj=0.57, ρ_kx_fin=+0.564 -> frac=0.160 | t(attrs)=0.048s, t(frac)=0.000s
[2025-11-07T13:24:59-03:00] <k>=2.50, p=0.025253, px1=0.20, r_kk_obj=+0.50, r_kk_fin=+0.511, ρ_kx_obj=0.69, ρ_kx_fin=+0.683 -> frac=0.160 | t(attrs)=0.104s, t(frac)=0.000s
[2025-11-07T13:24:59-03:00] <k>=2.50, p=0.025253, px1=0.20, r_kk_obj=+0.50, r_kk_fin=+0.511, ρ_kx_obj=0.80, ρ_kx_fin=+0.728 -> frac=0.210 | t(attrs)=3.386s, t(frac)=0.000s
[2025-11-07T13:24:59-03:00] Curva lista: <k>=2.50, px1=0.20, r_kk_obj=+0.50, r_kk_fin=+0.511, p=0.025253, t_curva=3.71s (t_gen=0.00s, t_rew=0.12s, t_rho_total=3.59s; t_attrs=3.58s, t_frac=0.00s)
[2025-11-07T13:25:00-03:00] Generada red ER: N=100, <k>_obj=2.50, p=0.025253, L=123, tiempo=0.002s
[2025-11-07T13:25:00-03:00] Rewire r_kk: objetivo=-0.50, alcanzado=-0.490, |Δ|=0.010, iters=151, tiempo=0.236s
[2025-11-07T13:25:00-03:00] <k>=2.50, p=0.025253, px1=0.20, r_kk_obj=-0.50, r_kk_fin=-0.490, ρ_kx_obj=0.00, ρ_kx_fin=-0.003 -> frac=0.070 | t(attrs)=0.006s, t(frac)=0.000s
[2025-11-07T13:25:00-03:00] <k>=2.50, p=0.025253, px1=0.20, r_kk_obj=-0.50, r_kk_fin=-0.490, ρ_kx_obj=0.11, ρ_kx_fin=+0.116 -> frac=0.090 | t(attrs)=0.000s, t(frac)=0.000s
[2025-11-07T13:25:00-03:00] <k>=2.50, p=0.025253, px1=0.20, r_kk_obj=-0.50, r_kk_fin=-0.490, ρ_kx_obj=0.23, ρ_kx_fin=+0.221 -> frac=0.160 | t(attrs)=0.001s, t(frac)=0.000s
[2025-11-07T13:25:00-03:00] <k>=2.50, p=0.025253, px1=0.20, r_kk_obj=-0.50, r_kk_fin=-0.490, ρ_kx_obj=0.34, ρ_kx_fin=+0.340 -> frac=0.160 | t(attrs)=0.013s, t(frac)=0.000s
[2025-11-07T13:25:00-03:00] <k>=2.50, p=0.025253, px1=0.20, r_kk_obj=-0.50, r_kk_fin=-0.490, ρ_kx_obj=0.46, ρ_kx_fin=+0.459 -> frac=0.260 | t(attrs)=0.027s, t(frac)=0.000s
[2025-11-07T13:25:00-03:00] <k>=2.50, p=0.025253, px1=0.20, r_kk_obj=-0.50, r_kk_fin=-0.490, ρ_kx_obj=0.57, ρ_kx_fin=+0.564 -> frac=0.280 | t(attrs)=0.034s, t(frac)=0.000s
[2025-11-07T13:25:00-03:00] <k>=2.50, p=0.025253, px1=0.20, r_kk_obj=-0.50, r_kk_fin=-0.490, ρ_kx_obj=0.69, ρ_kx_fin=+0.683 -> frac=0.280 | t(attrs)=0.083s, t(frac)=0.000s
[2025-11-07T13:25:00-03:00] <k>=2.50, p=0.025253, px1=0.20, r_kk_obj=-0.50, r_kk_fin=-0.490, ρ_kx_obj=0.80, ρ_kx_fin=+0.728 -> frac=0.340 | t(attrs)=3.346s, t(frac)=0.000s
[2025-11-07T13:25:00-03:00] Curva lista: <k>=2.50, px1=0.20, r_kk_obj=-0.50, r_kk_fin=-0.490, p=0.025253, t_curva=3.75s (t_gen=0.00s, t_rew=0.24s, t_rho_total=3.51s; t_attrs=3.51s, t_frac=0.00s)
[2025-11-07T13:25:01-03:00] Generada red ER: N=100, <k>_obj=5.20, p=0.052525, L=269, tiempo=0.002s
[2025-11-07T13:25:01-03:00] Rewire r_kk: objetivo=+0.00, alcanzado=-0.001, |Δ|=0.001, iters=16, tiempo=0.034s
[2025-11-07T13:25:01-03:00] <k>=5.20, p=0.052525, px1=0.10, r_kk_obj=+0.00, r_kk_fin=-0.001, ρ_kx_obj=0.00, ρ_kx_fin=+0.003 -> frac=0.010 | t(attrs)=0.005s, t(frac)=0.000s
[2025-11-07T13:25:01-03:00] <k>=5.20, p=0.052525, px1=0.10, r_kk_obj=+0.00, r_kk_fin=-0.001, ρ_kx_obj=0.11, ρ_kx_fin=+0.116 -> frac=0.030 | t(attrs)=0.007s, t(frac)=0.000s
[2025-11-07T13:25:01-03:00] <k>=5.20, p=0.052525, px1=0.10, r_kk_obj=+0.00, r_kk_fin=-0.001, ρ_kx_obj=0.23, ρ_kx_fin=+0.230 -> frac=0.020 | t(attrs)=0.005s, t(frac)=0.000s
[2025-11-07T13:25:01-03:00] <k>=5.20, p=0.052525, px1=0.10, r_kk_obj=+0.00, r_kk_fin=-0.001, ρ_kx_obj=0.34, ρ_kx_fin=+0.343 -> frac=0.020 | t(attrs)=0.013s, t(frac)=0.000s
[2025-11-07T13:25:01-03:00] <k>=5.20, p=0.052525, px1=0.10, r_kk_obj=+0.00, r_kk_fin=-0.001, ρ_kx_obj=0.46, ρ_kx_fin=+0.457 -> frac=0.040 | t(attrs)=0.032s, t(frac)=0.000s
[2025-11-07T13:25:01-03:00] <k>=5.20, p=0.052525, px1=0.10, r_kk_obj=+0.00, r_kk_fin=-0.001, ρ_kx_obj=0.57, ρ_kx_fin=+0.571 -> frac=0.030 | t(attrs)=0.217s, t(frac)=0.000s
[2025-11-07T13:25:01-03:00] <k>=5.20, p=0.052525, px1=0.10, r_kk_obj=+0.00, r_kk_fin=-0.001, ρ_kx_obj=0.69, ρ_kx_fin=+0.571 -> frac=0.020 | t(attrs)=3.348s, t(frac)=0.000s
[2025-11-07T13:25:01-03:00] <k>=5.20, p=0.052525, px1=0.10, r_kk_obj=+0.00, r_kk_fin=-0.001, ρ_kx_obj=0.80, ρ_kx_fin=+0.571 -> frac=0.030 | t(attrs)=2.877s, t(frac)=0.000s
[2025-11-07T13:25:01-03:00] Curva lista: <k>=5.20, px1=0.10, r_kk_obj=+0.00, r_kk_fin=-0.001, p=0.052525, t_curva=6.54s (t_gen=0.00s, t_rew=0.03s, t_rho_total=6.51s; t_attrs=6.50s, t_frac=0.00s)
[2025-11-07T13:25:02-03:00] Generada red ER: N=100, <k>_obj=5.20, p=0.052525, L=269, tiempo=0.002s
[2025-11-07T13:25:02-03:00] Rewire r_kk: objetivo=-0.50, alcanzado=-0.485, |Δ|=0.015, iters=236, tiempo=0.417s
[2025-11-07T13:25:02-03:00] <k>=5.20, p=0.052525, px1=0.10, r_kk_obj=-0.50, r_kk_fin=-0.485, ρ_kx_obj=0.00, ρ_kx_fin=+0.003 -> frac=0.020 | t(attrs)=0.006s, t(frac)=0.000s
[2025-11-07T13:25:02-03:00] <k>=5.20, p=0.052525, px1=0.10, r_kk_obj=-0.50, r_kk_fin=-0.485, ρ_kx_obj=0.11, ρ_kx_fin=+0.116 -> frac=0.020 | t(attrs)=0.003s, t(frac)=0.000s
[2025-11-07T13:25:02-03:00] <k>=5.20, p=0.052525, px1=0.10, r_kk_obj=-0.50, r_kk_fin=-0.485, ρ_kx_obj=0.23, ρ_kx_fin=+0.230 -> frac=0.010 | t(attrs)=0.012s, t(frac)=0.000s
[2025-11-07T13:25:02-03:00] <k>=5.20, p=0.052525, px1=0.10, r_kk_obj=-0.50, r_kk_fin=-0.485, ρ_kx_obj=0.34, ρ_kx_fin=+0.343 -> frac=0.060 | t(attrs)=0.018s, t(frac)=0.000s
[2025-11-07T13:25:02-03:00] <k>=5.20, p=0.052525, px1=0.10, r_kk_obj=-0.50, r_kk_fin=-0.485, ρ_kx_obj=0.46, ρ_kx_fin=+0.457 -> frac=0.080 | t(attrs)=0.035s, t(frac)=0.000s
[2025-11-07T13:25:02-03:00] <k>=5.20, p=0.052525, px1=0.10, r_kk_obj=-0.50, r_kk_fin=-0.485, ρ_kx_obj=0.57, ρ_kx_fin=+0.571 -> frac=0.140 | t(attrs)=0.101s, t(frac)=0.000s
[2025-11-07T13:25:02-03:00] <k>=5.20, p=0.052525, px1=0.10, r_kk_obj=-0.50, r_kk_fin=-0.485, ρ_kx_obj=0.69, ρ_kx_fin=+0.571 -> frac=0.120 | t(attrs)=3.240s, t(frac)=0.000s
[2025-11-07T13:25:02-03:00] <k>=5.20, p=0.052525, px1=0.10, r_kk_obj=-0.50, r_kk_fin=-0.485, ρ_kx_obj=0.80, ρ_kx_fin=+0.571 -> frac=0.120 | t(attrs)=3.042s, t(frac)=0.000s
[2025-11-07T13:25:02-03:00] Curva lista: <k>=5.20, px1=0.10, r_kk_obj=-0.50, r_kk_fin=-0.485, p=0.052525, t_curva=6.88s (t_gen=0.00s, t_rew=0.42s, t_rho_total=6.46s; t_attrs=6.46s, t_frac=0.00s)
[2025-11-07T13:25:02-03:00] Generada red ER: N=100, <k>_obj=5.20, p=0.052525, L=269, tiempo=0.002s
[2025-11-07T13:25:02-03:00] Rewire r_kk: objetivo=+0.50, alcanzado=+0.486, |Δ|=0.014, iters=232, tiempo=0.498s
[2025-11-07T13:25:02-03:00] <k>=5.20, p=0.052525, px1=0.10, r_kk_obj=+0.50, r_kk_fin=+0.486, ρ_kx_obj=0.00, ρ_kx_fin=+0.003 -> frac=0.000 | t(attrs)=0.003s, t(frac)=0.000s
[2025-11-07T13:25:02-03:00] <k>=5.20, p=0.052525, px1=0.10, r_kk_obj=+0.50, r_kk_fin=+0.486, ρ_kx_obj=0.11, ρ_kx_fin=+0.116 -> frac=0.020 | t(attrs)=0.001s, t(frac)=0.000s
[2025-11-07T13:25:02-03:00] <k>=5.20, p=0.052525, px1=0.10, r_kk_obj=+0.50, r_kk_fin=+0.486, ρ_kx_obj=0.23, ρ_kx_fin=+0.230 -> frac=0.020 | t(attrs)=0.015s, t(frac)=0.000s
[2025-11-07T13:25:02-03:00] <k>=5.20, p=0.052525, px1=0.10, r_kk_obj=+0.50, r_kk_fin=+0.486, ρ_kx_obj=0.34, ρ_kx_fin=+0.343 -> frac=0.000 | t(attrs)=0.014s, t(frac)=0.000s
[2025-11-07T13:25:02-03:00] <k>=5.20, p=0.052525, px1=0.10, r_kk_obj=+0.50, r_kk_fin=+0.486, ρ_kx_obj=0.46, ρ_kx_fin=+0.457 -> frac=0.000 | t(attrs)=0.030s, t(frac)=0.000s
[2025-11-07T13:25:02-03:00] <k>=5.20, p=0.052525, px1=0.10, r_kk_obj=+0.50, r_kk_fin=+0.486, ρ_kx_obj=0.57, ρ_kx_fin=+0.571 -> frac=0.010 | t(attrs)=0.102s, t(frac)=0.000s
[2025-11-07T13:25:02-03:00] <k>=5.20, p=0.052525, px1=0.10, r_kk_obj=+0.50, r_kk_fin=+0.486, ρ_kx_obj=0.69, ρ_kx_fin=+0.571 -> frac=0.010 | t(attrs)=3.337s, t(frac)=0.000s
[2025-11-07T13:25:02-03:00] <k>=5.20, p=0.052525, px1=0.10, r_kk_obj=+0.50, r_kk_fin=+0.486, ρ_kx_obj=0.80, ρ_kx_fin=+0.571 -> frac=0.010 | t(attrs)=2.520s, t(frac)=0.000s
[2025-11-07T13:25:02-03:00] Curva lista: <k>=5.20, px1=0.10, r_kk_obj=+0.50, r_kk_fin=+0.486, p=0.052525, t_curva=6.53s (t_gen=0.00s, t_rew=0.50s, t_rho_total=6.02s; t_attrs=6.02s, t_frac=0.00s)
[2025-11-07T13:25:02-03:00] Generada red ER: N=100, <k>_obj=2.50, p=0.025253, L=123, tiempo=0.003s
[2025-11-07T13:25:02-03:00] Rewire r_kk: objetivo=-0.50, alcanzado=-0.490, |Δ|=0.010, iters=151, tiempo=0.236s
[2025-11-07T13:25:02-03:00] <k>=2.50, p=0.025253, px1=0.10, r_kk_obj=-0.50, r_kk_fin=-0.490, ρ_kx_obj=0.00, ρ_kx_fin=+0.008 -> frac=0.030 | t(attrs)=0.003s, t(frac)=0.000s
[2025-11-07T13:25:02-03:00] <k>=2.50, p=0.025253, px1=0.10, r_kk_obj=-0.50, r_kk_fin=-0.490, ρ_kx_obj=0.11, ρ_kx_fin=+0.107 -> frac=0.030 | t(attrs)=0.006s, t(frac)=0.000s
[2025-11-07T13:25:02-03:00] <k>=2.50, p=0.025253, px1=0.10, r_kk_obj=-0.50, r_kk_fin=-0.490, ρ_kx_obj=0.23, ρ_kx_fin=+0.227 -> frac=0.070 | t(attrs)=0.005s, t(frac)=0.000s
[2025-11-07T13:25:02-03:00] <k>=2.50, p=0.025253, px1=0.10, r_kk_obj=-0.50, r_kk_fin=-0.490, ρ_kx_obj=0.34, ρ_kx_fin=+0.346 -> frac=0.080 | t(attrs)=0.023s, t(frac)=0.000s
[2025-11-07T13:25:02-03:00] <k>=2.50, p=0.025253, px1=0.10, r_kk_obj=-0.50, r_kk_fin=-0.490, ρ_kx_obj=0.46, ρ_kx_fin=+0.465 -> frac=0.140 | t(attrs)=0.047s, t(frac)=0.000s
[2025-11-07T13:25:02-03:00] <k>=2.50, p=0.025253, px1=0.10, r_kk_obj=-0.50, r_kk_fin=-0.490, ρ_kx_obj=0.57, ρ_kx_fin=+0.565 -> frac=0.160 | t(attrs)=0.065s, t(frac)=0.000s
[2025-11-07T13:25:02-03:00] <k>=2.50, p=0.025253, px1=0.10, r_kk_obj=-0.50, r_kk_fin=-0.490, ρ_kx_obj=0.69, ρ_kx_fin=+0.605 -> frac=0.210 | t(attrs)=3.098s, t(frac)=0.000s
[2025-11-07T13:25:02-03:00] <k>=2.50, p=0.025253, px1=0.10, r_kk_obj=-0.50, r_kk_fin=-0.490, ρ_kx_obj=0.80, ρ_kx_fin=+0.605 -> frac=0.210 | t(attrs)=2.626s, t(frac)=0.000s
[2025-11-07T13:25:02-03:00] Curva lista: <k>=2.50, px1=0.10, r_kk_obj=-0.50, r_kk_fin=-0.490, p=0.025253, t_curva=6.12s (t_gen=0.00s, t_rew=0.24s, t_rho_total=5.88s; t_attrs=5.87s, t_frac=0.00s)
[2025-11-07T13:25:02-03:00] Generada red ER: N=100, <k>_obj=2.50, p=0.025253, L=123, tiempo=0.002s
[2025-11-07T13:25:02-03:00] Rewire r_kk: objetivo=+0.00, alcanzado=+0.005, |Δ|=0.005, iters=0, tiempo=0.002s
[2025-11-07T13:25:02-03:00] <k>=2.50, p=0.025253, px1=0.10, r_kk_obj=+0.00, r_kk_fin=+0.005, ρ_kx_obj=0.00, ρ_kx_fin=+0.008 -> frac=0.070 | t(attrs)=0.004s, t(frac)=0.000s
[2025-11-07T13:25:02-03:00] <k>=2.50, p=0.025253, px1=0.10, r_kk_obj=+0.00, r_kk_fin=+0.005, ρ_kx_obj=0.11, ρ_kx_fin=+0.107 -> frac=0.060 | t(attrs)=0.003s, t(frac)=0.000s
[2025-11-07T13:25:02-03:00] <k>=2.50, p=0.025253, px1=0.10, r_kk_obj=+0.00, r_kk_fin=+0.005, ρ_kx_obj=0.23, ρ_kx_fin=+0.227 -> frac=0.050 | t(attrs)=0.004s, t(frac)=0.000s
[2025-11-07T13:25:02-03:00] <k>=2.50, p=0.025253, px1=0.10, r_kk_obj=+0.00, r_kk_fin=+0.005, ρ_kx_obj=0.34, ρ_kx_fin=+0.346 -> frac=0.040 | t(attrs)=0.019s, t(frac)=0.000s
[2025-11-07T13:25:02-03:00] <k>=2.50, p=0.025253, px1=0.10, r_kk_obj=+0.00, r_kk_fin=+0.005, ρ_kx_obj=0.46, ρ_kx_fin=+0.465 -> frac=0.090 | t(attrs)=0.046s, t(frac)=0.000s
[2025-11-07T13:25:02-03:00] <k>=2.50, p=0.025253, px1=0.10, r_kk_obj=+0.00, r_kk_fin=+0.005, ρ_kx_obj=0.57, ρ_kx_fin=+0.565 -> frac=0.060 | t(attrs)=0.067s, t(frac)=0.000s
[2025-11-07T13:25:02-03:00] <k>=2.50, p=0.025253, px1=0.10, r_kk_obj=+0.00, r_kk_fin=+0.005, ρ_kx_obj=0.69, ρ_kx_fin=+0.605 -> frac=0.110 | t(attrs)=3.242s, t(frac)=0.000s
[2025-11-07T13:25:02-03:00] <k>=2.50, p=0.025253, px1=0.10, r_kk_obj=+0.00, r_kk_fin=+0.005, ρ_kx_obj=0.80, ρ_kx_fin=+0.605 -> frac=0.090 | t(attrs)=2.876s, t(frac)=0.000s
[2025-11-07T13:25:02-03:00] Curva lista: <k>=2.50, px1=0.10, r_kk_obj=+0.00, r_kk_fin=+0.005, p=0.025253, t_curva=6.27s (t_gen=0.00s, t_rew=0.00s, t_rho_total=6.26s; t_attrs=6.26s, t_frac=0.00s)
[2025-11-07T13:25:02-03:00] Generada red ER: N=100, <k>_obj=2.50, p=0.025253, L=123, tiempo=0.002s
[2025-11-07T13:25:02-03:00] Rewire r_kk: objetivo=+0.50, alcanzado=+0.511, |Δ|=0.011, iters=93, tiempo=0.151s
[2025-11-07T13:25:02-03:00] <k>=2.50, p=0.025253, px1=0.10, r_kk_obj=+0.50, r_kk_fin=+0.511, ρ_kx_obj=0.00, ρ_kx_fin=+0.008 -> frac=0.020 | t(attrs)=0.011s, t(frac)=0.000s
[2025-11-07T13:25:02-03:00] <k>=2.50, p=0.025253, px1=0.10, r_kk_obj=+0.50, r_kk_fin=+0.511, ρ_kx_obj=0.11, ρ_kx_fin=+0.107 -> frac=0.030 | t(attrs)=0.005s, t(frac)=0.000s
[2025-11-07T13:25:02-03:00] <k>=2.50, p=0.025253, px1=0.10, r_kk_obj=+0.50, r_kk_fin=+0.511, ρ_kx_obj=0.23, ρ_kx_fin=+0.227 -> frac=0.070 | t(attrs)=0.010s, t(frac)=0.000s
[2025-11-07T13:25:02-03:00] <k>=2.50, p=0.025253, px1=0.10, r_kk_obj=+0.50, r_kk_fin=+0.511, ρ_kx_obj=0.34, ρ_kx_fin=+0.346 -> frac=0.040 | t(attrs)=0.021s, t(frac)=0.000s
[2025-11-07T13:25:02-03:00] <k>=2.50, p=0.025253, px1=0.10, r_kk_obj=+0.50, r_kk_fin=+0.511, ρ_kx_obj=0.46, ρ_kx_fin=+0.465 -> frac=0.040 | t(attrs)=0.055s, t(frac)=0.000s
[2025-11-07T13:25:02-03:00] <k>=2.50, p=0.025253, px1=0.10, r_kk_obj=+0.50, r_kk_fin=+0.511, ρ_kx_obj=0.57, ρ_kx_fin=+0.565 -> frac=0.040 | t(attrs)=0.045s, t(frac)=0.000s
[2025-11-07T13:25:02-03:00] <k>=2.50, p=0.025253, px1=0.10, r_kk_obj=+0.50, r_kk_fin=+0.511, ρ_kx_obj=0.69, ρ_kx_fin=+0.605 -> frac=0.040 | t(attrs)=3.492s, t(frac)=0.000s
[2025-11-07T13:25:02-03:00] <k>=2.50, p=0.025253, px1=0.10, r_kk_obj=+0.50, r_kk_fin=+0.511, ρ_kx_obj=0.80, ρ_kx_fin=+0.605 -> frac=0.030 | t(attrs)=2.661s, t(frac)=0.000s
[2025-11-07T13:25:02-03:00] Curva lista: <k>=2.50, px1=0.10, r_kk_obj=+0.50, r_kk_fin=+0.511, p=0.025253, t_curva=6.46s (t_gen=0.00s, t_rew=0.15s, t_rho_total=6.30s; t_attrs=6.30s, t_frac=0.00s)
[2025-11-07T13:25:03-03:00] Generada red ER: N=100, <k>_obj=5.20, p=0.052525, L=269, tiempo=0.002s
[2025-11-07T13:25:03-03:00] Rewire r_kk: objetivo=-0.50, alcanzado=-0.485, |Δ|=0.015, iters=236, tiempo=0.368s
[2025-11-07T13:25:03-03:00] <k>=5.20, p=0.052525, px1=0.05, r_kk_obj=-0.50, r_kk_fin=-0.485, ρ_kx_obj=0.00, ρ_kx_fin=+0.002 -> frac=0.010 | t(attrs)=0.002s, t(frac)=0.000s
[2025-11-07T13:25:03-03:00] <k>=5.20, p=0.052525, px1=0.05, r_kk_obj=-0.50, r_kk_fin=-0.485, ρ_kx_obj=0.11, ρ_kx_fin=+0.119 -> frac=0.020 | t(attrs)=0.005s, t(frac)=0.000s
[2025-11-07T13:25:03-03:00] <k>=5.20, p=0.052525, px1=0.05, r_kk_obj=-0.50, r_kk_fin=-0.485, ρ_kx_obj=0.23, ρ_kx_fin=+0.236 -> frac=0.000 | t(attrs)=0.013s, t(frac)=0.000s
[2025-11-07T13:25:03-03:00] <k>=5.20, p=0.052525, px1=0.05, r_kk_obj=-0.50, r_kk_fin=-0.485, ρ_kx_obj=0.34, ρ_kx_fin=+0.334 -> frac=0.020 | t(attrs)=0.037s, t(frac)=0.000s
[2025-11-07T13:25:03-03:00] <k>=5.20, p=0.052525, px1=0.05, r_kk_obj=-0.50, r_kk_fin=-0.485, ρ_kx_obj=0.46, ρ_kx_fin=+0.451 -> frac=0.030 | t(attrs)=0.032s, t(frac)=0.000s
[2025-11-07T13:25:03-03:00] <k>=5.20, p=0.052525, px1=0.05, r_kk_obj=-0.50, r_kk_fin=-0.485, ρ_kx_obj=0.57, ρ_kx_fin=+0.510 -> frac=0.080 | t(attrs)=3.324s, t(frac)=0.000s
[2025-11-07T13:25:03-03:00] <k>=5.20, p=0.052525, px1=0.05, r_kk_obj=-0.50, r_kk_fin=-0.485, ρ_kx_obj=0.69, ρ_kx_fin=+0.510 -> frac=0.080 | t(attrs)=2.699s, t(frac)=0.000s
[2025-11-07T13:25:03-03:00] <k>=5.20, p=0.052525, px1=0.05, r_kk_obj=-0.50, r_kk_fin=-0.485, ρ_kx_obj=0.80, ρ_kx_fin=+0.510 -> frac=0.080 | t(attrs)=2.274s, t(frac)=0.000s
[2025-11-07T13:25:03-03:00] Curva lista: <k>=5.20, px1=0.05, r_kk_obj=-0.50, r_kk_fin=-0.485, p=0.052525, t_curva=8.76s (t_gen=0.00s, t_rew=0.37s, t_rho_total=8.39s; t_attrs=8.39s, t_frac=0.00s)
[2025-11-07T13:25:03-03:00] Generada red ER: N=100, <k>_obj=5.20, p=0.052525, L=269, tiempo=0.002s
[2025-11-07T13:25:03-03:00] Rewire r_kk: objetivo=+0.00, alcanzado=-0.001, |Δ|=0.001, iters=16, tiempo=0.031s
[2025-11-07T13:25:03-03:00] <k>=5.20, p=0.052525, px1=0.05, r_kk_obj=+0.00, r_kk_fin=-0.001, ρ_kx_obj=0.00, ρ_kx_fin=+0.002 -> frac=0.000 | t(attrs)=0.005s, t(frac)=0.000s
[2025-11-07T13:25:03-03:00] <k>=5.20, p=0.052525, px1=0.05, r_kk_obj=+0.00, r_kk_fin=-0.001, ρ_kx_obj=0.11, ρ_kx_fin=+0.119 -> frac=0.000 | t(attrs)=0.000s, t(frac)=0.000s
[2025-11-07T13:25:03-03:00] <k>=5.20, p=0.052525, px1=0.05, r_kk_obj=+0.00, r_kk_fin=-0.001, ρ_kx_obj=0.23, ρ_kx_fin=+0.236 -> frac=0.000 | t(attrs)=0.005s, t(frac)=0.000s
[2025-11-07T13:25:03-03:00] <k>=5.20, p=0.052525, px1=0.05, r_kk_obj=+0.00, r_kk_fin=-0.001, ρ_kx_obj=0.34, ρ_kx_fin=+0.334 -> frac=0.000 | t(attrs)=0.034s, t(frac)=0.000s
[2025-11-07T13:25:03-03:00] <k>=5.20, p=0.052525, px1=0.05, r_kk_obj=+0.00, r_kk_fin=-0.001, ρ_kx_obj=0.46, ρ_kx_fin=+0.451 -> frac=0.010 | t(attrs)=0.109s, t(frac)=0.000s
[2025-11-07T13:25:03-03:00] <k>=5.20, p=0.052525, px1=0.05, r_kk_obj=+0.00, r_kk_fin=-0.001, ρ_kx_obj=0.57, ρ_kx_fin=+0.510 -> frac=0.010 | t(attrs)=3.379s, t(frac)=0.000s
[2025-11-07T13:25:03-03:00] <k>=5.20, p=0.052525, px1=0.05, r_kk_obj=+0.00, r_kk_fin=-0.001, ρ_kx_obj=0.69, ρ_kx_fin=+0.510 -> frac=0.010 | t(attrs)=3.166s, t(frac)=0.000s
[2025-11-07T13:25:03-03:00] <k>=5.20, p=0.052525, px1=0.05, r_kk_obj=+0.00, r_kk_fin=-0.001, ρ_kx_obj=0.80, ρ_kx_fin=+0.510 -> frac=0.010 | t(attrs)=2.076s, t(frac)=0.000s
[2025-11-07T13:25:03-03:00] Curva lista: <k>=5.20, px1=0.05, r_kk_obj=+0.00, r_kk_fin=-0.001, p=0.052525, t_curva=8.81s (t_gen=0.00s, t_rew=0.03s, t_rho_total=8.78s; t_attrs=8.77s, t_frac=0.00s)
[2025-11-07T13:25:03-03:00] Generada red ER: N=100, <k>_obj=5.20, p=0.052525, L=269, tiempo=0.001s
[2025-11-07T13:25:03-03:00] Rewire r_kk: objetivo=+0.50, alcanzado=+0.486, |Δ|=0.014, iters=232, tiempo=0.403s
[2025-11-07T13:25:03-03:00] <k>=5.20, p=0.052525, px1=0.05, r_kk_obj=+0.50, r_kk_fin=+0.486, ρ_kx_obj=0.00, ρ_kx_fin=+0.002 -> frac=0.000 | t(attrs)=0.007s, t(frac)=0.000s
[2025-11-07T13:25:03-03:00] <k>=5.20, p=0.052525, px1=0.05, r_kk_obj=+0.50, r_kk_fin=+0.486, ρ_kx_obj=0.11, ρ_kx_fin=+0.119 -> frac=0.000 | t(attrs)=0.007s, t(frac)=0.000s
[2025-11-07T13:25:03-03:00] <k>=5.20, p=0.052525, px1=0.05, r_kk_obj=+0.50, r_kk_fin=+0.486, ρ_kx_obj=0.23, ρ_kx_fin=+0.236 -> frac=0.000 | t(attrs)=0.004s, t(frac)=0.000s
[2025-11-07T13:25:03-03:00] <k>=5.20, p=0.052525, px1=0.05, r_kk_obj=+0.50, r_kk_fin=+0.486, ρ_kx_obj=0.34, ρ_kx_fin=+0.334 -> frac=0.000 | t(attrs)=0.020s, t(frac)=0.000s
[2025-11-07T13:25:03-03:00] <k>=5.20, p=0.052525, px1=0.05, r_kk_obj=+0.50, r_kk_fin=+0.486, ρ_kx_obj=0.46, ρ_kx_fin=+0.451 -> frac=0.000 | t(attrs)=0.056s, t(frac)=0.000s
[2025-11-07T13:25:03-03:00] <k>=5.20, p=0.052525, px1=0.05, r_kk_obj=+0.50, r_kk_fin=+0.486, ρ_kx_obj=0.57, ρ_kx_fin=+0.510 -> frac=0.000 | t(attrs)=3.197s, t(frac)=0.000s
[2025-11-07T13:25:03-03:00] <k>=5.20, p=0.052525, px1=0.05, r_kk_obj=+0.50, r_kk_fin=+0.486, ρ_kx_obj=0.69, ρ_kx_fin=+0.510 -> frac=0.000 | t(attrs)=2.785s, t(frac)=0.000s
[2025-11-07T13:25:03-03:00] <k>=5.20, p=0.052525, px1=0.05, r_kk_obj=+0.50, r_kk_fin=+0.486, ρ_kx_obj=0.80, ρ_kx_fin=+0.510 -> frac=0.000 | t(attrs)=2.300s, t(frac)=0.000s
[2025-11-07T13:25:03-03:00] Curva lista: <k>=5.20, px1=0.05, r_kk_obj=+0.50, r_kk_fin=+0.486, p=0.052525, t_curva=8.79s (t_gen=0.00s, t_rew=0.40s, t_rho_total=8.38s; t_attrs=8.38s, t_frac=0.00s)
[2025-11-07T13:25:05-03:00] Generada red ER: N=100, <k>_obj=2.50, p=0.025253, L=123, tiempo=0.002s
[2025-11-07T13:25:05-03:00] Rewire r_kk: objetivo=+0.50, alcanzado=+0.511, |Δ|=0.011, iters=93, tiempo=0.204s
[2025-11-07T13:25:05-03:00] <k>=2.50, p=0.025253, px1=0.05, r_kk_obj=+0.50, r_kk_fin=+0.511, ρ_kx_obj=0.00, ρ_kx_fin=-0.008 -> frac=0.020 | t(attrs)=0.008s, t(frac)=0.000s
[2025-11-07T13:25:05-03:00] <k>=2.50, p=0.025253, px1=0.05, r_kk_obj=+0.50, r_kk_fin=+0.511, ρ_kx_obj=0.11, ρ_kx_fin=+0.101 -> frac=0.000 | t(attrs)=3.395s, t(frac)=0.000s
[2025-11-07T13:25:05-03:00] <k>=2.50, p=0.025253, px1=0.05, r_kk_obj=+0.50, r_kk_fin=+0.511, ρ_kx_obj=0.23, ρ_kx_fin=+0.238 -> frac=0.020 | t(attrs)=0.004s, t(frac)=0.000s
[2025-11-07T13:25:05-03:00] <k>=2.50, p=0.025253, px1=0.05, r_kk_obj=+0.50, r_kk_fin=+0.511, ρ_kx_obj=0.34, ρ_kx_fin=+0.348 -> frac=0.000 | t(attrs)=0.009s, t(frac)=0.000s
[2025-11-07T13:25:05-03:00] <k>=2.50, p=0.025253, px1=0.05, r_kk_obj=+0.50, r_kk_fin=+0.511, ρ_kx_obj=0.46, ρ_kx_fin=+0.457 -> frac=0.000 | t(attrs)=0.051s, t(frac)=0.000s
[2025-11-07T13:25:05-03:00] <k>=2.50, p=0.025253, px1=0.05, r_kk_obj=+0.50, r_kk_fin=+0.511, ρ_kx_obj=0.57, ρ_kx_fin=+0.485 -> frac=0.000 | t(attrs)=2.630s, t(frac)=0.000s
[2025-11-07T13:25:05-03:00] <k>=2.50, p=0.025253, px1=0.05, r_kk_obj=+0.50, r_kk_fin=+0.511, ρ_kx_obj=0.69, ρ_kx_fin=+0.485 -> frac=0.000 | t(attrs)=1.864s, t(frac)=0.000s
[2025-11-07T13:25:05-03:00] <k>=2.50, p=0.025253, px1=0.05, r_kk_obj=+0.50, r_kk_fin=+0.511, ρ_kx_obj=0.80, ρ_kx_fin=+0.485 -> frac=0.000 | t(attrs)=1.695s, t(frac)=0.000s
[2025-11-07T13:25:05-03:00] Curva lista: <k>=2.50, px1=0.05, r_kk_obj=+0.50, r_kk_fin=+0.511, p=0.025253, t_curva=9.87s (t_gen=0.00s, t_rew=0.20s, t_rho_total=9.66s; t_attrs=9.66s, t_frac=0.00s)
[2025-11-07T13:25:06-03:00] Generada red ER: N=100, <k>_obj=2.50, p=0.025253, L=123, tiempo=0.002s
[2025-11-07T13:25:06-03:00] Rewire r_kk: objetivo=+0.00, alcanzado=+0.005, |Δ|=0.005, iters=0, tiempo=0.002s
[2025-11-07T13:25:06-03:00] <k>=2.50, p=0.025253, px1=0.05, r_kk_obj=+0.00, r_kk_fin=+0.005, ρ_kx_obj=0.00, ρ_kx_fin=-0.008 -> frac=0.010 | t(attrs)=0.008s, t(frac)=0.001s
[2025-11-07T13:25:06-03:00] <k>=2.50, p=0.025253, px1=0.05, r_kk_obj=+0.00, r_kk_fin=+0.005, ρ_kx_obj=0.11, ρ_kx_fin=+0.101 -> frac=0.020 | t(attrs)=3.413s, t(frac)=0.000s
[2025-11-07T13:25:06-03:00] <k>=2.50, p=0.025253, px1=0.05, r_kk_obj=+0.00, r_kk_fin=+0.005, ρ_kx_obj=0.23, ρ_kx_fin=+0.238 -> frac=0.030 | t(attrs)=0.007s, t(frac)=0.000s
[2025-11-07T13:25:06-03:00] <k>=2.50, p=0.025253, px1=0.05, r_kk_obj=+0.00, r_kk_fin=+0.005, ρ_kx_obj=0.34, ρ_kx_fin=+0.348 -> frac=0.010 | t(attrs)=0.013s, t(frac)=0.000s
[2025-11-07T13:25:06-03:00] <k>=2.50, p=0.025253, px1=0.05, r_kk_obj=+0.00, r_kk_fin=+0.005, ρ_kx_obj=0.46, ρ_kx_fin=+0.457 -> frac=0.070 | t(attrs)=0.021s, t(frac)=0.000s
[2025-11-07T13:25:06-03:00] <k>=2.50, p=0.025253, px1=0.05, r_kk_obj=+0.00, r_kk_fin=+0.005, ρ_kx_obj=0.57, ρ_kx_fin=+0.485 -> frac=0.050 | t(attrs)=2.703s, t(frac)=0.000s
[2025-11-07T13:25:06-03:00] <k>=2.50, p=0.025253, px1=0.05, r_kk_obj=+0.00, r_kk_fin=+0.005, ρ_kx_obj=0.69, ρ_kx_fin=+0.485 -> frac=0.050 | t(attrs)=2.079s, t(frac)=0.000s
[2025-11-07T13:25:06-03:00] <k>=2.50, p=0.025253, px1=0.05, r_kk_obj=+0.00, r_kk_fin=+0.005, ρ_kx_obj=0.80, ρ_kx_fin=+0.485 -> frac=0.050 | t(attrs)=1.760s, t(frac)=0.000s
[2025-11-07T13:25:06-03:00] Curva lista: <k>=2.50, px1=0.05, r_kk_obj=+0.00, r_kk_fin=+0.005, p=0.025253, t_curva=10.01s (t_gen=0.00s, t_rew=0.00s, t_rho_total=10.01s; t_attrs=10.00s, t_frac=0.00s)
[2025-11-07T13:25:06-03:00] Generada red ER: N=100, <k>_obj=2.50, p=0.025253, L=123, tiempo=0.002s
[2025-11-07T13:25:06-03:00] Rewire r_kk: objetivo=-0.50, alcanzado=-0.490, |Δ|=0.010, iters=151, tiempo=0.319s
[2025-11-07T13:25:06-03:00] <k>=2.50, p=0.025253, px1=0.05, r_kk_obj=-0.50, r_kk_fin=-0.490, ρ_kx_obj=0.00, ρ_kx_fin=-0.008 -> frac=0.000 | t(attrs)=0.008s, t(frac)=0.000s
[2025-11-07T13:25:06-03:00] <k>=2.50, p=0.025253, px1=0.05, r_kk_obj=-0.50, r_kk_fin=-0.490, ρ_kx_obj=0.11, ρ_kx_fin=+0.101 -> frac=0.000 | t(attrs)=3.400s, t(frac)=0.000s
[2025-11-07T13:25:06-03:00] <k>=2.50, p=0.025253, px1=0.05, r_kk_obj=-0.50, r_kk_fin=-0.490, ρ_kx_obj=0.23, ρ_kx_fin=+0.238 -> frac=0.050 | t(attrs)=0.003s, t(frac)=0.000s
[2025-11-07T13:25:06-03:00] <k>=2.50, p=0.025253, px1=0.05, r_kk_obj=-0.50, r_kk_fin=-0.490, ρ_kx_obj=0.34, ρ_kx_fin=+0.348 -> frac=0.070 | t(attrs)=0.016s, t(frac)=0.000s
[2025-11-07T13:25:06-03:00] <k>=2.50, p=0.025253, px1=0.05, r_kk_obj=-0.50, r_kk_fin=-0.490, ρ_kx_obj=0.46, ρ_kx_fin=+0.457 -> frac=0.120 | t(attrs)=0.017s, t(frac)=0.000s
[2025-11-07T13:25:06-03:00] <k>=2.50, p=0.025253, px1=0.05, r_kk_obj=-0.50, r_kk_fin=-0.490, ρ_kx_obj=0.57, ρ_kx_fin=+0.485 -> frac=0.150 | t(attrs)=2.595s, t(frac)=0.000s
[2025-11-07T13:25:06-03:00] <k>=2.50, p=0.025253, px1=0.05, r_kk_obj=-0.50, r_kk_fin=-0.490, ρ_kx_obj=0.69, ρ_kx_fin=+0.485 -> frac=0.150 | t(attrs)=2.088s, t(frac)=0.000s
[2025-11-07T13:25:06-03:00] <k>=2.50, p=0.025253, px1=0.05, r_kk_obj=-0.50, r_kk_fin=-0.490, ρ_kx_obj=0.80, ρ_kx_fin=+0.485 -> frac=0.150 | t(attrs)=1.725s, t(frac)=0.000s
[2025-11-07T13:25:06-03:00] Curva lista: <k>=2.50, px1=0.05, r_kk_obj=-0.50, r_kk_fin=-0.490, p=0.025253, t_curva=10.18s (t_gen=0.00s, t_rew=0.32s, t_rho_total=9.85s; t_attrs=9.85s, t_frac=0.00s)
[2025-11-07T13:25:06-03:00] Generando figura...
[2025-11-07T13:25:07-03:00] Figuras guardadas en: run-e2r\251107132451_N100\fig3_ER.png y run-e2r\251107132451_N100\fig3_ER.pdf
[2025-11-07T13:25:07-03:00] Fin experimento Fig3-ER | tiempo total=15.92s (~0.27 min) | carpeta=run-e2r\251107132451_N100
