[2025-11-07T09:16:54-03:00] Inicio experimento Fig3-ER (paralelo por hilos) | carpeta=run-e2r\N1000_251107-091654
[2025-11-07T09:16:54-03:00] Hilos: deseado=8, usados=8, cpu_count=22
[2025-11-07T09:16:54-03:00] Parámetros: N=1000, <k>=[5.2, 2.5], px1=[0.05, 0.1, 0.2], r_kk=[-0.5, 0.0, 0.5], ρ_kx=[np.float64(0.0), np.float64(0.07), np.float64(0.13), np.float64(0.2), np.float64(0.27), np.float64(0.33), np.float64(0.4), np.float64(0.47), np.float64(0.53), np.float64(0.6)], seed=12021974
[2025-11-07T09:16:54-03:00] Generada red ER: N=1000, <k>_obj=5.20, p=0.005205, L=2603, tiempo=0.032s
[2025-11-07T09:17:05-03:00] Rewire r_kk: objetivo=-0.50, alcanzado=-0.220, |Δ|=0.280, iters=1000, tiempo=11.122s
[2025-11-07T09:17:05-03:00] <k>=5.20, p=0.005205, px1=0.05, r_kk_obj=-0.50, r_kk_fin=-0.220, ρ_kx_obj=0.00, ρ_kx_fin=+0.010 -> frac=0.004 | t(attrs)=0.001s, t(frac)=0.002s
[2025-11-07T09:17:05-03:00] <k>=5.20, p=0.005205, px1=0.05, r_kk_obj=-0.50, r_kk_fin=-0.220, ρ_kx_obj=0.07, ρ_kx_fin=+0.063 -> frac=0.005 | t(attrs)=0.055s, t(frac)=0.002s
[2025-11-07T09:17:05-03:00] <k>=5.20, p=0.005205, px1=0.05, r_kk_obj=-0.50, r_kk_fin=-0.220, ρ_kx_obj=0.13, ρ_kx_fin=+0.128 -> frac=0.003 | t(attrs)=0.111s, t(frac)=0.002s
[2025-11-07T09:17:05-03:00] <k>=5.20, p=0.005205, px1=0.05, r_kk_obj=-0.50, r_kk_fin=-0.220, ρ_kx_obj=0.20, ρ_kx_fin=+0.191 -> frac=0.007 | t(attrs)=0.156s, t(frac)=0.002s
[2025-11-07T09:17:06-03:00] <k>=5.20, p=0.005205, px1=0.05, r_kk_obj=-0.50, r_kk_fin=-0.220, ρ_kx_obj=0.27, ρ_kx_fin=+0.266 -> frac=0.011 | t(attrs)=0.444s, t(frac)=0.002s
[2025-11-07T09:17:06-03:00] <k>=5.20, p=0.005205, px1=0.05, r_kk_obj=-0.50, r_kk_fin=-0.220, ρ_kx_obj=0.33, ρ_kx_fin=+0.330 -> frac=0.011 | t(attrs)=0.815s, t(frac)=0.002s
[2025-11-07T09:17:06-03:00] <k>=5.20, p=0.005205, px1=0.05, r_kk_obj=-0.50, r_kk_fin=-0.220, ρ_kx_obj=0.40, ρ_kx_fin=+0.391 -> frac=0.013 | t(attrs)=1.103s, t(frac)=0.002s
[2025-11-07T09:17:07-03:00] <k>=5.20, p=0.005205, px1=0.05, r_kk_obj=-0.50, r_kk_fin=-0.220, ρ_kx_obj=0.60, ρ_kx_fin=+0.440 -> frac=0.008 | t(attrs)=1.365s, t(frac)=0.002s
[2025-11-07T09:17:07-03:00] <k>=5.20, p=0.005205, px1=0.05, r_kk_obj=-0.50, r_kk_fin=-0.220, ρ_kx_obj=0.47, ρ_kx_fin=+0.440 -> frac=0.018 | t(attrs)=1.424s, t(frac)=0.002s
[2025-11-07T09:17:07-03:00] <k>=5.20, p=0.005205, px1=0.05, r_kk_obj=-0.50, r_kk_fin=-0.220, ρ_kx_obj=0.53, ρ_kx_fin=+0.460 -> frac=0.019 | t(attrs)=1.443s, t(frac)=0.002s
[2025-11-07T09:17:07-03:00] Rewire r_kk: objetivo=+0.00, alcanzado=-0.001, |Δ|=0.001, iters=0, tiempo=0.007s
[2025-11-07T09:17:07-03:00] <k>=5.20, p=0.005205, px1=0.05, r_kk_obj=+0.00, r_kk_fin=-0.001, ρ_kx_obj=0.00, ρ_kx_fin=-0.009 -> frac=0.001 | t(attrs)=0.049s, t(frac)=0.002s
[2025-11-07T09:17:07-03:00] <k>=5.20, p=0.005205, px1=0.05, r_kk_obj=+0.00, r_kk_fin=-0.001, ρ_kx_obj=0.07, ρ_kx_fin=+0.058 -> frac=0.005 | t(attrs)=0.114s, t(frac)=0.002s
[2025-11-07T09:17:07-03:00] <k>=5.20, p=0.005205, px1=0.05, r_kk_obj=+0.00, r_kk_fin=-0.001, ρ_kx_obj=0.13, ρ_kx_fin=+0.126 -> frac=0.002 | t(attrs)=0.136s, t(frac)=0.002s
[2025-11-07T09:17:07-03:00] <k>=5.20, p=0.005205, px1=0.05, r_kk_obj=+0.00, r_kk_fin=-0.001, ρ_kx_obj=0.20, ρ_kx_fin=+0.191 -> frac=0.004 | t(attrs)=0.327s, t(frac)=0.002s
[2025-11-07T09:17:07-03:00] <k>=5.20, p=0.005205, px1=0.05, r_kk_obj=+0.00, r_kk_fin=-0.001, ρ_kx_obj=0.27, ρ_kx_fin=+0.262 -> frac=0.008 | t(attrs)=0.383s, t(frac)=0.002s
[2025-11-07T09:17:07-03:00] <k>=5.20, p=0.005205, px1=0.05, r_kk_obj=+0.00, r_kk_fin=-0.001, ρ_kx_obj=0.33, ρ_kx_fin=+0.325 -> frac=0.006 | t(attrs)=0.705s, t(frac)=0.002s
[2025-11-07T09:17:08-03:00] <k>=5.20, p=0.005205, px1=0.05, r_kk_obj=+0.00, r_kk_fin=-0.001, ρ_kx_obj=0.40, ρ_kx_fin=+0.391 -> frac=0.009 | t(attrs)=1.003s, t(frac)=0.002s
[2025-11-07T09:17:08-03:00] <k>=5.20, p=0.005205, px1=0.05, r_kk_obj=+0.00, r_kk_fin=-0.001, ρ_kx_obj=0.47, ρ_kx_fin=+0.438 -> frac=0.008 | t(attrs)=1.380s, t(frac)=0.002s
[2025-11-07T09:17:08-03:00] <k>=5.20, p=0.005205, px1=0.05, r_kk_obj=+0.00, r_kk_fin=-0.001, ρ_kx_obj=0.53, ρ_kx_fin=+0.407 -> frac=0.010 | t(attrs)=1.370s, t(frac)=0.002s
[2025-11-07T09:17:08-03:00] <k>=5.20, p=0.005205, px1=0.05, r_kk_obj=+0.00, r_kk_fin=-0.001, ρ_kx_obj=0.60, ρ_kx_fin=+0.442 -> frac=0.007 | t(attrs)=1.309s, t(frac)=0.002s
[2025-11-07T09:17:18-03:00] Rewire r_kk: objetivo=+0.50, alcanzado=+0.260, |Δ|=0.240, iters=1000, tiempo=10.148s
[2025-11-07T09:17:18-03:00] <k>=5.20, p=0.005205, px1=0.05, r_kk_obj=+0.50, r_kk_fin=+0.260, ρ_kx_obj=0.00, ρ_kx_fin=+0.006 -> frac=0.003 | t(attrs)=0.001s, t(frac)=0.002s
[2025-11-07T09:17:18-03:00] <k>=5.20, p=0.005205, px1=0.05, r_kk_obj=+0.50, r_kk_fin=+0.260, ρ_kx_obj=0.07, ρ_kx_fin=+0.065 -> frac=0.001 | t(attrs)=0.098s, t(frac)=0.002s
[2025-11-07T09:17:18-03:00] <k>=5.20, p=0.005205, px1=0.05, r_kk_obj=+0.50, r_kk_fin=+0.260, ρ_kx_obj=0.13, ρ_kx_fin=+0.130 -> frac=0.002 | t(attrs)=0.147s, t(frac)=0.002s
[2025-11-07T09:17:18-03:00] <k>=5.20, p=0.005205, px1=0.05, r_kk_obj=+0.50, r_kk_fin=+0.260, ρ_kx_obj=0.20, ρ_kx_fin=+0.191 -> frac=0.003 | t(attrs)=0.229s, t(frac)=0.002s
[2025-11-07T09:17:19-03:00] <k>=5.20, p=0.005205, px1=0.05, r_kk_obj=+0.50, r_kk_fin=+0.260, ρ_kx_obj=0.27, ρ_kx_fin=+0.258 -> frac=0.002 | t(attrs)=0.388s, t(frac)=0.002s
[2025-11-07T09:17:19-03:00] <k>=5.20, p=0.005205, px1=0.05, r_kk_obj=+0.50, r_kk_fin=+0.260, ρ_kx_obj=0.33, ρ_kx_fin=+0.327 -> frac=0.006 | t(attrs)=0.640s, t(frac)=0.002s
[2025-11-07T09:17:19-03:00] <k>=5.20, p=0.005205, px1=0.05, r_kk_obj=+0.50, r_kk_fin=+0.260, ρ_kx_obj=0.40, ρ_kx_fin=+0.395 -> frac=0.003 | t(attrs)=1.188s, t(frac)=0.002s
[2025-11-07T09:17:20-03:00] <k>=5.20, p=0.005205, px1=0.05, r_kk_obj=+0.50, r_kk_fin=+0.260, ρ_kx_obj=0.53, ρ_kx_fin=+0.438 -> frac=0.004 | t(attrs)=1.407s, t(frac)=0.002s
[2025-11-07T09:17:20-03:00] <k>=5.20, p=0.005205, px1=0.05, r_kk_obj=+0.50, r_kk_fin=+0.260, ρ_kx_obj=0.47, ρ_kx_fin=+0.460 -> frac=0.006 | t(attrs)=1.421s, t(frac)=0.002s
[2025-11-07T09:17:20-03:00] <k>=5.20, p=0.005205, px1=0.05, r_kk_obj=+0.50, r_kk_fin=+0.260, ρ_kx_obj=0.60, ρ_kx_fin=+0.399 -> frac=0.005 | t(attrs)=1.332s, t(frac)=0.002s
[2025-11-07T09:17:30-03:00] Rewire r_kk: objetivo=-0.50, alcanzado=-0.220, |Δ|=0.280, iters=1000, tiempo=10.436s
[2025-11-07T09:17:30-03:00] <k>=5.20, p=0.005205, px1=0.10, r_kk_obj=-0.50, r_kk_fin=-0.220, ρ_kx_obj=0.00, ρ_kx_fin=+0.007 -> frac=0.013 | t(attrs)=0.003s, t(frac)=0.002s
[2025-11-07T09:17:30-03:00] <k>=5.20, p=0.005205, px1=0.10, r_kk_obj=-0.50, r_kk_fin=-0.220, ρ_kx_obj=0.07, ρ_kx_fin=+0.057 -> frac=0.016 | t(attrs)=0.081s, t(frac)=0.002s
[2025-11-07T09:17:30-03:00] <k>=5.20, p=0.005205, px1=0.10, r_kk_obj=-0.50, r_kk_fin=-0.220, ρ_kx_obj=0.13, ρ_kx_fin=+0.123 -> frac=0.015 | t(attrs)=0.210s, t(frac)=0.002s
[2025-11-07T09:17:31-03:00] <k>=5.20, p=0.005205, px1=0.10, r_kk_obj=-0.50, r_kk_fin=-0.220, ρ_kx_obj=0.27, ρ_kx_fin=+0.258 -> frac=0.020 | t(attrs)=0.534s, t(frac)=0.002s
[2025-11-07T09:17:31-03:00] <k>=5.20, p=0.005205, px1=0.10, r_kk_obj=-0.50, r_kk_fin=-0.220, ρ_kx_obj=0.20, ρ_kx_fin=+0.192 -> frac=0.016 | t(attrs)=0.548s, t(frac)=0.002s
[2025-11-07T09:17:31-03:00] <k>=5.20, p=0.005205, px1=0.10, r_kk_obj=-0.50, r_kk_fin=-0.220, ρ_kx_obj=0.33, ρ_kx_fin=+0.331 -> frac=0.036 | t(attrs)=0.782s, t(frac)=0.002s
[2025-11-07T09:17:31-03:00] <k>=5.20, p=0.005205, px1=0.10, r_kk_obj=-0.50, r_kk_fin=-0.220, ρ_kx_obj=0.40, ρ_kx_fin=+0.391 -> frac=0.037 | t(attrs)=1.083s, t(frac)=0.002s
[2025-11-07T09:17:31-03:00] <k>=5.20, p=0.005205, px1=0.10, r_kk_obj=-0.50, r_kk_fin=-0.220, ρ_kx_obj=0.47, ρ_kx_fin=+0.460 -> frac=0.040 | t(attrs)=1.112s, t(frac)=0.002s
[2025-11-07T09:17:31-03:00] <k>=5.20, p=0.005205, px1=0.10, r_kk_obj=-0.50, r_kk_fin=-0.220, ρ_kx_obj=0.53, ρ_kx_fin=+0.494 -> frac=0.045 | t(attrs)=1.320s, t(frac)=0.002s
[2025-11-07T09:17:31-03:00] <k>=5.20, p=0.005205, px1=0.10, r_kk_obj=-0.50, r_kk_fin=-0.220, ρ_kx_obj=0.60, ρ_kx_fin=+0.498 -> frac=0.055 | t(attrs)=1.251s, t(frac)=0.002s
[2025-11-07T09:17:31-03:00] Rewire r_kk: objetivo=+0.00, alcanzado=-0.001, |Δ|=0.001, iters=0, tiempo=0.006s
[2025-11-07T09:17:32-03:00] <k>=5.20, p=0.005205, px1=0.10, r_kk_obj=+0.00, r_kk_fin=-0.001, ρ_kx_obj=0.00, ρ_kx_fin=-0.008 -> frac=0.007 | t(attrs)=0.067s, t(frac)=0.003s
[2025-11-07T09:17:32-03:00] <k>=5.20, p=0.005205, px1=0.10, r_kk_obj=+0.00, r_kk_fin=-0.001, ρ_kx_obj=0.07, ρ_kx_fin=+0.057 -> frac=0.016 | t(attrs)=0.110s, t(frac)=0.003s
[2025-11-07T09:17:32-03:00] <k>=5.20, p=0.005205, px1=0.10, r_kk_obj=+0.00, r_kk_fin=-0.001, ρ_kx_obj=0.20, ρ_kx_fin=+0.192 -> frac=0.015 | t(attrs)=0.352s, t(frac)=0.002s
[2025-11-07T09:17:32-03:00] <k>=5.20, p=0.005205, px1=0.10, r_kk_obj=+0.00, r_kk_fin=-0.001, ρ_kx_obj=0.13, ρ_kx_fin=+0.123 -> frac=0.012 | t(attrs)=0.437s, t(frac)=0.002s
[2025-11-07T09:17:32-03:00] <k>=5.20, p=0.005205, px1=0.10, r_kk_obj=+0.00, r_kk_fin=-0.001, ρ_kx_obj=0.27, ρ_kx_fin=+0.261 -> frac=0.020 | t(attrs)=0.549s, t(frac)=0.002s
[2025-11-07T09:17:32-03:00] <k>=5.20, p=0.005205, px1=0.10, r_kk_obj=+0.00, r_kk_fin=-0.001, ρ_kx_obj=0.33, ρ_kx_fin=+0.325 -> frac=0.022 | t(attrs)=0.823s, t(frac)=0.002s
[2025-11-07T09:17:32-03:00] <k>=5.20, p=0.005205, px1=0.10, r_kk_obj=+0.00, r_kk_fin=-0.001, ρ_kx_obj=0.40, ρ_kx_fin=+0.394 -> frac=0.023 | t(attrs)=0.959s, t(frac)=0.002s
[2025-11-07T09:17:33-03:00] <k>=5.20, p=0.005205, px1=0.10, r_kk_obj=+0.00, r_kk_fin=-0.001, ρ_kx_obj=0.47, ρ_kx_fin=+0.460 -> frac=0.031 | t(attrs)=1.202s, t(frac)=0.002s
[2025-11-07T09:17:33-03:00] <k>=5.20, p=0.005205, px1=0.10, r_kk_obj=+0.00, r_kk_fin=-0.001, ρ_kx_obj=0.60, ρ_kx_fin=+0.492 -> frac=0.022 | t(attrs)=1.261s, t(frac)=0.002s
[2025-11-07T09:17:33-03:00] <k>=5.20, p=0.005205, px1=0.10, r_kk_obj=+0.00, r_kk_fin=-0.001, ρ_kx_obj=0.53, ρ_kx_fin=+0.522 -> frac=0.022 | t(attrs)=1.306s, t(frac)=0.002s
[2025-11-07T09:17:43-03:00] Rewire r_kk: objetivo=+0.50, alcanzado=+0.260, |Δ|=0.240, iters=1000, tiempo=10.576s
[2025-11-07T09:17:43-03:00] <k>=5.20, p=0.005205, px1=0.10, r_kk_obj=+0.50, r_kk_fin=+0.260, ρ_kx_obj=0.00, ρ_kx_fin=-0.007 -> frac=0.014 | t(attrs)=0.001s, t(frac)=0.002s
[2025-11-07T09:17:44-03:00] <k>=5.20, p=0.005205, px1=0.10, r_kk_obj=+0.50, r_kk_fin=+0.260, ρ_kx_obj=0.07, ρ_kx_fin=+0.061 -> frac=0.011 | t(attrs)=0.194s, t(frac)=0.003s
[2025-11-07T09:17:44-03:00] <k>=5.20, p=0.005205, px1=0.10, r_kk_obj=+0.50, r_kk_fin=+0.260, ρ_kx_obj=0.13, ρ_kx_fin=+0.128 -> frac=0.014 | t(attrs)=0.203s, t(frac)=0.002s
[2025-11-07T09:17:44-03:00] <k>=5.20, p=0.005205, px1=0.10, r_kk_obj=+0.50, r_kk_fin=+0.260, ρ_kx_obj=0.20, ρ_kx_fin=+0.195 -> frac=0.012 | t(attrs)=0.510s, t(frac)=0.003s
[2025-11-07T09:17:44-03:00] <k>=5.20, p=0.005205, px1=0.10, r_kk_obj=+0.50, r_kk_fin=+0.260, ρ_kx_obj=0.27, ρ_kx_fin=+0.263 -> frac=0.014 | t(attrs)=0.679s, t(frac)=0.002s
[2025-11-07T09:17:44-03:00] <k>=5.20, p=0.005205, px1=0.10, r_kk_obj=+0.50, r_kk_fin=+0.260, ρ_kx_obj=0.33, ρ_kx_fin=+0.325 -> frac=0.017 | t(attrs)=0.877s, t(frac)=0.002s
[2025-11-07T09:17:44-03:00] <k>=5.20, p=0.005205, px1=0.10, r_kk_obj=+0.50, r_kk_fin=+0.260, ρ_kx_obj=0.40, ρ_kx_fin=+0.393 -> frac=0.017 | t(attrs)=1.072s, t(frac)=0.003s
[2025-11-07T09:17:45-03:00] <k>=5.20, p=0.005205, px1=0.10, r_kk_obj=+0.50, r_kk_fin=+0.260, ρ_kx_obj=0.47, ρ_kx_fin=+0.458 -> frac=0.017 | t(attrs)=1.337s, t(frac)=0.005s
[2025-11-07T09:17:45-03:00] <k>=5.20, p=0.005205, px1=0.10, r_kk_obj=+0.50, r_kk_fin=+0.260, ρ_kx_obj=0.53, ρ_kx_fin=+0.497 -> frac=0.021 | t(attrs)=1.586s, t(frac)=0.002s
[2025-11-07T09:17:45-03:00] <k>=5.20, p=0.005205, px1=0.10, r_kk_obj=+0.50, r_kk_fin=+0.260, ρ_kx_obj=0.60, ρ_kx_fin=+0.504 -> frac=0.020 | t(attrs)=1.389s, t(frac)=0.002s
[2025-11-07T09:17:56-03:00] Rewire r_kk: objetivo=-0.50, alcanzado=-0.220, |Δ|=0.280, iters=1000, tiempo=11.417s
[2025-11-07T09:17:56-03:00] <k>=5.20, p=0.005205, px1=0.20, r_kk_obj=-0.50, r_kk_fin=-0.220, ρ_kx_obj=0.00, ρ_kx_fin=-0.009 -> frac=0.037 | t(attrs)=0.001s, t(frac)=0.001s
[2025-11-07T09:17:57-03:00] <k>=5.20, p=0.005205, px1=0.20, r_kk_obj=-0.50, r_kk_fin=-0.220, ρ_kx_obj=0.07, ρ_kx_fin=+0.061 -> frac=0.048 | t(attrs)=0.173s, t(frac)=0.003s
[2025-11-07T09:17:57-03:00] <k>=5.20, p=0.005205, px1=0.20, r_kk_obj=-0.50, r_kk_fin=-0.220, ρ_kx_obj=0.13, ρ_kx_fin=+0.124 -> frac=0.074 | t(attrs)=0.414s, t(frac)=0.002s
[2025-11-07T09:17:57-03:00] <k>=5.20, p=0.005205, px1=0.20, r_kk_obj=-0.50, r_kk_fin=-0.220, ρ_kx_obj=0.20, ρ_kx_fin=+0.192 -> frac=0.081 | t(attrs)=0.425s, t(frac)=0.002s
[2025-11-07T09:17:57-03:00] <k>=5.20, p=0.005205, px1=0.20, r_kk_obj=-0.50, r_kk_fin=-0.220, ρ_kx_obj=0.27, ρ_kx_fin=+0.258 -> frac=0.071 | t(attrs)=0.645s, t(frac)=0.005s
[2025-11-07T09:17:58-03:00] <k>=5.20, p=0.005205, px1=0.20, r_kk_obj=-0.50, r_kk_fin=-0.220, ρ_kx_obj=0.33, ρ_kx_fin=+0.324 -> frac=0.101 | t(attrs)=1.232s, t(frac)=0.002s
[2025-11-07T09:17:58-03:00] <k>=5.20, p=0.005205, px1=0.20, r_kk_obj=-0.50, r_kk_fin=-0.220, ρ_kx_obj=0.40, ρ_kx_fin=+0.392 -> frac=0.117 | t(attrs)=1.479s, t(frac)=0.003s
[2025-11-07T09:17:58-03:00] <k>=5.20, p=0.005205, px1=0.20, r_kk_obj=-0.50, r_kk_fin=-0.220, ρ_kx_obj=0.47, ρ_kx_fin=+0.457 -> frac=0.129 | t(attrs)=1.769s, t(frac)=0.002s
[2025-11-07T09:17:58-03:00] <k>=5.20, p=0.005205, px1=0.20, r_kk_obj=-0.50, r_kk_fin=-0.220, ρ_kx_obj=0.53, ρ_kx_fin=+0.523 -> frac=0.157 | t(attrs)=1.965s, t(frac)=0.003s
[2025-11-07T09:17:58-03:00] <k>=5.20, p=0.005205, px1=0.20, r_kk_obj=-0.50, r_kk_fin=-0.220, ρ_kx_obj=0.60, ρ_kx_fin=+0.514 -> frac=0.132 | t(attrs)=1.796s, t(frac)=0.002s
[2025-11-07T09:17:58-03:00] Rewire r_kk: objetivo=+0.00, alcanzado=-0.001, |Δ|=0.001, iters=0, tiempo=0.007s
[2025-11-07T09:17:59-03:00] <k>=5.20, p=0.005205, px1=0.20, r_kk_obj=+0.00, r_kk_fin=-0.001, ρ_kx_obj=0.00, ρ_kx_fin=-0.008 -> frac=0.043 | t(attrs)=0.039s, t(frac)=0.002s
[2025-11-07T09:17:59-03:00] <k>=5.20, p=0.005205, px1=0.20, r_kk_obj=+0.00, r_kk_fin=-0.001, ρ_kx_obj=0.07, ρ_kx_fin=+0.059 -> frac=0.058 | t(attrs)=0.124s, t(frac)=0.002s
[2025-11-07T09:17:59-03:00] <k>=5.20, p=0.005205, px1=0.20, r_kk_obj=+0.00, r_kk_fin=-0.001, ρ_kx_obj=0.13, ρ_kx_fin=+0.127 -> frac=0.064 | t(attrs)=0.275s, t(frac)=0.001s
[2025-11-07T09:17:59-03:00] <k>=5.20, p=0.005205, px1=0.20, r_kk_obj=+0.00, r_kk_fin=-0.001, ρ_kx_obj=0.20, ρ_kx_fin=+0.193 -> frac=0.070 | t(attrs)=0.447s, t(frac)=0.002s
[2025-11-07T09:17:59-03:00] <k>=5.20, p=0.005205, px1=0.20, r_kk_obj=+0.00, r_kk_fin=-0.001, ρ_kx_obj=0.27, ρ_kx_fin=+0.258 -> frac=0.093 | t(attrs)=0.536s, t(frac)=0.002s
[2025-11-07T09:17:59-03:00] <k>=5.20, p=0.005205, px1=0.20, r_kk_obj=+0.00, r_kk_fin=-0.001, ρ_kx_obj=0.33, ρ_kx_fin=+0.326 -> frac=0.086 | t(attrs)=0.977s, t(frac)=0.002s
[2025-11-07T09:18:00-03:00] <k>=5.20, p=0.005205, px1=0.20, r_kk_obj=+0.00, r_kk_fin=-0.001, ρ_kx_obj=0.40, ρ_kx_fin=+0.393 -> frac=0.095 | t(attrs)=1.141s, t(frac)=0.002s
[2025-11-07T09:18:00-03:00] <k>=5.20, p=0.005205, px1=0.20, r_kk_obj=+0.00, r_kk_fin=-0.001, ρ_kx_obj=0.47, ρ_kx_fin=+0.457 -> frac=0.101 | t(attrs)=1.311s, t(frac)=0.002s
[2025-11-07T09:18:00-03:00] <k>=5.20, p=0.005205, px1=0.20, r_kk_obj=+0.00, r_kk_fin=-0.001, ρ_kx_obj=0.53, ρ_kx_fin=+0.494 -> frac=0.104 | t(attrs)=1.418s, t(frac)=0.002s
[2025-11-07T09:18:00-03:00] <k>=5.20, p=0.005205, px1=0.20, r_kk_obj=+0.00, r_kk_fin=-0.001, ρ_kx_obj=0.60, ρ_kx_fin=+0.513 -> frac=0.111 | t(attrs)=1.339s, t(frac)=0.002s
[2025-11-07T09:18:10-03:00] Rewire r_kk: objetivo=+0.50, alcanzado=+0.260, |Δ|=0.240, iters=1000, tiempo=10.508s
[2025-11-07T09:18:11-03:00] <k>=5.20, p=0.005205, px1=0.20, r_kk_obj=+0.50, r_kk_fin=+0.260, ρ_kx_obj=0.00, ρ_kx_fin=+0.006 -> frac=0.049 | t(attrs)=0.071s, t(frac)=0.001s
[2025-11-07T09:18:11-03:00] <k>=5.20, p=0.005205, px1=0.20, r_kk_obj=+0.50, r_kk_fin=+0.260, ρ_kx_obj=0.13, ρ_kx_fin=+0.125 -> frac=0.052 | t(attrs)=0.181s, t(frac)=0.002s
[2025-11-07T09:18:11-03:00] <k>=5.20, p=0.005205, px1=0.20, r_kk_obj=+0.50, r_kk_fin=+0.260, ρ_kx_obj=0.07, ρ_kx_fin=+0.059 -> frac=0.051 | t(attrs)=0.255s, t(frac)=0.002s
[2025-11-07T09:18:11-03:00] <k>=5.20, p=0.005205, px1=0.20, r_kk_obj=+0.50, r_kk_fin=+0.260, ρ_kx_obj=0.20, ρ_kx_fin=+0.195 -> frac=0.050 | t(attrs)=0.398s, t(frac)=0.002s
[2025-11-07T09:18:11-03:00] <k>=5.20, p=0.005205, px1=0.20, r_kk_obj=+0.50, r_kk_fin=+0.260, ρ_kx_obj=0.27, ρ_kx_fin=+0.257 -> frac=0.060 | t(attrs)=0.650s, t(frac)=0.002s
[2025-11-07T09:18:11-03:00] <k>=5.20, p=0.005205, px1=0.20, r_kk_obj=+0.50, r_kk_fin=+0.260, ρ_kx_obj=0.33, ρ_kx_fin=+0.327 -> frac=0.069 | t(attrs)=0.851s, t(frac)=0.002s
[2025-11-07T09:18:11-03:00] <k>=5.20, p=0.005205, px1=0.20, r_kk_obj=+0.50, r_kk_fin=+0.260, ρ_kx_obj=0.40, ρ_kx_fin=+0.391 -> frac=0.078 | t(attrs)=0.898s, t(frac)=0.002s
[2025-11-07T09:18:12-03:00] <k>=5.20, p=0.005205, px1=0.20, r_kk_obj=+0.50, r_kk_fin=+0.260, ρ_kx_obj=0.47, ρ_kx_fin=+0.458 -> frac=0.078 | t(attrs)=1.082s, t(frac)=0.002s
[2025-11-07T09:18:12-03:00] <k>=5.20, p=0.005205, px1=0.20, r_kk_obj=+0.50, r_kk_fin=+0.260, ρ_kx_obj=0.53, ρ_kx_fin=+0.506 -> frac=0.094 | t(attrs)=1.255s, t(frac)=0.002s
[2025-11-07T09:18:12-03:00] <k>=5.20, p=0.005205, px1=0.20, r_kk_obj=+0.50, r_kk_fin=+0.260, ρ_kx_obj=0.60, ρ_kx_fin=+0.531 -> frac=0.107 | t(attrs)=1.143s, t(frac)=0.002s
[2025-11-07T09:18:12-03:00] Generada red ER: N=1000, <k>_obj=2.50, p=0.002503, L=1286, tiempo=0.034s
[2025-11-07T09:18:21-03:00] Rewire r_kk: objetivo=-0.50, alcanzado=-0.374, |Δ|=0.126, iters=1000, tiempo=9.167s
[2025-11-07T09:18:21-03:00] <k>=2.50, p=0.002503, px1=0.05, r_kk_obj=-0.50, r_kk_fin=-0.374, ρ_kx_obj=0.00, ρ_kx_fin=-0.002 -> frac=0.011 | t(attrs)=0.004s, t(frac)=0.001s
[2025-11-07T09:18:21-03:00] <k>=2.50, p=0.002503, px1=0.05, r_kk_obj=-0.50, r_kk_fin=-0.374, ρ_kx_obj=0.07, ρ_kx_fin=+0.062 -> frac=0.015 | t(attrs)=0.090s, t(frac)=0.001s
[2025-11-07T09:18:21-03:00] <k>=2.50, p=0.002503, px1=0.05, r_kk_obj=-0.50, r_kk_fin=-0.374, ρ_kx_obj=0.13, ρ_kx_fin=+0.132 -> frac=0.022 | t(attrs)=0.178s, t(frac)=0.001s
[2025-11-07T09:18:21-03:00] <k>=2.50, p=0.002503, px1=0.05, r_kk_obj=-0.50, r_kk_fin=-0.374, ρ_kx_obj=0.20, ρ_kx_fin=+0.193 -> frac=0.025 | t(attrs)=0.337s, t(frac)=0.001s
[2025-11-07T09:18:22-03:00] <k>=2.50, p=0.002503, px1=0.05, r_kk_obj=-0.50, r_kk_fin=-0.374, ρ_kx_obj=0.27, ρ_kx_fin=+0.259 -> frac=0.038 | t(attrs)=0.526s, t(frac)=0.001s
[2025-11-07T09:18:22-03:00] <k>=2.50, p=0.002503, px1=0.05, r_kk_obj=-0.50, r_kk_fin=-0.374, ρ_kx_obj=0.33, ρ_kx_fin=+0.326 -> frac=0.053 | t(attrs)=0.890s, t(frac)=0.001s
[2025-11-07T09:18:22-03:00] <k>=2.50, p=0.002503, px1=0.05, r_kk_obj=-0.50, r_kk_fin=-0.374, ρ_kx_obj=0.40, ρ_kx_fin=+0.393 -> frac=0.044 | t(attrs)=1.218s, t(frac)=0.001s
[2025-11-07T09:18:23-03:00] <k>=2.50, p=0.002503, px1=0.05, r_kk_obj=-0.50, r_kk_fin=-0.374, ρ_kx_obj=0.53, ρ_kx_fin=+0.451 -> frac=0.073 | t(attrs)=1.536s, t(frac)=0.001s
[2025-11-07T09:18:23-03:00] <k>=2.50, p=0.002503, px1=0.05, r_kk_obj=-0.50, r_kk_fin=-0.374, ρ_kx_obj=0.47, ρ_kx_fin=+0.457 -> frac=0.058 | t(attrs)=1.556s, t(frac)=0.001s
[2025-11-07T09:18:23-03:00] <k>=2.50, p=0.002503, px1=0.05, r_kk_obj=-0.50, r_kk_fin=-0.374, ρ_kx_obj=0.60, ρ_kx_fin=+0.454 -> frac=0.063 | t(attrs)=1.475s, t(frac)=0.002s
[2025-11-07T09:18:23-03:00] Rewire r_kk: objetivo=+0.00, alcanzado=+0.009, |Δ|=0.009, iters=42, tiempo=0.328s
[2025-11-07T09:18:23-03:00] <k>=2.50, p=0.002503, px1=0.05, r_kk_obj=+0.00, r_kk_fin=+0.009, ρ_kx_obj=0.00, ρ_kx_fin=-0.002 -> frac=0.016 | t(attrs)=0.002s, t(frac)=0.001s
[2025-11-07T09:18:23-03:00] <k>=2.50, p=0.002503, px1=0.05, r_kk_obj=+0.00, r_kk_fin=+0.009, ρ_kx_obj=0.07, ρ_kx_fin=+0.065 -> frac=0.021 | t(attrs)=0.004s, t(frac)=0.001s
[2025-11-07T09:18:23-03:00] <k>=2.50, p=0.002503, px1=0.05, r_kk_obj=+0.00, r_kk_fin=+0.009, ρ_kx_obj=0.13, ρ_kx_fin=+0.132 -> frac=0.020 | t(attrs)=0.174s, t(frac)=0.002s
[2025-11-07T09:18:23-03:00] <k>=2.50, p=0.002503, px1=0.05, r_kk_obj=+0.00, r_kk_fin=+0.009, ρ_kx_obj=0.20, ρ_kx_fin=+0.193 -> frac=0.021 | t(attrs)=0.434s, t(frac)=0.001s
[2025-11-07T09:18:24-03:00] <k>=2.50, p=0.002503, px1=0.05, r_kk_obj=+0.00, r_kk_fin=+0.009, ρ_kx_obj=0.27, ρ_kx_fin=+0.259 -> frac=0.027 | t(attrs)=0.615s, t(frac)=0.001s
[2025-11-07T09:18:24-03:00] <k>=2.50, p=0.002503, px1=0.05, r_kk_obj=+0.00, r_kk_fin=+0.009, ρ_kx_obj=0.33, ρ_kx_fin=+0.326 -> frac=0.031 | t(attrs)=0.918s, t(frac)=0.001s
[2025-11-07T09:18:24-03:00] <k>=2.50, p=0.002503, px1=0.05, r_kk_obj=+0.00, r_kk_fin=+0.009, ρ_kx_obj=0.40, ρ_kx_fin=+0.393 -> frac=0.031 | t(attrs)=1.165s, t(frac)=0.002s
[2025-11-07T09:18:24-03:00] <k>=2.50, p=0.002503, px1=0.05, r_kk_obj=+0.00, r_kk_fin=+0.009, ρ_kx_obj=0.60, ρ_kx_fin=+0.448 -> frac=0.035 | t(attrs)=1.542s, t(frac)=0.001s
[2025-11-07T09:18:24-03:00] <k>=2.50, p=0.002503, px1=0.05, r_kk_obj=+0.00, r_kk_fin=+0.009, ρ_kx_obj=0.53, ρ_kx_fin=+0.460 -> frac=0.033 | t(attrs)=1.558s, t(frac)=0.001s
[2025-11-07T09:18:24-03:00] <k>=2.50, p=0.002503, px1=0.05, r_kk_obj=+0.00, r_kk_fin=+0.009, ρ_kx_obj=0.47, ρ_kx_fin=+0.448 -> frac=0.030 | t(attrs)=1.567s, t(frac)=0.001s
[2025-11-07T09:18:33-03:00] Rewire r_kk: objetivo=+0.50, alcanzado=+0.463, |Δ|=0.037, iters=1000, tiempo=8.869s
[2025-11-07T09:18:33-03:00] <k>=2.50, p=0.002503, px1=0.05, r_kk_obj=+0.50, r_kk_fin=+0.463, ρ_kx_obj=0.00, ρ_kx_fin=+0.010 -> frac=0.009 | t(attrs)=0.004s, t(frac)=0.001s
[2025-11-07T09:18:33-03:00] <k>=2.50, p=0.002503, px1=0.05, r_kk_obj=+0.50, r_kk_fin=+0.463, ρ_kx_obj=0.07, ρ_kx_fin=+0.059 -> frac=0.014 | t(attrs)=0.042s, t(frac)=0.001s
[2025-11-07T09:18:34-03:00] <k>=2.50, p=0.002503, px1=0.05, r_kk_obj=+0.50, r_kk_fin=+0.463, ρ_kx_obj=0.13, ρ_kx_fin=+0.135 -> frac=0.010 | t(attrs)=0.299s, t(frac)=0.002s
[2025-11-07T09:18:34-03:00] <k>=2.50, p=0.002503, px1=0.05, r_kk_obj=+0.50, r_kk_fin=+0.463, ρ_kx_obj=0.20, ρ_kx_fin=+0.196 -> frac=0.017 | t(attrs)=0.389s, t(frac)=0.002s
[2025-11-07T09:18:34-03:00] <k>=2.50, p=0.002503, px1=0.05, r_kk_obj=+0.50, r_kk_fin=+0.463, ρ_kx_obj=0.27, ρ_kx_fin=+0.262 -> frac=0.009 | t(attrs)=0.490s, t(frac)=0.003s
[2025-11-07T09:18:34-03:00] <k>=2.50, p=0.002503, px1=0.05, r_kk_obj=+0.50, r_kk_fin=+0.463, ρ_kx_obj=0.33, ρ_kx_fin=+0.323 -> frac=0.015 | t(attrs)=0.914s, t(frac)=0.002s
[2025-11-07T09:18:34-03:00] <k>=2.50, p=0.002503, px1=0.05, r_kk_obj=+0.50, r_kk_fin=+0.463, ρ_kx_obj=0.40, ρ_kx_fin=+0.390 -> frac=0.008 | t(attrs)=1.073s, t(frac)=0.001s
[2025-11-07T09:18:35-03:00] <k>=2.50, p=0.002503, px1=0.05, r_kk_obj=+0.50, r_kk_fin=+0.463, ρ_kx_obj=0.47, ρ_kx_fin=+0.442 -> frac=0.018 | t(attrs)=1.557s, t(frac)=0.001s
[2025-11-07T09:18:35-03:00] <k>=2.50, p=0.002503, px1=0.05, r_kk_obj=+0.50, r_kk_fin=+0.463, ρ_kx_obj=0.53, ρ_kx_fin=+0.439 -> frac=0.014 | t(attrs)=1.581s, t(frac)=0.001s
[2025-11-07T09:18:35-03:00] <k>=2.50, p=0.002503, px1=0.05, r_kk_obj=+0.50, r_kk_fin=+0.463, ρ_kx_obj=0.60, ρ_kx_fin=+0.445 -> frac=0.016 | t(attrs)=1.550s, t(frac)=0.001s
[2025-11-07T09:18:44-03:00] Rewire r_kk: objetivo=-0.50, alcanzado=-0.374, |Δ|=0.126, iters=1000, tiempo=8.666s
[2025-11-07T09:18:44-03:00] <k>=2.50, p=0.002503, px1=0.10, r_kk_obj=-0.50, r_kk_fin=-0.374, ρ_kx_obj=0.00, ρ_kx_fin=+0.008 -> frac=0.038 | t(attrs)=0.016s, t(frac)=0.001s
[2025-11-07T09:18:44-03:00] <k>=2.50, p=0.002503, px1=0.10, r_kk_obj=-0.50, r_kk_fin=-0.374, ρ_kx_obj=0.07, ρ_kx_fin=+0.061 -> frac=0.041 | t(attrs)=0.030s, t(frac)=0.001s
[2025-11-07T09:18:44-03:00] <k>=2.50, p=0.002503, px1=0.10, r_kk_obj=-0.50, r_kk_fin=-0.374, ρ_kx_obj=0.13, ρ_kx_fin=+0.126 -> frac=0.050 | t(attrs)=0.311s, t(frac)=0.002s
[2025-11-07T09:18:44-03:00] <k>=2.50, p=0.002503, px1=0.10, r_kk_obj=-0.50, r_kk_fin=-0.374, ρ_kx_obj=0.20, ρ_kx_fin=+0.194 -> frac=0.052 | t(attrs)=0.432s, t(frac)=0.001s
[2025-11-07T09:18:44-03:00] <k>=2.50, p=0.002503, px1=0.10, r_kk_obj=-0.50, r_kk_fin=-0.374, ρ_kx_obj=0.27, ρ_kx_fin=+0.257 -> frac=0.074 | t(attrs)=0.653s, t(frac)=0.001s
[2025-11-07T09:18:45-03:00] <k>=2.50, p=0.002503, px1=0.10, r_kk_obj=-0.50, r_kk_fin=-0.374, ρ_kx_obj=0.33, ρ_kx_fin=+0.324 -> frac=0.093 | t(attrs)=0.905s, t(frac)=0.002s
[2025-11-07T09:18:45-03:00] <k>=2.50, p=0.002503, px1=0.10, r_kk_obj=-0.50, r_kk_fin=-0.374, ρ_kx_obj=0.40, ρ_kx_fin=+0.394 -> frac=0.105 | t(attrs)=1.131s, t(frac)=0.001s
[2025-11-07T09:18:45-03:00] <k>=2.50, p=0.002503, px1=0.10, r_kk_obj=-0.50, r_kk_fin=-0.374, ρ_kx_obj=0.47, ρ_kx_fin=+0.457 -> frac=0.109 | t(attrs)=1.240s, t(frac)=0.002s
[2025-11-07T09:18:45-03:00] <k>=2.50, p=0.002503, px1=0.10, r_kk_obj=-0.50, r_kk_fin=-0.374, ρ_kx_obj=0.53, ρ_kx_fin=+0.470 -> frac=0.096 | t(attrs)=1.419s, t(frac)=0.001s
[2025-11-07T09:18:45-03:00] <k>=2.50, p=0.002503, px1=0.10, r_kk_obj=-0.50, r_kk_fin=-0.374, ρ_kx_obj=0.60, ρ_kx_fin=+0.478 -> frac=0.119 | t(attrs)=1.422s, t(frac)=0.001s
[2025-11-07T09:18:45-03:00] Rewire r_kk: objetivo=+0.00, alcanzado=+0.009, |Δ|=0.009, iters=42, tiempo=0.365s
[2025-11-07T09:18:45-03:00] <k>=2.50, p=0.002503, px1=0.10, r_kk_obj=+0.00, r_kk_fin=+0.009, ρ_kx_obj=0.00, ρ_kx_fin=+0.008 -> frac=0.029 | t(attrs)=0.032s, t(frac)=0.001s
[2025-11-07T09:18:46-03:00] <k>=2.50, p=0.002503, px1=0.10, r_kk_obj=+0.00, r_kk_fin=+0.009, ρ_kx_obj=0.13, ρ_kx_fin=+0.124 -> frac=0.039 | t(attrs)=0.181s, t(frac)=0.001s
[2025-11-07T09:18:46-03:00] <k>=2.50, p=0.002503, px1=0.10, r_kk_obj=+0.00, r_kk_fin=+0.009, ρ_kx_obj=0.07, ρ_kx_fin=+0.059 -> frac=0.040 | t(attrs)=0.198s, t(frac)=0.001s
[2025-11-07T09:18:46-03:00] <k>=2.50, p=0.002503, px1=0.10, r_kk_obj=+0.00, r_kk_fin=+0.009, ρ_kx_obj=0.20, ρ_kx_fin=+0.191 -> frac=0.049 | t(attrs)=0.361s, t(frac)=0.002s
[2025-11-07T09:18:46-03:00] <k>=2.50, p=0.002503, px1=0.10, r_kk_obj=+0.00, r_kk_fin=+0.009, ρ_kx_obj=0.27, ρ_kx_fin=+0.257 -> frac=0.052 | t(attrs)=0.580s, t(frac)=0.002s
[2025-11-07T09:18:46-03:00] <k>=2.50, p=0.002503, px1=0.10, r_kk_obj=+0.00, r_kk_fin=+0.009, ρ_kx_obj=0.33, ρ_kx_fin=+0.326 -> frac=0.061 | t(attrs)=0.705s, t(frac)=0.003s
[2025-11-07T09:18:46-03:00] <k>=2.50, p=0.002503, px1=0.10, r_kk_obj=+0.00, r_kk_fin=+0.009, ρ_kx_obj=0.40, ρ_kx_fin=+0.392 -> frac=0.061 | t(attrs)=0.910s, t(frac)=0.001s
[2025-11-07T09:18:47-03:00] <k>=2.50, p=0.002503, px1=0.10, r_kk_obj=+0.00, r_kk_fin=+0.009, ρ_kx_obj=0.47, ρ_kx_fin=+0.461 -> frac=0.069 | t(attrs)=1.271s, t(frac)=0.002s
[2025-11-07T09:18:47-03:00] <k>=2.50, p=0.002503, px1=0.10, r_kk_obj=+0.00, r_kk_fin=+0.009, ρ_kx_obj=0.53, ρ_kx_fin=+0.527 -> frac=0.089 | t(attrs)=1.366s, t(frac)=0.001s
[2025-11-07T09:18:47-03:00] <k>=2.50, p=0.002503, px1=0.10, r_kk_obj=+0.00, r_kk_fin=+0.009, ρ_kx_obj=0.60, ρ_kx_fin=+0.489 -> frac=0.077 | t(attrs)=1.231s, t(frac)=0.001s
[2025-11-07T09:18:56-03:00] Rewire r_kk: objetivo=+0.50, alcanzado=+0.463, |Δ|=0.037, iters=1000, tiempo=8.653s
[2025-11-07T09:18:56-03:00] <k>=2.50, p=0.002503, px1=0.10, r_kk_obj=+0.50, r_kk_fin=+0.463, ρ_kx_obj=0.00, ρ_kx_fin=+0.006 -> frac=0.026 | t(attrs)=0.007s, t(frac)=0.001s
[2025-11-07T09:18:56-03:00] <k>=2.50, p=0.002503, px1=0.10, r_kk_obj=+0.50, r_kk_fin=+0.463, ρ_kx_obj=0.07, ρ_kx_fin=+0.065 -> frac=0.027 | t(attrs)=0.174s, t(frac)=0.001s
[2025-11-07T09:18:56-03:00] <k>=2.50, p=0.002503, px1=0.10, r_kk_obj=+0.50, r_kk_fin=+0.463, ρ_kx_obj=0.20, ρ_kx_fin=+0.194 -> frac=0.041 | t(attrs)=0.352s, t(frac)=0.002s
[2025-11-07T09:18:56-03:00] <k>=2.50, p=0.002503, px1=0.10, r_kk_obj=+0.50, r_kk_fin=+0.463, ρ_kx_obj=0.13, ρ_kx_fin=+0.130 -> frac=0.030 | t(attrs)=0.400s, t(frac)=0.001s
[2025-11-07T09:18:56-03:00] <k>=2.50, p=0.002503, px1=0.10, r_kk_obj=+0.50, r_kk_fin=+0.463, ρ_kx_obj=0.27, ρ_kx_fin=+0.259 -> frac=0.032 | t(attrs)=0.594s, t(frac)=0.002s
[2025-11-07T09:18:56-03:00] <k>=2.50, p=0.002503, px1=0.10, r_kk_obj=+0.50, r_kk_fin=+0.463, ρ_kx_obj=0.33, ρ_kx_fin=+0.329 -> frac=0.037 | t(attrs)=0.689s, t(frac)=0.003s
[2025-11-07T09:18:57-03:00] <k>=2.50, p=0.002503, px1=0.10, r_kk_obj=+0.50, r_kk_fin=+0.463, ρ_kx_obj=0.40, ρ_kx_fin=+0.394 -> frac=0.045 | t(attrs)=0.997s, t(frac)=0.001s
[2025-11-07T09:18:57-03:00] <k>=2.50, p=0.002503, px1=0.10, r_kk_obj=+0.50, r_kk_fin=+0.463, ρ_kx_obj=0.47, ρ_kx_fin=+0.457 -> frac=0.053 | t(attrs)=1.191s, t(frac)=0.001s
[2025-11-07T09:18:57-03:00] <k>=2.50, p=0.002503, px1=0.10, r_kk_obj=+0.50, r_kk_fin=+0.463, ρ_kx_obj=0.53, ρ_kx_fin=+0.529 -> frac=0.042 | t(attrs)=1.342s, t(frac)=0.001s
[2025-11-07T09:18:57-03:00] <k>=2.50, p=0.002503, px1=0.10, r_kk_obj=+0.50, r_kk_fin=+0.463, ρ_kx_obj=0.60, ρ_kx_fin=+0.516 -> frac=0.055 | t(attrs)=1.200s, t(frac)=0.001s
[2025-11-07T09:19:06-03:00] Rewire r_kk: objetivo=-0.50, alcanzado=-0.374, |Δ|=0.126, iters=1000, tiempo=8.949s
[2025-11-07T09:19:06-03:00] <k>=2.50, p=0.002503, px1=0.20, r_kk_obj=-0.50, r_kk_fin=-0.374, ρ_kx_obj=0.00, ρ_kx_fin=-0.009 -> frac=0.085 | t(attrs)=0.071s, t(frac)=0.001s
[2025-11-07T09:19:06-03:00] <k>=2.50, p=0.002503, px1=0.20, r_kk_obj=-0.50, r_kk_fin=-0.374, ρ_kx_obj=0.07, ρ_kx_fin=+0.058 -> frac=0.096 | t(attrs)=0.224s, t(frac)=0.002s
[2025-11-07T09:19:06-03:00] <k>=2.50, p=0.002503, px1=0.20, r_kk_obj=-0.50, r_kk_fin=-0.374, ρ_kx_obj=0.13, ρ_kx_fin=+0.126 -> frac=0.107 | t(attrs)=0.384s, t(frac)=0.002s
[2025-11-07T09:19:06-03:00] <k>=2.50, p=0.002503, px1=0.20, r_kk_obj=-0.50, r_kk_fin=-0.374, ρ_kx_obj=0.20, ρ_kx_fin=+0.191 -> frac=0.120 | t(attrs)=0.497s, t(frac)=0.001s
[2025-11-07T09:19:07-03:00] <k>=2.50, p=0.002503, px1=0.20, r_kk_obj=-0.50, r_kk_fin=-0.374, ρ_kx_obj=0.27, ρ_kx_fin=+0.262 -> frac=0.145 | t(attrs)=0.681s, t(frac)=0.003s
[2025-11-07T09:19:07-03:00] <k>=2.50, p=0.002503, px1=0.20, r_kk_obj=-0.50, r_kk_fin=-0.374, ρ_kx_obj=0.33, ρ_kx_fin=+0.324 -> frac=0.162 | t(attrs)=0.684s, t(frac)=0.001s
[2025-11-07T09:19:07-03:00] <k>=2.50, p=0.002503, px1=0.20, r_kk_obj=-0.50, r_kk_fin=-0.374, ρ_kx_obj=0.40, ρ_kx_fin=+0.390 -> frac=0.190 | t(attrs)=1.037s, t(frac)=0.001s
[2025-11-07T09:19:07-03:00] <k>=2.50, p=0.002503, px1=0.20, r_kk_obj=-0.50, r_kk_fin=-0.374, ρ_kx_obj=0.47, ρ_kx_fin=+0.458 -> frac=0.190 | t(attrs)=1.311s, t(frac)=0.002s
[2025-11-07T09:19:07-03:00] <k>=2.50, p=0.002503, px1=0.20, r_kk_obj=-0.50, r_kk_fin=-0.374, ρ_kx_obj=0.53, ρ_kx_fin=+0.502 -> frac=0.216 | t(attrs)=1.393s, t(frac)=0.001s
[2025-11-07T09:19:07-03:00] <k>=2.50, p=0.002503, px1=0.20, r_kk_obj=-0.50, r_kk_fin=-0.374, ρ_kx_obj=0.60, ρ_kx_fin=+0.550 -> frac=0.240 | t(attrs)=1.242s, t(frac)=0.001s
[2025-11-07T09:19:08-03:00] Rewire r_kk: objetivo=+0.00, alcanzado=+0.009, |Δ|=0.009, iters=42, tiempo=0.324s
[2025-11-07T09:19:08-03:00] <k>=2.50, p=0.002503, px1=0.20, r_kk_obj=+0.00, r_kk_fin=+0.009, ρ_kx_obj=0.00, ρ_kx_fin=+0.004 -> frac=0.077 | t(attrs)=0.001s, t(frac)=0.002s
[2025-11-07T09:19:08-03:00] <k>=2.50, p=0.002503, px1=0.20, r_kk_obj=+0.00, r_kk_fin=+0.009, ρ_kx_obj=0.07, ρ_kx_fin=+0.058 -> frac=0.083 | t(attrs)=0.189s, t(frac)=0.001s
[2025-11-07T09:19:08-03:00] <k>=2.50, p=0.002503, px1=0.20, r_kk_obj=+0.00, r_kk_fin=+0.009, ρ_kx_obj=0.13, ρ_kx_fin=+0.126 -> frac=0.117 | t(attrs)=0.295s, t(frac)=0.001s
[2025-11-07T09:19:08-03:00] <k>=2.50, p=0.002503, px1=0.20, r_kk_obj=+0.00, r_kk_fin=+0.009, ρ_kx_obj=0.20, ρ_kx_fin=+0.192 -> frac=0.116 | t(attrs)=0.414s, t(frac)=0.001s
[2025-11-07T09:19:08-03:00] <k>=2.50, p=0.002503, px1=0.20, r_kk_obj=+0.00, r_kk_fin=+0.009, ρ_kx_obj=0.27, ρ_kx_fin=+0.257 -> frac=0.129 | t(attrs)=0.721s, t(frac)=0.002s
[2025-11-07T09:19:09-03:00] <k>=2.50, p=0.002503, px1=0.20, r_kk_obj=+0.00, r_kk_fin=+0.009, ρ_kx_obj=0.33, ρ_kx_fin=+0.324 -> frac=0.148 | t(attrs)=0.873s, t(frac)=0.001s
[2025-11-07T09:19:09-03:00] <k>=2.50, p=0.002503, px1=0.20, r_kk_obj=+0.00, r_kk_fin=+0.009, ρ_kx_obj=0.40, ρ_kx_fin=+0.393 -> frac=0.157 | t(attrs)=0.937s, t(frac)=0.002s
[2025-11-07T09:19:09-03:00] <k>=2.50, p=0.002503, px1=0.20, r_kk_obj=+0.00, r_kk_fin=+0.009, ρ_kx_obj=0.47, ρ_kx_fin=+0.458 -> frac=0.165 | t(attrs)=1.275s, t(frac)=0.002s
[2025-11-07T09:19:09-03:00] <k>=2.50, p=0.002503, px1=0.20, r_kk_obj=+0.00, r_kk_fin=+0.009, ρ_kx_obj=0.53, ρ_kx_fin=+0.524 -> frac=0.184 | t(attrs)=1.395s, t(frac)=0.001s
[2025-11-07T09:19:09-03:00] <k>=2.50, p=0.002503, px1=0.20, r_kk_obj=+0.00, r_kk_fin=+0.009, ρ_kx_obj=0.60, ρ_kx_fin=+0.518 -> frac=0.195 | t(attrs)=1.247s, t(frac)=0.001s
[2025-11-07T09:19:20-03:00] Rewire r_kk: objetivo=+0.50, alcanzado=+0.463, |Δ|=0.037, iters=1000, tiempo=10.604s
[2025-11-07T09:19:20-03:00] <k>=2.50, p=0.002503, px1=0.20, r_kk_obj=+0.50, r_kk_fin=+0.463, ρ_kx_obj=0.00, ρ_kx_fin=+0.009 -> frac=0.080 | t(attrs)=0.064s, t(frac)=0.001s
[2025-11-07T09:19:20-03:00] <k>=2.50, p=0.002503, px1=0.20, r_kk_obj=+0.50, r_kk_fin=+0.463, ρ_kx_obj=0.07, ρ_kx_fin=+0.058 -> frac=0.076 | t(attrs)=0.091s, t(frac)=0.001s
[2025-11-07T09:19:20-03:00] <k>=2.50, p=0.002503, px1=0.20, r_kk_obj=+0.50, r_kk_fin=+0.463, ρ_kx_obj=0.13, ρ_kx_fin=+0.126 -> frac=0.098 | t(attrs)=0.261s, t(frac)=0.001s
[2025-11-07T09:19:20-03:00] <k>=2.50, p=0.002503, px1=0.20, r_kk_obj=+0.50, r_kk_fin=+0.463, ρ_kx_obj=0.20, ρ_kx_fin=+0.191 -> frac=0.108 | t(attrs)=0.692s, t(frac)=0.001s
[2025-11-07T09:19:21-03:00] <k>=2.50, p=0.002503, px1=0.20, r_kk_obj=+0.50, r_kk_fin=+0.463, ρ_kx_obj=0.27, ρ_kx_fin=+0.257 -> frac=0.116 | t(attrs)=0.818s, t(frac)=0.001s
[2025-11-07T09:19:21-03:00] <k>=2.50, p=0.002503, px1=0.20, r_kk_obj=+0.50, r_kk_fin=+0.463, ρ_kx_obj=0.33, ρ_kx_fin=+0.328 -> frac=0.132 | t(attrs)=1.065s, t(frac)=0.002s
[2025-11-07T09:19:21-03:00] <k>=2.50, p=0.002503, px1=0.20, r_kk_obj=+0.50, r_kk_fin=+0.463, ρ_kx_obj=0.40, ρ_kx_fin=+0.390 -> frac=0.125 | t(attrs)=1.268s, t(frac)=0.002s
[2025-11-07T09:19:21-03:00] <k>=2.50, p=0.002503, px1=0.20, r_kk_obj=+0.50, r_kk_fin=+0.463, ρ_kx_obj=0.47, ρ_kx_fin=+0.461 -> frac=0.141 | t(attrs)=1.479s, t(frac)=0.001s
[2025-11-07T09:19:21-03:00] <k>=2.50, p=0.002503, px1=0.20, r_kk_obj=+0.50, r_kk_fin=+0.463, ρ_kx_obj=0.53, ρ_kx_fin=+0.524 -> frac=0.149 | t(attrs)=1.514s, t(frac)=0.001s
[2025-11-07T09:19:21-03:00] <k>=2.50, p=0.002503, px1=0.20, r_kk_obj=+0.50, r_kk_fin=+0.463, ρ_kx_obj=0.60, ρ_kx_fin=+0.537 -> frac=0.150 | t(attrs)=1.507s, t(frac)=0.001s
[2025-11-07T09:19:21-03:00] Generando figura...
[2025-11-07T09:19:23-03:00] Figuras guardadas en: run-e2r\N1000_251107-091654\fig3_ER.png y run-e2r\N1000_251107-091654\fig3_ER.pdf
[2025-11-07T09:19:23-03:00] Fin experimento Fig3-ER | carpeta=run-e2r\N1000_251107-091654
[2025-11-07T09:19:23-03:00] Tiempo total de ejecución: 148.54s (~2.48 min)
