[2025-11-07T10:24:37-03:00] Ejecutando script: Erdos-Renyi-v2.py | ruta=C:\Users\dcaceres\Documents\Magister\Trimestre 2\CS Redes\Tarea 2\python\Erdos-Renyi-v2.py
[2025-11-07T10:24:37-03:00] Inicio experimento Fig3-ER (paralelo por procesos) | carpeta=run-e2r\N100_251107-102437
[2025-11-07T10:24:37-03:00] Procesos: usados=18, cpu_count=22
[2025-11-07T10:24:37-03:00] Parámetros: N=100, <k>=[5.2, 2.5], px1=[0.05, 0.1, 0.2], r_kk=[-0.5, 0.0, 0.5], ρ_kx=[np.float64(0.0), np.float64(0.1), np.float64(0.2), np.float64(0.3), np.float64(0.4), np.float64(0.5), np.float64(0.6)], seed=12021974
[2025-11-07T10:24:44-03:00] Generada red ER: N=100, <k>_obj=5.20, p=0.052525, L=269, tiempo=0.004s
[2025-11-07T10:24:44-03:00] Rewire r_kk: objetivo=+0.00, alcanzado=-0.001, |Δ|=0.001, iters=16, tiempo=0.111s
[2025-11-07T10:24:44-03:00] <k>=5.20, p=0.052525, px1=0.20, r_kk_obj=+0.00, r_kk_fin=-0.001, ρ_kx_obj=0.00, ρ_kx_fin=-0.006 -> frac=0.070 | t(attrs)=0.053s, t(frac)=0.001s
[2025-11-07T10:24:44-03:00] <k>=5.20, p=0.052525, px1=0.20, r_kk_obj=+0.00, r_kk_fin=-0.001, ρ_kx_obj=0.10, ρ_kx_fin=+0.100 -> frac=0.060 | t(attrs)=0.008s, t(frac)=0.001s
[2025-11-07T10:24:44-03:00] <k>=5.20, p=0.052525, px1=0.20, r_kk_obj=+0.00, r_kk_fin=-0.001, ρ_kx_obj=0.20, ρ_kx_fin=+0.207 -> frac=0.090 | t(attrs)=0.010s, t(frac)=0.001s
[2025-11-07T10:24:44-03:00] <k>=5.20, p=0.052525, px1=0.20, r_kk_obj=+0.00, r_kk_fin=-0.001, ρ_kx_obj=0.30, ρ_kx_fin=+0.292 -> frac=0.060 | t(attrs)=0.058s, t(frac)=0.001s
[2025-11-07T10:24:44-03:00] <k>=5.20, p=0.052525, px1=0.20, r_kk_obj=+0.00, r_kk_fin=-0.001, ρ_kx_obj=0.40, ρ_kx_fin=+0.398 -> frac=0.060 | t(attrs)=0.027s, t(frac)=0.000s
[2025-11-07T10:24:44-03:00] <k>=5.20, p=0.052525, px1=0.20, r_kk_obj=+0.00, r_kk_fin=-0.001, ρ_kx_obj=0.50, ρ_kx_fin=+0.505 -> frac=0.130 | t(attrs)=0.053s, t(frac)=0.001s
[2025-11-07T10:24:44-03:00] <k>=5.20, p=0.052525, px1=0.20, r_kk_obj=+0.00, r_kk_fin=-0.001, ρ_kx_obj=0.60, ρ_kx_fin=+0.600 -> frac=0.150 | t(attrs)=0.078s, t(frac)=0.000s
[2025-11-07T10:24:44-03:00] Curva lista: <k>=5.20, px1=0.20, r_kk_obj=+0.00, r_kk_fin=-0.001, p=0.052525, t_curva=0.41s (t_gen=0.00s, t_rew=0.11s, t_rho_total=0.29s; t_attrs=0.29s, t_frac=0.00s)
[2025-11-07T10:24:45-03:00] Generada red ER: N=100, <k>_obj=5.20, p=0.052525, L=269, tiempo=0.005s
[2025-11-07T10:24:45-03:00] Rewire r_kk: objetivo=-0.50, alcanzado=-0.498, |Δ|=0.002, iters=240, tiempo=0.915s
[2025-11-07T10:24:45-03:00] <k>=5.20, p=0.052525, px1=0.20, r_kk_obj=-0.50, r_kk_fin=-0.498, ρ_kx_obj=0.00, ρ_kx_fin=-0.006 -> frac=0.030 | t(attrs)=0.004s, t(frac)=0.001s
[2025-11-07T10:24:45-03:00] <k>=5.20, p=0.052525, px1=0.20, r_kk_obj=-0.50, r_kk_fin=-0.498, ρ_kx_obj=0.10, ρ_kx_fin=+0.100 -> frac=0.060 | t(attrs)=0.002s, t(frac)=0.001s
[2025-11-07T10:24:45-03:00] <k>=5.20, p=0.052525, px1=0.20, r_kk_obj=-0.50, r_kk_fin=-0.498, ρ_kx_obj=0.20, ρ_kx_fin=+0.196 -> frac=0.090 | t(attrs)=0.011s, t(frac)=0.001s
[2025-11-07T10:24:45-03:00] <k>=5.20, p=0.052525, px1=0.20, r_kk_obj=-0.50, r_kk_fin=-0.498, ρ_kx_obj=0.30, ρ_kx_fin=+0.302 -> frac=0.140 | t(attrs)=0.020s, t(frac)=0.001s
[2025-11-07T10:24:45-03:00] <k>=5.20, p=0.052525, px1=0.20, r_kk_obj=-0.50, r_kk_fin=-0.498, ρ_kx_obj=0.40, ρ_kx_fin=+0.409 -> frac=0.160 | t(attrs)=0.041s, t(frac)=0.001s
[2025-11-07T10:24:45-03:00] <k>=5.20, p=0.052525, px1=0.20, r_kk_obj=-0.50, r_kk_fin=-0.498, ρ_kx_obj=0.50, ρ_kx_fin=+0.505 -> frac=0.200 | t(attrs)=0.028s, t(frac)=0.001s
[2025-11-07T10:24:45-03:00] <k>=5.20, p=0.052525, px1=0.20, r_kk_obj=-0.50, r_kk_fin=-0.498, ρ_kx_obj=0.60, ρ_kx_fin=+0.600 -> frac=0.210 | t(attrs)=0.076s, t(frac)=0.001s
[2025-11-07T10:24:45-03:00] Curva lista: <k>=5.20, px1=0.20, r_kk_obj=-0.50, r_kk_fin=-0.498, p=0.052525, t_curva=1.11s (t_gen=0.00s, t_rew=0.91s, t_rho_total=0.19s; t_attrs=0.18s, t_frac=0.01s)
[2025-11-07T10:24:45-03:00] Generada red ER: N=100, <k>_obj=2.50, p=0.025253, L=123, tiempo=0.004s
[2025-11-07T10:24:45-03:00] Rewire r_kk: objetivo=+0.00, alcanzado=+0.005, |Δ|=0.005, iters=0, tiempo=0.005s
[2025-11-07T10:24:45-03:00] <k>=2.50, p=0.025253, px1=0.20, r_kk_obj=+0.00, r_kk_fin=+0.005, ρ_kx_obj=0.00, ρ_kx_fin=-0.003 -> frac=0.040 | t(attrs)=0.008s, t(frac)=0.001s
[2025-11-07T10:24:45-03:00] <k>=2.50, p=0.025253, px1=0.20, r_kk_obj=+0.00, r_kk_fin=+0.005, ρ_kx_obj=0.10, ρ_kx_fin=+0.101 -> frac=0.070 | t(attrs)=0.008s, t(frac)=0.001s
[2025-11-07T10:24:45-03:00] <k>=2.50, p=0.025253, px1=0.20, r_kk_obj=+0.00, r_kk_fin=+0.005, ρ_kx_obj=0.20, ρ_kx_fin=+0.191 -> frac=0.120 | t(attrs)=0.024s, t(frac)=0.001s
[2025-11-07T10:24:45-03:00] <k>=2.50, p=0.025253, px1=0.20, r_kk_obj=+0.00, r_kk_fin=+0.005, ρ_kx_obj=0.30, ρ_kx_fin=+0.295 -> frac=0.170 | t(attrs)=0.042s, t(frac)=0.001s
[2025-11-07T10:24:45-03:00] <k>=2.50, p=0.025253, px1=0.20, r_kk_obj=+0.00, r_kk_fin=+0.005, ρ_kx_obj=0.40, ρ_kx_fin=+0.400 -> frac=0.170 | t(attrs)=0.042s, t(frac)=0.001s
[2025-11-07T10:24:45-03:00] <k>=2.50, p=0.025253, px1=0.20, r_kk_obj=+0.00, r_kk_fin=+0.005, ρ_kx_obj=0.50, ρ_kx_fin=+0.504 -> frac=0.200 | t(attrs)=0.084s, t(frac)=0.001s
[2025-11-07T10:24:45-03:00] <k>=2.50, p=0.025253, px1=0.20, r_kk_obj=+0.00, r_kk_fin=+0.005, ρ_kx_obj=0.60, ρ_kx_fin=+0.594 -> frac=0.210 | t(attrs)=0.108s, t(frac)=0.001s
[2025-11-07T10:24:45-03:00] Curva lista: <k>=2.50, px1=0.20, r_kk_obj=+0.00, r_kk_fin=+0.005, p=0.025253, t_curva=0.33s (t_gen=0.00s, t_rew=0.01s, t_rho_total=0.32s; t_attrs=0.32s, t_frac=0.01s)
[2025-11-07T10:24:45-03:00] Generada red ER: N=100, <k>_obj=5.20, p=0.052525, L=269, tiempo=0.005s
[2025-11-07T10:24:45-03:00] Rewire r_kk: objetivo=+0.50, alcanzado=+0.495, |Δ|=0.005, iters=245, tiempo=0.881s
[2025-11-07T10:24:45-03:00] <k>=5.20, p=0.052525, px1=0.20, r_kk_obj=+0.50, r_kk_fin=+0.495, ρ_kx_obj=0.00, ρ_kx_fin=-0.006 -> frac=0.020 | t(attrs)=0.001s, t(frac)=0.001s
[2025-11-07T10:24:45-03:00] <k>=5.20, p=0.052525, px1=0.20, r_kk_obj=+0.50, r_kk_fin=+0.495, ρ_kx_obj=0.10, ρ_kx_fin=+0.100 -> frac=0.040 | t(attrs)=0.052s, t(frac)=0.001s
[2025-11-07T10:24:45-03:00] <k>=5.20, p=0.052525, px1=0.20, r_kk_obj=+0.50, r_kk_fin=+0.495, ρ_kx_obj=0.20, ρ_kx_fin=+0.207 -> frac=0.050 | t(attrs)=0.009s, t(frac)=0.001s
[2025-11-07T10:24:45-03:00] <k>=5.20, p=0.052525, px1=0.20, r_kk_obj=+0.50, r_kk_fin=+0.495, ρ_kx_obj=0.30, ρ_kx_fin=+0.302 -> frac=0.020 | t(attrs)=0.023s, t(frac)=0.001s
[2025-11-07T10:24:45-03:00] <k>=5.20, p=0.052525, px1=0.20, r_kk_obj=+0.50, r_kk_fin=+0.495, ρ_kx_obj=0.40, ρ_kx_fin=+0.409 -> frac=0.080 | t(attrs)=0.027s, t(frac)=0.001s
[2025-11-07T10:24:45-03:00] <k>=5.20, p=0.052525, px1=0.20, r_kk_obj=+0.50, r_kk_fin=+0.495, ρ_kx_obj=0.50, ρ_kx_fin=+0.494 -> frac=0.090 | t(attrs)=0.045s, t(frac)=0.001s
[2025-11-07T10:24:45-03:00] <k>=5.20, p=0.052525, px1=0.20, r_kk_obj=+0.50, r_kk_fin=+0.495, ρ_kx_obj=0.60, ρ_kx_fin=+0.600 -> frac=0.110 | t(attrs)=0.074s, t(frac)=0.001s
[2025-11-07T10:24:45-03:00] Curva lista: <k>=5.20, px1=0.20, r_kk_obj=+0.50, r_kk_fin=+0.495, p=0.052525, t_curva=1.12s (t_gen=0.00s, t_rew=0.88s, t_rho_total=0.24s; t_attrs=0.23s, t_frac=0.00s)
[2025-11-07T10:24:45-03:00] Generada red ER: N=100, <k>_obj=2.50, p=0.025253, L=123, tiempo=0.004s
[2025-11-07T10:24:45-03:00] Rewire r_kk: objetivo=+0.00, alcanzado=+0.005, |Δ|=0.005, iters=0, tiempo=0.005s
[2025-11-07T10:24:45-03:00] <k>=2.50, p=0.025253, px1=0.10, r_kk_obj=+0.00, r_kk_fin=+0.005, ρ_kx_obj=0.00, ρ_kx_fin=+0.008 -> frac=0.070 | t(attrs)=0.008s, t(frac)=0.001s
[2025-11-07T10:24:45-03:00] <k>=2.50, p=0.025253, px1=0.10, r_kk_obj=+0.00, r_kk_fin=+0.005, ρ_kx_obj=0.10, ρ_kx_fin=+0.107 -> frac=0.040 | t(attrs)=0.019s, t(frac)=0.001s
[2025-11-07T10:24:45-03:00] <k>=2.50, p=0.025253, px1=0.10, r_kk_obj=+0.00, r_kk_fin=+0.005, ρ_kx_obj=0.20, ρ_kx_fin=+0.207 -> frac=0.050 | t(attrs)=0.006s, t(frac)=0.001s
[2025-11-07T10:24:45-03:00] <k>=2.50, p=0.025253, px1=0.10, r_kk_obj=+0.00, r_kk_fin=+0.005, ρ_kx_obj=0.30, ρ_kx_fin=+0.306 -> frac=0.090 | t(attrs)=0.067s, t(frac)=0.001s
[2025-11-07T10:24:45-03:00] <k>=2.50, p=0.025253, px1=0.10, r_kk_obj=+0.00, r_kk_fin=+0.005, ρ_kx_obj=0.40, ρ_kx_fin=+0.406 -> frac=0.070 | t(attrs)=0.022s, t(frac)=0.000s
[2025-11-07T10:24:45-03:00] <k>=2.50, p=0.025253, px1=0.10, r_kk_obj=+0.00, r_kk_fin=+0.005, ρ_kx_obj=0.50, ρ_kx_fin=+0.505 -> frac=0.110 | t(attrs)=0.072s, t(frac)=0.000s
[2025-11-07T10:24:45-03:00] <k>=2.50, p=0.025253, px1=0.10, r_kk_obj=+0.00, r_kk_fin=+0.005, ρ_kx_obj=0.60, ρ_kx_fin=+0.605 -> frac=0.100 | t(attrs)=0.395s, t(frac)=0.001s
[2025-11-07T10:24:45-03:00] Curva lista: <k>=2.50, px1=0.10, r_kk_obj=+0.00, r_kk_fin=+0.005, p=0.025253, t_curva=0.60s (t_gen=0.00s, t_rew=0.00s, t_rho_total=0.59s; t_attrs=0.59s, t_frac=0.00s)
[2025-11-07T10:24:45-03:00] Generada red ER: N=100, <k>_obj=2.50, p=0.025253, L=123, tiempo=0.004s
[2025-11-07T10:24:45-03:00] Rewire r_kk: objetivo=+0.50, alcanzado=+0.508, |Δ|=0.008, iters=99, tiempo=0.386s
[2025-11-07T10:24:45-03:00] <k>=2.50, p=0.025253, px1=0.20, r_kk_obj=+0.50, r_kk_fin=+0.508, ρ_kx_obj=0.00, ρ_kx_fin=-0.003 -> frac=0.090 | t(attrs)=0.002s, t(frac)=0.000s
[2025-11-07T10:24:45-03:00] <k>=2.50, p=0.025253, px1=0.20, r_kk_obj=+0.50, r_kk_fin=+0.508, ρ_kx_obj=0.10, ρ_kx_fin=+0.101 -> frac=0.090 | t(attrs)=0.005s, t(frac)=0.000s
[2025-11-07T10:24:45-03:00] <k>=2.50, p=0.025253, px1=0.20, r_kk_obj=+0.50, r_kk_fin=+0.508, ρ_kx_obj=0.20, ρ_kx_fin=+0.206 -> frac=0.110 | t(attrs)=0.003s, t(frac)=0.000s
[2025-11-07T10:24:45-03:00] <k>=2.50, p=0.025253, px1=0.20, r_kk_obj=+0.50, r_kk_fin=+0.508, ρ_kx_obj=0.30, ρ_kx_fin=+0.295 -> frac=0.090 | t(attrs)=0.017s, t(frac)=0.000s
[2025-11-07T10:24:45-03:00] <k>=2.50, p=0.025253, px1=0.20, r_kk_obj=+0.50, r_kk_fin=+0.508, ρ_kx_obj=0.40, ρ_kx_fin=+0.400 -> frac=0.140 | t(attrs)=0.024s, t(frac)=0.000s
[2025-11-07T10:24:45-03:00] <k>=2.50, p=0.025253, px1=0.20, r_kk_obj=+0.50, r_kk_fin=+0.508, ρ_kx_obj=0.50, ρ_kx_fin=+0.504 -> frac=0.130 | t(attrs)=0.034s, t(frac)=0.000s
[2025-11-07T10:24:45-03:00] <k>=2.50, p=0.025253, px1=0.20, r_kk_obj=+0.50, r_kk_fin=+0.508, ρ_kx_obj=0.60, ρ_kx_fin=+0.609 -> frac=0.180 | t(attrs)=0.059s, t(frac)=0.001s
[2025-11-07T10:24:45-03:00] Curva lista: <k>=2.50, px1=0.20, r_kk_obj=+0.50, r_kk_fin=+0.508, p=0.025253, t_curva=0.54s (t_gen=0.00s, t_rew=0.39s, t_rho_total=0.15s; t_attrs=0.15s, t_frac=0.00s)
[2025-11-07T10:24:46-03:00] Generada red ER: N=100, <k>_obj=2.50, p=0.025253, L=123, tiempo=0.004s
[2025-11-07T10:24:46-03:00] Rewire r_kk: objetivo=-0.50, alcanzado=-0.490, |Δ|=0.010, iters=151, tiempo=0.591s
[2025-11-07T10:24:46-03:00] <k>=2.50, p=0.025253, px1=0.20, r_kk_obj=-0.50, r_kk_fin=-0.490, ρ_kx_obj=0.00, ρ_kx_fin=-0.003 -> frac=0.070 | t(attrs)=0.014s, t(frac)=0.000s
[2025-11-07T10:24:46-03:00] <k>=2.50, p=0.025253, px1=0.20, r_kk_obj=-0.50, r_kk_fin=-0.490, ρ_kx_obj=0.10, ρ_kx_fin=+0.101 -> frac=0.080 | t(attrs)=0.006s, t(frac)=0.000s
[2025-11-07T10:24:46-03:00] <k>=2.50, p=0.025253, px1=0.20, r_kk_obj=-0.50, r_kk_fin=-0.490, ρ_kx_obj=0.20, ρ_kx_fin=+0.191 -> frac=0.150 | t(attrs)=0.017s, t(frac)=0.000s
[2025-11-07T10:24:46-03:00] <k>=2.50, p=0.025253, px1=0.20, r_kk_obj=-0.50, r_kk_fin=-0.490, ρ_kx_obj=0.30, ρ_kx_fin=+0.295 -> frac=0.150 | t(attrs)=0.027s, t(frac)=0.001s
[2025-11-07T10:24:46-03:00] <k>=2.50, p=0.025253, px1=0.20, r_kk_obj=-0.50, r_kk_fin=-0.490, ρ_kx_obj=0.40, ρ_kx_fin=+0.400 -> frac=0.170 | t(attrs)=0.034s, t(frac)=0.000s
[2025-11-07T10:24:46-03:00] <k>=2.50, p=0.025253, px1=0.20, r_kk_obj=-0.50, r_kk_fin=-0.490, ρ_kx_obj=0.50, ρ_kx_fin=+0.504 -> frac=0.240 | t(attrs)=0.046s, t(frac)=0.001s
[2025-11-07T10:24:46-03:00] <k>=2.50, p=0.025253, px1=0.20, r_kk_obj=-0.50, r_kk_fin=-0.490, ρ_kx_obj=0.60, ρ_kx_fin=+0.594 -> frac=0.270 | t(attrs)=0.044s, t(frac)=0.000s
[2025-11-07T10:24:46-03:00] Curva lista: <k>=2.50, px1=0.20, r_kk_obj=-0.50, r_kk_fin=-0.490, p=0.025253, t_curva=0.79s (t_gen=0.00s, t_rew=0.59s, t_rho_total=0.19s; t_attrs=0.19s, t_frac=0.00s)
[2025-11-07T10:24:46-03:00] Generada red ER: N=100, <k>_obj=2.50, p=0.025253, L=123, tiempo=0.004s
[2025-11-07T10:24:46-03:00] Rewire r_kk: objetivo=+0.50, alcanzado=+0.508, |Δ|=0.008, iters=99, tiempo=0.459s
[2025-11-07T10:24:46-03:00] <k>=2.50, p=0.025253, px1=0.10, r_kk_obj=+0.50, r_kk_fin=+0.508, ρ_kx_obj=0.00, ρ_kx_fin=+0.008 -> frac=0.030 | t(attrs)=0.018s, t(frac)=0.001s
[2025-11-07T10:24:46-03:00] <k>=2.50, p=0.025253, px1=0.10, r_kk_obj=+0.50, r_kk_fin=+0.508, ρ_kx_obj=0.10, ρ_kx_fin=+0.107 -> frac=0.060 | t(attrs)=0.007s, t(frac)=0.001s
[2025-11-07T10:24:46-03:00] <k>=2.50, p=0.025253, px1=0.10, r_kk_obj=+0.50, r_kk_fin=+0.508, ρ_kx_obj=0.20, ρ_kx_fin=+0.207 -> frac=0.070 | t(attrs)=0.038s, t(frac)=0.001s
[2025-11-07T10:24:46-03:00] <k>=2.50, p=0.025253, px1=0.10, r_kk_obj=+0.50, r_kk_fin=+0.508, ρ_kx_obj=0.30, ρ_kx_fin=+0.306 -> frac=0.040 | t(attrs)=0.021s, t(frac)=0.000s
[2025-11-07T10:24:46-03:00] <k>=2.50, p=0.025253, px1=0.10, r_kk_obj=+0.50, r_kk_fin=+0.508, ρ_kx_obj=0.40, ρ_kx_fin=+0.406 -> frac=0.050 | t(attrs)=0.056s, t(frac)=0.001s
[2025-11-07T10:24:46-03:00] <k>=2.50, p=0.025253, px1=0.10, r_kk_obj=+0.50, r_kk_fin=+0.508, ρ_kx_obj=0.50, ρ_kx_fin=+0.505 -> frac=0.030 | t(attrs)=0.131s, t(frac)=0.000s
[2025-11-07T10:24:46-03:00] <k>=2.50, p=0.025253, px1=0.10, r_kk_obj=+0.50, r_kk_fin=+0.508, ρ_kx_obj=0.60, ρ_kx_fin=+0.605 -> frac=0.020 | t(attrs)=0.221s, t(frac)=0.000s
[2025-11-07T10:24:46-03:00] Curva lista: <k>=2.50, px1=0.10, r_kk_obj=+0.50, r_kk_fin=+0.508, p=0.025253, t_curva=0.96s (t_gen=0.00s, t_rew=0.46s, t_rho_total=0.50s; t_attrs=0.49s, t_frac=0.00s)
[2025-11-07T10:24:46-03:00] Generada red ER: N=100, <k>_obj=2.50, p=0.025253, L=123, tiempo=0.004s
[2025-11-07T10:24:46-03:00] Rewire r_kk: objetivo=-0.50, alcanzado=-0.490, |Δ|=0.010, iters=151, tiempo=0.669s
[2025-11-07T10:24:46-03:00] <k>=2.50, p=0.025253, px1=0.10, r_kk_obj=-0.50, r_kk_fin=-0.490, ρ_kx_obj=0.00, ρ_kx_fin=+0.008 -> frac=0.030 | t(attrs)=0.003s, t(frac)=0.000s
[2025-11-07T10:24:46-03:00] <k>=2.50, p=0.025253, px1=0.10, r_kk_obj=-0.50, r_kk_fin=-0.490, ρ_kx_obj=0.10, ρ_kx_fin=+0.107 -> frac=0.040 | t(attrs)=0.001s, t(frac)=0.000s
[2025-11-07T10:24:46-03:00] <k>=2.50, p=0.025253, px1=0.10, r_kk_obj=-0.50, r_kk_fin=-0.490, ρ_kx_obj=0.20, ρ_kx_fin=+0.207 -> frac=0.080 | t(attrs)=0.019s, t(frac)=0.001s
[2025-11-07T10:24:46-03:00] <k>=2.50, p=0.025253, px1=0.10, r_kk_obj=-0.50, r_kk_fin=-0.490, ρ_kx_obj=0.30, ρ_kx_fin=+0.306 -> frac=0.060 | t(attrs)=0.036s, t(frac)=0.001s
[2025-11-07T10:24:46-03:00] <k>=2.50, p=0.025253, px1=0.10, r_kk_obj=-0.50, r_kk_fin=-0.490, ρ_kx_obj=0.40, ρ_kx_fin=+0.406 -> frac=0.110 | t(attrs)=0.129s, t(frac)=0.000s
[2025-11-07T10:24:46-03:00] <k>=2.50, p=0.025253, px1=0.10, r_kk_obj=-0.50, r_kk_fin=-0.490, ρ_kx_obj=0.50, ρ_kx_fin=+0.505 -> frac=0.080 | t(attrs)=0.068s, t(frac)=0.000s
[2025-11-07T10:24:46-03:00] <k>=2.50, p=0.025253, px1=0.10, r_kk_obj=-0.50, r_kk_fin=-0.490, ρ_kx_obj=0.60, ρ_kx_fin=+0.605 -> frac=0.190 | t(attrs)=0.163s, t(frac)=0.000s
[2025-11-07T10:24:46-03:00] Curva lista: <k>=2.50, px1=0.10, r_kk_obj=-0.50, r_kk_fin=-0.490, p=0.025253, t_curva=1.10s (t_gen=0.00s, t_rew=0.67s, t_rho_total=0.42s; t_attrs=0.42s, t_frac=0.00s)
[2025-11-07T10:24:48-03:00] Generada red ER: N=100, <k>_obj=5.20, p=0.052525, L=269, tiempo=0.003s
[2025-11-07T10:24:48-03:00] Rewire r_kk: objetivo=+0.00, alcanzado=-0.001, |Δ|=0.001, iters=16, tiempo=0.049s
[2025-11-07T10:24:48-03:00] <k>=5.20, p=0.052525, px1=0.05, r_kk_obj=+0.00, r_kk_fin=-0.001, ρ_kx_obj=0.00, ρ_kx_fin=+0.002 -> frac=0.000 | t(attrs)=0.007s, t(frac)=0.000s
[2025-11-07T10:24:48-03:00] <k>=5.20, p=0.052525, px1=0.05, r_kk_obj=+0.00, r_kk_fin=-0.001, ρ_kx_obj=0.10, ρ_kx_fin=+0.100 -> frac=0.010 | t(attrs)=0.009s, t(frac)=0.000s
[2025-11-07T10:24:48-03:00] <k>=5.20, p=0.052525, px1=0.05, r_kk_obj=+0.00, r_kk_fin=-0.001, ρ_kx_obj=0.20, ρ_kx_fin=+0.197 -> frac=0.000 | t(attrs)=0.011s, t(frac)=0.001s
[2025-11-07T10:24:48-03:00] <k>=5.20, p=0.052525, px1=0.05, r_kk_obj=+0.00, r_kk_fin=-0.001, ρ_kx_obj=0.30, ρ_kx_fin=+0.295 -> frac=0.000 | t(attrs)=0.009s, t(frac)=0.000s
[2025-11-07T10:24:48-03:00] <k>=5.20, p=0.052525, px1=0.05, r_kk_obj=+0.00, r_kk_fin=-0.001, ρ_kx_obj=0.40, ρ_kx_fin=+0.393 -> frac=0.020 | t(attrs)=0.077s, t(frac)=0.000s
[2025-11-07T10:24:48-03:00] <k>=5.20, p=0.052525, px1=0.05, r_kk_obj=+0.00, r_kk_fin=-0.001, ρ_kx_obj=0.50, ρ_kx_fin=+0.510 -> frac=0.010 | t(attrs)=0.136s, t(frac)=0.000s
[2025-11-07T10:24:48-03:00] <k>=5.20, p=0.052525, px1=0.05, r_kk_obj=+0.00, r_kk_fin=-0.001, ρ_kx_obj=0.60, ρ_kx_fin=+0.510 -> frac=0.010 | t(attrs)=5.143s, t(frac)=0.000s
[2025-11-07T10:24:48-03:00] Curva lista: <k>=5.20, px1=0.05, r_kk_obj=+0.00, r_kk_fin=-0.001, p=0.052525, t_curva=5.45s (t_gen=0.00s, t_rew=0.05s, t_rho_total=5.39s; t_attrs=5.39s, t_frac=0.00s)
[2025-11-07T10:24:48-03:00] Generada red ER: N=100, <k>_obj=5.20, p=0.052525, L=269, tiempo=0.003s
[2025-11-07T10:24:48-03:00] Rewire r_kk: objetivo=-0.50, alcanzado=-0.498, |Δ|=0.002, iters=240, tiempo=0.671s
[2025-11-07T10:24:48-03:00] <k>=5.20, p=0.052525, px1=0.05, r_kk_obj=-0.50, r_kk_fin=-0.498, ρ_kx_obj=0.00, ρ_kx_fin=+0.002 -> frac=0.010 | t(attrs)=0.002s, t(frac)=0.001s
[2025-11-07T10:24:48-03:00] <k>=5.20, p=0.052525, px1=0.05, r_kk_obj=-0.50, r_kk_fin=-0.498, ρ_kx_obj=0.10, ρ_kx_fin=+0.100 -> frac=0.000 | t(attrs)=0.008s, t(frac)=0.001s
[2025-11-07T10:24:48-03:00] <k>=5.20, p=0.052525, px1=0.05, r_kk_obj=-0.50, r_kk_fin=-0.498, ρ_kx_obj=0.20, ρ_kx_fin=+0.197 -> frac=0.000 | t(attrs)=0.016s, t(frac)=0.001s
[2025-11-07T10:24:48-03:00] <k>=5.20, p=0.052525, px1=0.05, r_kk_obj=-0.50, r_kk_fin=-0.498, ρ_kx_obj=0.30, ρ_kx_fin=+0.295 -> frac=0.010 | t(attrs)=0.020s, t(frac)=0.001s
[2025-11-07T10:24:48-03:00] <k>=5.20, p=0.052525, px1=0.05, r_kk_obj=-0.50, r_kk_fin=-0.498, ρ_kx_obj=0.40, ρ_kx_fin=+0.393 -> frac=0.040 | t(attrs)=0.232s, t(frac)=0.000s
[2025-11-07T10:24:48-03:00] <k>=5.20, p=0.052525, px1=0.05, r_kk_obj=-0.50, r_kk_fin=-0.498, ρ_kx_obj=0.50, ρ_kx_fin=+0.490 -> frac=0.050 | t(attrs)=0.194s, t(frac)=0.000s
[2025-11-07T10:24:48-03:00] <k>=5.20, p=0.052525, px1=0.05, r_kk_obj=-0.50, r_kk_fin=-0.498, ρ_kx_obj=0.60, ρ_kx_fin=+0.510 -> frac=0.080 | t(attrs)=5.517s, t(frac)=0.000s
[2025-11-07T10:24:48-03:00] Curva lista: <k>=5.20, px1=0.05, r_kk_obj=-0.50, r_kk_fin=-0.498, p=0.052525, t_curva=6.67s (t_gen=0.00s, t_rew=0.67s, t_rho_total=5.99s; t_attrs=5.99s, t_frac=0.00s)
[2025-11-07T10:24:48-03:00] Generada red ER: N=100, <k>_obj=5.20, p=0.052525, L=269, tiempo=0.004s
[2025-11-07T10:24:48-03:00] Rewire r_kk: objetivo=+0.00, alcanzado=-0.001, |Δ|=0.001, iters=16, tiempo=0.048s
[2025-11-07T10:24:48-03:00] <k>=5.20, p=0.052525, px1=0.10, r_kk_obj=+0.00, r_kk_fin=-0.001, ρ_kx_obj=0.00, ρ_kx_fin=+0.003 -> frac=0.010 | t(attrs)=0.010s, t(frac)=0.001s
[2025-11-07T10:24:48-03:00] <k>=5.20, p=0.052525, px1=0.10, r_kk_obj=+0.00, r_kk_fin=-0.001, ρ_kx_obj=0.10, ρ_kx_fin=+0.102 -> frac=0.030 | t(attrs)=0.011s, t(frac)=0.001s
[2025-11-07T10:24:48-03:00] <k>=5.20, p=0.052525, px1=0.10, r_kk_obj=+0.00, r_kk_fin=-0.001, ρ_kx_obj=0.20, ρ_kx_fin=+0.202 -> frac=0.000 | t(attrs)=0.010s, t(frac)=0.000s
[2025-11-07T10:24:48-03:00] <k>=5.20, p=0.052525, px1=0.10, r_kk_obj=+0.00, r_kk_fin=-0.001, ρ_kx_obj=0.30, ρ_kx_fin=+0.301 -> frac=0.010 | t(attrs)=0.024s, t(frac)=0.001s
[2025-11-07T10:24:48-03:00] <k>=5.20, p=0.052525, px1=0.10, r_kk_obj=+0.00, r_kk_fin=-0.001, ρ_kx_obj=0.40, ρ_kx_fin=+0.400 -> frac=0.020 | t(attrs)=0.031s, t(frac)=0.001s
[2025-11-07T10:24:48-03:00] <k>=5.20, p=0.052525, px1=0.10, r_kk_obj=+0.00, r_kk_fin=-0.001, ρ_kx_obj=0.50, ρ_kx_fin=+0.500 -> frac=0.030 | t(attrs)=0.074s, t(frac)=0.000s
[2025-11-07T10:24:48-03:00] <k>=5.20, p=0.052525, px1=0.10, r_kk_obj=+0.00, r_kk_fin=-0.001, ρ_kx_obj=0.60, ρ_kx_fin=+0.571 -> frac=0.030 | t(attrs)=4.998s, t(frac)=0.000s
[2025-11-07T10:24:48-03:00] Curva lista: <k>=5.20, px1=0.10, r_kk_obj=+0.00, r_kk_fin=-0.001, p=0.052525, t_curva=5.22s (t_gen=0.00s, t_rew=0.05s, t_rho_total=5.16s; t_attrs=5.16s, t_frac=0.00s)
[2025-11-07T10:24:48-03:00] Generada red ER: N=100, <k>_obj=5.20, p=0.052525, L=269, tiempo=0.003s
[2025-11-07T10:24:48-03:00] Rewire r_kk: objetivo=+0.50, alcanzado=+0.495, |Δ|=0.005, iters=245, tiempo=0.719s
[2025-11-07T10:24:48-03:00] <k>=5.20, p=0.052525, px1=0.05, r_kk_obj=+0.50, r_kk_fin=+0.495, ρ_kx_obj=0.00, ρ_kx_fin=+0.002 -> frac=0.000 | t(attrs)=0.008s, t(frac)=0.000s
[2025-11-07T10:24:48-03:00] <k>=5.20, p=0.052525, px1=0.05, r_kk_obj=+0.50, r_kk_fin=+0.495, ρ_kx_obj=0.10, ρ_kx_fin=+0.100 -> frac=0.000 | t(attrs)=0.000s, t(frac)=0.000s
[2025-11-07T10:24:48-03:00] <k>=5.20, p=0.052525, px1=0.05, r_kk_obj=+0.50, r_kk_fin=+0.495, ρ_kx_obj=0.20, ρ_kx_fin=+0.197 -> frac=0.000 | t(attrs)=0.011s, t(frac)=0.001s
[2025-11-07T10:24:48-03:00] <k>=5.20, p=0.052525, px1=0.05, r_kk_obj=+0.50, r_kk_fin=+0.495, ρ_kx_obj=0.30, ρ_kx_fin=+0.295 -> frac=0.000 | t(attrs)=0.008s, t(frac)=0.001s
[2025-11-07T10:24:48-03:00] <k>=5.20, p=0.052525, px1=0.05, r_kk_obj=+0.50, r_kk_fin=+0.495, ρ_kx_obj=0.40, ρ_kx_fin=+0.393 -> frac=0.000 | t(attrs)=0.055s, t(frac)=0.000s
[2025-11-07T10:24:48-03:00] <k>=5.20, p=0.052525, px1=0.05, r_kk_obj=+0.50, r_kk_fin=+0.495, ρ_kx_obj=0.50, ρ_kx_fin=+0.490 -> frac=0.000 | t(attrs)=0.482s, t(frac)=0.001s
[2025-11-07T10:24:48-03:00] <k>=5.20, p=0.052525, px1=0.05, r_kk_obj=+0.50, r_kk_fin=+0.495, ρ_kx_obj=0.60, ρ_kx_fin=+0.510 -> frac=0.000 | t(attrs)=5.007s, t(frac)=0.000s
[2025-11-07T10:24:48-03:00] Curva lista: <k>=5.20, px1=0.05, r_kk_obj=+0.50, r_kk_fin=+0.495, p=0.052525, t_curva=6.30s (t_gen=0.00s, t_rew=0.72s, t_rho_total=5.57s; t_attrs=5.57s, t_frac=0.00s)
[2025-11-07T10:24:49-03:00] Generada red ER: N=100, <k>_obj=5.20, p=0.052525, L=269, tiempo=0.003s
[2025-11-07T10:24:49-03:00] Rewire r_kk: objetivo=-0.50, alcanzado=-0.498, |Δ|=0.002, iters=240, tiempo=0.815s
[2025-11-07T10:24:49-03:00] <k>=5.20, p=0.052525, px1=0.10, r_kk_obj=-0.50, r_kk_fin=-0.498, ρ_kx_obj=0.00, ρ_kx_fin=+0.003 -> frac=0.020 | t(attrs)=0.008s, t(frac)=0.001s
[2025-11-07T10:24:49-03:00] <k>=5.20, p=0.052525, px1=0.10, r_kk_obj=-0.50, r_kk_fin=-0.498, ρ_kx_obj=0.10, ρ_kx_fin=+0.102 -> frac=0.010 | t(attrs)=0.009s, t(frac)=0.000s
[2025-11-07T10:24:49-03:00] <k>=5.20, p=0.052525, px1=0.10, r_kk_obj=-0.50, r_kk_fin=-0.498, ρ_kx_obj=0.20, ρ_kx_fin=+0.202 -> frac=0.000 | t(attrs)=0.015s, t(frac)=0.001s
[2025-11-07T10:24:49-03:00] <k>=5.20, p=0.052525, px1=0.10, r_kk_obj=-0.50, r_kk_fin=-0.498, ρ_kx_obj=0.30, ρ_kx_fin=+0.301 -> frac=0.060 | t(attrs)=0.016s, t(frac)=0.001s
[2025-11-07T10:24:49-03:00] <k>=5.20, p=0.052525, px1=0.10, r_kk_obj=-0.50, r_kk_fin=-0.498, ρ_kx_obj=0.40, ρ_kx_fin=+0.400 -> frac=0.080 | t(attrs)=0.045s, t(frac)=0.001s
[2025-11-07T10:24:49-03:00] <k>=5.20, p=0.052525, px1=0.10, r_kk_obj=-0.50, r_kk_fin=-0.498, ρ_kx_obj=0.50, ρ_kx_fin=+0.500 -> frac=0.110 | t(attrs)=0.027s, t(frac)=0.001s
[2025-11-07T10:24:49-03:00] <k>=5.20, p=0.052525, px1=0.10, r_kk_obj=-0.50, r_kk_fin=-0.498, ρ_kx_obj=0.60, ρ_kx_fin=+0.571 -> frac=0.110 | t(attrs)=5.025s, t(frac)=0.000s
[2025-11-07T10:24:49-03:00] Curva lista: <k>=5.20, px1=0.10, r_kk_obj=-0.50, r_kk_fin=-0.498, p=0.052525, t_curva=5.97s (t_gen=0.00s, t_rew=0.81s, t_rho_total=5.15s; t_attrs=5.15s, t_frac=0.00s)
[2025-11-07T10:24:49-03:00] Generada red ER: N=100, <k>_obj=5.20, p=0.052525, L=269, tiempo=0.003s
[2025-11-07T10:24:49-03:00] Rewire r_kk: objetivo=+0.50, alcanzado=+0.495, |Δ|=0.005, iters=245, tiempo=0.939s
[2025-11-07T10:24:49-03:00] <k>=5.20, p=0.052525, px1=0.10, r_kk_obj=+0.50, r_kk_fin=+0.495, ρ_kx_obj=0.00, ρ_kx_fin=+0.003 -> frac=0.000 | t(attrs)=0.007s, t(frac)=0.001s
[2025-11-07T10:24:49-03:00] <k>=5.20, p=0.052525, px1=0.10, r_kk_obj=+0.50, r_kk_fin=+0.495, ρ_kx_obj=0.10, ρ_kx_fin=+0.102 -> frac=0.010 | t(attrs)=0.001s, t(frac)=0.001s
[2025-11-07T10:24:49-03:00] <k>=5.20, p=0.052525, px1=0.10, r_kk_obj=+0.50, r_kk_fin=+0.495, ρ_kx_obj=0.20, ρ_kx_fin=+0.202 -> frac=0.010 | t(attrs)=0.048s, t(frac)=0.001s
[2025-11-07T10:24:49-03:00] <k>=5.20, p=0.052525, px1=0.10, r_kk_obj=+0.50, r_kk_fin=+0.495, ρ_kx_obj=0.30, ρ_kx_fin=+0.301 -> frac=0.010 | t(attrs)=0.027s, t(frac)=0.000s
[2025-11-07T10:24:49-03:00] <k>=5.20, p=0.052525, px1=0.10, r_kk_obj=+0.50, r_kk_fin=+0.495, ρ_kx_obj=0.40, ρ_kx_fin=+0.400 -> frac=0.020 | t(attrs)=0.005s, t(frac)=0.000s
[2025-11-07T10:24:49-03:00] <k>=5.20, p=0.052525, px1=0.10, r_kk_obj=+0.50, r_kk_fin=+0.495, ρ_kx_obj=0.50, ρ_kx_fin=+0.500 -> frac=0.010 | t(attrs)=0.053s, t(frac)=0.001s
[2025-11-07T10:24:49-03:00] <k>=5.20, p=0.052525, px1=0.10, r_kk_obj=+0.50, r_kk_fin=+0.495, ρ_kx_obj=0.60, ρ_kx_fin=+0.571 -> frac=0.000 | t(attrs)=4.319s, t(frac)=0.000s
[2025-11-07T10:24:49-03:00] Curva lista: <k>=5.20, px1=0.10, r_kk_obj=+0.50, r_kk_fin=+0.495, p=0.052525, t_curva=5.41s (t_gen=0.00s, t_rew=0.94s, t_rho_total=4.46s; t_attrs=4.46s, t_frac=0.00s)
[2025-11-07T10:24:56-03:00] Generada red ER: N=100, <k>_obj=2.50, p=0.025253, L=123, tiempo=0.001s
[2025-11-07T10:24:56-03:00] Rewire r_kk: objetivo=+0.00, alcanzado=+0.005, |Δ|=0.005, iters=0, tiempo=0.002s
[2025-11-07T10:24:56-03:00] <k>=2.50, p=0.025253, px1=0.05, r_kk_obj=+0.00, r_kk_fin=+0.005, ρ_kx_obj=0.00, ρ_kx_fin=-0.008 -> frac=0.010 | t(attrs)=0.047s, t(frac)=0.000s
[2025-11-07T10:24:56-03:00] <k>=2.50, p=0.025253, px1=0.05, r_kk_obj=+0.00, r_kk_fin=+0.005, ρ_kx_obj=0.10, ρ_kx_fin=+0.101 -> frac=0.010 | t(attrs)=0.000s, t(frac)=0.000s
[2025-11-07T10:24:56-03:00] <k>=2.50, p=0.025253, px1=0.05, r_kk_obj=+0.00, r_kk_fin=+0.005, ρ_kx_obj=0.20, ρ_kx_fin=+0.211 -> frac=0.040 | t(attrs)=4.323s, t(frac)=0.000s
[2025-11-07T10:24:56-03:00] <k>=2.50, p=0.025253, px1=0.05, r_kk_obj=+0.00, r_kk_fin=+0.005, ρ_kx_obj=0.30, ρ_kx_fin=+0.293 -> frac=0.050 | t(attrs)=0.012s, t(frac)=0.000s
[2025-11-07T10:24:56-03:00] <k>=2.50, p=0.025253, px1=0.05, r_kk_obj=+0.00, r_kk_fin=+0.005, ρ_kx_obj=0.40, ρ_kx_fin=+0.402 -> frac=0.060 | t(attrs)=0.019s, t(frac)=0.000s
[2025-11-07T10:24:56-03:00] <k>=2.50, p=0.025253, px1=0.05, r_kk_obj=+0.00, r_kk_fin=+0.005, ρ_kx_obj=0.50, ρ_kx_fin=+0.485 -> frac=0.050 | t(attrs)=3.907s, t(frac)=0.000s
[2025-11-07T10:24:56-03:00] <k>=2.50, p=0.025253, px1=0.05, r_kk_obj=+0.00, r_kk_fin=+0.005, ρ_kx_obj=0.60, ρ_kx_fin=+0.485 -> frac=0.050 | t(attrs)=3.165s, t(frac)=0.000s
[2025-11-07T10:24:56-03:00] Curva lista: <k>=2.50, px1=0.05, r_kk_obj=+0.00, r_kk_fin=+0.005, p=0.025253, t_curva=11.48s (t_gen=0.00s, t_rew=0.00s, t_rho_total=11.47s; t_attrs=11.47s, t_frac=0.00s)
[2025-11-07T10:24:56-03:00] Generada red ER: N=100, <k>_obj=2.50, p=0.025253, L=123, tiempo=0.004s
[2025-11-07T10:24:56-03:00] Rewire r_kk: objetivo=+0.50, alcanzado=+0.508, |Δ|=0.008, iters=99, tiempo=0.463s
[2025-11-07T10:24:56-03:00] <k>=2.50, p=0.025253, px1=0.05, r_kk_obj=+0.50, r_kk_fin=+0.508, ρ_kx_obj=0.00, ρ_kx_fin=-0.008 -> frac=0.020 | t(attrs)=0.017s, t(frac)=0.001s
[2025-11-07T10:24:56-03:00] <k>=2.50, p=0.025253, px1=0.05, r_kk_obj=+0.50, r_kk_fin=+0.508, ρ_kx_obj=0.10, ρ_kx_fin=+0.101 -> frac=0.010 | t(attrs)=0.026s, t(frac)=0.001s
[2025-11-07T10:24:56-03:00] <k>=2.50, p=0.025253, px1=0.05, r_kk_obj=+0.50, r_kk_fin=+0.508, ρ_kx_obj=0.20, ρ_kx_fin=+0.211 -> frac=0.000 | t(attrs)=4.240s, t(frac)=0.000s
[2025-11-07T10:24:56-03:00] <k>=2.50, p=0.025253, px1=0.05, r_kk_obj=+0.50, r_kk_fin=+0.508, ρ_kx_obj=0.30, ρ_kx_fin=+0.293 -> frac=0.030 | t(attrs)=0.008s, t(frac)=0.000s
[2025-11-07T10:24:56-03:00] <k>=2.50, p=0.025253, px1=0.05, r_kk_obj=+0.50, r_kk_fin=+0.508, ρ_kx_obj=0.40, ρ_kx_fin=+0.402 -> frac=0.020 | t(attrs)=0.044s, t(frac)=0.000s
[2025-11-07T10:24:56-03:00] <k>=2.50, p=0.025253, px1=0.05, r_kk_obj=+0.50, r_kk_fin=+0.508, ρ_kx_obj=0.50, ρ_kx_fin=+0.485 -> frac=0.000 | t(attrs)=3.918s, t(frac)=0.000s
[2025-11-07T10:24:56-03:00] <k>=2.50, p=0.025253, px1=0.05, r_kk_obj=+0.50, r_kk_fin=+0.508, ρ_kx_obj=0.60, ρ_kx_fin=+0.485 -> frac=0.000 | t(attrs)=2.759s, t(frac)=0.000s
[2025-11-07T10:24:56-03:00] Curva lista: <k>=2.50, px1=0.05, r_kk_obj=+0.50, r_kk_fin=+0.508, p=0.025253, t_curva=11.48s (t_gen=0.00s, t_rew=0.46s, t_rho_total=11.02s; t_attrs=11.01s, t_frac=0.00s)
[2025-11-07T10:24:56-03:00] Generada red ER: N=100, <k>_obj=2.50, p=0.025253, L=123, tiempo=0.004s
[2025-11-07T10:24:56-03:00] Rewire r_kk: objetivo=-0.50, alcanzado=-0.490, |Δ|=0.010, iters=151, tiempo=0.633s
[2025-11-07T10:24:56-03:00] <k>=2.50, p=0.025253, px1=0.05, r_kk_obj=-0.50, r_kk_fin=-0.490, ρ_kx_obj=0.00, ρ_kx_fin=-0.008 -> frac=0.000 | t(attrs)=0.010s, t(frac)=0.000s
[2025-11-07T10:24:56-03:00] <k>=2.50, p=0.025253, px1=0.05, r_kk_obj=-0.50, r_kk_fin=-0.490, ρ_kx_obj=0.10, ρ_kx_fin=+0.101 -> frac=0.020 | t(attrs)=0.004s, t(frac)=0.000s
[2025-11-07T10:24:56-03:00] <k>=2.50, p=0.025253, px1=0.05, r_kk_obj=-0.50, r_kk_fin=-0.490, ρ_kx_obj=0.20, ρ_kx_fin=+0.211 -> frac=0.060 | t(attrs)=4.360s, t(frac)=0.000s
[2025-11-07T10:24:56-03:00] <k>=2.50, p=0.025253, px1=0.05, r_kk_obj=-0.50, r_kk_fin=-0.490, ρ_kx_obj=0.30, ρ_kx_fin=+0.293 -> frac=0.040 | t(attrs)=0.005s, t(frac)=0.000s
[2025-11-07T10:24:56-03:00] <k>=2.50, p=0.025253, px1=0.05, r_kk_obj=-0.50, r_kk_fin=-0.490, ρ_kx_obj=0.40, ρ_kx_fin=+0.402 -> frac=0.090 | t(attrs)=0.026s, t(frac)=0.000s
[2025-11-07T10:24:56-03:00] <k>=2.50, p=0.025253, px1=0.05, r_kk_obj=-0.50, r_kk_fin=-0.490, ρ_kx_obj=0.50, ρ_kx_fin=+0.485 -> frac=0.150 | t(attrs)=3.938s, t(frac)=0.001s
[2025-11-07T10:24:56-03:00] <k>=2.50, p=0.025253, px1=0.05, r_kk_obj=-0.50, r_kk_fin=-0.490, ρ_kx_obj=0.60, ρ_kx_fin=+0.485 -> frac=0.150 | t(attrs)=2.925s, t(frac)=0.000s
[2025-11-07T10:24:56-03:00] Curva lista: <k>=2.50, px1=0.05, r_kk_obj=-0.50, r_kk_fin=-0.490, p=0.025253, t_curva=11.91s (t_gen=0.00s, t_rew=0.63s, t_rho_total=11.27s; t_attrs=11.27s, t_frac=0.00s)
[2025-11-07T10:24:56-03:00] Generando figura...
[2025-11-07T10:24:59-03:00] Figuras guardadas en: run-e2r\N100_251107-102437\fig3_ER.png y run-e2r\N100_251107-102437\fig3_ER.pdf
[2025-11-07T10:24:59-03:00] Fin experimento Fig3-ER | tiempo total=22.16s (~0.37 min) | carpeta=run-e2r\N100_251107-102437
