[2025-11-07T10:24:13-03:00] Ejecutando script: Erdos-Renyi-v2.py | ruta=C:\Users\dcaceres\Documents\Magister\Trimestre 2\CS Redes\Tarea 2\python\Erdos-Renyi-v2.py
[2025-11-07T10:24:13-03:00] Inicio experimento Fig3-ER (paralelo por procesos) | carpeta=run-e2r\N10_251107-102413
[2025-11-07T10:24:13-03:00] Procesos: usados=18, cpu_count=22
[2025-11-07T10:24:13-03:00] Parámetros: N=10, <k>=[5.2, 2.5], px1=[0.05, 0.1, 0.2], r_kk=[-0.5, 0.0, 0.5], ρ_kx=[np.float64(0.0), np.float64(0.1), np.float64(0.2), np.float64(0.3), np.float64(0.4), np.float64(0.5), np.float64(0.6)], seed=12021974
[2025-11-07T10:24:16-03:00] Generada red ER: N=10, <k>_obj=5.20, p=0.577778, L=20, tiempo=0.001s
[2025-11-07T10:24:16-03:00] Rewire r_kk: objetivo=-0.50, alcanzado=-0.485, |Δ|=0.015, iters=200, tiempo=0.025s
[2025-11-07T10:24:16-03:00] <k>=5.20, p=0.577778, px1=0.05, r_kk_obj=-0.50, r_kk_fin=-0.485, ρ_kx_obj=0.00, ρ_kx_fin=+nan -> frac=0.000 | t(attrs)=0.001s, t(frac)=0.000s
[2025-11-07T10:24:16-03:00] <k>=5.20, p=0.577778, px1=0.05, r_kk_obj=-0.50, r_kk_fin=-0.485, ρ_kx_obj=0.10, ρ_kx_fin=+nan -> frac=0.000 | t(attrs)=0.001s, t(frac)=0.000s
[2025-11-07T10:24:16-03:00] <k>=5.20, p=0.577778, px1=0.05, r_kk_obj=-0.50, r_kk_fin=-0.485, ρ_kx_obj=0.20, ρ_kx_fin=+nan -> frac=0.000 | t(attrs)=0.000s, t(frac)=0.000s
[2025-11-07T10:24:16-03:00] <k>=5.20, p=0.577778, px1=0.05, r_kk_obj=-0.50, r_kk_fin=-0.485, ρ_kx_obj=0.30, ρ_kx_fin=+nan -> frac=0.000 | t(attrs)=0.000s, t(frac)=0.000s
[2025-11-07T10:24:16-03:00] <k>=5.20, p=0.577778, px1=0.05, r_kk_obj=-0.50, r_kk_fin=-0.485, ρ_kx_obj=0.40, ρ_kx_fin=+nan -> frac=0.000 | t(attrs)=0.000s, t(frac)=0.000s
[2025-11-07T10:24:16-03:00] <k>=5.20, p=0.577778, px1=0.05, r_kk_obj=-0.50, r_kk_fin=-0.485, ρ_kx_obj=0.50, ρ_kx_fin=+nan -> frac=0.000 | t(attrs)=0.000s, t(frac)=0.000s
[2025-11-07T10:24:16-03:00] <k>=5.20, p=0.577778, px1=0.05, r_kk_obj=-0.50, r_kk_fin=-0.485, ρ_kx_obj=0.60, ρ_kx_fin=+nan -> frac=0.000 | t(attrs)=0.000s, t(frac)=0.000s
[2025-11-07T10:24:16-03:00] Curva lista: <k>=5.20, px1=0.05, r_kk_obj=-0.50, r_kk_fin=-0.485, p=0.577778, t_curva=0.03s (t_gen=0.00s, t_rew=0.03s, t_rho_total=0.00s; t_attrs=0.00s, t_frac=0.00s)
[2025-11-07T10:24:16-03:00] Generada red ER: N=10, <k>_obj=5.20, p=0.577778, L=20, tiempo=0.000s
[2025-11-07T10:24:16-03:00] Rewire r_kk: objetivo=+0.00, alcanzado=-0.002, |Δ|=0.002, iters=9, tiempo=0.002s
[2025-11-07T10:24:16-03:00] <k>=5.20, p=0.577778, px1=0.05, r_kk_obj=+0.00, r_kk_fin=-0.002, ρ_kx_obj=0.00, ρ_kx_fin=+nan -> frac=0.000 | t(attrs)=0.000s, t(frac)=0.000s
[2025-11-07T10:24:16-03:00] <k>=5.20, p=0.577778, px1=0.05, r_kk_obj=+0.00, r_kk_fin=-0.002, ρ_kx_obj=0.10, ρ_kx_fin=+nan -> frac=0.000 | t(attrs)=0.000s, t(frac)=0.000s
[2025-11-07T10:24:16-03:00] <k>=5.20, p=0.577778, px1=0.05, r_kk_obj=+0.00, r_kk_fin=-0.002, ρ_kx_obj=0.20, ρ_kx_fin=+nan -> frac=0.000 | t(attrs)=0.000s, t(frac)=0.000s
[2025-11-07T10:24:16-03:00] <k>=5.20, p=0.577778, px1=0.05, r_kk_obj=+0.00, r_kk_fin=-0.002, ρ_kx_obj=0.30, ρ_kx_fin=+nan -> frac=0.000 | t(attrs)=0.000s, t(frac)=0.000s
[2025-11-07T10:24:16-03:00] <k>=5.20, p=0.577778, px1=0.05, r_kk_obj=+0.00, r_kk_fin=-0.002, ρ_kx_obj=0.40, ρ_kx_fin=+nan -> frac=0.000 | t(attrs)=0.000s, t(frac)=0.000s
[2025-11-07T10:24:16-03:00] <k>=5.20, p=0.577778, px1=0.05, r_kk_obj=+0.00, r_kk_fin=-0.002, ρ_kx_obj=0.50, ρ_kx_fin=+nan -> frac=0.000 | t(attrs)=0.000s, t(frac)=0.000s
[2025-11-07T10:24:16-03:00] <k>=5.20, p=0.577778, px1=0.05, r_kk_obj=+0.00, r_kk_fin=-0.002, ρ_kx_obj=0.60, ρ_kx_fin=+nan -> frac=0.000 | t(attrs)=0.000s, t(frac)=0.000s
[2025-11-07T10:24:16-03:00] Curva lista: <k>=5.20, px1=0.05, r_kk_obj=+0.00, r_kk_fin=-0.002, p=0.577778, t_curva=0.01s (t_gen=0.00s, t_rew=0.00s, t_rho_total=0.00s; t_attrs=0.00s, t_frac=0.00s)
[2025-11-07T10:24:16-03:00] Generada red ER: N=10, <k>_obj=5.20, p=0.577778, L=20, tiempo=0.000s
[2025-11-07T10:24:16-03:00] Rewire r_kk: objetivo=+0.50, alcanzado=+0.482, |Δ|=0.018, iters=200, tiempo=0.025s
[2025-11-07T10:24:16-03:00] <k>=5.20, p=0.577778, px1=0.05, r_kk_obj=+0.50, r_kk_fin=+0.482, ρ_kx_obj=0.00, ρ_kx_fin=+nan -> frac=0.000 | t(attrs)=0.001s, t(frac)=0.000s
[2025-11-07T10:24:16-03:00] <k>=5.20, p=0.577778, px1=0.05, r_kk_obj=+0.50, r_kk_fin=+0.482, ρ_kx_obj=0.10, ρ_kx_fin=+nan -> frac=0.000 | t(attrs)=0.000s, t(frac)=0.000s
[2025-11-07T10:24:16-03:00] <k>=5.20, p=0.577778, px1=0.05, r_kk_obj=+0.50, r_kk_fin=+0.482, ρ_kx_obj=0.20, ρ_kx_fin=+nan -> frac=0.000 | t(attrs)=0.000s, t(frac)=0.000s
[2025-11-07T10:24:16-03:00] <k>=5.20, p=0.577778, px1=0.05, r_kk_obj=+0.50, r_kk_fin=+0.482, ρ_kx_obj=0.30, ρ_kx_fin=+nan -> frac=0.000 | t(attrs)=0.000s, t(frac)=0.000s
[2025-11-07T10:24:16-03:00] <k>=5.20, p=0.577778, px1=0.05, r_kk_obj=+0.50, r_kk_fin=+0.482, ρ_kx_obj=0.40, ρ_kx_fin=+nan -> frac=0.000 | t(attrs)=0.000s, t(frac)=0.000s
[2025-11-07T10:24:16-03:00] <k>=5.20, p=0.577778, px1=0.05, r_kk_obj=+0.50, r_kk_fin=+0.482, ρ_kx_obj=0.50, ρ_kx_fin=+nan -> frac=0.000 | t(attrs)=0.000s, t(frac)=0.000s
[2025-11-07T10:24:16-03:00] <k>=5.20, p=0.577778, px1=0.05, r_kk_obj=+0.50, r_kk_fin=+0.482, ρ_kx_obj=0.60, ρ_kx_fin=+nan -> frac=0.000 | t(attrs)=0.000s, t(frac)=0.000s
[2025-11-07T10:24:16-03:00] Curva lista: <k>=5.20, px1=0.05, r_kk_obj=+0.50, r_kk_fin=+0.482, p=0.577778, t_curva=0.03s (t_gen=0.00s, t_rew=0.03s, t_rho_total=0.00s; t_attrs=0.00s, t_frac=0.00s)
[2025-11-07T10:24:17-03:00] Generada red ER: N=10, <k>_obj=2.50, p=0.277778, L=5, tiempo=0.001s
[2025-11-07T10:24:17-03:00] Rewire r_kk: objetivo=-0.50, alcanzado=-0.667, |Δ|=0.167, iters=50, tiempo=0.013s
[2025-11-07T10:24:17-03:00] <k>=2.50, p=0.277778, px1=0.05, r_kk_obj=-0.50, r_kk_fin=-0.667, ρ_kx_obj=0.00, ρ_kx_fin=+nan -> frac=0.000 | t(attrs)=0.001s, t(frac)=0.000s
[2025-11-07T10:24:17-03:00] <k>=2.50, p=0.277778, px1=0.05, r_kk_obj=-0.50, r_kk_fin=-0.667, ρ_kx_obj=0.10, ρ_kx_fin=+nan -> frac=0.000 | t(attrs)=0.001s, t(frac)=0.000s
[2025-11-07T10:24:17-03:00] <k>=2.50, p=0.277778, px1=0.05, r_kk_obj=-0.50, r_kk_fin=-0.667, ρ_kx_obj=0.20, ρ_kx_fin=+nan -> frac=0.000 | t(attrs)=0.001s, t(frac)=0.000s
[2025-11-07T10:24:17-03:00] <k>=2.50, p=0.277778, px1=0.05, r_kk_obj=-0.50, r_kk_fin=-0.667, ρ_kx_obj=0.30, ρ_kx_fin=+nan -> frac=0.000 | t(attrs)=0.000s, t(frac)=0.000s
[2025-11-07T10:24:17-03:00] <k>=2.50, p=0.277778, px1=0.05, r_kk_obj=-0.50, r_kk_fin=-0.667, ρ_kx_obj=0.40, ρ_kx_fin=+nan -> frac=0.000 | t(attrs)=0.000s, t(frac)=0.000s
[2025-11-07T10:24:17-03:00] <k>=2.50, p=0.277778, px1=0.05, r_kk_obj=-0.50, r_kk_fin=-0.667, ρ_kx_obj=0.50, ρ_kx_fin=+nan -> frac=0.000 | t(attrs)=0.000s, t(frac)=0.000s
[2025-11-07T10:24:17-03:00] <k>=2.50, p=0.277778, px1=0.05, r_kk_obj=-0.50, r_kk_fin=-0.667, ρ_kx_obj=0.60, ρ_kx_fin=+nan -> frac=0.000 | t(attrs)=0.000s, t(frac)=0.000s
[2025-11-07T10:24:17-03:00] Curva lista: <k>=2.50, px1=0.05, r_kk_obj=-0.50, r_kk_fin=-0.667, p=0.277778, t_curva=0.02s (t_gen=0.00s, t_rew=0.01s, t_rho_total=0.00s; t_attrs=0.00s, t_frac=0.00s)
[2025-11-07T10:24:17-03:00] Generada red ER: N=10, <k>_obj=2.50, p=0.277778, L=5, tiempo=0.000s
[2025-11-07T10:24:17-03:00] Rewire r_kk: objetivo=+0.00, alcanzado=+0.167, |Δ|=0.167, iters=50, tiempo=0.018s
[2025-11-07T10:24:17-03:00] <k>=2.50, p=0.277778, px1=0.05, r_kk_obj=+0.00, r_kk_fin=+0.167, ρ_kx_obj=0.00, ρ_kx_fin=+nan -> frac=0.000 | t(attrs)=0.001s, t(frac)=0.000s
[2025-11-07T10:24:17-03:00] <k>=2.50, p=0.277778, px1=0.05, r_kk_obj=+0.00, r_kk_fin=+0.167, ρ_kx_obj=0.10, ρ_kx_fin=+nan -> frac=0.000 | t(attrs)=0.000s, t(frac)=0.000s
[2025-11-07T10:24:17-03:00] <k>=2.50, p=0.277778, px1=0.05, r_kk_obj=+0.00, r_kk_fin=+0.167, ρ_kx_obj=0.20, ρ_kx_fin=+nan -> frac=0.000 | t(attrs)=0.000s, t(frac)=0.000s
[2025-11-07T10:24:17-03:00] <k>=2.50, p=0.277778, px1=0.05, r_kk_obj=+0.00, r_kk_fin=+0.167, ρ_kx_obj=0.30, ρ_kx_fin=+nan -> frac=0.000 | t(attrs)=0.000s, t(frac)=0.000s
[2025-11-07T10:24:17-03:00] <k>=2.50, p=0.277778, px1=0.05, r_kk_obj=+0.00, r_kk_fin=+0.167, ρ_kx_obj=0.40, ρ_kx_fin=+nan -> frac=0.000 | t(attrs)=0.000s, t(frac)=0.000s
[2025-11-07T10:24:17-03:00] <k>=2.50, p=0.277778, px1=0.05, r_kk_obj=+0.00, r_kk_fin=+0.167, ρ_kx_obj=0.50, ρ_kx_fin=+nan -> frac=0.000 | t(attrs)=0.000s, t(frac)=0.000s
[2025-11-07T10:24:17-03:00] <k>=2.50, p=0.277778, px1=0.05, r_kk_obj=+0.00, r_kk_fin=+0.167, ρ_kx_obj=0.60, ρ_kx_fin=+nan -> frac=0.000 | t(attrs)=0.000s, t(frac)=0.000s
[2025-11-07T10:24:17-03:00] Curva lista: <k>=2.50, px1=0.05, r_kk_obj=+0.00, r_kk_fin=+0.167, p=0.277778, t_curva=0.02s (t_gen=0.00s, t_rew=0.02s, t_rho_total=0.00s; t_attrs=0.00s, t_frac=0.00s)
[2025-11-07T10:24:17-03:00] Generada red ER: N=10, <k>_obj=2.50, p=0.277778, L=5, tiempo=0.001s
[2025-11-07T10:24:17-03:00] Rewire r_kk: objetivo=+0.50, alcanzado=+0.167, |Δ|=0.333, iters=50, tiempo=0.014s
[2025-11-07T10:24:17-03:00] <k>=2.50, p=0.277778, px1=0.05, r_kk_obj=+0.50, r_kk_fin=+0.167, ρ_kx_obj=0.00, ρ_kx_fin=+nan -> frac=0.000 | t(attrs)=0.002s, t(frac)=0.000s
[2025-11-07T10:24:17-03:00] <k>=2.50, p=0.277778, px1=0.05, r_kk_obj=+0.50, r_kk_fin=+0.167, ρ_kx_obj=0.10, ρ_kx_fin=+nan -> frac=0.000 | t(attrs)=0.001s, t(frac)=0.000s
[2025-11-07T10:24:17-03:00] <k>=2.50, p=0.277778, px1=0.05, r_kk_obj=+0.50, r_kk_fin=+0.167, ρ_kx_obj=0.20, ρ_kx_fin=+nan -> frac=0.000 | t(attrs)=0.000s, t(frac)=0.000s
[2025-11-07T10:24:17-03:00] <k>=2.50, p=0.277778, px1=0.05, r_kk_obj=+0.50, r_kk_fin=+0.167, ρ_kx_obj=0.30, ρ_kx_fin=+nan -> frac=0.000 | t(attrs)=0.000s, t(frac)=0.000s
[2025-11-07T10:24:17-03:00] <k>=2.50, p=0.277778, px1=0.05, r_kk_obj=+0.50, r_kk_fin=+0.167, ρ_kx_obj=0.40, ρ_kx_fin=+nan -> frac=0.000 | t(attrs)=0.000s, t(frac)=0.000s
[2025-11-07T10:24:17-03:00] <k>=2.50, p=0.277778, px1=0.05, r_kk_obj=+0.50, r_kk_fin=+0.167, ρ_kx_obj=0.50, ρ_kx_fin=+nan -> frac=0.000 | t(attrs)=0.000s, t(frac)=0.000s
[2025-11-07T10:24:17-03:00] <k>=2.50, p=0.277778, px1=0.05, r_kk_obj=+0.50, r_kk_fin=+0.167, ρ_kx_obj=0.60, ρ_kx_fin=+nan -> frac=0.000 | t(attrs)=0.000s, t(frac)=0.000s
[2025-11-07T10:24:17-03:00] Curva lista: <k>=2.50, px1=0.05, r_kk_obj=+0.50, r_kk_fin=+0.167, p=0.277778, t_curva=0.02s (t_gen=0.00s, t_rew=0.01s, t_rho_total=0.00s; t_attrs=0.00s, t_frac=0.00s)
