[2025-11-07T10:30:00-03:00] Ejecutando script: Erdos-Renyi-v2.py | ruta=C:\Users\dcaceres\Documents\Magister\Trimestre 2\CS Redes\Tarea 2\python\Erdos-Renyi-v2.py
[2025-11-07T10:30:00-03:00] Inicio experimento Fig3-ER (paralelo por procesos) | carpeta=run-e2r\251107103000_N100
[2025-11-07T10:30:00-03:00] Procesos: usados=18, cpu_count=22
[2025-11-07T10:30:00-03:00] Parámetros: N=100, <k>=[5.2, 2.5], px1=[0.05, 0.1, 0.2], r_kk=[-0.5, 0.0, 0.5], ρ_kx=[np.float64(0.0), np.float64(0.09), np.float64(0.17), np.float64(0.26), np.float64(0.34), np.float64(0.43), np.float64(0.51), np.float64(0.6)], seed=12021974
[2025-11-07T10:30:04-03:00] Generada red ER: N=100, <k>_obj=5.20, p=0.052525, L=269, tiempo=0.002s
[2025-11-07T10:30:04-03:00] Rewire r_kk: objetivo=+0.00, alcanzado=-0.001, |Δ|=0.001, iters=16, tiempo=0.029s
[2025-11-07T10:30:04-03:00] <k>=5.20, p=0.052525, px1=0.20, r_kk_obj=+0.00, r_kk_fin=-0.001, ρ_kx_obj=0.00, ρ_kx_fin=-0.006 -> frac=0.070 | t(attrs)=0.017s, t(frac)=0.000s
[2025-11-07T10:30:04-03:00] <k>=5.20, p=0.052525, px1=0.20, r_kk_obj=+0.00, r_kk_fin=-0.001, ρ_kx_obj=0.09, ρ_kx_fin=+0.089 -> frac=0.020 | t(attrs)=0.006s, t(frac)=0.000s
[2025-11-07T10:30:04-03:00] <k>=5.20, p=0.052525, px1=0.20, r_kk_obj=+0.00, r_kk_fin=-0.001, ρ_kx_obj=0.17, ρ_kx_fin=+0.164 -> frac=0.050 | t(attrs)=0.003s, t(frac)=0.000s
[2025-11-07T10:30:04-03:00] <k>=5.20, p=0.052525, px1=0.20, r_kk_obj=+0.00, r_kk_fin=-0.001, ρ_kx_obj=0.26, ρ_kx_fin=+0.249 -> frac=0.070 | t(attrs)=0.027s, t(frac)=0.001s
[2025-11-07T10:30:04-03:00] <k>=5.20, p=0.052525, px1=0.20, r_kk_obj=+0.00, r_kk_fin=-0.001, ρ_kx_obj=0.34, ρ_kx_fin=+0.334 -> frac=0.070 | t(attrs)=0.007s, t(frac)=0.000s
[2025-11-07T10:30:04-03:00] <k>=5.20, p=0.052525, px1=0.20, r_kk_obj=+0.00, r_kk_fin=-0.001, ρ_kx_obj=0.43, ρ_kx_fin=+0.419 -> frac=0.090 | t(attrs)=0.013s, t(frac)=0.000s
[2025-11-07T10:30:04-03:00] <k>=5.20, p=0.052525, px1=0.20, r_kk_obj=+0.00, r_kk_fin=-0.001, ρ_kx_obj=0.51, ρ_kx_fin=+0.505 -> frac=0.070 | t(attrs)=0.051s, t(frac)=0.000s
[2025-11-07T10:30:04-03:00] <k>=5.20, p=0.052525, px1=0.20, r_kk_obj=+0.00, r_kk_fin=-0.001, ρ_kx_obj=0.60, ρ_kx_fin=+0.600 -> frac=0.150 | t(attrs)=0.050s, t(frac)=0.000s
[2025-11-07T10:30:04-03:00] Curva lista: <k>=5.20, px1=0.20, r_kk_obj=+0.00, r_kk_fin=-0.001, p=0.052525, t_curva=0.21s (t_gen=0.00s, t_rew=0.03s, t_rho_total=0.18s; t_attrs=0.17s, t_frac=0.00s)
[2025-11-07T10:30:04-03:00] Generada red ER: N=100, <k>_obj=2.50, p=0.025253, L=123, tiempo=0.002s
[2025-11-07T10:30:04-03:00] Rewire r_kk: objetivo=+0.00, alcanzado=+0.005, |Δ|=0.005, iters=0, tiempo=0.004s
[2025-11-07T10:30:04-03:00] <k>=2.50, p=0.025253, px1=0.20, r_kk_obj=+0.00, r_kk_fin=+0.005, ρ_kx_obj=0.00, ρ_kx_fin=-0.003 -> frac=0.040 | t(attrs)=0.005s, t(frac)=0.000s
[2025-11-07T10:30:04-03:00] <k>=2.50, p=0.025253, px1=0.20, r_kk_obj=+0.00, r_kk_fin=+0.005, ρ_kx_obj=0.09, ρ_kx_fin=+0.087 -> frac=0.100 | t(attrs)=0.014s, t(frac)=0.000s
[2025-11-07T10:30:04-03:00] <k>=2.50, p=0.025253, px1=0.20, r_kk_obj=+0.00, r_kk_fin=+0.005, ρ_kx_obj=0.17, ρ_kx_fin=+0.176 -> frac=0.120 | t(attrs)=0.012s, t(frac)=0.000s
[2025-11-07T10:30:04-03:00] <k>=2.50, p=0.025253, px1=0.20, r_kk_obj=+0.00, r_kk_fin=+0.005, ρ_kx_obj=0.26, ρ_kx_fin=+0.266 -> frac=0.090 | t(attrs)=0.005s, t(frac)=0.000s
[2025-11-07T10:30:04-03:00] <k>=2.50, p=0.025253, px1=0.20, r_kk_obj=+0.00, r_kk_fin=+0.005, ρ_kx_obj=0.34, ρ_kx_fin=+0.340 -> frac=0.140 | t(attrs)=0.022s, t(frac)=0.001s
[2025-11-07T10:30:04-03:00] <k>=2.50, p=0.025253, px1=0.20, r_kk_obj=+0.00, r_kk_fin=+0.005, ρ_kx_obj=0.43, ρ_kx_fin=+0.430 -> frac=0.180 | t(attrs)=0.029s, t(frac)=0.000s
[2025-11-07T10:30:04-03:00] <k>=2.50, p=0.025253, px1=0.20, r_kk_obj=+0.00, r_kk_fin=+0.005, ρ_kx_obj=0.51, ρ_kx_fin=+0.519 -> frac=0.190 | t(attrs)=0.030s, t(frac)=0.000s
[2025-11-07T10:30:04-03:00] <k>=2.50, p=0.025253, px1=0.20, r_kk_obj=+0.00, r_kk_fin=+0.005, ρ_kx_obj=0.60, ρ_kx_fin=+0.594 -> frac=0.210 | t(attrs)=0.053s, t(frac)=0.000s
[2025-11-07T10:30:04-03:00] Curva lista: <k>=2.50, px1=0.20, r_kk_obj=+0.00, r_kk_fin=+0.005, p=0.025253, t_curva=0.18s (t_gen=0.00s, t_rew=0.00s, t_rho_total=0.17s; t_attrs=0.17s, t_frac=0.00s)
[2025-11-07T10:30:04-03:00] Generada red ER: N=100, <k>_obj=2.50, p=0.025253, L=123, tiempo=0.002s
[2025-11-07T10:30:04-03:00] Rewire r_kk: objetivo=+0.00, alcanzado=+0.005, |Δ|=0.005, iters=0, tiempo=0.002s
[2025-11-07T10:30:04-03:00] <k>=2.50, p=0.025253, px1=0.10, r_kk_obj=+0.00, r_kk_fin=+0.005, ρ_kx_obj=0.00, ρ_kx_fin=+0.008 -> frac=0.070 | t(attrs)=0.002s, t(frac)=0.000s
[2025-11-07T10:30:04-03:00] <k>=2.50, p=0.025253, px1=0.10, r_kk_obj=+0.00, r_kk_fin=+0.005, ρ_kx_obj=0.09, ρ_kx_fin=+0.088 -> frac=0.020 | t(attrs)=0.006s, t(frac)=0.000s
[2025-11-07T10:30:04-03:00] <k>=2.50, p=0.025253, px1=0.10, r_kk_obj=+0.00, r_kk_fin=+0.005, ρ_kx_obj=0.17, ρ_kx_fin=+0.167 -> frac=0.030 | t(attrs)=0.008s, t(frac)=0.000s
[2025-11-07T10:30:04-03:00] <k>=2.50, p=0.025253, px1=0.10, r_kk_obj=+0.00, r_kk_fin=+0.005, ρ_kx_obj=0.26, ρ_kx_fin=+0.267 -> frac=0.060 | t(attrs)=0.010s, t(frac)=0.000s
[2025-11-07T10:30:04-03:00] <k>=2.50, p=0.025253, px1=0.10, r_kk_obj=+0.00, r_kk_fin=+0.005, ρ_kx_obj=0.34, ρ_kx_fin=+0.346 -> frac=0.040 | t(attrs)=0.012s, t(frac)=0.000s
[2025-11-07T10:30:04-03:00] <k>=2.50, p=0.025253, px1=0.10, r_kk_obj=+0.00, r_kk_fin=+0.005, ρ_kx_obj=0.43, ρ_kx_fin=+0.426 -> frac=0.060 | t(attrs)=0.011s, t(frac)=0.000s
[2025-11-07T10:30:04-03:00] <k>=2.50, p=0.025253, px1=0.10, r_kk_obj=+0.00, r_kk_fin=+0.005, ρ_kx_obj=0.51, ρ_kx_fin=+0.505 -> frac=0.060 | t(attrs)=0.037s, t(frac)=0.000s
[2025-11-07T10:30:04-03:00] <k>=2.50, p=0.025253, px1=0.10, r_kk_obj=+0.00, r_kk_fin=+0.005, ρ_kx_obj=0.60, ρ_kx_fin=+0.605 -> frac=0.100 | t(attrs)=0.141s, t(frac)=0.000s
[2025-11-07T10:30:04-03:00] Curva lista: <k>=2.50, px1=0.10, r_kk_obj=+0.00, r_kk_fin=+0.005, p=0.025253, t_curva=0.23s (t_gen=0.00s, t_rew=0.00s, t_rho_total=0.23s; t_attrs=0.23s, t_frac=0.00s)
[2025-11-07T10:30:05-03:00] Generada red ER: N=100, <k>_obj=5.20, p=0.052525, L=269, tiempo=0.001s
[2025-11-07T10:30:05-03:00] Rewire r_kk: objetivo=-0.50, alcanzado=-0.485, |Δ|=0.015, iters=236, tiempo=0.443s
[2025-11-07T10:30:05-03:00] <k>=5.20, p=0.052525, px1=0.20, r_kk_obj=-0.50, r_kk_fin=-0.485, ρ_kx_obj=0.00, ρ_kx_fin=-0.006 -> frac=0.030 | t(attrs)=0.002s, t(frac)=0.000s
[2025-11-07T10:30:05-03:00] <k>=5.20, p=0.052525, px1=0.20, r_kk_obj=-0.50, r_kk_fin=-0.485, ρ_kx_obj=0.09, ρ_kx_fin=+0.079 -> frac=0.070 | t(attrs)=0.001s, t(frac)=0.000s
[2025-11-07T10:30:05-03:00] <k>=5.20, p=0.052525, px1=0.20, r_kk_obj=-0.50, r_kk_fin=-0.485, ρ_kx_obj=0.17, ρ_kx_fin=+0.175 -> frac=0.040 | t(attrs)=0.006s, t(frac)=0.000s
[2025-11-07T10:30:05-03:00] <k>=5.20, p=0.052525, px1=0.20, r_kk_obj=-0.50, r_kk_fin=-0.485, ρ_kx_obj=0.26, ρ_kx_fin=+0.260 -> frac=0.140 | t(attrs)=0.008s, t(frac)=0.000s
[2025-11-07T10:30:05-03:00] <k>=5.20, p=0.052525, px1=0.20, r_kk_obj=-0.50, r_kk_fin=-0.485, ρ_kx_obj=0.34, ρ_kx_fin=+0.345 -> frac=0.080 | t(attrs)=0.029s, t(frac)=0.000s
[2025-11-07T10:30:05-03:00] <k>=5.20, p=0.052525, px1=0.20, r_kk_obj=-0.50, r_kk_fin=-0.485, ρ_kx_obj=0.43, ρ_kx_fin=+0.419 -> frac=0.210 | t(attrs)=0.029s, t(frac)=0.000s
[2025-11-07T10:30:05-03:00] <k>=5.20, p=0.052525, px1=0.20, r_kk_obj=-0.50, r_kk_fin=-0.485, ρ_kx_obj=0.51, ρ_kx_fin=+0.505 -> frac=0.150 | t(attrs)=0.024s, t(frac)=0.000s
[2025-11-07T10:30:05-03:00] <k>=5.20, p=0.052525, px1=0.20, r_kk_obj=-0.50, r_kk_fin=-0.485, ρ_kx_obj=0.60, ρ_kx_fin=+0.600 -> frac=0.220 | t(attrs)=0.045s, t(frac)=0.000s
[2025-11-07T10:30:05-03:00] Curva lista: <k>=5.20, px1=0.20, r_kk_obj=-0.50, r_kk_fin=-0.485, p=0.052525, t_curva=0.59s (t_gen=0.00s, t_rew=0.44s, t_rho_total=0.15s; t_attrs=0.14s, t_frac=0.00s)
[2025-11-07T10:30:05-03:00] Generada red ER: N=100, <k>_obj=2.50, p=0.025253, L=123, tiempo=0.002s
[2025-11-07T10:30:05-03:00] Rewire r_kk: objetivo=+0.50, alcanzado=+0.511, |Δ|=0.011, iters=93, tiempo=0.170s
[2025-11-07T10:30:05-03:00] <k>=2.50, p=0.025253, px1=0.20, r_kk_obj=+0.50, r_kk_fin=+0.511, ρ_kx_obj=0.00, ρ_kx_fin=-0.003 -> frac=0.080 | t(attrs)=0.002s, t(frac)=0.000s
[2025-11-07T10:30:05-03:00] <k>=2.50, p=0.025253, px1=0.20, r_kk_obj=+0.50, r_kk_fin=+0.511, ρ_kx_obj=0.09, ρ_kx_fin=+0.087 -> frac=0.110 | t(attrs)=0.004s, t(frac)=0.000s
[2025-11-07T10:30:05-03:00] <k>=2.50, p=0.025253, px1=0.20, r_kk_obj=+0.50, r_kk_fin=+0.511, ρ_kx_obj=0.17, ρ_kx_fin=+0.176 -> frac=0.080 | t(attrs)=0.004s, t(frac)=0.000s
[2025-11-07T10:30:05-03:00] <k>=2.50, p=0.025253, px1=0.20, r_kk_obj=+0.50, r_kk_fin=+0.511, ρ_kx_obj=0.26, ρ_kx_fin=+0.251 -> frac=0.070 | t(attrs)=0.009s, t(frac)=0.000s
[2025-11-07T10:30:05-03:00] <k>=2.50, p=0.025253, px1=0.20, r_kk_obj=+0.50, r_kk_fin=+0.511, ρ_kx_obj=0.34, ρ_kx_fin=+0.340 -> frac=0.120 | t(attrs)=0.012s, t(frac)=0.000s
[2025-11-07T10:30:05-03:00] <k>=2.50, p=0.025253, px1=0.20, r_kk_obj=+0.50, r_kk_fin=+0.511, ρ_kx_obj=0.43, ρ_kx_fin=+0.430 -> frac=0.180 | t(attrs)=0.027s, t(frac)=0.000s
[2025-11-07T10:30:05-03:00] <k>=2.50, p=0.025253, px1=0.20, r_kk_obj=+0.50, r_kk_fin=+0.511, ρ_kx_obj=0.51, ρ_kx_fin=+0.519 -> frac=0.170 | t(attrs)=0.054s, t(frac)=0.000s
[2025-11-07T10:30:05-03:00] <k>=2.50, p=0.025253, px1=0.20, r_kk_obj=+0.50, r_kk_fin=+0.511, ρ_kx_obj=0.60, ρ_kx_fin=+0.609 -> frac=0.180 | t(attrs)=0.021s, t(frac)=0.000s
[2025-11-07T10:30:05-03:00] Curva lista: <k>=2.50, px1=0.20, r_kk_obj=+0.50, r_kk_fin=+0.511, p=0.025253, t_curva=0.31s (t_gen=0.00s, t_rew=0.17s, t_rho_total=0.13s; t_attrs=0.13s, t_frac=0.00s)
[2025-11-07T10:30:05-03:00] Generada red ER: N=100, <k>_obj=5.20, p=0.052525, L=269, tiempo=0.002s
[2025-11-07T10:30:05-03:00] Rewire r_kk: objetivo=+0.50, alcanzado=+0.486, |Δ|=0.014, iters=232, tiempo=0.485s
[2025-11-07T10:30:05-03:00] <k>=5.20, p=0.052525, px1=0.20, r_kk_obj=+0.50, r_kk_fin=+0.486, ρ_kx_obj=0.00, ρ_kx_fin=-0.006 -> frac=0.020 | t(attrs)=0.001s, t(frac)=0.000s
[2025-11-07T10:30:05-03:00] <k>=5.20, p=0.052525, px1=0.20, r_kk_obj=+0.50, r_kk_fin=+0.486, ρ_kx_obj=0.09, ρ_kx_fin=+0.079 -> frac=0.040 | t(attrs)=0.000s, t(frac)=0.000s
[2025-11-07T10:30:05-03:00] <k>=5.20, p=0.052525, px1=0.20, r_kk_obj=+0.50, r_kk_fin=+0.486, ρ_kx_obj=0.17, ρ_kx_fin=+0.175 -> frac=0.040 | t(attrs)=0.013s, t(frac)=0.000s
[2025-11-07T10:30:05-03:00] <k>=5.20, p=0.052525, px1=0.20, r_kk_obj=+0.50, r_kk_fin=+0.486, ρ_kx_obj=0.26, ρ_kx_fin=+0.260 -> frac=0.040 | t(attrs)=0.014s, t(frac)=0.000s
[2025-11-07T10:30:05-03:00] <k>=5.20, p=0.052525, px1=0.20, r_kk_obj=+0.50, r_kk_fin=+0.486, ρ_kx_obj=0.34, ρ_kx_fin=+0.334 -> frac=0.060 | t(attrs)=0.021s, t(frac)=0.000s
[2025-11-07T10:30:05-03:00] <k>=5.20, p=0.052525, px1=0.20, r_kk_obj=+0.50, r_kk_fin=+0.486, ρ_kx_obj=0.43, ρ_kx_fin=+0.419 -> frac=0.110 | t(attrs)=0.022s, t(frac)=0.000s
[2025-11-07T10:30:05-03:00] <k>=5.20, p=0.052525, px1=0.20, r_kk_obj=+0.50, r_kk_fin=+0.486, ρ_kx_obj=0.51, ρ_kx_fin=+0.505 -> frac=0.060 | t(attrs)=0.013s, t(frac)=0.000s
[2025-11-07T10:30:05-03:00] <k>=5.20, p=0.052525, px1=0.20, r_kk_obj=+0.50, r_kk_fin=+0.486, ρ_kx_obj=0.60, ρ_kx_fin=+0.600 -> frac=0.110 | t(attrs)=0.041s, t(frac)=0.000s
[2025-11-07T10:30:05-03:00] Curva lista: <k>=5.20, px1=0.20, r_kk_obj=+0.50, r_kk_fin=+0.486, p=0.052525, t_curva=0.61s (t_gen=0.00s, t_rew=0.49s, t_rho_total=0.13s; t_attrs=0.12s, t_frac=0.00s)
[2025-11-07T10:30:05-03:00] Generada red ER: N=100, <k>_obj=2.50, p=0.025253, L=123, tiempo=0.002s
[2025-11-07T10:30:05-03:00] Rewire r_kk: objetivo=-0.50, alcanzado=-0.490, |Δ|=0.010, iters=151, tiempo=0.274s
[2025-11-07T10:30:05-03:00] <k>=2.50, p=0.025253, px1=0.20, r_kk_obj=-0.50, r_kk_fin=-0.490, ρ_kx_obj=0.00, ρ_kx_fin=-0.003 -> frac=0.070 | t(attrs)=0.008s, t(frac)=0.000s
[2025-11-07T10:30:05-03:00] <k>=2.50, p=0.025253, px1=0.20, r_kk_obj=-0.50, r_kk_fin=-0.490, ρ_kx_obj=0.09, ρ_kx_fin=+0.087 -> frac=0.060 | t(attrs)=0.011s, t(frac)=0.000s
[2025-11-07T10:30:05-03:00] <k>=2.50, p=0.025253, px1=0.20, r_kk_obj=-0.50, r_kk_fin=-0.490, ρ_kx_obj=0.17, ρ_kx_fin=+0.176 -> frac=0.170 | t(attrs)=0.003s, t(frac)=0.000s
[2025-11-07T10:30:05-03:00] <k>=2.50, p=0.025253, px1=0.20, r_kk_obj=-0.50, r_kk_fin=-0.490, ρ_kx_obj=0.26, ρ_kx_fin=+0.251 -> frac=0.150 | t(attrs)=0.012s, t(frac)=0.000s
[2025-11-07T10:30:05-03:00] <k>=2.50, p=0.025253, px1=0.20, r_kk_obj=-0.50, r_kk_fin=-0.490, ρ_kx_obj=0.34, ρ_kx_fin=+0.340 -> frac=0.160 | t(attrs)=0.017s, t(frac)=0.000s
[2025-11-07T10:30:05-03:00] <k>=2.50, p=0.025253, px1=0.20, r_kk_obj=-0.50, r_kk_fin=-0.490, ρ_kx_obj=0.43, ρ_kx_fin=+0.430 -> frac=0.210 | t(attrs)=0.020s, t(frac)=0.000s
[2025-11-07T10:30:05-03:00] <k>=2.50, p=0.025253, px1=0.20, r_kk_obj=-0.50, r_kk_fin=-0.490, ρ_kx_obj=0.51, ρ_kx_fin=+0.519 -> frac=0.250 | t(attrs)=0.031s, t(frac)=0.000s
[2025-11-07T10:30:05-03:00] <k>=2.50, p=0.025253, px1=0.20, r_kk_obj=-0.50, r_kk_fin=-0.490, ρ_kx_obj=0.60, ρ_kx_fin=+0.594 -> frac=0.270 | t(attrs)=0.019s, t(frac)=0.000s
[2025-11-07T10:30:05-03:00] Curva lista: <k>=2.50, px1=0.20, r_kk_obj=-0.50, r_kk_fin=-0.490, p=0.025253, t_curva=0.40s (t_gen=0.00s, t_rew=0.27s, t_rho_total=0.12s; t_attrs=0.12s, t_frac=0.00s)
[2025-11-07T10:30:05-03:00] Generada red ER: N=100, <k>_obj=2.50, p=0.025253, L=123, tiempo=0.002s
[2025-11-07T10:30:05-03:00] Rewire r_kk: objetivo=+0.50, alcanzado=+0.511, |Δ|=0.011, iters=93, tiempo=0.140s
[2025-11-07T10:30:05-03:00] <k>=2.50, p=0.025253, px1=0.10, r_kk_obj=+0.50, r_kk_fin=+0.511, ρ_kx_obj=0.00, ρ_kx_fin=+0.008 -> frac=0.020 | t(attrs)=0.007s, t(frac)=0.000s
[2025-11-07T10:30:05-03:00] <k>=2.50, p=0.025253, px1=0.10, r_kk_obj=+0.50, r_kk_fin=+0.511, ρ_kx_obj=0.09, ρ_kx_fin=+0.088 -> frac=0.040 | t(attrs)=0.000s, t(frac)=0.000s
[2025-11-07T10:30:05-03:00] <k>=2.50, p=0.025253, px1=0.10, r_kk_obj=+0.50, r_kk_fin=+0.511, ρ_kx_obj=0.17, ρ_kx_fin=+0.167 -> frac=0.060 | t(attrs)=0.003s, t(frac)=0.000s
[2025-11-07T10:30:05-03:00] <k>=2.50, p=0.025253, px1=0.10, r_kk_obj=+0.50, r_kk_fin=+0.511, ρ_kx_obj=0.26, ρ_kx_fin=+0.267 -> frac=0.040 | t(attrs)=0.015s, t(frac)=0.000s
[2025-11-07T10:30:05-03:00] <k>=2.50, p=0.025253, px1=0.10, r_kk_obj=+0.50, r_kk_fin=+0.511, ρ_kx_obj=0.34, ρ_kx_fin=+0.346 -> frac=0.040 | t(attrs)=0.024s, t(frac)=0.000s
[2025-11-07T10:30:05-03:00] <k>=2.50, p=0.025253, px1=0.10, r_kk_obj=+0.50, r_kk_fin=+0.511, ρ_kx_obj=0.43, ρ_kx_fin=+0.426 -> frac=0.060 | t(attrs)=0.027s, t(frac)=0.000s
[2025-11-07T10:30:05-03:00] <k>=2.50, p=0.025253, px1=0.10, r_kk_obj=+0.50, r_kk_fin=+0.511, ρ_kx_obj=0.51, ρ_kx_fin=+0.505 -> frac=0.050 | t(attrs)=0.053s, t(frac)=0.001s
[2025-11-07T10:30:05-03:00] <k>=2.50, p=0.025253, px1=0.10, r_kk_obj=+0.50, r_kk_fin=+0.511, ρ_kx_obj=0.60, ρ_kx_fin=+0.605 -> frac=0.020 | t(attrs)=0.145s, t(frac)=0.000s
[2025-11-07T10:30:05-03:00] Curva lista: <k>=2.50, px1=0.10, r_kk_obj=+0.50, r_kk_fin=+0.511, p=0.025253, t_curva=0.42s (t_gen=0.00s, t_rew=0.14s, t_rho_total=0.28s; t_attrs=0.27s, t_frac=0.00s)
[2025-11-07T10:30:05-03:00] Generada red ER: N=100, <k>_obj=2.50, p=0.025253, L=123, tiempo=0.001s
[2025-11-07T10:30:05-03:00] Rewire r_kk: objetivo=-0.50, alcanzado=-0.490, |Δ|=0.010, iters=151, tiempo=0.262s
[2025-11-07T10:30:05-03:00] <k>=2.50, p=0.025253, px1=0.10, r_kk_obj=-0.50, r_kk_fin=-0.490, ρ_kx_obj=0.00, ρ_kx_fin=+0.008 -> frac=0.030 | t(attrs)=0.003s, t(frac)=0.000s
[2025-11-07T10:30:05-03:00] <k>=2.50, p=0.025253, px1=0.10, r_kk_obj=-0.50, r_kk_fin=-0.490, ρ_kx_obj=0.09, ρ_kx_fin=+0.088 -> frac=0.020 | t(attrs)=0.004s, t(frac)=0.000s
[2025-11-07T10:30:05-03:00] <k>=2.50, p=0.025253, px1=0.10, r_kk_obj=-0.50, r_kk_fin=-0.490, ρ_kx_obj=0.17, ρ_kx_fin=+0.167 -> frac=0.070 | t(attrs)=0.006s, t(frac)=0.000s
[2025-11-07T10:30:05-03:00] <k>=2.50, p=0.025253, px1=0.10, r_kk_obj=-0.50, r_kk_fin=-0.490, ρ_kx_obj=0.26, ρ_kx_fin=+0.267 -> frac=0.070 | t(attrs)=0.011s, t(frac)=0.000s
[2025-11-07T10:30:05-03:00] <k>=2.50, p=0.025253, px1=0.10, r_kk_obj=-0.50, r_kk_fin=-0.490, ρ_kx_obj=0.34, ρ_kx_fin=+0.346 -> frac=0.080 | t(attrs)=0.022s, t(frac)=0.000s
[2025-11-07T10:30:05-03:00] <k>=2.50, p=0.025253, px1=0.10, r_kk_obj=-0.50, r_kk_fin=-0.490, ρ_kx_obj=0.43, ρ_kx_fin=+0.426 -> frac=0.140 | t(attrs)=0.020s, t(frac)=0.000s
[2025-11-07T10:30:05-03:00] <k>=2.50, p=0.025253, px1=0.10, r_kk_obj=-0.50, r_kk_fin=-0.490, ρ_kx_obj=0.51, ρ_kx_fin=+0.505 -> frac=0.120 | t(attrs)=0.031s, t(frac)=0.000s
[2025-11-07T10:30:05-03:00] <k>=2.50, p=0.025253, px1=0.10, r_kk_obj=-0.50, r_kk_fin=-0.490, ρ_kx_obj=0.60, ρ_kx_fin=+0.605 -> frac=0.190 | t(attrs)=0.119s, t(frac)=0.000s
[2025-11-07T10:30:05-03:00] Curva lista: <k>=2.50, px1=0.10, r_kk_obj=-0.50, r_kk_fin=-0.490, p=0.025253, t_curva=0.48s (t_gen=0.00s, t_rew=0.26s, t_rho_total=0.22s; t_attrs=0.22s, t_frac=0.00s)
[2025-11-07T10:30:06-03:00] Generada red ER: N=100, <k>_obj=5.20, p=0.052525, L=269, tiempo=0.002s
[2025-11-07T10:30:06-03:00] Rewire r_kk: objetivo=+0.50, alcanzado=+0.486, |Δ|=0.014, iters=232, tiempo=0.392s
[2025-11-07T10:30:06-03:00] <k>=5.20, p=0.052525, px1=0.05, r_kk_obj=+0.50, r_kk_fin=+0.486, ρ_kx_obj=0.00, ρ_kx_fin=+0.002 -> frac=0.000 | t(attrs)=0.006s, t(frac)=0.000s
[2025-11-07T10:30:06-03:00] <k>=5.20, p=0.052525, px1=0.05, r_kk_obj=+0.50, r_kk_fin=+0.486, ρ_kx_obj=0.09, ρ_kx_fin=+0.080 -> frac=0.000 | t(attrs)=0.005s, t(frac)=0.000s
[2025-11-07T10:30:06-03:00] <k>=5.20, p=0.052525, px1=0.05, r_kk_obj=+0.50, r_kk_fin=+0.486, ρ_kx_obj=0.17, ρ_kx_fin=+0.178 -> frac=0.000 | t(attrs)=0.009s, t(frac)=0.000s
[2025-11-07T10:30:06-03:00] <k>=5.20, p=0.052525, px1=0.05, r_kk_obj=+0.50, r_kk_fin=+0.486, ρ_kx_obj=0.26, ρ_kx_fin=+0.256 -> frac=0.000 | t(attrs)=0.006s, t(frac)=0.000s
[2025-11-07T10:30:06-03:00] <k>=5.20, p=0.052525, px1=0.05, r_kk_obj=+0.50, r_kk_fin=+0.486, ρ_kx_obj=0.34, ρ_kx_fin=+0.334 -> frac=0.000 | t(attrs)=0.028s, t(frac)=0.000s
[2025-11-07T10:30:06-03:00] <k>=5.20, p=0.052525, px1=0.05, r_kk_obj=+0.50, r_kk_fin=+0.486, ρ_kx_obj=0.43, ρ_kx_fin=+0.432 -> frac=0.000 | t(attrs)=0.041s, t(frac)=0.000s
[2025-11-07T10:30:06-03:00] <k>=5.20, p=0.052525, px1=0.05, r_kk_obj=+0.50, r_kk_fin=+0.486, ρ_kx_obj=0.51, ρ_kx_fin=+0.510 -> frac=0.000 | t(attrs)=0.314s, t(frac)=0.000s
[2025-11-07T10:30:06-03:00] <k>=5.20, p=0.052525, px1=0.05, r_kk_obj=+0.50, r_kk_fin=+0.486, ρ_kx_obj=0.60, ρ_kx_fin=+0.510 -> frac=0.000 | t(attrs)=2.355s, t(frac)=0.000s
[2025-11-07T10:30:06-03:00] Curva lista: <k>=5.20, px1=0.05, r_kk_obj=+0.50, r_kk_fin=+0.486, p=0.052525, t_curva=3.16s (t_gen=0.00s, t_rew=0.39s, t_rho_total=2.77s; t_attrs=2.76s, t_frac=0.00s)
[2025-11-07T10:30:06-03:00] Generada red ER: N=100, <k>_obj=5.20, p=0.052525, L=269, tiempo=0.001s
[2025-11-07T10:30:06-03:00] Rewire r_kk: objetivo=+0.00, alcanzado=-0.001, |Δ|=0.001, iters=16, tiempo=0.034s
[2025-11-07T10:30:06-03:00] <k>=5.20, p=0.052525, px1=0.05, r_kk_obj=+0.00, r_kk_fin=-0.001, ρ_kx_obj=0.00, ρ_kx_fin=+0.002 -> frac=0.000 | t(attrs)=0.002s, t(frac)=0.000s
[2025-11-07T10:30:06-03:00] <k>=5.20, p=0.052525, px1=0.05, r_kk_obj=+0.00, r_kk_fin=-0.001, ρ_kx_obj=0.09, ρ_kx_fin=+0.080 -> frac=0.010 | t(attrs)=0.001s, t(frac)=0.000s
[2025-11-07T10:30:06-03:00] <k>=5.20, p=0.052525, px1=0.05, r_kk_obj=+0.00, r_kk_fin=-0.001, ρ_kx_obj=0.17, ρ_kx_fin=+0.178 -> frac=0.010 | t(attrs)=0.005s, t(frac)=0.000s
[2025-11-07T10:30:06-03:00] <k>=5.20, p=0.052525, px1=0.05, r_kk_obj=+0.00, r_kk_fin=-0.001, ρ_kx_obj=0.26, ρ_kx_fin=+0.256 -> frac=0.020 | t(attrs)=0.007s, t(frac)=0.000s
[2025-11-07T10:30:06-03:00] <k>=5.20, p=0.052525, px1=0.05, r_kk_obj=+0.00, r_kk_fin=-0.001, ρ_kx_obj=0.34, ρ_kx_fin=+0.334 -> frac=0.000 | t(attrs)=0.032s, t(frac)=0.000s
[2025-11-07T10:30:06-03:00] <k>=5.20, p=0.052525, px1=0.05, r_kk_obj=+0.00, r_kk_fin=-0.001, ρ_kx_obj=0.43, ρ_kx_fin=+0.432 -> frac=0.010 | t(attrs)=0.037s, t(frac)=0.000s
[2025-11-07T10:30:06-03:00] <k>=5.20, p=0.052525, px1=0.05, r_kk_obj=+0.00, r_kk_fin=-0.001, ρ_kx_obj=0.51, ρ_kx_fin=+0.510 -> frac=0.010 | t(attrs)=0.391s, t(frac)=0.000s
[2025-11-07T10:30:06-03:00] <k>=5.20, p=0.052525, px1=0.05, r_kk_obj=+0.00, r_kk_fin=-0.001, ρ_kx_obj=0.60, ρ_kx_fin=+0.510 -> frac=0.010 | t(attrs)=2.741s, t(frac)=0.000s
[2025-11-07T10:30:06-03:00] Curva lista: <k>=5.20, px1=0.05, r_kk_obj=+0.00, r_kk_fin=-0.001, p=0.052525, t_curva=3.25s (t_gen=0.00s, t_rew=0.03s, t_rho_total=3.22s; t_attrs=3.22s, t_frac=0.00s)
[2025-11-07T10:30:07-03:00] Generada red ER: N=100, <k>_obj=5.20, p=0.052525, L=269, tiempo=0.002s
[2025-11-07T10:30:07-03:00] Rewire r_kk: objetivo=-0.50, alcanzado=-0.485, |Δ|=0.015, iters=236, tiempo=0.420s
[2025-11-07T10:30:07-03:00] <k>=5.20, p=0.052525, px1=0.05, r_kk_obj=-0.50, r_kk_fin=-0.485, ρ_kx_obj=0.00, ρ_kx_fin=+0.002 -> frac=0.010 | t(attrs)=0.002s, t(frac)=0.001s
[2025-11-07T10:30:07-03:00] <k>=5.20, p=0.052525, px1=0.05, r_kk_obj=-0.50, r_kk_fin=-0.485, ρ_kx_obj=0.09, ρ_kx_fin=+0.080 -> frac=0.000 | t(attrs)=0.005s, t(frac)=0.000s
[2025-11-07T10:30:07-03:00] <k>=5.20, p=0.052525, px1=0.05, r_kk_obj=-0.50, r_kk_fin=-0.485, ρ_kx_obj=0.17, ρ_kx_fin=+0.178 -> frac=0.010 | t(attrs)=0.010s, t(frac)=0.000s
[2025-11-07T10:30:07-03:00] <k>=5.20, p=0.052525, px1=0.05, r_kk_obj=-0.50, r_kk_fin=-0.485, ρ_kx_obj=0.26, ρ_kx_fin=+0.256 -> frac=0.040 | t(attrs)=0.009s, t(frac)=0.000s
[2025-11-07T10:30:07-03:00] <k>=5.20, p=0.052525, px1=0.05, r_kk_obj=-0.50, r_kk_fin=-0.485, ρ_kx_obj=0.34, ρ_kx_fin=+0.334 -> frac=0.020 | t(attrs)=0.038s, t(frac)=0.000s
[2025-11-07T10:30:07-03:00] <k>=5.20, p=0.052525, px1=0.05, r_kk_obj=-0.50, r_kk_fin=-0.485, ρ_kx_obj=0.43, ρ_kx_fin=+0.432 -> frac=0.040 | t(attrs)=0.031s, t(frac)=0.000s
[2025-11-07T10:30:07-03:00] <k>=5.20, p=0.052525, px1=0.05, r_kk_obj=-0.50, r_kk_fin=-0.485, ρ_kx_obj=0.51, ρ_kx_fin=+0.510 -> frac=0.080 | t(attrs)=0.439s, t(frac)=0.001s
[2025-11-07T10:30:07-03:00] <k>=5.20, p=0.052525, px1=0.05, r_kk_obj=-0.50, r_kk_fin=-0.485, ρ_kx_obj=0.60, ρ_kx_fin=+0.510 -> frac=0.080 | t(attrs)=2.408s, t(frac)=0.000s
[2025-11-07T10:30:07-03:00] Curva lista: <k>=5.20, px1=0.05, r_kk_obj=-0.50, r_kk_fin=-0.485, p=0.052525, t_curva=3.37s (t_gen=0.00s, t_rew=0.42s, t_rho_total=2.94s; t_attrs=2.94s, t_frac=0.00s)
[2025-11-07T10:30:07-03:00] Generada red ER: N=100, <k>_obj=5.20, p=0.052525, L=269, tiempo=0.002s
[2025-11-07T10:30:07-03:00] Rewire r_kk: objetivo=+0.00, alcanzado=-0.001, |Δ|=0.001, iters=16, tiempo=0.032s
[2025-11-07T10:30:07-03:00] <k>=5.20, p=0.052525, px1=0.10, r_kk_obj=+0.00, r_kk_fin=-0.001, ρ_kx_obj=0.00, ρ_kx_fin=+0.003 -> frac=0.010 | t(attrs)=0.006s, t(frac)=0.000s
[2025-11-07T10:30:07-03:00] <k>=5.20, p=0.052525, px1=0.10, r_kk_obj=+0.00, r_kk_fin=-0.001, ρ_kx_obj=0.09, ρ_kx_fin=+0.088 -> frac=0.010 | t(attrs)=0.012s, t(frac)=0.000s
[2025-11-07T10:30:07-03:00] <k>=5.20, p=0.052525, px1=0.10, r_kk_obj=+0.00, r_kk_fin=-0.001, ρ_kx_obj=0.17, ρ_kx_fin=+0.173 -> frac=0.010 | t(attrs)=0.006s, t(frac)=0.000s
[2025-11-07T10:30:07-03:00] <k>=5.20, p=0.052525, px1=0.10, r_kk_obj=+0.00, r_kk_fin=-0.001, ρ_kx_obj=0.26, ρ_kx_fin=+0.258 -> frac=0.000 | t(attrs)=0.021s, t(frac)=0.000s
[2025-11-07T10:30:07-03:00] <k>=5.20, p=0.052525, px1=0.10, r_kk_obj=+0.00, r_kk_fin=-0.001, ρ_kx_obj=0.34, ρ_kx_fin=+0.343 -> frac=0.020 | t(attrs)=0.020s, t(frac)=0.000s
[2025-11-07T10:30:07-03:00] <k>=5.20, p=0.052525, px1=0.10, r_kk_obj=+0.00, r_kk_fin=-0.001, ρ_kx_obj=0.43, ρ_kx_fin=+0.429 -> frac=0.030 | t(attrs)=0.022s, t(frac)=0.001s
[2025-11-07T10:30:07-03:00] <k>=5.20, p=0.052525, px1=0.10, r_kk_obj=+0.00, r_kk_fin=-0.001, ρ_kx_obj=0.51, ρ_kx_fin=+0.514 -> frac=0.000 | t(attrs)=0.043s, t(frac)=0.000s
[2025-11-07T10:30:07-03:00] <k>=5.20, p=0.052525, px1=0.10, r_kk_obj=+0.00, r_kk_fin=-0.001, ρ_kx_obj=0.60, ρ_kx_fin=+0.571 -> frac=0.030 | t(attrs)=2.612s, t(frac)=0.000s
[2025-11-07T10:30:07-03:00] Curva lista: <k>=5.20, px1=0.10, r_kk_obj=+0.00, r_kk_fin=-0.001, p=0.052525, t_curva=2.78s (t_gen=0.00s, t_rew=0.03s, t_rho_total=2.74s; t_attrs=2.74s, t_frac=0.00s)
[2025-11-07T10:30:07-03:00] Generada red ER: N=100, <k>_obj=5.20, p=0.052525, L=269, tiempo=0.002s
[2025-11-07T10:30:07-03:00] Rewire r_kk: objetivo=+0.50, alcanzado=+0.486, |Δ|=0.014, iters=232, tiempo=0.431s
[2025-11-07T10:30:07-03:00] <k>=5.20, p=0.052525, px1=0.10, r_kk_obj=+0.50, r_kk_fin=+0.486, ρ_kx_obj=0.00, ρ_kx_fin=+0.003 -> frac=0.000 | t(attrs)=0.003s, t(frac)=0.000s
[2025-11-07T10:30:07-03:00] <k>=5.20, p=0.052525, px1=0.10, r_kk_obj=+0.50, r_kk_fin=+0.486, ρ_kx_obj=0.09, ρ_kx_fin=+0.088 -> frac=0.000 | t(attrs)=0.001s, t(frac)=0.000s
[2025-11-07T10:30:07-03:00] <k>=5.20, p=0.052525, px1=0.10, r_kk_obj=+0.50, r_kk_fin=+0.486, ρ_kx_obj=0.17, ρ_kx_fin=+0.173 -> frac=0.000 | t(attrs)=0.008s, t(frac)=0.000s
[2025-11-07T10:30:07-03:00] <k>=5.20, p=0.052525, px1=0.10, r_kk_obj=+0.50, r_kk_fin=+0.486, ρ_kx_obj=0.26, ρ_kx_fin=+0.258 -> frac=0.000 | t(attrs)=0.009s, t(frac)=0.000s
[2025-11-07T10:30:07-03:00] <k>=5.20, p=0.052525, px1=0.10, r_kk_obj=+0.50, r_kk_fin=+0.486, ρ_kx_obj=0.34, ρ_kx_fin=+0.343 -> frac=0.000 | t(attrs)=0.015s, t(frac)=0.000s
[2025-11-07T10:30:07-03:00] <k>=5.20, p=0.052525, px1=0.10, r_kk_obj=+0.50, r_kk_fin=+0.486, ρ_kx_obj=0.43, ρ_kx_fin=+0.429 -> frac=0.000 | t(attrs)=0.034s, t(frac)=0.000s
[2025-11-07T10:30:07-03:00] <k>=5.20, p=0.052525, px1=0.10, r_kk_obj=+0.50, r_kk_fin=+0.486, ρ_kx_obj=0.51, ρ_kx_fin=+0.514 -> frac=0.000 | t(attrs)=0.032s, t(frac)=0.000s
[2025-11-07T10:30:07-03:00] <k>=5.20, p=0.052525, px1=0.10, r_kk_obj=+0.50, r_kk_fin=+0.486, ρ_kx_obj=0.60, ρ_kx_fin=+0.571 -> frac=0.000 | t(attrs)=2.259s, t(frac)=0.000s
[2025-11-07T10:30:07-03:00] Curva lista: <k>=5.20, px1=0.10, r_kk_obj=+0.50, r_kk_fin=+0.486, p=0.052525, t_curva=2.80s (t_gen=0.00s, t_rew=0.43s, t_rho_total=2.36s; t_attrs=2.36s, t_frac=0.00s)
[2025-11-07T10:30:07-03:00] Generada red ER: N=100, <k>_obj=5.20, p=0.052525, L=269, tiempo=0.001s
[2025-11-07T10:30:07-03:00] Rewire r_kk: objetivo=-0.50, alcanzado=-0.485, |Δ|=0.015, iters=236, tiempo=0.445s
[2025-11-07T10:30:07-03:00] <k>=5.20, p=0.052525, px1=0.10, r_kk_obj=-0.50, r_kk_fin=-0.485, ρ_kx_obj=0.00, ρ_kx_fin=+0.003 -> frac=0.020 | t(attrs)=0.006s, t(frac)=0.000s
[2025-11-07T10:30:07-03:00] <k>=5.20, p=0.052525, px1=0.10, r_kk_obj=-0.50, r_kk_fin=-0.485, ρ_kx_obj=0.09, ρ_kx_fin=+0.088 -> frac=0.000 | t(attrs)=0.012s, t(frac)=0.000s
[2025-11-07T10:30:07-03:00] <k>=5.20, p=0.052525, px1=0.10, r_kk_obj=-0.50, r_kk_fin=-0.485, ρ_kx_obj=0.17, ρ_kx_fin=+0.173 -> frac=0.020 | t(attrs)=0.003s, t(frac)=0.000s
[2025-11-07T10:30:07-03:00] <k>=5.20, p=0.052525, px1=0.10, r_kk_obj=-0.50, r_kk_fin=-0.485, ρ_kx_obj=0.26, ρ_kx_fin=+0.258 -> frac=0.040 | t(attrs)=0.036s, t(frac)=0.000s
[2025-11-07T10:30:07-03:00] <k>=5.20, p=0.052525, px1=0.10, r_kk_obj=-0.50, r_kk_fin=-0.485, ρ_kx_obj=0.34, ρ_kx_fin=+0.343 -> frac=0.060 | t(attrs)=0.010s, t(frac)=0.000s
[2025-11-07T10:30:07-03:00] <k>=5.20, p=0.052525, px1=0.10, r_kk_obj=-0.50, r_kk_fin=-0.485, ρ_kx_obj=0.43, ρ_kx_fin=+0.429 -> frac=0.080 | t(attrs)=0.032s, t(frac)=0.000s
[2025-11-07T10:30:07-03:00] <k>=5.20, p=0.052525, px1=0.10, r_kk_obj=-0.50, r_kk_fin=-0.485, ρ_kx_obj=0.51, ρ_kx_fin=+0.514 -> frac=0.100 | t(attrs)=0.124s, t(frac)=0.000s
[2025-11-07T10:30:07-03:00] <k>=5.20, p=0.052525, px1=0.10, r_kk_obj=-0.50, r_kk_fin=-0.485, ρ_kx_obj=0.60, ρ_kx_fin=+0.571 -> frac=0.110 | t(attrs)=2.586s, t(frac)=0.000s
[2025-11-07T10:30:07-03:00] Curva lista: <k>=5.20, px1=0.10, r_kk_obj=-0.50, r_kk_fin=-0.485, p=0.052525, t_curva=3.26s (t_gen=0.00s, t_rew=0.45s, t_rho_total=2.81s; t_attrs=2.81s, t_frac=0.00s)
[2025-11-07T10:30:12-03:00] Generada red ER: N=100, <k>_obj=2.50, p=0.025253, L=123, tiempo=0.002s
[2025-11-07T10:30:12-03:00] Rewire r_kk: objetivo=+0.00, alcanzado=+0.005, |Δ|=0.005, iters=0, tiempo=0.003s
[2025-11-07T10:30:12-03:00] <k>=2.50, p=0.025253, px1=0.05, r_kk_obj=+0.00, r_kk_fin=+0.005, ρ_kx_obj=0.00, ρ_kx_fin=-0.008 -> frac=0.010 | t(attrs)=0.007s, t(frac)=0.000s
[2025-11-07T10:30:12-03:00] <k>=2.50, p=0.025253, px1=0.05, r_kk_obj=+0.00, r_kk_fin=+0.005, ρ_kx_obj=0.09, ρ_kx_fin=+0.074 -> frac=0.010 | t(attrs)=2.280s, t(frac)=0.000s
[2025-11-07T10:30:12-03:00] <k>=2.50, p=0.025253, px1=0.05, r_kk_obj=+0.00, r_kk_fin=+0.005, ρ_kx_obj=0.17, ρ_kx_fin=+0.183 -> frac=0.020 | t(attrs)=1.952s, t(frac)=0.000s
[2025-11-07T10:30:12-03:00] <k>=2.50, p=0.025253, px1=0.05, r_kk_obj=+0.00, r_kk_fin=+0.005, ρ_kx_obj=0.26, ρ_kx_fin=+0.266 -> frac=0.040 | t(attrs)=0.008s, t(frac)=0.000s
[2025-11-07T10:30:12-03:00] <k>=2.50, p=0.025253, px1=0.05, r_kk_obj=+0.00, r_kk_fin=+0.005, ρ_kx_obj=0.34, ρ_kx_fin=+0.348 -> frac=0.010 | t(attrs)=0.009s, t(frac)=0.000s
[2025-11-07T10:30:12-03:00] <k>=2.50, p=0.025253, px1=0.05, r_kk_obj=+0.00, r_kk_fin=+0.005, ρ_kx_obj=0.43, ρ_kx_fin=+0.430 -> frac=0.060 | t(attrs)=0.018s, t(frac)=0.000s
[2025-11-07T10:30:12-03:00] <k>=2.50, p=0.025253, px1=0.05, r_kk_obj=+0.00, r_kk_fin=+0.005, ρ_kx_obj=0.51, ρ_kx_fin=+0.485 -> frac=0.050 | t(attrs)=2.006s, t(frac)=0.000s
[2025-11-07T10:30:12-03:00] <k>=2.50, p=0.025253, px1=0.05, r_kk_obj=+0.00, r_kk_fin=+0.005, ρ_kx_obj=0.60, ρ_kx_fin=+0.485 -> frac=0.050 | t(attrs)=1.801s, t(frac)=0.000s
[2025-11-07T10:30:12-03:00] Curva lista: <k>=2.50, px1=0.05, r_kk_obj=+0.00, r_kk_fin=+0.005, p=0.025253, t_curva=8.09s (t_gen=0.00s, t_rew=0.00s, t_rho_total=8.08s; t_attrs=8.08s, t_frac=0.00s)
[2025-11-07T10:30:12-03:00] Generada red ER: N=100, <k>_obj=2.50, p=0.025253, L=123, tiempo=0.002s
[2025-11-07T10:30:12-03:00] Rewire r_kk: objetivo=-0.50, alcanzado=-0.490, |Δ|=0.010, iters=151, tiempo=0.255s
[2025-11-07T10:30:12-03:00] <k>=2.50, p=0.025253, px1=0.05, r_kk_obj=-0.50, r_kk_fin=-0.490, ρ_kx_obj=0.00, ρ_kx_fin=-0.008 -> frac=0.000 | t(attrs)=0.005s, t(frac)=0.000s
[2025-11-07T10:30:12-03:00] <k>=2.50, p=0.025253, px1=0.05, r_kk_obj=-0.50, r_kk_fin=-0.490, ρ_kx_obj=0.09, ρ_kx_fin=+0.074 -> frac=0.010 | t(attrs)=2.267s, t(frac)=0.000s
[2025-11-07T10:30:12-03:00] <k>=2.50, p=0.025253, px1=0.05, r_kk_obj=-0.50, r_kk_fin=-0.490, ρ_kx_obj=0.17, ρ_kx_fin=+0.183 -> frac=0.050 | t(attrs)=2.030s, t(frac)=0.000s
[2025-11-07T10:30:12-03:00] <k>=2.50, p=0.025253, px1=0.05, r_kk_obj=-0.50, r_kk_fin=-0.490, ρ_kx_obj=0.26, ρ_kx_fin=+0.266 -> frac=0.040 | t(attrs)=0.001s, t(frac)=0.000s
[2025-11-07T10:30:12-03:00] <k>=2.50, p=0.025253, px1=0.05, r_kk_obj=-0.50, r_kk_fin=-0.490, ρ_kx_obj=0.34, ρ_kx_fin=+0.348 -> frac=0.070 | t(attrs)=0.008s, t(frac)=0.000s
[2025-11-07T10:30:12-03:00] <k>=2.50, p=0.025253, px1=0.05, r_kk_obj=-0.50, r_kk_fin=-0.490, ρ_kx_obj=0.43, ρ_kx_fin=+0.430 -> frac=0.100 | t(attrs)=0.026s, t(frac)=0.000s
[2025-11-07T10:30:12-03:00] <k>=2.50, p=0.025253, px1=0.05, r_kk_obj=-0.50, r_kk_fin=-0.490, ρ_kx_obj=0.51, ρ_kx_fin=+0.485 -> frac=0.150 | t(attrs)=1.840s, t(frac)=0.000s
[2025-11-07T10:30:12-03:00] <k>=2.50, p=0.025253, px1=0.05, r_kk_obj=-0.50, r_kk_fin=-0.490, ρ_kx_obj=0.60, ρ_kx_fin=+0.485 -> frac=0.150 | t(attrs)=1.744s, t(frac)=0.000s
[2025-11-07T10:30:12-03:00] Curva lista: <k>=2.50, px1=0.05, r_kk_obj=-0.50, r_kk_fin=-0.490, p=0.025253, t_curva=8.18s (t_gen=0.00s, t_rew=0.25s, t_rho_total=7.92s; t_attrs=7.92s, t_frac=0.00s)
[2025-11-07T10:30:12-03:00] Generada red ER: N=100, <k>_obj=2.50, p=0.025253, L=123, tiempo=0.001s
[2025-11-07T10:30:12-03:00] Rewire r_kk: objetivo=+0.50, alcanzado=+0.511, |Δ|=0.011, iters=93, tiempo=0.136s
[2025-11-07T10:30:12-03:00] <k>=2.50, p=0.025253, px1=0.05, r_kk_obj=+0.50, r_kk_fin=+0.511, ρ_kx_obj=0.00, ρ_kx_fin=-0.008 -> frac=0.020 | t(attrs)=0.007s, t(frac)=0.000s
[2025-11-07T10:30:12-03:00] <k>=2.50, p=0.025253, px1=0.05, r_kk_obj=+0.50, r_kk_fin=+0.511, ρ_kx_obj=0.09, ρ_kx_fin=+0.074 -> frac=0.010 | t(attrs)=2.397s, t(frac)=0.000s
[2025-11-07T10:30:12-03:00] <k>=2.50, p=0.025253, px1=0.05, r_kk_obj=+0.50, r_kk_fin=+0.511, ρ_kx_obj=0.17, ρ_kx_fin=+0.183 -> frac=0.040 | t(attrs)=2.020s, t(frac)=0.000s
[2025-11-07T10:30:12-03:00] <k>=2.50, p=0.025253, px1=0.05, r_kk_obj=+0.50, r_kk_fin=+0.511, ρ_kx_obj=0.26, ρ_kx_fin=+0.266 -> frac=0.000 | t(attrs)=0.002s, t(frac)=0.000s
[2025-11-07T10:30:12-03:00] <k>=2.50, p=0.025253, px1=0.05, r_kk_obj=+0.50, r_kk_fin=+0.511, ρ_kx_obj=0.34, ρ_kx_fin=+0.348 -> frac=0.000 | t(attrs)=0.005s, t(frac)=0.000s
[2025-11-07T10:30:12-03:00] <k>=2.50, p=0.025253, px1=0.05, r_kk_obj=+0.50, r_kk_fin=+0.511, ρ_kx_obj=0.43, ρ_kx_fin=+0.430 -> frac=0.000 | t(attrs)=0.016s, t(frac)=0.000s
[2025-11-07T10:30:12-03:00] <k>=2.50, p=0.025253, px1=0.05, r_kk_obj=+0.50, r_kk_fin=+0.511, ρ_kx_obj=0.51, ρ_kx_fin=+0.485 -> frac=0.000 | t(attrs)=1.815s, t(frac)=0.000s
[2025-11-07T10:30:12-03:00] <k>=2.50, p=0.025253, px1=0.05, r_kk_obj=+0.50, r_kk_fin=+0.511, ρ_kx_obj=0.60, ρ_kx_fin=+0.485 -> frac=0.000 | t(attrs)=1.774s, t(frac)=0.000s
[2025-11-07T10:30:12-03:00] Curva lista: <k>=2.50, px1=0.05, r_kk_obj=+0.50, r_kk_fin=+0.511, p=0.025253, t_curva=8.17s (t_gen=0.00s, t_rew=0.14s, t_rho_total=8.04s; t_attrs=8.04s, t_frac=0.00s)
[2025-11-07T10:30:12-03:00] Generando figura...
[2025-11-07T10:30:14-03:00] Figuras guardadas en: run-e2r\251107103000_N100\fig3_ER.png y run-e2r\251107103000_N100\fig3_ER.pdf
[2025-11-07T10:30:14-03:00] Fin experimento Fig3-ER | tiempo total=13.79s (~0.23 min) | carpeta=run-e2r\251107103000_N100
