[2025-11-08T00:07:00-03:00] Ejecutando script: Real-Networks-v16.py | ruta=C:\Users\dcaceres\Documents\Magister\Trimestre 2\CS Redes\Tarea 2\python\Real-Networks-v16.py
[2025-11-08T00:07:00-03:00] Inicio experimento Fig4-REAL (paralelo por procesos) | carpeta=run-real\251108-000700
[2025-11-08T00:07:00-03:00] Procesos: usados=18, cpu_count=22
[2025-11-08T00:07:00-03:00] Parámetros: PX1=[0.05, 0.1, 0.2, 0.3], ρ_kx_grid=[np.float64(0.0), np.float64(0.07), np.float64(0.13), np.float64(0.2), np.float64(0.27), np.float64(0.33), np.float64(0.4), np.float64(0.47), np.float64(0.53), np.float64(0.6)], seed=12021974
[2025-11-08T00:08:12-03:00] Generada red REAL: Digg, N=27567, L=175892, r_kk=+0.166, tiempo_carga=3.670s, tiempo_pre=0.193s
[2025-11-08T00:08:12-03:00] red=Digg, N=27567, L=175892, px1=0.05, r_kk=+0.166, ρ_kx_obj=0.00, ρ_kx_fin=+0.009 -> frac=0.019 | t(attrs)=0.004s, t(frac)=0.106s
[2025-11-08T00:08:12-03:00] red=Digg, N=27567, L=175892, px1=0.05, r_kk=+0.166, ρ_kx_obj=0.07, ρ_kx_fin=+0.057 -> frac=0.027 | t(attrs)=1.026s, t(frac)=0.133s
[2025-11-08T00:08:12-03:00] red=Digg, N=27567, L=175892, px1=0.05, r_kk=+0.166, ρ_kx_obj=0.13, ρ_kx_fin=+0.123 -> frac=0.034 | t(attrs)=2.641s, t(frac)=0.119s
[2025-11-08T00:08:12-03:00] red=Digg, N=27567, L=175892, px1=0.05, r_kk=+0.166, ρ_kx_obj=0.20, ρ_kx_fin=+0.190 -> frac=0.037 | t(attrs)=4.163s, t(frac)=0.118s
[2025-11-08T00:08:12-03:00] red=Digg, N=27567, L=175892, px1=0.05, r_kk=+0.166, ρ_kx_obj=0.27, ρ_kx_fin=+0.257 -> frac=0.047 | t(attrs)=6.093s, t(frac)=0.114s
[2025-11-08T00:08:12-03:00] red=Digg, N=27567, L=175892, px1=0.05, r_kk=+0.166, ρ_kx_obj=0.33, ρ_kx_fin=+0.324 -> frac=0.054 | t(attrs)=8.487s, t(frac)=0.125s
[2025-11-08T00:08:12-03:00] red=Digg, N=27567, L=175892, px1=0.05, r_kk=+0.166, ρ_kx_obj=0.40, ρ_kx_fin=+0.335 -> frac=0.060 | t(attrs)=8.863s, t(frac)=0.119s
[2025-11-08T00:08:12-03:00] red=Digg, N=27567, L=175892, px1=0.05, r_kk=+0.166, ρ_kx_obj=0.47, ρ_kx_fin=+0.319 -> frac=0.052 | t(attrs)=9.344s, t(frac)=0.117s
[2025-11-08T00:08:12-03:00] red=Digg, N=27567, L=175892, px1=0.05, r_kk=+0.166, ρ_kx_obj=0.53, ρ_kx_fin=+0.316 -> frac=0.059 | t(attrs)=9.674s, t(frac)=0.146s
[2025-11-08T00:08:12-03:00] red=Digg, N=27567, L=175892, px1=0.05, r_kk=+0.166, ρ_kx_obj=0.60, ρ_kx_fin=+0.330 -> frac=0.055 | t(attrs)=9.497s, t(frac)=0.115s
[2025-11-08T00:08:15-03:00] Generada red REAL: Digg, N=27567, L=175892, r_kk=+0.166, tiempo_carga=3.548s, tiempo_pre=0.193s
[2025-11-08T00:08:15-03:00] red=Digg, N=27567, L=175892, px1=0.10, r_kk=+0.166, ρ_kx_obj=0.00, ρ_kx_fin=-0.001 -> frac=0.040 | t(attrs)=0.003s, t(frac)=0.107s
[2025-11-08T00:08:15-03:00] red=Digg, N=27567, L=175892, px1=0.10, r_kk=+0.166, ρ_kx_obj=0.07, ρ_kx_fin=+0.057 -> frac=0.052 | t(attrs)=1.271s, t(frac)=0.119s
[2025-11-08T00:08:15-03:00] red=Digg, N=27567, L=175892, px1=0.10, r_kk=+0.166, ρ_kx_obj=0.13, ρ_kx_fin=+0.124 -> frac=0.061 | t(attrs)=2.924s, t(frac)=0.126s
[2025-11-08T00:08:15-03:00] red=Digg, N=27567, L=175892, px1=0.10, r_kk=+0.166, ρ_kx_obj=0.20, ρ_kx_fin=+0.190 -> frac=0.080 | t(attrs)=5.259s, t(frac)=0.119s
[2025-11-08T00:08:15-03:00] red=Digg, N=27567, L=175892, px1=0.10, r_kk=+0.166, ρ_kx_obj=0.27, ρ_kx_fin=+0.257 -> frac=0.098 | t(attrs)=8.122s, t(frac)=0.123s
[2025-11-08T00:08:15-03:00] red=Digg, N=27567, L=175892, px1=0.10, r_kk=+0.166, ρ_kx_obj=0.33, ρ_kx_fin=+0.263 -> frac=0.090 | t(attrs)=8.633s, t(frac)=0.113s
[2025-11-08T00:08:15-03:00] red=Digg, N=27567, L=175892, px1=0.10, r_kk=+0.166, ρ_kx_obj=0.40, ρ_kx_fin=+0.265 -> frac=0.097 | t(attrs)=8.978s, t(frac)=0.128s
[2025-11-08T00:08:15-03:00] red=Digg, N=27567, L=175892, px1=0.10, r_kk=+0.166, ρ_kx_obj=0.47, ρ_kx_fin=+0.267 -> frac=0.096 | t(attrs)=9.056s, t(frac)=0.114s
[2025-11-08T00:08:15-03:00] red=Digg, N=27567, L=175892, px1=0.10, r_kk=+0.166, ρ_kx_obj=0.53, ρ_kx_fin=+0.275 -> frac=0.102 | t(attrs)=9.908s, t(frac)=0.123s
[2025-11-08T00:08:15-03:00] red=Digg, N=27567, L=175892, px1=0.10, r_kk=+0.166, ρ_kx_obj=0.60, ρ_kx_fin=+0.277 -> frac=0.101 | t(attrs)=8.575s, t(frac)=0.110s
[2025-11-08T00:08:20-03:00] Generada red REAL: Digg, N=27567, L=175892, r_kk=+0.166, tiempo_carga=3.290s, tiempo_pre=0.201s
[2025-11-08T00:08:20-03:00] red=Digg, N=27567, L=175892, px1=0.20, r_kk=+0.166, ρ_kx_obj=0.00, ρ_kx_fin=+0.010 -> frac=0.093 | t(attrs)=0.051s, t(frac)=0.113s
[2025-11-08T00:08:20-03:00] red=Digg, N=27567, L=175892, px1=0.20, r_kk=+0.166, ρ_kx_obj=0.07, ρ_kx_fin=+0.057 -> frac=0.115 | t(attrs)=2.006s, t(frac)=0.119s
[2025-11-08T00:08:20-03:00] red=Digg, N=27567, L=175892, px1=0.20, r_kk=+0.166, ρ_kx_obj=0.13, ρ_kx_fin=+0.123 -> frac=0.139 | t(attrs)=4.536s, t(frac)=0.124s
[2025-11-08T00:08:20-03:00] red=Digg, N=27567, L=175892, px1=0.20, r_kk=+0.166, ρ_kx_obj=0.20, ρ_kx_fin=+0.190 -> frac=0.177 | t(attrs)=7.697s, t(frac)=0.121s
[2025-11-08T00:08:20-03:00] red=Digg, N=27567, L=175892, px1=0.20, r_kk=+0.166, ρ_kx_obj=0.27, ρ_kx_fin=+0.220 -> frac=0.209 | t(attrs)=8.807s, t(frac)=0.124s
[2025-11-08T00:08:20-03:00] red=Digg, N=27567, L=175892, px1=0.20, r_kk=+0.166, ρ_kx_obj=0.33, ρ_kx_fin=+0.235 -> frac=0.225 | t(attrs)=8.666s, t(frac)=0.124s
[2025-11-08T00:08:20-03:00] red=Digg, N=27567, L=175892, px1=0.20, r_kk=+0.166, ρ_kx_obj=0.40, ρ_kx_fin=+0.213 -> frac=0.210 | t(attrs)=9.218s, t(frac)=0.120s
[2025-11-08T00:08:20-03:00] red=Digg, N=27567, L=175892, px1=0.20, r_kk=+0.166, ρ_kx_obj=0.47, ρ_kx_fin=+0.214 -> frac=0.198 | t(attrs)=9.701s, t(frac)=0.150s
[2025-11-08T00:08:20-03:00] red=Digg, N=27567, L=175892, px1=0.20, r_kk=+0.166, ρ_kx_obj=0.53, ρ_kx_fin=+0.232 -> frac=0.226 | t(attrs)=9.236s, t(frac)=0.114s
[2025-11-08T00:08:20-03:00] red=Digg, N=27567, L=175892, px1=0.20, r_kk=+0.166, ρ_kx_obj=0.60, ρ_kx_fin=+0.206 -> frac=0.198 | t(attrs)=7.705s, t(frac)=0.103s
[2025-11-08T00:08:22-03:00] Generada red REAL: Digg, N=27567, L=175892, r_kk=+0.166, tiempo_carga=3.162s, tiempo_pre=0.203s
[2025-11-08T00:08:22-03:00] red=Digg, N=27567, L=175892, px1=0.30, r_kk=+0.166, ρ_kx_obj=0.00, ρ_kx_fin=+0.000 -> frac=0.160 | t(attrs)=0.003s, t(frac)=0.115s
[2025-11-08T00:08:22-03:00] red=Digg, N=27567, L=175892, px1=0.30, r_kk=+0.166, ρ_kx_obj=0.07, ρ_kx_fin=+0.057 -> frac=0.194 | t(attrs)=2.118s, t(frac)=0.114s
[2025-11-08T00:08:22-03:00] red=Digg, N=27567, L=175892, px1=0.30, r_kk=+0.166, ρ_kx_obj=0.13, ρ_kx_fin=+0.123 -> frac=0.271 | t(attrs)=5.171s, t(frac)=0.118s
[2025-11-08T00:08:22-03:00] red=Digg, N=27567, L=175892, px1=0.30, r_kk=+0.166, ρ_kx_obj=0.20, ρ_kx_fin=+0.184 -> frac=0.377 | t(attrs)=8.731s, t(frac)=0.135s
[2025-11-08T00:08:22-03:00] red=Digg, N=27567, L=175892, px1=0.30, r_kk=+0.166, ρ_kx_obj=0.27, ρ_kx_fin=+0.181 -> frac=0.370 | t(attrs)=8.764s, t(frac)=0.125s
[2025-11-08T00:08:22-03:00] red=Digg, N=27567, L=175892, px1=0.30, r_kk=+0.166, ρ_kx_obj=0.33, ρ_kx_fin=+0.189 -> frac=0.381 | t(attrs)=9.052s, t(frac)=0.140s
[2025-11-08T00:08:22-03:00] red=Digg, N=27567, L=175892, px1=0.30, r_kk=+0.166, ρ_kx_obj=0.40, ρ_kx_fin=+0.190 -> frac=0.390 | t(attrs)=9.094s, t(frac)=0.120s
[2025-11-08T00:08:22-03:00] red=Digg, N=27567, L=175892, px1=0.30, r_kk=+0.166, ρ_kx_obj=0.47, ρ_kx_fin=+0.191 -> frac=0.391 | t(attrs)=9.843s, t(frac)=0.131s
[2025-11-08T00:08:22-03:00] red=Digg, N=27567, L=175892, px1=0.30, r_kk=+0.166, ρ_kx_obj=0.53, ρ_kx_fin=+0.194 -> frac=0.392 | t(attrs)=8.667s, t(frac)=0.103s
[2025-11-08T00:08:22-03:00] red=Digg, N=27567, L=175892, px1=0.30, r_kk=+0.166, ρ_kx_obj=0.60, ρ_kx_fin=+0.186 -> frac=0.381 | t(attrs)=7.416s, t(frac)=0.082s
[2025-11-08T00:08:25-03:00] Figuras guardadas en: run-real\251108-000700\fig4_real.png y run-real\251108-000700\fig4_real.pdf
[2025-11-08T00:08:25-03:00] Fin experimento Fig4-REAL | tiempo total=84.80s (~1.41 min) | carpeta=run-real\251108-000700
