[2025-11-07T08:59:34-03:00] Inicio experimento Fig3-ER (paralelo por hilos) | carpeta=run-e2r\N100_251107-085934
[2025-11-07T08:59:34-03:00] Hilos: deseado=8, usados=8, cpu_count=22
[2025-11-07T08:59:34-03:00] Parámetros: N=100, <k>=[5.2, 2.5], px1=[0.05, 0.1, 0.2], r_kk=[-0.5, 0.0, 0.5], ρ_kx=[np.float64(0.0), np.float64(0.1), np.float64(0.2), np.float64(0.3), np.float64(0.4), np.float64(0.5), np.float64(0.6)], seed=12021974
[2025-11-07T08:59:34-03:00] Generada red ER: N=100, <k>_obj=5.20, p=0.052525, L=269, tiempo=0.001s
[2025-11-07T08:59:34-03:00] Rewire r_kk: objetivo=-0.50, alcanzado=-0.498, |Δ|=0.002, iters=240, tiempo=0.232s
[2025-11-07T08:59:34-03:00] <k>=5.20, p=0.052525, px1=0.05, r_kk_obj=-0.50, r_kk_fin=-0.498, ρ_kx_obj=0.00, ρ_kx_fin=+0.002 -> frac=0.010 | t(attrs)=0.001s, t(frac)=0.000s
[2025-11-07T08:59:34-03:00] <k>=5.20, p=0.052525, px1=0.05, r_kk_obj=-0.50, r_kk_fin=-0.498, ρ_kx_obj=0.10, ρ_kx_fin=+0.100 -> frac=0.000 | t(attrs)=0.003s, t(frac)=0.000s
[2025-11-07T08:59:34-03:00] <k>=5.20, p=0.052525, px1=0.05, r_kk_obj=-0.50, r_kk_fin=-0.498, ρ_kx_obj=0.20, ρ_kx_fin=+0.197 -> frac=0.000 | t(attrs)=0.005s, t(frac)=0.000s
[2025-11-07T08:59:34-03:00] <k>=5.20, p=0.052525, px1=0.05, r_kk_obj=-0.50, r_kk_fin=-0.498, ρ_kx_obj=0.30, ρ_kx_fin=+0.295 -> frac=0.010 | t(attrs)=0.006s, t(frac)=0.000s
[2025-11-07T08:59:35-03:00] <k>=5.20, p=0.052525, px1=0.05, r_kk_obj=-0.50, r_kk_fin=-0.498, ρ_kx_obj=0.40, ρ_kx_fin=+0.393 -> frac=0.050 | t(attrs)=0.043s, t(frac)=0.000s
[2025-11-07T08:59:35-03:00] <k>=5.20, p=0.052525, px1=0.05, r_kk_obj=-0.50, r_kk_fin=-0.498, ρ_kx_obj=0.50, ρ_kx_fin=+0.490 -> frac=0.050 | t(attrs)=0.126s, t(frac)=0.000s
[2025-11-07T08:59:35-03:00] <k>=5.20, p=0.052525, px1=0.05, r_kk_obj=-0.50, r_kk_fin=-0.498, ρ_kx_obj=0.60, ρ_kx_fin=+0.510 -> frac=0.080 | t(attrs)=0.247s, t(frac)=0.000s
[2025-11-07T08:59:35-03:00] Rewire r_kk: objetivo=+0.00, alcanzado=-0.001, |Δ|=0.001, iters=16, tiempo=0.016s
[2025-11-07T08:59:35-03:00] <k>=5.20, p=0.052525, px1=0.05, r_kk_obj=+0.00, r_kk_fin=-0.001, ρ_kx_obj=0.00, ρ_kx_fin=+0.002 -> frac=0.000 | t(attrs)=0.002s, t(frac)=0.000s
[2025-11-07T08:59:35-03:00] <k>=5.20, p=0.052525, px1=0.05, r_kk_obj=+0.00, r_kk_fin=-0.001, ρ_kx_obj=0.10, ρ_kx_fin=+0.100 -> frac=0.010 | t(attrs)=0.004s, t(frac)=0.000s
[2025-11-07T08:59:35-03:00] <k>=5.20, p=0.052525, px1=0.05, r_kk_obj=+0.00, r_kk_fin=-0.001, ρ_kx_obj=0.20, ρ_kx_fin=+0.197 -> frac=0.000 | t(attrs)=0.004s, t(frac)=0.000s
[2025-11-07T08:59:35-03:00] <k>=5.20, p=0.052525, px1=0.05, r_kk_obj=+0.00, r_kk_fin=-0.001, ρ_kx_obj=0.30, ρ_kx_fin=+0.295 -> frac=0.000 | t(attrs)=0.002s, t(frac)=0.000s
[2025-11-07T08:59:35-03:00] <k>=5.20, p=0.052525, px1=0.05, r_kk_obj=+0.00, r_kk_fin=-0.001, ρ_kx_obj=0.40, ρ_kx_fin=+0.393 -> frac=0.000 | t(attrs)=0.137s, t(frac)=0.000s
[2025-11-07T08:59:35-03:00] <k>=5.20, p=0.052525, px1=0.05, r_kk_obj=+0.00, r_kk_fin=-0.001, ρ_kx_obj=0.50, ρ_kx_fin=+0.510 -> frac=0.010 | t(attrs)=0.147s, t(frac)=0.000s
[2025-11-07T08:59:35-03:00] <k>=5.20, p=0.052525, px1=0.05, r_kk_obj=+0.00, r_kk_fin=-0.001, ρ_kx_obj=0.60, ρ_kx_fin=+0.510 -> frac=0.010 | t(attrs)=0.269s, t(frac)=0.000s
[2025-11-07T08:59:35-03:00] Rewire r_kk: objetivo=+0.50, alcanzado=+0.495, |Δ|=0.005, iters=245, tiempo=0.261s
[2025-11-07T08:59:35-03:00] <k>=5.20, p=0.052525, px1=0.05, r_kk_obj=+0.50, r_kk_fin=+0.495, ρ_kx_obj=0.00, ρ_kx_fin=+0.002 -> frac=0.000 | t(attrs)=0.003s, t(frac)=0.000s
[2025-11-07T08:59:35-03:00] <k>=5.20, p=0.052525, px1=0.05, r_kk_obj=+0.50, r_kk_fin=+0.495, ρ_kx_obj=0.10, ρ_kx_fin=+0.100 -> frac=0.000 | t(attrs)=0.001s, t(frac)=0.000s
[2025-11-07T08:59:35-03:00] <k>=5.20, p=0.052525, px1=0.05, r_kk_obj=+0.50, r_kk_fin=+0.495, ρ_kx_obj=0.20, ρ_kx_fin=+0.197 -> frac=0.000 | t(attrs)=0.004s, t(frac)=0.000s
[2025-11-07T08:59:35-03:00] <k>=5.20, p=0.052525, px1=0.05, r_kk_obj=+0.50, r_kk_fin=+0.495, ρ_kx_obj=0.30, ρ_kx_fin=+0.295 -> frac=0.000 | t(attrs)=0.004s, t(frac)=0.000s
[2025-11-07T08:59:35-03:00] <k>=5.20, p=0.052525, px1=0.05, r_kk_obj=+0.50, r_kk_fin=+0.495, ρ_kx_obj=0.40, ρ_kx_fin=+0.393 -> frac=0.000 | t(attrs)=0.016s, t(frac)=0.000s
[2025-11-07T08:59:36-03:00] <k>=5.20, p=0.052525, px1=0.05, r_kk_obj=+0.50, r_kk_fin=+0.495, ρ_kx_obj=0.50, ρ_kx_fin=+0.510 -> frac=0.000 | t(attrs)=0.145s, t(frac)=0.000s
[2025-11-07T08:59:36-03:00] <k>=5.20, p=0.052525, px1=0.05, r_kk_obj=+0.50, r_kk_fin=+0.495, ρ_kx_obj=0.60, ρ_kx_fin=+0.510 -> frac=0.000 | t(attrs)=0.195s, t(frac)=0.000s
[2025-11-07T08:59:36-03:00] Rewire r_kk: objetivo=-0.50, alcanzado=-0.498, |Δ|=0.002, iters=240, tiempo=0.246s
[2025-11-07T08:59:36-03:00] <k>=5.20, p=0.052525, px1=0.10, r_kk_obj=-0.50, r_kk_fin=-0.498, ρ_kx_obj=0.00, ρ_kx_fin=+0.003 -> frac=0.020 | t(attrs)=0.003s, t(frac)=0.000s
[2025-11-07T08:59:36-03:00] <k>=5.20, p=0.052525, px1=0.10, r_kk_obj=-0.50, r_kk_fin=-0.498, ρ_kx_obj=0.10, ρ_kx_fin=+0.102 -> frac=0.010 | t(attrs)=0.003s, t(frac)=0.000s
[2025-11-07T08:59:36-03:00] <k>=5.20, p=0.052525, px1=0.10, r_kk_obj=-0.50, r_kk_fin=-0.498, ρ_kx_obj=0.20, ρ_kx_fin=+0.202 -> frac=0.000 | t(attrs)=0.005s, t(frac)=0.000s
[2025-11-07T08:59:36-03:00] <k>=5.20, p=0.052525, px1=0.10, r_kk_obj=-0.50, r_kk_fin=-0.498, ρ_kx_obj=0.30, ρ_kx_fin=+0.301 -> frac=0.060 | t(attrs)=0.005s, t(frac)=0.000s
[2025-11-07T08:59:36-03:00] <k>=5.20, p=0.052525, px1=0.10, r_kk_obj=-0.50, r_kk_fin=-0.498, ρ_kx_obj=0.40, ρ_kx_fin=+0.400 -> frac=0.080 | t(attrs)=0.009s, t(frac)=0.000s
[2025-11-07T08:59:36-03:00] <k>=5.20, p=0.052525, px1=0.10, r_kk_obj=-0.50, r_kk_fin=-0.498, ρ_kx_obj=0.50, ρ_kx_fin=+0.500 -> frac=0.110 | t(attrs)=0.007s, t(frac)=0.000s
[2025-11-07T08:59:36-03:00] <k>=5.20, p=0.052525, px1=0.10, r_kk_obj=-0.50, r_kk_fin=-0.498, ρ_kx_obj=0.60, ρ_kx_fin=+0.571 -> frac=0.110 | t(attrs)=0.173s, t(frac)=0.000s
[2025-11-07T08:59:36-03:00] Rewire r_kk: objetivo=+0.00, alcanzado=-0.001, |Δ|=0.001, iters=16, tiempo=0.016s
[2025-11-07T08:59:36-03:00] <k>=5.20, p=0.052525, px1=0.10, r_kk_obj=+0.00, r_kk_fin=-0.001, ρ_kx_obj=0.00, ρ_kx_fin=+0.003 -> frac=0.010 | t(attrs)=0.003s, t(frac)=0.000s
[2025-11-07T08:59:36-03:00] <k>=5.20, p=0.052525, px1=0.10, r_kk_obj=+0.00, r_kk_fin=-0.001, ρ_kx_obj=0.10, ρ_kx_fin=+0.102 -> frac=0.030 | t(attrs)=0.004s, t(frac)=0.000s
[2025-11-07T08:59:36-03:00] <k>=5.20, p=0.052525, px1=0.10, r_kk_obj=+0.00, r_kk_fin=-0.001, ρ_kx_obj=0.20, ρ_kx_fin=+0.202 -> frac=0.000 | t(attrs)=0.004s, t(frac)=0.000s
[2025-11-07T08:59:36-03:00] <k>=5.20, p=0.052525, px1=0.10, r_kk_obj=+0.00, r_kk_fin=-0.001, ρ_kx_obj=0.30, ρ_kx_fin=+0.301 -> frac=0.010 | t(attrs)=0.004s, t(frac)=0.000s
[2025-11-07T08:59:36-03:00] <k>=5.20, p=0.052525, px1=0.10, r_kk_obj=+0.00, r_kk_fin=-0.001, ρ_kx_obj=0.40, ρ_kx_fin=+0.400 -> frac=0.020 | t(attrs)=0.009s, t(frac)=0.000s
[2025-11-07T08:59:36-03:00] <k>=5.20, p=0.052525, px1=0.10, r_kk_obj=+0.00, r_kk_fin=-0.001, ρ_kx_obj=0.50, ρ_kx_fin=+0.500 -> frac=0.030 | t(attrs)=0.022s, t(frac)=0.000s
[2025-11-07T08:59:36-03:00] <k>=5.20, p=0.052525, px1=0.10, r_kk_obj=+0.00, r_kk_fin=-0.001, ρ_kx_obj=0.60, ρ_kx_fin=+0.571 -> frac=0.040 | t(attrs)=0.198s, t(frac)=0.000s
[2025-11-07T08:59:37-03:00] Rewire r_kk: objetivo=+0.50, alcanzado=+0.495, |Δ|=0.005, iters=245, tiempo=0.241s
[2025-11-07T08:59:37-03:00] <k>=5.20, p=0.052525, px1=0.10, r_kk_obj=+0.50, r_kk_fin=+0.495, ρ_kx_obj=0.00, ρ_kx_fin=+0.003 -> frac=0.000 | t(attrs)=0.002s, t(frac)=0.000s
[2025-11-07T08:59:37-03:00] <k>=5.20, p=0.052525, px1=0.10, r_kk_obj=+0.50, r_kk_fin=+0.495, ρ_kx_obj=0.10, ρ_kx_fin=+0.102 -> frac=0.010 | t(attrs)=0.001s, t(frac)=0.000s
[2025-11-07T08:59:37-03:00] <k>=5.20, p=0.052525, px1=0.10, r_kk_obj=+0.50, r_kk_fin=+0.495, ρ_kx_obj=0.20, ρ_kx_fin=+0.202 -> frac=0.010 | t(attrs)=0.007s, t(frac)=0.000s
[2025-11-07T08:59:37-03:00] <k>=5.20, p=0.052525, px1=0.10, r_kk_obj=+0.50, r_kk_fin=+0.495, ρ_kx_obj=0.30, ρ_kx_fin=+0.301 -> frac=0.010 | t(attrs)=0.007s, t(frac)=0.000s
[2025-11-07T08:59:37-03:00] <k>=5.20, p=0.052525, px1=0.10, r_kk_obj=+0.50, r_kk_fin=+0.495, ρ_kx_obj=0.40, ρ_kx_fin=+0.400 -> frac=0.020 | t(attrs)=0.002s, t(frac)=0.000s
[2025-11-07T08:59:37-03:00] <k>=5.20, p=0.052525, px1=0.10, r_kk_obj=+0.50, r_kk_fin=+0.495, ρ_kx_obj=0.50, ρ_kx_fin=+0.500 -> frac=0.010 | t(attrs)=0.016s, t(frac)=0.000s
[2025-11-07T08:59:37-03:00] <k>=5.20, p=0.052525, px1=0.10, r_kk_obj=+0.50, r_kk_fin=+0.495, ρ_kx_obj=0.60, ρ_kx_fin=+0.571 -> frac=0.000 | t(attrs)=0.174s, t(frac)=0.000s
[2025-11-07T08:59:37-03:00] Rewire r_kk: objetivo=-0.50, alcanzado=-0.498, |Δ|=0.002, iters=240, tiempo=0.243s
[2025-11-07T08:59:37-03:00] <k>=5.20, p=0.052525, px1=0.20, r_kk_obj=-0.50, r_kk_fin=-0.498, ρ_kx_obj=0.00, ρ_kx_fin=-0.006 -> frac=0.030 | t(attrs)=0.002s, t(frac)=0.000s
[2025-11-07T08:59:37-03:00] <k>=5.20, p=0.052525, px1=0.20, r_kk_obj=-0.50, r_kk_fin=-0.498, ρ_kx_obj=0.10, ρ_kx_fin=+0.100 -> frac=0.060 | t(attrs)=0.001s, t(frac)=0.000s
[2025-11-07T08:59:37-03:00] <k>=5.20, p=0.052525, px1=0.20, r_kk_obj=-0.50, r_kk_fin=-0.498, ρ_kx_obj=0.20, ρ_kx_fin=+0.196 -> frac=0.090 | t(attrs)=0.004s, t(frac)=0.000s
[2025-11-07T08:59:37-03:00] <k>=5.20, p=0.052525, px1=0.20, r_kk_obj=-0.50, r_kk_fin=-0.498, ρ_kx_obj=0.30, ρ_kx_fin=+0.302 -> frac=0.140 | t(attrs)=0.006s, t(frac)=0.000s
[2025-11-07T08:59:37-03:00] <k>=5.20, p=0.052525, px1=0.20, r_kk_obj=-0.50, r_kk_fin=-0.498, ρ_kx_obj=0.40, ρ_kx_fin=+0.409 -> frac=0.160 | t(attrs)=0.012s, t(frac)=0.000s
[2025-11-07T08:59:37-03:00] <k>=5.20, p=0.052525, px1=0.20, r_kk_obj=-0.50, r_kk_fin=-0.498, ρ_kx_obj=0.50, ρ_kx_fin=+0.505 -> frac=0.200 | t(attrs)=0.009s, t(frac)=0.000s
[2025-11-07T08:59:37-03:00] <k>=5.20, p=0.052525, px1=0.20, r_kk_obj=-0.50, r_kk_fin=-0.498, ρ_kx_obj=0.60, ρ_kx_fin=+0.600 -> frac=0.210 | t(attrs)=0.023s, t(frac)=0.000s
[2025-11-07T08:59:37-03:00] Rewire r_kk: objetivo=+0.00, alcanzado=-0.001, |Δ|=0.001, iters=16, tiempo=0.018s
[2025-11-07T08:59:37-03:00] <k>=5.20, p=0.052525, px1=0.20, r_kk_obj=+0.00, r_kk_fin=-0.001, ρ_kx_obj=0.00, ρ_kx_fin=-0.006 -> frac=0.070 | t(attrs)=0.007s, t(frac)=0.000s
[2025-11-07T08:59:37-03:00] <k>=5.20, p=0.052525, px1=0.20, r_kk_obj=+0.00, r_kk_fin=-0.001, ρ_kx_obj=0.10, ρ_kx_fin=+0.100 -> frac=0.060 | t(attrs)=0.002s, t(frac)=0.000s
[2025-11-07T08:59:37-03:00] <k>=5.20, p=0.052525, px1=0.20, r_kk_obj=+0.00, r_kk_fin=-0.001, ρ_kx_obj=0.20, ρ_kx_fin=+0.207 -> frac=0.090 | t(attrs)=0.002s, t(frac)=0.000s
[2025-11-07T08:59:37-03:00] <k>=5.20, p=0.052525, px1=0.20, r_kk_obj=+0.00, r_kk_fin=-0.001, ρ_kx_obj=0.30, ρ_kx_fin=+0.292 -> frac=0.060 | t(attrs)=0.007s, t(frac)=0.000s
[2025-11-07T08:59:37-03:00] <k>=5.20, p=0.052525, px1=0.20, r_kk_obj=+0.00, r_kk_fin=-0.001, ρ_kx_obj=0.40, ρ_kx_fin=+0.398 -> frac=0.060 | t(attrs)=0.008s, t(frac)=0.000s
[2025-11-07T08:59:37-03:00] <k>=5.20, p=0.052525, px1=0.20, r_kk_obj=+0.00, r_kk_fin=-0.001, ρ_kx_obj=0.60, ρ_kx_fin=+0.600 -> frac=0.120 | t(attrs)=0.037s, t(frac)=0.000s
[2025-11-07T08:59:37-03:00] <k>=5.20, p=0.052525, px1=0.20, r_kk_obj=+0.00, r_kk_fin=-0.001, ρ_kx_obj=0.50, ρ_kx_fin=+0.505 -> frac=0.090 | t(attrs)=0.055s, t(frac)=0.000s
[2025-11-07T08:59:37-03:00] Rewire r_kk: objetivo=+0.50, alcanzado=+0.495, |Δ|=0.005, iters=245, tiempo=0.272s
[2025-11-07T08:59:37-03:00] <k>=5.20, p=0.052525, px1=0.20, r_kk_obj=+0.50, r_kk_fin=+0.495, ρ_kx_obj=0.00, ρ_kx_fin=-0.006 -> frac=0.020 | t(attrs)=0.000s, t(frac)=0.000s
[2025-11-07T08:59:37-03:00] <k>=5.20, p=0.052525, px1=0.20, r_kk_obj=+0.50, r_kk_fin=+0.495, ρ_kx_obj=0.10, ρ_kx_fin=+0.100 -> frac=0.040 | t(attrs)=0.014s, t(frac)=0.000s
[2025-11-07T08:59:37-03:00] <k>=5.20, p=0.052525, px1=0.20, r_kk_obj=+0.50, r_kk_fin=+0.495, ρ_kx_obj=0.20, ρ_kx_fin=+0.207 -> frac=0.050 | t(attrs)=0.003s, t(frac)=0.000s
[2025-11-07T08:59:37-03:00] <k>=5.20, p=0.052525, px1=0.20, r_kk_obj=+0.50, r_kk_fin=+0.495, ρ_kx_obj=0.30, ρ_kx_fin=+0.302 -> frac=0.020 | t(attrs)=0.009s, t(frac)=0.000s
[2025-11-07T08:59:37-03:00] <k>=5.20, p=0.052525, px1=0.20, r_kk_obj=+0.50, r_kk_fin=+0.495, ρ_kx_obj=0.40, ρ_kx_fin=+0.409 -> frac=0.080 | t(attrs)=0.008s, t(frac)=0.000s
[2025-11-07T08:59:38-03:00] <k>=5.20, p=0.052525, px1=0.20, r_kk_obj=+0.50, r_kk_fin=+0.495, ρ_kx_obj=0.50, ρ_kx_fin=+0.494 -> frac=0.100 | t(attrs)=0.017s, t(frac)=0.000s
[2025-11-07T08:59:38-03:00] <k>=5.20, p=0.052525, px1=0.20, r_kk_obj=+0.50, r_kk_fin=+0.495, ρ_kx_obj=0.60, ρ_kx_fin=+0.600 -> frac=0.100 | t(attrs)=0.030s, t(frac)=0.000s
[2025-11-07T08:59:38-03:00] Generada red ER: N=100, <k>_obj=2.50, p=0.025253, L=123, tiempo=0.001s
[2025-11-07T08:59:38-03:00] Rewire r_kk: objetivo=-0.50, alcanzado=-0.490, |Δ|=0.010, iters=151, tiempo=0.131s
[2025-11-07T08:59:38-03:00] <k>=2.50, p=0.025253, px1=0.05, r_kk_obj=-0.50, r_kk_fin=-0.490, ρ_kx_obj=0.00, ρ_kx_fin=-0.008 -> frac=0.000 | t(attrs)=0.003s, t(frac)=0.000s
[2025-11-07T08:59:38-03:00] <k>=2.50, p=0.025253, px1=0.05, r_kk_obj=-0.50, r_kk_fin=-0.490, ρ_kx_obj=0.10, ρ_kx_fin=+0.101 -> frac=0.020 | t(attrs)=0.001s, t(frac)=0.000s
[2025-11-07T08:59:38-03:00] <k>=2.50, p=0.025253, px1=0.05, r_kk_obj=-0.50, r_kk_fin=-0.490, ρ_kx_obj=0.30, ρ_kx_fin=+0.293 -> frac=0.040 | t(attrs)=0.005s, t(frac)=0.000s
[2025-11-07T08:59:38-03:00] <k>=2.50, p=0.025253, px1=0.05, r_kk_obj=-0.50, r_kk_fin=-0.490, ρ_kx_obj=0.40, ρ_kx_fin=+0.402 -> frac=0.080 | t(attrs)=0.013s, t(frac)=0.000s
[2025-11-07T08:59:38-03:00] <k>=2.50, p=0.025253, px1=0.05, r_kk_obj=-0.50, r_kk_fin=-0.490, ρ_kx_obj=0.50, ρ_kx_fin=+0.485 -> frac=0.150 | t(attrs)=0.412s, t(frac)=0.000s
[2025-11-07T08:59:38-03:00] <k>=2.50, p=0.025253, px1=0.05, r_kk_obj=-0.50, r_kk_fin=-0.490, ρ_kx_obj=0.60, ρ_kx_fin=+0.485 -> frac=0.150 | t(attrs)=0.442s, t(frac)=0.000s
[2025-11-07T08:59:38-03:00] <k>=2.50, p=0.025253, px1=0.05, r_kk_obj=-0.50, r_kk_fin=-0.490, ρ_kx_obj=0.20, ρ_kx_fin=+0.211 -> frac=0.050 | t(attrs)=0.534s, t(frac)=0.000s
[2025-11-07T08:59:38-03:00] Rewire r_kk: objetivo=+0.00, alcanzado=+0.005, |Δ|=0.005, iters=0, tiempo=0.001s
[2025-11-07T08:59:38-03:00] <k>=2.50, p=0.025253, px1=0.05, r_kk_obj=+0.00, r_kk_fin=+0.005, ρ_kx_obj=0.00, ρ_kx_fin=-0.008 -> frac=0.010 | t(attrs)=0.003s, t(frac)=0.000s
[2025-11-07T08:59:38-03:00] <k>=2.50, p=0.025253, px1=0.05, r_kk_obj=+0.00, r_kk_fin=+0.005, ρ_kx_obj=0.10, ρ_kx_fin=+0.101 -> frac=0.010 | t(attrs)=0.000s, t(frac)=0.000s
[2025-11-07T08:59:38-03:00] <k>=2.50, p=0.025253, px1=0.05, r_kk_obj=+0.00, r_kk_fin=+0.005, ρ_kx_obj=0.30, ρ_kx_fin=+0.293 -> frac=0.010 | t(attrs)=0.025s, t(frac)=0.000s
[2025-11-07T08:59:38-03:00] <k>=2.50, p=0.025253, px1=0.05, r_kk_obj=+0.00, r_kk_fin=+0.005, ρ_kx_obj=0.40, ρ_kx_fin=+0.402 -> frac=0.050 | t(attrs)=0.061s, t(frac)=0.000s
[2025-11-07T08:59:39-03:00] <k>=2.50, p=0.025253, px1=0.05, r_kk_obj=+0.00, r_kk_fin=+0.005, ρ_kx_obj=0.20, ρ_kx_fin=+0.211 -> frac=0.040 | t(attrs)=0.414s, t(frac)=0.000s
[2025-11-07T08:59:39-03:00] <k>=2.50, p=0.025253, px1=0.05, r_kk_obj=+0.00, r_kk_fin=+0.005, ρ_kx_obj=0.50, ρ_kx_fin=+0.485 -> frac=0.050 | t(attrs)=0.496s, t(frac)=0.000s
[2025-11-07T08:59:39-03:00] <k>=2.50, p=0.025253, px1=0.05, r_kk_obj=+0.00, r_kk_fin=+0.005, ρ_kx_obj=0.60, ρ_kx_fin=+0.457 -> frac=0.060 | t(attrs)=0.501s, t(frac)=0.000s
[2025-11-07T08:59:39-03:00] Rewire r_kk: objetivo=+0.50, alcanzado=+0.508, |Δ|=0.008, iters=99, tiempo=0.076s
[2025-11-07T08:59:39-03:00] <k>=2.50, p=0.025253, px1=0.05, r_kk_obj=+0.50, r_kk_fin=+0.508, ρ_kx_obj=0.10, ρ_kx_fin=+0.101 -> frac=0.010 | t(attrs)=0.005s, t(frac)=0.000s
[2025-11-07T08:59:39-03:00] <k>=2.50, p=0.025253, px1=0.05, r_kk_obj=+0.50, r_kk_fin=+0.508, ρ_kx_obj=0.30, ρ_kx_fin=+0.293 -> frac=0.010 | t(attrs)=0.018s, t(frac)=0.000s
[2025-11-07T08:59:39-03:00] <k>=2.50, p=0.025253, px1=0.05, r_kk_obj=+0.50, r_kk_fin=+0.508, ρ_kx_obj=0.40, ρ_kx_fin=+0.402 -> frac=0.000 | t(attrs)=0.035s, t(frac)=0.000s
[2025-11-07T08:59:39-03:00] <k>=2.50, p=0.025253, px1=0.05, r_kk_obj=+0.50, r_kk_fin=+0.508, ρ_kx_obj=0.00, ρ_kx_fin=-0.008 -> frac=0.010 | t(attrs)=0.062s, t(frac)=0.000s
[2025-11-07T08:59:39-03:00] <k>=2.50, p=0.025253, px1=0.05, r_kk_obj=+0.50, r_kk_fin=+0.508, ρ_kx_obj=0.60, ρ_kx_fin=+0.485 -> frac=0.000 | t(attrs)=0.477s, t(frac)=0.000s
[2025-11-07T08:59:39-03:00] <k>=2.50, p=0.025253, px1=0.05, r_kk_obj=+0.50, r_kk_fin=+0.508, ρ_kx_obj=0.20, ρ_kx_fin=+0.211 -> frac=0.010 | t(attrs)=0.528s, t(frac)=0.000s
[2025-11-07T08:59:39-03:00] <k>=2.50, p=0.025253, px1=0.05, r_kk_obj=+0.50, r_kk_fin=+0.508, ρ_kx_obj=0.50, ρ_kx_fin=+0.485 -> frac=0.000 | t(attrs)=0.550s, t(frac)=0.000s
[2025-11-07T08:59:40-03:00] Rewire r_kk: objetivo=-0.50, alcanzado=-0.490, |Δ|=0.010, iters=151, tiempo=0.144s
[2025-11-07T08:59:40-03:00] <k>=2.50, p=0.025253, px1=0.10, r_kk_obj=-0.50, r_kk_fin=-0.490, ρ_kx_obj=0.00, ρ_kx_fin=+0.008 -> frac=0.030 | t(attrs)=0.002s, t(frac)=0.000s
[2025-11-07T08:59:40-03:00] <k>=2.50, p=0.025253, px1=0.10, r_kk_obj=-0.50, r_kk_fin=-0.490, ρ_kx_obj=0.10, ρ_kx_fin=+0.107 -> frac=0.040 | t(attrs)=0.001s, t(frac)=0.000s
[2025-11-07T08:59:40-03:00] <k>=2.50, p=0.025253, px1=0.10, r_kk_obj=-0.50, r_kk_fin=-0.490, ρ_kx_obj=0.20, ρ_kx_fin=+0.207 -> frac=0.080 | t(attrs)=0.008s, t(frac)=0.000s
[2025-11-07T08:59:40-03:00] <k>=2.50, p=0.025253, px1=0.10, r_kk_obj=-0.50, r_kk_fin=-0.490, ρ_kx_obj=0.30, ρ_kx_fin=+0.306 -> frac=0.030 | t(attrs)=0.029s, t(frac)=0.000s
[2025-11-07T08:59:40-03:00] <k>=2.50, p=0.025253, px1=0.10, r_kk_obj=-0.50, r_kk_fin=-0.490, ρ_kx_obj=0.40, ρ_kx_fin=+0.406 -> frac=0.070 | t(attrs)=0.049s, t(frac)=0.000s
[2025-11-07T08:59:40-03:00] <k>=2.50, p=0.025253, px1=0.10, r_kk_obj=-0.50, r_kk_fin=-0.490, ρ_kx_obj=0.50, ρ_kx_fin=+0.505 -> frac=0.160 | t(attrs)=0.056s, t(frac)=0.000s
[2025-11-07T08:59:40-03:00] <k>=2.50, p=0.025253, px1=0.10, r_kk_obj=-0.50, r_kk_fin=-0.490, ρ_kx_obj=0.60, ρ_kx_fin=+0.605 -> frac=0.190 | t(attrs)=0.073s, t(frac)=0.000s
[2025-11-07T08:59:40-03:00] Rewire r_kk: objetivo=+0.00, alcanzado=+0.005, |Δ|=0.005, iters=0, tiempo=0.001s
[2025-11-07T08:59:40-03:00] <k>=2.50, p=0.025253, px1=0.10, r_kk_obj=+0.00, r_kk_fin=+0.005, ρ_kx_obj=0.00, ρ_kx_fin=+0.008 -> frac=0.070 | t(attrs)=0.002s, t(frac)=0.000s
[2025-11-07T08:59:40-03:00] <k>=2.50, p=0.025253, px1=0.10, r_kk_obj=+0.00, r_kk_fin=+0.005, ρ_kx_obj=0.20, ρ_kx_fin=+0.207 -> frac=0.050 | t(attrs)=0.001s, t(frac)=0.000s
[2025-11-07T08:59:40-03:00] <k>=2.50, p=0.025253, px1=0.10, r_kk_obj=+0.00, r_kk_fin=+0.005, ρ_kx_obj=0.10, ρ_kx_fin=+0.107 -> frac=0.040 | t(attrs)=0.003s, t(frac)=0.000s
[2025-11-07T08:59:40-03:00] <k>=2.50, p=0.025253, px1=0.10, r_kk_obj=+0.00, r_kk_fin=+0.005, ρ_kx_obj=0.30, ρ_kx_fin=+0.306 -> frac=0.090 | t(attrs)=0.012s, t(frac)=0.000s
[2025-11-07T08:59:40-03:00] <k>=2.50, p=0.025253, px1=0.10, r_kk_obj=+0.00, r_kk_fin=+0.005, ρ_kx_obj=0.40, ρ_kx_fin=+0.406 -> frac=0.070 | t(attrs)=0.006s, t(frac)=0.000s
[2025-11-07T08:59:40-03:00] <k>=2.50, p=0.025253, px1=0.10, r_kk_obj=+0.00, r_kk_fin=+0.005, ρ_kx_obj=0.50, ρ_kx_fin=+0.505 -> frac=0.090 | t(attrs)=0.050s, t(frac)=0.000s
[2025-11-07T08:59:40-03:00] <k>=2.50, p=0.025253, px1=0.10, r_kk_obj=+0.00, r_kk_fin=+0.005, ρ_kx_obj=0.60, ρ_kx_fin=+0.605 -> frac=0.090 | t(attrs)=0.108s, t(frac)=0.000s
[2025-11-07T08:59:40-03:00] Rewire r_kk: objetivo=+0.50, alcanzado=+0.508, |Δ|=0.008, iters=99, tiempo=0.093s
[2025-11-07T08:59:40-03:00] <k>=2.50, p=0.025253, px1=0.10, r_kk_obj=+0.50, r_kk_fin=+0.508, ρ_kx_obj=0.00, ρ_kx_fin=+0.008 -> frac=0.030 | t(attrs)=0.005s, t(frac)=0.000s
[2025-11-07T08:59:40-03:00] <k>=2.50, p=0.025253, px1=0.10, r_kk_obj=+0.50, r_kk_fin=+0.508, ρ_kx_obj=0.10, ρ_kx_fin=+0.107 -> frac=0.060 | t(attrs)=0.001s, t(frac)=0.000s
[2025-11-07T08:59:40-03:00] <k>=2.50, p=0.025253, px1=0.10, r_kk_obj=+0.50, r_kk_fin=+0.508, ρ_kx_obj=0.20, ρ_kx_fin=+0.207 -> frac=0.070 | t(attrs)=0.006s, t(frac)=0.000s
[2025-11-07T08:59:40-03:00] <k>=2.50, p=0.025253, px1=0.10, r_kk_obj=+0.50, r_kk_fin=+0.508, ρ_kx_obj=0.30, ρ_kx_fin=+0.306 -> frac=0.040 | t(attrs)=0.008s, t(frac)=0.000s
[2025-11-07T08:59:40-03:00] <k>=2.50, p=0.025253, px1=0.10, r_kk_obj=+0.50, r_kk_fin=+0.508, ρ_kx_obj=0.40, ρ_kx_fin=+0.406 -> frac=0.050 | t(attrs)=0.013s, t(frac)=0.000s
[2025-11-07T08:59:40-03:00] <k>=2.50, p=0.025253, px1=0.10, r_kk_obj=+0.50, r_kk_fin=+0.508, ρ_kx_obj=0.50, ρ_kx_fin=+0.505 -> frac=0.030 | t(attrs)=0.028s, t(frac)=0.000s
[2025-11-07T08:59:40-03:00] <k>=2.50, p=0.025253, px1=0.10, r_kk_obj=+0.50, r_kk_fin=+0.508, ρ_kx_obj=0.60, ρ_kx_fin=+0.605 -> frac=0.030 | t(attrs)=0.069s, t(frac)=0.000s
[2025-11-07T08:59:40-03:00] Rewire r_kk: objetivo=-0.50, alcanzado=-0.490, |Δ|=0.010, iters=151, tiempo=0.147s
[2025-11-07T08:59:40-03:00] <k>=2.50, p=0.025253, px1=0.20, r_kk_obj=-0.50, r_kk_fin=-0.490, ρ_kx_obj=0.00, ρ_kx_fin=-0.003 -> frac=0.070 | t(attrs)=0.006s, t(frac)=0.000s
[2025-11-07T08:59:40-03:00] <k>=2.50, p=0.025253, px1=0.20, r_kk_obj=-0.50, r_kk_fin=-0.490, ρ_kx_obj=0.10, ρ_kx_fin=+0.101 -> frac=0.080 | t(attrs)=0.002s, t(frac)=0.000s
[2025-11-07T08:59:40-03:00] <k>=2.50, p=0.025253, px1=0.20, r_kk_obj=-0.50, r_kk_fin=-0.490, ρ_kx_obj=0.20, ρ_kx_fin=+0.191 -> frac=0.150 | t(attrs)=0.007s, t(frac)=0.000s
[2025-11-07T08:59:40-03:00] <k>=2.50, p=0.025253, px1=0.20, r_kk_obj=-0.50, r_kk_fin=-0.490, ρ_kx_obj=0.30, ρ_kx_fin=+0.295 -> frac=0.150 | t(attrs)=0.009s, t(frac)=0.000s
[2025-11-07T08:59:40-03:00] <k>=2.50, p=0.025253, px1=0.20, r_kk_obj=-0.50, r_kk_fin=-0.490, ρ_kx_obj=0.60, ρ_kx_fin=+0.609 -> frac=0.300 | t(attrs)=0.018s, t(frac)=0.000s
[2025-11-07T08:59:40-03:00] <k>=2.50, p=0.025253, px1=0.20, r_kk_obj=-0.50, r_kk_fin=-0.490, ρ_kx_obj=0.40, ρ_kx_fin=+0.400 -> frac=0.150 | t(attrs)=0.046s, t(frac)=0.000s
[2025-11-07T08:59:40-03:00] <k>=2.50, p=0.025253, px1=0.20, r_kk_obj=-0.50, r_kk_fin=-0.490, ρ_kx_obj=0.50, ρ_kx_fin=+0.504 -> frac=0.230 | t(attrs)=0.039s, t(frac)=0.000s
[2025-11-07T08:59:40-03:00] Rewire r_kk: objetivo=+0.00, alcanzado=+0.005, |Δ|=0.005, iters=0, tiempo=0.001s
[2025-11-07T08:59:40-03:00] <k>=2.50, p=0.025253, px1=0.20, r_kk_obj=+0.00, r_kk_fin=+0.005, ρ_kx_obj=0.00, ρ_kx_fin=-0.003 -> frac=0.040 | t(attrs)=0.001s, t(frac)=0.000s
[2025-11-07T08:59:40-03:00] <k>=2.50, p=0.025253, px1=0.20, r_kk_obj=+0.00, r_kk_fin=+0.005, ρ_kx_obj=0.10, ρ_kx_fin=+0.101 -> frac=0.070 | t(attrs)=0.002s, t(frac)=0.000s
[2025-11-07T08:59:40-03:00] <k>=2.50, p=0.025253, px1=0.20, r_kk_obj=+0.00, r_kk_fin=+0.005, ρ_kx_obj=0.20, ρ_kx_fin=+0.191 -> frac=0.120 | t(attrs)=0.004s, t(frac)=0.000s
[2025-11-07T08:59:40-03:00] <k>=2.50, p=0.025253, px1=0.20, r_kk_obj=+0.00, r_kk_fin=+0.005, ρ_kx_obj=0.30, ρ_kx_fin=+0.295 -> frac=0.170 | t(attrs)=0.007s, t(frac)=0.000s
[2025-11-07T08:59:40-03:00] <k>=2.50, p=0.025253, px1=0.20, r_kk_obj=+0.00, r_kk_fin=+0.005, ρ_kx_obj=0.40, ρ_kx_fin=+0.400 -> frac=0.170 | t(attrs)=0.009s, t(frac)=0.000s
[2025-11-07T08:59:40-03:00] <k>=2.50, p=0.025253, px1=0.20, r_kk_obj=+0.00, r_kk_fin=+0.005, ρ_kx_obj=0.50, ρ_kx_fin=+0.504 -> frac=0.200 | t(attrs)=0.016s, t(frac)=0.000s
[2025-11-07T08:59:40-03:00] <k>=2.50, p=0.025253, px1=0.20, r_kk_obj=+0.00, r_kk_fin=+0.005, ρ_kx_obj=0.60, ρ_kx_fin=+0.594 -> frac=0.210 | t(attrs)=0.024s, t(frac)=0.000s
[2025-11-07T08:59:40-03:00] Rewire r_kk: objetivo=+0.50, alcanzado=+0.508, |Δ|=0.008, iters=99, tiempo=0.094s
[2025-11-07T08:59:40-03:00] <k>=2.50, p=0.025253, px1=0.20, r_kk_obj=+0.50, r_kk_fin=+0.508, ρ_kx_obj=0.00, ρ_kx_fin=-0.003 -> frac=0.090 | t(attrs)=0.001s, t(frac)=0.000s
[2025-11-07T08:59:40-03:00] <k>=2.50, p=0.025253, px1=0.20, r_kk_obj=+0.50, r_kk_fin=+0.508, ρ_kx_obj=0.10, ρ_kx_fin=+0.101 -> frac=0.090 | t(attrs)=0.002s, t(frac)=0.000s
[2025-11-07T08:59:40-03:00] <k>=2.50, p=0.025253, px1=0.20, r_kk_obj=+0.50, r_kk_fin=+0.508, ρ_kx_obj=0.20, ρ_kx_fin=+0.206 -> frac=0.110 | t(attrs)=0.001s, t(frac)=0.000s
[2025-11-07T08:59:40-03:00] <k>=2.50, p=0.025253, px1=0.20, r_kk_obj=+0.50, r_kk_fin=+0.508, ρ_kx_obj=0.30, ρ_kx_fin=+0.295 -> frac=0.090 | t(attrs)=0.006s, t(frac)=0.000s
[2025-11-07T08:59:40-03:00] <k>=2.50, p=0.025253, px1=0.20, r_kk_obj=+0.50, r_kk_fin=+0.508, ρ_kx_obj=0.40, ρ_kx_fin=+0.400 -> frac=0.140 | t(attrs)=0.012s, t(frac)=0.000s
[2025-11-07T08:59:40-03:00] <k>=2.50, p=0.025253, px1=0.20, r_kk_obj=+0.50, r_kk_fin=+0.508, ρ_kx_obj=0.60, ρ_kx_fin=+0.609 -> frac=0.180 | t(attrs)=0.023s, t(frac)=0.000s
[2025-11-07T08:59:40-03:00] <k>=2.50, p=0.025253, px1=0.20, r_kk_obj=+0.50, r_kk_fin=+0.508, ρ_kx_obj=0.50, ρ_kx_fin=+0.504 -> frac=0.160 | t(attrs)=0.036s, t(frac)=0.000s
[2025-11-07T08:59:40-03:00] Generando figura...
[2025-11-07T08:59:42-03:00] Figuras guardadas en: run-e2r\N100_251107-085934\fig3_ER.png y run-e2r\N100_251107-085934\fig3_ER.pdf
[2025-11-07T08:59:42-03:00] Fin experimento Fig3-ER | carpeta=run-e2r\N100_251107-085934
[2025-11-07T08:59:42-03:00] Tiempo total de ejecución: 7.58s (~735971.66 min)
