[2025-11-07T08:44:26-03:00] Inicio experimento Fig3-ER | carpeta=run-e2r\N1000_251107-084426
[2025-11-07T08:44:26-03:00] Parámetros: N=1000, <k>=[5.2, 2.5], px1=[0.05, 0.1, 0.2], r_kk=[-0.5, 0.0, 0.5], ρ_kx=[np.float64(0.0), np.float64(0.1), np.float64(0.2), np.float64(0.3), np.float64(0.4), np.float64(0.5), np.float64(0.6)], seed=12021974
[2025-11-07T08:44:27-03:00] Generada red ER: N=1000, <k>_obj=5.20, p=0.005205, L=2603, tiempo=0.031s
[2025-11-07T08:44:36-03:00] Rewire r_kk: objetivo=-0.50, alcanzado=-0.220, |Δ|=0.280, iters=1000, tiempo=9.931s
[2025-11-07T08:44:36-03:00] α=—, <k>=5.20, p=0.005205, px1=0.05, r_kk_obj=-0.50, r_kk_fin=-0.220, ρ_kx_obj=0.00, ρ_kx_fin=+0.008 -> frac=0.003 | t(attrs)=0.001s, t(frac)=0.003s
[2025-11-07T08:44:36-03:00] α=—, <k>=5.20, p=0.005205, px1=0.05, r_kk_obj=-0.50, r_kk_fin=-0.220, ρ_kx_obj=0.10, ρ_kx_fin=+0.091 -> frac=0.005 | t(attrs)=0.011s, t(frac)=0.002s
[2025-11-07T08:44:36-03:00] α=—, <k>=5.20, p=0.005205, px1=0.05, r_kk_obj=-0.50, r_kk_fin=-0.220, ρ_kx_obj=0.20, ρ_kx_fin=+0.193 -> frac=0.008 | t(attrs)=0.026s, t(frac)=0.003s
[2025-11-07T08:44:37-03:00] α=—, <k>=5.20, p=0.005205, px1=0.05, r_kk_obj=-0.50, r_kk_fin=-0.220, ρ_kx_obj=0.30, ρ_kx_fin=+0.293 -> frac=0.013 | t(attrs)=0.057s, t(frac)=0.002s
[2025-11-07T08:44:37-03:00] α=—, <k>=5.20, p=0.005205, px1=0.05, r_kk_obj=-0.50, r_kk_fin=-0.220, ρ_kx_obj=0.40, ρ_kx_fin=+0.393 -> frac=0.019 | t(attrs)=0.108s, t(frac)=0.002s
[2025-11-07T08:44:37-03:00] α=—, <k>=5.20, p=0.005205, px1=0.05, r_kk_obj=-0.50, r_kk_fin=-0.220, ρ_kx_obj=0.50, ρ_kx_fin=+0.454 -> frac=0.016 | t(attrs)=0.184s, t(frac)=0.003s
[2025-11-07T08:44:37-03:00] α=—, <k>=5.20, p=0.005205, px1=0.05, r_kk_obj=-0.50, r_kk_fin=-0.220, ρ_kx_obj=0.60, ρ_kx_fin=+0.456 -> frac=0.023 | t(attrs)=0.177s, t(frac)=0.003s
[2025-11-07T08:44:37-03:00] Rewire r_kk: objetivo=+0.00, alcanzado=-0.001, |Δ|=0.001, iters=0, tiempo=0.007s
[2025-11-07T08:44:37-03:00] α=—, <k>=5.20, p=0.005205, px1=0.05, r_kk_obj=+0.00, r_kk_fin=-0.001, ρ_kx_obj=0.00, ρ_kx_fin=+0.008 -> frac=0.002 | t(attrs)=0.001s, t(frac)=0.003s
[2025-11-07T08:44:37-03:00] α=—, <k>=5.20, p=0.005205, px1=0.05, r_kk_obj=+0.00, r_kk_fin=-0.001, ρ_kx_obj=0.10, ρ_kx_fin=+0.091 -> frac=0.005 | t(attrs)=0.010s, t(frac)=0.002s
[2025-11-07T08:44:37-03:00] α=—, <k>=5.20, p=0.005205, px1=0.05, r_kk_obj=+0.00, r_kk_fin=-0.001, ρ_kx_obj=0.20, ρ_kx_fin=+0.193 -> frac=0.005 | t(attrs)=0.024s, t(frac)=0.002s
[2025-11-07T08:44:37-03:00] α=—, <k>=5.20, p=0.005205, px1=0.05, r_kk_obj=+0.00, r_kk_fin=-0.001, ρ_kx_obj=0.30, ρ_kx_fin=+0.293 -> frac=0.010 | t(attrs)=0.056s, t(frac)=0.002s
[2025-11-07T08:44:37-03:00] α=—, <k>=5.20, p=0.005205, px1=0.05, r_kk_obj=+0.00, r_kk_fin=-0.001, ρ_kx_obj=0.40, ρ_kx_fin=+0.393 -> frac=0.009 | t(attrs)=0.104s, t(frac)=0.004s
[2025-11-07T08:44:37-03:00] α=—, <k>=5.20, p=0.005205, px1=0.05, r_kk_obj=+0.00, r_kk_fin=-0.001, ρ_kx_obj=0.50, ρ_kx_fin=+0.454 -> frac=0.007 | t(attrs)=0.175s, t(frac)=0.002s
[2025-11-07T08:44:38-03:00] α=—, <k>=5.20, p=0.005205, px1=0.05, r_kk_obj=+0.00, r_kk_fin=-0.001, ρ_kx_obj=0.60, ρ_kx_fin=+0.456 -> frac=0.007 | t(attrs)=0.190s, t(frac)=0.002s
[2025-11-07T08:44:48-03:00] Rewire r_kk: objetivo=+0.50, alcanzado=+0.260, |Δ|=0.240, iters=1000, tiempo=10.369s
[2025-11-07T08:44:48-03:00] α=—, <k>=5.20, p=0.005205, px1=0.05, r_kk_obj=+0.50, r_kk_fin=+0.260, ρ_kx_obj=0.00, ρ_kx_fin=+0.008 -> frac=0.003 | t(attrs)=0.001s, t(frac)=0.002s
[2025-11-07T08:44:48-03:00] α=—, <k>=5.20, p=0.005205, px1=0.05, r_kk_obj=+0.50, r_kk_fin=+0.260, ρ_kx_obj=0.10, ρ_kx_fin=+0.091 -> frac=0.003 | t(attrs)=0.008s, t(frac)=0.002s
[2025-11-07T08:44:48-03:00] α=—, <k>=5.20, p=0.005205, px1=0.05, r_kk_obj=+0.50, r_kk_fin=+0.260, ρ_kx_obj=0.20, ρ_kx_fin=+0.193 -> frac=0.002 | t(attrs)=0.021s, t(frac)=0.002s
[2025-11-07T08:44:48-03:00] α=—, <k>=5.20, p=0.005205, px1=0.05, r_kk_obj=+0.50, r_kk_fin=+0.260, ρ_kx_obj=0.30, ρ_kx_fin=+0.293 -> frac=0.008 | t(attrs)=0.047s, t(frac)=0.002s
[2025-11-07T08:44:48-03:00] α=—, <k>=5.20, p=0.005205, px1=0.05, r_kk_obj=+0.50, r_kk_fin=+0.260, ρ_kx_obj=0.40, ρ_kx_fin=+0.393 -> frac=0.007 | t(attrs)=0.091s, t(frac)=0.002s
[2025-11-07T08:44:48-03:00] α=—, <k>=5.20, p=0.005205, px1=0.05, r_kk_obj=+0.50, r_kk_fin=+0.260, ρ_kx_obj=0.50, ρ_kx_fin=+0.454 -> frac=0.005 | t(attrs)=0.181s, t(frac)=0.002s
[2025-11-07T08:44:49-03:00] α=—, <k>=5.20, p=0.005205, px1=0.05, r_kk_obj=+0.50, r_kk_fin=+0.260, ρ_kx_obj=0.60, ρ_kx_fin=+0.456 -> frac=0.006 | t(attrs)=0.149s, t(frac)=0.002s
[2025-11-07T08:44:59-03:00] Rewire r_kk: objetivo=-0.50, alcanzado=-0.220, |Δ|=0.280, iters=1000, tiempo=9.986s
[2025-11-07T08:44:59-03:00] α=—, <k>=5.20, p=0.005205, px1=0.10, r_kk_obj=-0.50, r_kk_fin=-0.220, ρ_kx_obj=0.00, ρ_kx_fin=+0.009 -> frac=0.012 | t(attrs)=0.002s, t(frac)=0.002s
[2025-11-07T08:44:59-03:00] α=—, <k>=5.20, p=0.005205, px1=0.10, r_kk_obj=-0.50, r_kk_fin=-0.220, ρ_kx_obj=0.10, ρ_kx_fin=+0.092 -> frac=0.019 | t(attrs)=0.011s, t(frac)=0.002s
[2025-11-07T08:44:59-03:00] α=—, <k>=5.20, p=0.005205, px1=0.10, r_kk_obj=-0.50, r_kk_fin=-0.220, ρ_kx_obj=0.20, ρ_kx_fin=+0.192 -> frac=0.021 | t(attrs)=0.024s, t(frac)=0.002s
[2025-11-07T08:44:59-03:00] α=—, <k>=5.20, p=0.005205, px1=0.10, r_kk_obj=-0.50, r_kk_fin=-0.220, ρ_kx_obj=0.30, ρ_kx_fin=+0.291 -> frac=0.028 | t(attrs)=0.037s, t(frac)=0.002s
[2025-11-07T08:44:59-03:00] α=—, <k>=5.20, p=0.005205, px1=0.10, r_kk_obj=-0.50, r_kk_fin=-0.220, ρ_kx_obj=0.40, ρ_kx_fin=+0.391 -> frac=0.038 | t(attrs)=0.075s, t(frac)=0.002s
[2025-11-07T08:44:59-03:00] α=—, <k>=5.20, p=0.005205, px1=0.10, r_kk_obj=-0.50, r_kk_fin=-0.220, ρ_kx_obj=0.50, ρ_kx_fin=+0.492 -> frac=0.048 | t(attrs)=0.143s, t(frac)=0.002s
[2025-11-07T08:44:59-03:00] α=—, <k>=5.20, p=0.005205, px1=0.10, r_kk_obj=-0.50, r_kk_fin=-0.220, ρ_kx_obj=0.60, ρ_kx_fin=+0.480 -> frac=0.049 | t(attrs)=0.157s, t(frac)=0.002s
[2025-11-07T08:44:59-03:00] Rewire r_kk: objetivo=+0.00, alcanzado=-0.001, |Δ|=0.001, iters=0, tiempo=0.006s
[2025-11-07T08:44:59-03:00] α=—, <k>=5.20, p=0.005205, px1=0.10, r_kk_obj=+0.00, r_kk_fin=-0.001, ρ_kx_obj=0.00, ρ_kx_fin=+0.009 -> frac=0.013 | t(attrs)=0.001s, t(frac)=0.002s
[2025-11-07T08:44:59-03:00] α=—, <k>=5.20, p=0.005205, px1=0.10, r_kk_obj=+0.00, r_kk_fin=-0.001, ρ_kx_obj=0.10, ρ_kx_fin=+0.092 -> frac=0.019 | t(attrs)=0.011s, t(frac)=0.002s
[2025-11-07T08:44:59-03:00] α=—, <k>=5.20, p=0.005205, px1=0.10, r_kk_obj=+0.00, r_kk_fin=-0.001, ρ_kx_obj=0.20, ρ_kx_fin=+0.192 -> frac=0.017 | t(attrs)=0.025s, t(frac)=0.002s
[2025-11-07T08:44:59-03:00] α=—, <k>=5.20, p=0.005205, px1=0.10, r_kk_obj=+0.00, r_kk_fin=-0.001, ρ_kx_obj=0.30, ρ_kx_fin=+0.291 -> frac=0.026 | t(attrs)=0.042s, t(frac)=0.002s
[2025-11-07T08:44:59-03:00] α=—, <k>=5.20, p=0.005205, px1=0.10, r_kk_obj=+0.00, r_kk_fin=-0.001, ρ_kx_obj=0.40, ρ_kx_fin=+0.391 -> frac=0.027 | t(attrs)=0.081s, t(frac)=0.002s
[2025-11-07T08:44:59-03:00] α=—, <k>=5.20, p=0.005205, px1=0.10, r_kk_obj=+0.00, r_kk_fin=-0.001, ρ_kx_obj=0.50, ρ_kx_fin=+0.492 -> frac=0.032 | t(attrs)=0.136s, t(frac)=0.002s
[2025-11-07T08:44:59-03:00] α=—, <k>=5.20, p=0.005205, px1=0.10, r_kk_obj=+0.00, r_kk_fin=-0.001, ρ_kx_obj=0.60, ρ_kx_fin=+0.480 -> frac=0.032 | t(attrs)=0.155s, t(frac)=0.002s
[2025-11-07T08:45:10-03:00] Rewire r_kk: objetivo=+0.50, alcanzado=+0.260, |Δ|=0.240, iters=1000, tiempo=10.288s
[2025-11-07T08:45:10-03:00] α=—, <k>=5.20, p=0.005205, px1=0.10, r_kk_obj=+0.50, r_kk_fin=+0.260, ρ_kx_obj=0.00, ρ_kx_fin=+0.009 -> frac=0.010 | t(attrs)=0.001s, t(frac)=0.002s
[2025-11-07T08:45:10-03:00] α=—, <k>=5.20, p=0.005205, px1=0.10, r_kk_obj=+0.50, r_kk_fin=+0.260, ρ_kx_obj=0.10, ρ_kx_fin=+0.092 -> frac=0.013 | t(attrs)=0.013s, t(frac)=0.002s
[2025-11-07T08:45:10-03:00] α=—, <k>=5.20, p=0.005205, px1=0.10, r_kk_obj=+0.50, r_kk_fin=+0.260, ρ_kx_obj=0.20, ρ_kx_fin=+0.192 -> frac=0.015 | t(attrs)=0.030s, t(frac)=0.002s
[2025-11-07T08:45:10-03:00] α=—, <k>=5.20, p=0.005205, px1=0.10, r_kk_obj=+0.50, r_kk_fin=+0.260, ρ_kx_obj=0.30, ρ_kx_fin=+0.291 -> frac=0.017 | t(attrs)=0.048s, t(frac)=0.002s
[2025-11-07T08:45:10-03:00] α=—, <k>=5.20, p=0.005205, px1=0.10, r_kk_obj=+0.50, r_kk_fin=+0.260, ρ_kx_obj=0.40, ρ_kx_fin=+0.391 -> frac=0.015 | t(attrs)=0.089s, t(frac)=0.002s
[2025-11-07T08:45:10-03:00] α=—, <k>=5.20, p=0.005205, px1=0.10, r_kk_obj=+0.50, r_kk_fin=+0.260, ρ_kx_obj=0.50, ρ_kx_fin=+0.492 -> frac=0.019 | t(attrs)=0.165s, t(frac)=0.002s
[2025-11-07T08:45:10-03:00] α=—, <k>=5.20, p=0.005205, px1=0.10, r_kk_obj=+0.50, r_kk_fin=+0.260, ρ_kx_obj=0.60, ρ_kx_fin=+0.480 -> frac=0.024 | t(attrs)=0.185s, t(frac)=0.003s
[2025-11-07T08:45:20-03:00] Rewire r_kk: objetivo=-0.50, alcanzado=-0.220, |Δ|=0.280, iters=1000, tiempo=9.964s
[2025-11-07T08:45:20-03:00] α=—, <k>=5.20, p=0.005205, px1=0.20, r_kk_obj=-0.50, r_kk_fin=-0.220, ρ_kx_obj=0.00, ρ_kx_fin=+0.010 -> frac=0.049 | t(attrs)=0.002s, t(frac)=0.002s
[2025-11-07T08:45:20-03:00] α=—, <k>=5.20, p=0.005205, px1=0.20, r_kk_obj=-0.50, r_kk_fin=-0.220, ρ_kx_obj=0.10, ρ_kx_fin=+0.091 -> frac=0.058 | t(attrs)=0.010s, t(frac)=0.002s
[2025-11-07T08:45:20-03:00] α=—, <k>=5.20, p=0.005205, px1=0.20, r_kk_obj=-0.50, r_kk_fin=-0.220, ρ_kx_obj=0.20, ρ_kx_fin=+0.191 -> frac=0.081 | t(attrs)=0.024s, t(frac)=0.002s
[2025-11-07T08:45:20-03:00] α=—, <k>=5.20, p=0.005205, px1=0.20, r_kk_obj=-0.50, r_kk_fin=-0.220, ρ_kx_obj=0.30, ρ_kx_fin=+0.291 -> frac=0.088 | t(attrs)=0.056s, t(frac)=0.002s
[2025-11-07T08:45:20-03:00] α=—, <k>=5.20, p=0.005205, px1=0.20, r_kk_obj=-0.50, r_kk_fin=-0.220, ρ_kx_obj=0.40, ρ_kx_fin=+0.391 -> frac=0.103 | t(attrs)=0.095s, t(frac)=0.002s
[2025-11-07T08:45:21-03:00] α=—, <k>=5.20, p=0.005205, px1=0.20, r_kk_obj=-0.50, r_kk_fin=-0.220, ρ_kx_obj=0.50, ρ_kx_fin=+0.491 -> frac=0.126 | t(attrs)=0.145s, t(frac)=0.002s
[2025-11-07T08:45:21-03:00] α=—, <k>=5.20, p=0.005205, px1=0.20, r_kk_obj=-0.50, r_kk_fin=-0.220, ρ_kx_obj=0.60, ρ_kx_fin=+0.545 -> frac=0.139 | t(attrs)=0.158s, t(frac)=0.002s
[2025-11-07T08:45:21-03:00] Rewire r_kk: objetivo=+0.00, alcanzado=-0.001, |Δ|=0.001, iters=0, tiempo=0.005s
[2025-11-07T08:45:21-03:00] α=—, <k>=5.20, p=0.005205, px1=0.20, r_kk_obj=+0.00, r_kk_fin=-0.001, ρ_kx_obj=0.00, ρ_kx_fin=+0.010 -> frac=0.050 | t(attrs)=0.002s, t(frac)=0.002s
[2025-11-07T08:45:21-03:00] α=—, <k>=5.20, p=0.005205, px1=0.20, r_kk_obj=+0.00, r_kk_fin=-0.001, ρ_kx_obj=0.10, ρ_kx_fin=+0.091 -> frac=0.058 | t(attrs)=0.009s, t(frac)=0.002s
[2025-11-07T08:45:21-03:00] α=—, <k>=5.20, p=0.005205, px1=0.20, r_kk_obj=+0.00, r_kk_fin=-0.001, ρ_kx_obj=0.20, ρ_kx_fin=+0.191 -> frac=0.068 | t(attrs)=0.026s, t(frac)=0.002s
[2025-11-07T08:45:21-03:00] α=—, <k>=5.20, p=0.005205, px1=0.20, r_kk_obj=+0.00, r_kk_fin=-0.001, ρ_kx_obj=0.30, ρ_kx_fin=+0.291 -> frac=0.072 | t(attrs)=0.049s, t(frac)=0.002s
[2025-11-07T08:45:21-03:00] α=—, <k>=5.20, p=0.005205, px1=0.20, r_kk_obj=+0.00, r_kk_fin=-0.001, ρ_kx_obj=0.40, ρ_kx_fin=+0.391 -> frac=0.090 | t(attrs)=0.091s, t(frac)=0.002s
[2025-11-07T08:45:21-03:00] α=—, <k>=5.20, p=0.005205, px1=0.20, r_kk_obj=+0.00, r_kk_fin=-0.001, ρ_kx_obj=0.50, ρ_kx_fin=+0.491 -> frac=0.107 | t(attrs)=0.144s, t(frac)=0.002s
[2025-11-07T08:45:21-03:00] α=—, <k>=5.20, p=0.005205, px1=0.20, r_kk_obj=+0.00, r_kk_fin=-0.001, ρ_kx_obj=0.60, ρ_kx_fin=+0.545 -> frac=0.113 | t(attrs)=0.171s, t(frac)=0.002s
[2025-11-07T08:45:32-03:00] Rewire r_kk: objetivo=+0.50, alcanzado=+0.260, |Δ|=0.240, iters=1000, tiempo=10.680s
[2025-11-07T08:45:32-03:00] α=—, <k>=5.20, p=0.005205, px1=0.20, r_kk_obj=+0.50, r_kk_fin=+0.260, ρ_kx_obj=0.00, ρ_kx_fin=+0.010 -> frac=0.047 | t(attrs)=0.003s, t(frac)=0.002s
[2025-11-07T08:45:32-03:00] α=—, <k>=5.20, p=0.005205, px1=0.20, r_kk_obj=+0.50, r_kk_fin=+0.260, ρ_kx_obj=0.10, ρ_kx_fin=+0.091 -> frac=0.054 | t(attrs)=0.015s, t(frac)=0.003s
[2025-11-07T08:45:32-03:00] α=—, <k>=5.20, p=0.005205, px1=0.20, r_kk_obj=+0.50, r_kk_fin=+0.260, ρ_kx_obj=0.20, ρ_kx_fin=+0.191 -> frac=0.055 | t(attrs)=0.022s, t(frac)=0.002s
[2025-11-07T08:45:32-03:00] α=—, <k>=5.20, p=0.005205, px1=0.20, r_kk_obj=+0.50, r_kk_fin=+0.260, ρ_kx_obj=0.30, ρ_kx_fin=+0.291 -> frac=0.064 | t(attrs)=0.058s, t(frac)=0.002s
[2025-11-07T08:45:32-03:00] α=—, <k>=5.20, p=0.005205, px1=0.20, r_kk_obj=+0.50, r_kk_fin=+0.260, ρ_kx_obj=0.40, ρ_kx_fin=+0.391 -> frac=0.078 | t(attrs)=0.108s, t(frac)=0.002s
[2025-11-07T08:45:32-03:00] α=—, <k>=5.20, p=0.005205, px1=0.20, r_kk_obj=+0.50, r_kk_fin=+0.260, ρ_kx_obj=0.50, ρ_kx_fin=+0.491 -> frac=0.090 | t(attrs)=0.174s, t(frac)=0.003s
[2025-11-07T08:45:33-03:00] α=—, <k>=5.20, p=0.005205, px1=0.20, r_kk_obj=+0.50, r_kk_fin=+0.260, ρ_kx_obj=0.60, ρ_kx_fin=+0.545 -> frac=0.101 | t(attrs)=0.188s, t(frac)=0.003s
[2025-11-07T08:45:33-03:00] Generada red ER: N=1000, <k>_obj=2.50, p=0.002503, L=1286, tiempo=0.029s
