[2025-11-07T12:08:57-03:00] Ejecutando script: Erdos-Renyi-v2.py | ruta=C:\Users\dcaceres\Documents\Magister\Trimestre 2\CS Redes\Tarea 2\python\Erdos-Renyi-v2.py
[2025-11-07T12:08:57-03:00] Inicio experimento Fig3-ER (paralelo por procesos) | carpeta=run-e2r\251107120857_N1000
[2025-11-07T12:08:57-03:00] Procesos: usados=18, cpu_count=22
[2025-11-07T12:08:57-03:00] Parámetros: N=1000, <k>=[5.2, 2.5], px1=[0.05, 0.1, 0.2], r_kk=[-0.5, 0.0, 0.5], ρ_kx=[np.float64(0.0), np.float64(0.11), np.float64(0.23), np.float64(0.34), np.float64(0.46), np.float64(0.57), np.float64(0.69), np.float64(0.8)], seed=12021974
[2025-11-07T12:09:07-03:00] Generada red ER: N=1000, <k>_obj=5.20, p=0.005205, L=2603, tiempo=0.066s
[2025-11-07T12:09:07-03:00] Rewire r_kk: objetivo=+0.00, alcanzado=-0.001, |Δ|=0.001, iters=0, tiempo=0.013s
[2025-11-07T12:09:07-03:00] <k>=5.20, p=0.005205, px1=0.20, r_kk_obj=+0.00, r_kk_fin=-0.001, ρ_kx_obj=0.00, ρ_kx_fin=-0.008 -> frac=0.044 | t(attrs)=0.004s, t(frac)=0.004s
[2025-11-07T12:09:07-03:00] <k>=5.20, p=0.005205, px1=0.20, r_kk_obj=+0.00, r_kk_fin=-0.001, ρ_kx_obj=0.11, ρ_kx_fin=+0.105 -> frac=0.061 | t(attrs)=0.040s, t(frac)=0.006s
[2025-11-07T12:09:07-03:00] <k>=5.20, p=0.005205, px1=0.20, r_kk_obj=+0.00, r_kk_fin=-0.001, ρ_kx_obj=0.23, ρ_kx_fin=+0.220 -> frac=0.066 | t(attrs)=0.082s, t(frac)=0.003s
[2025-11-07T12:09:07-03:00] <k>=5.20, p=0.005205, px1=0.20, r_kk_obj=+0.00, r_kk_fin=-0.001, ρ_kx_obj=0.34, ρ_kx_fin=+0.333 -> frac=0.085 | t(attrs)=0.126s, t(frac)=0.003s
[2025-11-07T12:09:07-03:00] <k>=5.20, p=0.005205, px1=0.20, r_kk_obj=+0.00, r_kk_fin=-0.001, ρ_kx_obj=0.46, ρ_kx_fin=+0.448 -> frac=0.108 | t(attrs)=0.276s, t(frac)=0.003s
[2025-11-07T12:09:07-03:00] <k>=5.20, p=0.005205, px1=0.20, r_kk_obj=+0.00, r_kk_fin=-0.001, ρ_kx_obj=0.57, ρ_kx_fin=+0.562 -> frac=0.116 | t(attrs)=0.402s, t(frac)=0.004s
[2025-11-07T12:09:07-03:00] <k>=5.20, p=0.005205, px1=0.20, r_kk_obj=+0.00, r_kk_fin=-0.001, ρ_kx_obj=0.69, ρ_kx_fin=+0.677 -> frac=0.138 | t(attrs)=0.994s, t(frac)=0.003s
[2025-11-07T12:09:07-03:00] <k>=5.20, p=0.005205, px1=0.20, r_kk_obj=+0.00, r_kk_fin=-0.001, ρ_kx_obj=0.80, ρ_kx_fin=+0.731 -> frac=0.147 | t(attrs)=3.762s, t(frac)=0.005s
[2025-11-07T12:09:07-03:00] Curva lista: <k>=5.20, px1=0.20, r_kk_obj=+0.00, r_kk_fin=-0.001, p=0.005205, t_curva=5.80s (t_gen=0.07s, t_rew=0.01s, t_rho_total=5.71s; t_attrs=5.68s, t_frac=0.03s)
[2025-11-07T12:09:08-03:00] Generada red ER: N=1000, <k>_obj=2.50, p=0.002503, L=1286, tiempo=0.063s
[2025-11-07T12:09:08-03:00] Rewire r_kk: objetivo=+0.00, alcanzado=+0.014, |Δ|=0.014, iters=34, tiempo=0.524s
[2025-11-07T12:09:08-03:00] <k>=2.50, p=0.002503, px1=0.20, r_kk_obj=+0.00, r_kk_fin=+0.014, ρ_kx_obj=0.00, ρ_kx_fin=+0.004 -> frac=0.075 | t(attrs)=0.001s, t(frac)=0.003s
[2025-11-07T12:09:08-03:00] <k>=2.50, p=0.002503, px1=0.20, r_kk_obj=+0.00, r_kk_fin=+0.014, ρ_kx_obj=0.11, ρ_kx_fin=+0.105 -> frac=0.088 | t(attrs)=0.039s, t(frac)=0.003s
[2025-11-07T12:09:08-03:00] <k>=2.50, p=0.002503, px1=0.20, r_kk_obj=+0.00, r_kk_fin=+0.014, ρ_kx_obj=0.23, ρ_kx_fin=+0.219 -> frac=0.118 | t(attrs)=0.092s, t(frac)=0.002s
[2025-11-07T12:09:08-03:00] <k>=2.50, p=0.002503, px1=0.20, r_kk_obj=+0.00, r_kk_fin=+0.014, ρ_kx_obj=0.34, ρ_kx_fin=+0.338 -> frac=0.137 | t(attrs)=0.181s, t(frac)=0.002s
[2025-11-07T12:09:08-03:00] <k>=2.50, p=0.002503, px1=0.20, r_kk_obj=+0.00, r_kk_fin=+0.014, ρ_kx_obj=0.46, ρ_kx_fin=+0.449 -> frac=0.177 | t(attrs)=0.327s, t(frac)=0.003s
[2025-11-07T12:09:08-03:00] <k>=2.50, p=0.002503, px1=0.20, r_kk_obj=+0.00, r_kk_fin=+0.014, ρ_kx_obj=0.57, ρ_kx_fin=+0.562 -> frac=0.197 | t(attrs)=0.404s, t(frac)=0.003s
[2025-11-07T12:09:08-03:00] <k>=2.50, p=0.002503, px1=0.20, r_kk_obj=+0.00, r_kk_fin=+0.014, ρ_kx_obj=0.69, ρ_kx_fin=+0.676 -> frac=0.210 | t(attrs)=1.041s, t(frac)=0.002s
[2025-11-07T12:09:08-03:00] <k>=2.50, p=0.002503, px1=0.20, r_kk_obj=+0.00, r_kk_fin=+0.014, ρ_kx_obj=0.80, ρ_kx_fin=+0.722 -> frac=0.242 | t(attrs)=3.576s, t(frac)=0.003s
[2025-11-07T12:09:08-03:00] Curva lista: <k>=2.50, px1=0.20, r_kk_obj=+0.00, r_kk_fin=+0.014, p=0.002503, t_curva=6.27s (t_gen=0.06s, t_rew=0.52s, t_rho_total=5.68s; t_attrs=5.66s, t_frac=0.02s)
[2025-11-07T12:09:10-03:00] Generada red ER: N=1000, <k>_obj=5.20, p=0.005205, L=2603, tiempo=0.058s
[2025-11-07T12:09:10-03:00] Rewire r_kk: objetivo=+0.00, alcanzado=-0.001, |Δ|=0.001, iters=0, tiempo=0.012s
[2025-11-07T12:09:10-03:00] <k>=5.20, p=0.005205, px1=0.10, r_kk_obj=+0.00, r_kk_fin=-0.001, ρ_kx_obj=0.00, ρ_kx_fin=-0.007 -> frac=0.008 | t(attrs)=0.003s, t(frac)=0.003s
[2025-11-07T12:09:10-03:00] <k>=5.20, p=0.005205, px1=0.10, r_kk_obj=+0.00, r_kk_fin=-0.001, ρ_kx_obj=0.11, ρ_kx_fin=+0.107 -> frac=0.013 | t(attrs)=0.026s, t(frac)=0.003s
[2025-11-07T12:09:10-03:00] <k>=5.20, p=0.005205, px1=0.10, r_kk_obj=+0.00, r_kk_fin=-0.001, ρ_kx_obj=0.23, ρ_kx_fin=+0.220 -> frac=0.016 | t(attrs)=0.077s, t(frac)=0.003s
[2025-11-07T12:09:10-03:00] <k>=5.20, p=0.005205, px1=0.10, r_kk_obj=+0.00, r_kk_fin=-0.001, ρ_kx_obj=0.34, ρ_kx_fin=+0.335 -> frac=0.023 | t(attrs)=0.132s, t(frac)=0.003s
[2025-11-07T12:09:10-03:00] <k>=5.20, p=0.005205, px1=0.10, r_kk_obj=+0.00, r_kk_fin=-0.001, ρ_kx_obj=0.46, ρ_kx_fin=+0.454 -> frac=0.031 | t(attrs)=0.216s, t(frac)=0.003s
[2025-11-07T12:09:10-03:00] <k>=5.20, p=0.005205, px1=0.10, r_kk_obj=+0.00, r_kk_fin=-0.001, ρ_kx_obj=0.57, ρ_kx_fin=+0.562 -> frac=0.029 | t(attrs)=0.707s, t(frac)=0.008s
[2025-11-07T12:09:10-03:00] <k>=5.20, p=0.005205, px1=0.10, r_kk_obj=+0.00, r_kk_fin=-0.001, ρ_kx_obj=0.69, ρ_kx_fin=+0.628 -> frac=0.040 | t(attrs)=3.899s, t(frac)=0.003s
[2025-11-07T12:09:10-03:00] <k>=5.20, p=0.005205, px1=0.10, r_kk_obj=+0.00, r_kk_fin=-0.001, ρ_kx_obj=0.80, ρ_kx_fin=+0.628 -> frac=0.030 | t(attrs)=3.450s, t(frac)=0.004s
[2025-11-07T12:09:10-03:00] Curva lista: <k>=5.20, px1=0.10, r_kk_obj=+0.00, r_kk_fin=-0.001, p=0.005205, t_curva=8.61s (t_gen=0.06s, t_rew=0.01s, t_rho_total=8.54s; t_attrs=8.51s, t_frac=0.03s)
[2025-11-07T12:09:10-03:00] Generada red ER: N=1000, <k>_obj=2.50, p=0.002503, L=1286, tiempo=0.055s
[2025-11-07T12:09:10-03:00] Rewire r_kk: objetivo=+0.00, alcanzado=+0.014, |Δ|=0.014, iters=34, tiempo=0.615s
[2025-11-07T12:09:10-03:00] <k>=2.50, p=0.002503, px1=0.10, r_kk_obj=+0.00, r_kk_fin=+0.014, ρ_kx_obj=0.00, ρ_kx_fin=+0.008 -> frac=0.033 | t(attrs)=0.006s, t(frac)=0.004s
[2025-11-07T12:09:10-03:00] <k>=2.50, p=0.002503, px1=0.10, r_kk_obj=+0.00, r_kk_fin=+0.014, ρ_kx_obj=0.11, ρ_kx_fin=+0.105 -> frac=0.031 | t(attrs)=0.030s, t(frac)=0.005s
[2025-11-07T12:09:10-03:00] <k>=2.50, p=0.002503, px1=0.10, r_kk_obj=+0.00, r_kk_fin=+0.014, ρ_kx_obj=0.23, ρ_kx_fin=+0.219 -> frac=0.048 | t(attrs)=0.062s, t(frac)=0.003s
[2025-11-07T12:09:10-03:00] <k>=2.50, p=0.002503, px1=0.10, r_kk_obj=+0.00, r_kk_fin=+0.014, ρ_kx_obj=0.34, ρ_kx_fin=+0.339 -> frac=0.067 | t(attrs)=0.165s, t(frac)=0.003s
[2025-11-07T12:09:10-03:00] <k>=2.50, p=0.002503, px1=0.10, r_kk_obj=+0.00, r_kk_fin=+0.014, ρ_kx_obj=0.46, ρ_kx_fin=+0.449 -> frac=0.079 | t(attrs)=0.248s, t(frac)=0.005s
[2025-11-07T12:09:10-03:00] <k>=2.50, p=0.002503, px1=0.10, r_kk_obj=+0.00, r_kk_fin=+0.014, ρ_kx_obj=0.57, ρ_kx_fin=+0.563 -> frac=0.097 | t(attrs)=0.560s, t(frac)=0.005s
[2025-11-07T12:09:10-03:00] <k>=2.50, p=0.002503, px1=0.10, r_kk_obj=+0.00, r_kk_fin=+0.014, ρ_kx_obj=0.69, ρ_kx_fin=+0.639 -> frac=0.096 | t(attrs)=3.454s, t(frac)=0.002s
[2025-11-07T12:09:10-03:00] <k>=2.50, p=0.002503, px1=0.10, r_kk_obj=+0.00, r_kk_fin=+0.014, ρ_kx_obj=0.80, ρ_kx_fin=+0.643 -> frac=0.093 | t(attrs)=3.651s, t(frac)=0.003s
[2025-11-07T12:09:10-03:00] Curva lista: <k>=2.50, px1=0.10, r_kk_obj=+0.00, r_kk_fin=+0.014, p=0.002503, t_curva=8.88s (t_gen=0.06s, t_rew=0.61s, t_rho_total=8.21s; t_attrs=8.18s, t_frac=0.03s)
[2025-11-07T12:09:13-03:00] Generada red ER: N=1000, <k>_obj=5.20, p=0.005205, L=2603, tiempo=0.058s
[2025-11-07T12:09:13-03:00] Rewire r_kk: objetivo=+0.00, alcanzado=-0.001, |Δ|=0.001, iters=0, tiempo=0.011s
[2025-11-07T12:09:13-03:00] <k>=5.20, p=0.005205, px1=0.05, r_kk_obj=+0.00, r_kk_fin=-0.001, ρ_kx_obj=0.00, ρ_kx_fin=-0.009 -> frac=0.000 | t(attrs)=0.011s, t(frac)=0.003s
[2025-11-07T12:09:13-03:00] <k>=5.20, p=0.005205, px1=0.05, r_kk_obj=+0.00, r_kk_fin=-0.001, ρ_kx_obj=0.11, ρ_kx_fin=+0.105 -> frac=0.001 | t(attrs)=0.015s, t(frac)=0.003s
[2025-11-07T12:09:13-03:00] <k>=5.20, p=0.005205, px1=0.05, r_kk_obj=+0.00, r_kk_fin=-0.001, ρ_kx_obj=0.23, ρ_kx_fin=+0.222 -> frac=0.010 | t(attrs)=0.044s, t(frac)=0.003s
[2025-11-07T12:09:13-03:00] <k>=5.20, p=0.005205, px1=0.05, r_kk_obj=+0.00, r_kk_fin=-0.001, ρ_kx_obj=0.34, ρ_kx_fin=+0.334 -> frac=0.006 | t(attrs)=0.129s, t(frac)=0.002s
[2025-11-07T12:09:13-03:00] <k>=5.20, p=0.005205, px1=0.05, r_kk_obj=+0.00, r_kk_fin=-0.001, ρ_kx_obj=0.46, ρ_kx_fin=+0.448 -> frac=0.011 | t(attrs)=0.406s, t(frac)=0.004s
[2025-11-07T12:09:13-03:00] <k>=5.20, p=0.005205, px1=0.05, r_kk_obj=+0.00, r_kk_fin=-0.001, ρ_kx_obj=0.57, ρ_kx_fin=+0.515 -> frac=0.009 | t(attrs)=3.943s, t(frac)=0.003s
[2025-11-07T12:09:13-03:00] <k>=5.20, p=0.005205, px1=0.05, r_kk_obj=+0.00, r_kk_fin=-0.001, ρ_kx_obj=0.69, ρ_kx_fin=+0.517 -> frac=0.009 | t(attrs)=3.887s, t(frac)=0.004s
[2025-11-07T12:09:13-03:00] <k>=5.20, p=0.005205, px1=0.05, r_kk_obj=+0.00, r_kk_fin=-0.001, ρ_kx_obj=0.80, ρ_kx_fin=+0.515 -> frac=0.010 | t(attrs)=3.510s, t(frac)=0.004s
[2025-11-07T12:09:13-03:00] Curva lista: <k>=5.20, px1=0.05, r_kk_obj=+0.00, r_kk_fin=-0.001, p=0.005205, t_curva=12.04s (t_gen=0.06s, t_rew=0.01s, t_rho_total=11.97s; t_attrs=11.95s, t_frac=0.03s)
[2025-11-07T12:09:14-03:00] Generada red ER: N=1000, <k>_obj=2.50, p=0.002503, L=1286, tiempo=0.066s
[2025-11-07T12:09:14-03:00] Rewire r_kk: objetivo=+0.00, alcanzado=+0.014, |Δ|=0.014, iters=34, tiempo=0.588s
[2025-11-07T12:09:14-03:00] <k>=2.50, p=0.002503, px1=0.05, r_kk_obj=+0.00, r_kk_fin=+0.014, ρ_kx_obj=0.00, ρ_kx_fin=-0.002 -> frac=0.016 | t(attrs)=0.001s, t(frac)=0.004s
[2025-11-07T12:09:14-03:00] <k>=2.50, p=0.002503, px1=0.05, r_kk_obj=+0.00, r_kk_fin=+0.014, ρ_kx_obj=0.11, ρ_kx_fin=+0.106 -> frac=0.016 | t(attrs)=0.022s, t(frac)=0.003s
[2025-11-07T12:09:14-03:00] <k>=2.50, p=0.002503, px1=0.05, r_kk_obj=+0.00, r_kk_fin=+0.014, ρ_kx_obj=0.23, ρ_kx_fin=+0.219 -> frac=0.020 | t(attrs)=0.075s, t(frac)=0.003s
[2025-11-07T12:09:14-03:00] <k>=2.50, p=0.002503, px1=0.05, r_kk_obj=+0.00, r_kk_fin=+0.014, ρ_kx_obj=0.34, ρ_kx_fin=+0.335 -> frac=0.031 | t(attrs)=0.246s, t(frac)=0.003s
[2025-11-07T12:09:14-03:00] <k>=2.50, p=0.002503, px1=0.05, r_kk_obj=+0.00, r_kk_fin=+0.014, ρ_kx_obj=0.46, ρ_kx_fin=+0.451 -> frac=0.040 | t(attrs)=0.404s, t(frac)=0.002s
[2025-11-07T12:09:14-03:00] <k>=2.50, p=0.002503, px1=0.05, r_kk_obj=+0.00, r_kk_fin=+0.014, ρ_kx_obj=0.57, ρ_kx_fin=+0.532 -> frac=0.034 | t(attrs)=3.790s, t(frac)=0.003s
[2025-11-07T12:09:14-03:00] <k>=2.50, p=0.002503, px1=0.05, r_kk_obj=+0.00, r_kk_fin=+0.014, ρ_kx_obj=0.69, ρ_kx_fin=+0.527 -> frac=0.035 | t(attrs)=3.908s, t(frac)=0.003s
[2025-11-07T12:09:14-03:00] <k>=2.50, p=0.002503, px1=0.05, r_kk_obj=+0.00, r_kk_fin=+0.014, ρ_kx_obj=0.80, ρ_kx_fin=+0.532 -> frac=0.037 | t(attrs)=3.701s, t(frac)=0.003s
[2025-11-07T12:09:14-03:00] Curva lista: <k>=2.50, px1=0.05, r_kk_obj=+0.00, r_kk_fin=+0.014, p=0.002503, t_curva=12.83s (t_gen=0.07s, t_rew=0.59s, t_rho_total=12.17s; t_attrs=12.15s, t_frac=0.02s)
[2025-11-07T12:09:26-03:00] Generada red ER: N=1000, <k>_obj=2.50, p=0.002503, L=1286, tiempo=0.064s
[2025-11-07T12:09:26-03:00] Rewire r_kk: objetivo=+0.50, alcanzado=+0.485, |Δ|=0.015, iters=1090, tiempo=19.109s
[2025-11-07T12:09:26-03:00] <k>=2.50, p=0.002503, px1=0.20, r_kk_obj=+0.50, r_kk_fin=+0.485, ρ_kx_obj=0.00, ρ_kx_fin=+0.009 -> frac=0.073 | t(attrs)=0.005s, t(frac)=0.003s
[2025-11-07T12:09:26-03:00] <k>=2.50, p=0.002503, px1=0.20, r_kk_obj=+0.50, r_kk_fin=+0.485, ρ_kx_obj=0.11, ρ_kx_fin=+0.105 -> frac=0.091 | t(attrs)=0.049s, t(frac)=0.003s
[2025-11-07T12:09:26-03:00] <k>=2.50, p=0.002503, px1=0.20, r_kk_obj=+0.50, r_kk_fin=+0.485, ρ_kx_obj=0.23, ρ_kx_fin=+0.219 -> frac=0.099 | t(attrs)=0.077s, t(frac)=0.003s
[2025-11-07T12:09:26-03:00] <k>=2.50, p=0.002503, px1=0.20, r_kk_obj=+0.50, r_kk_fin=+0.485, ρ_kx_obj=0.34, ρ_kx_fin=+0.336 -> frac=0.107 | t(attrs)=0.138s, t(frac)=0.003s
[2025-11-07T12:09:26-03:00] <k>=2.50, p=0.002503, px1=0.20, r_kk_obj=+0.50, r_kk_fin=+0.485, ρ_kx_obj=0.46, ρ_kx_fin=+0.449 -> frac=0.133 | t(attrs)=0.208s, t(frac)=0.003s
[2025-11-07T12:09:26-03:00] <k>=2.50, p=0.002503, px1=0.20, r_kk_obj=+0.50, r_kk_fin=+0.485, ρ_kx_obj=0.57, ρ_kx_fin=+0.564 -> frac=0.152 | t(attrs)=0.384s, t(frac)=0.003s
[2025-11-07T12:09:26-03:00] <k>=2.50, p=0.002503, px1=0.20, r_kk_obj=+0.50, r_kk_fin=+0.485, ρ_kx_obj=0.69, ρ_kx_fin=+0.678 -> frac=0.185 | t(attrs)=0.849s, t(frac)=0.002s
[2025-11-07T12:09:26-03:00] <k>=2.50, p=0.002503, px1=0.20, r_kk_obj=+0.50, r_kk_fin=+0.485, ρ_kx_obj=0.80, ρ_kx_fin=+0.733 -> frac=0.189 | t(attrs)=3.078s, t(frac)=0.003s
[2025-11-07T12:09:26-03:00] Curva lista: <k>=2.50, px1=0.20, r_kk_obj=+0.50, r_kk_fin=+0.485, p=0.002503, t_curva=23.99s (t_gen=0.06s, t_rew=19.11s, t_rho_total=4.81s; t_attrs=4.79s, t_frac=0.02s)
[2025-11-07T12:09:27-03:00] Generada red ER: N=1000, <k>_obj=2.50, p=0.002503, L=1286, tiempo=0.071s
[2025-11-07T12:09:27-03:00] Rewire r_kk: objetivo=+0.50, alcanzado=+0.485, |Δ|=0.015, iters=1090, tiempo=18.169s
[2025-11-07T12:09:27-03:00] <k>=2.50, p=0.002503, px1=0.10, r_kk_obj=+0.50, r_kk_fin=+0.485, ρ_kx_obj=0.00, ρ_kx_fin=+0.008 -> frac=0.025 | t(attrs)=0.003s, t(frac)=0.003s
[2025-11-07T12:09:27-03:00] <k>=2.50, p=0.002503, px1=0.10, r_kk_obj=+0.50, r_kk_fin=+0.485, ρ_kx_obj=0.11, ρ_kx_fin=+0.107 -> frac=0.032 | t(attrs)=0.039s, t(frac)=0.003s
[2025-11-07T12:09:27-03:00] <k>=2.50, p=0.002503, px1=0.10, r_kk_obj=+0.50, r_kk_fin=+0.485, ρ_kx_obj=0.23, ρ_kx_fin=+0.221 -> frac=0.047 | t(attrs)=0.093s, t(frac)=0.003s
[2025-11-07T12:09:27-03:00] <k>=2.50, p=0.002503, px1=0.10, r_kk_obj=+0.50, r_kk_fin=+0.485, ρ_kx_obj=0.34, ρ_kx_fin=+0.335 -> frac=0.028 | t(attrs)=0.136s, t(frac)=0.003s
[2025-11-07T12:09:27-03:00] <k>=2.50, p=0.002503, px1=0.10, r_kk_obj=+0.50, r_kk_fin=+0.485, ρ_kx_obj=0.46, ρ_kx_fin=+0.449 -> frac=0.050 | t(attrs)=0.281s, t(frac)=0.003s
[2025-11-07T12:09:27-03:00] <k>=2.50, p=0.002503, px1=0.10, r_kk_obj=+0.50, r_kk_fin=+0.485, ρ_kx_obj=0.57, ρ_kx_fin=+0.563 -> frac=0.060 | t(attrs)=0.667s, t(frac)=0.004s
[2025-11-07T12:09:27-03:00] <k>=2.50, p=0.002503, px1=0.10, r_kk_obj=+0.50, r_kk_fin=+0.485, ρ_kx_obj=0.69, ρ_kx_fin=+0.643 -> frac=0.064 | t(attrs)=2.970s, t(frac)=0.003s
[2025-11-07T12:09:27-03:00] <k>=2.50, p=0.002503, px1=0.10, r_kk_obj=+0.50, r_kk_fin=+0.485, ρ_kx_obj=0.80, ρ_kx_fin=+0.639 -> frac=0.059 | t(attrs)=2.708s, t(frac)=0.003s
[2025-11-07T12:09:27-03:00] Curva lista: <k>=2.50, px1=0.10, r_kk_obj=+0.50, r_kk_fin=+0.485, p=0.002503, t_curva=25.16s (t_gen=0.07s, t_rew=18.17s, t_rho_total=6.92s; t_attrs=6.90s, t_frac=0.03s)
[2025-11-07T12:09:29-03:00] Generada red ER: N=1000, <k>_obj=2.50, p=0.002503, L=1286, tiempo=0.064s
[2025-11-07T12:09:29-03:00] Rewire r_kk: objetivo=-0.50, alcanzado=-0.485, |Δ|=0.015, iters=1432, tiempo=23.350s
[2025-11-07T12:09:29-03:00] <k>=2.50, p=0.002503, px1=0.20, r_kk_obj=-0.50, r_kk_fin=-0.485, ρ_kx_obj=0.00, ρ_kx_fin=-0.009 -> frac=0.078 | t(attrs)=0.018s, t(frac)=0.003s
[2025-11-07T12:09:29-03:00] <k>=2.50, p=0.002503, px1=0.20, r_kk_obj=-0.50, r_kk_fin=-0.485, ρ_kx_obj=0.11, ρ_kx_fin=+0.105 -> frac=0.096 | t(attrs)=0.046s, t(frac)=0.003s
[2025-11-07T12:09:29-03:00] <k>=2.50, p=0.002503, px1=0.20, r_kk_obj=-0.50, r_kk_fin=-0.485, ρ_kx_obj=0.23, ρ_kx_fin=+0.222 -> frac=0.161 | t(attrs)=0.060s, t(frac)=0.002s
[2025-11-07T12:09:29-03:00] <k>=2.50, p=0.002503, px1=0.20, r_kk_obj=-0.50, r_kk_fin=-0.485, ρ_kx_obj=0.34, ρ_kx_fin=+0.335 -> frac=0.177 | t(attrs)=0.078s, t(frac)=0.003s
[2025-11-07T12:09:29-03:00] <k>=2.50, p=0.002503, px1=0.20, r_kk_obj=-0.50, r_kk_fin=-0.485, ρ_kx_obj=0.46, ρ_kx_fin=+0.450 -> frac=0.206 | t(attrs)=0.233s, t(frac)=0.002s
[2025-11-07T12:09:29-03:00] <k>=2.50, p=0.002503, px1=0.20, r_kk_obj=-0.50, r_kk_fin=-0.485, ρ_kx_obj=0.57, ρ_kx_fin=+0.564 -> frac=0.258 | t(attrs)=0.398s, t(frac)=0.002s
[2025-11-07T12:09:29-03:00] <k>=2.50, p=0.002503, px1=0.20, r_kk_obj=-0.50, r_kk_fin=-0.485, ρ_kx_obj=0.69, ρ_kx_fin=+0.679 -> frac=0.314 | t(attrs)=0.726s, t(frac)=0.003s
[2025-11-07T12:09:29-03:00] <k>=2.50, p=0.002503, px1=0.20, r_kk_obj=-0.50, r_kk_fin=-0.485, ρ_kx_obj=0.80, ρ_kx_fin=+0.732 -> frac=0.336 | t(attrs)=2.716s, t(frac)=0.002s
[2025-11-07T12:09:29-03:00] Curva lista: <k>=2.50, px1=0.20, r_kk_obj=-0.50, r_kk_fin=-0.485, p=0.002503, t_curva=27.71s (t_gen=0.06s, t_rew=23.35s, t_rho_total=4.29s; t_attrs=4.27s, t_frac=0.02s)
[2025-11-07T12:09:30-03:00] Generada red ER: N=1000, <k>_obj=2.50, p=0.002503, L=1286, tiempo=0.071s
[2025-11-07T12:09:30-03:00] Rewire r_kk: objetivo=+0.50, alcanzado=+0.485, |Δ|=0.015, iters=1090, tiempo=18.606s
[2025-11-07T12:09:30-03:00] <k>=2.50, p=0.002503, px1=0.05, r_kk_obj=+0.50, r_kk_fin=+0.485, ρ_kx_obj=0.00, ρ_kx_fin=+0.010 -> frac=0.009 | t(attrs)=0.002s, t(frac)=0.002s
[2025-11-07T12:09:30-03:00] <k>=2.50, p=0.002503, px1=0.05, r_kk_obj=+0.50, r_kk_fin=+0.485, ρ_kx_obj=0.11, ρ_kx_fin=+0.109 -> frac=0.012 | t(attrs)=0.029s, t(frac)=0.003s
[2025-11-07T12:09:30-03:00] <k>=2.50, p=0.002503, px1=0.05, r_kk_obj=+0.50, r_kk_fin=+0.485, ρ_kx_obj=0.23, ρ_kx_fin=+0.219 -> frac=0.013 | t(attrs)=0.047s, t(frac)=0.003s
[2025-11-07T12:09:30-03:00] <k>=2.50, p=0.002503, px1=0.05, r_kk_obj=+0.50, r_kk_fin=+0.485, ρ_kx_obj=0.34, ρ_kx_fin=+0.335 -> frac=0.016 | t(attrs)=0.144s, t(frac)=0.003s
[2025-11-07T12:09:30-03:00] <k>=2.50, p=0.002503, px1=0.05, r_kk_obj=+0.50, r_kk_fin=+0.485, ρ_kx_obj=0.46, ρ_kx_fin=+0.451 -> frac=0.012 | t(attrs)=0.410s, t(frac)=0.004s
[2025-11-07T12:09:30-03:00] <k>=2.50, p=0.002503, px1=0.05, r_kk_obj=+0.50, r_kk_fin=+0.485, ρ_kx_obj=0.57, ρ_kx_fin=+0.529 -> frac=0.022 | t(attrs)=3.094s, t(frac)=0.002s
[2025-11-07T12:09:30-03:00] <k>=2.50, p=0.002503, px1=0.05, r_kk_obj=+0.50, r_kk_fin=+0.485, ρ_kx_obj=0.69, ρ_kx_fin=+0.532 -> frac=0.018 | t(attrs)=2.997s, t(frac)=0.002s
[2025-11-07T12:09:30-03:00] <k>=2.50, p=0.002503, px1=0.05, r_kk_obj=+0.50, r_kk_fin=+0.485, ρ_kx_obj=0.80, ρ_kx_fin=+0.529 -> frac=0.019 | t(attrs)=2.771s, t(frac)=0.002s
[2025-11-07T12:09:30-03:00] Curva lista: <k>=2.50, px1=0.05, r_kk_obj=+0.50, r_kk_fin=+0.485, p=0.002503, t_curva=28.19s (t_gen=0.07s, t_rew=18.61s, t_rho_total=9.52s; t_attrs=9.50s, t_frac=0.02s)
[2025-11-07T12:09:32-03:00] Generada red ER: N=1000, <k>_obj=2.50, p=0.002503, L=1286, tiempo=0.072s
[2025-11-07T12:09:32-03:00] Rewire r_kk: objetivo=-0.50, alcanzado=-0.485, |Δ|=0.015, iters=1432, tiempo=23.707s
[2025-11-07T12:09:32-03:00] <k>=2.50, p=0.002503, px1=0.10, r_kk_obj=-0.50, r_kk_fin=-0.485, ρ_kx_obj=0.00, ρ_kx_fin=+0.006 -> frac=0.034 | t(attrs)=0.002s, t(frac)=0.002s
[2025-11-07T12:09:32-03:00] <k>=2.50, p=0.002503, px1=0.10, r_kk_obj=-0.50, r_kk_fin=-0.485, ρ_kx_obj=0.11, ρ_kx_fin=+0.107 -> frac=0.048 | t(attrs)=0.014s, t(frac)=0.003s
[2025-11-07T12:09:32-03:00] <k>=2.50, p=0.002503, px1=0.10, r_kk_obj=-0.50, r_kk_fin=-0.485, ρ_kx_obj=0.23, ρ_kx_fin=+0.219 -> frac=0.068 | t(attrs)=0.079s, t(frac)=0.002s
[2025-11-07T12:09:32-03:00] <k>=2.50, p=0.002503, px1=0.10, r_kk_obj=-0.50, r_kk_fin=-0.485, ρ_kx_obj=0.34, ρ_kx_fin=+0.335 -> frac=0.100 | t(attrs)=0.125s, t(frac)=0.003s
[2025-11-07T12:09:32-03:00] <k>=2.50, p=0.002503, px1=0.10, r_kk_obj=-0.50, r_kk_fin=-0.485, ρ_kx_obj=0.46, ρ_kx_fin=+0.449 -> frac=0.113 | t(attrs)=0.226s, t(frac)=0.002s
[2025-11-07T12:09:32-03:00] <k>=2.50, p=0.002503, px1=0.10, r_kk_obj=-0.50, r_kk_fin=-0.485, ρ_kx_obj=0.57, ρ_kx_fin=+0.565 -> frac=0.157 | t(attrs)=0.525s, t(frac)=0.003s
[2025-11-07T12:09:32-03:00] <k>=2.50, p=0.002503, px1=0.10, r_kk_obj=-0.50, r_kk_fin=-0.485, ρ_kx_obj=0.69, ρ_kx_fin=+0.639 -> frac=0.178 | t(attrs)=2.969s, t(frac)=0.003s
[2025-11-07T12:09:32-03:00] <k>=2.50, p=0.002503, px1=0.10, r_kk_obj=-0.50, r_kk_fin=-0.485, ρ_kx_obj=0.80, ρ_kx_fin=+0.643 -> frac=0.180 | t(attrs)=2.696s, t(frac)=0.003s
[2025-11-07T12:09:32-03:00] Curva lista: <k>=2.50, px1=0.10, r_kk_obj=-0.50, r_kk_fin=-0.485, p=0.002503, t_curva=30.44s (t_gen=0.07s, t_rew=23.71s, t_rho_total=6.66s; t_attrs=6.64s, t_frac=0.02s)
[2025-11-07T12:09:34-03:00] Generada red ER: N=1000, <k>_obj=2.50, p=0.002503, L=1286, tiempo=0.064s
[2025-11-07T12:09:34-03:00] Rewire r_kk: objetivo=-0.50, alcanzado=-0.485, |Δ|=0.015, iters=1432, tiempo=23.449s
[2025-11-07T12:09:34-03:00] <k>=2.50, p=0.002503, px1=0.05, r_kk_obj=-0.50, r_kk_fin=-0.485, ρ_kx_obj=0.00, ρ_kx_fin=-0.002 -> frac=0.010 | t(attrs)=0.001s, t(frac)=0.002s
[2025-11-07T12:09:34-03:00] <k>=2.50, p=0.002503, px1=0.05, r_kk_obj=-0.50, r_kk_fin=-0.485, ρ_kx_obj=0.11, ρ_kx_fin=+0.106 -> frac=0.014 | t(attrs)=0.020s, t(frac)=0.002s
[2025-11-07T12:09:34-03:00] <k>=2.50, p=0.002503, px1=0.05, r_kk_obj=-0.50, r_kk_fin=-0.485, ρ_kx_obj=0.23, ρ_kx_fin=+0.219 -> frac=0.030 | t(attrs)=0.028s, t(frac)=0.003s
[2025-11-07T12:09:34-03:00] <k>=2.50, p=0.002503, px1=0.05, r_kk_obj=-0.50, r_kk_fin=-0.485, ρ_kx_obj=0.34, ρ_kx_fin=+0.338 -> frac=0.048 | t(attrs)=0.109s, t(frac)=0.002s
[2025-11-07T12:09:34-03:00] <k>=2.50, p=0.002503, px1=0.05, r_kk_obj=-0.50, r_kk_fin=-0.485, ρ_kx_obj=0.46, ρ_kx_fin=+0.448 -> frac=0.079 | t(attrs)=0.458s, t(frac)=0.002s
[2025-11-07T12:09:34-03:00] <k>=2.50, p=0.002503, px1=0.05, r_kk_obj=-0.50, r_kk_fin=-0.485, ρ_kx_obj=0.57, ρ_kx_fin=+0.532 -> frac=0.099 | t(attrs)=2.723s, t(frac)=0.003s
[2025-11-07T12:09:34-03:00] <k>=2.50, p=0.002503, px1=0.05, r_kk_obj=-0.50, r_kk_fin=-0.485, ρ_kx_obj=0.69, ρ_kx_fin=+0.529 -> frac=0.093 | t(attrs)=2.651s, t(frac)=0.003s
[2025-11-07T12:09:34-03:00] <k>=2.50, p=0.002503, px1=0.05, r_kk_obj=-0.50, r_kk_fin=-0.485, ρ_kx_obj=0.80, ρ_kx_fin=+0.527 -> frac=0.098 | t(attrs)=2.722s, t(frac)=0.002s
[2025-11-07T12:09:34-03:00] Curva lista: <k>=2.50, px1=0.05, r_kk_obj=-0.50, r_kk_fin=-0.485, p=0.002503, t_curva=32.24s (t_gen=0.06s, t_rew=23.45s, t_rho_total=8.73s; t_attrs=8.71s, t_frac=0.02s)
[2025-11-07T12:09:48-03:00] Generada red ER: N=1000, <k>_obj=5.20, p=0.005205, L=2603, tiempo=0.122s
[2025-11-07T12:09:48-03:00] Rewire r_kk: objetivo=+0.50, alcanzado=+0.486, |Δ|=0.014, iters=2433, tiempo=43.153s
[2025-11-07T12:09:48-03:00] <k>=5.20, p=0.005205, px1=0.20, r_kk_obj=+0.50, r_kk_fin=+0.486, ρ_kx_obj=0.00, ρ_kx_fin=+0.008 -> frac=0.050 | t(attrs)=0.011s, t(frac)=0.002s
[2025-11-07T12:09:48-03:00] <k>=5.20, p=0.005205, px1=0.20, r_kk_obj=+0.50, r_kk_fin=+0.486, ρ_kx_obj=0.11, ρ_kx_fin=+0.106 -> frac=0.042 | t(attrs)=0.022s, t(frac)=0.004s
[2025-11-07T12:09:48-03:00] <k>=5.20, p=0.005205, px1=0.20, r_kk_obj=+0.50, r_kk_fin=+0.486, ρ_kx_obj=0.23, ρ_kx_fin=+0.224 -> frac=0.064 | t(attrs)=0.059s, t(frac)=0.002s
[2025-11-07T12:09:48-03:00] <k>=5.20, p=0.005205, px1=0.20, r_kk_obj=+0.50, r_kk_fin=+0.486, ρ_kx_obj=0.34, ρ_kx_fin=+0.333 -> frac=0.066 | t(attrs)=0.093s, t(frac)=0.002s
[2025-11-07T12:09:48-03:00] <k>=5.20, p=0.005205, px1=0.20, r_kk_obj=+0.50, r_kk_fin=+0.486, ρ_kx_obj=0.46, ρ_kx_fin=+0.447 -> frac=0.090 | t(attrs)=0.132s, t(frac)=0.002s
[2025-11-07T12:09:48-03:00] <k>=5.20, p=0.005205, px1=0.20, r_kk_obj=+0.50, r_kk_fin=+0.486, ρ_kx_obj=0.57, ρ_kx_fin=+0.562 -> frac=0.115 | t(attrs)=0.264s, t(frac)=0.003s
[2025-11-07T12:09:48-03:00] <k>=5.20, p=0.005205, px1=0.20, r_kk_obj=+0.50, r_kk_fin=+0.486, ρ_kx_obj=0.69, ρ_kx_fin=+0.676 -> frac=0.149 | t(attrs)=0.655s, t(frac)=0.003s
[2025-11-07T12:09:48-03:00] <k>=5.20, p=0.005205, px1=0.20, r_kk_obj=+0.50, r_kk_fin=+0.486, ρ_kx_obj=0.80, ρ_kx_fin=+0.730 -> frac=0.164 | t(attrs)=2.260s, t(frac)=0.004s
[2025-11-07T12:09:48-03:00] Curva lista: <k>=5.20, px1=0.20, r_kk_obj=+0.50, r_kk_fin=+0.486, p=0.005205, t_curva=46.80s (t_gen=0.12s, t_rew=43.15s, t_rho_total=3.52s; t_attrs=3.50s, t_frac=0.02s)
[2025-11-07T12:09:50-03:00] Generada red ER: N=1000, <k>_obj=5.20, p=0.005205, L=2603, tiempo=0.064s
[2025-11-07T12:09:50-03:00] Rewire r_kk: objetivo=+0.50, alcanzado=+0.486, |Δ|=0.014, iters=2433, tiempo=43.061s
[2025-11-07T12:09:50-03:00] <k>=5.20, p=0.005205, px1=0.10, r_kk_obj=+0.50, r_kk_fin=+0.486, ρ_kx_obj=0.00, ρ_kx_fin=-0.007 -> frac=0.007 | t(attrs)=0.001s, t(frac)=0.003s
[2025-11-07T12:09:50-03:00] <k>=5.20, p=0.005205, px1=0.10, r_kk_obj=+0.50, r_kk_fin=+0.486, ρ_kx_obj=0.11, ρ_kx_fin=+0.107 -> frac=0.008 | t(attrs)=0.024s, t(frac)=0.002s
[2025-11-07T12:09:50-03:00] <k>=5.20, p=0.005205, px1=0.10, r_kk_obj=+0.50, r_kk_fin=+0.486, ρ_kx_obj=0.23, ρ_kx_fin=+0.220 -> frac=0.007 | t(attrs)=0.047s, t(frac)=0.003s
[2025-11-07T12:09:50-03:00] <k>=5.20, p=0.005205, px1=0.10, r_kk_obj=+0.50, r_kk_fin=+0.486, ρ_kx_obj=0.34, ρ_kx_fin=+0.334 -> frac=0.015 | t(attrs)=0.106s, t(frac)=0.002s
[2025-11-07T12:09:50-03:00] <k>=5.20, p=0.005205, px1=0.10, r_kk_obj=+0.50, r_kk_fin=+0.486, ρ_kx_obj=0.46, ρ_kx_fin=+0.448 -> frac=0.020 | t(attrs)=0.147s, t(frac)=0.002s
[2025-11-07T12:09:50-03:00] <k>=5.20, p=0.005205, px1=0.10, r_kk_obj=+0.50, r_kk_fin=+0.486, ρ_kx_obj=0.57, ρ_kx_fin=+0.562 -> frac=0.026 | t(attrs)=0.501s, t(frac)=0.002s
[2025-11-07T12:09:50-03:00] <k>=5.20, p=0.005205, px1=0.10, r_kk_obj=+0.50, r_kk_fin=+0.486, ρ_kx_obj=0.69, ρ_kx_fin=+0.631 -> frac=0.034 | t(attrs)=2.443s, t(frac)=0.002s
[2025-11-07T12:09:50-03:00] <k>=5.20, p=0.005205, px1=0.10, r_kk_obj=+0.50, r_kk_fin=+0.486, ρ_kx_obj=0.80, ρ_kx_fin=+0.627 -> frac=0.034 | t(attrs)=2.326s, t(frac)=0.002s
[2025-11-07T12:09:50-03:00] Curva lista: <k>=5.20, px1=0.10, r_kk_obj=+0.50, r_kk_fin=+0.486, p=0.005205, t_curva=48.74s (t_gen=0.06s, t_rew=43.06s, t_rho_total=5.61s; t_attrs=5.60s, t_frac=0.02s)
[2025-11-07T12:09:51-03:00] Generada red ER: N=1000, <k>_obj=5.20, p=0.005205, L=2603, tiempo=0.058s
[2025-11-07T12:09:51-03:00] Rewire r_kk: objetivo=+0.50, alcanzado=+0.486, |Δ|=0.014, iters=2433, tiempo=42.770s
[2025-11-07T12:09:51-03:00] <k>=5.20, p=0.005205, px1=0.05, r_kk_obj=+0.50, r_kk_fin=+0.486, ρ_kx_obj=0.00, ρ_kx_fin=+0.008 -> frac=0.002 | t(attrs)=0.002s, t(frac)=0.003s
[2025-11-07T12:09:51-03:00] <k>=5.20, p=0.005205, px1=0.05, r_kk_obj=+0.50, r_kk_fin=+0.486, ρ_kx_obj=0.11, ρ_kx_fin=+0.107 -> frac=0.001 | t(attrs)=0.013s, t(frac)=0.002s
[2025-11-07T12:09:51-03:00] <k>=5.20, p=0.005205, px1=0.05, r_kk_obj=+0.50, r_kk_fin=+0.486, ρ_kx_obj=0.23, ρ_kx_fin=+0.222 -> frac=0.003 | t(attrs)=0.046s, t(frac)=0.002s
[2025-11-07T12:09:51-03:00] <k>=5.20, p=0.005205, px1=0.05, r_kk_obj=+0.50, r_kk_fin=+0.486, ρ_kx_obj=0.34, ρ_kx_fin=+0.334 -> frac=0.002 | t(attrs)=0.104s, t(frac)=0.002s
[2025-11-07T12:09:51-03:00] <k>=5.20, p=0.005205, px1=0.05, r_kk_obj=+0.50, r_kk_fin=+0.486, ρ_kx_obj=0.46, ρ_kx_fin=+0.448 -> frac=0.003 | t(attrs)=0.247s, t(frac)=0.002s
[2025-11-07T12:09:51-03:00] <k>=5.20, p=0.005205, px1=0.05, r_kk_obj=+0.50, r_kk_fin=+0.486, ρ_kx_obj=0.57, ρ_kx_fin=+0.517 -> frac=0.006 | t(attrs)=2.433s, t(frac)=0.004s
[2025-11-07T12:09:51-03:00] <k>=5.20, p=0.005205, px1=0.05, r_kk_obj=+0.50, r_kk_fin=+0.486, ρ_kx_obj=0.69, ρ_kx_fin=+0.515 -> frac=0.008 | t(attrs)=2.386s, t(frac)=0.002s
[2025-11-07T12:09:51-03:00] <k>=5.20, p=0.005205, px1=0.05, r_kk_obj=+0.50, r_kk_fin=+0.486, ρ_kx_obj=0.80, ρ_kx_fin=+0.513 -> frac=0.009 | t(attrs)=2.056s, t(frac)=0.002s
[2025-11-07T12:09:51-03:00] Curva lista: <k>=5.20, px1=0.05, r_kk_obj=+0.50, r_kk_fin=+0.486, p=0.005205, t_curva=50.14s (t_gen=0.06s, t_rew=42.77s, t_rho_total=7.31s; t_attrs=7.29s, t_frac=0.02s)
[2025-11-07T12:09:52-03:00] Generada red ER: N=1000, <k>_obj=5.20, p=0.005205, L=2603, tiempo=0.084s
[2025-11-07T12:09:52-03:00] Rewire r_kk: objetivo=-0.50, alcanzado=-0.485, |Δ|=0.015, iters=2716, tiempo=47.167s
[2025-11-07T12:09:52-03:00] <k>=5.20, p=0.005205, px1=0.20, r_kk_obj=-0.50, r_kk_fin=-0.485, ρ_kx_obj=0.00, ρ_kx_fin=-0.009 -> frac=0.041 | t(attrs)=0.001s, t(frac)=0.002s
[2025-11-07T12:09:52-03:00] <k>=5.20, p=0.005205, px1=0.20, r_kk_obj=-0.50, r_kk_fin=-0.485, ρ_kx_obj=0.11, ρ_kx_fin=+0.109 -> frac=0.063 | t(attrs)=0.011s, t(frac)=0.002s
[2025-11-07T12:09:52-03:00] <k>=5.20, p=0.005205, px1=0.20, r_kk_obj=-0.50, r_kk_fin=-0.485, ρ_kx_obj=0.23, ρ_kx_fin=+0.221 -> frac=0.097 | t(attrs)=0.052s, t(frac)=0.003s
[2025-11-07T12:09:52-03:00] <k>=5.20, p=0.005205, px1=0.20, r_kk_obj=-0.50, r_kk_fin=-0.485, ρ_kx_obj=0.34, ρ_kx_fin=+0.342 -> frac=0.130 | t(attrs)=0.068s, t(frac)=0.002s
[2025-11-07T12:09:52-03:00] <k>=5.20, p=0.005205, px1=0.20, r_kk_obj=-0.50, r_kk_fin=-0.485, ρ_kx_obj=0.46, ρ_kx_fin=+0.448 -> frac=0.177 | t(attrs)=0.128s, t(frac)=0.002s
[2025-11-07T12:09:52-03:00] <k>=5.20, p=0.005205, px1=0.20, r_kk_obj=-0.50, r_kk_fin=-0.485, ρ_kx_obj=0.57, ρ_kx_fin=+0.564 -> frac=0.216 | t(attrs)=0.271s, t(frac)=0.003s
[2025-11-07T12:09:52-03:00] <k>=5.20, p=0.005205, px1=0.20, r_kk_obj=-0.50, r_kk_fin=-0.485, ρ_kx_obj=0.69, ρ_kx_fin=+0.676 -> frac=0.249 | t(attrs)=0.653s, t(frac)=0.003s
[2025-11-07T12:09:52-03:00] <k>=5.20, p=0.005205, px1=0.20, r_kk_obj=-0.50, r_kk_fin=-0.485, ρ_kx_obj=0.80, ρ_kx_fin=+0.730 -> frac=0.276 | t(attrs)=2.030s, t(frac)=0.003s
[2025-11-07T12:09:52-03:00] Curva lista: <k>=5.20, px1=0.20, r_kk_obj=-0.50, r_kk_fin=-0.485, p=0.005205, t_curva=50.49s (t_gen=0.08s, t_rew=47.17s, t_rho_total=3.23s; t_attrs=3.21s, t_frac=0.02s)
[2025-11-07T12:09:52-03:00] Generada red ER: N=1000, <k>_obj=5.20, p=0.005205, L=2603, tiempo=0.068s
[2025-11-07T12:09:52-03:00] Rewire r_kk: objetivo=-0.50, alcanzado=-0.485, |Δ|=0.015, iters=2716, tiempo=46.706s
[2025-11-07T12:09:52-03:00] <k>=5.20, p=0.005205, px1=0.10, r_kk_obj=-0.50, r_kk_fin=-0.485, ρ_kx_obj=0.00, ρ_kx_fin=+0.007 -> frac=0.010 | t(attrs)=0.001s, t(frac)=0.004s
[2025-11-07T12:09:52-03:00] <k>=5.20, p=0.005205, px1=0.10, r_kk_obj=-0.50, r_kk_fin=-0.485, ρ_kx_obj=0.11, ρ_kx_fin=+0.107 -> frac=0.019 | t(attrs)=0.028s, t(frac)=0.004s
[2025-11-07T12:09:52-03:00] <k>=5.20, p=0.005205, px1=0.10, r_kk_obj=-0.50, r_kk_fin=-0.485, ρ_kx_obj=0.23, ρ_kx_fin=+0.221 -> frac=0.026 | t(attrs)=0.079s, t(frac)=0.003s
[2025-11-07T12:09:52-03:00] <k>=5.20, p=0.005205, px1=0.10, r_kk_obj=-0.50, r_kk_fin=-0.485, ρ_kx_obj=0.34, ρ_kx_fin=+0.334 -> frac=0.044 | t(attrs)=0.092s, t(frac)=0.003s
[2025-11-07T12:09:52-03:00] <k>=5.20, p=0.005205, px1=0.10, r_kk_obj=-0.50, r_kk_fin=-0.485, ρ_kx_obj=0.46, ρ_kx_fin=+0.449 -> frac=0.064 | t(attrs)=0.185s, t(frac)=0.002s
[2025-11-07T12:09:52-03:00] <k>=5.20, p=0.005205, px1=0.10, r_kk_obj=-0.50, r_kk_fin=-0.485, ρ_kx_obj=0.57, ρ_kx_fin=+0.566 -> frac=0.103 | t(attrs)=0.391s, t(frac)=0.003s
[2025-11-07T12:09:52-03:00] <k>=5.20, p=0.005205, px1=0.10, r_kk_obj=-0.50, r_kk_fin=-0.485, ρ_kx_obj=0.69, ρ_kx_fin=+0.622 -> frac=0.118 | t(attrs)=2.120s, t(frac)=0.002s
[2025-11-07T12:09:52-03:00] <k>=5.20, p=0.005205, px1=0.10, r_kk_obj=-0.50, r_kk_fin=-0.485, ρ_kx_obj=0.80, ρ_kx_fin=+0.628 -> frac=0.119 | t(attrs)=1.887s, t(frac)=0.002s
[2025-11-07T12:09:52-03:00] Curva lista: <k>=5.20, px1=0.10, r_kk_obj=-0.50, r_kk_fin=-0.485, p=0.005205, t_curva=51.58s (t_gen=0.07s, t_rew=46.71s, t_rho_total=4.81s; t_attrs=4.78s, t_frac=0.02s)
[2025-11-07T12:09:54-03:00] Generada red ER: N=1000, <k>_obj=5.20, p=0.005205, L=2603, tiempo=0.049s
[2025-11-07T12:09:54-03:00] Rewire r_kk: objetivo=-0.50, alcanzado=-0.485, |Δ|=0.015, iters=2716, tiempo=47.208s
[2025-11-07T12:09:54-03:00] <k>=5.20, p=0.005205, px1=0.05, r_kk_obj=-0.50, r_kk_fin=-0.485, ρ_kx_obj=0.00, ρ_kx_fin=+0.010 -> frac=0.002 | t(attrs)=0.001s, t(frac)=0.002s
[2025-11-07T12:09:54-03:00] <k>=5.20, p=0.005205, px1=0.05, r_kk_obj=-0.50, r_kk_fin=-0.485, ρ_kx_obj=0.11, ρ_kx_fin=+0.105 -> frac=0.007 | t(attrs)=0.013s, t(frac)=0.002s
[2025-11-07T12:09:54-03:00] <k>=5.20, p=0.005205, px1=0.05, r_kk_obj=-0.50, r_kk_fin=-0.485, ρ_kx_obj=0.23, ρ_kx_fin=+0.224 -> frac=0.007 | t(attrs)=0.031s, t(frac)=0.002s
[2025-11-07T12:09:54-03:00] <k>=5.20, p=0.005205, px1=0.05, r_kk_obj=-0.50, r_kk_fin=-0.485, ρ_kx_obj=0.34, ρ_kx_fin=+0.336 -> frac=0.024 | t(attrs)=0.076s, t(frac)=0.002s
[2025-11-07T12:09:54-03:00] <k>=5.20, p=0.005205, px1=0.05, r_kk_obj=-0.50, r_kk_fin=-0.485, ρ_kx_obj=0.46, ρ_kx_fin=+0.448 -> frac=0.042 | t(attrs)=0.343s, t(frac)=0.002s
[2025-11-07T12:09:54-03:00] <k>=5.20, p=0.005205, px1=0.05, r_kk_obj=-0.50, r_kk_fin=-0.485, ρ_kx_obj=0.57, ρ_kx_fin=+0.515 -> frac=0.050 | t(attrs)=2.179s, t(frac)=0.002s
[2025-11-07T12:09:54-03:00] <k>=5.20, p=0.005205, px1=0.05, r_kk_obj=-0.50, r_kk_fin=-0.485, ρ_kx_obj=0.69, ρ_kx_fin=+0.513 -> frac=0.046 | t(attrs)=1.936s, t(frac)=0.002s
[2025-11-07T12:09:54-03:00] <k>=5.20, p=0.005205, px1=0.05, r_kk_obj=-0.50, r_kk_fin=-0.485, ρ_kx_obj=0.80, ρ_kx_fin=+0.513 -> frac=0.049 | t(attrs)=1.725s, t(frac)=0.002s
[2025-11-07T12:09:54-03:00] Curva lista: <k>=5.20, px1=0.05, r_kk_obj=-0.50, r_kk_fin=-0.485, p=0.005205, t_curva=53.58s (t_gen=0.05s, t_rew=47.21s, t_rho_total=6.32s; t_attrs=6.30s, t_frac=0.02s)
[2025-11-07T12:09:54-03:00] Generando figura...
[2025-11-07T12:09:56-03:00] Figuras guardadas en: run-e2r\251107120857_N1000\fig3_ER.png y run-e2r\251107120857_N1000\fig3_ER.pdf
[2025-11-07T12:09:56-03:00] Fin experimento Fig3-ER | tiempo total=58.47s (~0.97 min) | carpeta=run-e2r\251107120857_N1000
